{"uid":"5e3b52bb1267932f","name":"test_network_cut_affecting_an_instance","fullName":"tests.integration.integration.high_availability.test_self_healing_network_cut#test_network_cut_affecting_an_instance","historyId":"21e415b55e2a4ba0c5fda29185ef1adc","time":{"start":1767404833632,"stop":1767404912473,"duration":78841},"description":"Test for a network cut affecting an instance.","descriptionHtml":"<p>Test for a network cut affecting an instance.</p>\n","status":"broken","statusMessage":"TimeoutError: timed out waiting for action, stderr:\nRunning operation 21 with 1 task\n  - task 22 on unit-mysql-k8s-2\n\nWaiting for task 22...\nERROR timed out waiting for results from: unit mysql-k8s/2","statusTrace":"Traceback (most recent call last):\n  File \"/root/spread_project/.tox/integration/lib/python3.12/site-packages/_pytest/runner.py\", line 341, in from_call\n    result: Optional[TResult] = func()\n                                ^^^^^^\n  File \"/root/spread_project/.tox/integration/lib/python3.12/site-packages/_pytest/runner.py\", line 262, in <lambda>\n    lambda: ihook(item=item, **kwds), when=when, reraise=reraise\n            ^^^^^^^^^^^^^^^^^^^^^^^^\n  File \"/root/spread_project/.tox/integration/lib/python3.12/site-packages/pluggy/_hooks.py\", line 513, in __call__\n    return self._hookexec(self.name, self._hookimpls.copy(), kwargs, firstresult)\n           ^^^^^^^^^^^^^^^^^^^^^^^^^^^^^^^^^^^^^^^^^^^^^^^^^^^^^^^^^^^^^^^^^^^^^^\n  File \"/root/spread_project/.tox/integration/lib/python3.12/site-packages/pluggy/_manager.py\", line 120, in _hookexec\n    return self._inner_hookexec(hook_name, methods, kwargs, firstresult)\n           ^^^^^^^^^^^^^^^^^^^^^^^^^^^^^^^^^^^^^^^^^^^^^^^^^^^^^^^^^^^^^\n  File \"/root/spread_project/.tox/integration/lib/python3.12/site-packages/pluggy/_callers.py\", line 182, in _multicall\n    return outcome.get_result()\n           ^^^^^^^^^^^^^^^^^^^^\n  File \"/root/spread_project/.tox/integration/lib/python3.12/site-packages/pluggy/_result.py\", line 100, in get_result\n    raise exc.with_traceback(exc.__traceback__)\n  File \"/root/spread_project/.tox/integration/lib/python3.12/site-packages/pluggy/_callers.py\", line 103, in _multicall\n    res = hook_impl.function(*args)\n          ^^^^^^^^^^^^^^^^^^^^^^^^^\n  File \"/root/spread_project/.tox/integration/lib/python3.12/site-packages/_pytest/runner.py\", line 177, in pytest_runtest_call\n    raise e\n  File \"/root/spread_project/.tox/integration/lib/python3.12/site-packages/_pytest/runner.py\", line 169, in pytest_runtest_call\n    item.runtest()\n  File \"/root/spread_project/.tox/integration/lib/python3.12/site-packages/_pytest/python.py\", line 1792, in runtest\n    self.ihook.pytest_pyfunc_call(pyfuncitem=self)\n  File \"/root/spread_project/.tox/integration/lib/python3.12/site-packages/pluggy/_hooks.py\", line 513, in __call__\n    return self._hookexec(self.name, self._hookimpls.copy(), kwargs, firstresult)\n           ^^^^^^^^^^^^^^^^^^^^^^^^^^^^^^^^^^^^^^^^^^^^^^^^^^^^^^^^^^^^^^^^^^^^^^\n  File \"/root/spread_project/.tox/integration/lib/python3.12/site-packages/pluggy/_manager.py\", line 120, in _hookexec\n    return self._inner_hookexec(hook_name, methods, kwargs, firstresult)\n           ^^^^^^^^^^^^^^^^^^^^^^^^^^^^^^^^^^^^^^^^^^^^^^^^^^^^^^^^^^^^^\n  File \"/root/spread_project/.tox/integration/lib/python3.12/site-packages/pluggy/_callers.py\", line 182, in _multicall\n    return outcome.get_result()\n           ^^^^^^^^^^^^^^^^^^^^\n  File \"/root/spread_project/.tox/integration/lib/python3.12/site-packages/pluggy/_result.py\", line 100, in get_result\n    raise exc.with_traceback(exc.__traceback__)\n  File \"/root/spread_project/.tox/integration/lib/python3.12/site-packages/pluggy/_callers.py\", line 103, in _multicall\n    res = hook_impl.function(*args)\n          ^^^^^^^^^^^^^^^^^^^^^^^^^\n  File \"/root/spread_project/.tox/integration/lib/python3.12/site-packages/_pytest/python.py\", line 194, in pytest_pyfunc_call\n    result = testfunction(**testargs)\n             ^^^^^^^^^^^^^^^^^^^^^^^^\n  File \"/root/spread_project/tests/integration/integration/high_availability/test_self_healing_network_cut.py\", line 89, in test_network_cut_affecting_an_instance\n    check_mysql_units_writes_increment(juju, MYSQL_APP_NAME, online_units)\n  File \"/root/spread_project/tests/integration/helpers_ha.py\", line 84, in check_mysql_units_writes_increment\n    app_max_value = get_mysql_max_written_value(juju, app_name, app_primary)\n                    ^^^^^^^^^^^^^^^^^^^^^^^^^^^^^^^^^^^^^^^^^^^^^^^^^^^^^^^^\n  File \"/root/spread_project/tests/integration/helpers_ha.py\", line 451, in get_mysql_max_written_value\n    credentials = get_mysql_server_credentials(juju, unit_name)\n                  ^^^^^^^^^^^^^^^^^^^^^^^^^^^^^^^^^^^^^^^^^^^^^\n  File \"/root/spread_project/tests/integration/helpers_ha.py\", line 433, in get_mysql_server_credentials\n    credentials_task = juju.run(\n                       ^^^^^^^^^\n  File \"/root/spread_project/.tox/integration/lib/python3.12/site-packages/jubilant_backports/_juju.py\", line 1012, in run\n    raise TimeoutError(msg) from None\nTimeoutError: timed out waiting for action, stderr:\nRunning operation 21 with 1 task\n  - task 22 on unit-mysql-k8s-2\n\nWaiting for task 22...\nERROR timed out waiting for results from: unit mysql-k8s/2","flaky":false,"newFailed":false,"newBroken":true,"newPassed":false,"retriesCount":1,"retriesStatusChange":true,"beforeStages":[{"name":"juju","time":{"start":1767404648580,"stop":1767404648877,"duration":297},"status":"passed","steps":[],"attachments":[],"parameters":[],"shouldDisplayMessage":false,"stepsCount":0,"attachmentsCount":0,"hasContent":false,"attachmentStep":false},{"name":"continuous_writes","time":{"start":1767404800935,"stop":1767404803158,"duration":2223},"status":"passed","steps":[],"attachments":[],"parameters":[],"shouldDisplayMessage":false,"stepsCount":0,"attachmentsCount":0,"hasContent":false,"attachmentStep":false},{"name":"abort_on_fail","time":{"start":1767404800935,"stop":1767404800935,"duration":0},"status":"passed","steps":[],"attachments":[],"parameters":[],"shouldDisplayMessage":false,"stepsCount":0,"attachmentsCount":0,"hasContent":false,"attachmentStep":false},{"name":"chaos_mesh","time":{"start":1767404803158,"stop":1767404833631,"duration":30473},"status":"passed","steps":[],"attachments":[],"parameters":[],"shouldDisplayMessage":false,"stepsCount":0,"attachmentsCount":0,"hasContent":false,"attachmentStep":false}],"testStage":{"description":"Test for a network cut affecting an instance.","status":"broken","statusMessage":"TimeoutError: timed out waiting for action, stderr:\nRunning operation 21 with 1 task\n  - task 22 on unit-mysql-k8s-2\n\nWaiting for task 22...\nERROR timed out waiting for results from: unit mysql-k8s/2","statusTrace":"Traceback (most recent call last):\n  File \"/root/spread_project/.tox/integration/lib/python3.12/site-packages/_pytest/runner.py\", line 341, in from_call\n    result: Optional[TResult] = func()\n                                ^^^^^^\n  File \"/root/spread_project/.tox/integration/lib/python3.12/site-packages/_pytest/runner.py\", line 262, in <lambda>\n    lambda: ihook(item=item, **kwds), when=when, reraise=reraise\n            ^^^^^^^^^^^^^^^^^^^^^^^^\n  File \"/root/spread_project/.tox/integration/lib/python3.12/site-packages/pluggy/_hooks.py\", line 513, in __call__\n    return self._hookexec(self.name, self._hookimpls.copy(), kwargs, firstresult)\n           ^^^^^^^^^^^^^^^^^^^^^^^^^^^^^^^^^^^^^^^^^^^^^^^^^^^^^^^^^^^^^^^^^^^^^^\n  File \"/root/spread_project/.tox/integration/lib/python3.12/site-packages/pluggy/_manager.py\", line 120, in _hookexec\n    return self._inner_hookexec(hook_name, methods, kwargs, firstresult)\n           ^^^^^^^^^^^^^^^^^^^^^^^^^^^^^^^^^^^^^^^^^^^^^^^^^^^^^^^^^^^^^\n  File \"/root/spread_project/.tox/integration/lib/python3.12/site-packages/pluggy/_callers.py\", line 182, in _multicall\n    return outcome.get_result()\n           ^^^^^^^^^^^^^^^^^^^^\n  File \"/root/spread_project/.tox/integration/lib/python3.12/site-packages/pluggy/_result.py\", line 100, in get_result\n    raise exc.with_traceback(exc.__traceback__)\n  File \"/root/spread_project/.tox/integration/lib/python3.12/site-packages/pluggy/_callers.py\", line 103, in _multicall\n    res = hook_impl.function(*args)\n          ^^^^^^^^^^^^^^^^^^^^^^^^^\n  File \"/root/spread_project/.tox/integration/lib/python3.12/site-packages/_pytest/runner.py\", line 177, in pytest_runtest_call\n    raise e\n  File \"/root/spread_project/.tox/integration/lib/python3.12/site-packages/_pytest/runner.py\", line 169, in pytest_runtest_call\n    item.runtest()\n  File \"/root/spread_project/.tox/integration/lib/python3.12/site-packages/_pytest/python.py\", line 1792, in runtest\n    self.ihook.pytest_pyfunc_call(pyfuncitem=self)\n  File \"/root/spread_project/.tox/integration/lib/python3.12/site-packages/pluggy/_hooks.py\", line 513, in __call__\n    return self._hookexec(self.name, self._hookimpls.copy(), kwargs, firstresult)\n           ^^^^^^^^^^^^^^^^^^^^^^^^^^^^^^^^^^^^^^^^^^^^^^^^^^^^^^^^^^^^^^^^^^^^^^\n  File \"/root/spread_project/.tox/integration/lib/python3.12/site-packages/pluggy/_manager.py\", line 120, in _hookexec\n    return self._inner_hookexec(hook_name, methods, kwargs, firstresult)\n           ^^^^^^^^^^^^^^^^^^^^^^^^^^^^^^^^^^^^^^^^^^^^^^^^^^^^^^^^^^^^^\n  File \"/root/spread_project/.tox/integration/lib/python3.12/site-packages/pluggy/_callers.py\", line 182, in _multicall\n    return outcome.get_result()\n           ^^^^^^^^^^^^^^^^^^^^\n  File \"/root/spread_project/.tox/integration/lib/python3.12/site-packages/pluggy/_result.py\", line 100, in get_result\n    raise exc.with_traceback(exc.__traceback__)\n  File \"/root/spread_project/.tox/integration/lib/python3.12/site-packages/pluggy/_callers.py\", line 103, in _multicall\n    res = hook_impl.function(*args)\n          ^^^^^^^^^^^^^^^^^^^^^^^^^\n  File \"/root/spread_project/.tox/integration/lib/python3.12/site-packages/_pytest/python.py\", line 194, in pytest_pyfunc_call\n    result = testfunction(**testargs)\n             ^^^^^^^^^^^^^^^^^^^^^^^^\n  File \"/root/spread_project/tests/integration/integration/high_availability/test_self_healing_network_cut.py\", line 89, in test_network_cut_affecting_an_instance\n    check_mysql_units_writes_increment(juju, MYSQL_APP_NAME, online_units)\n  File \"/root/spread_project/tests/integration/helpers_ha.py\", line 84, in check_mysql_units_writes_increment\n    app_max_value = get_mysql_max_written_value(juju, app_name, app_primary)\n                    ^^^^^^^^^^^^^^^^^^^^^^^^^^^^^^^^^^^^^^^^^^^^^^^^^^^^^^^^\n  File \"/root/spread_project/tests/integration/helpers_ha.py\", line 451, in get_mysql_max_written_value\n    credentials = get_mysql_server_credentials(juju, unit_name)\n                  ^^^^^^^^^^^^^^^^^^^^^^^^^^^^^^^^^^^^^^^^^^^^^\n  File \"/root/spread_project/tests/integration/helpers_ha.py\", line 433, in get_mysql_server_credentials\n    credentials_task = juju.run(\n                       ^^^^^^^^^\n  File \"/root/spread_project/.tox/integration/lib/python3.12/site-packages/jubilant_backports/_juju.py\", line 1012, in run\n    raise TimeoutError(msg) from None\nTimeoutError: timed out waiting for action, stderr:\nRunning operation 21 with 1 task\n  - task 22 on unit-mysql-k8s-2\n\nWaiting for task 22...\nERROR timed out waiting for results from: unit mysql-k8s/2","steps":[],"attachments":[{"uid":"c0c56ee9cae079d2","name":"log","source":"c0c56ee9cae079d2.txt","type":"text/plain","size":3479}],"parameters":[],"shouldDisplayMessage":true,"stepsCount":0,"attachmentsCount":1,"hasContent":true,"attachmentStep":false},"afterStages":[{"name":"chaos_mesh::0","time":{"start":1767404912477,"stop":1767404924609,"duration":12132},"status":"passed","steps":[],"attachments":[],"parameters":[],"shouldDisplayMessage":false,"stepsCount":0,"attachmentsCount":0,"hasContent":false,"attachmentStep":false},{"name":"continuous_writes::0","time":{"start":1767404924610,"stop":1767404927118,"duration":2508},"status":"passed","steps":[],"attachments":[],"parameters":[],"shouldDisplayMessage":false,"stepsCount":0,"attachmentsCount":0,"hasContent":false,"attachmentStep":false},{"name":"abort_on_fail::0","time":{"start":1767404927118,"stop":1767404927118,"duration":0},"status":"passed","steps":[],"attachments":[],"parameters":[],"shouldDisplayMessage":false,"stepsCount":0,"attachmentsCount":0,"hasContent":false,"attachmentStep":false},{"name":"juju::0","time":{"start":1767404927119,"stop":1767404927456,"duration":337},"status":"passed","steps":[],"attachments":[],"parameters":[],"shouldDisplayMessage":false,"stepsCount":0,"attachmentsCount":0,"hasContent":false,"attachmentStep":false}],"labels":[{"name":"tag","value":"abort_on_fail"},{"name":"parentSuite","value":"tests.integration.integration.high_availability"},{"name":"suite","value":"test_self_healing_network_cut"},{"name":"host","value":"runnervmh13bl"},{"name":"thread","value":"18127-MainThread"},{"name":"framework","value":"pytest"},{"name":"language","value":"cpython3"},{"name":"package","value":"tests.integration.integration.high_availability.test_self_healing_network_cut"},{"name":"resultFormat","value":"allure2"}],"parameters":[],"links":[],"hidden":false,"retry":false,"extra":{"severity":"normal","retries":[{"uid":"ab2861030e375e2d","status":"unknown","time":{}}],"categories":[{"name":"Test defects","matchedStatuses":[]}],"history":{"statistic":{"failed":0,"broken":1,"skipped":0,"passed":26,"unknown":0,"total":27},"items":[{"uid":"cb41502023ee5a96","reportUrl":"../51//#testresult/cb41502023ee5a96","status":"passed","time":{"start":1767318375859,"stop":1767318510211,"duration":134352}},{"uid":"856ae054b3365f2f","reportUrl":"../50//#testresult/856ae054b3365f2f","status":"passed","time":{"start":1767232195616,"stop":1767232334169,"duration":138553}},{"uid":"1fa94801acdfc9df","reportUrl":"../49//#testresult/1fa94801acdfc9df","status":"passed","time":{"start":1767145575995,"stop":1767145718880,"duration":142885}},{"uid":"f5a1ac5ef4f40452","reportUrl":"../48//#testresult/f5a1ac5ef4f40452","status":"passed","time":{"start":1767059275421,"stop":1767059427381,"duration":151960}},{"uid":"e76da1efcc54b542","reportUrl":"../47//#testresult/e76da1efcc54b542","status":"passed","time":{"start":1766972991547,"stop":1766973132822,"duration":141275}},{"uid":"8df82fb87d86c51f","reportUrl":"../46//#testresult/8df82fb87d86c51f","status":"passed","time":{"start":1766886399451,"stop":1766886555728,"duration":156277}},{"uid":"b3f4d4b817e5c55a","reportUrl":"../45//#testresult/b3f4d4b817e5c55a","status":"passed","time":{"start":1766800189443,"stop":1766800325131,"duration":135688}},{"uid":"c703f6f83d8dfebd","reportUrl":"../44//#testresult/c703f6f83d8dfebd","status":"passed","time":{"start":1766713528153,"stop":1766713681413,"duration":153260}},{"uid":"3bb05f6405e15e0b","reportUrl":"../43//#testresult/3bb05f6405e15e0b","status":"passed","time":{"start":1766627390552,"stop":1766627534286,"duration":143734}},{"uid":"4477325829f51a9d","reportUrl":"../42//#testresult/4477325829f51a9d","status":"passed","time":{"start":1766540839390,"stop":1766541045243,"duration":205853}},{"uid":"e2f6aadeff2519ce","reportUrl":"../41//#testresult/e2f6aadeff2519ce","status":"passed","time":{"start":1766454437746,"stop":1766454589477,"duration":151731}},{"uid":"d57dac0856b4b753","reportUrl":"../40//#testresult/d57dac0856b4b753","status":"passed","time":{"start":1766368058106,"stop":1766368231005,"duration":172899}},{"uid":"fdde0c257f252e7f","reportUrl":"../39//#testresult/fdde0c257f252e7f","status":"passed","time":{"start":1766281660294,"stop":1766281857284,"duration":196990}},{"uid":"e581e302b1c7c8e5","reportUrl":"../38//#testresult/e581e302b1c7c8e5","status":"passed","time":{"start":1766195051775,"stop":1766195221780,"duration":170005}},{"uid":"9e72fb8d8d791e91","reportUrl":"../37//#testresult/9e72fb8d8d791e91","status":"passed","time":{"start":1766110186491,"stop":1766110355543,"duration":169052}},{"uid":"dad163dec1d8e980","reportUrl":"../36//#testresult/dad163dec1d8e980","status":"passed","time":{"start":1766022873045,"stop":1766023046857,"duration":173812}},{"uid":"66073645019802c3","reportUrl":"../35//#testresult/66073645019802c3","status":"passed","time":{"start":1765936600053,"stop":1765936726251,"duration":126198}},{"uid":"c2033d37bc842fa9","reportUrl":"../34//#testresult/c2033d37bc842fa9","status":"passed","time":{"start":1765850420834,"stop":1765850542935,"duration":122101}},{"uid":"1e87ae04e7b061f9","reportUrl":"../33//#testresult/1e87ae04e7b061f9","status":"passed","time":{"start":1765785511625,"stop":1765785671147,"duration":159522}},{"uid":"85dcd0af53a82ef0","reportUrl":"../31//#testresult/85dcd0af53a82ef0","status":"passed","time":{"start":1765590724744,"stop":1765590876770,"duration":152026}}]},"tags":["abort_on_fail"]},"source":"5e3b52bb1267932f.json","parameterValues":[]}