{"uid":"880936022c92da87","name":"test_deploy_highly_available_cluster_2","fullName":"tests.integration.integration.high_availability.test_replication_unit_endpoints#test_deploy_highly_available_cluster_2","historyId":"a9f446c0d44c354a3b29fd4f7f3f4c8b","time":{"start":1767404522442,"stop":1767404701469,"duration":179027},"description":"Simple test to ensure that the MySQL and application charms get deployed.","descriptionHtml":"<p>Simple test to ensure that the MySQL and application charms get deployed.</p>\n","status":"broken","statusMessage":"jubilant_backports._juju.CLIError: Command '['juju', 'status', '--model', 'testing', '--format', 'json']' returned non-zero exit status 1.\nStdout:\n{}\n\nStderr:\nERROR connection is shut down","statusTrace":"Traceback (most recent call last):\n  File \"/root/spread_project/.tox/integration/lib/python3.12/site-packages/_pytest/runner.py\", line 341, in from_call\n    result: Optional[TResult] = func()\n                                ^^^^^^\n  File \"/root/spread_project/.tox/integration/lib/python3.12/site-packages/_pytest/runner.py\", line 262, in <lambda>\n    lambda: ihook(item=item, **kwds), when=when, reraise=reraise\n            ^^^^^^^^^^^^^^^^^^^^^^^^\n  File \"/root/spread_project/.tox/integration/lib/python3.12/site-packages/pluggy/_hooks.py\", line 513, in __call__\n    return self._hookexec(self.name, self._hookimpls.copy(), kwargs, firstresult)\n           ^^^^^^^^^^^^^^^^^^^^^^^^^^^^^^^^^^^^^^^^^^^^^^^^^^^^^^^^^^^^^^^^^^^^^^\n  File \"/root/spread_project/.tox/integration/lib/python3.12/site-packages/pluggy/_manager.py\", line 120, in _hookexec\n    return self._inner_hookexec(hook_name, methods, kwargs, firstresult)\n           ^^^^^^^^^^^^^^^^^^^^^^^^^^^^^^^^^^^^^^^^^^^^^^^^^^^^^^^^^^^^^\n  File \"/root/spread_project/.tox/integration/lib/python3.12/site-packages/pluggy/_callers.py\", line 182, in _multicall\n    return outcome.get_result()\n           ^^^^^^^^^^^^^^^^^^^^\n  File \"/root/spread_project/.tox/integration/lib/python3.12/site-packages/pluggy/_result.py\", line 100, in get_result\n    raise exc.with_traceback(exc.__traceback__)\n  File \"/root/spread_project/.tox/integration/lib/python3.12/site-packages/pluggy/_callers.py\", line 103, in _multicall\n    res = hook_impl.function(*args)\n          ^^^^^^^^^^^^^^^^^^^^^^^^^\n  File \"/root/spread_project/.tox/integration/lib/python3.12/site-packages/_pytest/runner.py\", line 177, in pytest_runtest_call\n    raise e\n  File \"/root/spread_project/.tox/integration/lib/python3.12/site-packages/_pytest/runner.py\", line 169, in pytest_runtest_call\n    item.runtest()\n  File \"/root/spread_project/.tox/integration/lib/python3.12/site-packages/_pytest/python.py\", line 1792, in runtest\n    self.ihook.pytest_pyfunc_call(pyfuncitem=self)\n  File \"/root/spread_project/.tox/integration/lib/python3.12/site-packages/pluggy/_hooks.py\", line 513, in __call__\n    return self._hookexec(self.name, self._hookimpls.copy(), kwargs, firstresult)\n           ^^^^^^^^^^^^^^^^^^^^^^^^^^^^^^^^^^^^^^^^^^^^^^^^^^^^^^^^^^^^^^^^^^^^^^\n  File \"/root/spread_project/.tox/integration/lib/python3.12/site-packages/pluggy/_manager.py\", line 120, in _hookexec\n    return self._inner_hookexec(hook_name, methods, kwargs, firstresult)\n           ^^^^^^^^^^^^^^^^^^^^^^^^^^^^^^^^^^^^^^^^^^^^^^^^^^^^^^^^^^^^^\n  File \"/root/spread_project/.tox/integration/lib/python3.12/site-packages/pluggy/_callers.py\", line 182, in _multicall\n    return outcome.get_result()\n           ^^^^^^^^^^^^^^^^^^^^\n  File \"/root/spread_project/.tox/integration/lib/python3.12/site-packages/pluggy/_result.py\", line 100, in get_result\n    raise exc.with_traceback(exc.__traceback__)\n  File \"/root/spread_project/.tox/integration/lib/python3.12/site-packages/pluggy/_callers.py\", line 103, in _multicall\n    res = hook_impl.function(*args)\n          ^^^^^^^^^^^^^^^^^^^^^^^^^\n  File \"/root/spread_project/.tox/integration/lib/python3.12/site-packages/_pytest/python.py\", line 194, in pytest_pyfunc_call\n    result = testfunction(**testargs)\n             ^^^^^^^^^^^^^^^^^^^^^^^^\n  File \"/root/spread_project/tests/integration/integration/high_availability/test_replication_unit_endpoints.py\", line 99, in test_deploy_highly_available_cluster_2\n    juju.wait(\n  File \"/root/spread_project/.tox/integration/lib/python3.12/site-packages/jubilant_backports/_juju.py\", line 1356, in wait\n    stdout, _ = self._cli('status', '--format', 'json', log=False)\n                ^^^^^^^^^^^^^^^^^^^^^^^^^^^^^^^^^^^^^^^^^^^^^^^^^^\n  File \"/root/spread_project/.tox/integration/lib/python3.12/site-packages/jubilant_backports/_juju.py\", line 326, in _cli\n    raise CLIError(e.returncode, e.cmd, e.stdout, e.stderr) from None\njubilant_backports._juju.CLIError: Command '['juju', 'status', '--model', 'testing', '--format', 'json']' returned non-zero exit status 1.\nStdout:\n{}\n\nStderr:\nERROR connection is shut down","flaky":false,"newFailed":false,"newBroken":true,"newPassed":false,"retriesCount":1,"retriesStatusChange":true,"beforeStages":[{"name":"juju","time":{"start":1767404390740,"stop":1767404391030,"duration":290},"status":"passed","steps":[],"attachments":[],"parameters":[],"shouldDisplayMessage":false,"stepsCount":0,"attachmentsCount":0,"hasContent":false,"attachmentStep":false},{"name":"charm","time":{"start":1767404390740,"stop":1767404390740,"duration":0},"status":"passed","steps":[],"attachments":[],"parameters":[],"shouldDisplayMessage":false,"stepsCount":0,"attachmentsCount":0,"hasContent":false,"attachmentStep":false},{"name":"abort_on_fail","time":{"start":1767404522441,"stop":1767404522442,"duration":1},"status":"passed","steps":[],"attachments":[],"parameters":[],"shouldDisplayMessage":false,"stepsCount":0,"attachmentsCount":0,"hasContent":false,"attachmentStep":false}],"testStage":{"description":"Simple test to ensure that the MySQL and application charms get deployed.","status":"broken","statusMessage":"jubilant_backports._juju.CLIError: Command '['juju', 'status', '--model', 'testing', '--format', 'json']' returned non-zero exit status 1.\nStdout:\n{}\n\nStderr:\nERROR connection is shut down","statusTrace":"Traceback (most recent call last):\n  File \"/root/spread_project/.tox/integration/lib/python3.12/site-packages/_pytest/runner.py\", line 341, in from_call\n    result: Optional[TResult] = func()\n                                ^^^^^^\n  File \"/root/spread_project/.tox/integration/lib/python3.12/site-packages/_pytest/runner.py\", line 262, in <lambda>\n    lambda: ihook(item=item, **kwds), when=when, reraise=reraise\n            ^^^^^^^^^^^^^^^^^^^^^^^^\n  File \"/root/spread_project/.tox/integration/lib/python3.12/site-packages/pluggy/_hooks.py\", line 513, in __call__\n    return self._hookexec(self.name, self._hookimpls.copy(), kwargs, firstresult)\n           ^^^^^^^^^^^^^^^^^^^^^^^^^^^^^^^^^^^^^^^^^^^^^^^^^^^^^^^^^^^^^^^^^^^^^^\n  File \"/root/spread_project/.tox/integration/lib/python3.12/site-packages/pluggy/_manager.py\", line 120, in _hookexec\n    return self._inner_hookexec(hook_name, methods, kwargs, firstresult)\n           ^^^^^^^^^^^^^^^^^^^^^^^^^^^^^^^^^^^^^^^^^^^^^^^^^^^^^^^^^^^^^\n  File \"/root/spread_project/.tox/integration/lib/python3.12/site-packages/pluggy/_callers.py\", line 182, in _multicall\n    return outcome.get_result()\n           ^^^^^^^^^^^^^^^^^^^^\n  File \"/root/spread_project/.tox/integration/lib/python3.12/site-packages/pluggy/_result.py\", line 100, in get_result\n    raise exc.with_traceback(exc.__traceback__)\n  File \"/root/spread_project/.tox/integration/lib/python3.12/site-packages/pluggy/_callers.py\", line 103, in _multicall\n    res = hook_impl.function(*args)\n          ^^^^^^^^^^^^^^^^^^^^^^^^^\n  File \"/root/spread_project/.tox/integration/lib/python3.12/site-packages/_pytest/runner.py\", line 177, in pytest_runtest_call\n    raise e\n  File \"/root/spread_project/.tox/integration/lib/python3.12/site-packages/_pytest/runner.py\", line 169, in pytest_runtest_call\n    item.runtest()\n  File \"/root/spread_project/.tox/integration/lib/python3.12/site-packages/_pytest/python.py\", line 1792, in runtest\n    self.ihook.pytest_pyfunc_call(pyfuncitem=self)\n  File \"/root/spread_project/.tox/integration/lib/python3.12/site-packages/pluggy/_hooks.py\", line 513, in __call__\n    return self._hookexec(self.name, self._hookimpls.copy(), kwargs, firstresult)\n           ^^^^^^^^^^^^^^^^^^^^^^^^^^^^^^^^^^^^^^^^^^^^^^^^^^^^^^^^^^^^^^^^^^^^^^\n  File \"/root/spread_project/.tox/integration/lib/python3.12/site-packages/pluggy/_manager.py\", line 120, in _hookexec\n    return self._inner_hookexec(hook_name, methods, kwargs, firstresult)\n           ^^^^^^^^^^^^^^^^^^^^^^^^^^^^^^^^^^^^^^^^^^^^^^^^^^^^^^^^^^^^^\n  File \"/root/spread_project/.tox/integration/lib/python3.12/site-packages/pluggy/_callers.py\", line 182, in _multicall\n    return outcome.get_result()\n           ^^^^^^^^^^^^^^^^^^^^\n  File \"/root/spread_project/.tox/integration/lib/python3.12/site-packages/pluggy/_result.py\", line 100, in get_result\n    raise exc.with_traceback(exc.__traceback__)\n  File \"/root/spread_project/.tox/integration/lib/python3.12/site-packages/pluggy/_callers.py\", line 103, in _multicall\n    res = hook_impl.function(*args)\n          ^^^^^^^^^^^^^^^^^^^^^^^^^\n  File \"/root/spread_project/.tox/integration/lib/python3.12/site-packages/_pytest/python.py\", line 194, in pytest_pyfunc_call\n    result = testfunction(**testargs)\n             ^^^^^^^^^^^^^^^^^^^^^^^^\n  File \"/root/spread_project/tests/integration/integration/high_availability/test_replication_unit_endpoints.py\", line 99, in test_deploy_highly_available_cluster_2\n    juju.wait(\n  File \"/root/spread_project/.tox/integration/lib/python3.12/site-packages/jubilant_backports/_juju.py\", line 1356, in wait\n    stdout, _ = self._cli('status', '--format', 'json', log=False)\n                ^^^^^^^^^^^^^^^^^^^^^^^^^^^^^^^^^^^^^^^^^^^^^^^^^^\n  File \"/root/spread_project/.tox/integration/lib/python3.12/site-packages/jubilant_backports/_juju.py\", line 326, in _cli\n    raise CLIError(e.returncode, e.cmd, e.stdout, e.stderr) from None\njubilant_backports._juju.CLIError: Command '['juju', 'status', '--model', 'testing', '--format', 'json']' returned non-zero exit status 1.\nStdout:\n{}\n\nStderr:\nERROR connection is shut down","steps":[],"attachments":[{"uid":"c48e84a81b3b57b","name":"log","source":"c48e84a81b3b57b.txt","type":"text/plain","size":1135}],"parameters":[],"shouldDisplayMessage":true,"stepsCount":0,"attachmentsCount":1,"hasContent":true,"attachmentStep":false},"afterStages":[{"name":"abort_on_fail::0","time":{"start":1767404701480,"stop":1767404701480,"duration":0},"status":"passed","steps":[],"attachments":[],"parameters":[],"shouldDisplayMessage":false,"stepsCount":0,"attachmentsCount":0,"hasContent":false,"attachmentStep":false},{"name":"juju::0","time":{"start":1767404707012,"stop":1767404707600,"duration":588},"status":"passed","steps":[],"attachments":[],"parameters":[],"shouldDisplayMessage":false,"stepsCount":0,"attachmentsCount":0,"hasContent":false,"attachmentStep":false}],"labels":[{"name":"tag","value":"abort_on_fail"},{"name":"parentSuite","value":"tests.integration.integration.high_availability"},{"name":"suite","value":"test_replication_unit_endpoints"},{"name":"host","value":"runnervmh13bl"},{"name":"thread","value":"18312-MainThread"},{"name":"framework","value":"pytest"},{"name":"language","value":"cpython3"},{"name":"package","value":"tests.integration.integration.high_availability.test_replication_unit_endpoints"},{"name":"resultFormat","value":"allure2"}],"parameters":[],"links":[],"hidden":false,"retry":false,"extra":{"severity":"normal","retries":[{"uid":"74d8e820bb39165e","status":"unknown","time":{}}],"categories":[{"name":"Test defects","matchedStatuses":[]}],"history":{"statistic":{"failed":0,"broken":8,"skipped":0,"passed":18,"unknown":1,"total":27},"items":[{"uid":"1ad5a15741d5d85b","reportUrl":"../51//#testresult/1ad5a15741d5d85b","status":"passed","time":{"start":1767318588401,"stop":1767318769284,"duration":180883}},{"uid":"c1c2f15c18a98c9e","reportUrl":"../50//#testresult/c1c2f15c18a98c9e","status":"passed","time":{"start":1767232002160,"stop":1767232161994,"duration":159834}},{"uid":"e93a2374c84f2c37","reportUrl":"../49//#testresult/e93a2374c84f2c37","status":"passed","time":{"start":1767145559833,"stop":1767145741224,"duration":181391}},{"uid":"8600f7d124988b8c","reportUrl":"../48//#testresult/8600f7d124988b8c","status":"passed","time":{"start":1767059275293,"stop":1767059446403,"duration":171110}},{"uid":"2ee6bd87135b96ea","reportUrl":"../47//#testresult/2ee6bd87135b96ea","status":"broken","statusDetails":"jubilant_backports._juju.CLIError: Command '['juju', 'status', '--model', 'testing', '--format', 'json']' returned non-zero exit status 1.\nStdout:\n{}\n\nStderr:\nERROR connection is shut down","time":{"start":1766972951296,"stop":1766973036561,"duration":85265}},{"uid":"a49f031e309536b5","reportUrl":"../46//#testresult/a49f031e309536b5","status":"broken","statusDetails":"jubilant_backports._juju.CLIError: Command '['juju', 'status', '--model', 'testing', '--format', 'json']' returned non-zero exit status 1.\nStdout:\n{}\n\nStderr:\nERROR connection is shut down","time":{"start":1766886403320,"stop":1766886495180,"duration":91860}},{"uid":"b57dd5dbd6c500b4","reportUrl":"../45//#testresult/b57dd5dbd6c500b4","status":"unknown","time":{}},{"uid":"640d89de70dc8e1f","reportUrl":"../44//#testresult/640d89de70dc8e1f","status":"broken","statusDetails":"jubilant_backports._juju.CLIError: Command '['juju', 'status', '--model', 'testing', '--format', 'json']' returned non-zero exit status 1.\nStdout:\n{}\n\nStderr:\nERROR connection is shut down","time":{"start":1766713494726,"stop":1766713519527,"duration":24801}},{"uid":"c3205761561df9e8","reportUrl":"../43//#testresult/c3205761561df9e8","status":"passed","time":{"start":1766627344082,"stop":1766627511068,"duration":166986}},{"uid":"990ae645c2d6c027","reportUrl":"../42//#testresult/990ae645c2d6c027","status":"passed","time":{"start":1766540736447,"stop":1766540899233,"duration":162786}},{"uid":"534b8d7c474d99e3","reportUrl":"../41//#testresult/534b8d7c474d99e3","status":"broken","statusDetails":"jubilant_backports._juju.CLIError: Command '['juju', 'status', '--model', 'testing', '--format', 'json']' returned non-zero exit status 1.\nStdout:\n{}\n\nStderr:\nERROR connection is shut down","time":{"start":1766454241442,"stop":1766454272657,"duration":31215}},{"uid":"1902dea7a077b2dd","reportUrl":"../40//#testresult/1902dea7a077b2dd","status":"broken","statusDetails":"jubilant_backports._juju.CLIError: Command '['juju', 'status', '--model', 'testing', '--format', 'json']' returned non-zero exit status 1.\nStdout:\n{}\n\nStderr:\nERROR connection is shut down","time":{"start":1766368196758,"stop":1766368223357,"duration":26599}},{"uid":"28e7b37028c0be8c","reportUrl":"../39//#testresult/28e7b37028c0be8c","status":"passed","time":{"start":1766281610677,"stop":1766281790609,"duration":179932}},{"uid":"a39608c6e99f97ab","reportUrl":"../38//#testresult/a39608c6e99f97ab","status":"passed","time":{"start":1766194999706,"stop":1766195207262,"duration":207556}},{"uid":"3fa689509ac4831f","reportUrl":"../37//#testresult/3fa689509ac4831f","status":"passed","time":{"start":1766110120500,"stop":1766110302462,"duration":181962}},{"uid":"8016a81f2bc8bcbd","reportUrl":"../36//#testresult/8016a81f2bc8bcbd","status":"passed","time":{"start":1766022835659,"stop":1766023001336,"duration":165677}},{"uid":"cc11ea8e91f2336","reportUrl":"../35//#testresult/cc11ea8e91f2336","status":"passed","time":{"start":1765936658784,"stop":1765936862713,"duration":203929}},{"uid":"6e40c177df219cbb","reportUrl":"../34//#testresult/6e40c177df219cbb","status":"passed","time":{"start":1765850409368,"stop":1765850585952,"duration":176584}},{"uid":"fc485cbd8766fa24","reportUrl":"../33//#testresult/fc485cbd8766fa24","status":"passed","time":{"start":1765785517823,"stop":1765785736878,"duration":219055}},{"uid":"fedab173a20ae0a","reportUrl":"../31//#testresult/fedab173a20ae0a","status":"passed","time":{"start":1765590422693,"stop":1765590633873,"duration":211180}}]},"tags":["abort_on_fail"]},"source":"880936022c92da87.json","parameterValues":[]}