{"uid":"97201fbe961187d6","name":"test_scale_up_and_down","fullName":"tests.integration.test_charm#test_scale_up_and_down","historyId":"052f8cbb5ab125b5bbfe1c056474ede7","time":{"start":1757641349090,"stop":1757642249126,"duration":900036},"description":"Confirm that a new primary is elected when the current primary is torn down.","descriptionHtml":"<p>Confirm that a new primary is elected when the current primary is torn down.</p>\n","status":"broken","statusMessage":"TimeoutError: Timed out waiting for model:\nmysql-k8s/0 [idle] active: \n  mysql-k8s/1 [idle] active: \n  mysql-k8s/2 [idle] active: Primary\n  mysql-k8s/4 [executing] maintenance: Starting mysqld\n  mysql-k8s/3 [idle] active:","statusTrace":"Traceback (most recent call last):\n  File \"/root/spread_project/.tox/integration/lib/python3.12/site-packages/_pytest/runner.py\", line 341, in from_call\n    result: Optional[TResult] = func()\n                                ^^^^^^\n  File \"/root/spread_project/.tox/integration/lib/python3.12/site-packages/_pytest/runner.py\", line 262, in <lambda>\n    lambda: ihook(item=item, **kwds), when=when, reraise=reraise\n            ^^^^^^^^^^^^^^^^^^^^^^^^\n  File \"/root/spread_project/.tox/integration/lib/python3.12/site-packages/pluggy/_hooks.py\", line 513, in __call__\n    return self._hookexec(self.name, self._hookimpls.copy(), kwargs, firstresult)\n           ^^^^^^^^^^^^^^^^^^^^^^^^^^^^^^^^^^^^^^^^^^^^^^^^^^^^^^^^^^^^^^^^^^^^^^\n  File \"/root/spread_project/.tox/integration/lib/python3.12/site-packages/pluggy/_manager.py\", line 120, in _hookexec\n    return self._inner_hookexec(hook_name, methods, kwargs, firstresult)\n           ^^^^^^^^^^^^^^^^^^^^^^^^^^^^^^^^^^^^^^^^^^^^^^^^^^^^^^^^^^^^^\n  File \"/root/spread_project/.tox/integration/lib/python3.12/site-packages/pluggy/_callers.py\", line 182, in _multicall\n    return outcome.get_result()\n           ^^^^^^^^^^^^^^^^^^^^\n  File \"/root/spread_project/.tox/integration/lib/python3.12/site-packages/pluggy/_result.py\", line 100, in get_result\n    raise exc.with_traceback(exc.__traceback__)\n  File \"/root/spread_project/.tox/integration/lib/python3.12/site-packages/pluggy/_callers.py\", line 103, in _multicall\n    res = hook_impl.function(*args)\n          ^^^^^^^^^^^^^^^^^^^^^^^^^\n  File \"/root/spread_project/.tox/integration/lib/python3.12/site-packages/_pytest/runner.py\", line 177, in pytest_runtest_call\n    raise e\n  File \"/root/spread_project/.tox/integration/lib/python3.12/site-packages/_pytest/runner.py\", line 169, in pytest_runtest_call\n    item.runtest()\n  File \"/root/spread_project/.tox/integration/lib/python3.12/site-packages/_pytest/python.py\", line 1792, in runtest\n    self.ihook.pytest_pyfunc_call(pyfuncitem=self)\n  File \"/root/spread_project/.tox/integration/lib/python3.12/site-packages/pluggy/_hooks.py\", line 513, in __call__\n    return self._hookexec(self.name, self._hookimpls.copy(), kwargs, firstresult)\n           ^^^^^^^^^^^^^^^^^^^^^^^^^^^^^^^^^^^^^^^^^^^^^^^^^^^^^^^^^^^^^^^^^^^^^^\n  File \"/root/spread_project/.tox/integration/lib/python3.12/site-packages/pluggy/_manager.py\", line 120, in _hookexec\n    return self._inner_hookexec(hook_name, methods, kwargs, firstresult)\n           ^^^^^^^^^^^^^^^^^^^^^^^^^^^^^^^^^^^^^^^^^^^^^^^^^^^^^^^^^^^^^\n  File \"/root/spread_project/.tox/integration/lib/python3.12/site-packages/pluggy/_callers.py\", line 182, in _multicall\n    return outcome.get_result()\n           ^^^^^^^^^^^^^^^^^^^^\n  File \"/root/spread_project/.tox/integration/lib/python3.12/site-packages/pluggy/_result.py\", line 100, in get_result\n    raise exc.with_traceback(exc.__traceback__)\n  File \"/root/spread_project/.tox/integration/lib/python3.12/site-packages/pluggy/_callers.py\", line 103, in _multicall\n    res = hook_impl.function(*args)\n          ^^^^^^^^^^^^^^^^^^^^^^^^^\n  File \"/root/spread_project/.tox/integration/lib/python3.12/site-packages/_pytest/python.py\", line 194, in pytest_pyfunc_call\n    result = testfunction(**testargs)\n             ^^^^^^^^^^^^^^^^^^^^^^^^\n  File \"/root/spread_project/.tox/integration/lib/python3.12/site-packages/pytest_asyncio/plugin.py\", line 529, in inner\n    _loop.run_until_complete(task)\n  File \"/usr/lib/python3.12/asyncio/base_events.py\", line 687, in run_until_complete\n    return future.result()\n           ^^^^^^^^^^^^^^^\n  File \"/root/spread_project/tests/integration/test_charm.py\", line 144, in test_scale_up_and_down\n    await scale_application(ops_test, APP_NAME, 5)\n  File \"/root/spread_project/tests/integration/helpers.py\", line 263, in scale_application\n    await ops_test.model.wait_for_idle(\n  File \"/root/spread_project/.tox/integration/lib/python3.12/site-packages/juju/model.py\", line 3209, in wait_for_idle\n    raise jasyncio.TimeoutError(\"Timed out waiting for model:\\n\" + busy)\nTimeoutError: Timed out waiting for model:\nmysql-k8s/0 [idle] active: \n  mysql-k8s/1 [idle] active: \n  mysql-k8s/2 [idle] active: Primary\n  mysql-k8s/4 [executing] maintenance: Starting mysqld\n  mysql-k8s/3 [idle] active:","flaky":false,"newFailed":false,"newBroken":true,"newPassed":false,"retriesCount":1,"retriesStatusChange":true,"beforeStages":[{"name":"event_loop","time":{"start":1757641216881,"stop":1757641216881,"duration":0},"status":"passed","steps":[],"attachments":[],"parameters":[],"shouldDisplayMessage":false,"stepsCount":0,"attachmentsCount":0,"hasContent":false,"attachmentStep":false},{"name":"tmp_path_factory","time":{"start":1757641216882,"stop":1757641216882,"duration":0},"status":"passed","steps":[],"attachments":[],"parameters":[],"shouldDisplayMessage":false,"stepsCount":0,"attachmentsCount":0,"hasContent":false,"attachmentStep":false},{"name":"ops_test","time":{"start":1757641216882,"stop":1757641217093,"duration":211},"status":"passed","steps":[],"attachments":[],"parameters":[],"shouldDisplayMessage":false,"stepsCount":0,"attachmentsCount":0,"hasContent":false,"attachmentStep":false},{"name":"abort_on_fail","time":{"start":1757641349090,"stop":1757641349090,"duration":0},"status":"passed","steps":[],"attachments":[],"parameters":[],"shouldDisplayMessage":false,"stepsCount":0,"attachmentsCount":0,"hasContent":false,"attachmentStep":false}],"testStage":{"description":"Confirm that a new primary is elected when the current primary is torn down.","status":"broken","statusMessage":"TimeoutError: Timed out waiting for model:\nmysql-k8s/0 [idle] active: \n  mysql-k8s/1 [idle] active: \n  mysql-k8s/2 [idle] active: Primary\n  mysql-k8s/4 [executing] maintenance: Starting mysqld\n  mysql-k8s/3 [idle] active:","statusTrace":"Traceback (most recent call last):\n  File \"/root/spread_project/.tox/integration/lib/python3.12/site-packages/_pytest/runner.py\", line 341, in from_call\n    result: Optional[TResult] = func()\n                                ^^^^^^\n  File \"/root/spread_project/.tox/integration/lib/python3.12/site-packages/_pytest/runner.py\", line 262, in <lambda>\n    lambda: ihook(item=item, **kwds), when=when, reraise=reraise\n            ^^^^^^^^^^^^^^^^^^^^^^^^\n  File \"/root/spread_project/.tox/integration/lib/python3.12/site-packages/pluggy/_hooks.py\", line 513, in __call__\n    return self._hookexec(self.name, self._hookimpls.copy(), kwargs, firstresult)\n           ^^^^^^^^^^^^^^^^^^^^^^^^^^^^^^^^^^^^^^^^^^^^^^^^^^^^^^^^^^^^^^^^^^^^^^\n  File \"/root/spread_project/.tox/integration/lib/python3.12/site-packages/pluggy/_manager.py\", line 120, in _hookexec\n    return self._inner_hookexec(hook_name, methods, kwargs, firstresult)\n           ^^^^^^^^^^^^^^^^^^^^^^^^^^^^^^^^^^^^^^^^^^^^^^^^^^^^^^^^^^^^^\n  File \"/root/spread_project/.tox/integration/lib/python3.12/site-packages/pluggy/_callers.py\", line 182, in _multicall\n    return outcome.get_result()\n           ^^^^^^^^^^^^^^^^^^^^\n  File \"/root/spread_project/.tox/integration/lib/python3.12/site-packages/pluggy/_result.py\", line 100, in get_result\n    raise exc.with_traceback(exc.__traceback__)\n  File \"/root/spread_project/.tox/integration/lib/python3.12/site-packages/pluggy/_callers.py\", line 103, in _multicall\n    res = hook_impl.function(*args)\n          ^^^^^^^^^^^^^^^^^^^^^^^^^\n  File \"/root/spread_project/.tox/integration/lib/python3.12/site-packages/_pytest/runner.py\", line 177, in pytest_runtest_call\n    raise e\n  File \"/root/spread_project/.tox/integration/lib/python3.12/site-packages/_pytest/runner.py\", line 169, in pytest_runtest_call\n    item.runtest()\n  File \"/root/spread_project/.tox/integration/lib/python3.12/site-packages/_pytest/python.py\", line 1792, in runtest\n    self.ihook.pytest_pyfunc_call(pyfuncitem=self)\n  File \"/root/spread_project/.tox/integration/lib/python3.12/site-packages/pluggy/_hooks.py\", line 513, in __call__\n    return self._hookexec(self.name, self._hookimpls.copy(), kwargs, firstresult)\n           ^^^^^^^^^^^^^^^^^^^^^^^^^^^^^^^^^^^^^^^^^^^^^^^^^^^^^^^^^^^^^^^^^^^^^^\n  File \"/root/spread_project/.tox/integration/lib/python3.12/site-packages/pluggy/_manager.py\", line 120, in _hookexec\n    return self._inner_hookexec(hook_name, methods, kwargs, firstresult)\n           ^^^^^^^^^^^^^^^^^^^^^^^^^^^^^^^^^^^^^^^^^^^^^^^^^^^^^^^^^^^^^\n  File \"/root/spread_project/.tox/integration/lib/python3.12/site-packages/pluggy/_callers.py\", line 182, in _multicall\n    return outcome.get_result()\n           ^^^^^^^^^^^^^^^^^^^^\n  File \"/root/spread_project/.tox/integration/lib/python3.12/site-packages/pluggy/_result.py\", line 100, in get_result\n    raise exc.with_traceback(exc.__traceback__)\n  File \"/root/spread_project/.tox/integration/lib/python3.12/site-packages/pluggy/_callers.py\", line 103, in _multicall\n    res = hook_impl.function(*args)\n          ^^^^^^^^^^^^^^^^^^^^^^^^^\n  File \"/root/spread_project/.tox/integration/lib/python3.12/site-packages/_pytest/python.py\", line 194, in pytest_pyfunc_call\n    result = testfunction(**testargs)\n             ^^^^^^^^^^^^^^^^^^^^^^^^\n  File \"/root/spread_project/.tox/integration/lib/python3.12/site-packages/pytest_asyncio/plugin.py\", line 529, in inner\n    _loop.run_until_complete(task)\n  File \"/usr/lib/python3.12/asyncio/base_events.py\", line 687, in run_until_complete\n    return future.result()\n           ^^^^^^^^^^^^^^^\n  File \"/root/spread_project/tests/integration/test_charm.py\", line 144, in test_scale_up_and_down\n    await scale_application(ops_test, APP_NAME, 5)\n  File \"/root/spread_project/tests/integration/helpers.py\", line 263, in scale_application\n    await ops_test.model.wait_for_idle(\n  File \"/root/spread_project/.tox/integration/lib/python3.12/site-packages/juju/model.py\", line 3209, in wait_for_idle\n    raise jasyncio.TimeoutError(\"Timed out waiting for model:\\n\" + busy)\nTimeoutError: Timed out waiting for model:\nmysql-k8s/0 [idle] active: \n  mysql-k8s/1 [idle] active: \n  mysql-k8s/2 [idle] active: Primary\n  mysql-k8s/4 [executing] maintenance: Starting mysqld\n  mysql-k8s/3 [idle] active:","steps":[],"attachments":[{"uid":"e15940c0390598e6","name":"log","source":"e15940c0390598e6.txt","type":"text/plain","size":7346}],"parameters":[],"shouldDisplayMessage":true,"stepsCount":0,"attachmentsCount":1,"hasContent":true,"attachmentStep":false},"afterStages":[{"name":"abort_on_fail::0","time":{"start":1757642249225,"stop":1757642249225,"duration":0},"status":"passed","steps":[],"attachments":[],"parameters":[],"shouldDisplayMessage":false,"stepsCount":0,"attachmentsCount":0,"hasContent":false,"attachmentStep":false},{"name":"ops_test::finalizer","time":{"start":1757642249246,"stop":1757642249954,"duration":708},"status":"passed","steps":[],"attachments":[],"parameters":[],"shouldDisplayMessage":false,"stepsCount":0,"attachmentsCount":0,"hasContent":false,"attachmentStep":false},{"name":"event_loop::2","time":{"start":1757642249955,"stop":1757642249955,"duration":0},"status":"passed","steps":[],"attachments":[],"parameters":[],"shouldDisplayMessage":false,"stepsCount":0,"attachmentsCount":0,"hasContent":false,"attachmentStep":false},{"name":"event_loop::_close_event_loop","time":{"start":1757642249955,"stop":1757642249955,"duration":0},"status":"passed","steps":[],"attachments":[],"parameters":[],"shouldDisplayMessage":false,"stepsCount":0,"attachmentsCount":0,"hasContent":false,"attachmentStep":false},{"name":"event_loop::_provide_clean_event_loop","time":{"start":1757642249956,"stop":1757642249956,"duration":0},"status":"passed","steps":[],"attachments":[],"parameters":[],"shouldDisplayMessage":false,"stepsCount":0,"attachmentsCount":0,"hasContent":false,"attachmentStep":false}],"labels":[{"name":"tag","value":"abort_on_fail"},{"name":"tag","value":"asyncio"},{"name":"parentSuite","value":"tests.integration"},{"name":"suite","value":"test_charm"},{"name":"host","value":"runnervmf4ws1"},{"name":"thread","value":"18658-MainThread"},{"name":"framework","value":"pytest"},{"name":"language","value":"cpython3"},{"name":"package","value":"tests.integration.test_charm"},{"name":"resultFormat","value":"allure2"}],"parameters":[],"links":[],"hidden":false,"retry":false,"extra":{"severity":"normal","retries":[{"uid":"2dfef05d9554e3d9","status":"unknown","time":{}}],"categories":[{"name":"Test defects","matchedStatuses":[]}],"history":{"statistic":{"failed":0,"broken":2,"skipped":18,"passed":516,"unknown":16,"total":552},"items":[{"uid":"7dd8101f7c49d080","reportUrl":"../3232//#testresult/7dd8101f7c49d080","status":"passed","time":{"start":1757555729485,"stop":1757555979802,"duration":250317}},{"uid":"495520a94b860a62","reportUrl":"../3231//#testresult/495520a94b860a62","status":"passed","time":{"start":1757468794033,"stop":1757469079302,"duration":285269}},{"uid":"be4b97a11c771a1b","reportUrl":"../3225//#testresult/be4b97a11c771a1b","status":"passed","time":{"start":1757383788556,"stop":1757384058798,"duration":270242}},{"uid":"56be1ef748ad9cf0","reportUrl":"../3223//#testresult/56be1ef748ad9cf0","status":"unknown","time":{}},{"uid":"f7705d02c44a9ebe","reportUrl":"../3221//#testresult/f7705d02c44a9ebe","status":"unknown","time":{}},{"uid":"e6ded502e94ae548","reportUrl":"../3212//#testresult/e6ded502e94ae548","status":"passed","time":{"start":1756950994690,"stop":1756951248518,"duration":253828}},{"uid":"4b2196c385e3440c","reportUrl":"../3206//#testresult/4b2196c385e3440c","status":"unknown","time":{}},{"uid":"87eb1d94f594d106","reportUrl":"../3195//#testresult/87eb1d94f594d106","status":"passed","time":{"start":1756777951857,"stop":1756778241171,"duration":289314}},{"uid":"4413a6b76ac6c183","reportUrl":"../3193//#testresult/4413a6b76ac6c183","status":"passed","time":{"start":1756690644500,"stop":1756690913118,"duration":268618}},{"uid":"df9c861312344392","reportUrl":"../3192//#testresult/df9c861312344392","status":"passed","time":{"start":1756603972666,"stop":1756604269652,"duration":296986}},{"uid":"e53bc5c6143e4d29","reportUrl":"../3190//#testresult/e53bc5c6143e4d29","status":"passed","time":{"start":1756519544452,"stop":1756519776761,"duration":232309}},{"uid":"40acea01baa5dfe","reportUrl":"../3189//#testresult/40acea01baa5dfe","status":"unknown","time":{}},{"uid":"dec39af0e8772487","reportUrl":"../3188//#testresult/dec39af0e8772487","status":"passed","time":{"start":1756346576688,"stop":1756346841544,"duration":264856}},{"uid":"8ad4816a753e8268","reportUrl":"../3184//#testresult/8ad4816a753e8268","status":"passed","time":{"start":1756259687656,"stop":1756259987066,"duration":299410}},{"uid":"621495e2af348bd","reportUrl":"../3175//#testresult/621495e2af348bd","status":"passed","time":{"start":1756175812907,"stop":1756176090050,"duration":277143}},{"uid":"2af00ddc732dd2e4","reportUrl":"../3171//#testresult/2af00ddc732dd2e4","status":"passed","time":{"start":1756085744821,"stop":1756086018811,"duration":273990}},{"uid":"8b270740748e4f08","reportUrl":"../3170//#testresult/8b270740748e4f08","status":"passed","time":{"start":1756000547692,"stop":1756000819075,"duration":271383}},{"uid":"d33c668d09b57b9b","reportUrl":"../3169//#testresult/d33c668d09b57b9b","status":"passed","time":{"start":1755914029185,"stop":1755914318409,"duration":289224}},{"uid":"9e7d89b1cfdc3441","reportUrl":"../3166//#testresult/9e7d89b1cfdc3441","status":"passed","time":{"start":1755826610691,"stop":1755826887714,"duration":277023}},{"uid":"f096328b6d88494a","reportUrl":"../3161//#testresult/f096328b6d88494a","status":"passed","time":{"start":1755741592142,"stop":1755741858854,"duration":266712}}]},"tags":["asyncio","abort_on_fail"]},"source":"97201fbe961187d6.json","parameterValues":[]}