[32mINFO    [0m integration.high_availability.test_upgrade:test_upgrade.py:142 Get leader unit
[32mINFO    [0m integration.high_availability.test_upgrade:test_upgrade.py:146 Run pre-upgrade-check action
[32mINFO    [0m integration.high_availability.test_upgrade:test_upgrade.py:159 Inject dependency fault
[32mINFO    [0m integration.high_availability.test_upgrade:test_upgrade.py:164 Refresh the charm
[32mINFO    [0m integration.high_availability.test_upgrade:test_upgrade.py:167 Get first upgrading unit
[32mINFO    [0m integration.high_availability.test_upgrade:test_upgrade.py:171 Wait for upgrade to fail on first upgrading unit
[32mINFO    [0m integration.high_availability.test_upgrade:test_upgrade.py:177 Ensure continuous_writes while in failure state on remaining units
[32mINFO    [0m integration.high_availability.test_upgrade:test_upgrade.py:181 Re-run pre-upgrade-check action
[32mINFO    [0m integration.high_availability.test_upgrade:test_upgrade.py:184 Re-refresh the charm
[32mINFO    [0m integration.high_availability.test_upgrade:test_upgrade.py:187 Wait for upgrade to complete on first upgrading unit
[32mINFO    [0m integration.high_availability.test_upgrade:test_upgrade.py:192 Resume upgrade
[32mINFO    [0m integration.high_availability.test_upgrade:test_upgrade.py:195 Wait for application to recover
[32mINFO    [0m pytest_operator.plugin:plugin.py:790 Model status:

Model  Controller          Cloud/Region        Version  SLA          Timestamp
test   microk8s-localhost  microk8s/localhost  3.1.7    unsupported  01:50:28Z

App        Version                  Status   Scale  Charm           Channel      Rev  Address         Exposed  Message
mysql-k8s  8.0.35-0ubuntu0.22.04.1  waiting      3  mysql-k8s       8.0/edge       2  10.152.183.30   no       waiting for units to settle down
test-app   0.0.2                    active       1  mysql-test-app  latest/edge   31  10.152.183.191  no       

Unit          Workload     Agent  Address       Ports  Message
mysql-k8s/0   waiting      idle   10.1.140.145         other units upgrading first...
mysql-k8s/1*  blocked      idle   10.1.140.144         ready to rollback application
mysql-k8s/2   maintenance  idle   10.1.140.147         upgrade completed
test-app/0*   active       idle   10.1.140.136         

[32mINFO    [0m pytest_operator.plugin:plugin.py:796 Juju error logs:

unit-mysql-k8s-1: 01:32:03 ERROR unit.mysql-k8s/1.juju-log Failed to flush ERROR LOGS logs.
Traceback (most recent call last):
  File "/var/lib/juju/agents/unit-mysql-k8s-1/charm/src/mysql_k8s_helpers.py", line 669, in _run_mysqlsh_script
    stdout, _ = process.wait_output()
  File "/var/lib/juju/agents/unit-mysql-k8s-1/charm/venv/ops/pebble.py", line 1355, in wait_output
    raise ExecError[AnyStr](self._command, exit_code, out_value, err_value)
ops.pebble.ExecError: non-zero exit code 1 executing ['/usr/bin/mysqlsh', '--no-wizard', '--python', '--verbose=1', '-f', '/tmp/script.py', ';', 'rm', '/tmp/script.py'], stdout='', stderr='Cannot set LC_ALL to locale en_US.UTF-8: No such file or directory\nverbose: 2024-02-26T01:32:01Z: Loading startup files...\nverbose: 2024-02-26T01:32:01Z: Loading plugins...\nverbose: 2024-02-26T01:32:01Z: Connecting to MySQL at: serverconfig@mysql-k8s-1.mysql-k8s-endpoints.test.svc.cluster.local\nTraceback (most recent call last):\n  File "<string>", line 1, in <module>\nmysqlsh.DBError: MySQL Error (2013): Shell.connect: Lost connection to MySQL server at \'reading initial communication packet\', system error: 104\n'

During handling of the above exception, another exception occurred:

Traceback (most recent call last):
  File "/var/lib/juju/agents/unit-mysql-k8s-1/charm/lib/charms/mysql/v0/mysql.py", line 2517, in flush_mysql_logs
    self._run_mysqlsh_script("\n".join(flush_logs_commands))
  File "/var/lib/juju/agents/unit-mysql-k8s-1/charm/src/mysql_k8s_helpers.py", line 672, in _run_mysqlsh_script
    raise MySQLClientError(e.stderr)
charms.mysql.v0.mysql.MySQLClientError: Cannot set LC_ALL to locale en_US.UTF-8: No such file or directory
verbose: 2024-02-26T01:32:01Z: Loading startup files...
verbose: 2024-02-26T01:32:01Z: Loading plugins...
verbose: 2024-02-26T01:32:01Z: Connecting to MySQL at: serverconfig@mysql-k8s-1.mysql-k8s-endpoints.test.svc.cluster.local
Traceback (most recent call last):
  File "<string>", line 1, in <module>
mysqlsh.DBError: MySQL Error (2013): Shell.connect: Lost connection to MySQL server at 'reading initial communication packet', system error: 104

unit-mysql-k8s-1: 01:32:03 ERROR unit.mysql-k8s/1.juju-log Failed to flush GENERAL LOGS logs.
Traceback (most recent call last):
  File "/var/lib/juju/agents/unit-mysql-k8s-1/charm/src/mysql_k8s_helpers.py", line 669, in _run_mysqlsh_script
    stdout, _ = process.wait_output()
  File "/var/lib/juju/agents/unit-mysql-k8s-1/charm/venv/ops/pebble.py", line 1355, in wait_output
    raise ExecError[AnyStr](self._command, exit_code, out_value, err_value)
ops.pebble.ExecError: non-zero exit code 1 executing ['/usr/bin/mysqlsh', '--no-wizard', '--python', '--verbose=1', '-f', '/tmp/script.py', ';', 'rm', '/tmp/script.py'], stdout='', stderr='Cannot set LC_ALL to locale en_US.UTF-8: No such file or directory\nverbose: 2024-02-26T01:32:03Z: Loading startup files...\nverbose: 2024-02-26T01:32:03Z: Loading plugins...\nverbose: 2024-02-26T01:32:03Z: Connecting to MySQL at: serverconfig@mysql-k8s-1.mysql-k8s-endpoints.test.svc.cluster.local\nTraceback (most recent call last):\n  File "<string>", line 1, in <module>\nmysqlsh.DBError: MySQL Error (2003): Shell.connect: Can\'t connect to MySQL server on \'mysql-k8s-1.mysql-k8s-endpoints.test.svc.cluster.local:3306\' (111)\n'

During handling of the above exception, another exception occurred:

Traceback (most recent call last):
  File "/var/lib/juju/agents/unit-mysql-k8s-1/charm/lib/charms/mysql/v0/mysql.py", line 2517, in flush_mysql_logs
    self._run_mysqlsh_script("\n".join(flush_logs_commands))
  File "/var/lib/juju/agents/unit-mysql-k8s-1/charm/src/mysql_k8s_helpers.py", line 672, in _run_mysqlsh_script
    raise MySQLClientError(e.stderr)
charms.mysql.v0.mysql.MySQLClientError: Cannot set LC_ALL to locale en_US.UTF-8: No such file or directory
verbose: 2024-02-26T01:32:03Z: Loading startup files...
verbose: 2024-02-26T01:32:03Z: Loading plugins...
verbose: 2024-02-26T01:32:03Z: Connecting to MySQL at: serverconfig@mysql-k8s-1.mysql-k8s-endpoints.test.svc.cluster.local
Traceback (most recent call last):
  File "<string>", line 1, in <module>
mysqlsh.DBError: MySQL Error (2003): Shell.connect: Can't connect to MySQL server on 'mysql-k8s-1.mysql-k8s-endpoints.test.svc.cluster.local:3306' (111)

unit-mysql-k8s-1: 01:32:04 ERROR unit.mysql-k8s/1.juju-log Failed to flush SLOW LOGS logs.
Traceback (most recent call last):
  File "/var/lib/juju/agents/unit-mysql-k8s-1/charm/src/mysql_k8s_helpers.py", line 669, in _run_mysqlsh_script
    stdout, _ = process.wait_output()
  File "/var/lib/juju/agents/unit-mysql-k8s-1/charm/venv/ops/pebble.py", line 1355, in wait_output
    raise ExecError[AnyStr](self._command, exit_code, out_value, err_value)
ops.pebble.ExecError: non-zero exit code 1 executing ['/usr/bin/mysqlsh', '--no-wizard', '--python', '--verbose=1', '-f', '/tmp/script.py', ';', 'rm', '/tmp/script.py'], stdout='', stderr='Cannot set LC_ALL to locale en_US.UTF-8: No such file or directory\nverbose: 2024-02-26T01:32:04Z: Loading startup files...\nverbose: 2024-02-26T01:32:04Z: Loading plugins...\nverbose: 2024-02-26T01:32:04Z: Connecting to MySQL at: serverconfig@mysql-k8s-1.mysql-k8s-endpoints.test.svc.cluster.local\nTraceback (most recent call last):\n  File "<string>", line 1, in <module>\nmysqlsh.DBError: MySQL Error (2003): Shell.connect: Can\'t connect to MySQL server on \'mysql-k8s-1.mysql-k8s-endpoints.test.svc.cluster.local:3306\' (111)\n'

During handling of the above exception, another exception occurred:

Traceback (most recent call last):
  File "/var/lib/juju/agents/unit-mysql-k8s-1/charm/lib/charms/mysql/v0/mysql.py", line 2517, in flush_mysql_logs
    self._run_mysqlsh_script("\n".join(flush_logs_commands))
  File "/var/lib/juju/agents/unit-mysql-k8s-1/charm/src/mysql_k8s_helpers.py", line 672, in _run_mysqlsh_script
    raise MySQLClientError(e.stderr)
charms.mysql.v0.mysql.MySQLClientError: Cannot set LC_ALL to locale en_US.UTF-8: No such file or directory
verbose: 2024-02-26T01:32:04Z: Loading startup files...
verbose: 2024-02-26T01:32:04Z: Loading plugins...
verbose: 2024-02-26T01:32:04Z: Connecting to MySQL at: serverconfig@mysql-k8s-1.mysql-k8s-endpoints.test.svc.cluster.local
Traceback (most recent call last):
  File "<string>", line 1, in <module>
mysqlsh.DBError: MySQL Error (2003): Shell.connect: Can't connect to MySQL server on 'mysql-k8s-1.mysql-k8s-endpoints.test.svc.cluster.local:3306' (111)

unit-mysql-k8s-2: 01:34:16 ERROR unit.mysql-k8s/2.juju-log charms.data_platform_libs.v0.upgrade.VersionError - {'message': 'Versions incompatible, charm 1 can not be upgraded to 999.999.999', 'cause': 'Upgrades only supported for specific versions, charm versions satisfying requirement >1', 'resolution': ''}
unit-mysql-k8s-2: 01:34:16 CRITICAL unit.mysql-k8s/2.juju-log Upgrade failed, follow the instructions below to rollback:
  1 - Run `juju run mysql-k8s/leader pre-upgrade-check` to configure rollback
  2 - Run `juju refresh --revision <previous-revision> mysql-k8s` to initiate the rollback
  3 - Run `juju run mysql-k8s/leader resume-upgrade` to resume the rollback

[32mINFO    [0m pytest_operator.plugin:plugin.py:862 Forgetting main...
[31m[1mERROR   [0m websockets.client:protocol.py:1015 data transfer failed
Traceback (most recent call last):
  File "/home/runner/work/mysql-k8s-operator/mysql-k8s-operator/.tox/integration/lib/python3.10/site-packages/websockets/legacy/protocol.py", line 959, in transfer_data
    message = await self.read_message()
  File "/home/runner/work/mysql-k8s-operator/mysql-k8s-operator/.tox/integration/lib/python3.10/site-packages/websockets/legacy/protocol.py", line 1029, in read_message
    frame = await self.read_data_frame(max_size=self.max_size)
  File "/home/runner/work/mysql-k8s-operator/mysql-k8s-operator/.tox/integration/lib/python3.10/site-packages/websockets/legacy/protocol.py", line 1104, in read_data_frame
    frame = await self.read_frame(max_size)
  File "/home/runner/work/mysql-k8s-operator/mysql-k8s-operator/.tox/integration/lib/python3.10/site-packages/websockets/legacy/protocol.py", line 1161, in read_frame
    frame = await Frame.read(
  File "/home/runner/work/mysql-k8s-operator/mysql-k8s-operator/.tox/integration/lib/python3.10/site-packages/websockets/legacy/framing.py", line 68, in read
    data = await reader(2)
  File "/usr/lib/python3.10/asyncio/streams.py", line 708, in readexactly
    await self._wait_for_data('readexactly')
  File "/usr/lib/python3.10/asyncio/streams.py", line 501, in _wait_for_data
    await self._waiter
  File "/usr/lib/python3.10/asyncio/selector_events.py", line 924, in write
    n = self._sock.send(data)
OSError: [Errno 9] Bad file descriptor