[33mWARNING [0m juju.client.connection:connection.py:858 unexpected facade SSHServer received from the controller
[32mINFO    [0m pytest_operator.plugin:plugin.py:675 Connecting to existing model concierge-microk8s:testing on unspecified cloud
[33mWARNING [0m juju.client.connection:connection.py:858 unexpected facade SSHServer received from the controller
[33mWARNING [0m juju.client.connection:connection.py:858 unexpected facade SSHSession received from the controller
[33mWARNING [0m juju.client.connection:connection.py:858 unexpected facade SSHTunneler received from the controller
[33mWARNING [0m juju.client.connection:connection.py:858 unexpected facade SSHServer received from the controller
[32mINFO    [0m integration.high_availability.conftest:conftest.py:57 Deploying mysql-k8s and scaling to 3 units
[32mINFO    [0m juju.model:model.py:2284 Deploying local:mysql-k8s-0
[32mINFO    [0m juju.model:model.py:3211 Waiting for model:
  mysql-k8s/0 [allocating] waiting: installing agent
  mysql-k8s/1 [allocating] waiting: installing agent
  mysql-k8s/2 [allocating] waiting: installing agent
[32mINFO    [0m juju.model:model.py:3211 Waiting for model:
  mysql-k8s/0 [executing] maintenance: installing charm software
  mysql-k8s/1 [executing] maintenance: installing charm software
  mysql-k8s/2 [executing] maintenance: installing charm software
[32mINFO    [0m juju.model:model.py:3211 Waiting for model:
  mysql-k8s/0 [executing] waiting: waiting to get cluster primary from peers
  mysql-k8s/1 [executing] waiting: waiting to get cluster primary from peers
  mysql-k8s/2 [executing] active: Primary
[32mINFO    [0m juju.model:model.py:3211 Waiting for model:
  mysql-k8s/0 [idle] waiting: waiting to join the cluster
  mysql-k8s/1 [executing] active: 
  mysql-k8s/2 [executing] active: Primary
[32mINFO    [0m juju.model:model.py:3211 Waiting for model:
  mysql-k8s/0 [idle] active: 
  mysql-k8s/1 [idle] active: 
  mysql-k8s/2 [idle] active: Primary
[32mINFO    [0m integration.high_availability.conftest:conftest.py:60 Deploying mysql-test-app
[32mINFO    [0m juju.model:model.py:2284 Deploying ch:amd64/jammy/mysql-test-app-85
[32mINFO    [0m juju.model:model.py:3211 Waiting for model:
  mysql-test-app/0 [allocating] waiting: installing agent
[32mINFO    [0m integration.high_availability.conftest:conftest.py:63 Relating mysql-k8s with mysql-test-app
[33mWARNING [0m juju.model:model.py:1666 relate is deprecated and will be removed. Use integrate instead.
[32mINFO    [0m juju.model:model.py:3211 Waiting for model:
  mysql-k8s/0 [idle] active: 
  mysql-k8s/1 [idle] active: 
  mysql-k8s/2 [idle] active: Primary
  mysql-test-app/0 [idle] waiting: 
[32mINFO    [0m integration.high_availability.conftest:conftest.py:27 Clearing continuous writes
[32mINFO    [0m integration.high_availability.conftest:conftest.py:29 Starting continuous writes
[32mINFO    [0m integration.conftest:conftest.py:31 Getting credentials for the MySQL cluster
[32mINFO    [0m integration.high_availability.test_self_healing_stop_all:test_self_healing_stop_all.py:36 Ensure there are 3 online mysql members
[32mINFO    [0m integration.high_availability.test_self_healing_stop_all:test_self_healing_stop_all.py:41 Ensure that all units have incrementing continuous writes
[32mINFO    [0m integration.high_availability.high_availability_helpers:high_availability_helpers.py:500 max_written_value=22 on unit mysql-k8s/0
[32mINFO    [0m integration.high_availability.high_availability_helpers:high_availability_helpers.py:500 max_written_value=55 on unit mysql-k8s/0
[32mINFO    [0m integration.high_availability.high_availability_helpers:high_availability_helpers.py:500 max_written_value=55 on unit mysql-k8s/1
[32mINFO    [0m integration.high_availability.high_availability_helpers:high_availability_helpers.py:500 max_written_value=87 on unit mysql-k8s/1
[32mINFO    [0m integration.high_availability.high_availability_helpers:high_availability_helpers.py:500 max_written_value=88 on unit mysql-k8s/2
[32mINFO    [0m integration.high_availability.test_self_healing_stop_all:test_self_healing_stop_all.py:47 Get mysqld pids on all instances
[32mINFO    [0m integration.high_availability.test_self_healing_stop_all:test_self_healing_stop_all.py:55 Stopping mysqld on mysql-k8s/0
[32mINFO    [0m integration.high_availability.test_self_healing_stop_all:test_self_healing_stop_all.py:55 Stopping mysqld on mysql-k8s/1
[32mINFO    [0m integration.high_availability.test_self_healing_stop_all:test_self_healing_stop_all.py:55 Stopping mysqld on mysql-k8s/2
[32mINFO    [0m integration.high_availability.test_self_healing_stop_all:test_self_healing_stop_all.py:58 Wait until mysqld stopped on all instances
[32mINFO    [0m integration.high_availability.test_self_healing_stop_all:test_self_healing_stop_all.py:66 Starting mysqld on mysql-k8s/0
[32mINFO    [0m integration.high_availability.test_self_healing_stop_all:test_self_healing_stop_all.py:66 Starting mysqld on mysql-k8s/1
[32mINFO    [0m integration.high_availability.test_self_healing_stop_all:test_self_healing_stop_all.py:66 Starting mysqld on mysql-k8s/2
[32mINFO    [0m integration.high_availability.test_self_healing_stop_all:test_self_healing_stop_all.py:70 Block until all in maintenance/offline
[32mINFO    [0m integration.high_availability.test_self_healing_stop_all:test_self_healing_stop_all.py:76 Wait all members to recover
[32mINFO    [0m juju.model:model.py:3211 Waiting for model:
  mysql-k8s/0 [idle] maintenance: offline
  mysql-k8s/1 [idle] maintenance: offline
  mysql-k8s/2 [idle] maintenance: offline
[32mINFO    [0m juju.model:model.py:3211 Waiting for model:
  mysql-k8s/0 [idle] maintenance: offline
  mysql-k8s/1 [idle] maintenance: offline
  mysql-k8s/2 [idle] maintenance: offline
[32mINFO    [0m juju.model:model.py:3211 Waiting for model:
  mysql-k8s/0 [idle] maintenance: offline
  mysql-k8s/1 [idle] maintenance: offline
  mysql-k8s/2 [idle] maintenance: offline
[32mINFO    [0m juju.model:model.py:3211 Waiting for model:
  mysql-k8s/0 [idle] maintenance: offline
  mysql-k8s/1 [idle] maintenance: offline
  mysql-k8s/2 [idle] maintenance: offline
[32mINFO    [0m juju.model:model.py:3211 Waiting for model:
  mysql-k8s/0 [idle] maintenance: offline
  mysql-k8s/1 [idle] maintenance: offline
  mysql-k8s/2 [idle] maintenance: offline
[32mINFO    [0m juju.model:model.py:3211 Waiting for model:
  mysql-k8s/0 [idle] active: 
  mysql-k8s/1 [idle] active: 
  mysql-k8s/2 [idle] active: Primary
[32mINFO    [0m juju.model:model.py:3211 Waiting for model:
  mysql-k8s/0 [idle] active: 
  mysql-k8s/1 [idle] active: 
  mysql-k8s/2 [idle] active: Primary
[32mINFO    [0m integration.high_availability.test_self_healing_stop_all:test_self_healing_stop_all.py:95 Ensure all units have incrementing continuous writes
[32mINFO    [0m integration.high_availability.high_availability_helpers:high_availability_helpers.py:500 max_written_value=423 on unit mysql-k8s/0
[32mINFO    [0m integration.high_availability.high_availability_helpers:high_availability_helpers.py:500 max_written_value=456 on unit mysql-k8s/0
[32mINFO    [0m integration.high_availability.high_availability_helpers:high_availability_helpers.py:500 max_written_value=456 on unit mysql-k8s/1
[32mINFO    [0m integration.high_availability.high_availability_helpers:high_availability_helpers.py:500 max_written_value=488 on unit mysql-k8s/1
[32mINFO    [0m integration.high_availability.high_availability_helpers:high_availability_helpers.py:500 max_written_value=488 on unit mysql-k8s/2
[32mINFO    [0m integration.high_availability.high_availability_helpers:high_availability_helpers.py:500 max_written_value=521 on unit mysql-k8s/2
[32mINFO    [0m integration.high_availability.conftest:conftest.py:34 Clearing continuous writes
[32mINFO    [0m pytest_operator.plugin:plugin.py:790 Model status:

Model    Controller          Cloud/Region        Version  SLA          Timestamp
testing  concierge-microk8s  microk8s/localhost  3.6.11   unsupported  02:04:08Z

App             Version                  Status  Scale  Charm           Channel      Rev  Address         Exposed  Message
mysql-k8s       8.0.42-0ubuntu0.22.04.2  active      3  mysql-k8s                      0  10.152.183.233  no       
mysql-test-app  0.0.2                    active      1  mysql-test-app  latest/edge   85  10.152.183.213  no       Last written value=474

Unit               Workload  Agent  Address       Ports  Message
mysql-k8s/0        active    idle   10.1.113.140         
mysql-k8s/1        active    idle   10.1.113.142         
mysql-k8s/2*       active    idle   10.1.113.141         Primary
mysql-test-app/0*  active    idle   10.1.113.145         Last written value=474

[32mINFO    [0m pytest_operator.plugin:plugin.py:796 Juju error logs:

unit-mysql-k8s-2: 01:59:08 ERROR unit.mysql-k8s/2.juju-log Failed to execute mysql-shell command
Traceback (most recent call last):
  File "/var/lib/juju/agents/unit-mysql-k8s-2/charm/src/mysql_k8s_helpers.py", line 714, in _run_mysqlsh_script
    stdout, _ = process.wait_output()
  File "/var/lib/juju/agents/unit-mysql-k8s-2/charm/venv/lib/python3.10/site-packages/ops/pebble.py", line 1771, in wait_output
    raise ExecError[AnyStr](self._command, exit_code, out_value, err_value)
ops.pebble.ExecError: non-zero exit code 1 executing ['/usr/bin/mysqlsh', '--passwords-from-stdin', '--uri=serverconfig@mysql-k8s-2.mysql-k8s-endpoints.testing.svc.cluster.local.:33062', '--python', '--verbose=0', '-c', "shell.options.set('useWizards', False)\nprint('###')\nshell.connect_to_primary()\nprimary_address = shell.parse_uri(session.uri)['host']\nprint(f'<PRIMARY_ADDRESS>{primary_address}</PRIMARY_ADDRESS>')"], stdout="\x1b[1mPlease provide the password for 'serverconfig@mysql-k8s-2.mysql-k8s-endpoints.testing.svc.cluster.local.:33062': \x1b[0m", stderr="Cannot set LC_ALL to locale en_US.UTF-8: No such file or directory\nArgumentError: X protocol error: MySQL server has gone away\nClassic protocol error: MySQL Error 2003 (HY000): Can't connect to MySQL server on 'mysql-k8s-2.mysql-k8s-endpoints.testing.svc.cluster.local.:33062' (111)\n"
unit-mysql-k8s-2: 01:59:08 ERROR unit.mysql-k8s/2.juju-log Failed to execute MySQL cli command
Traceback (most recent call last):
  File "/var/lib/juju/agents/unit-mysql-k8s-2/charm/src/mysql_k8s_helpers.py", line 763, in _run_mysqlcli_script
    stdout, _ = process.wait_output()
  File "/var/lib/juju/agents/unit-mysql-k8s-2/charm/venv/lib/python3.10/site-packages/ops/pebble.py", line 1771, in wait_output
    raise ExecError[AnyStr](self._command, exit_code, out_value, err_value)
ops.pebble.ExecError: non-zero exit code 1 executing ['/usr/bin/mysql', '-u', 'clusteradmin', '-p', '-N', '--socket=/var/run/mysqld/mysqld.sock', '-e', 'SELECT MEMBER_STATE, MEMBER_ROLE, MEMBER_ID, @@server_uuid FROM performance_schema.replication_group_members'], stdout='', stderr="Enter password: ERROR 2002 (HY000): Can't connect to local MySQL server through socket '/var/run/mysqld/mysqld.sock' (2)\n"
unit-mysql-k8s-2: 01:59:08 ERROR unit.mysql-k8s/2.juju-log Failed to get member state: mysqld daemon is down
unit-mysql-k8s-2: 01:59:19 ERROR unit.mysql-k8s/2.juju-log Failed to execute mysql-shell command
Traceback (most recent call last):
  File "/var/lib/juju/agents/unit-mysql-k8s-2/charm/src/mysql_k8s_helpers.py", line 714, in _run_mysqlsh_script
    stdout, _ = process.wait_output()
  File "/var/lib/juju/agents/unit-mysql-k8s-2/charm/venv/lib/python3.10/site-packages/ops/pebble.py", line 1771, in wait_output
    raise ExecError[AnyStr](self._command, exit_code, out_value, err_value)
ops.pebble.ExecError: non-zero exit code 1 executing ['/usr/bin/mysqlsh', '--passwords-from-stdin', '--uri=serverconfig@mysql-k8s-2.mysql-k8s-endpoints.testing.svc.cluster.local.:33062', '--python', '--verbose=0', '-c', "shell.options.set('useWizards', False)\nprint('###')\ncluster = dba.get_cluster('test_cluster')\nprint(cluster.status({'extended': False}))"], stdout="\x1b[1mPlease provide the password for 'serverconfig@mysql-k8s-2.mysql-k8s-endpoints.testing.svc.cluster.local.:33062': \x1b[0m###\n", stderr='Cannot set LC_ALL to locale en_US.UTF-8: No such file or directory\nTraceback (most recent call last):\n  File "<string>", line 3, in <module>\nmysqlsh.Error: Shell Error (51314): Dba.get_cluster: This function is not available through a session to an InnoDB Cluster that belongs to an InnoDB ClusterSet but is not ONLINE\n'
unit-mysql-k8s-2: 01:59:19 ERROR unit.mysql-k8s/2.juju-log Failed to get cluster status for test_cluster
unit-mysql-k8s-2: 01:59:19 ERROR unit.mysql-k8s/2.juju-log Failed to get cluster endpoints
Traceback (most recent call last):
  File "/var/lib/juju/agents/unit-mysql-k8s-2/charm/src/mysql_k8s_helpers.py", line 896, in update_endpoints
    rw_endpoints, ro_endpoints, offline = self.charm.get_cluster_endpoints(relation_name)
  File "/var/lib/juju/agents/unit-mysql-k8s-2/charm/lib/charms/tempo_coordinator_k8s/v0/charm_tracing.py", line 1065, in wrapped_function
    return callable(*args, **kwargs)  # type: ignore
  File "/var/lib/juju/agents/unit-mysql-k8s-2/charm/lib/charms/mysql/v0/mysql.py", line 889, in get_cluster_endpoints
    raise MySQLGetClusterEndpointsError("Failed to get endpoints from cluster topology")
charms.mysql.v0.mysql.MySQLGetClusterEndpointsError: Failed to get endpoints from cluster topology
unit-mysql-k8s-1: 02:00:06 ERROR unit.mysql-k8s/1.juju-log Uncaught exception while in charm code:
Traceback (most recent call last):
  File "/var/lib/juju/agents/unit-mysql-k8s-1/charm/venv/lib/python3.10/site-packages/websocket/_socket.py", line 118, in recv
    bytes_ = _recv()
  File "/var/lib/juju/agents/unit-mysql-k8s-1/charm/venv/lib/python3.10/site-packages/websocket/_socket.py", line 97, in _recv
    return sock.recv(bufsize)
TimeoutError: timed out

During handling of the above exception, another exception occurred:

Traceback (most recent call last):
  File "/var/lib/juju/agents/unit-mysql-k8s-1/charm/venv/lib/python3.10/site-packages/ops/pebble.py", line 2890, in exec
    control_ws = self._connect_websocket(task_id, 'control')
  File "/var/lib/juju/agents/unit-mysql-k8s-1/charm/venv/lib/python3.10/site-packages/ops/pebble.py", line 2978, in _connect_websocket
    ws.connect(url, socket=sock)
  File "/var/lib/juju/agents/unit-mysql-k8s-1/charm/venv/lib/python3.10/site-packages/websocket/_core.py", line 261, in connect
    self.handshake_response = handshake(self.sock, url, *addrs, **options)
  File "/var/lib/juju/agents/unit-mysql-k8s-1/charm/venv/lib/python3.10/site-packages/websocket/_handshake.py", line 65, in handshake
    status, resp = _get_resp_headers(sock)
  File "/var/lib/juju/agents/unit-mysql-k8s-1/charm/venv/lib/python3.10/site-packages/websocket/_handshake.py", line 141, in _get_resp_headers
    status, resp_headers, status_message = read_headers(sock)
  File "/var/lib/juju/agents/unit-mysql-k8s-1/charm/venv/lib/python3.10/site-packages/websocket/_http.py", line 351, in read_headers
    line = recv_line(sock)
  File "/var/lib/juju/agents/unit-mysql-k8s-1/charm/venv/lib/python3.10/site-packages/websocket/_socket.py", line 140, in recv_line
    c = recv(sock, 1)
  File "/var/lib/juju/agents/unit-mysql-k8s-1/charm/venv/lib/python3.10/site-packages/websocket/_socket.py", line 120, in recv
    raise WebSocketTimeoutException("Connection timed out")
websocket._exceptions.WebSocketTimeoutException: Connection timed out

The above exception was the direct cause of the following exception:

Traceback (most recent call last):
  File "/var/lib/juju/agents/unit-mysql-k8s-1/charm/src/charm.py", line 1123, in <module>
    main(MySQLOperatorCharm)
  File "/var/lib/juju/agents/unit-mysql-k8s-1/charm/venv/lib/python3.10/site-packages/ops/main.py", line 551, in main
    manager.run()
  File "/var/lib/juju/agents/unit-mysql-k8s-1/charm/venv/lib/python3.10/site-packages/ops/main.py", line 530, in run
    self._emit()
  File "/var/lib/juju/agents/unit-mysql-k8s-1/charm/venv/lib/python3.10/site-packages/ops/main.py", line 519, in _emit
    _emit_charm_event(self.charm, self.dispatcher.event_name)
  File "/var/lib/juju/agents/unit-mysql-k8s-1/charm/venv/lib/python3.10/site-packages/ops/main.py", line 147, in _emit_charm_event
    event_to_emit.emit(*args, **kwargs)
  File "/var/lib/juju/agents/unit-mysql-k8s-1/charm/venv/lib/python3.10/site-packages/ops/framework.py", line 348, in emit
    framework._emit(event)
  File "/var/lib/juju/agents/unit-mysql-k8s-1/charm/venv/lib/python3.10/site-packages/ops/framework.py", line 860, in _emit
    self._reemit(event_path)
  File "/var/lib/juju/agents/unit-mysql-k8s-1/charm/venv/lib/python3.10/site-packages/ops/framework.py", line 950, in _reemit
    custom_handler(event)
  File "/var/lib/juju/agents/unit-mysql-k8s-1/charm/lib/charms/tempo_coordinator_k8s/v0/charm_tracing.py", line 1065, in wrapped_function
    return callable(*args, **kwargs)  # type: ignore
  File "/var/lib/juju/agents/unit-mysql-k8s-1/charm/src/rotate_mysql_logs.py", line 56, in _rotate_mysql_logs
    self.charm._mysql._execute_commands(["logrotate", "-f", LOG_ROTATE_CONFIG_FILE])
  File "/var/lib/juju/agents/unit-mysql-k8s-1/charm/lib/charms/tempo_coordinator_k8s/v0/charm_tracing.py", line 1065, in wrapped_function
    return callable(*args, **kwargs)  # type: ignore
  File "/var/lib/juju/agents/unit-mysql-k8s-1/charm/src/mysql_k8s_helpers.py", line 648, in _execute_commands
    process = self.container.exec(
  File "/var/lib/juju/agents/unit-mysql-k8s-1/charm/venv/lib/python3.10/site-packages/ops/model.py", line 2872, in exec
    return self._pebble.exec(
  File "/var/lib/juju/agents/unit-mysql-k8s-1/charm/venv/lib/python3.10/site-packages/ops/pebble.py", line 2899, in exec
    raise ChangeError(change.err, change) from e
ops.pebble.ChangeError: cannot perform the following tasks:
- Execute command "logrotate" (exec 143: timeout waiting for websocket connections: context deadline exceeded)
----- Logs from task 0 -----
2025-10-21T02:00:06Z ERROR exec 143: timeout waiting for websocket connections: context deadline exceeded
-----
unit-mysql-k8s-1: 02:00:22 ERROR unit.mysql-k8s/1.juju-log Failed to execute mysql-shell command
Traceback (most recent call last):
  File "/var/lib/juju/agents/unit-mysql-k8s-1/charm/src/mysql_k8s_helpers.py", line 714, in _run_mysqlsh_script
    stdout, _ = process.wait_output()
  File "/var/lib/juju/agents/unit-mysql-k8s-1/charm/venv/lib/python3.10/site-packages/ops/pebble.py", line 1771, in wait_output
    raise ExecError[AnyStr](self._command, exit_code, out_value, err_value)
ops.pebble.ExecError: non-zero exit code 1 executing ['/usr/bin/mysqlsh', '--passwords-from-stdin', '--uri=serverconfig@mysql-k8s-2.mysql-k8s-endpoints.testing.svc.cluster.local.:33062', '--python', '--verbose=0', '-c', "shell.options.set('useWizards', False)\nprint('###')\nshell.connect_to_primary()\nprimary_address = shell.parse_uri(session.uri)['host']\nprint(f'<PRIMARY_ADDRESS>{primary_address}</PRIMARY_ADDRESS>')"], stdout="\x1b[1mPlease provide the password for 'serverconfig@mysql-k8s-2.mysql-k8s-endpoints.testing.svc.cluster.local.:33062': \x1b[0m###\n", stderr='Cannot set LC_ALL to locale en_US.UTF-8: No such file or directory\nTraceback (most recent call last):\n  File "<string>", line 3, in <module>\nRuntimeError: Shell.connect_to_primary: No primaries found in an InnoDB cluster\n\n'
unit-mysql-k8s-0: 02:00:22 ERROR unit.mysql-k8s/0.juju-log Failed to execute mysql-shell command
Traceback (most recent call last):
  File "/var/lib/juju/agents/unit-mysql-k8s-0/charm/src/mysql_k8s_helpers.py", line 714, in _run_mysqlsh_script
    stdout, _ = process.wait_output()
  File "/var/lib/juju/agents/unit-mysql-k8s-0/charm/venv/lib/python3.10/site-packages/ops/pebble.py", line 1771, in wait_output
    raise ExecError[AnyStr](self._command, exit_code, out_value, err_value)
ops.pebble.ExecError: non-zero exit code 1 executing ['/usr/bin/mysqlsh', '--passwords-from-stdin', '--uri=serverconfig@mysql-k8s-1.mysql-k8s-endpoints.testing.svc.cluster.local.:33062', '--python', '--verbose=0', '-c', "shell.options.set('useWizards', False)\nprint('###')\nshell.connect_to_primary()\nprimary_address = shell.parse_uri(session.uri)['host']\nprint(f'<PRIMARY_ADDRESS>{primary_address}</PRIMARY_ADDRESS>')"], stdout="\x1b[1mPlease provide the password for 'serverconfig@mysql-k8s-1.mysql-k8s-endpoints.testing.svc.cluster.local.:33062': \x1b[0m###\n", stderr='Cannot set LC_ALL to locale en_US.UTF-8: No such file or directory\nTraceback (most recent call last):\n  File "<string>", line 3, in <module>\nRuntimeError: Shell.connect_to_primary: No primaries found in an InnoDB cluster\n\n'
unit-mysql-k8s-1: 02:00:22 ERROR unit.mysql-k8s/1.juju-log Failed to execute mysql-shell command
Traceback (most recent call last):
  File "/var/lib/juju/agents/unit-mysql-k8s-1/charm/src/mysql_k8s_helpers.py", line 714, in _run_mysqlsh_script
    stdout, _ = process.wait_output()
  File "/var/lib/juju/agents/unit-mysql-k8s-1/charm/venv/lib/python3.10/site-packages/ops/pebble.py", line 1771, in wait_output
    raise ExecError[AnyStr](self._command, exit_code, out_value, err_value)
ops.pebble.ExecError: non-zero exit code 1 executing ['/usr/bin/mysqlsh', '--passwords-from-stdin', '--uri=serverconfig@mysql-k8s-0.mysql-k8s-endpoints.testing.svc.cluster.local.:33062', '--python', '--verbose=0', '-c', "shell.options.set('useWizards', False)\nprint('###')\nshell.connect_to_primary()\nprimary_address = shell.parse_uri(session.uri)['host']\nprint(f'<PRIMARY_ADDRESS>{primary_address}</PRIMARY_ADDRESS>')"], stdout="\x1b[1mPlease provide the password for 'serverconfig@mysql-k8s-0.mysql-k8s-endpoints.testing.svc.cluster.local.:33062': \x1b[0m###\n", stderr='Cannot set LC_ALL to locale en_US.UTF-8: No such file or directory\nTraceback (most recent call last):\n  File "<string>", line 3, in <module>\nRuntimeError: Shell.connect_to_primary: No primaries found in an InnoDB cluster\n\n'
unit-mysql-k8s-2: 02:00:22 ERROR unit.mysql-k8s/2.juju-log Failed to execute mysql-shell command
Traceback (most recent call last):
  File "/var/lib/juju/agents/unit-mysql-k8s-2/charm/src/mysql_k8s_helpers.py", line 714, in _run_mysqlsh_script
    stdout, _ = process.wait_output()
  File "/var/lib/juju/agents/unit-mysql-k8s-2/charm/venv/lib/python3.10/site-packages/ops/pebble.py", line 1771, in wait_output
    raise ExecError[AnyStr](self._command, exit_code, out_value, err_value)
ops.pebble.ExecError: non-zero exit code 1 executing ['/usr/bin/mysqlsh', '--passwords-from-stdin', '--uri=serverconfig@mysql-k8s-0.mysql-k8s-endpoints.testing.svc.cluster.local.:33062', '--python', '--verbose=0', '-c', "shell.options.set('useWizards', False)\nprint('###')\nshell.connect_to_primary()\nprimary_address = shell.parse_uri(session.uri)['host']\nprint(f'<PRIMARY_ADDRESS>{primary_address}</PRIMARY_ADDRESS>')"], stdout="\x1b[1mPlease provide the password for 'serverconfig@mysql-k8s-0.mysql-k8s-endpoints.testing.svc.cluster.local.:33062': \x1b[0m###\n", stderr='Cannot set LC_ALL to locale en_US.UTF-8: No such file or directory\nTraceback (most recent call last):\n  File "<string>", line 3, in <module>\nRuntimeError: Shell.connect_to_primary: No primaries found in an InnoDB cluster\n\n'
unit-mysql-k8s-0: 02:00:22 ERROR unit.mysql-k8s/0.juju-log Failed to execute mysql-shell command
Traceback (most recent call last):
  File "/var/lib/juju/agents/unit-mysql-k8s-0/charm/src/mysql_k8s_helpers.py", line 714, in _run_mysqlsh_script
    stdout, _ = process.wait_output()
  File "/var/lib/juju/agents/unit-mysql-k8s-0/charm/venv/lib/python3.10/site-packages/ops/pebble.py", line 1771, in wait_output
    raise ExecError[AnyStr](self._command, exit_code, out_value, err_value)
ops.pebble.ExecError: non-zero exit code 1 executing ['/usr/bin/mysqlsh', '--passwords-from-stdin', '--uri=serverconfig@mysql-k8s-2.mysql-k8s-endpoints.testing.svc.cluster.local.:33062', '--python', '--verbose=0', '-c', "shell.options.set('useWizards', False)\nprint('###')\nshell.connect_to_primary()\nprimary_address = shell.parse_uri(session.uri)['host']\nprint(f'<PRIMARY_ADDRESS>{primary_address}</PRIMARY_ADDRESS>')"], stdout="\x1b[1mPlease provide the password for 'serverconfig@mysql-k8s-2.mysql-k8s-endpoints.testing.svc.cluster.local.:33062': \x1b[0m###\n", stderr='Cannot set LC_ALL to locale en_US.UTF-8: No such file or directory\nTraceback (most recent call last):\n  File "<string>", line 3, in <module>\nRuntimeError: Shell.connect_to_primary: No primaries found in an InnoDB cluster\n\n'
unit-mysql-k8s-2: 02:00:23 ERROR unit.mysql-k8s/2.juju-log Failed to execute mysql-shell command
Traceback (most recent call last):
  File "/var/lib/juju/agents/unit-mysql-k8s-2/charm/src/mysql_k8s_helpers.py", line 714, in _run_mysqlsh_script
    stdout, _ = process.wait_output()
  File "/var/lib/juju/agents/unit-mysql-k8s-2/charm/venv/lib/python3.10/site-packages/ops/pebble.py", line 1771, in wait_output
    raise ExecError[AnyStr](self._command, exit_code, out_value, err_value)
ops.pebble.ExecError: non-zero exit code 1 executing ['/usr/bin/mysqlsh', '--passwords-from-stdin', '--uri=serverconfig@mysql-k8s-1.mysql-k8s-endpoints.testing.svc.cluster.local.:33062', '--python', '--verbose=0', '-c', "shell.options.set('useWizards', False)\nprint('###')\nshell.connect_to_primary()\nprimary_address = shell.parse_uri(session.uri)['host']\nprint(f'<PRIMARY_ADDRESS>{primary_address}</PRIMARY_ADDRESS>')"], stdout="\x1b[1mPlease provide the password for 'serverconfig@mysql-k8s-1.mysql-k8s-endpoints.testing.svc.cluster.local.:33062': \x1b[0m###\n", stderr='Cannot set LC_ALL to locale en_US.UTF-8: No such file or directory\nTraceback (most recent call last):\n  File "<string>", line 3, in <module>\nRuntimeError: Shell.connect_to_primary: No primaries found in an InnoDB cluster\n\n'
unit-mysql-k8s-1: 02:00:23 ERROR unit.mysql-k8s/1.juju-log Failed to execute mysql-shell command
Traceback (most recent call last):
  File "/var/lib/juju/agents/unit-mysql-k8s-1/charm/src/mysql_k8s_helpers.py", line 714, in _run_mysqlsh_script
    stdout, _ = process.wait_output()
  File "/var/lib/juju/agents/unit-mysql-k8s-1/charm/venv/lib/python3.10/site-packages/ops/pebble.py", line 1771, in wait_output
    raise ExecError[AnyStr](self._command, exit_code, out_value, err_value)
ops.pebble.ExecError: non-zero exit code 1 executing ['/usr/bin/mysqlsh', '--passwords-from-stdin', '--uri=serverconfig@mysql-k8s-1.mysql-k8s-endpoints.testing.svc.cluster.local.:33062', '--python', '--verbose=0', '-c', "shell.options.set('useWizards', False)\nprint('###')\ncluster = dba.get_cluster('test_cluster')\nprint(cluster.status({'extended': False}))"], stdout="\x1b[1mPlease provide the password for 'serverconfig@mysql-k8s-1.mysql-k8s-endpoints.testing.svc.cluster.local.:33062': \x1b[0m###\n", stderr='Cannot set LC_ALL to locale en_US.UTF-8: No such file or directory\nTraceback (most recent call last):\n  File "<string>", line 3, in <module>\nmysqlsh.Error: Shell Error (51314): Dba.get_cluster: This function is not available through a session to an InnoDB Cluster that belongs to an InnoDB ClusterSet but is not ONLINE\n'
unit-mysql-k8s-1: 02:00:23 ERROR unit.mysql-k8s/1.juju-log Failed to get cluster status for test_cluster
unit-mysql-k8s-0: 02:00:23 ERROR unit.mysql-k8s/0.juju-log Failed to execute mysql-shell command
Traceback (most recent call last):
  File "/var/lib/juju/agents/unit-mysql-k8s-0/charm/src/mysql_k8s_helpers.py", line 714, in _run_mysqlsh_script
    stdout, _ = process.wait_output()
  File "/var/lib/juju/agents/unit-mysql-k8s-0/charm/venv/lib/python3.10/site-packages/ops/pebble.py", line 1771, in wait_output
    raise ExecError[AnyStr](self._command, exit_code, out_value, err_value)
ops.pebble.ExecError: non-zero exit code 1 executing ['/usr/bin/mysqlsh', '--passwords-from-stdin', '--uri=serverconfig@mysql-k8s-0.mysql-k8s-endpoints.testing.svc.cluster.local.:33062', '--python', '--verbose=0', '-c', "shell.options.set('useWizards', False)\nprint('###')\ncluster = dba.get_cluster('test_cluster')\nprint(cluster.status({'extended': False}))"], stdout="\x1b[1mPlease provide the password for 'serverconfig@mysql-k8s-0.mysql-k8s-endpoints.testing.svc.cluster.local.:33062': \x1b[0m###\n", stderr='Cannot set LC_ALL to locale en_US.UTF-8: No such file or directory\nTraceback (most recent call last):\n  File "<string>", line 3, in <module>\nmysqlsh.Error: Shell Error (51314): Dba.get_cluster: This function is not available through a session to an InnoDB Cluster that belongs to an InnoDB ClusterSet but is not ONLINE\n'
unit-mysql-k8s-0: 02:00:23 ERROR unit.mysql-k8s/0.juju-log Failed to get cluster status for test_cluster
unit-mysql-k8s-1: 02:00:23 ERROR unit.mysql-k8s/1.juju-log Failed to get cluster endpoints
Traceback (most recent call last):
  File "/var/lib/juju/agents/unit-mysql-k8s-1/charm/src/mysql_k8s_helpers.py", line 896, in update_endpoints
    rw_endpoints, ro_endpoints, offline = self.charm.get_cluster_endpoints(relation_name)
  File "/var/lib/juju/agents/unit-mysql-k8s-1/charm/lib/charms/tempo_coordinator_k8s/v0/charm_tracing.py", line 1065, in wrapped_function
    return callable(*args, **kwargs)  # type: ignore
  File "/var/lib/juju/agents/unit-mysql-k8s-1/charm/lib/charms/mysql/v0/mysql.py", line 889, in get_cluster_endpoints
    raise MySQLGetClusterEndpointsError("Failed to get endpoints from cluster topology")
charms.mysql.v0.mysql.MySQLGetClusterEndpointsError: Failed to get endpoints from cluster topology
unit-mysql-k8s-2: 02:00:24 ERROR unit.mysql-k8s/2.juju-log Failed to execute mysql-shell command
Traceback (most recent call last):
  File "/var/lib/juju/agents/unit-mysql-k8s-2/charm/src/mysql_k8s_helpers.py", line 714, in _run_mysqlsh_script
    stdout, _ = process.wait_output()
  File "/var/lib/juju/agents/unit-mysql-k8s-2/charm/venv/lib/python3.10/site-packages/ops/pebble.py", line 1771, in wait_output
    raise ExecError[AnyStr](self._command, exit_code, out_value, err_value)
ops.pebble.ExecError: non-zero exit code 1 executing ['/usr/bin/mysqlsh', '--passwords-from-stdin', '--uri=serverconfig@mysql-k8s-2.mysql-k8s-endpoints.testing.svc.cluster.local.:33062', '--python', '--verbose=0', '-c', "shell.options.set('useWizards', False)\nprint('###')\ncluster = dba.get_cluster('test_cluster')\nprint(cluster.status({'extended': False}))"], stdout="\x1b[1mPlease provide the password for 'serverconfig@mysql-k8s-2.mysql-k8s-endpoints.testing.svc.cluster.local.:33062': \x1b[0m###\n", stderr='Cannot set LC_ALL to locale en_US.UTF-8: No such file or directory\nTraceback (most recent call last):\n  File "<string>", line 3, in <module>\nmysqlsh.Error: Shell Error (51314): Dba.get_cluster: This function is not available through a session to an InnoDB Cluster that belongs to an InnoDB ClusterSet but is not ONLINE\n'
unit-mysql-k8s-2: 02:00:24 ERROR unit.mysql-k8s/2.juju-log Failed to get cluster status for test_cluster
unit-mysql-k8s-0: 02:00:24 ERROR unit.mysql-k8s/0.juju-log Failed to get cluster endpoints
Traceback (most recent call last):
  File "/var/lib/juju/agents/unit-mysql-k8s-0/charm/src/mysql_k8s_helpers.py", line 896, in update_endpoints
    rw_endpoints, ro_endpoints, offline = self.charm.get_cluster_endpoints(relation_name)
  File "/var/lib/juju/agents/unit-mysql-k8s-0/charm/lib/charms/tempo_coordinator_k8s/v0/charm_tracing.py", line 1065, in wrapped_function
    return callable(*args, **kwargs)  # type: ignore
  File "/var/lib/juju/agents/unit-mysql-k8s-0/charm/lib/charms/mysql/v0/mysql.py", line 889, in get_cluster_endpoints
    raise MySQLGetClusterEndpointsError("Failed to get endpoints from cluster topology")
charms.mysql.v0.mysql.MySQLGetClusterEndpointsError: Failed to get endpoints from cluster topology
unit-mysql-k8s-2: 02:00:24 ERROR unit.mysql-k8s/2.juju-log Failed to get cluster endpoints
Traceback (most recent call last):
  File "/var/lib/juju/agents/unit-mysql-k8s-2/charm/src/mysql_k8s_helpers.py", line 896, in update_endpoints
    rw_endpoints, ro_endpoints, offline = self.charm.get_cluster_endpoints(relation_name)
  File "/var/lib/juju/agents/unit-mysql-k8s-2/charm/lib/charms/tempo_coordinator_k8s/v0/charm_tracing.py", line 1065, in wrapped_function
    return callable(*args, **kwargs)  # type: ignore
  File "/var/lib/juju/agents/unit-mysql-k8s-2/charm/lib/charms/mysql/v0/mysql.py", line 889, in get_cluster_endpoints
    raise MySQLGetClusterEndpointsError("Failed to get endpoints from cluster topology")
charms.mysql.v0.mysql.MySQLGetClusterEndpointsError: Failed to get endpoints from cluster topology
unit-mysql-k8s-0: 02:01:30 ERROR unit.mysql-k8s/0.juju-log Failed to execute mysql-shell command
Traceback (most recent call last):
  File "/var/lib/juju/agents/unit-mysql-k8s-0/charm/src/mysql_k8s_helpers.py", line 714, in _run_mysqlsh_script
    stdout, _ = process.wait_output()
  File "/var/lib/juju/agents/unit-mysql-k8s-0/charm/venv/lib/python3.10/site-packages/ops/pebble.py", line 1771, in wait_output
    raise ExecError[AnyStr](self._command, exit_code, out_value, err_value)
ops.pebble.ExecError: non-zero exit code 1 executing ['/usr/bin/mysqlsh', '--passwords-from-stdin', '--uri=serverconfig@mysql-k8s-0.mysql-k8s-endpoints.testing.svc.cluster.local.:33062', '--python', '--verbose=0', '-c', "shell.options.set('useWizards', False)\nprint('###')\ncluster = dba.get_cluster('test_cluster')\nprint(cluster.status({'extended': False}))"], stdout="\x1b[1mPlease provide the password for 'serverconfig@mysql-k8s-0.mysql-k8s-endpoints.testing.svc.cluster.local.:33062': \x1b[0m###\n", stderr='Cannot set LC_ALL to locale en_US.UTF-8: No such file or directory\nTraceback (most recent call last):\n  File "<string>", line 3, in <module>\nmysqlsh.Error: Shell Error (51314): Dba.get_cluster: This function is not available through a session to an InnoDB Cluster that belongs to an InnoDB ClusterSet but is not ONLINE\n'
unit-mysql-k8s-0: 02:01:30 ERROR unit.mysql-k8s/0.juju-log Failed to get cluster status for test_cluster
unit-mysql-k8s-0: 02:01:30 ERROR unit.mysql-k8s/0.juju-log Failed to get cluster endpoints
Traceback (most recent call last):
  File "/var/lib/juju/agents/unit-mysql-k8s-0/charm/src/mysql_k8s_helpers.py", line 896, in update_endpoints
    rw_endpoints, ro_endpoints, offline = self.charm.get_cluster_endpoints(relation_name)
  File "/var/lib/juju/agents/unit-mysql-k8s-0/charm/lib/charms/tempo_coordinator_k8s/v0/charm_tracing.py", line 1065, in wrapped_function
    return callable(*args, **kwargs)  # type: ignore
  File "/var/lib/juju/agents/unit-mysql-k8s-0/charm/lib/charms/mysql/v0/mysql.py", line 889, in get_cluster_endpoints
    raise MySQLGetClusterEndpointsError("Failed to get endpoints from cluster topology")
charms.mysql.v0.mysql.MySQLGetClusterEndpointsError: Failed to get endpoints from cluster topology
unit-mysql-k8s-1: 02:01:36 ERROR unit.mysql-k8s/1.juju-log Failed to execute mysql-shell command
Traceback (most recent call last):
  File "/var/lib/juju/agents/unit-mysql-k8s-1/charm/src/mysql_k8s_helpers.py", line 714, in _run_mysqlsh_script
    stdout, _ = process.wait_output()
  File "/var/lib/juju/agents/unit-mysql-k8s-1/charm/venv/lib/python3.10/site-packages/ops/pebble.py", line 1771, in wait_output
    raise ExecError[AnyStr](self._command, exit_code, out_value, err_value)
ops.pebble.ExecError: non-zero exit code 1 executing ['/usr/bin/mysqlsh', '--passwords-from-stdin', '--uri=serverconfig@mysql-k8s-1.mysql-k8s-endpoints.testing.svc.cluster.local.:33062', '--python', '--verbose=0', '-c', "shell.options.set('useWizards', False)\nprint('###')\ncluster = dba.get_cluster('test_cluster')\nprint(cluster.status({'extended': False}))"], stdout="\x1b[1mPlease provide the password for 'serverconfig@mysql-k8s-1.mysql-k8s-endpoints.testing.svc.cluster.local.:33062': \x1b[0m###\n", stderr='Cannot set LC_ALL to locale en_US.UTF-8: No such file or directory\nTraceback (most recent call last):\n  File "<string>", line 3, in <module>\nmysqlsh.Error: Shell Error (51314): Dba.get_cluster: This function is not available through a session to an InnoDB Cluster that belongs to an InnoDB ClusterSet but is not ONLINE\n'
unit-mysql-k8s-1: 02:01:36 ERROR unit.mysql-k8s/1.juju-log Failed to get cluster status for test_cluster
unit-mysql-k8s-1: 02:01:36 ERROR unit.mysql-k8s/1.juju-log Failed to get cluster endpoints
Traceback (most recent call last):
  File "/var/lib/juju/agents/unit-mysql-k8s-1/charm/src/mysql_k8s_helpers.py", line 896, in update_endpoints
    rw_endpoints, ro_endpoints, offline = self.charm.get_cluster_endpoints(relation_name)
  File "/var/lib/juju/agents/unit-mysql-k8s-1/charm/lib/charms/tempo_coordinator_k8s/v0/charm_tracing.py", line 1065, in wrapped_function
    return callable(*args, **kwargs)  # type: ignore
  File "/var/lib/juju/agents/unit-mysql-k8s-1/charm/lib/charms/mysql/v0/mysql.py", line 889, in get_cluster_endpoints
    raise MySQLGetClusterEndpointsError("Failed to get endpoints from cluster topology")
charms.mysql.v0.mysql.MySQLGetClusterEndpointsError: Failed to get endpoints from cluster topology

[32mINFO    [0m pytest_operator.plugin:plugin.py:862 Forgetting main...