[32mINFO    [0m pytest_operator.plugin:plugin.py:790 Model status:

Model    Controller          Cloud/Region        Version  SLA          Timestamp
testing  concierge-microk8s  microk8s/localhost  3.6.5    unsupported  01:45:41Z

App             Version                  Status   Scale  Charm           Channel      Rev  Address         Exposed  Message
mysql-k8s       8.0.41-0ubuntu0.22.04.1  waiting      3  mysql-k8s                      0  10.152.183.32   no       installing agent
mysql-test-app  0.0.2                    waiting      2  mysql-test-app  latest/edge   73  10.152.183.174  no       

Unit               Workload     Agent  Address      Ports  Message
mysql-k8s/0*       active       idle   10.1.107.77         Primary
mysql-k8s/1        maintenance  idle   10.1.107.78         Unable to get member state
mysql-k8s/2        active       idle   10.1.107.79         
mysql-test-app/0*  waiting      idle   10.1.107.72         
mysql-test-app/1   waiting      idle   10.1.107.73         

[32mINFO    [0m pytest_operator.plugin:plugin.py:796 Juju error logs:

unit-mysql-k8s-1: 01:29:52 ERROR unit.mysql-k8s/1.juju-log Failed to execute MySQL cli command
Traceback (most recent call last):
  File "/var/lib/juju/agents/unit-mysql-k8s-1/charm/venv/lib/python3.10/site-packages/websocket/_socket.py", line 118, in recv
    bytes_ = _recv()
  File "/var/lib/juju/agents/unit-mysql-k8s-1/charm/venv/lib/python3.10/site-packages/websocket/_socket.py", line 97, in _recv
    return sock.recv(bufsize)
TimeoutError: timed out

During handling of the above exception, another exception occurred:

Traceback (most recent call last):
  File "/var/lib/juju/agents/unit-mysql-k8s-1/charm/venv/lib/python3.10/site-packages/ops/pebble.py", line 2890, in exec
    control_ws = self._connect_websocket(task_id, 'control')
  File "/var/lib/juju/agents/unit-mysql-k8s-1/charm/venv/lib/python3.10/site-packages/ops/pebble.py", line 2978, in _connect_websocket
    ws.connect(url, socket=sock)
  File "/var/lib/juju/agents/unit-mysql-k8s-1/charm/venv/lib/python3.10/site-packages/websocket/_core.py", line 261, in connect
    self.handshake_response = handshake(self.sock, url, *addrs, **options)
  File "/var/lib/juju/agents/unit-mysql-k8s-1/charm/venv/lib/python3.10/site-packages/websocket/_handshake.py", line 65, in handshake
    status, resp = _get_resp_headers(sock)
  File "/var/lib/juju/agents/unit-mysql-k8s-1/charm/venv/lib/python3.10/site-packages/websocket/_handshake.py", line 141, in _get_resp_headers
    status, resp_headers, status_message = read_headers(sock)
  File "/var/lib/juju/agents/unit-mysql-k8s-1/charm/venv/lib/python3.10/site-packages/websocket/_http.py", line 351, in read_headers
    line = recv_line(sock)
  File "/var/lib/juju/agents/unit-mysql-k8s-1/charm/venv/lib/python3.10/site-packages/websocket/_socket.py", line 140, in recv_line
    c = recv(sock, 1)
  File "/var/lib/juju/agents/unit-mysql-k8s-1/charm/venv/lib/python3.10/site-packages/websocket/_socket.py", line 120, in recv
    raise WebSocketTimeoutException("Connection timed out")
websocket._exceptions.WebSocketTimeoutException: Connection timed out

The above exception was the direct cause of the following exception:

Traceback (most recent call last):
  File "/var/lib/juju/agents/unit-mysql-k8s-1/charm/src/mysql_k8s_helpers.py", line 768, in _run_mysqlcli_script
    process = self.container.exec(command, timeout=timeout, stdin=password)
  File "/var/lib/juju/agents/unit-mysql-k8s-1/charm/venv/lib/python3.10/site-packages/ops/model.py", line 2872, in exec
    return self._pebble.exec(
  File "/var/lib/juju/agents/unit-mysql-k8s-1/charm/venv/lib/python3.10/site-packages/ops/pebble.py", line 2899, in exec
    raise ChangeError(change.err, change) from e
ops.pebble.ChangeError: cannot perform the following tasks:
- Execute command "/usr/bin/mysql" (exec 13: timeout waiting for websocket connections: context deadline exceeded)
----- Logs from task 0 -----
2025-05-11T01:29:52Z ERROR exec 13: timeout waiting for websocket connections: context deadline exceeded
-----
unit-mysql-k8s-1: 01:29:52 ERROR unit.mysql-k8s/1.juju-log Failed to get installed plugins
unit-mysql-k8s-1: 01:29:52 ERROR unit.mysql-k8s/1.juju-log Uncaught exception while in charm code:
Traceback (most recent call last):
  File "/var/lib/juju/agents/unit-mysql-k8s-1/charm/venv/lib/python3.10/site-packages/websocket/_socket.py", line 118, in recv
    bytes_ = _recv()
  File "/var/lib/juju/agents/unit-mysql-k8s-1/charm/venv/lib/python3.10/site-packages/websocket/_socket.py", line 97, in _recv
    return sock.recv(bufsize)
TimeoutError: timed out

During handling of the above exception, another exception occurred:

Traceback (most recent call last):
  File "/var/lib/juju/agents/unit-mysql-k8s-1/charm/venv/lib/python3.10/site-packages/ops/pebble.py", line 2890, in exec
    control_ws = self._connect_websocket(task_id, 'control')
  File "/var/lib/juju/agents/unit-mysql-k8s-1/charm/venv/lib/python3.10/site-packages/ops/pebble.py", line 2978, in _connect_websocket
    ws.connect(url, socket=sock)
  File "/var/lib/juju/agents/unit-mysql-k8s-1/charm/venv/lib/python3.10/site-packages/websocket/_core.py", line 261, in connect
    self.handshake_response = handshake(self.sock, url, *addrs, **options)
  File "/var/lib/juju/agents/unit-mysql-k8s-1/charm/venv/lib/python3.10/site-packages/websocket/_handshake.py", line 65, in handshake
    status, resp = _get_resp_headers(sock)
  File "/var/lib/juju/agents/unit-mysql-k8s-1/charm/venv/lib/python3.10/site-packages/websocket/_handshake.py", line 141, in _get_resp_headers
    status, resp_headers, status_message = read_headers(sock)
  File "/var/lib/juju/agents/unit-mysql-k8s-1/charm/venv/lib/python3.10/site-packages/websocket/_http.py", line 351, in read_headers
    line = recv_line(sock)
  File "/var/lib/juju/agents/unit-mysql-k8s-1/charm/venv/lib/python3.10/site-packages/websocket/_socket.py", line 140, in recv_line
    c = recv(sock, 1)
  File "/var/lib/juju/agents/unit-mysql-k8s-1/charm/venv/lib/python3.10/site-packages/websocket/_socket.py", line 120, in recv
    raise WebSocketTimeoutException("Connection timed out")
websocket._exceptions.WebSocketTimeoutException: Connection timed out

The above exception was the direct cause of the following exception:

Traceback (most recent call last):
  File "/var/lib/juju/agents/unit-mysql-k8s-1/charm/src/mysql_k8s_helpers.py", line 768, in _run_mysqlcli_script
    process = self.container.exec(command, timeout=timeout, stdin=password)
  File "/var/lib/juju/agents/unit-mysql-k8s-1/charm/venv/lib/python3.10/site-packages/ops/model.py", line 2872, in exec
    return self._pebble.exec(
  File "/var/lib/juju/agents/unit-mysql-k8s-1/charm/venv/lib/python3.10/site-packages/ops/pebble.py", line 2899, in exec
    raise ChangeError(change.err, change) from e
ops.pebble.ChangeError: cannot perform the following tasks:
- Execute command "/usr/bin/mysql" (exec 13: timeout waiting for websocket connections: context deadline exceeded)
----- Logs from task 0 -----
2025-05-11T01:29:52Z ERROR exec 13: timeout waiting for websocket connections: context deadline exceeded
-----

During handling of the above exception, another exception occurred:

Traceback (most recent call last):
  File "/var/lib/juju/agents/unit-mysql-k8s-1/charm/lib/charms/mysql/v0/mysql.py", line 1123, in install_plugins
    installed_plugins = self._get_installed_plugins()
  File "/var/lib/juju/agents/unit-mysql-k8s-1/charm/lib/charms/tempo_coordinator_k8s/v0/charm_tracing.py", line 1065, in wrapped_function
    return callable(*args, **kwargs)  # type: ignore
  File "/var/lib/juju/agents/unit-mysql-k8s-1/charm/lib/charms/mysql/v0/mysql.py", line 1201, in _get_installed_plugins
    output = self._run_mysqlcli_script(
  File "/var/lib/juju/agents/unit-mysql-k8s-1/charm/lib/charms/tempo_coordinator_k8s/v0/charm_tracing.py", line 1065, in wrapped_function
    return callable(*args, **kwargs)  # type: ignore
  File "/var/lib/juju/agents/unit-mysql-k8s-1/charm/src/mysql_k8s_helpers.py", line 780, in _run_mysqlcli_script
    raise MySQLClientError
charms.mysql.v0.mysql.MySQLClientError

During handling of the above exception, another exception occurred:

Traceback (most recent call last):
  File "/var/lib/juju/agents/unit-mysql-k8s-1/charm/src/charm.py", line 1104, in <module>
    main(MySQLOperatorCharm)
  File "/var/lib/juju/agents/unit-mysql-k8s-1/charm/venv/lib/python3.10/site-packages/ops/main.py", line 551, in main
    manager.run()
  File "/var/lib/juju/agents/unit-mysql-k8s-1/charm/venv/lib/python3.10/site-packages/ops/main.py", line 530, in run
    self._emit()
  File "/var/lib/juju/agents/unit-mysql-k8s-1/charm/venv/lib/python3.10/site-packages/ops/main.py", line 519, in _emit
    _emit_charm_event(self.charm, self.dispatcher.event_name)
  File "/var/lib/juju/agents/unit-mysql-k8s-1/charm/venv/lib/python3.10/site-packages/ops/main.py", line 147, in _emit_charm_event
    event_to_emit.emit(*args, **kwargs)
  File "/var/lib/juju/agents/unit-mysql-k8s-1/charm/venv/lib/python3.10/site-packages/ops/framework.py", line 348, in emit
    framework._emit(event)
  File "/var/lib/juju/agents/unit-mysql-k8s-1/charm/venv/lib/python3.10/site-packages/ops/framework.py", line 860, in _emit
    self._reemit(event_path)
  File "/var/lib/juju/agents/unit-mysql-k8s-1/charm/venv/lib/python3.10/site-packages/ops/framework.py", line 950, in _reemit
    custom_handler(event)
  File "/var/lib/juju/agents/unit-mysql-k8s-1/charm/lib/charms/tempo_coordinator_k8s/v0/charm_tracing.py", line 1065, in wrapped_function
    return callable(*args, **kwargs)  # type: ignore
  File "/var/lib/juju/agents/unit-mysql-k8s-1/charm/src/charm.py", line 831, in _on_mysql_pebble_ready
    self._configure_instance(container)
  File "/var/lib/juju/agents/unit-mysql-k8s-1/charm/lib/charms/tempo_coordinator_k8s/v0/charm_tracing.py", line 1065, in wrapped_function
    return callable(*args, **kwargs)  # type: ignore
  File "/var/lib/juju/agents/unit-mysql-k8s-1/charm/src/charm.py", line 735, in _configure_instance
    self._mysql.install_plugins(["binlog_utils_udf"])
  File "/var/lib/juju/agents/unit-mysql-k8s-1/charm/lib/charms/tempo_coordinator_k8s/v0/charm_tracing.py", line 1065, in wrapped_function
    return callable(*args, **kwargs)  # type: ignore
  File "/var/lib/juju/agents/unit-mysql-k8s-1/charm/lib/charms/mysql/v0/mysql.py", line 1159, in install_plugins
    logger.error(f"Failed to install {plugin=}")  # type: ignore
UnboundLocalError: local variable 'plugin' referenced before assignment
unit-mysql-k8s-1: 01:29:53 ERROR juju.worker.uniter.operation hook "mysql-pebble-ready" (via hook dispatching script: dispatch) failed: exit status 1
unit-mysql-k8s-1: 01:29:53 ERROR juju.worker.uniter pebble poll failed for container "mysql": failed to send pebble-ready event: hook failed
unit-mysql-k8s-1: 01:30:28 ERROR unit.mysql-k8s/1.juju-log Failed to execute MySQL cli command
Traceback (most recent call last):
  File "/var/lib/juju/agents/unit-mysql-k8s-1/charm/src/mysql_k8s_helpers.py", line 772, in _run_mysqlcli_script
    stdout, _ = process.wait_output()
  File "/var/lib/juju/agents/unit-mysql-k8s-1/charm/venv/lib/python3.10/site-packages/ops/pebble.py", line 1771, in wait_output
    raise ExecError[AnyStr](self._command, exit_code, out_value, err_value)
ops.pebble.ExecError: non-zero exit code 1 executing ['/usr/bin/mysql', '-u', 'clusteradmin', '-p', '-N', '--socket=/var/run/mysqld/mysqld.sock', '-e', 'SELECT MEMBER_STATE, MEMBER_ROLE, MEMBER_ID, @@server_uuid FROM performance_schema.replication_group_members'], stdout='', stderr="Enter password: ERROR 1045 (28000): Access denied for user 'clusteradmin'@'localhost' (using password: YES)\n"
unit-mysql-k8s-1: 01:30:28 ERROR unit.mysql-k8s/1.juju-log Failed to get member state: mysqld daemon is down
unit-mysql-k8s-1: 01:30:38 ERROR unit.mysql-k8s/1.juju-log Failed to execute MySQL cli command
Traceback (most recent call last):
  File "/var/lib/juju/agents/unit-mysql-k8s-1/charm/src/mysql_k8s_helpers.py", line 772, in _run_mysqlcli_script
    stdout, _ = process.wait_output()
  File "/var/lib/juju/agents/unit-mysql-k8s-1/charm/venv/lib/python3.10/site-packages/ops/pebble.py", line 1771, in wait_output
    raise ExecError[AnyStr](self._command, exit_code, out_value, err_value)
ops.pebble.ExecError: non-zero exit code 1 executing ['/usr/bin/mysql', '-u', 'clusteradmin', '-p', '-N', '--socket=/var/run/mysqld/mysqld.sock', '-e', 'SELECT MEMBER_STATE, MEMBER_ROLE, MEMBER_ID, @@server_uuid FROM performance_schema.replication_group_members'], stdout='', stderr="Enter password: ERROR 1045 (28000): Access denied for user 'clusteradmin'@'localhost' (using password: YES)\n"
unit-mysql-k8s-1: 01:30:38 ERROR unit.mysql-k8s/1.juju-log Failed to get member state: mysqld daemon is down
unit-mysql-k8s-1: 01:30:48 ERROR unit.mysql-k8s/1.juju-log Failed to execute MySQL cli command
Traceback (most recent call last):
  File "/var/lib/juju/agents/unit-mysql-k8s-1/charm/src/mysql_k8s_helpers.py", line 772, in _run_mysqlcli_script
    stdout, _ = process.wait_output()
  File "/var/lib/juju/agents/unit-mysql-k8s-1/charm/venv/lib/python3.10/site-packages/ops/pebble.py", line 1771, in wait_output
    raise ExecError[AnyStr](self._command, exit_code, out_value, err_value)
ops.pebble.ExecError: non-zero exit code 1 executing ['/usr/bin/mysql', '-u', 'clusteradmin', '-p', '-N', '--socket=/var/run/mysqld/mysqld.sock', '-e', 'SELECT MEMBER_STATE, MEMBER_ROLE, MEMBER_ID, @@server_uuid FROM performance_schema.replication_group_members'], stdout='', stderr="Enter password: ERROR 1045 (28000): Access denied for user 'clusteradmin'@'localhost' (using password: YES)\n"
unit-mysql-k8s-1: 01:30:48 ERROR unit.mysql-k8s/1.juju-log Failed to get member state: mysqld daemon is down
unit-mysql-k8s-1: 01:30:48 ERROR unit.mysql-k8s/1.juju-log Error getting member state while checking if cluster is blocked
unit-mysql-k8s-1: 01:30:48 ERROR unit.mysql-k8s/1.juju-log Failed to execute MySQL cli command
Traceback (most recent call last):
  File "/var/lib/juju/agents/unit-mysql-k8s-1/charm/src/mysql_k8s_helpers.py", line 772, in _run_mysqlcli_script
    stdout, _ = process.wait_output()
  File "/var/lib/juju/agents/unit-mysql-k8s-1/charm/venv/lib/python3.10/site-packages/ops/pebble.py", line 1771, in wait_output
    raise ExecError[AnyStr](self._command, exit_code, out_value, err_value)
ops.pebble.ExecError: non-zero exit code 1 executing ['/usr/bin/mysql', '-u', 'clusteradmin', '-p', '-N', '--socket=/var/run/mysqld/mysqld.sock', '-e', 'SELECT MEMBER_STATE, MEMBER_ROLE, MEMBER_ID, @@server_uuid FROM performance_schema.replication_group_members'], stdout='', stderr="Enter password: ERROR 1045 (28000): Access denied for user 'clusteradmin'@'localhost' (using password: YES)\n"
unit-mysql-k8s-1: 01:30:48 ERROR unit.mysql-k8s/1.juju-log Failed to get member state: mysqld daemon is down
unit-mysql-k8s-1: 01:30:58 ERROR unit.mysql-k8s/1.juju-log Failed to execute MySQL cli command
Traceback (most recent call last):
  File "/var/lib/juju/agents/unit-mysql-k8s-1/charm/src/mysql_k8s_helpers.py", line 772, in _run_mysqlcli_script
    stdout, _ = process.wait_output()
  File "/var/lib/juju/agents/unit-mysql-k8s-1/charm/venv/lib/python3.10/site-packages/ops/pebble.py", line 1771, in wait_output
    raise ExecError[AnyStr](self._command, exit_code, out_value, err_value)
ops.pebble.ExecError: non-zero exit code 1 executing ['/usr/bin/mysql', '-u', 'clusteradmin', '-p', '-N', '--socket=/var/run/mysqld/mysqld.sock', '-e', 'SELECT MEMBER_STATE, MEMBER_ROLE, MEMBER_ID, @@server_uuid FROM performance_schema.replication_group_members'], stdout='', stderr="Enter password: ERROR 1045 (28000): Access denied for user 'clusteradmin'@'localhost' (using password: YES)\n"
unit-mysql-k8s-1: 01:30:58 ERROR unit.mysql-k8s/1.juju-log Failed to get member state: mysqld daemon is down
unit-mysql-k8s-1: 01:31:08 ERROR unit.mysql-k8s/1.juju-log Failed to execute MySQL cli command
Traceback (most recent call last):
  File "/var/lib/juju/agents/unit-mysql-k8s-1/charm/src/mysql_k8s_helpers.py", line 772, in _run_mysqlcli_script
    stdout, _ = process.wait_output()
  File "/var/lib/juju/agents/unit-mysql-k8s-1/charm/venv/lib/python3.10/site-packages/ops/pebble.py", line 1771, in wait_output
    raise ExecError[AnyStr](self._command, exit_code, out_value, err_value)
ops.pebble.ExecError: non-zero exit code 1 executing ['/usr/bin/mysql', '-u', 'clusteradmin', '-p', '-N', '--socket=/var/run/mysqld/mysqld.sock', '-e', 'SELECT MEMBER_STATE, MEMBER_ROLE, MEMBER_ID, @@server_uuid FROM performance_schema.replication_group_members'], stdout='', stderr="Enter password: ERROR 1045 (28000): Access denied for user 'clusteradmin'@'localhost' (using password: YES)\n"
unit-mysql-k8s-1: 01:31:08 ERROR unit.mysql-k8s/1.juju-log Failed to get member state: mysqld daemon is down
unit-mysql-k8s-1: 01:31:08 ERROR unit.mysql-k8s/1.juju-log Error getting member state while checking if cluster is blocked
unit-mysql-k8s-1: 01:31:32 ERROR unit.mysql-k8s/1.juju-log Failed to execute MySQL cli command
Traceback (most recent call last):
  File "/var/lib/juju/agents/unit-mysql-k8s-1/charm/src/mysql_k8s_helpers.py", line 772, in _run_mysqlcli_script
    stdout, _ = process.wait_output()
  File "/var/lib/juju/agents/unit-mysql-k8s-1/charm/venv/lib/python3.10/site-packages/ops/pebble.py", line 1771, in wait_output
    raise ExecError[AnyStr](self._command, exit_code, out_value, err_value)
ops.pebble.ExecError: non-zero exit code 1 executing ['/usr/bin/mysql', '-u', 'clusteradmin', '-p', '-N', '--socket=/var/run/mysqld/mysqld.sock', '-e', 'SELECT MEMBER_STATE, MEMBER_ROLE, MEMBER_ID, @@server_uuid FROM performance_schema.replication_group_members'], stdout='', stderr="Enter password: ERROR 1045 (28000): Access denied for user 'clusteradmin'@'localhost' (using password: YES)\n"
unit-mysql-k8s-1: 01:31:32 ERROR unit.mysql-k8s/1.juju-log Failed to get member state: mysqld daemon is down
unit-mysql-k8s-0: 01:31:32 ERROR unit.mysql-k8s/0.juju-log get_unit_address: unit DNS domain name is not fully propagated yet, trying again
unit-mysql-k8s-0: 01:31:34 ERROR unit.mysql-k8s/0.juju-log get_unit_address: unit DNS domain name is not fully propagated yet, trying again
unit-mysql-k8s-0: 01:31:36 ERROR unit.mysql-k8s/0.juju-log get_unit_address: unit DNS domain name is not fully propagated yet, trying again
unit-mysql-k8s-1: 01:31:42 ERROR unit.mysql-k8s/1.juju-log Failed to execute MySQL cli command
Traceback (most recent call last):
  File "/var/lib/juju/agents/unit-mysql-k8s-1/charm/src/mysql_k8s_helpers.py", line 772, in _run_mysqlcli_script
    stdout, _ = process.wait_output()
  File "/var/lib/juju/agents/unit-mysql-k8s-1/charm/venv/lib/python3.10/site-packages/ops/pebble.py", line 1771, in wait_output
    raise ExecError[AnyStr](self._command, exit_code, out_value, err_value)
ops.pebble.ExecError: non-zero exit code 1 executing ['/usr/bin/mysql', '-u', 'clusteradmin', '-p', '-N', '--socket=/var/run/mysqld/mysqld.sock', '-e', 'SELECT MEMBER_STATE, MEMBER_ROLE, MEMBER_ID, @@server_uuid FROM performance_schema.replication_group_members'], stdout='', stderr="Enter password: ERROR 1045 (28000): Access denied for user 'clusteradmin'@'localhost' (using password: YES)\n"
unit-mysql-k8s-1: 01:31:42 ERROR unit.mysql-k8s/1.juju-log Failed to get member state: mysqld daemon is down
unit-mysql-k8s-1: 01:31:52 ERROR unit.mysql-k8s/1.juju-log Failed to execute MySQL cli command
Traceback (most recent call last):
  File "/var/lib/juju/agents/unit-mysql-k8s-1/charm/src/mysql_k8s_helpers.py", line 772, in _run_mysqlcli_script
    stdout, _ = process.wait_output()
  File "/var/lib/juju/agents/unit-mysql-k8s-1/charm/venv/lib/python3.10/site-packages/ops/pebble.py", line 1771, in wait_output
    raise ExecError[AnyStr](self._command, exit_code, out_value, err_value)
ops.pebble.ExecError: non-zero exit code 1 executing ['/usr/bin/mysql', '-u', 'clusteradmin', '-p', '-N', '--socket=/var/run/mysqld/mysqld.sock', '-e', 'SELECT MEMBER_STATE, MEMBER_ROLE, MEMBER_ID, @@server_uuid FROM performance_schema.replication_group_members'], stdout='', stderr="Enter password: ERROR 1045 (28000): Access denied for user 'clusteradmin'@'localhost' (using password: YES)\n"
unit-mysql-k8s-1: 01:31:52 ERROR unit.mysql-k8s/1.juju-log Failed to get member state: mysqld daemon is down
unit-mysql-k8s-1: 01:31:52 ERROR unit.mysql-k8s/1.juju-log Error getting member state while checking if cluster is blocked
unit-mysql-k8s-1: 01:31:52 ERROR unit.mysql-k8s/1.juju-log Failed to execute MySQL cli command
Traceback (most recent call last):
  File "/var/lib/juju/agents/unit-mysql-k8s-1/charm/src/mysql_k8s_helpers.py", line 772, in _run_mysqlcli_script
    stdout, _ = process.wait_output()
  File "/var/lib/juju/agents/unit-mysql-k8s-1/charm/venv/lib/python3.10/site-packages/ops/pebble.py", line 1771, in wait_output
    raise ExecError[AnyStr](self._command, exit_code, out_value, err_value)
ops.pebble.ExecError: non-zero exit code 1 executing ['/usr/bin/mysql', '-u', 'clusteradmin', '-p', '-N', '--socket=/var/run/mysqld/mysqld.sock', '-e', 'SELECT MEMBER_STATE, MEMBER_ROLE, MEMBER_ID, @@server_uuid FROM performance_schema.replication_group_members'], stdout='', stderr="Enter password: ERROR 1045 (28000): Access denied for user 'clusteradmin'@'localhost' (using password: YES)\n"
unit-mysql-k8s-1: 01:31:52 ERROR unit.mysql-k8s/1.juju-log Failed to get member state: mysqld daemon is down
unit-mysql-k8s-1: 01:32:02 ERROR unit.mysql-k8s/1.juju-log Failed to execute MySQL cli command
Traceback (most recent call last):
  File "/var/lib/juju/agents/unit-mysql-k8s-1/charm/src/mysql_k8s_helpers.py", line 772, in _run_mysqlcli_script
    stdout, _ = process.wait_output()
  File "/var/lib/juju/agents/unit-mysql-k8s-1/charm/venv/lib/python3.10/site-packages/ops/pebble.py", line 1771, in wait_output
    raise ExecError[AnyStr](self._command, exit_code, out_value, err_value)
ops.pebble.ExecError: non-zero exit code 1 executing ['/usr/bin/mysql', '-u', 'clusteradmin', '-p', '-N', '--socket=/var/run/mysqld/mysqld.sock', '-e', 'SELECT MEMBER_STATE, MEMBER_ROLE, MEMBER_ID, @@server_uuid FROM performance_schema.replication_group_members'], stdout='', stderr="Enter password: ERROR 1045 (28000): Access denied for user 'clusteradmin'@'localhost' (using password: YES)\n"
unit-mysql-k8s-1: 01:32:02 ERROR unit.mysql-k8s/1.juju-log Failed to get member state: mysqld daemon is down
unit-mysql-k8s-1: 01:32:12 ERROR unit.mysql-k8s/1.juju-log Failed to execute MySQL cli command
Traceback (most recent call last):
  File "/var/lib/juju/agents/unit-mysql-k8s-1/charm/src/mysql_k8s_helpers.py", line 772, in _run_mysqlcli_script
    stdout, _ = process.wait_output()
  File "/var/lib/juju/agents/unit-mysql-k8s-1/charm/venv/lib/python3.10/site-packages/ops/pebble.py", line 1771, in wait_output
    raise ExecError[AnyStr](self._command, exit_code, out_value, err_value)
ops.pebble.ExecError: non-zero exit code 1 executing ['/usr/bin/mysql', '-u', 'clusteradmin', '-p', '-N', '--socket=/var/run/mysqld/mysqld.sock', '-e', 'SELECT MEMBER_STATE, MEMBER_ROLE, MEMBER_ID, @@server_uuid FROM performance_schema.replication_group_members'], stdout='', stderr="Enter password: ERROR 1045 (28000): Access denied for user 'clusteradmin'@'localhost' (using password: YES)\n"
unit-mysql-k8s-1: 01:32:12 ERROR unit.mysql-k8s/1.juju-log Failed to get member state: mysqld daemon is down
unit-mysql-k8s-1: 01:32:12 ERROR unit.mysql-k8s/1.juju-log Error getting member state while checking if cluster is blocked
unit-mysql-k8s-1: 01:32:43 ERROR unit.mysql-k8s/1.juju-log Failed to execute MySQL cli command
Traceback (most recent call last):
  File "/var/lib/juju/agents/unit-mysql-k8s-1/charm/src/mysql_k8s_helpers.py", line 772, in _run_mysqlcli_script
    stdout, _ = process.wait_output()
  File "/var/lib/juju/agents/unit-mysql-k8s-1/charm/venv/lib/python3.10/site-packages/ops/pebble.py", line 1771, in wait_output
    raise ExecError[AnyStr](self._command, exit_code, out_value, err_value)
ops.pebble.ExecError: non-zero exit code 1 executing ['/usr/bin/mysql', '-u', 'clusteradmin', '-p', '-N', '--socket=/var/run/mysqld/mysqld.sock', '-e', 'SELECT MEMBER_STATE, MEMBER_ROLE, MEMBER_ID, @@server_uuid FROM performance_schema.replication_group_members'], stdout='', stderr="Enter password: ERROR 1045 (28000): Access denied for user 'clusteradmin'@'localhost' (using password: YES)\n"
unit-mysql-k8s-1: 01:32:43 ERROR unit.mysql-k8s/1.juju-log Failed to get member state: mysqld daemon is down
unit-mysql-k8s-1: 01:32:53 ERROR unit.mysql-k8s/1.juju-log Failed to execute MySQL cli command
Traceback (most recent call last):
  File "/var/lib/juju/agents/unit-mysql-k8s-1/charm/src/mysql_k8s_helpers.py", line 772, in _run_mysqlcli_script
    stdout, _ = process.wait_output()
  File "/var/lib/juju/agents/unit-mysql-k8s-1/charm/venv/lib/python3.10/site-packages/ops/pebble.py", line 1771, in wait_output
    raise ExecError[AnyStr](self._command, exit_code, out_value, err_value)
ops.pebble.ExecError: non-zero exit code 1 executing ['/usr/bin/mysql', '-u', 'clusteradmin', '-p', '-N', '--socket=/var/run/mysqld/mysqld.sock', '-e', 'SELECT MEMBER_STATE, MEMBER_ROLE, MEMBER_ID, @@server_uuid FROM performance_schema.replication_group_members'], stdout='', stderr="Enter password: ERROR 1045 (28000): Access denied for user 'clusteradmin'@'localhost' (using password: YES)\n"
unit-mysql-k8s-1: 01:32:53 ERROR unit.mysql-k8s/1.juju-log Failed to get member state: mysqld daemon is down
unit-mysql-k8s-1: 01:33:03 ERROR unit.mysql-k8s/1.juju-log Failed to execute MySQL cli command
Traceback (most recent call last):
  File "/var/lib/juju/agents/unit-mysql-k8s-1/charm/src/mysql_k8s_helpers.py", line 772, in _run_mysqlcli_script
    stdout, _ = process.wait_output()
  File "/var/lib/juju/agents/unit-mysql-k8s-1/charm/venv/lib/python3.10/site-packages/ops/pebble.py", line 1771, in wait_output
    raise ExecError[AnyStr](self._command, exit_code, out_value, err_value)
ops.pebble.ExecError: non-zero exit code 1 executing ['/usr/bin/mysql', '-u', 'clusteradmin', '-p', '-N', '--socket=/var/run/mysqld/mysqld.sock', '-e', 'SELECT MEMBER_STATE, MEMBER_ROLE, MEMBER_ID, @@server_uuid FROM performance_schema.replication_group_members'], stdout='', stderr="Enter password: ERROR 1045 (28000): Access denied for user 'clusteradmin'@'localhost' (using password: YES)\n"
unit-mysql-k8s-1: 01:33:03 ERROR unit.mysql-k8s/1.juju-log Failed to get member state: mysqld daemon is down
unit-mysql-k8s-1: 01:33:03 ERROR unit.mysql-k8s/1.juju-log Error getting member state while checking if cluster is blocked
unit-mysql-k8s-1: 01:33:03 ERROR unit.mysql-k8s/1.juju-log Failed to execute MySQL cli command
Traceback (most recent call last):
  File "/var/lib/juju/agents/unit-mysql-k8s-1/charm/src/mysql_k8s_helpers.py", line 772, in _run_mysqlcli_script
    stdout, _ = process.wait_output()
  File "/var/lib/juju/agents/unit-mysql-k8s-1/charm/venv/lib/python3.10/site-packages/ops/pebble.py", line 1771, in wait_output
    raise ExecError[AnyStr](self._command, exit_code, out_value, err_value)
ops.pebble.ExecError: non-zero exit code 1 executing ['/usr/bin/mysql', '-u', 'clusteradmin', '-p', '-N', '--socket=/var/run/mysqld/mysqld.sock', '-e', 'SELECT MEMBER_STATE, MEMBER_ROLE, MEMBER_ID, @@server_uuid FROM performance_schema.replication_group_members'], stdout='', stderr="Enter password: ERROR 1045 (28000): Access denied for user 'clusteradmin'@'localhost' (using password: YES)\n"
unit-mysql-k8s-1: 01:33:03 ERROR unit.mysql-k8s/1.juju-log Failed to get member state: mysqld daemon is down
unit-mysql-k8s-1: 01:33:13 ERROR unit.mysql-k8s/1.juju-log Failed to execute MySQL cli command
Traceback (most recent call last):
  File "/var/lib/juju/agents/unit-mysql-k8s-1/charm/src/mysql_k8s_helpers.py", line 772, in _run_mysqlcli_script
    stdout, _ = process.wait_output()
  File "/var/lib/juju/agents/unit-mysql-k8s-1/charm/venv/lib/python3.10/site-packages/ops/pebble.py", line 1771, in wait_output
    raise ExecError[AnyStr](self._command, exit_code, out_value, err_value)
ops.pebble.ExecError: non-zero exit code 1 executing ['/usr/bin/mysql', '-u', 'clusteradmin', '-p', '-N', '--socket=/var/run/mysqld/mysqld.sock', '-e', 'SELECT MEMBER_STATE, MEMBER_ROLE, MEMBER_ID, @@server_uuid FROM performance_schema.replication_group_members'], stdout='', stderr="Enter password: ERROR 1045 (28000): Access denied for user 'clusteradmin'@'localhost' (using password: YES)\n"
unit-mysql-k8s-1: 01:33:13 ERROR unit.mysql-k8s/1.juju-log Failed to get member state: mysqld daemon is down
unit-mysql-k8s-1: 01:33:23 ERROR unit.mysql-k8s/1.juju-log Failed to execute MySQL cli command
Traceback (most recent call last):
  File "/var/lib/juju/agents/unit-mysql-k8s-1/charm/src/mysql_k8s_helpers.py", line 772, in _run_mysqlcli_script
    stdout, _ = process.wait_output()
  File "/var/lib/juju/agents/unit-mysql-k8s-1/charm/venv/lib/python3.10/site-packages/ops/pebble.py", line 1771, in wait_output
    raise ExecError[AnyStr](self._command, exit_code, out_value, err_value)
ops.pebble.ExecError: non-zero exit code 1 executing ['/usr/bin/mysql', '-u', 'clusteradmin', '-p', '-N', '--socket=/var/run/mysqld/mysqld.sock', '-e', 'SELECT MEMBER_STATE, MEMBER_ROLE, MEMBER_ID, @@server_uuid FROM performance_schema.replication_group_members'], stdout='', stderr="Enter password: ERROR 1045 (28000): Access denied for user 'clusteradmin'@'localhost' (using password: YES)\n"
unit-mysql-k8s-1: 01:33:23 ERROR unit.mysql-k8s/1.juju-log Failed to get member state: mysqld daemon is down
unit-mysql-k8s-1: 01:33:23 ERROR unit.mysql-k8s/1.juju-log Error getting member state while checking if cluster is blocked
unit-mysql-k8s-0: 01:33:33 ERROR unit.mysql-k8s/0.juju-log get_unit_address: unit DNS domain name is not fully propagated yet, trying again
unit-mysql-k8s-1: 01:33:33 ERROR unit.mysql-k8s/1.juju-log Failed to execute MySQL cli command
Traceback (most recent call last):
  File "/var/lib/juju/agents/unit-mysql-k8s-1/charm/src/mysql_k8s_helpers.py", line 772, in _run_mysqlcli_script
    stdout, _ = process.wait_output()
  File "/var/lib/juju/agents/unit-mysql-k8s-1/charm/venv/lib/python3.10/site-packages/ops/pebble.py", line 1771, in wait_output
    raise ExecError[AnyStr](self._command, exit_code, out_value, err_value)
ops.pebble.ExecError: non-zero exit code 1 executing ['/usr/bin/mysql', '-u', 'clusteradmin', '-p', '-N', '--socket=/var/run/mysqld/mysqld.sock', '-e', 'SELECT MEMBER_STATE, MEMBER_ROLE, MEMBER_ID, @@server_uuid FROM performance_schema.replication_group_members'], stdout='', stderr="Enter password: ERROR 1045 (28000): Access denied for user 'clusteradmin'@'localhost' (using password: YES)\n"
unit-mysql-k8s-1: 01:33:33 ERROR unit.mysql-k8s/1.juju-log Failed to get member state: mysqld daemon is down
unit-mysql-k8s-0: 01:33:35 ERROR unit.mysql-k8s/0.juju-log get_unit_address: unit DNS domain name is not fully propagated yet, trying again
unit-mysql-k8s-0: 01:33:37 ERROR unit.mysql-k8s/0.juju-log get_unit_address: unit DNS domain name is not fully propagated yet, trying again
unit-mysql-k8s-1: 01:33:43 ERROR unit.mysql-k8s/1.juju-log Failed to execute MySQL cli command
Traceback (most recent call last):
  File "/var/lib/juju/agents/unit-mysql-k8s-1/charm/src/mysql_k8s_helpers.py", line 772, in _run_mysqlcli_script
    stdout, _ = process.wait_output()
  File "/var/lib/juju/agents/unit-mysql-k8s-1/charm/venv/lib/python3.10/site-packages/ops/pebble.py", line 1771, in wait_output
    raise ExecError[AnyStr](self._command, exit_code, out_value, err_value)
ops.pebble.ExecError: non-zero exit code 1 executing ['/usr/bin/mysql', '-u', 'clusteradmin', '-p', '-N', '--socket=/var/run/mysqld/mysqld.sock', '-e', 'SELECT MEMBER_STATE, MEMBER_ROLE, MEMBER_ID, @@server_uuid FROM performance_schema.replication_group_members'], stdout='', stderr="Enter password: ERROR 1045 (28000): Access denied for user 'clusteradmin'@'localhost' (using password: YES)\n"
unit-mysql-k8s-1: 01:33:43 ERROR unit.mysql-k8s/1.juju-log Failed to get member state: mysqld daemon is down
unit-mysql-k8s-1: 01:33:53 ERROR unit.mysql-k8s/1.juju-log Failed to execute MySQL cli command
Traceback (most recent call last):
  File "/var/lib/juju/agents/unit-mysql-k8s-1/charm/src/mysql_k8s_helpers.py", line 772, in _run_mysqlcli_script
    stdout, _ = process.wait_output()
  File "/var/lib/juju/agents/unit-mysql-k8s-1/charm/venv/lib/python3.10/site-packages/ops/pebble.py", line 1771, in wait_output
    raise ExecError[AnyStr](self._command, exit_code, out_value, err_value)
ops.pebble.ExecError: non-zero exit code 1 executing ['/usr/bin/mysql', '-u', 'clusteradmin', '-p', '-N', '--socket=/var/run/mysqld/mysqld.sock', '-e', 'SELECT MEMBER_STATE, MEMBER_ROLE, MEMBER_ID, @@server_uuid FROM performance_schema.replication_group_members'], stdout='', stderr="Enter password: ERROR 1045 (28000): Access denied for user 'clusteradmin'@'localhost' (using password: YES)\n"
unit-mysql-k8s-1: 01:33:53 ERROR unit.mysql-k8s/1.juju-log Failed to get member state: mysqld daemon is down
unit-mysql-k8s-1: 01:33:53 ERROR unit.mysql-k8s/1.juju-log Error getting member state while checking if cluster is blocked
unit-mysql-k8s-1: 01:33:53 ERROR unit.mysql-k8s/1.juju-log Failed to execute MySQL cli command
Traceback (most recent call last):
  File "/var/lib/juju/agents/unit-mysql-k8s-1/charm/src/mysql_k8s_helpers.py", line 772, in _run_mysqlcli_script
    stdout, _ = process.wait_output()
  File "/var/lib/juju/agents/unit-mysql-k8s-1/charm/venv/lib/python3.10/site-packages/ops/pebble.py", line 1771, in wait_output
    raise ExecError[AnyStr](self._command, exit_code, out_value, err_value)
ops.pebble.ExecError: non-zero exit code 1 executing ['/usr/bin/mysql', '-u', 'clusteradmin', '-p', '-N', '--socket=/var/run/mysqld/mysqld.sock', '-e', 'SELECT MEMBER_STATE, MEMBER_ROLE, MEMBER_ID, @@server_uuid FROM performance_schema.replication_group_members'], stdout='', stderr="Enter password: ERROR 1045 (28000): Access denied for user 'clusteradmin'@'localhost' (using password: YES)\n"
unit-mysql-k8s-1: 01:33:53 ERROR unit.mysql-k8s/1.juju-log Failed to get member state: mysqld daemon is down
unit-mysql-k8s-1: 01:34:03 ERROR unit.mysql-k8s/1.juju-log Failed to execute MySQL cli command
Traceback (most recent call last):
  File "/var/lib/juju/agents/unit-mysql-k8s-1/charm/src/mysql_k8s_helpers.py", line 772, in _run_mysqlcli_script
    stdout, _ = process.wait_output()
  File "/var/lib/juju/agents/unit-mysql-k8s-1/charm/venv/lib/python3.10/site-packages/ops/pebble.py", line 1771, in wait_output
    raise ExecError[AnyStr](self._command, exit_code, out_value, err_value)
ops.pebble.ExecError: non-zero exit code 1 executing ['/usr/bin/mysql', '-u', 'clusteradmin', '-p', '-N', '--socket=/var/run/mysqld/mysqld.sock', '-e', 'SELECT MEMBER_STATE, MEMBER_ROLE, MEMBER_ID, @@server_uuid FROM performance_schema.replication_group_members'], stdout='', stderr="Enter password: ERROR 1045 (28000): Access denied for user 'clusteradmin'@'localhost' (using password: YES)\n"
unit-mysql-k8s-1: 01:34:03 ERROR unit.mysql-k8s/1.juju-log Failed to get member state: mysqld daemon is down
unit-mysql-k8s-1: 01:34:14 ERROR unit.mysql-k8s/1.juju-log Failed to execute MySQL cli command
Traceback (most recent call last):
  File "/var/lib/juju/agents/unit-mysql-k8s-1/charm/src/mysql_k8s_helpers.py", line 772, in _run_mysqlcli_script
    stdout, _ = process.wait_output()
  File "/var/lib/juju/agents/unit-mysql-k8s-1/charm/venv/lib/python3.10/site-packages/ops/pebble.py", line 1771, in wait_output
    raise ExecError[AnyStr](self._command, exit_code, out_value, err_value)
ops.pebble.ExecError: non-zero exit code 1 executing ['/usr/bin/mysql', '-u', 'clusteradmin', '-p', '-N', '--socket=/var/run/mysqld/mysqld.sock', '-e', 'SELECT MEMBER_STATE, MEMBER_ROLE, MEMBER_ID, @@server_uuid FROM performance_schema.replication_group_members'], stdout='', stderr="Enter password: ERROR 1045 (28000): Access denied for user 'clusteradmin'@'localhost' (using password: YES)\n"
unit-mysql-k8s-1: 01:34:14 ERROR unit.mysql-k8s/1.juju-log Failed to get member state: mysqld daemon is down
unit-mysql-k8s-1: 01:34:14 ERROR unit.mysql-k8s/1.juju-log Error getting member state while checking if cluster is blocked
unit-mysql-k8s-1: 01:34:39 ERROR unit.mysql-k8s/1.juju-log Failed to execute MySQL cli command
Traceback (most recent call last):
  File "/var/lib/juju/agents/unit-mysql-k8s-1/charm/src/mysql_k8s_helpers.py", line 772, in _run_mysqlcli_script
    stdout, _ = process.wait_output()
  File "/var/lib/juju/agents/unit-mysql-k8s-1/charm/venv/lib/python3.10/site-packages/ops/pebble.py", line 1771, in wait_output
    raise ExecError[AnyStr](self._command, exit_code, out_value, err_value)
ops.pebble.ExecError: non-zero exit code 1 executing ['/usr/bin/mysql', '-u', 'clusteradmin', '-p', '-N', '--socket=/var/run/mysqld/mysqld.sock', '-e', 'SELECT MEMBER_STATE, MEMBER_ROLE, MEMBER_ID, @@server_uuid FROM performance_schema.replication_group_members'], stdout='', stderr="Enter password: ERROR 1045 (28000): Access denied for user 'clusteradmin'@'localhost' (using password: YES)\n"
unit-mysql-k8s-1: 01:34:39 ERROR unit.mysql-k8s/1.juju-log Failed to get member state: mysqld daemon is down
unit-mysql-k8s-1: 01:34:49 ERROR unit.mysql-k8s/1.juju-log Failed to execute MySQL cli command
Traceback (most recent call last):
  File "/var/lib/juju/agents/unit-mysql-k8s-1/charm/src/mysql_k8s_helpers.py", line 772, in _run_mysqlcli_script
    stdout, _ = process.wait_output()
  File "/var/lib/juju/agents/unit-mysql-k8s-1/charm/venv/lib/python3.10/site-packages/ops/pebble.py", line 1771, in wait_output
    raise ExecError[AnyStr](self._command, exit_code, out_value, err_value)
ops.pebble.ExecError: non-zero exit code 1 executing ['/usr/bin/mysql', '-u', 'clusteradmin', '-p', '-N', '--socket=/var/run/mysqld/mysqld.sock', '-e', 'SELECT MEMBER_STATE, MEMBER_ROLE, MEMBER_ID, @@server_uuid FROM performance_schema.replication_group_members'], stdout='', stderr="Enter password: ERROR 1045 (28000): Access denied for user 'clusteradmin'@'localhost' (using password: YES)\n"
unit-mysql-k8s-1: 01:34:49 ERROR unit.mysql-k8s/1.juju-log Failed to get member state: mysqld daemon is down
unit-mysql-k8s-1: 01:34:59 ERROR unit.mysql-k8s/1.juju-log Failed to execute MySQL cli command
Traceback (most recent call last):
  File "/var/lib/juju/agents/unit-mysql-k8s-1/charm/src/mysql_k8s_helpers.py", line 772, in _run_mysqlcli_script
    stdout, _ = process.wait_output()
  File "/var/lib/juju/agents/unit-mysql-k8s-1/charm/venv/lib/python3.10/site-packages/ops/pebble.py", line 1771, in wait_output
    raise ExecError[AnyStr](self._command, exit_code, out_value, err_value)
ops.pebble.ExecError: non-zero exit code 1 executing ['/usr/bin/mysql', '-u', 'clusteradmin', '-p', '-N', '--socket=/var/run/mysqld/mysqld.sock', '-e', 'SELECT MEMBER_STATE, MEMBER_ROLE, MEMBER_ID, @@server_uuid FROM performance_schema.replication_group_members'], stdout='', stderr="Enter password: ERROR 1045 (28000): Access denied for user 'clusteradmin'@'localhost' (using password: YES)\n"
unit-mysql-k8s-1: 01:34:59 ERROR unit.mysql-k8s/1.juju-log Failed to get member state: mysqld daemon is down
unit-mysql-k8s-1: 01:34:59 ERROR unit.mysql-k8s/1.juju-log Error getting member state while checking if cluster is blocked
unit-mysql-k8s-1: 01:34:59 ERROR unit.mysql-k8s/1.juju-log Failed to execute MySQL cli command
Traceback (most recent call last):
  File "/var/lib/juju/agents/unit-mysql-k8s-1/charm/src/mysql_k8s_helpers.py", line 772, in _run_mysqlcli_script
    stdout, _ = process.wait_output()
  File "/var/lib/juju/agents/unit-mysql-k8s-1/charm/venv/lib/python3.10/site-packages/ops/pebble.py", line 1771, in wait_output
    raise ExecError[AnyStr](self._command, exit_code, out_value, err_value)
ops.pebble.ExecError: non-zero exit code 1 executing ['/usr/bin/mysql', '-u', 'clusteradmin', '-p', '-N', '--socket=/var/run/mysqld/mysqld.sock', '-e', 'SELECT MEMBER_STATE, MEMBER_ROLE, MEMBER_ID, @@server_uuid FROM performance_schema.replication_group_members'], stdout='', stderr="Enter password: ERROR 1045 (28000): Access denied for user 'clusteradmin'@'localhost' (using password: YES)\n"
unit-mysql-k8s-1: 01:34:59 ERROR unit.mysql-k8s/1.juju-log Failed to get member state: mysqld daemon is down
unit-mysql-k8s-1: 01:35:09 ERROR unit.mysql-k8s/1.juju-log Failed to execute MySQL cli command
Traceback (most recent call last):
  File "/var/lib/juju/agents/unit-mysql-k8s-1/charm/src/mysql_k8s_helpers.py", line 772, in _run_mysqlcli_script
    stdout, _ = process.wait_output()
  File "/var/lib/juju/agents/unit-mysql-k8s-1/charm/venv/lib/python3.10/site-packages/ops/pebble.py", line 1771, in wait_output
    raise ExecError[AnyStr](self._command, exit_code, out_value, err_value)
ops.pebble.ExecError: non-zero exit code 1 executing ['/usr/bin/mysql', '-u', 'clusteradmin', '-p', '-N', '--socket=/var/run/mysqld/mysqld.sock', '-e', 'SELECT MEMBER_STATE, MEMBER_ROLE, MEMBER_ID, @@server_uuid FROM performance_schema.replication_group_members'], stdout='', stderr="Enter password: ERROR 1045 (28000): Access denied for user 'clusteradmin'@'localhost' (using password: YES)\n"
unit-mysql-k8s-1: 01:35:09 ERROR unit.mysql-k8s/1.juju-log Failed to get member state: mysqld daemon is down
unit-mysql-k8s-1: 01:35:19 ERROR unit.mysql-k8s/1.juju-log Failed to execute MySQL cli command
Traceback (most recent call last):
  File "/var/lib/juju/agents/unit-mysql-k8s-1/charm/src/mysql_k8s_helpers.py", line 772, in _run_mysqlcli_script
    stdout, _ = process.wait_output()
  File "/var/lib/juju/agents/unit-mysql-k8s-1/charm/venv/lib/python3.10/site-packages/ops/pebble.py", line 1771, in wait_output
    raise ExecError[AnyStr](self._command, exit_code, out_value, err_value)
ops.pebble.ExecError: non-zero exit code 1 executing ['/usr/bin/mysql', '-u', 'clusteradmin', '-p', '-N', '--socket=/var/run/mysqld/mysqld.sock', '-e', 'SELECT MEMBER_STATE, MEMBER_ROLE, MEMBER_ID, @@server_uuid FROM performance_schema.replication_group_members'], stdout='', stderr="Enter password: ERROR 1045 (28000): Access denied for user 'clusteradmin'@'localhost' (using password: YES)\n"
unit-mysql-k8s-1: 01:35:19 ERROR unit.mysql-k8s/1.juju-log Failed to get member state: mysqld daemon is down
unit-mysql-k8s-1: 01:35:19 ERROR unit.mysql-k8s/1.juju-log Error getting member state while checking if cluster is blocked
unit-mysql-k8s-0: 01:35:49 ERROR unit.mysql-k8s/0.juju-log get_unit_address: unit DNS domain name is not fully propagated yet, trying again
unit-mysql-k8s-1: 01:35:50 ERROR unit.mysql-k8s/1.juju-log Failed to execute MySQL cli command
Traceback (most recent call last):
  File "/var/lib/juju/agents/unit-mysql-k8s-1/charm/src/mysql_k8s_helpers.py", line 772, in _run_mysqlcli_script
    stdout, _ = process.wait_output()
  File "/var/lib/juju/agents/unit-mysql-k8s-1/charm/venv/lib/python3.10/site-packages/ops/pebble.py", line 1771, in wait_output
    raise ExecError[AnyStr](self._command, exit_code, out_value, err_value)
ops.pebble.ExecError: non-zero exit code 1 executing ['/usr/bin/mysql', '-u', 'clusteradmin', '-p', '-N', '--socket=/var/run/mysqld/mysqld.sock', '-e', 'SELECT MEMBER_STATE, MEMBER_ROLE, MEMBER_ID, @@server_uuid FROM performance_schema.replication_group_members'], stdout='', stderr="Enter password: ERROR 1045 (28000): Access denied for user 'clusteradmin'@'localhost' (using password: YES)\n"
unit-mysql-k8s-1: 01:35:50 ERROR unit.mysql-k8s/1.juju-log Failed to get member state: mysqld daemon is down
unit-mysql-k8s-0: 01:35:51 ERROR unit.mysql-k8s/0.juju-log get_unit_address: unit DNS domain name is not fully propagated yet, trying again
unit-mysql-k8s-0: 01:35:53 ERROR unit.mysql-k8s/0.juju-log get_unit_address: unit DNS domain name is not fully propagated yet, trying again
unit-mysql-k8s-0: 01:35:55 ERROR unit.mysql-k8s/0.juju-log get_unit_address: unit DNS domain name is not fully propagated yet, trying again
unit-mysql-k8s-0: 01:35:57 ERROR unit.mysql-k8s/0.juju-log get_unit_address: unit DNS domain name is not fully propagated yet, trying again
unit-mysql-k8s-0: 01:35:59 ERROR unit.mysql-k8s/0.juju-log get_unit_address: unit DNS domain name is not fully propagated yet, trying again
unit-mysql-k8s-1: 01:36:00 ERROR unit.mysql-k8s/1.juju-log Failed to execute MySQL cli command
Traceback (most recent call last):
  File "/var/lib/juju/agents/unit-mysql-k8s-1/charm/src/mysql_k8s_helpers.py", line 772, in _run_mysqlcli_script
    stdout, _ = process.wait_output()
  File "/var/lib/juju/agents/unit-mysql-k8s-1/charm/venv/lib/python3.10/site-packages/ops/pebble.py", line 1771, in wait_output
    raise ExecError[AnyStr](self._command, exit_code, out_value, err_value)
ops.pebble.ExecError: non-zero exit code 1 executing ['/usr/bin/mysql', '-u', 'clusteradmin', '-p', '-N', '--socket=/var/run/mysqld/mysqld.sock', '-e', 'SELECT MEMBER_STATE, MEMBER_ROLE, MEMBER_ID, @@server_uuid FROM performance_schema.replication_group_members'], stdout='', stderr="Enter password: ERROR 1045 (28000): Access denied for user 'clusteradmin'@'localhost' (using password: YES)\n"
unit-mysql-k8s-1: 01:36:00 ERROR unit.mysql-k8s/1.juju-log Failed to get member state: mysqld daemon is down
unit-mysql-k8s-1: 01:36:10 ERROR unit.mysql-k8s/1.juju-log Failed to execute MySQL cli command
Traceback (most recent call last):
  File "/var/lib/juju/agents/unit-mysql-k8s-1/charm/src/mysql_k8s_helpers.py", line 772, in _run_mysqlcli_script
    stdout, _ = process.wait_output()
  File "/var/lib/juju/agents/unit-mysql-k8s-1/charm/venv/lib/python3.10/site-packages/ops/pebble.py", line 1771, in wait_output
    raise ExecError[AnyStr](self._command, exit_code, out_value, err_value)
ops.pebble.ExecError: non-zero exit code 1 executing ['/usr/bin/mysql', '-u', 'clusteradmin', '-p', '-N', '--socket=/var/run/mysqld/mysqld.sock', '-e', 'SELECT MEMBER_STATE, MEMBER_ROLE, MEMBER_ID, @@server_uuid FROM performance_schema.replication_group_members'], stdout='', stderr="Enter password: ERROR 1045 (28000): Access denied for user 'clusteradmin'@'localhost' (using password: YES)\n"
unit-mysql-k8s-1: 01:36:10 ERROR unit.mysql-k8s/1.juju-log Failed to get member state: mysqld daemon is down
unit-mysql-k8s-1: 01:36:10 ERROR unit.mysql-k8s/1.juju-log Error getting member state while checking if cluster is blocked
unit-mysql-k8s-1: 01:36:10 ERROR unit.mysql-k8s/1.juju-log Failed to execute MySQL cli command
Traceback (most recent call last):
  File "/var/lib/juju/agents/unit-mysql-k8s-1/charm/src/mysql_k8s_helpers.py", line 772, in _run_mysqlcli_script
    stdout, _ = process.wait_output()
  File "/var/lib/juju/agents/unit-mysql-k8s-1/charm/venv/lib/python3.10/site-packages/ops/pebble.py", line 1771, in wait_output
    raise ExecError[AnyStr](self._command, exit_code, out_value, err_value)
ops.pebble.ExecError: non-zero exit code 1 executing ['/usr/bin/mysql', '-u', 'clusteradmin', '-p', '-N', '--socket=/var/run/mysqld/mysqld.sock', '-e', 'SELECT MEMBER_STATE, MEMBER_ROLE, MEMBER_ID, @@server_uuid FROM performance_schema.replication_group_members'], stdout='', stderr="Enter password: ERROR 1045 (28000): Access denied for user 'clusteradmin'@'localhost' (using password: YES)\n"
unit-mysql-k8s-1: 01:36:10 ERROR unit.mysql-k8s/1.juju-log Failed to get member state: mysqld daemon is down
unit-mysql-k8s-1: 01:36:20 ERROR unit.mysql-k8s/1.juju-log Failed to execute MySQL cli command
Traceback (most recent call last):
  File "/var/lib/juju/agents/unit-mysql-k8s-1/charm/src/mysql_k8s_helpers.py", line 772, in _run_mysqlcli_script
    stdout, _ = process.wait_output()
  File "/var/lib/juju/agents/unit-mysql-k8s-1/charm/venv/lib/python3.10/site-packages/ops/pebble.py", line 1771, in wait_output
    raise ExecError[AnyStr](self._command, exit_code, out_value, err_value)
ops.pebble.ExecError: non-zero exit code 1 executing ['/usr/bin/mysql', '-u', 'clusteradmin', '-p', '-N', '--socket=/var/run/mysqld/mysqld.sock', '-e', 'SELECT MEMBER_STATE, MEMBER_ROLE, MEMBER_ID, @@server_uuid FROM performance_schema.replication_group_members'], stdout='', stderr="Enter password: ERROR 1045 (28000): Access denied for user 'clusteradmin'@'localhost' (using password: YES)\n"
unit-mysql-k8s-1: 01:36:20 ERROR unit.mysql-k8s/1.juju-log Failed to get member state: mysqld daemon is down
unit-mysql-k8s-1: 01:36:30 ERROR unit.mysql-k8s/1.juju-log Failed to execute MySQL cli command
Traceback (most recent call last):
  File "/var/lib/juju/agents/unit-mysql-k8s-1/charm/src/mysql_k8s_helpers.py", line 772, in _run_mysqlcli_script
    stdout, _ = process.wait_output()
  File "/var/lib/juju/agents/unit-mysql-k8s-1/charm/venv/lib/python3.10/site-packages/ops/pebble.py", line 1771, in wait_output
    raise ExecError[AnyStr](self._command, exit_code, out_value, err_value)
ops.pebble.ExecError: non-zero exit code 1 executing ['/usr/bin/mysql', '-u', 'clusteradmin', '-p', '-N', '--socket=/var/run/mysqld/mysqld.sock', '-e', 'SELECT MEMBER_STATE, MEMBER_ROLE, MEMBER_ID, @@server_uuid FROM performance_schema.replication_group_members'], stdout='', stderr="Enter password: ERROR 1045 (28000): Access denied for user 'clusteradmin'@'localhost' (using password: YES)\n"
unit-mysql-k8s-1: 01:36:30 ERROR unit.mysql-k8s/1.juju-log Failed to get member state: mysqld daemon is down
unit-mysql-k8s-1: 01:36:30 ERROR unit.mysql-k8s/1.juju-log Error getting member state while checking if cluster is blocked
unit-mysql-k8s-1: 01:36:57 ERROR unit.mysql-k8s/1.juju-log Failed to execute MySQL cli command
Traceback (most recent call last):
  File "/var/lib/juju/agents/unit-mysql-k8s-1/charm/src/mysql_k8s_helpers.py", line 772, in _run_mysqlcli_script
    stdout, _ = process.wait_output()
  File "/var/lib/juju/agents/unit-mysql-k8s-1/charm/venv/lib/python3.10/site-packages/ops/pebble.py", line 1771, in wait_output
    raise ExecError[AnyStr](self._command, exit_code, out_value, err_value)
ops.pebble.ExecError: non-zero exit code 1 executing ['/usr/bin/mysql', '-u', 'clusteradmin', '-p', '-N', '--socket=/var/run/mysqld/mysqld.sock', '-e', 'SELECT MEMBER_STATE, MEMBER_ROLE, MEMBER_ID, @@server_uuid FROM performance_schema.replication_group_members'], stdout='', stderr="Enter password: ERROR 1045 (28000): Access denied for user 'clusteradmin'@'localhost' (using password: YES)\n"
unit-mysql-k8s-1: 01:36:57 ERROR unit.mysql-k8s/1.juju-log Failed to get member state: mysqld daemon is down
unit-mysql-k8s-1: 01:37:07 ERROR unit.mysql-k8s/1.juju-log Failed to execute MySQL cli command
Traceback (most recent call last):
  File "/var/lib/juju/agents/unit-mysql-k8s-1/charm/src/mysql_k8s_helpers.py", line 772, in _run_mysqlcli_script
    stdout, _ = process.wait_output()
  File "/var/lib/juju/agents/unit-mysql-k8s-1/charm/venv/lib/python3.10/site-packages/ops/pebble.py", line 1771, in wait_output
    raise ExecError[AnyStr](self._command, exit_code, out_value, err_value)
ops.pebble.ExecError: non-zero exit code 1 executing ['/usr/bin/mysql', '-u', 'clusteradmin', '-p', '-N', '--socket=/var/run/mysqld/mysqld.sock', '-e', 'SELECT MEMBER_STATE, MEMBER_ROLE, MEMBER_ID, @@server_uuid FROM performance_schema.replication_group_members'], stdout='', stderr="Enter password: ERROR 1045 (28000): Access denied for user 'clusteradmin'@'localhost' (using password: YES)\n"
unit-mysql-k8s-1: 01:37:07 ERROR unit.mysql-k8s/1.juju-log Failed to get member state: mysqld daemon is down
unit-mysql-k8s-1: 01:37:17 ERROR unit.mysql-k8s/1.juju-log Failed to execute MySQL cli command
Traceback (most recent call last):
  File "/var/lib/juju/agents/unit-mysql-k8s-1/charm/src/mysql_k8s_helpers.py", line 772, in _run_mysqlcli_script
    stdout, _ = process.wait_output()
  File "/var/lib/juju/agents/unit-mysql-k8s-1/charm/venv/lib/python3.10/site-packages/ops/pebble.py", line 1771, in wait_output
    raise ExecError[AnyStr](self._command, exit_code, out_value, err_value)
ops.pebble.ExecError: non-zero exit code 1 executing ['/usr/bin/mysql', '-u', 'clusteradmin', '-p', '-N', '--socket=/var/run/mysqld/mysqld.sock', '-e', 'SELECT MEMBER_STATE, MEMBER_ROLE, MEMBER_ID, @@server_uuid FROM performance_schema.replication_group_members'], stdout='', stderr="Enter password: ERROR 1045 (28000): Access denied for user 'clusteradmin'@'localhost' (using password: YES)\n"
unit-mysql-k8s-1: 01:37:17 ERROR unit.mysql-k8s/1.juju-log Failed to get member state: mysqld daemon is down
unit-mysql-k8s-1: 01:37:17 ERROR unit.mysql-k8s/1.juju-log Error getting member state while checking if cluster is blocked
unit-mysql-k8s-1: 01:37:17 ERROR unit.mysql-k8s/1.juju-log Failed to execute MySQL cli command
Traceback (most recent call last):
  File "/var/lib/juju/agents/unit-mysql-k8s-1/charm/src/mysql_k8s_helpers.py", line 772, in _run_mysqlcli_script
    stdout, _ = process.wait_output()
  File "/var/lib/juju/agents/unit-mysql-k8s-1/charm/venv/lib/python3.10/site-packages/ops/pebble.py", line 1771, in wait_output
    raise ExecError[AnyStr](self._command, exit_code, out_value, err_value)
ops.pebble.ExecError: non-zero exit code 1 executing ['/usr/bin/mysql', '-u', 'clusteradmin', '-p', '-N', '--socket=/var/run/mysqld/mysqld.sock', '-e', 'SELECT MEMBER_STATE, MEMBER_ROLE, MEMBER_ID, @@server_uuid FROM performance_schema.replication_group_members'], stdout='', stderr="Enter password: ERROR 1045 (28000): Access denied for user 'clusteradmin'@'localhost' (using password: YES)\n"
unit-mysql-k8s-1: 01:37:17 ERROR unit.mysql-k8s/1.juju-log Failed to get member state: mysqld daemon is down
unit-mysql-k8s-1: 01:37:27 ERROR unit.mysql-k8s/1.juju-log Failed to execute MySQL cli command
Traceback (most recent call last):
  File "/var/lib/juju/agents/unit-mysql-k8s-1/charm/src/mysql_k8s_helpers.py", line 772, in _run_mysqlcli_script
    stdout, _ = process.wait_output()
  File "/var/lib/juju/agents/unit-mysql-k8s-1/charm/venv/lib/python3.10/site-packages/ops/pebble.py", line 1771, in wait_output
    raise ExecError[AnyStr](self._command, exit_code, out_value, err_value)
ops.pebble.ExecError: non-zero exit code 1 executing ['/usr/bin/mysql', '-u', 'clusteradmin', '-p', '-N', '--socket=/var/run/mysqld/mysqld.sock', '-e', 'SELECT MEMBER_STATE, MEMBER_ROLE, MEMBER_ID, @@server_uuid FROM performance_schema.replication_group_members'], stdout='', stderr="Enter password: ERROR 1045 (28000): Access denied for user 'clusteradmin'@'localhost' (using password: YES)\n"
unit-mysql-k8s-1: 01:37:27 ERROR unit.mysql-k8s/1.juju-log Failed to get member state: mysqld daemon is down
unit-mysql-k8s-1: 01:37:37 ERROR unit.mysql-k8s/1.juju-log Failed to execute MySQL cli command
Traceback (most recent call last):
  File "/var/lib/juju/agents/unit-mysql-k8s-1/charm/src/mysql_k8s_helpers.py", line 772, in _run_mysqlcli_script
    stdout, _ = process.wait_output()
  File "/var/lib/juju/agents/unit-mysql-k8s-1/charm/venv/lib/python3.10/site-packages/ops/pebble.py", line 1771, in wait_output
    raise ExecError[AnyStr](self._command, exit_code, out_value, err_value)
ops.pebble.ExecError: non-zero exit code 1 executing ['/usr/bin/mysql', '-u', 'clusteradmin', '-p', '-N', '--socket=/var/run/mysqld/mysqld.sock', '-e', 'SELECT MEMBER_STATE, MEMBER_ROLE, MEMBER_ID, @@server_uuid FROM performance_schema.replication_group_members'], stdout='', stderr="Enter password: ERROR 1045 (28000): Access denied for user 'clusteradmin'@'localhost' (using password: YES)\n"
unit-mysql-k8s-1: 01:37:37 ERROR unit.mysql-k8s/1.juju-log Failed to get member state: mysqld daemon is down
unit-mysql-k8s-1: 01:37:37 ERROR unit.mysql-k8s/1.juju-log Error getting member state while checking if cluster is blocked
unit-mysql-k8s-1: 01:37:57 ERROR unit.mysql-k8s/1.juju-log Failed to execute MySQL cli command
Traceback (most recent call last):
  File "/var/lib/juju/agents/unit-mysql-k8s-1/charm/src/mysql_k8s_helpers.py", line 772, in _run_mysqlcli_script
    stdout, _ = process.wait_output()
  File "/var/lib/juju/agents/unit-mysql-k8s-1/charm/venv/lib/python3.10/site-packages/ops/pebble.py", line 1771, in wait_output
    raise ExecError[AnyStr](self._command, exit_code, out_value, err_value)
ops.pebble.ExecError: non-zero exit code 1 executing ['/usr/bin/mysql', '-u', 'clusteradmin', '-p', '-N', '--socket=/var/run/mysqld/mysqld.sock', '-e', 'SELECT MEMBER_STATE, MEMBER_ROLE, MEMBER_ID, @@server_uuid FROM performance_schema.replication_group_members'], stdout='', stderr="Enter password: ERROR 1045 (28000): Access denied for user 'clusteradmin'@'localhost' (using password: YES)\n"
unit-mysql-k8s-1: 01:37:57 ERROR unit.mysql-k8s/1.juju-log Failed to get member state: mysqld daemon is down
unit-mysql-k8s-1: 01:38:07 ERROR unit.mysql-k8s/1.juju-log Failed to execute MySQL cli command
Traceback (most recent call last):
  File "/var/lib/juju/agents/unit-mysql-k8s-1/charm/src/mysql_k8s_helpers.py", line 772, in _run_mysqlcli_script
    stdout, _ = process.wait_output()
  File "/var/lib/juju/agents/unit-mysql-k8s-1/charm/venv/lib/python3.10/site-packages/ops/pebble.py", line 1771, in wait_output
    raise ExecError[AnyStr](self._command, exit_code, out_value, err_value)
ops.pebble.ExecError: non-zero exit code 1 executing ['/usr/bin/mysql', '-u', 'clusteradmin', '-p', '-N', '--socket=/var/run/mysqld/mysqld.sock', '-e', 'SELECT MEMBER_STATE, MEMBER_ROLE, MEMBER_ID, @@server_uuid FROM performance_schema.replication_group_members'], stdout='', stderr="Enter password: ERROR 1045 (28000): Access denied for user 'clusteradmin'@'localhost' (using password: YES)\n"
unit-mysql-k8s-1: 01:38:07 ERROR unit.mysql-k8s/1.juju-log Failed to get member state: mysqld daemon is down
unit-mysql-k8s-1: 01:38:17 ERROR unit.mysql-k8s/1.juju-log Failed to execute MySQL cli command
Traceback (most recent call last):
  File "/var/lib/juju/agents/unit-mysql-k8s-1/charm/src/mysql_k8s_helpers.py", line 772, in _run_mysqlcli_script
    stdout, _ = process.wait_output()
  File "/var/lib/juju/agents/unit-mysql-k8s-1/charm/venv/lib/python3.10/site-packages/ops/pebble.py", line 1771, in wait_output
    raise ExecError[AnyStr](self._command, exit_code, out_value, err_value)
ops.pebble.ExecError: non-zero exit code 1 executing ['/usr/bin/mysql', '-u', 'clusteradmin', '-p', '-N', '--socket=/var/run/mysqld/mysqld.sock', '-e', 'SELECT MEMBER_STATE, MEMBER_ROLE, MEMBER_ID, @@server_uuid FROM performance_schema.replication_group_members'], stdout='', stderr="Enter password: ERROR 1045 (28000): Access denied for user 'clusteradmin'@'localhost' (using password: YES)\n"
unit-mysql-k8s-1: 01:38:17 ERROR unit.mysql-k8s/1.juju-log Failed to get member state: mysqld daemon is down
unit-mysql-k8s-1: 01:38:17 ERROR unit.mysql-k8s/1.juju-log Error getting member state while checking if cluster is blocked
unit-mysql-k8s-1: 01:38:17 ERROR unit.mysql-k8s/1.juju-log Failed to execute MySQL cli command
Traceback (most recent call last):
  File "/var/lib/juju/agents/unit-mysql-k8s-1/charm/src/mysql_k8s_helpers.py", line 772, in _run_mysqlcli_script
    stdout, _ = process.wait_output()
  File "/var/lib/juju/agents/unit-mysql-k8s-1/charm/venv/lib/python3.10/site-packages/ops/pebble.py", line 1771, in wait_output
    raise ExecError[AnyStr](self._command, exit_code, out_value, err_value)
ops.pebble.ExecError: non-zero exit code 1 executing ['/usr/bin/mysql', '-u', 'clusteradmin', '-p', '-N', '--socket=/var/run/mysqld/mysqld.sock', '-e', 'SELECT MEMBER_STATE, MEMBER_ROLE, MEMBER_ID, @@server_uuid FROM performance_schema.replication_group_members'], stdout='', stderr="Enter password: ERROR 1045 (28000): Access denied for user 'clusteradmin'@'localhost' (using password: YES)\n"
unit-mysql-k8s-1: 01:38:17 ERROR unit.mysql-k8s/1.juju-log Failed to get member state: mysqld daemon is down
unit-mysql-k8s-1: 01:38:27 ERROR unit.mysql-k8s/1.juju-log Failed to execute MySQL cli command
Traceback (most recent call last):
  File "/var/lib/juju/agents/unit-mysql-k8s-1/charm/src/mysql_k8s_helpers.py", line 772, in _run_mysqlcli_script
    stdout, _ = process.wait_output()
  File "/var/lib/juju/agents/unit-mysql-k8s-1/charm/venv/lib/python3.10/site-packages/ops/pebble.py", line 1771, in wait_output
    raise ExecError[AnyStr](self._command, exit_code, out_value, err_value)
ops.pebble.ExecError: non-zero exit code 1 executing ['/usr/bin/mysql', '-u', 'clusteradmin', '-p', '-N', '--socket=/var/run/mysqld/mysqld.sock', '-e', 'SELECT MEMBER_STATE, MEMBER_ROLE, MEMBER_ID, @@server_uuid FROM performance_schema.replication_group_members'], stdout='', stderr="Enter password: ERROR 1045 (28000): Access denied for user 'clusteradmin'@'localhost' (using password: YES)\n"
unit-mysql-k8s-1: 01:38:27 ERROR unit.mysql-k8s/1.juju-log Failed to get member state: mysqld daemon is down
unit-mysql-k8s-1: 01:38:37 ERROR unit.mysql-k8s/1.juju-log Failed to execute MySQL cli command
Traceback (most recent call last):
  File "/var/lib/juju/agents/unit-mysql-k8s-1/charm/src/mysql_k8s_helpers.py", line 772, in _run_mysqlcli_script
    stdout, _ = process.wait_output()
  File "/var/lib/juju/agents/unit-mysql-k8s-1/charm/venv/lib/python3.10/site-packages/ops/pebble.py", line 1771, in wait_output
    raise ExecError[AnyStr](self._command, exit_code, out_value, err_value)
ops.pebble.ExecError: non-zero exit code 1 executing ['/usr/bin/mysql', '-u', 'clusteradmin', '-p', '-N', '--socket=/var/run/mysqld/mysqld.sock', '-e', 'SELECT MEMBER_STATE, MEMBER_ROLE, MEMBER_ID, @@server_uuid FROM performance_schema.replication_group_members'], stdout='', stderr="Enter password: ERROR 1045 (28000): Access denied for user 'clusteradmin'@'localhost' (using password: YES)\n"
unit-mysql-k8s-1: 01:38:37 ERROR unit.mysql-k8s/1.juju-log Failed to get member state: mysqld daemon is down
unit-mysql-k8s-1: 01:38:37 ERROR unit.mysql-k8s/1.juju-log Error getting member state while checking if cluster is blocked
unit-mysql-k8s-1: 01:39:04 ERROR unit.mysql-k8s/1.juju-log Failed to execute MySQL cli command
Traceback (most recent call last):
  File "/var/lib/juju/agents/unit-mysql-k8s-1/charm/src/mysql_k8s_helpers.py", line 772, in _run_mysqlcli_script
    stdout, _ = process.wait_output()
  File "/var/lib/juju/agents/unit-mysql-k8s-1/charm/venv/lib/python3.10/site-packages/ops/pebble.py", line 1771, in wait_output
    raise ExecError[AnyStr](self._command, exit_code, out_value, err_value)
ops.pebble.ExecError: non-zero exit code 1 executing ['/usr/bin/mysql', '-u', 'clusteradmin', '-p', '-N', '--socket=/var/run/mysqld/mysqld.sock', '-e', 'SELECT MEMBER_STATE, MEMBER_ROLE, MEMBER_ID, @@server_uuid FROM performance_schema.replication_group_members'], stdout='', stderr="Enter password: ERROR 1045 (28000): Access denied for user 'clusteradmin'@'localhost' (using password: YES)\n"
unit-mysql-k8s-1: 01:39:04 ERROR unit.mysql-k8s/1.juju-log Failed to get member state: mysqld daemon is down
unit-mysql-k8s-1: 01:39:14 ERROR unit.mysql-k8s/1.juju-log Failed to execute MySQL cli command
Traceback (most recent call last):
  File "/var/lib/juju/agents/unit-mysql-k8s-1/charm/src/mysql_k8s_helpers.py", line 772, in _run_mysqlcli_script
    stdout, _ = process.wait_output()
  File "/var/lib/juju/agents/unit-mysql-k8s-1/charm/venv/lib/python3.10/site-packages/ops/pebble.py", line 1771, in wait_output
    raise ExecError[AnyStr](self._command, exit_code, out_value, err_value)
ops.pebble.ExecError: non-zero exit code 1 executing ['/usr/bin/mysql', '-u', 'clusteradmin', '-p', '-N', '--socket=/var/run/mysqld/mysqld.sock', '-e', 'SELECT MEMBER_STATE, MEMBER_ROLE, MEMBER_ID, @@server_uuid FROM performance_schema.replication_group_members'], stdout='', stderr="Enter password: ERROR 1045 (28000): Access denied for user 'clusteradmin'@'localhost' (using password: YES)\n"
unit-mysql-k8s-1: 01:39:14 ERROR unit.mysql-k8s/1.juju-log Failed to get member state: mysqld daemon is down
unit-mysql-k8s-1: 01:39:24 ERROR unit.mysql-k8s/1.juju-log Failed to execute MySQL cli command
Traceback (most recent call last):
  File "/var/lib/juju/agents/unit-mysql-k8s-1/charm/src/mysql_k8s_helpers.py", line 772, in _run_mysqlcli_script
    stdout, _ = process.wait_output()
  File "/var/lib/juju/agents/unit-mysql-k8s-1/charm/venv/lib/python3.10/site-packages/ops/pebble.py", line 1771, in wait_output
    raise ExecError[AnyStr](self._command, exit_code, out_value, err_value)
ops.pebble.ExecError: non-zero exit code 1 executing ['/usr/bin/mysql', '-u', 'clusteradmin', '-p', '-N', '--socket=/var/run/mysqld/mysqld.sock', '-e', 'SELECT MEMBER_STATE, MEMBER_ROLE, MEMBER_ID, @@server_uuid FROM performance_schema.replication_group_members'], stdout='', stderr="Enter password: ERROR 1045 (28000): Access denied for user 'clusteradmin'@'localhost' (using password: YES)\n"
unit-mysql-k8s-1: 01:39:24 ERROR unit.mysql-k8s/1.juju-log Failed to get member state: mysqld daemon is down
unit-mysql-k8s-1: 01:39:24 ERROR unit.mysql-k8s/1.juju-log Error getting member state while checking if cluster is blocked
unit-mysql-k8s-1: 01:39:24 ERROR unit.mysql-k8s/1.juju-log Failed to execute MySQL cli command
Traceback (most recent call last):
  File "/var/lib/juju/agents/unit-mysql-k8s-1/charm/src/mysql_k8s_helpers.py", line 772, in _run_mysqlcli_script
    stdout, _ = process.wait_output()
  File "/var/lib/juju/agents/unit-mysql-k8s-1/charm/venv/lib/python3.10/site-packages/ops/pebble.py", line 1771, in wait_output
    raise ExecError[AnyStr](self._command, exit_code, out_value, err_value)
ops.pebble.ExecError: non-zero exit code 1 executing ['/usr/bin/mysql', '-u', 'clusteradmin', '-p', '-N', '--socket=/var/run/mysqld/mysqld.sock', '-e', 'SELECT MEMBER_STATE, MEMBER_ROLE, MEMBER_ID, @@server_uuid FROM performance_schema.replication_group_members'], stdout='', stderr="Enter password: ERROR 1045 (28000): Access denied for user 'clusteradmin'@'localhost' (using password: YES)\n"
unit-mysql-k8s-1: 01:39:24 ERROR unit.mysql-k8s/1.juju-log Failed to get member state: mysqld daemon is down
unit-mysql-k8s-1: 01:39:34 ERROR unit.mysql-k8s/1.juju-log Failed to execute MySQL cli command
Traceback (most recent call last):
  File "/var/lib/juju/agents/unit-mysql-k8s-1/charm/src/mysql_k8s_helpers.py", line 772, in _run_mysqlcli_script
    stdout, _ = process.wait_output()
  File "/var/lib/juju/agents/unit-mysql-k8s-1/charm/venv/lib/python3.10/site-packages/ops/pebble.py", line 1771, in wait_output
    raise ExecError[AnyStr](self._command, exit_code, out_value, err_value)
ops.pebble.ExecError: non-zero exit code 1 executing ['/usr/bin/mysql', '-u', 'clusteradmin', '-p', '-N', '--socket=/var/run/mysqld/mysqld.sock', '-e', 'SELECT MEMBER_STATE, MEMBER_ROLE, MEMBER_ID, @@server_uuid FROM performance_schema.replication_group_members'], stdout='', stderr="Enter password: ERROR 1045 (28000): Access denied for user 'clusteradmin'@'localhost' (using password: YES)\n"
unit-mysql-k8s-1: 01:39:34 ERROR unit.mysql-k8s/1.juju-log Failed to get member state: mysqld daemon is down
unit-mysql-k8s-1: 01:39:44 ERROR unit.mysql-k8s/1.juju-log Failed to execute MySQL cli command
Traceback (most recent call last):
  File "/var/lib/juju/agents/unit-mysql-k8s-1/charm/src/mysql_k8s_helpers.py", line 772, in _run_mysqlcli_script
    stdout, _ = process.wait_output()
  File "/var/lib/juju/agents/unit-mysql-k8s-1/charm/venv/lib/python3.10/site-packages/ops/pebble.py", line 1771, in wait_output
    raise ExecError[AnyStr](self._command, exit_code, out_value, err_value)
ops.pebble.ExecError: non-zero exit code 1 executing ['/usr/bin/mysql', '-u', 'clusteradmin', '-p', '-N', '--socket=/var/run/mysqld/mysqld.sock', '-e', 'SELECT MEMBER_STATE, MEMBER_ROLE, MEMBER_ID, @@server_uuid FROM performance_schema.replication_group_members'], stdout='', stderr="Enter password: ERROR 1045 (28000): Access denied for user 'clusteradmin'@'localhost' (using password: YES)\n"
unit-mysql-k8s-1: 01:39:44 ERROR unit.mysql-k8s/1.juju-log Failed to get member state: mysqld daemon is down
unit-mysql-k8s-1: 01:39:44 ERROR unit.mysql-k8s/1.juju-log Error getting member state while checking if cluster is blocked
unit-mysql-k8s-1: 01:40:08 ERROR unit.mysql-k8s/1.juju-log Failed to execute MySQL cli command
Traceback (most recent call last):
  File "/var/lib/juju/agents/unit-mysql-k8s-1/charm/src/mysql_k8s_helpers.py", line 772, in _run_mysqlcli_script
    stdout, _ = process.wait_output()
  File "/var/lib/juju/agents/unit-mysql-k8s-1/charm/venv/lib/python3.10/site-packages/ops/pebble.py", line 1771, in wait_output
    raise ExecError[AnyStr](self._command, exit_code, out_value, err_value)
ops.pebble.ExecError: non-zero exit code 1 executing ['/usr/bin/mysql', '-u', 'clusteradmin', '-p', '-N', '--socket=/var/run/mysqld/mysqld.sock', '-e', 'SELECT MEMBER_STATE, MEMBER_ROLE, MEMBER_ID, @@server_uuid FROM performance_schema.replication_group_members'], stdout='', stderr="Enter password: ERROR 1045 (28000): Access denied for user 'clusteradmin'@'localhost' (using password: YES)\n"
unit-mysql-k8s-1: 01:40:08 ERROR unit.mysql-k8s/1.juju-log Failed to get member state: mysqld daemon is down
unit-mysql-k8s-1: 01:40:18 ERROR unit.mysql-k8s/1.juju-log Failed to execute MySQL cli command
Traceback (most recent call last):
  File "/var/lib/juju/agents/unit-mysql-k8s-1/charm/src/mysql_k8s_helpers.py", line 772, in _run_mysqlcli_script
    stdout, _ = process.wait_output()
  File "/var/lib/juju/agents/unit-mysql-k8s-1/charm/venv/lib/python3.10/site-packages/ops/pebble.py", line 1771, in wait_output
    raise ExecError[AnyStr](self._command, exit_code, out_value, err_value)
ops.pebble.ExecError: non-zero exit code 1 executing ['/usr/bin/mysql', '-u', 'clusteradmin', '-p', '-N', '--socket=/var/run/mysqld/mysqld.sock', '-e', 'SELECT MEMBER_STATE, MEMBER_ROLE, MEMBER_ID, @@server_uuid FROM performance_schema.replication_group_members'], stdout='', stderr="Enter password: ERROR 1045 (28000): Access denied for user 'clusteradmin'@'localhost' (using password: YES)\n"
unit-mysql-k8s-1: 01:40:18 ERROR unit.mysql-k8s/1.juju-log Failed to get member state: mysqld daemon is down
unit-mysql-k8s-1: 01:40:28 ERROR unit.mysql-k8s/1.juju-log Failed to execute MySQL cli command
Traceback (most recent call last):
  File "/var/lib/juju/agents/unit-mysql-k8s-1/charm/src/mysql_k8s_helpers.py", line 772, in _run_mysqlcli_script
    stdout, _ = process.wait_output()
  File "/var/lib/juju/agents/unit-mysql-k8s-1/charm/venv/lib/python3.10/site-packages/ops/pebble.py", line 1771, in wait_output
    raise ExecError[AnyStr](self._command, exit_code, out_value, err_value)
ops.pebble.ExecError: non-zero exit code 1 executing ['/usr/bin/mysql', '-u', 'clusteradmin', '-p', '-N', '--socket=/var/run/mysqld/mysqld.sock', '-e', 'SELECT MEMBER_STATE, MEMBER_ROLE, MEMBER_ID, @@server_uuid FROM performance_schema.replication_group_members'], stdout='', stderr="Enter password: ERROR 1045 (28000): Access denied for user 'clusteradmin'@'localhost' (using password: YES)\n"
unit-mysql-k8s-1: 01:40:28 ERROR unit.mysql-k8s/1.juju-log Failed to get member state: mysqld daemon is down
unit-mysql-k8s-1: 01:40:28 ERROR unit.mysql-k8s/1.juju-log Error getting member state while checking if cluster is blocked
unit-mysql-k8s-1: 01:40:28 ERROR unit.mysql-k8s/1.juju-log Failed to execute MySQL cli command
Traceback (most recent call last):
  File "/var/lib/juju/agents/unit-mysql-k8s-1/charm/src/mysql_k8s_helpers.py", line 772, in _run_mysqlcli_script
    stdout, _ = process.wait_output()
  File "/var/lib/juju/agents/unit-mysql-k8s-1/charm/venv/lib/python3.10/site-packages/ops/pebble.py", line 1771, in wait_output
    raise ExecError[AnyStr](self._command, exit_code, out_value, err_value)
ops.pebble.ExecError: non-zero exit code 1 executing ['/usr/bin/mysql', '-u', 'clusteradmin', '-p', '-N', '--socket=/var/run/mysqld/mysqld.sock', '-e', 'SELECT MEMBER_STATE, MEMBER_ROLE, MEMBER_ID, @@server_uuid FROM performance_schema.replication_group_members'], stdout='', stderr="Enter password: ERROR 1045 (28000): Access denied for user 'clusteradmin'@'localhost' (using password: YES)\n"
unit-mysql-k8s-1: 01:40:28 ERROR unit.mysql-k8s/1.juju-log Failed to get member state: mysqld daemon is down
unit-mysql-k8s-1: 01:40:38 ERROR unit.mysql-k8s/1.juju-log Failed to execute MySQL cli command
Traceback (most recent call last):
  File "/var/lib/juju/agents/unit-mysql-k8s-1/charm/src/mysql_k8s_helpers.py", line 772, in _run_mysqlcli_script
    stdout, _ = process.wait_output()
  File "/var/lib/juju/agents/unit-mysql-k8s-1/charm/venv/lib/python3.10/site-packages/ops/pebble.py", line 1771, in wait_output
    raise ExecError[AnyStr](self._command, exit_code, out_value, err_value)
ops.pebble.ExecError: non-zero exit code 1 executing ['/usr/bin/mysql', '-u', 'clusteradmin', '-p', '-N', '--socket=/var/run/mysqld/mysqld.sock', '-e', 'SELECT MEMBER_STATE, MEMBER_ROLE, MEMBER_ID, @@server_uuid FROM performance_schema.replication_group_members'], stdout='', stderr="Enter password: ERROR 1045 (28000): Access denied for user 'clusteradmin'@'localhost' (using password: YES)\n"
unit-mysql-k8s-1: 01:40:38 ERROR unit.mysql-k8s/1.juju-log Failed to get member state: mysqld daemon is down
unit-mysql-k8s-1: 01:40:48 ERROR unit.mysql-k8s/1.juju-log Failed to execute MySQL cli command
Traceback (most recent call last):
  File "/var/lib/juju/agents/unit-mysql-k8s-1/charm/src/mysql_k8s_helpers.py", line 772, in _run_mysqlcli_script
    stdout, _ = process.wait_output()
  File "/var/lib/juju/agents/unit-mysql-k8s-1/charm/venv/lib/python3.10/site-packages/ops/pebble.py", line 1771, in wait_output
    raise ExecError[AnyStr](self._command, exit_code, out_value, err_value)
ops.pebble.ExecError: non-zero exit code 1 executing ['/usr/bin/mysql', '-u', 'clusteradmin', '-p', '-N', '--socket=/var/run/mysqld/mysqld.sock', '-e', 'SELECT MEMBER_STATE, MEMBER_ROLE, MEMBER_ID, @@server_uuid FROM performance_schema.replication_group_members'], stdout='', stderr="Enter password: ERROR 1045 (28000): Access denied for user 'clusteradmin'@'localhost' (using password: YES)\n"
unit-mysql-k8s-1: 01:40:48 ERROR unit.mysql-k8s/1.juju-log Failed to get member state: mysqld daemon is down
unit-mysql-k8s-1: 01:40:48 ERROR unit.mysql-k8s/1.juju-log Error getting member state while checking if cluster is blocked
unit-mysql-k8s-1: 01:41:10 ERROR unit.mysql-k8s/1.juju-log Failed to execute MySQL cli command
Traceback (most recent call last):
  File "/var/lib/juju/agents/unit-mysql-k8s-1/charm/src/mysql_k8s_helpers.py", line 772, in _run_mysqlcli_script
    stdout, _ = process.wait_output()
  File "/var/lib/juju/agents/unit-mysql-k8s-1/charm/venv/lib/python3.10/site-packages/ops/pebble.py", line 1771, in wait_output
    raise ExecError[AnyStr](self._command, exit_code, out_value, err_value)
ops.pebble.ExecError: non-zero exit code 1 executing ['/usr/bin/mysql', '-u', 'clusteradmin', '-p', '-N', '--socket=/var/run/mysqld/mysqld.sock', '-e', 'SELECT MEMBER_STATE, MEMBER_ROLE, MEMBER_ID, @@server_uuid FROM performance_schema.replication_group_members'], stdout='', stderr="Enter password: ERROR 1045 (28000): Access denied for user 'clusteradmin'@'localhost' (using password: YES)\n"
unit-mysql-k8s-1: 01:41:10 ERROR unit.mysql-k8s/1.juju-log Failed to get member state: mysqld daemon is down
unit-mysql-k8s-1: 01:41:20 ERROR unit.mysql-k8s/1.juju-log Failed to execute MySQL cli command
Traceback (most recent call last):
  File "/var/lib/juju/agents/unit-mysql-k8s-1/charm/src/mysql_k8s_helpers.py", line 772, in _run_mysqlcli_script
    stdout, _ = process.wait_output()
  File "/var/lib/juju/agents/unit-mysql-k8s-1/charm/venv/lib/python3.10/site-packages/ops/pebble.py", line 1771, in wait_output
    raise ExecError[AnyStr](self._command, exit_code, out_value, err_value)
ops.pebble.ExecError: non-zero exit code 1 executing ['/usr/bin/mysql', '-u', 'clusteradmin', '-p', '-N', '--socket=/var/run/mysqld/mysqld.sock', '-e', 'SELECT MEMBER_STATE, MEMBER_ROLE, MEMBER_ID, @@server_uuid FROM performance_schema.replication_group_members'], stdout='', stderr="Enter password: ERROR 1045 (28000): Access denied for user 'clusteradmin'@'localhost' (using password: YES)\n"
unit-mysql-k8s-1: 01:41:20 ERROR unit.mysql-k8s/1.juju-log Failed to get member state: mysqld daemon is down
unit-mysql-k8s-1: 01:41:30 ERROR unit.mysql-k8s/1.juju-log Failed to execute MySQL cli command
Traceback (most recent call last):
  File "/var/lib/juju/agents/unit-mysql-k8s-1/charm/src/mysql_k8s_helpers.py", line 772, in _run_mysqlcli_script
    stdout, _ = process.wait_output()
  File "/var/lib/juju/agents/unit-mysql-k8s-1/charm/venv/lib/python3.10/site-packages/ops/pebble.py", line 1771, in wait_output
    raise ExecError[AnyStr](self._command, exit_code, out_value, err_value)
ops.pebble.ExecError: non-zero exit code 1 executing ['/usr/bin/mysql', '-u', 'clusteradmin', '-p', '-N', '--socket=/var/run/mysqld/mysqld.sock', '-e', 'SELECT MEMBER_STATE, MEMBER_ROLE, MEMBER_ID, @@server_uuid FROM performance_schema.replication_group_members'], stdout='', stderr="Enter password: ERROR 1045 (28000): Access denied for user 'clusteradmin'@'localhost' (using password: YES)\n"
unit-mysql-k8s-1: 01:41:30 ERROR unit.mysql-k8s/1.juju-log Failed to get member state: mysqld daemon is down
unit-mysql-k8s-1: 01:41:30 ERROR unit.mysql-k8s/1.juju-log Error getting member state while checking if cluster is blocked
unit-mysql-k8s-1: 01:41:30 ERROR unit.mysql-k8s/1.juju-log Failed to execute MySQL cli command
Traceback (most recent call last):
  File "/var/lib/juju/agents/unit-mysql-k8s-1/charm/src/mysql_k8s_helpers.py", line 772, in _run_mysqlcli_script
    stdout, _ = process.wait_output()
  File "/var/lib/juju/agents/unit-mysql-k8s-1/charm/venv/lib/python3.10/site-packages/ops/pebble.py", line 1771, in wait_output
    raise ExecError[AnyStr](self._command, exit_code, out_value, err_value)
ops.pebble.ExecError: non-zero exit code 1 executing ['/usr/bin/mysql', '-u', 'clusteradmin', '-p', '-N', '--socket=/var/run/mysqld/mysqld.sock', '-e', 'SELECT MEMBER_STATE, MEMBER_ROLE, MEMBER_ID, @@server_uuid FROM performance_schema.replication_group_members'], stdout='', stderr="Enter password: ERROR 1045 (28000): Access denied for user 'clusteradmin'@'localhost' (using password: YES)\n"
unit-mysql-k8s-1: 01:41:30 ERROR unit.mysql-k8s/1.juju-log Failed to get member state: mysqld daemon is down
unit-mysql-k8s-1: 01:41:40 ERROR unit.mysql-k8s/1.juju-log Failed to execute MySQL cli command
Traceback (most recent call last):
  File "/var/lib/juju/agents/unit-mysql-k8s-1/charm/src/mysql_k8s_helpers.py", line 772, in _run_mysqlcli_script
    stdout, _ = process.wait_output()
  File "/var/lib/juju/agents/unit-mysql-k8s-1/charm/venv/lib/python3.10/site-packages/ops/pebble.py", line 1771, in wait_output
    raise ExecError[AnyStr](self._command, exit_code, out_value, err_value)
ops.pebble.ExecError: non-zero exit code 1 executing ['/usr/bin/mysql', '-u', 'clusteradmin', '-p', '-N', '--socket=/var/run/mysqld/mysqld.sock', '-e', 'SELECT MEMBER_STATE, MEMBER_ROLE, MEMBER_ID, @@server_uuid FROM performance_schema.replication_group_members'], stdout='', stderr="Enter password: ERROR 1045 (28000): Access denied for user 'clusteradmin'@'localhost' (using password: YES)\n"
unit-mysql-k8s-1: 01:41:40 ERROR unit.mysql-k8s/1.juju-log Failed to get member state: mysqld daemon is down
unit-mysql-k8s-1: 01:41:50 ERROR unit.mysql-k8s/1.juju-log Failed to execute MySQL cli command
Traceback (most recent call last):
  File "/var/lib/juju/agents/unit-mysql-k8s-1/charm/src/mysql_k8s_helpers.py", line 772, in _run_mysqlcli_script
    stdout, _ = process.wait_output()
  File "/var/lib/juju/agents/unit-mysql-k8s-1/charm/venv/lib/python3.10/site-packages/ops/pebble.py", line 1771, in wait_output
    raise ExecError[AnyStr](self._command, exit_code, out_value, err_value)
ops.pebble.ExecError: non-zero exit code 1 executing ['/usr/bin/mysql', '-u', 'clusteradmin', '-p', '-N', '--socket=/var/run/mysqld/mysqld.sock', '-e', 'SELECT MEMBER_STATE, MEMBER_ROLE, MEMBER_ID, @@server_uuid FROM performance_schema.replication_group_members'], stdout='', stderr="Enter password: ERROR 1045 (28000): Access denied for user 'clusteradmin'@'localhost' (using password: YES)\n"
unit-mysql-k8s-1: 01:41:50 ERROR unit.mysql-k8s/1.juju-log Failed to get member state: mysqld daemon is down
unit-mysql-k8s-1: 01:41:50 ERROR unit.mysql-k8s/1.juju-log Error getting member state while checking if cluster is blocked
unit-mysql-k8s-1: 01:42:02 ERROR unit.mysql-k8s/1.juju-log Failed to execute MySQL cli command
Traceback (most recent call last):
  File "/var/lib/juju/agents/unit-mysql-k8s-1/charm/src/mysql_k8s_helpers.py", line 772, in _run_mysqlcli_script
    stdout, _ = process.wait_output()
  File "/var/lib/juju/agents/unit-mysql-k8s-1/charm/venv/lib/python3.10/site-packages/ops/pebble.py", line 1771, in wait_output
    raise ExecError[AnyStr](self._command, exit_code, out_value, err_value)
ops.pebble.ExecError: non-zero exit code 1 executing ['/usr/bin/mysql', '-u', 'clusteradmin', '-p', '-N', '--socket=/var/run/mysqld/mysqld.sock', '-e', 'SELECT MEMBER_STATE, MEMBER_ROLE, MEMBER_ID, @@server_uuid FROM performance_schema.replication_group_members'], stdout='', stderr="Enter password: ERROR 1045 (28000): Access denied for user 'clusteradmin'@'localhost' (using password: YES)\n"
unit-mysql-k8s-1: 01:42:02 ERROR unit.mysql-k8s/1.juju-log Failed to get member state: mysqld daemon is down
unit-mysql-k8s-1: 01:42:12 ERROR unit.mysql-k8s/1.juju-log Failed to execute MySQL cli command
Traceback (most recent call last):
  File "/var/lib/juju/agents/unit-mysql-k8s-1/charm/src/mysql_k8s_helpers.py", line 772, in _run_mysqlcli_script
    stdout, _ = process.wait_output()
  File "/var/lib/juju/agents/unit-mysql-k8s-1/charm/venv/lib/python3.10/site-packages/ops/pebble.py", line 1771, in wait_output
    raise ExecError[AnyStr](self._command, exit_code, out_value, err_value)
ops.pebble.ExecError: non-zero exit code 1 executing ['/usr/bin/mysql', '-u', 'clusteradmin', '-p', '-N', '--socket=/var/run/mysqld/mysqld.sock', '-e', 'SELECT MEMBER_STATE, MEMBER_ROLE, MEMBER_ID, @@server_uuid FROM performance_schema.replication_group_members'], stdout='', stderr="Enter password: ERROR 1045 (28000): Access denied for user 'clusteradmin'@'localhost' (using password: YES)\n"
unit-mysql-k8s-1: 01:42:12 ERROR unit.mysql-k8s/1.juju-log Failed to get member state: mysqld daemon is down
unit-mysql-k8s-1: 01:42:22 ERROR unit.mysql-k8s/1.juju-log Failed to execute MySQL cli command
Traceback (most recent call last):
  File "/var/lib/juju/agents/unit-mysql-k8s-1/charm/src/mysql_k8s_helpers.py", line 772, in _run_mysqlcli_script
    stdout, _ = process.wait_output()
  File "/var/lib/juju/agents/unit-mysql-k8s-1/charm/venv/lib/python3.10/site-packages/ops/pebble.py", line 1771, in wait_output
    raise ExecError[AnyStr](self._command, exit_code, out_value, err_value)
ops.pebble.ExecError: non-zero exit code 1 executing ['/usr/bin/mysql', '-u', 'clusteradmin', '-p', '-N', '--socket=/var/run/mysqld/mysqld.sock', '-e', 'SELECT MEMBER_STATE, MEMBER_ROLE, MEMBER_ID, @@server_uuid FROM performance_schema.replication_group_members'], stdout='', stderr="Enter password: ERROR 1045 (28000): Access denied for user 'clusteradmin'@'localhost' (using password: YES)\n"
unit-mysql-k8s-1: 01:42:22 ERROR unit.mysql-k8s/1.juju-log Failed to get member state: mysqld daemon is down
unit-mysql-k8s-1: 01:42:22 ERROR unit.mysql-k8s/1.juju-log Error getting member state while checking if cluster is blocked
unit-mysql-k8s-1: 01:42:23 ERROR unit.mysql-k8s/1.juju-log Failed to execute MySQL cli command
Traceback (most recent call last):
  File "/var/lib/juju/agents/unit-mysql-k8s-1/charm/src/mysql_k8s_helpers.py", line 772, in _run_mysqlcli_script
    stdout, _ = process.wait_output()
  File "/var/lib/juju/agents/unit-mysql-k8s-1/charm/venv/lib/python3.10/site-packages/ops/pebble.py", line 1771, in wait_output
    raise ExecError[AnyStr](self._command, exit_code, out_value, err_value)
ops.pebble.ExecError: non-zero exit code 1 executing ['/usr/bin/mysql', '-u', 'clusteradmin', '-p', '-N', '--socket=/var/run/mysqld/mysqld.sock', '-e', 'SELECT MEMBER_STATE, MEMBER_ROLE, MEMBER_ID, @@server_uuid FROM performance_schema.replication_group_members'], stdout='', stderr="Enter password: ERROR 1045 (28000): Access denied for user 'clusteradmin'@'localhost' (using password: YES)\n"
unit-mysql-k8s-1: 01:42:23 ERROR unit.mysql-k8s/1.juju-log Failed to get member state: mysqld daemon is down
unit-mysql-k8s-1: 01:42:33 ERROR unit.mysql-k8s/1.juju-log Failed to execute MySQL cli command
Traceback (most recent call last):
  File "/var/lib/juju/agents/unit-mysql-k8s-1/charm/src/mysql_k8s_helpers.py", line 772, in _run_mysqlcli_script
    stdout, _ = process.wait_output()
  File "/var/lib/juju/agents/unit-mysql-k8s-1/charm/venv/lib/python3.10/site-packages/ops/pebble.py", line 1771, in wait_output
    raise ExecError[AnyStr](self._command, exit_code, out_value, err_value)
ops.pebble.ExecError: non-zero exit code 1 executing ['/usr/bin/mysql', '-u', 'clusteradmin', '-p', '-N', '--socket=/var/run/mysqld/mysqld.sock', '-e', 'SELECT MEMBER_STATE, MEMBER_ROLE, MEMBER_ID, @@server_uuid FROM performance_schema.replication_group_members'], stdout='', stderr="Enter password: ERROR 1045 (28000): Access denied for user 'clusteradmin'@'localhost' (using password: YES)\n"
unit-mysql-k8s-1: 01:42:33 ERROR unit.mysql-k8s/1.juju-log Failed to get member state: mysqld daemon is down
unit-mysql-k8s-1: 01:42:43 ERROR unit.mysql-k8s/1.juju-log Failed to execute MySQL cli command
Traceback (most recent call last):
  File "/var/lib/juju/agents/unit-mysql-k8s-1/charm/src/mysql_k8s_helpers.py", line 772, in _run_mysqlcli_script
    stdout, _ = process.wait_output()
  File "/var/lib/juju/agents/unit-mysql-k8s-1/charm/venv/lib/python3.10/site-packages/ops/pebble.py", line 1771, in wait_output
    raise ExecError[AnyStr](self._command, exit_code, out_value, err_value)
ops.pebble.ExecError: non-zero exit code 1 executing ['/usr/bin/mysql', '-u', 'clusteradmin', '-p', '-N', '--socket=/var/run/mysqld/mysqld.sock', '-e', 'SELECT MEMBER_STATE, MEMBER_ROLE, MEMBER_ID, @@server_uuid FROM performance_schema.replication_group_members'], stdout='', stderr="Enter password: ERROR 1045 (28000): Access denied for user 'clusteradmin'@'localhost' (using password: YES)\n"
unit-mysql-k8s-1: 01:42:43 ERROR unit.mysql-k8s/1.juju-log Failed to get member state: mysqld daemon is down
unit-mysql-k8s-1: 01:42:43 ERROR unit.mysql-k8s/1.juju-log Error getting member state while checking if cluster is blocked
unit-mysql-k8s-1: 01:43:02 ERROR unit.mysql-k8s/1.juju-log Failed to execute MySQL cli command
Traceback (most recent call last):
  File "/var/lib/juju/agents/unit-mysql-k8s-1/charm/src/mysql_k8s_helpers.py", line 772, in _run_mysqlcli_script
    stdout, _ = process.wait_output()
  File "/var/lib/juju/agents/unit-mysql-k8s-1/charm/venv/lib/python3.10/site-packages/ops/pebble.py", line 1771, in wait_output
    raise ExecError[AnyStr](self._command, exit_code, out_value, err_value)
ops.pebble.ExecError: non-zero exit code 1 executing ['/usr/bin/mysql', '-u', 'clusteradmin', '-p', '-N', '--socket=/var/run/mysqld/mysqld.sock', '-e', 'SELECT MEMBER_STATE, MEMBER_ROLE, MEMBER_ID, @@server_uuid FROM performance_schema.replication_group_members'], stdout='', stderr="Enter password: ERROR 1045 (28000): Access denied for user 'clusteradmin'@'localhost' (using password: YES)\n"
unit-mysql-k8s-1: 01:43:02 ERROR unit.mysql-k8s/1.juju-log Failed to get member state: mysqld daemon is down
unit-mysql-k8s-1: 01:43:12 ERROR unit.mysql-k8s/1.juju-log Failed to execute MySQL cli command
Traceback (most recent call last):
  File "/var/lib/juju/agents/unit-mysql-k8s-1/charm/src/mysql_k8s_helpers.py", line 772, in _run_mysqlcli_script
    stdout, _ = process.wait_output()
  File "/var/lib/juju/agents/unit-mysql-k8s-1/charm/venv/lib/python3.10/site-packages/ops/pebble.py", line 1771, in wait_output
    raise ExecError[AnyStr](self._command, exit_code, out_value, err_value)
ops.pebble.ExecError: non-zero exit code 1 executing ['/usr/bin/mysql', '-u', 'clusteradmin', '-p', '-N', '--socket=/var/run/mysqld/mysqld.sock', '-e', 'SELECT MEMBER_STATE, MEMBER_ROLE, MEMBER_ID, @@server_uuid FROM performance_schema.replication_group_members'], stdout='', stderr="Enter password: ERROR 1045 (28000): Access denied for user 'clusteradmin'@'localhost' (using password: YES)\n"
unit-mysql-k8s-1: 01:43:12 ERROR unit.mysql-k8s/1.juju-log Failed to get member state: mysqld daemon is down
unit-mysql-k8s-1: 01:43:22 ERROR unit.mysql-k8s/1.juju-log Failed to execute MySQL cli command
Traceback (most recent call last):
  File "/var/lib/juju/agents/unit-mysql-k8s-1/charm/src/mysql_k8s_helpers.py", line 772, in _run_mysqlcli_script
    stdout, _ = process.wait_output()
  File "/var/lib/juju/agents/unit-mysql-k8s-1/charm/venv/lib/python3.10/site-packages/ops/pebble.py", line 1771, in wait_output
    raise ExecError[AnyStr](self._command, exit_code, out_value, err_value)
ops.pebble.ExecError: non-zero exit code 1 executing ['/usr/bin/mysql', '-u', 'clusteradmin', '-p', '-N', '--socket=/var/run/mysqld/mysqld.sock', '-e', 'SELECT MEMBER_STATE, MEMBER_ROLE, MEMBER_ID, @@server_uuid FROM performance_schema.replication_group_members'], stdout='', stderr="Enter password: ERROR 1045 (28000): Access denied for user 'clusteradmin'@'localhost' (using password: YES)\n"
unit-mysql-k8s-1: 01:43:22 ERROR unit.mysql-k8s/1.juju-log Failed to get member state: mysqld daemon is down
unit-mysql-k8s-1: 01:43:22 ERROR unit.mysql-k8s/1.juju-log Error getting member state while checking if cluster is blocked
unit-mysql-k8s-1: 01:43:22 ERROR unit.mysql-k8s/1.juju-log Failed to execute MySQL cli command
Traceback (most recent call last):
  File "/var/lib/juju/agents/unit-mysql-k8s-1/charm/src/mysql_k8s_helpers.py", line 772, in _run_mysqlcli_script
    stdout, _ = process.wait_output()
  File "/var/lib/juju/agents/unit-mysql-k8s-1/charm/venv/lib/python3.10/site-packages/ops/pebble.py", line 1771, in wait_output
    raise ExecError[AnyStr](self._command, exit_code, out_value, err_value)
ops.pebble.ExecError: non-zero exit code 1 executing ['/usr/bin/mysql', '-u', 'clusteradmin', '-p', '-N', '--socket=/var/run/mysqld/mysqld.sock', '-e', 'SELECT MEMBER_STATE, MEMBER_ROLE, MEMBER_ID, @@server_uuid FROM performance_schema.replication_group_members'], stdout='', stderr="Enter password: ERROR 1045 (28000): Access denied for user 'clusteradmin'@'localhost' (using password: YES)\n"
unit-mysql-k8s-1: 01:43:22 ERROR unit.mysql-k8s/1.juju-log Failed to get member state: mysqld daemon is down
unit-mysql-k8s-1: 01:43:32 ERROR unit.mysql-k8s/1.juju-log Failed to execute MySQL cli command
Traceback (most recent call last):
  File "/var/lib/juju/agents/unit-mysql-k8s-1/charm/src/mysql_k8s_helpers.py", line 772, in _run_mysqlcli_script
    stdout, _ = process.wait_output()
  File "/var/lib/juju/agents/unit-mysql-k8s-1/charm/venv/lib/python3.10/site-packages/ops/pebble.py", line 1771, in wait_output
    raise ExecError[AnyStr](self._command, exit_code, out_value, err_value)
ops.pebble.ExecError: non-zero exit code 1 executing ['/usr/bin/mysql', '-u', 'clusteradmin', '-p', '-N', '--socket=/var/run/mysqld/mysqld.sock', '-e', 'SELECT MEMBER_STATE, MEMBER_ROLE, MEMBER_ID, @@server_uuid FROM performance_schema.replication_group_members'], stdout='', stderr="Enter password: ERROR 1045 (28000): Access denied for user 'clusteradmin'@'localhost' (using password: YES)\n"
unit-mysql-k8s-1: 01:43:32 ERROR unit.mysql-k8s/1.juju-log Failed to get member state: mysqld daemon is down
unit-mysql-k8s-1: 01:43:42 ERROR unit.mysql-k8s/1.juju-log Failed to execute MySQL cli command
Traceback (most recent call last):
  File "/var/lib/juju/agents/unit-mysql-k8s-1/charm/src/mysql_k8s_helpers.py", line 772, in _run_mysqlcli_script
    stdout, _ = process.wait_output()
  File "/var/lib/juju/agents/unit-mysql-k8s-1/charm/venv/lib/python3.10/site-packages/ops/pebble.py", line 1771, in wait_output
    raise ExecError[AnyStr](self._command, exit_code, out_value, err_value)
ops.pebble.ExecError: non-zero exit code 1 executing ['/usr/bin/mysql', '-u', 'clusteradmin', '-p', '-N', '--socket=/var/run/mysqld/mysqld.sock', '-e', 'SELECT MEMBER_STATE, MEMBER_ROLE, MEMBER_ID, @@server_uuid FROM performance_schema.replication_group_members'], stdout='', stderr="Enter password: ERROR 1045 (28000): Access denied for user 'clusteradmin'@'localhost' (using password: YES)\n"
unit-mysql-k8s-1: 01:43:42 ERROR unit.mysql-k8s/1.juju-log Failed to get member state: mysqld daemon is down
unit-mysql-k8s-1: 01:43:42 ERROR unit.mysql-k8s/1.juju-log Error getting member state while checking if cluster is blocked
unit-mysql-k8s-1: 01:44:01 ERROR unit.mysql-k8s/1.juju-log Failed to execute MySQL cli command
Traceback (most recent call last):
  File "/var/lib/juju/agents/unit-mysql-k8s-1/charm/src/mysql_k8s_helpers.py", line 772, in _run_mysqlcli_script
    stdout, _ = process.wait_output()
  File "/var/lib/juju/agents/unit-mysql-k8s-1/charm/venv/lib/python3.10/site-packages/ops/pebble.py", line 1771, in wait_output
    raise ExecError[AnyStr](self._command, exit_code, out_value, err_value)
ops.pebble.ExecError: non-zero exit code 1 executing ['/usr/bin/mysql', '-u', 'clusteradmin', '-p', '-N', '--socket=/var/run/mysqld/mysqld.sock', '-e', 'SELECT MEMBER_STATE, MEMBER_ROLE, MEMBER_ID, @@server_uuid FROM performance_schema.replication_group_members'], stdout='', stderr="Enter password: ERROR 1045 (28000): Access denied for user 'clusteradmin'@'localhost' (using password: YES)\n"
unit-mysql-k8s-1: 01:44:01 ERROR unit.mysql-k8s/1.juju-log Failed to get member state: mysqld daemon is down
unit-mysql-k8s-1: 01:44:11 ERROR unit.mysql-k8s/1.juju-log Failed to execute MySQL cli command
Traceback (most recent call last):
  File "/var/lib/juju/agents/unit-mysql-k8s-1/charm/src/mysql_k8s_helpers.py", line 772, in _run_mysqlcli_script
    stdout, _ = process.wait_output()
  File "/var/lib/juju/agents/unit-mysql-k8s-1/charm/venv/lib/python3.10/site-packages/ops/pebble.py", line 1771, in wait_output
    raise ExecError[AnyStr](self._command, exit_code, out_value, err_value)
ops.pebble.ExecError: non-zero exit code 1 executing ['/usr/bin/mysql', '-u', 'clusteradmin', '-p', '-N', '--socket=/var/run/mysqld/mysqld.sock', '-e', 'SELECT MEMBER_STATE, MEMBER_ROLE, MEMBER_ID, @@server_uuid FROM performance_schema.replication_group_members'], stdout='', stderr="Enter password: ERROR 1045 (28000): Access denied for user 'clusteradmin'@'localhost' (using password: YES)\n"
unit-mysql-k8s-1: 01:44:11 ERROR unit.mysql-k8s/1.juju-log Failed to get member state: mysqld daemon is down
unit-mysql-k8s-1: 01:44:21 ERROR unit.mysql-k8s/1.juju-log Failed to execute MySQL cli command
Traceback (most recent call last):
  File "/var/lib/juju/agents/unit-mysql-k8s-1/charm/src/mysql_k8s_helpers.py", line 772, in _run_mysqlcli_script
    stdout, _ = process.wait_output()
  File "/var/lib/juju/agents/unit-mysql-k8s-1/charm/venv/lib/python3.10/site-packages/ops/pebble.py", line 1771, in wait_output
    raise ExecError[AnyStr](self._command, exit_code, out_value, err_value)
ops.pebble.ExecError: non-zero exit code 1 executing ['/usr/bin/mysql', '-u', 'clusteradmin', '-p', '-N', '--socket=/var/run/mysqld/mysqld.sock', '-e', 'SELECT MEMBER_STATE, MEMBER_ROLE, MEMBER_ID, @@server_uuid FROM performance_schema.replication_group_members'], stdout='', stderr="Enter password: ERROR 1045 (28000): Access denied for user 'clusteradmin'@'localhost' (using password: YES)\n"
unit-mysql-k8s-1: 01:44:21 ERROR unit.mysql-k8s/1.juju-log Failed to get member state: mysqld daemon is down
unit-mysql-k8s-1: 01:44:21 ERROR unit.mysql-k8s/1.juju-log Error getting member state while checking if cluster is blocked
unit-mysql-k8s-1: 01:44:21 ERROR unit.mysql-k8s/1.juju-log Failed to execute MySQL cli command
Traceback (most recent call last):
  File "/var/lib/juju/agents/unit-mysql-k8s-1/charm/src/mysql_k8s_helpers.py", line 772, in _run_mysqlcli_script
    stdout, _ = process.wait_output()
  File "/var/lib/juju/agents/unit-mysql-k8s-1/charm/venv/lib/python3.10/site-packages/ops/pebble.py", line 1771, in wait_output
    raise ExecError[AnyStr](self._command, exit_code, out_value, err_value)
ops.pebble.ExecError: non-zero exit code 1 executing ['/usr/bin/mysql', '-u', 'clusteradmin', '-p', '-N', '--socket=/var/run/mysqld/mysqld.sock', '-e', 'SELECT MEMBER_STATE, MEMBER_ROLE, MEMBER_ID, @@server_uuid FROM performance_schema.replication_group_members'], stdout='', stderr="Enter password: ERROR 1045 (28000): Access denied for user 'clusteradmin'@'localhost' (using password: YES)\n"
unit-mysql-k8s-1: 01:44:21 ERROR unit.mysql-k8s/1.juju-log Failed to get member state: mysqld daemon is down
unit-mysql-k8s-1: 01:44:31 ERROR unit.mysql-k8s/1.juju-log Failed to execute MySQL cli command
Traceback (most recent call last):
  File "/var/lib/juju/agents/unit-mysql-k8s-1/charm/src/mysql_k8s_helpers.py", line 772, in _run_mysqlcli_script
    stdout, _ = process.wait_output()
  File "/var/lib/juju/agents/unit-mysql-k8s-1/charm/venv/lib/python3.10/site-packages/ops/pebble.py", line 1771, in wait_output
    raise ExecError[AnyStr](self._command, exit_code, out_value, err_value)
ops.pebble.ExecError: non-zero exit code 1 executing ['/usr/bin/mysql', '-u', 'clusteradmin', '-p', '-N', '--socket=/var/run/mysqld/mysqld.sock', '-e', 'SELECT MEMBER_STATE, MEMBER_ROLE, MEMBER_ID, @@server_uuid FROM performance_schema.replication_group_members'], stdout='', stderr="Enter password: ERROR 1045 (28000): Access denied for user 'clusteradmin'@'localhost' (using password: YES)\n"
unit-mysql-k8s-1: 01:44:31 ERROR unit.mysql-k8s/1.juju-log Failed to get member state: mysqld daemon is down
unit-mysql-k8s-1: 01:44:41 ERROR unit.mysql-k8s/1.juju-log Failed to execute MySQL cli command
Traceback (most recent call last):
  File "/var/lib/juju/agents/unit-mysql-k8s-1/charm/src/mysql_k8s_helpers.py", line 772, in _run_mysqlcli_script
    stdout, _ = process.wait_output()
  File "/var/lib/juju/agents/unit-mysql-k8s-1/charm/venv/lib/python3.10/site-packages/ops/pebble.py", line 1771, in wait_output
    raise ExecError[AnyStr](self._command, exit_code, out_value, err_value)
ops.pebble.ExecError: non-zero exit code 1 executing ['/usr/bin/mysql', '-u', 'clusteradmin', '-p', '-N', '--socket=/var/run/mysqld/mysqld.sock', '-e', 'SELECT MEMBER_STATE, MEMBER_ROLE, MEMBER_ID, @@server_uuid FROM performance_schema.replication_group_members'], stdout='', stderr="Enter password: ERROR 1045 (28000): Access denied for user 'clusteradmin'@'localhost' (using password: YES)\n"
unit-mysql-k8s-1: 01:44:41 ERROR unit.mysql-k8s/1.juju-log Failed to get member state: mysqld daemon is down
unit-mysql-k8s-1: 01:44:41 ERROR unit.mysql-k8s/1.juju-log Error getting member state while checking if cluster is blocked
unit-mysql-k8s-1: 01:45:06 ERROR unit.mysql-k8s/1.juju-log Failed to execute MySQL cli command
Traceback (most recent call last):
  File "/var/lib/juju/agents/unit-mysql-k8s-1/charm/src/mysql_k8s_helpers.py", line 772, in _run_mysqlcli_script
    stdout, _ = process.wait_output()
  File "/var/lib/juju/agents/unit-mysql-k8s-1/charm/venv/lib/python3.10/site-packages/ops/pebble.py", line 1771, in wait_output
    raise ExecError[AnyStr](self._command, exit_code, out_value, err_value)
ops.pebble.ExecError: non-zero exit code 1 executing ['/usr/bin/mysql', '-u', 'clusteradmin', '-p', '-N', '--socket=/var/run/mysqld/mysqld.sock', '-e', 'SELECT MEMBER_STATE, MEMBER_ROLE, MEMBER_ID, @@server_uuid FROM performance_schema.replication_group_members'], stdout='', stderr="Enter password: ERROR 1045 (28000): Access denied for user 'clusteradmin'@'localhost' (using password: YES)\n"
unit-mysql-k8s-1: 01:45:06 ERROR unit.mysql-k8s/1.juju-log Failed to get member state: mysqld daemon is down
unit-mysql-k8s-1: 01:45:16 ERROR unit.mysql-k8s/1.juju-log Failed to execute MySQL cli command
Traceback (most recent call last):
  File "/var/lib/juju/agents/unit-mysql-k8s-1/charm/src/mysql_k8s_helpers.py", line 772, in _run_mysqlcli_script
    stdout, _ = process.wait_output()
  File "/var/lib/juju/agents/unit-mysql-k8s-1/charm/venv/lib/python3.10/site-packages/ops/pebble.py", line 1771, in wait_output
    raise ExecError[AnyStr](self._command, exit_code, out_value, err_value)
ops.pebble.ExecError: non-zero exit code 1 executing ['/usr/bin/mysql', '-u', 'clusteradmin', '-p', '-N', '--socket=/var/run/mysqld/mysqld.sock', '-e', 'SELECT MEMBER_STATE, MEMBER_ROLE, MEMBER_ID, @@server_uuid FROM performance_schema.replication_group_members'], stdout='', stderr="Enter password: ERROR 1045 (28000): Access denied for user 'clusteradmin'@'localhost' (using password: YES)\n"
unit-mysql-k8s-1: 01:45:16 ERROR unit.mysql-k8s/1.juju-log Failed to get member state: mysqld daemon is down
unit-mysql-k8s-1: 01:45:26 ERROR unit.mysql-k8s/1.juju-log Failed to execute MySQL cli command
Traceback (most recent call last):
  File "/var/lib/juju/agents/unit-mysql-k8s-1/charm/src/mysql_k8s_helpers.py", line 772, in _run_mysqlcli_script
    stdout, _ = process.wait_output()
  File "/var/lib/juju/agents/unit-mysql-k8s-1/charm/venv/lib/python3.10/site-packages/ops/pebble.py", line 1771, in wait_output
    raise ExecError[AnyStr](self._command, exit_code, out_value, err_value)
ops.pebble.ExecError: non-zero exit code 1 executing ['/usr/bin/mysql', '-u', 'clusteradmin', '-p', '-N', '--socket=/var/run/mysqld/mysqld.sock', '-e', 'SELECT MEMBER_STATE, MEMBER_ROLE, MEMBER_ID, @@server_uuid FROM performance_schema.replication_group_members'], stdout='', stderr="Enter password: ERROR 1045 (28000): Access denied for user 'clusteradmin'@'localhost' (using password: YES)\n"
unit-mysql-k8s-1: 01:45:26 ERROR unit.mysql-k8s/1.juju-log Failed to get member state: mysqld daemon is down
unit-mysql-k8s-1: 01:45:26 ERROR unit.mysql-k8s/1.juju-log Error getting member state while checking if cluster is blocked
unit-mysql-k8s-1: 01:45:26 ERROR unit.mysql-k8s/1.juju-log Failed to execute MySQL cli command
Traceback (most recent call last):
  File "/var/lib/juju/agents/unit-mysql-k8s-1/charm/src/mysql_k8s_helpers.py", line 772, in _run_mysqlcli_script
    stdout, _ = process.wait_output()
  File "/var/lib/juju/agents/unit-mysql-k8s-1/charm/venv/lib/python3.10/site-packages/ops/pebble.py", line 1771, in wait_output
    raise ExecError[AnyStr](self._command, exit_code, out_value, err_value)
ops.pebble.ExecError: non-zero exit code 1 executing ['/usr/bin/mysql', '-u', 'clusteradmin', '-p', '-N', '--socket=/var/run/mysqld/mysqld.sock', '-e', 'SELECT MEMBER_STATE, MEMBER_ROLE, MEMBER_ID, @@server_uuid FROM performance_schema.replication_group_members'], stdout='', stderr="Enter password: ERROR 1045 (28000): Access denied for user 'clusteradmin'@'localhost' (using password: YES)\n"
unit-mysql-k8s-1: 01:45:26 ERROR unit.mysql-k8s/1.juju-log Failed to get member state: mysqld daemon is down
unit-mysql-k8s-1: 01:45:36 ERROR unit.mysql-k8s/1.juju-log Failed to execute MySQL cli command
Traceback (most recent call last):
  File "/var/lib/juju/agents/unit-mysql-k8s-1/charm/src/mysql_k8s_helpers.py", line 772, in _run_mysqlcli_script
    stdout, _ = process.wait_output()
  File "/var/lib/juju/agents/unit-mysql-k8s-1/charm/venv/lib/python3.10/site-packages/ops/pebble.py", line 1771, in wait_output
    raise ExecError[AnyStr](self._command, exit_code, out_value, err_value)
ops.pebble.ExecError: non-zero exit code 1 executing ['/usr/bin/mysql', '-u', 'clusteradmin', '-p', '-N', '--socket=/var/run/mysqld/mysqld.sock', '-e', 'SELECT MEMBER_STATE, MEMBER_ROLE, MEMBER_ID, @@server_uuid FROM performance_schema.replication_group_members'], stdout='', stderr="Enter password: ERROR 1045 (28000): Access denied for user 'clusteradmin'@'localhost' (using password: YES)\n"
unit-mysql-k8s-1: 01:45:36 ERROR unit.mysql-k8s/1.juju-log Failed to get member state: mysqld daemon is down

[32mINFO    [0m pytest_operator.plugin:plugin.py:862 Forgetting main...