[33mWARNING [0m juju.client.connection:connection.py:858 unexpected facade SSHServer received from the controller
[32mINFO    [0m pytest_operator.plugin:plugin.py:675 Connecting to existing model concierge-microk8s:testing on unspecified cloud
[33mWARNING [0m juju.client.connection:connection.py:858 unexpected facade SSHServer received from the controller
[33mWARNING [0m juju.client.connection:connection.py:858 unexpected facade SSHSession received from the controller
[33mWARNING [0m juju.client.connection:connection.py:858 unexpected facade SSHTunneler received from the controller
[33mWARNING [0m juju.client.connection:connection.py:858 unexpected facade SSHServer received from the controller
[32mINFO    [0m integration.high_availability.conftest:conftest.py:57 Deploying mysql-k8s and scaling to 3 units
[32mINFO    [0m juju.model:model.py:2284 Deploying local:mysql-k8s-0
[32mINFO    [0m juju.model:model.py:3211 Waiting for model:
  mysql-k8s/0 [allocating] waiting: installing agent
  mysql-k8s/1 [allocating] waiting: installing agent
  mysql-k8s/2 [allocating] waiting: installing agent
[32mINFO    [0m juju.model:model.py:3211 Waiting for model:
  mysql-k8s/0 [executing] maintenance: installing charm software
  mysql-k8s/1 [executing] maintenance: installing charm software
  mysql-k8s/2 [executing] maintenance: installing charm software
[32mINFO    [0m juju.model:model.py:3211 Waiting for model:
  mysql-k8s/0 [executing] waiting: waiting to get cluster primary from peers
  mysql-k8s/1 [executing] active: Primary
  mysql-k8s/2 [executing] waiting: waiting to get cluster primary from peers
[32mINFO    [0m juju.model:model.py:3211 Waiting for model:
  mysql-k8s/0 [executing] maintenance: joining the cluster
  mysql-k8s/1 [executing] active: Primary
  mysql-k8s/2 [executing] active: 
[32mINFO    [0m juju.model:model.py:3211 Waiting for model:
  mysql-k8s/0 [idle] active: 
  mysql-k8s/1 [idle] active: Primary
  mysql-k8s/2 [idle] active: 
[32mINFO    [0m integration.high_availability.conftest:conftest.py:60 Deploying mysql-test-app
[32mINFO    [0m juju.model:model.py:2284 Deploying ch:amd64/jammy/mysql-test-app-82
[32mINFO    [0m juju.model:model.py:3211 Waiting for model:
  mysql-test-app/0 [allocating] waiting: installing agent
[32mINFO    [0m integration.high_availability.conftest:conftest.py:63 Relating mysql-k8s with mysql-test-app
[33mWARNING [0m juju.model:model.py:1666 relate is deprecated and will be removed. Use integrate instead.
[32mINFO    [0m juju.model:model.py:3211 Waiting for model:
  mysql-k8s/0 [executing] active: 
  mysql-k8s/1 [executing] active: Primary
  mysql-k8s/2 [executing] active: 
  mysql-test-app/0 [idle] waiting: 
[32mINFO    [0m integration.high_availability.conftest:conftest.py:27 Clearing continuous writes
[32mINFO    [0m integration.high_availability.conftest:conftest.py:29 Starting continuous writes
[32mINFO    [0m integration.high_availability.high_availability_helpers:high_availability_helpers.py:268 Deploying Chaos Mesh
[32mINFO    [0m integration.high_availability.high_availability_helpers:high_availability_helpers.py:278 Ensure chaos mesh is ready
[32mINFO    [0m integration.conftest:conftest.py:30 Getting credentials for the MySQL cluster
[32mINFO    [0m integration.high_availability.test_self_healing_network_cut:test_self_healing_network_cut.py:35 Ensuring that there are 3 online mysql members
[32mINFO    [0m integration.high_availability.test_self_healing_network_cut:test_self_healing_network_cut.py:40 Ensuring that all instances have incrementing continuous writes
[32mINFO    [0m mysql.connector:authentication.py:66 package: mysql.connector.plugins
[32mINFO    [0m mysql.connector:authentication.py:67 plugin_name: caching_sha2_password
[32mINFO    [0m mysql.connector:authentication.py:71 AUTHENTICATION_PLUGIN_CLASS: MySQLCachingSHA2PasswordAuthPlugin
[32mINFO    [0m integration.high_availability.high_availability_helpers:high_availability_helpers.py:500 max_written_value=117 on unit mysql-k8s/0
[32mINFO    [0m integration.high_availability.high_availability_helpers:high_availability_helpers.py:500 max_written_value=117 on unit mysql-k8s/1
[32mINFO    [0m integration.high_availability.high_availability_helpers:high_availability_helpers.py:500 max_written_value=150 on unit mysql-k8s/1
[32mINFO    [0m integration.high_availability.high_availability_helpers:high_availability_helpers.py:500 max_written_value=150 on unit mysql-k8s/2
[32mINFO    [0m integration.high_availability.high_availability_helpers:high_availability_helpers.py:500 max_written_value=182 on unit mysql-k8s/2
[32mINFO    [0m integration.high_availability.test_self_healing_network_cut:test_self_healing_network_cut.py:48 Creating networkchaos policy to isolate instance mysql-k8s/1 from the cluster
[32mINFO    [0m integration.high_availability.test_self_healing_network_cut:test_self_healing_network_cut.py:55 Wait until MySQL GR actually detects isolated instance
[32mINFO    [0m integration.high_availability.test_self_healing_network_cut:test_self_healing_network_cut.py:72 Ensure all units have incrementing continuous writes
[32mINFO    [0m integration.high_availability.high_availability_helpers:high_availability_helpers.py:500 max_written_value=482 on unit mysql-k8s/0
[32mINFO    [0m integration.high_availability.high_availability_helpers:high_availability_helpers.py:500 max_written_value=482 on unit mysql-k8s/2
[32mINFO    [0m integration.high_availability.high_availability_helpers:high_availability_helpers.py:500 max_written_value=515 on unit mysql-k8s/2
[32mINFO    [0m integration.high_availability.test_self_healing_network_cut:test_self_healing_network_cut.py:77 Remove networkchaos policy isolating instance from cluster
[32mINFO    [0m integration.high_availability.test_self_healing_network_cut:test_self_healing_network_cut.py:81 Wait until returning instance enters recovery
[32mINFO    [0m integration.high_availability.test_self_healing_network_cut:test_self_healing_network_cut.py:85 Wait until returning instance become active
[32mINFO    [0m integration.high_availability.test_self_healing_network_cut:test_self_healing_network_cut.py:90 Wait until all units are online
[32mINFO    [0m integration.high_availability.test_self_healing_network_cut:test_self_healing_network_cut.py:95 Ensure isolated instance is now secondary
[32mINFO    [0m integration.high_availability.test_self_healing_network_cut:test_self_healing_network_cut.py:104 Ensure there are 3 online mysql members
[32mINFO    [0m integration.high_availability.test_self_healing_network_cut:test_self_healing_network_cut.py:109 Ensure all units have incrementing continuous writes
[32mINFO    [0m integration.high_availability.high_availability_helpers:high_availability_helpers.py:500 max_written_value=835 on unit mysql-k8s/0
[32mINFO    [0m integration.high_availability.high_availability_helpers:high_availability_helpers.py:500 max_written_value=868 on unit mysql-k8s/0
[32mINFO    [0m integration.high_availability.high_availability_helpers:high_availability_helpers.py:500 max_written_value=868 on unit mysql-k8s/1
[32mINFO    [0m integration.high_availability.high_availability_helpers:high_availability_helpers.py:500 max_written_value=900 on unit mysql-k8s/1
[32mINFO    [0m integration.high_availability.high_availability_helpers:high_availability_helpers.py:500 max_written_value=901 on unit mysql-k8s/2
[32mINFO    [0m integration.high_availability.conftest:conftest.py:45 Destroying chaos mesh
[32mINFO    [0m integration.high_availability.conftest:conftest.py:34 Clearing continuous writes
[32mINFO    [0m pytest_operator.plugin:plugin.py:790 Model status:

Model    Controller          Cloud/Region        Version  SLA          Timestamp
testing  concierge-microk8s  microk8s/localhost  3.6.8    unsupported  01:39:34Z

App             Version                  Status  Scale  Charm           Channel      Rev  Address        Exposed  Message
mysql-k8s       8.0.42-0ubuntu0.22.04.2  active      3  mysql-k8s                      0  10.152.183.62  no       
mysql-test-app  0.0.2                    active      1  mysql-test-app  latest/edge   82  10.152.183.17  no       Last written value=891

Unit               Workload  Agent  Address     Ports  Message
mysql-k8s/0*       active    idle   10.1.98.11         Primary
mysql-k8s/1        active    idle   10.1.98.12         
mysql-k8s/2        active    idle   10.1.98.13         
mysql-test-app/0*  active    idle   10.1.98.14         Last written value=891

[32mINFO    [0m pytest_operator.plugin:plugin.py:796 Juju error logs:

unit-mysql-k8s-1: 01:31:55 ERROR unit.mysql-k8s/1.juju-log database-peers:0: Failed to execute MySQL cli command
Traceback (most recent call last):
  File "/var/lib/juju/agents/unit-mysql-k8s-1/charm/venv/lib/python3.10/site-packages/websocket/_socket.py", line 118, in recv
    bytes_ = _recv()
  File "/var/lib/juju/agents/unit-mysql-k8s-1/charm/venv/lib/python3.10/site-packages/websocket/_socket.py", line 97, in _recv
    return sock.recv(bufsize)
TimeoutError: timed out

During handling of the above exception, another exception occurred:

Traceback (most recent call last):
  File "/var/lib/juju/agents/unit-mysql-k8s-1/charm/venv/lib/python3.10/site-packages/ops/pebble.py", line 2890, in exec
    control_ws = self._connect_websocket(task_id, 'control')
  File "/var/lib/juju/agents/unit-mysql-k8s-1/charm/venv/lib/python3.10/site-packages/ops/pebble.py", line 2978, in _connect_websocket
    ws.connect(url, socket=sock)
  File "/var/lib/juju/agents/unit-mysql-k8s-1/charm/venv/lib/python3.10/site-packages/websocket/_core.py", line 261, in connect
    self.handshake_response = handshake(self.sock, url, *addrs, **options)
  File "/var/lib/juju/agents/unit-mysql-k8s-1/charm/venv/lib/python3.10/site-packages/websocket/_handshake.py", line 65, in handshake
    status, resp = _get_resp_headers(sock)
  File "/var/lib/juju/agents/unit-mysql-k8s-1/charm/venv/lib/python3.10/site-packages/websocket/_handshake.py", line 141, in _get_resp_headers
    status, resp_headers, status_message = read_headers(sock)
  File "/var/lib/juju/agents/unit-mysql-k8s-1/charm/venv/lib/python3.10/site-packages/websocket/_http.py", line 351, in read_headers
    line = recv_line(sock)
  File "/var/lib/juju/agents/unit-mysql-k8s-1/charm/venv/lib/python3.10/site-packages/websocket/_socket.py", line 140, in recv_line
    c = recv(sock, 1)
  File "/var/lib/juju/agents/unit-mysql-k8s-1/charm/venv/lib/python3.10/site-packages/websocket/_socket.py", line 120, in recv
    raise WebSocketTimeoutException("Connection timed out")
websocket._exceptions.WebSocketTimeoutException: Connection timed out

The above exception was the direct cause of the following exception:

Traceback (most recent call last):
  File "/var/lib/juju/agents/unit-mysql-k8s-1/charm/src/mysql_k8s_helpers.py", line 769, in _run_mysqlcli_script
    process = self.container.exec(command, timeout=timeout, stdin=password)
  File "/var/lib/juju/agents/unit-mysql-k8s-1/charm/venv/lib/python3.10/site-packages/ops/model.py", line 2872, in exec
    return self._pebble.exec(
  File "/var/lib/juju/agents/unit-mysql-k8s-1/charm/venv/lib/python3.10/site-packages/ops/pebble.py", line 2899, in exec
    raise ChangeError(change.err, change) from e
ops.pebble.ChangeError: cannot perform the following tasks:
- Execute command "/usr/bin/mysql" (exec 98: timeout waiting for websocket connections: context deadline exceeded)
----- Logs from task 0 -----
2025-07-29T01:31:55Z ERROR exec 98: timeout waiting for websocket connections: context deadline exceeded
-----
unit-mysql-k8s-1: 01:31:55 ERROR unit.mysql-k8s/1.juju-log database-peers:0: Failed to execute MySQL cli command
Traceback (most recent call last):
  File "/var/lib/juju/agents/unit-mysql-k8s-1/charm/venv/lib/python3.10/site-packages/websocket/_socket.py", line 118, in recv
    bytes_ = _recv()
  File "/var/lib/juju/agents/unit-mysql-k8s-1/charm/venv/lib/python3.10/site-packages/websocket/_socket.py", line 97, in _recv
    return sock.recv(bufsize)
TimeoutError: timed out

During handling of the above exception, another exception occurred:

Traceback (most recent call last):
  File "/var/lib/juju/agents/unit-mysql-k8s-1/charm/venv/lib/python3.10/site-packages/ops/pebble.py", line 2890, in exec
    control_ws = self._connect_websocket(task_id, 'control')
  File "/var/lib/juju/agents/unit-mysql-k8s-1/charm/venv/lib/python3.10/site-packages/ops/pebble.py", line 2978, in _connect_websocket
    ws.connect(url, socket=sock)
  File "/var/lib/juju/agents/unit-mysql-k8s-1/charm/venv/lib/python3.10/site-packages/websocket/_core.py", line 261, in connect
    self.handshake_response = handshake(self.sock, url, *addrs, **options)
  File "/var/lib/juju/agents/unit-mysql-k8s-1/charm/venv/lib/python3.10/site-packages/websocket/_handshake.py", line 65, in handshake
    status, resp = _get_resp_headers(sock)
  File "/var/lib/juju/agents/unit-mysql-k8s-1/charm/venv/lib/python3.10/site-packages/websocket/_handshake.py", line 141, in _get_resp_headers
    status, resp_headers, status_message = read_headers(sock)
  File "/var/lib/juju/agents/unit-mysql-k8s-1/charm/venv/lib/python3.10/site-packages/websocket/_http.py", line 351, in read_headers
    line = recv_line(sock)
  File "/var/lib/juju/agents/unit-mysql-k8s-1/charm/venv/lib/python3.10/site-packages/websocket/_socket.py", line 140, in recv_line
    c = recv(sock, 1)
  File "/var/lib/juju/agents/unit-mysql-k8s-1/charm/venv/lib/python3.10/site-packages/websocket/_socket.py", line 120, in recv
    raise WebSocketTimeoutException("Connection timed out")
websocket._exceptions.WebSocketTimeoutException: Connection timed out

The above exception was the direct cause of the following exception:

Traceback (most recent call last):
  File "/var/lib/juju/agents/unit-mysql-k8s-1/charm/src/mysql_k8s_helpers.py", line 769, in _run_mysqlcli_script
    process = self.container.exec(command, timeout=timeout, stdin=password)
  File "/var/lib/juju/agents/unit-mysql-k8s-1/charm/venv/lib/python3.10/site-packages/ops/model.py", line 2872, in exec
    return self._pebble.exec(
  File "/var/lib/juju/agents/unit-mysql-k8s-1/charm/venv/lib/python3.10/site-packages/ops/pebble.py", line 2899, in exec
    raise ChangeError(change.err, change) from e
ops.pebble.ChangeError: cannot perform the following tasks:
- Execute command "/usr/bin/mysql" (exec 98: timeout waiting for websocket connections: context deadline exceeded)
----- Logs from task 0 -----
2025-07-29T01:31:55Z ERROR exec 98: timeout waiting for websocket connections: context deadline exceeded
-----

During handling of the above exception, another exception occurred:

Traceback (most recent call last):
  File "/var/lib/juju/agents/unit-mysql-k8s-1/charm/lib/charms/mysql/v0/mysql.py", line 3369, in check_mysqlcli_connection
    self._run_mysqlcli_script(
  File "/var/lib/juju/agents/unit-mysql-k8s-1/charm/lib/charms/tempo_coordinator_k8s/v0/charm_tracing.py", line 1065, in wrapped_function
    return callable(*args, **kwargs)  # type: ignore
  File "/var/lib/juju/agents/unit-mysql-k8s-1/charm/src/mysql_k8s_helpers.py", line 781, in _run_mysqlcli_script
    raise MySQLClientError
charms.mysql.v0.mysql.MySQLClientError

During handling of the above exception, another exception occurred:

Traceback (most recent call last):
  File "/var/lib/juju/agents/unit-mysql-k8s-1/charm/src/mysql_k8s_helpers.py", line 773, in _run_mysqlcli_script
    stdout, _ = process.wait_output()
  File "/var/lib/juju/agents/unit-mysql-k8s-1/charm/venv/lib/python3.10/site-packages/ops/pebble.py", line 1771, in wait_output
    raise ExecError[AnyStr](self._command, exit_code, out_value, err_value)
ops.pebble.ExecError: non-zero exit code 1 executing ['/usr/bin/mysql', '-u', 'root', '-N', '--socket=/var/run/mysqld/mysqld.sock', '-e', 'SELECT 1'], stdout='', stderr="ERROR 1045 (28000): Access denied for user 'root'@'localhost' (using password: NO)\n"
unit-mysql-k8s-1: 01:31:55 ERROR unit.mysql-k8s/1.juju-log database-peers:0: Failed to connect to MySQL with mysqlcli with default root user
unit-mysql-k8s-0: 01:34:46 ERROR unit.mysql-k8s/0.juju-log Failed to execute mysql-shell command
Traceback (most recent call last):
  File "/var/lib/juju/agents/unit-mysql-k8s-0/charm/src/mysql_k8s_helpers.py", line 724, in _run_mysqlsh_script
    stdout, _ = process.wait_output()
  File "/var/lib/juju/agents/unit-mysql-k8s-0/charm/venv/lib/python3.10/site-packages/ops/pebble.py", line 1771, in wait_output
    raise ExecError[AnyStr](self._command, exit_code, out_value, err_value)
ops.pebble.ExecError: non-zero exit code 1 executing ['timeout', '30', '/usr/bin/mysqlsh', '--passwords-from-stdin', '--uri=serverconfig@mysql-k8s-0.mysql-k8s-endpoints.testing.svc.cluster.local.:33062', '--python', '--verbose=0', '-c', "shell.options.set('useWizards', False)\nprint('###')\ncluster = dba.get_cluster('test_cluster')\nprint(cluster.status({'extended': False}))"], stdout="\x1b[1mPlease provide the password for 'serverconfig@mysql-k8s-0.mysql-k8s-endpoints.testing.svc.cluster.local.:33062': \x1b[0m###\n", stderr='Cannot set LC_ALL to locale en_US.UTF-8: No such file or directory\n\x1b[33mWARNING: \x1b[0mError connecting to Cluster: MYSQLSH 51004: Unable to connect to the primary member of the Cluster: \'Can\'t connect to MySQL server on \'mysql-k8s-1.mysql-k8s-endpoints.testing.svc.cluster.local.:3306\' (110)\'\nRetrying getCluster() using a secondary member\nNo PRIMARY member found for cluster \'test_cluster\'\nNo PRIMARY member found for cluster \'test_cluster\'\nTraceback (most recent call last):\n  File "<string>", line 4, in <module>\nmysqlsh.Error: Shell Error (51603): Cluster.status: Could not connect to PRIMARY of Primary Cluster \'test_cluster\'\n'
unit-mysql-k8s-0: 01:34:46 ERROR unit.mysql-k8s/0.juju-log Failed to get cluster status for test_cluster
unit-mysql-k8s-1: 01:36:48 ERROR juju.worker.dependency "api-caller" manifold worker returned unexpected error: [c23b1f] "unit-mysql-k8s-1" cannot open api: cannot resolve "controller-service.controller-concierge-microk8s.svc.cluster.local": lookup controller-service.controller-concierge-microk8s.svc.cluster.local: i/o timeout
unit-mysql-k8s-1: 01:36:55 ERROR juju.worker.dependency "api-caller" manifold worker returned unexpected error: [c23b1f] "unit-mysql-k8s-1" cannot open api: cannot resolve "controller-service.controller-concierge-microk8s.svc.cluster.local": lookup controller-service.controller-concierge-microk8s.svc.cluster.local: i/o timeout
unit-mysql-k8s-1: 01:37:02 ERROR juju.worker.dependency "api-caller" manifold worker returned unexpected error: [c23b1f] "unit-mysql-k8s-1" cannot open api: cannot resolve "controller-service.controller-concierge-microk8s.svc.cluster.local": lookup controller-service.controller-concierge-microk8s.svc.cluster.local: i/o timeout
unit-mysql-k8s-1: 01:37:10 ERROR juju.worker.dependency "api-caller" manifold worker returned unexpected error: [c23b1f] "unit-mysql-k8s-1" cannot open api: cannot resolve "controller-service.controller-concierge-microk8s.svc.cluster.local": lookup controller-service.controller-concierge-microk8s.svc.cluster.local: i/o timeout
unit-mysql-k8s-1: 01:37:20 ERROR juju.worker.dependency "api-caller" manifold worker returned unexpected error: [c23b1f] "unit-mysql-k8s-1" cannot open api: cannot resolve "controller-service.controller-concierge-microk8s.svc.cluster.local": lookup controller-service.controller-concierge-microk8s.svc.cluster.local: i/o timeout
unit-mysql-k8s-1: 01:37:34 ERROR unit.mysql-k8s/1.juju-log Failed to execute MySQL cli command
Traceback (most recent call last):
  File "/var/lib/juju/agents/unit-mysql-k8s-1/charm/src/mysql_k8s_helpers.py", line 773, in _run_mysqlcli_script
    stdout, _ = process.wait_output()
  File "/var/lib/juju/agents/unit-mysql-k8s-1/charm/venv/lib/python3.10/site-packages/ops/pebble.py", line 1771, in wait_output
    raise ExecError[AnyStr](self._command, exit_code, out_value, err_value)
ops.pebble.ExecError: non-zero exit code 1 executing ['/usr/bin/mysql', '-u', 'clusteradmin', '-p', '-N', '--socket=/var/run/mysqld/mysqld.sock', '-e', 'SELECT MEMBER_STATE, MEMBER_ROLE, MEMBER_ID, @@server_uuid FROM performance_schema.replication_group_members'], stdout='', stderr="Enter password: ERROR 2002 (HY000): Can't connect to local MySQL server through socket '/var/run/mysqld/mysqld.sock' (2)\n"
unit-mysql-k8s-1: 01:37:34 ERROR unit.mysql-k8s/1.juju-log Failed to get member state: mysqld daemon is down
unit-mysql-k8s-1: 01:37:49 ERROR unit.mysql-k8s/1.juju-log Failed to execute MySQL cli command
Traceback (most recent call last):
  File "/var/lib/juju/agents/unit-mysql-k8s-1/charm/src/mysql_k8s_helpers.py", line 773, in _run_mysqlcli_script
    stdout, _ = process.wait_output()
  File "/var/lib/juju/agents/unit-mysql-k8s-1/charm/venv/lib/python3.10/site-packages/ops/pebble.py", line 1771, in wait_output
    raise ExecError[AnyStr](self._command, exit_code, out_value, err_value)
ops.pebble.ExecError: non-zero exit code 1 executing ['/usr/bin/mysql', '-u', 'clusteradmin', '-p', '-N', '--socket=/var/run/mysqld/mysqld.sock', '-e', 'SELECT MEMBER_STATE, MEMBER_ROLE, MEMBER_ID, @@server_uuid FROM performance_schema.replication_group_members'], stdout='', stderr="Enter password: ERROR 2002 (HY000): Can't connect to local MySQL server through socket '/var/run/mysqld/mysqld.sock' (2)\n"
unit-mysql-k8s-1: 01:37:49 ERROR unit.mysql-k8s/1.juju-log Failed to get member state: mysqld daemon is down
unit-mysql-k8s-1: 01:37:59 ERROR unit.mysql-k8s/1.juju-log Failed to execute MySQL cli command
Traceback (most recent call last):
  File "/var/lib/juju/agents/unit-mysql-k8s-1/charm/src/mysql_k8s_helpers.py", line 773, in _run_mysqlcli_script
    stdout, _ = process.wait_output()
  File "/var/lib/juju/agents/unit-mysql-k8s-1/charm/venv/lib/python3.10/site-packages/ops/pebble.py", line 1771, in wait_output
    raise ExecError[AnyStr](self._command, exit_code, out_value, err_value)
ops.pebble.ExecError: non-zero exit code 1 executing ['/usr/bin/mysql', '-u', 'clusteradmin', '-p', '-N', '--socket=/var/run/mysqld/mysqld.sock', '-e', 'SELECT MEMBER_STATE, MEMBER_ROLE, MEMBER_ID, @@server_uuid FROM performance_schema.replication_group_members'], stdout='', stderr="Enter password: ERROR 2002 (HY000): Can't connect to local MySQL server through socket '/var/run/mysqld/mysqld.sock' (2)\n"
unit-mysql-k8s-1: 01:38:00 ERROR unit.mysql-k8s/1.juju-log Failed to get member state: mysqld daemon is down
unit-mysql-k8s-1: 01:38:10 ERROR unit.mysql-k8s/1.juju-log Failed to execute MySQL cli command
Traceback (most recent call last):
  File "/var/lib/juju/agents/unit-mysql-k8s-1/charm/src/mysql_k8s_helpers.py", line 773, in _run_mysqlcli_script
    stdout, _ = process.wait_output()
  File "/var/lib/juju/agents/unit-mysql-k8s-1/charm/venv/lib/python3.10/site-packages/ops/pebble.py", line 1771, in wait_output
    raise ExecError[AnyStr](self._command, exit_code, out_value, err_value)
ops.pebble.ExecError: non-zero exit code 1 executing ['/usr/bin/mysql', '-u', 'clusteradmin', '-p', '-N', '--socket=/var/run/mysqld/mysqld.sock', '-e', 'SELECT MEMBER_STATE, MEMBER_ROLE, MEMBER_ID, @@server_uuid FROM performance_schema.replication_group_members'], stdout='', stderr="Enter password: ERROR 2002 (HY000): Can't connect to local MySQL server through socket '/var/run/mysqld/mysqld.sock' (2)\n"
unit-mysql-k8s-1: 01:38:10 ERROR unit.mysql-k8s/1.juju-log Failed to get member state: mysqld daemon is down
unit-mysql-k8s-1: 01:38:10 ERROR unit.mysql-k8s/1.juju-log Error getting member state while checking if cluster is blocked
unit-mysql-k8s-1: 01:38:10 ERROR unit.mysql-k8s/1.juju-log Failed to execute MySQL cli command
Traceback (most recent call last):
  File "/var/lib/juju/agents/unit-mysql-k8s-1/charm/src/mysql_k8s_helpers.py", line 773, in _run_mysqlcli_script
    stdout, _ = process.wait_output()
  File "/var/lib/juju/agents/unit-mysql-k8s-1/charm/venv/lib/python3.10/site-packages/ops/pebble.py", line 1771, in wait_output
    raise ExecError[AnyStr](self._command, exit_code, out_value, err_value)
ops.pebble.ExecError: non-zero exit code 1 executing ['/usr/bin/mysql', '-u', 'clusteradmin', '-p', '-N', '--socket=/var/run/mysqld/mysqld.sock', '-e', 'SELECT MEMBER_STATE, MEMBER_ROLE, MEMBER_ID, @@server_uuid FROM performance_schema.replication_group_members'], stdout='', stderr="Enter password: ERROR 2002 (HY000): Can't connect to local MySQL server through socket '/var/run/mysqld/mysqld.sock' (2)\n"
unit-mysql-k8s-1: 01:38:10 ERROR unit.mysql-k8s/1.juju-log Failed to get member state: mysqld daemon is down
unit-mysql-k8s-1: 01:38:20 ERROR unit.mysql-k8s/1.juju-log Failed to execute MySQL cli command
Traceback (most recent call last):
  File "/var/lib/juju/agents/unit-mysql-k8s-1/charm/src/mysql_k8s_helpers.py", line 773, in _run_mysqlcli_script
    stdout, _ = process.wait_output()
  File "/var/lib/juju/agents/unit-mysql-k8s-1/charm/venv/lib/python3.10/site-packages/ops/pebble.py", line 1771, in wait_output
    raise ExecError[AnyStr](self._command, exit_code, out_value, err_value)
ops.pebble.ExecError: non-zero exit code 1 executing ['/usr/bin/mysql', '-u', 'clusteradmin', '-p', '-N', '--socket=/var/run/mysqld/mysqld.sock', '-e', 'SELECT MEMBER_STATE, MEMBER_ROLE, MEMBER_ID, @@server_uuid FROM performance_schema.replication_group_members'], stdout='', stderr="Enter password: ERROR 2002 (HY000): Can't connect to local MySQL server through socket '/var/run/mysqld/mysqld.sock' (2)\n"
unit-mysql-k8s-1: 01:38:20 ERROR unit.mysql-k8s/1.juju-log Failed to get member state: mysqld daemon is down
unit-mysql-k8s-1: 01:38:30 ERROR unit.mysql-k8s/1.juju-log Failed to execute MySQL cli command
Traceback (most recent call last):
  File "/var/lib/juju/agents/unit-mysql-k8s-1/charm/src/mysql_k8s_helpers.py", line 773, in _run_mysqlcli_script
    stdout, _ = process.wait_output()
  File "/var/lib/juju/agents/unit-mysql-k8s-1/charm/venv/lib/python3.10/site-packages/ops/pebble.py", line 1771, in wait_output
    raise ExecError[AnyStr](self._command, exit_code, out_value, err_value)
ops.pebble.ExecError: non-zero exit code 1 executing ['/usr/bin/mysql', '-u', 'clusteradmin', '-p', '-N', '--socket=/var/run/mysqld/mysqld.sock', '-e', 'SELECT MEMBER_STATE, MEMBER_ROLE, MEMBER_ID, @@server_uuid FROM performance_schema.replication_group_members'], stdout='', stderr="Enter password: ERROR 2002 (HY000): Can't connect to local MySQL server through socket '/var/run/mysqld/mysqld.sock' (2)\n"
unit-mysql-k8s-1: 01:38:30 ERROR unit.mysql-k8s/1.juju-log Failed to get member state: mysqld daemon is down
unit-mysql-k8s-1: 01:38:30 ERROR unit.mysql-k8s/1.juju-log Error getting member state while checking if cluster is blocked

[32mINFO    [0m pytest_operator.plugin:plugin.py:862 Forgetting main...