[32mINFO    [0m integration.integration.test_charm:test_charm.py:341 Checking that max_connections is set to 100 on mysql-k8s/0
[32mINFO    [0m integration.integration.test_charm:test_charm.py:341 Checking that innodb_buffer_pool_size is set to 20971520 on mysql-k8s/0
[32mINFO    [0m integration.integration.test_charm:test_charm.py:341 Checking that innodb_buffer_pool_chunk_size is set to 1048576 on mysql-k8s/0
[32mINFO    [0m integration.integration.test_charm:test_charm.py:341 Checking that group_replication_message_cache_size is set to 134217728 on mysql-k8s/0
[32mINFO    [0m integration.integration.test_charm:test_charm.py:341 Checking that max_connections is set to 100 on mysql-k8s/1
[32mINFO    [0m integration.integration.test_charm:test_charm.py:341 Checking that innodb_buffer_pool_size is set to 20971520 on mysql-k8s/1
[32mINFO    [0m integration.integration.test_charm:test_charm.py:341 Checking that innodb_buffer_pool_chunk_size is set to 1048576 on mysql-k8s/1
[32mINFO    [0m integration.integration.test_charm:test_charm.py:341 Checking that group_replication_message_cache_size is set to 134217728 on mysql-k8s/1
[32mINFO    [0m integration.integration.test_charm:test_charm.py:341 Checking that max_connections is set to 100 on mysql-k8s/2
[32mINFO    [0m integration.integration.test_charm:test_charm.py:341 Checking that innodb_buffer_pool_size is set to 20971520 on mysql-k8s/2
[32mINFO    [0m integration.integration.test_charm:test_charm.py:341 Checking that innodb_buffer_pool_chunk_size is set to 1048576 on mysql-k8s/2
[32mINFO    [0m integration.integration.test_charm:test_charm.py:341 Checking that group_replication_message_cache_size is set to 134217728 on mysql-k8s/2
[32mINFO    [0m pytest_operator.plugin:plugin.py:790 Model status:

Model    Controller          Cloud/Region        Version  SLA          Timestamp
testing  concierge-microk8s  microk8s/localhost  3.6.12   unsupported  20:05:50Z

App        Version  Status  Scale  Charm      Channel  Rev  Address         Exposed  Message
mysql-k8s           active      3  mysql-k8s             0  10.152.183.245  no       

Unit          Workload  Agent  Address       Ports  Message
mysql-k8s/0*  active    idle   10.1.243.150         Primary
mysql-k8s/1   active    idle   10.1.243.152         
mysql-k8s/2   active    idle   10.1.243.151         

[32mINFO    [0m pytest_operator.plugin:plugin.py:796 Juju error logs:

unit-mysql-k8s-2: 19:54:35 ERROR unit.mysql-k8s/2.juju-log Failed to execute mysql-shell command
Traceback (most recent call last):
  File "/var/lib/juju/agents/unit-mysql-k8s-2/charm/src/mysql_k8s_helpers.py", line 714, in _run_mysqlsh_script
    stdout, _ = process.wait_output()
  File "/var/lib/juju/agents/unit-mysql-k8s-2/charm/venv/lib/python3.10/site-packages/ops/pebble.py", line 1771, in wait_output
    raise ExecError[AnyStr](self._command, exit_code, out_value, err_value)
ops.pebble.ExecError: non-zero exit code 1 executing ['/usr/bin/mysqlsh', '--passwords-from-stdin', '--uri=serverconfig@mysql-k8s-2.mysql-k8s-endpoints.testing.svc.cluster.local.:33062', '--python', '--verbose=0', '-c', 'shell.options.set(\'useWizards\', False)\nprint(\'###\')\nresult = session.run_sql("SELECT version()")\nprint(f"<VERSION>{result.fetch_one()[0]}</VERSION>")'], stdout="\x1b[1mPlease provide the password for 'serverconfig@mysql-k8s-2.mysql-k8s-endpoints.testing.svc.cluster.local.:33062': \x1b[0m", stderr="Cannot set LC_ALL to locale en_US.UTF-8: No such file or directory\nMySQL Error 2003 (HY000): Can't connect to MySQL server on 'mysql-k8s-2.mysql-k8s-endpoints.testing.svc.cluster.local.:33062' (111)\n"
unit-mysql-k8s-0: 19:54:36 ERROR unit.mysql-k8s/0.juju-log Failed to execute mysql-shell command
Traceback (most recent call last):
  File "/var/lib/juju/agents/unit-mysql-k8s-0/charm/src/mysql_k8s_helpers.py", line 714, in _run_mysqlsh_script
    stdout, _ = process.wait_output()
  File "/var/lib/juju/agents/unit-mysql-k8s-0/charm/venv/lib/python3.10/site-packages/ops/pebble.py", line 1771, in wait_output
    raise ExecError[AnyStr](self._command, exit_code, out_value, err_value)
ops.pebble.ExecError: non-zero exit code 1 executing ['/usr/bin/mysqlsh', '--passwords-from-stdin', '--uri=serverconfig@mysql-k8s-0.mysql-k8s-endpoints.testing.svc.cluster.local.:33062', '--python', '--verbose=0', '-c', 'shell.options.set(\'useWizards\', False)\nprint(\'###\')\nresult = session.run_sql("SELECT version()")\nprint(f"<VERSION>{result.fetch_one()[0]}</VERSION>")'], stdout="\x1b[1mPlease provide the password for 'serverconfig@mysql-k8s-0.mysql-k8s-endpoints.testing.svc.cluster.local.:33062': \x1b[0m", stderr="Cannot set LC_ALL to locale en_US.UTF-8: No such file or directory\nMySQL Error 2003 (HY000): Can't connect to MySQL server on 'mysql-k8s-0.mysql-k8s-endpoints.testing.svc.cluster.local.:33062' (111)\n"
unit-mysql-k8s-1: 19:54:37 ERROR unit.mysql-k8s/1.juju-log Failed to execute mysql-shell command
Traceback (most recent call last):
  File "/var/lib/juju/agents/unit-mysql-k8s-1/charm/src/mysql_k8s_helpers.py", line 714, in _run_mysqlsh_script
    stdout, _ = process.wait_output()
  File "/var/lib/juju/agents/unit-mysql-k8s-1/charm/venv/lib/python3.10/site-packages/ops/pebble.py", line 1771, in wait_output
    raise ExecError[AnyStr](self._command, exit_code, out_value, err_value)
ops.pebble.ExecError: non-zero exit code 1 executing ['/usr/bin/mysqlsh', '--passwords-from-stdin', '--uri=serverconfig@mysql-k8s-1.mysql-k8s-endpoints.testing.svc.cluster.local.:33062', '--python', '--verbose=0', '-c', 'shell.options.set(\'useWizards\', False)\nprint(\'###\')\nresult = session.run_sql("SELECT version()")\nprint(f"<VERSION>{result.fetch_one()[0]}</VERSION>")'], stdout="\x1b[1mPlease provide the password for 'serverconfig@mysql-k8s-1.mysql-k8s-endpoints.testing.svc.cluster.local.:33062': \x1b[0m", stderr="Cannot set LC_ALL to locale en_US.UTF-8: No such file or directory\nMySQL Error 2003 (HY000): Can't connect to MySQL server on 'mysql-k8s-1.mysql-k8s-endpoints.testing.svc.cluster.local.:33062' (111)\n"
unit-mysql-k8s-1: 19:54:37 ERROR unit.mysql-k8s/1.juju-log Failed to execute mysql-shell command
Traceback (most recent call last):
  File "/var/lib/juju/agents/unit-mysql-k8s-1/charm/src/mysql_k8s_helpers.py", line 714, in _run_mysqlsh_script
    stdout, _ = process.wait_output()
  File "/var/lib/juju/agents/unit-mysql-k8s-1/charm/venv/lib/python3.10/site-packages/ops/pebble.py", line 1771, in wait_output
    raise ExecError[AnyStr](self._command, exit_code, out_value, err_value)
ops.pebble.ExecError: non-zero exit code 1 executing ['/usr/bin/mysqlsh', '--passwords-from-stdin', '--uri=serverconfig@mysql-k8s-1.mysql-k8s-endpoints.testing.svc.cluster.local.:33062', '--python', '--verbose=0', '-c', "shell.options.set('useWizards', False)\nprint('###')\ncluster = dba.create_cluster('test_cluster', {'communicationStack': 'MySQL'})\ncluster.set_instance_option('mysql-k8s-1.mysql-k8s-endpoints.testing.svc.cluster.local.', 'label', 'mysql-k8s-1')"], stdout="\x1b[1mPlease provide the password for 'serverconfig@mysql-k8s-1.mysql-k8s-endpoints.testing.svc.cluster.local.:33062': \x1b[0m", stderr="Cannot set LC_ALL to locale en_US.UTF-8: No such file or directory\nMySQL Error 2003 (HY000): Can't connect to MySQL server on 'mysql-k8s-1.mysql-k8s-endpoints.testing.svc.cluster.local.:33062' (111)\n"
unit-mysql-k8s-1: 19:54:37 ERROR unit.mysql-k8s/1.juju-log Failed to create cluster on instance: mysql-k8s-1.mysql-k8s-endpoints.testing.svc.cluster.local.
unit-mysql-k8s-1: 19:54:37 ERROR unit.mysql-k8s/1.juju-log Failed to initialize primary
Traceback (most recent call last):
  File "/var/lib/juju/agents/unit-mysql-k8s-1/charm/lib/charms/mysql/v0/mysql.py", line 1823, in create_cluster
    self._run_mysqlsh_script(
  File "/var/lib/juju/agents/unit-mysql-k8s-1/charm/lib/charms/tempo_coordinator_k8s/v0/charm_tracing.py", line 1065, in wrapped_function
    return callable(*args, **kwargs)  # type: ignore
  File "/var/lib/juju/agents/unit-mysql-k8s-1/charm/src/mysql_k8s_helpers.py", line 722, in _run_mysqlsh_script
    raise MySQLClientError from None
charms.mysql.v0.mysql.MySQLClientError

The above exception was the direct cause of the following exception:

Traceback (most recent call last):
  File "/var/lib/juju/agents/unit-mysql-k8s-1/charm/src/charm.py", line 384, in _create_cluster
    self.create_cluster()
  File "/var/lib/juju/agents/unit-mysql-k8s-1/charm/lib/charms/tempo_coordinator_k8s/v0/charm_tracing.py", line 1065, in wrapped_function
    return callable(*args, **kwargs)  # type: ignore
  File "/var/lib/juju/agents/unit-mysql-k8s-1/charm/lib/charms/mysql/v0/mysql.py", line 673, in create_cluster
    self._mysql.create_cluster(self.unit_label)
  File "/var/lib/juju/agents/unit-mysql-k8s-1/charm/lib/charms/tempo_coordinator_k8s/v0/charm_tracing.py", line 1065, in wrapped_function
    return callable(*args, **kwargs)  # type: ignore
  File "/var/lib/juju/agents/unit-mysql-k8s-1/charm/lib/charms/mysql/v0/mysql.py", line 1831, in create_cluster
    raise MySQLCreateClusterError from e
charms.mysql.v0.mysql.MySQLCreateClusterError
unit-mysql-k8s-1: 19:54:37 ERROR unit.mysql-k8s/1.juju-log Uncaught exception while in charm code:
Traceback (most recent call last):
  File "/var/lib/juju/agents/unit-mysql-k8s-1/charm/lib/charms/mysql/v0/mysql.py", line 1823, in create_cluster
    self._run_mysqlsh_script(
  File "/var/lib/juju/agents/unit-mysql-k8s-1/charm/lib/charms/tempo_coordinator_k8s/v0/charm_tracing.py", line 1065, in wrapped_function
    return callable(*args, **kwargs)  # type: ignore
  File "/var/lib/juju/agents/unit-mysql-k8s-1/charm/src/mysql_k8s_helpers.py", line 722, in _run_mysqlsh_script
    raise MySQLClientError from None
charms.mysql.v0.mysql.MySQLClientError

The above exception was the direct cause of the following exception:

Traceback (most recent call last):
  File "/var/lib/juju/agents/unit-mysql-k8s-1/charm/src/charm.py", line 1123, in <module>
    main(MySQLOperatorCharm)
  File "/var/lib/juju/agents/unit-mysql-k8s-1/charm/venv/lib/python3.10/site-packages/ops/main.py", line 551, in main
    manager.run()
  File "/var/lib/juju/agents/unit-mysql-k8s-1/charm/venv/lib/python3.10/site-packages/ops/main.py", line 530, in run
    self._emit()
  File "/var/lib/juju/agents/unit-mysql-k8s-1/charm/venv/lib/python3.10/site-packages/ops/main.py", line 519, in _emit
    _emit_charm_event(self.charm, self.dispatcher.event_name)
  File "/var/lib/juju/agents/unit-mysql-k8s-1/charm/venv/lib/python3.10/site-packages/ops/main.py", line 147, in _emit_charm_event
    event_to_emit.emit(*args, **kwargs)
  File "/var/lib/juju/agents/unit-mysql-k8s-1/charm/venv/lib/python3.10/site-packages/ops/framework.py", line 348, in emit
    framework._emit(event)
  File "/var/lib/juju/agents/unit-mysql-k8s-1/charm/venv/lib/python3.10/site-packages/ops/framework.py", line 860, in _emit
    self._reemit(event_path)
  File "/var/lib/juju/agents/unit-mysql-k8s-1/charm/venv/lib/python3.10/site-packages/ops/framework.py", line 950, in _reemit
    custom_handler(event)
  File "/var/lib/juju/agents/unit-mysql-k8s-1/charm/lib/charms/tempo_coordinator_k8s/v0/charm_tracing.py", line 1065, in wrapped_function
    return callable(*args, **kwargs)  # type: ignore
  File "/var/lib/juju/agents/unit-mysql-k8s-1/charm/src/charm.py", line 856, in _on_mysql_pebble_ready
    self._create_cluster()
  File "/var/lib/juju/agents/unit-mysql-k8s-1/charm/lib/charms/tempo_coordinator_k8s/v0/charm_tracing.py", line 1065, in wrapped_function
    return callable(*args, **kwargs)  # type: ignore
  File "/var/lib/juju/agents/unit-mysql-k8s-1/charm/src/charm.py", line 384, in _create_cluster
    self.create_cluster()
  File "/var/lib/juju/agents/unit-mysql-k8s-1/charm/lib/charms/tempo_coordinator_k8s/v0/charm_tracing.py", line 1065, in wrapped_function
    return callable(*args, **kwargs)  # type: ignore
  File "/var/lib/juju/agents/unit-mysql-k8s-1/charm/lib/charms/mysql/v0/mysql.py", line 673, in create_cluster
    self._mysql.create_cluster(self.unit_label)
  File "/var/lib/juju/agents/unit-mysql-k8s-1/charm/lib/charms/tempo_coordinator_k8s/v0/charm_tracing.py", line 1065, in wrapped_function
    return callable(*args, **kwargs)  # type: ignore
  File "/var/lib/juju/agents/unit-mysql-k8s-1/charm/lib/charms/mysql/v0/mysql.py", line 1831, in create_cluster
    raise MySQLCreateClusterError from e
charms.mysql.v0.mysql.MySQLCreateClusterError
unit-mysql-k8s-1: 19:54:37 ERROR juju.worker.uniter.operation hook "mysql-pebble-ready" (via hook dispatching script: dispatch) failed: exit status 1
unit-mysql-k8s-1: 19:54:37 ERROR juju.worker.uniter pebble poll failed for container "mysql": failed to send pebble-ready event: hook failed
unit-mysql-k8s-4: 19:56:43 ERROR unit.mysql-k8s/4.juju-log Failed to execute mysql-shell command
Traceback (most recent call last):
  File "/var/lib/juju/agents/unit-mysql-k8s-4/charm/src/mysql_k8s_helpers.py", line 714, in _run_mysqlsh_script
    stdout, _ = process.wait_output()
  File "/var/lib/juju/agents/unit-mysql-k8s-4/charm/venv/lib/python3.10/site-packages/ops/pebble.py", line 1771, in wait_output
    raise ExecError[AnyStr](self._command, exit_code, out_value, err_value)
ops.pebble.ExecError: non-zero exit code 1 executing ['/usr/bin/mysqlsh', '--passwords-from-stdin', '--uri=serverconfig@mysql-k8s-4.mysql-k8s-endpoints.testing.svc.cluster.local.:33062', '--python', '--verbose=0', '-c', 'shell.options.set(\'useWizards\', False)\nprint(\'###\')\nresult = session.run_sql("SELECT version()")\nprint(f"<VERSION>{result.fetch_one()[0]}</VERSION>")'], stdout="\x1b[1mPlease provide the password for 'serverconfig@mysql-k8s-4.mysql-k8s-endpoints.testing.svc.cluster.local.:33062': \x1b[0m", stderr="Cannot set LC_ALL to locale en_US.UTF-8: No such file or directory\nMySQL Error 2003 (HY000): Can't connect to MySQL server on 'mysql-k8s-4.mysql-k8s-endpoints.testing.svc.cluster.local.:33062' (111)\n"
unit-mysql-k8s-3: 19:56:43 ERROR unit.mysql-k8s/3.juju-log Failed to execute mysql-shell command
Traceback (most recent call last):
  File "/var/lib/juju/agents/unit-mysql-k8s-3/charm/src/mysql_k8s_helpers.py", line 714, in _run_mysqlsh_script
    stdout, _ = process.wait_output()
  File "/var/lib/juju/agents/unit-mysql-k8s-3/charm/venv/lib/python3.10/site-packages/ops/pebble.py", line 1771, in wait_output
    raise ExecError[AnyStr](self._command, exit_code, out_value, err_value)
ops.pebble.ExecError: non-zero exit code 1 executing ['/usr/bin/mysqlsh', '--passwords-from-stdin', '--uri=serverconfig@mysql-k8s-3.mysql-k8s-endpoints.testing.svc.cluster.local.:33062', '--python', '--verbose=0', '-c', 'shell.options.set(\'useWizards\', False)\nprint(\'###\')\nresult = session.run_sql("SELECT version()")\nprint(f"<VERSION>{result.fetch_one()[0]}</VERSION>")'], stdout="\x1b[1mPlease provide the password for 'serverconfig@mysql-k8s-3.mysql-k8s-endpoints.testing.svc.cluster.local.:33062': \x1b[0m", stderr="Cannot set LC_ALL to locale en_US.UTF-8: No such file or directory\nMySQL Error 2003 (HY000): Can't connect to MySQL server on 'mysql-k8s-3.mysql-k8s-endpoints.testing.svc.cluster.local.:33062' (111)\n"
unit-mysql-k8s-1: 20:01:51 ERROR unit.mysql-k8s/1.juju-log Failed to execute mysql-shell command
Traceback (most recent call last):
  File "/var/lib/juju/agents/unit-mysql-k8s-1/charm/src/mysql_k8s_helpers.py", line 714, in _run_mysqlsh_script
    stdout, _ = process.wait_output()
  File "/var/lib/juju/agents/unit-mysql-k8s-1/charm/venv/lib/python3.10/site-packages/ops/pebble.py", line 1771, in wait_output
    raise ExecError[AnyStr](self._command, exit_code, out_value, err_value)
ops.pebble.ExecError: non-zero exit code 1 executing ['/usr/bin/mysqlsh', '--passwords-from-stdin', '--uri=serverconfig@mysql-k8s-1.mysql-k8s-endpoints.testing.svc.cluster.local.:33062', '--python', '--verbose=0', '-c', "shell.options.set('useWizards', False)\nprint('###')\nshell.connect_to_primary()\nprimary_address = shell.parse_uri(session.uri)['host']\nprint(f'<PRIMARY_ADDRESS>{primary_address}</PRIMARY_ADDRESS>')"], stdout="\x1b[1mPlease provide the password for 'serverconfig@mysql-k8s-1.mysql-k8s-endpoints.testing.svc.cluster.local.:33062': \x1b[0m###\n", stderr='Cannot set LC_ALL to locale en_US.UTF-8: No such file or directory\nTraceback (most recent call last):\n  File "<string>", line 3, in <module>\nmysqlsh.Error: Shell Error (51104): Shell.connect_to_primary: Metadata for instance 8a82bb7a-ceef-11f0-bb14-6a1422147020 not found\n'

[32mINFO    [0m pytest_operator.plugin:plugin.py:862 Forgetting main...