[32mINFO    [0m integration.integration.test_saturate_max_connections:test_saturate_max_connections.py:71 Running action to get app connection data
[32mINFO    [0m integration.integration.test_saturate_max_connections:test_saturate_max_connections.py:80 Creating 10 connections
[32mINFO    [0m mysql.connector:__init__.py:149 package: mysql.connector.plugins
[32mINFO    [0m mysql.connector:__init__.py:150 plugin_name: caching_sha2_password
[32mINFO    [0m mysql.connector:__init__.py:154 AUTHENTICATION_PLUGIN_CLASS: MySQLCachingSHA2PasswordAuthPlugin
[32mINFO    [0m integration.integration.test_saturate_max_connections:test_saturate_max_connections.py:84 Ensure all connections are established
[32mINFO    [0m integration.integration.test_saturate_max_connections:test_saturate_max_connections.py:90 Ensure no more client connections are possible
[32mINFO    [0m integration.integration.test_saturate_max_connections:test_saturate_max_connections.py:96 Get cluster status while connections are saturated
[32mINFO    [0m pytest_operator.plugin:plugin.py:790 Model status:

Model    Controller          Cloud/Region        Version  SLA          Timestamp
testing  concierge-microk8s  microk8s/localhost  3.6.12   unsupported  19:55:22Z

App    Version  Status  Scale  Charm           Channel      Rev  Address         Exposed  Message
app    0.0.2    active      1  mysql-test-app  latest/edge   85  10.152.183.249  no       
mysql           active      1  mysql-k8s                      0  10.152.183.87   no       

Unit      Workload  Agent  Address       Ports  Message
app/0*    active    idle   10.1.243.138         
mysql/0*  active    idle   10.1.243.137         Primary

[32mINFO    [0m pytest_operator.plugin:plugin.py:796 Juju error logs:

unit-mysql-0: 19:54:52 ERROR unit.mysql/0.juju-log Failed to execute mysql-shell command
Traceback (most recent call last):
  File "/var/lib/juju/agents/unit-mysql-0/charm/src/mysql_k8s_helpers.py", line 714, in _run_mysqlsh_script
    stdout, _ = process.wait_output()
  File "/var/lib/juju/agents/unit-mysql-0/charm/venv/lib/python3.10/site-packages/ops/pebble.py", line 1771, in wait_output
    raise ExecError[AnyStr](self._command, exit_code, out_value, err_value)
ops.pebble.ExecError: non-zero exit code 1 executing ['/usr/bin/mysqlsh', '--passwords-from-stdin', '--uri=serverconfig@mysql-0.mysql-endpoints.testing.svc.cluster.local.:33062', '--python', '--verbose=0', '-c', 'shell.options.set(\'useWizards\', False)\nprint(\'###\')\nresult = session.run_sql("SELECT version()")\nprint(f"<VERSION>{result.fetch_one()[0]}</VERSION>")'], stdout="\x1b[1mPlease provide the password for 'serverconfig@mysql-0.mysql-endpoints.testing.svc.cluster.local.:33062': \x1b[0m", stderr="Cannot set LC_ALL to locale en_US.UTF-8: No such file or directory\nMySQL Error 2003 (HY000): Can't connect to MySQL server on 'mysql-0.mysql-endpoints.testing.svc.cluster.local.:33062' (111)\n"
unit-mysql-0: 19:54:52 ERROR unit.mysql/0.juju-log Failed to execute mysql-shell command
Traceback (most recent call last):
  File "/var/lib/juju/agents/unit-mysql-0/charm/src/mysql_k8s_helpers.py", line 714, in _run_mysqlsh_script
    stdout, _ = process.wait_output()
  File "/var/lib/juju/agents/unit-mysql-0/charm/venv/lib/python3.10/site-packages/ops/pebble.py", line 1771, in wait_output
    raise ExecError[AnyStr](self._command, exit_code, out_value, err_value)
ops.pebble.ExecError: non-zero exit code 1 executing ['/usr/bin/mysqlsh', '--passwords-from-stdin', '--uri=serverconfig@mysql-0.mysql-endpoints.testing.svc.cluster.local.:33062', '--python', '--verbose=0', '-c', "shell.options.set('useWizards', False)\nprint('###')\ncluster = dba.create_cluster('cluster-c9ad02c064935729f47c49f8de8ba7eb', {'communicationStack': 'MySQL'})\ncluster.set_instance_option('mysql-0.mysql-endpoints.testing.svc.cluster.local.', 'label', 'mysql-0')"], stdout="\x1b[1mPlease provide the password for 'serverconfig@mysql-0.mysql-endpoints.testing.svc.cluster.local.:33062': \x1b[0m", stderr="Cannot set LC_ALL to locale en_US.UTF-8: No such file or directory\nMySQL Error 2003 (HY000): Can't connect to MySQL server on 'mysql-0.mysql-endpoints.testing.svc.cluster.local.:33062' (111)\n"
unit-mysql-0: 19:54:52 ERROR unit.mysql/0.juju-log Failed to create cluster on instance: mysql-0.mysql-endpoints.testing.svc.cluster.local.
unit-mysql-0: 19:54:52 ERROR unit.mysql/0.juju-log Failed to initialize primary
Traceback (most recent call last):
  File "/var/lib/juju/agents/unit-mysql-0/charm/lib/charms/mysql/v0/mysql.py", line 1823, in create_cluster
    self._run_mysqlsh_script(
  File "/var/lib/juju/agents/unit-mysql-0/charm/lib/charms/tempo_coordinator_k8s/v0/charm_tracing.py", line 1065, in wrapped_function
    return callable(*args, **kwargs)  # type: ignore
  File "/var/lib/juju/agents/unit-mysql-0/charm/src/mysql_k8s_helpers.py", line 722, in _run_mysqlsh_script
    raise MySQLClientError from None
charms.mysql.v0.mysql.MySQLClientError

The above exception was the direct cause of the following exception:

Traceback (most recent call last):
  File "/var/lib/juju/agents/unit-mysql-0/charm/src/charm.py", line 384, in _create_cluster
    self.create_cluster()
  File "/var/lib/juju/agents/unit-mysql-0/charm/lib/charms/tempo_coordinator_k8s/v0/charm_tracing.py", line 1065, in wrapped_function
    return callable(*args, **kwargs)  # type: ignore
  File "/var/lib/juju/agents/unit-mysql-0/charm/lib/charms/mysql/v0/mysql.py", line 673, in create_cluster
    self._mysql.create_cluster(self.unit_label)
  File "/var/lib/juju/agents/unit-mysql-0/charm/lib/charms/tempo_coordinator_k8s/v0/charm_tracing.py", line 1065, in wrapped_function
    return callable(*args, **kwargs)  # type: ignore
  File "/var/lib/juju/agents/unit-mysql-0/charm/lib/charms/mysql/v0/mysql.py", line 1831, in create_cluster
    raise MySQLCreateClusterError from e
charms.mysql.v0.mysql.MySQLCreateClusterError
unit-mysql-0: 19:54:52 ERROR unit.mysql/0.juju-log Uncaught exception while in charm code:
Traceback (most recent call last):
  File "/var/lib/juju/agents/unit-mysql-0/charm/lib/charms/mysql/v0/mysql.py", line 1823, in create_cluster
    self._run_mysqlsh_script(
  File "/var/lib/juju/agents/unit-mysql-0/charm/lib/charms/tempo_coordinator_k8s/v0/charm_tracing.py", line 1065, in wrapped_function
    return callable(*args, **kwargs)  # type: ignore
  File "/var/lib/juju/agents/unit-mysql-0/charm/src/mysql_k8s_helpers.py", line 722, in _run_mysqlsh_script
    raise MySQLClientError from None
charms.mysql.v0.mysql.MySQLClientError

The above exception was the direct cause of the following exception:

Traceback (most recent call last):
  File "/var/lib/juju/agents/unit-mysql-0/charm/src/charm.py", line 1123, in <module>
    main(MySQLOperatorCharm)
  File "/var/lib/juju/agents/unit-mysql-0/charm/venv/lib/python3.10/site-packages/ops/main.py", line 551, in main
    manager.run()
  File "/var/lib/juju/agents/unit-mysql-0/charm/venv/lib/python3.10/site-packages/ops/main.py", line 530, in run
    self._emit()
  File "/var/lib/juju/agents/unit-mysql-0/charm/venv/lib/python3.10/site-packages/ops/main.py", line 519, in _emit
    _emit_charm_event(self.charm, self.dispatcher.event_name)
  File "/var/lib/juju/agents/unit-mysql-0/charm/venv/lib/python3.10/site-packages/ops/main.py", line 147, in _emit_charm_event
    event_to_emit.emit(*args, **kwargs)
  File "/var/lib/juju/agents/unit-mysql-0/charm/venv/lib/python3.10/site-packages/ops/framework.py", line 348, in emit
    framework._emit(event)
  File "/var/lib/juju/agents/unit-mysql-0/charm/venv/lib/python3.10/site-packages/ops/framework.py", line 860, in _emit
    self._reemit(event_path)
  File "/var/lib/juju/agents/unit-mysql-0/charm/venv/lib/python3.10/site-packages/ops/framework.py", line 950, in _reemit
    custom_handler(event)
  File "/var/lib/juju/agents/unit-mysql-0/charm/lib/charms/tempo_coordinator_k8s/v0/charm_tracing.py", line 1065, in wrapped_function
    return callable(*args, **kwargs)  # type: ignore
  File "/var/lib/juju/agents/unit-mysql-0/charm/src/charm.py", line 856, in _on_mysql_pebble_ready
    self._create_cluster()
  File "/var/lib/juju/agents/unit-mysql-0/charm/lib/charms/tempo_coordinator_k8s/v0/charm_tracing.py", line 1065, in wrapped_function
    return callable(*args, **kwargs)  # type: ignore
  File "/var/lib/juju/agents/unit-mysql-0/charm/src/charm.py", line 384, in _create_cluster
    self.create_cluster()
  File "/var/lib/juju/agents/unit-mysql-0/charm/lib/charms/tempo_coordinator_k8s/v0/charm_tracing.py", line 1065, in wrapped_function
    return callable(*args, **kwargs)  # type: ignore
  File "/var/lib/juju/agents/unit-mysql-0/charm/lib/charms/mysql/v0/mysql.py", line 673, in create_cluster
    self._mysql.create_cluster(self.unit_label)
  File "/var/lib/juju/agents/unit-mysql-0/charm/lib/charms/tempo_coordinator_k8s/v0/charm_tracing.py", line 1065, in wrapped_function
    return callable(*args, **kwargs)  # type: ignore
  File "/var/lib/juju/agents/unit-mysql-0/charm/lib/charms/mysql/v0/mysql.py", line 1831, in create_cluster
    raise MySQLCreateClusterError from e
charms.mysql.v0.mysql.MySQLCreateClusterError
unit-mysql-0: 19:54:53 ERROR juju.worker.uniter.operation hook "mysql-pebble-ready" (via hook dispatching script: dispatch) failed: exit status 1
unit-mysql-0: 19:54:53 ERROR juju.worker.uniter pebble poll failed for container "mysql": failed to send pebble-ready event: hook failed

[32mINFO    [0m pytest_operator.plugin:plugin.py:862 Forgetting main...