[32mINFO    [0m pytest_operator.plugin:plugin.py:790 Model status:

Model    Controller          Cloud/Region        Version  SLA          Timestamp
testing  concierge-microk8s  microk8s/localhost  3.6.5    unsupported  01:43:25Z

App      Version                  Status       Scale  Charm             Channel      Rev  Address         Exposed  Message
app0     0.0.2                    active           1  mysql-test-app    latest/edge   73  10.152.183.165  no       Last written value=336
app1     0.0.2                    active           1  mysql-test-app    latest/edge   73  10.152.183.164  no       Last written value=131
app2     0.0.2                    active           1  mysql-test-app    latest/edge   73  10.152.183.61   no       Last written value=223
app3     0.0.2                    active           1  mysql-test-app    latest/edge   73  10.152.183.59   no       Last written value=113
app4     0.0.2                    active           1  mysql-test-app    latest/edge   73  10.152.183.130  no       Last written value=311
app5     0.0.2                    active           1  mysql-test-app    latest/edge   73  10.152.183.69   no       Last written value=225
app6     0.0.2                    active           1  mysql-test-app    latest/edge   73  10.152.183.64   no       Last written value=218
mysql    8.0.41-0ubuntu0.22.04.1  active           1  mysql-k8s                        0  10.152.183.221  no       
router0  8.0.41-0ubuntu0.22.04.1  maintenance      1  mysql-router-k8s  8.0/edge     656  10.152.183.124  no       Waiting for K8s service connectivity
router1  8.0.41-0ubuntu0.22.04.1  maintenance      1  mysql-router-k8s  8.0/edge     656  10.152.183.137  no       Waiting for K8s service connectivity
router2  8.0.41-0ubuntu0.22.04.1  maintenance      1  mysql-router-k8s  8.0/edge     656  10.152.183.52   no       Waiting for K8s service connectivity
router3  8.0.41-0ubuntu0.22.04.1  active           1  mysql-router-k8s  8.0/edge     656  10.152.183.250  no       
router4  8.0.41-0ubuntu0.22.04.1  maintenance      1  mysql-router-k8s  8.0/edge     656  10.152.183.251  no       Waiting for K8s service connectivity
router5  8.0.41-0ubuntu0.22.04.1  active           1  mysql-router-k8s  8.0/edge     656  10.152.183.131  no       
router6  8.0.41-0ubuntu0.22.04.1  maintenance      1  mysql-router-k8s  8.0/edge     656  10.152.183.53   no       Waiting for K8s service connectivity

Unit        Workload  Agent  Address      Ports  Message
app0/0*     active    idle   10.1.81.202         Last written value=336
app1/0*     active    idle   10.1.81.204         Last written value=131
app2/0*     active    idle   10.1.81.205         Last written value=223
app3/0*     active    idle   10.1.81.207         Last written value=113
app4/0*     active    idle   10.1.81.209         Last written value=311
app5/0*     active    idle   10.1.81.211         Last written value=225
app6/0*     active    idle   10.1.81.213         Last written value=218
mysql/0*    active    idle   10.1.81.201         Primary
router0/0*  active    idle   10.1.81.203         
router1/0*  active    idle   10.1.81.206         
router2/0*  active    idle   10.1.81.208         
router3/0*  active    idle   10.1.81.210         
router4/0*  active    idle   10.1.81.212         
router5/0*  active    idle   10.1.81.214         
router6/0*  active    idle   10.1.81.215         

[32mINFO    [0m pytest_operator.plugin:plugin.py:796 Juju error logs:

unit-mysql-1: 01:35:20 ERROR unit.mysql/1.juju-log Failed to execute MySQL cli command
Traceback (most recent call last):
  File "/var/lib/juju/agents/unit-mysql-1/charm/src/mysql_k8s_helpers.py", line 772, in _run_mysqlcli_script
    stdout, _ = process.wait_output()
  File "/var/lib/juju/agents/unit-mysql-1/charm/venv/lib/python3.10/site-packages/ops/pebble.py", line 1771, in wait_output
    raise ExecError[AnyStr](self._command, exit_code, out_value, err_value)
ops.pebble.ExecError: non-zero exit code 1 executing ['/usr/bin/mysql', '-u', 'root', '-p', '-N', '--socket=/var/run/mysqld/mysqld.sock', '-e', "CREATE USER 'serverconfig'@'%' IDENTIFIED BY '*****';GRANT ALL ON *.* TO 'serverconfig'@'%' WITH GRANT OPTION;CREATE USER 'monitoring'@'%' IDENTIFIED BY '*****' WITH MAX_USER_CONNECTIONS 3;GRANT SYSTEM_USER, SELECT, PROCESS, SUPER, REPLICATION CLIENT, RELOAD ON *.* TO 'monitoring'@'%';CREATE USER 'backups'@'%' IDENTIFIED BY '*****';GRANT CONNECTION_ADMIN, BACKUP_ADMIN, PROCESS, RELOAD, LOCK TABLES, REPLICATION CLIENT ON *.* TO 'backups'@'%';GRANT SELECT ON performance_schema.log_status TO 'backups'@'%';GRANT SELECT ON performance_schema.keyring_component_status TO 'backups'@'%';GRANT SELECT ON performance_schema.replication_group_members TO 'backups'@'%';UPDATE mysql.user SET authentication_string=null WHERE User='root' and Host='localhost';ALTER USER 'root'@'localhost' IDENTIFIED BY '*****';REVOKE SYSTEM_USER, SYSTEM_VARIABLES_ADMIN, SUPER, REPLICATION_SLAVE_ADMIN, GROUP_REPLICATION_ADMIN, BINLOG_ADMIN, SET_USER_ID, ENCRYPTION_KEY_ADMIN, VERSION_TOKEN_ADMIN, CONNECTION_ADMIN ON *.* FROM 'root'@'localhost';FLUSH PRIVILEGES"], stdout='', stderr="Enter password: ERROR 2002 (HY000): Can't connect to local MySQL server through socket '/var/run/mysqld/mysqld.sock' (2)\n"
unit-mysql-1: 01:35:20 ERROR unit.mysql/1.juju-log Failed to configure users for: mysql-1.mysql-endpoints.testing.svc.cluster.local
unit-mysql-1: 01:35:21 ERROR unit.mysql/1.juju-log Uncaught exception while in charm code:
Traceback (most recent call last):
  File "/var/lib/juju/agents/unit-mysql-1/charm/src/mysql_k8s_helpers.py", line 772, in _run_mysqlcli_script
    stdout, _ = process.wait_output()
  File "/var/lib/juju/agents/unit-mysql-1/charm/venv/lib/python3.10/site-packages/ops/pebble.py", line 1771, in wait_output
    raise ExecError[AnyStr](self._command, exit_code, out_value, err_value)
ops.pebble.ExecError: non-zero exit code 1 executing ['/usr/bin/mysql', '-u', 'root', '-p', '-N', '--socket=/var/run/mysqld/mysqld.sock', '-e', "CREATE USER 'serverconfig'@'%' IDENTIFIED BY '*****';GRANT ALL ON *.* TO 'serverconfig'@'%' WITH GRANT OPTION;CREATE USER 'monitoring'@'%' IDENTIFIED BY '*****' WITH MAX_USER_CONNECTIONS 3;GRANT SYSTEM_USER, SELECT, PROCESS, SUPER, REPLICATION CLIENT, RELOAD ON *.* TO 'monitoring'@'%';CREATE USER 'backups'@'%' IDENTIFIED BY '*****';GRANT CONNECTION_ADMIN, BACKUP_ADMIN, PROCESS, RELOAD, LOCK TABLES, REPLICATION CLIENT ON *.* TO 'backups'@'%';GRANT SELECT ON performance_schema.log_status TO 'backups'@'%';GRANT SELECT ON performance_schema.keyring_component_status TO 'backups'@'%';GRANT SELECT ON performance_schema.replication_group_members TO 'backups'@'%';UPDATE mysql.user SET authentication_string=null WHERE User='root' and Host='localhost';ALTER USER 'root'@'localhost' IDENTIFIED BY '*****';REVOKE SYSTEM_USER, SYSTEM_VARIABLES_ADMIN, SUPER, REPLICATION_SLAVE_ADMIN, GROUP_REPLICATION_ADMIN, BINLOG_ADMIN, SET_USER_ID, ENCRYPTION_KEY_ADMIN, VERSION_TOKEN_ADMIN, CONNECTION_ADMIN ON *.* FROM 'root'@'localhost';FLUSH PRIVILEGES"], stdout='', stderr="Enter password: ERROR 2002 (HY000): Can't connect to local MySQL server through socket '/var/run/mysqld/mysqld.sock' (2)\n"

During handling of the above exception, another exception occurred:

Traceback (most recent call last):
  File "/var/lib/juju/agents/unit-mysql-1/charm/lib/charms/mysql/v0/mysql.py", line 1095, in configure_mysql_users
    self._run_mysqlcli_script(
  File "/var/lib/juju/agents/unit-mysql-1/charm/lib/charms/tempo_coordinator_k8s/v0/charm_tracing.py", line 1065, in wrapped_function
    return callable(*args, **kwargs)  # type: ignore
  File "/var/lib/juju/agents/unit-mysql-1/charm/src/mysql_k8s_helpers.py", line 780, in _run_mysqlcli_script
    raise MySQLClientError
charms.mysql.v0.mysql.MySQLClientError

During handling of the above exception, another exception occurred:

Traceback (most recent call last):
  File "/var/lib/juju/agents/unit-mysql-1/charm/src/charm.py", line 1101, in <module>
    main(MySQLOperatorCharm)
  File "/var/lib/juju/agents/unit-mysql-1/charm/venv/lib/python3.10/site-packages/ops/main.py", line 551, in main
    manager.run()
  File "/var/lib/juju/agents/unit-mysql-1/charm/venv/lib/python3.10/site-packages/ops/main.py", line 530, in run
    self._emit()
  File "/var/lib/juju/agents/unit-mysql-1/charm/venv/lib/python3.10/site-packages/ops/main.py", line 519, in _emit
    _emit_charm_event(self.charm, self.dispatcher.event_name)
  File "/var/lib/juju/agents/unit-mysql-1/charm/venv/lib/python3.10/site-packages/ops/main.py", line 147, in _emit_charm_event
    event_to_emit.emit(*args, **kwargs)
  File "/var/lib/juju/agents/unit-mysql-1/charm/venv/lib/python3.10/site-packages/ops/framework.py", line 348, in emit
    framework._emit(event)
  File "/var/lib/juju/agents/unit-mysql-1/charm/venv/lib/python3.10/site-packages/ops/framework.py", line 860, in _emit
    self._reemit(event_path)
  File "/var/lib/juju/agents/unit-mysql-1/charm/venv/lib/python3.10/site-packages/ops/framework.py", line 950, in _reemit
    custom_handler(event)
  File "/var/lib/juju/agents/unit-mysql-1/charm/lib/charms/tempo_coordinator_k8s/v0/charm_tracing.py", line 1065, in wrapped_function
    return callable(*args, **kwargs)  # type: ignore
  File "/var/lib/juju/agents/unit-mysql-1/charm/src/charm.py", line 828, in _on_mysql_pebble_ready
    self._configure_instance(container)
  File "/var/lib/juju/agents/unit-mysql-1/charm/lib/charms/tempo_coordinator_k8s/v0/charm_tracing.py", line 1065, in wrapped_function
    return callable(*args, **kwargs)  # type: ignore
  File "/var/lib/juju/agents/unit-mysql-1/charm/src/charm.py", line 727, in _configure_instance
    self._mysql.configure_mysql_users()
  File "/var/lib/juju/agents/unit-mysql-1/charm/lib/charms/tempo_coordinator_k8s/v0/charm_tracing.py", line 1065, in wrapped_function
    return callable(*args, **kwargs)  # type: ignore
  File "/var/lib/juju/agents/unit-mysql-1/charm/lib/charms/mysql/v0/mysql.py", line 1101, in configure_mysql_users
    raise MySQLConfigureMySQLUsersError
charms.mysql.v0.mysql.MySQLConfigureMySQLUsersError
unit-mysql-1: 01:35:24 ERROR juju.worker.uniter.operation hook "mysql-pebble-ready" (via hook dispatching script: dispatch) failed: exit status 1
unit-mysql-1: 01:35:24 ERROR juju.worker.uniter pebble poll failed for container "mysql": failed to send pebble-ready event: hook failed
unit-mysql-1: 01:35:46 ERROR unit.mysql/1.juju-log Failed to initialise MySQL data directory
Traceback (most recent call last):
  File "/var/lib/juju/agents/unit-mysql-1/charm/src/mysql_k8s_helpers.py", line 227, in initialise_mysqld
    process.wait()
  File "/var/lib/juju/agents/unit-mysql-1/charm/venv/lib/python3.10/site-packages/ops/pebble.py", line 1697, in wait
    raise ExecError(self._command, exit_code, None, None)
ops.pebble.ExecError: non-zero exit code 1 executing ['/usr/sbin/mysqld', '--initialize', '-u', 'mysql']
unit-mysql-1: 01:36:25 ERROR unit.mysql/1.juju-log Failed to initialise MySQL data directory
Traceback (most recent call last):
  File "/var/lib/juju/agents/unit-mysql-1/charm/src/mysql_k8s_helpers.py", line 227, in initialise_mysqld
    process.wait()
  File "/var/lib/juju/agents/unit-mysql-1/charm/venv/lib/python3.10/site-packages/ops/pebble.py", line 1697, in wait
    raise ExecError(self._command, exit_code, None, None)
ops.pebble.ExecError: non-zero exit code 2 executing ['/usr/sbin/mysqld', '--initialize', '-u', 'mysql']
unit-mysql-1: 01:36:25 ERROR unit.mysql/1.juju-log Uncaught exception while in charm code:
Traceback (most recent call last):
  File "/var/lib/juju/agents/unit-mysql-1/charm/src/mysql_k8s_helpers.py", line 227, in initialise_mysqld
    process.wait()
  File "/var/lib/juju/agents/unit-mysql-1/charm/venv/lib/python3.10/site-packages/ops/pebble.py", line 1697, in wait
    raise ExecError(self._command, exit_code, None, None)
ops.pebble.ExecError: non-zero exit code 2 executing ['/usr/sbin/mysqld', '--initialize', '-u', 'mysql']

During handling of the above exception, another exception occurred:

Traceback (most recent call last):
  File "/var/lib/juju/agents/unit-mysql-1/charm/src/charm.py", line 1101, in <module>
    main(MySQLOperatorCharm)
  File "/var/lib/juju/agents/unit-mysql-1/charm/venv/lib/python3.10/site-packages/ops/main.py", line 551, in main
    manager.run()
  File "/var/lib/juju/agents/unit-mysql-1/charm/venv/lib/python3.10/site-packages/ops/main.py", line 530, in run
    self._emit()
  File "/var/lib/juju/agents/unit-mysql-1/charm/venv/lib/python3.10/site-packages/ops/main.py", line 519, in _emit
    _emit_charm_event(self.charm, self.dispatcher.event_name)
  File "/var/lib/juju/agents/unit-mysql-1/charm/venv/lib/python3.10/site-packages/ops/main.py", line 147, in _emit_charm_event
    event_to_emit.emit(*args, **kwargs)
  File "/var/lib/juju/agents/unit-mysql-1/charm/venv/lib/python3.10/site-packages/ops/framework.py", line 348, in emit
    framework._emit(event)
  File "/var/lib/juju/agents/unit-mysql-1/charm/venv/lib/python3.10/site-packages/ops/framework.py", line 860, in _emit
    self._reemit(event_path)
  File "/var/lib/juju/agents/unit-mysql-1/charm/venv/lib/python3.10/site-packages/ops/framework.py", line 950, in _reemit
    custom_handler(event)
  File "/var/lib/juju/agents/unit-mysql-1/charm/lib/charms/tempo_coordinator_k8s/v0/charm_tracing.py", line 1065, in wrapped_function
    return callable(*args, **kwargs)  # type: ignore
  File "/var/lib/juju/agents/unit-mysql-1/charm/src/charm.py", line 828, in _on_mysql_pebble_ready
    self._configure_instance(container)
  File "/var/lib/juju/agents/unit-mysql-1/charm/lib/charms/tempo_coordinator_k8s/v0/charm_tracing.py", line 1065, in wrapped_function
    return callable(*args, **kwargs)  # type: ignore
  File "/var/lib/juju/agents/unit-mysql-1/charm/src/charm.py", line 712, in _configure_instance
    self._mysql.initialise_mysqld()
  File "/var/lib/juju/agents/unit-mysql-1/charm/lib/charms/tempo_coordinator_k8s/v0/charm_tracing.py", line 1065, in wrapped_function
    return callable(*args, **kwargs)  # type: ignore
  File "/var/lib/juju/agents/unit-mysql-1/charm/venv/lib/python3.10/site-packages/tenacity/__init__.py", line 330, in wrapped_f
    return self(f, *args, **kw)
  File "/var/lib/juju/agents/unit-mysql-1/charm/venv/lib/python3.10/site-packages/tenacity/__init__.py", line 467, in __call__
    do = self.iter(retry_state=retry_state)
  File "/var/lib/juju/agents/unit-mysql-1/charm/venv/lib/python3.10/site-packages/tenacity/__init__.py", line 368, in iter
    result = action(retry_state)
  File "/var/lib/juju/agents/unit-mysql-1/charm/venv/lib/python3.10/site-packages/tenacity/__init__.py", line 410, in exc_check
    raise retry_exc.reraise()
  File "/var/lib/juju/agents/unit-mysql-1/charm/venv/lib/python3.10/site-packages/tenacity/__init__.py", line 183, in reraise
    raise self.last_attempt.result()
  File "/usr/lib/python3.10/concurrent/futures/_base.py", line 451, in result
    return self.__get_result()
  File "/usr/lib/python3.10/concurrent/futures/_base.py", line 403, in __get_result
    raise self._exception
  File "/var/lib/juju/agents/unit-mysql-1/charm/venv/lib/python3.10/site-packages/tenacity/__init__.py", line 470, in __call__
    result = fn(*args, **kwargs)
  File "/var/lib/juju/agents/unit-mysql-1/charm/src/mysql_k8s_helpers.py", line 231, in initialise_mysqld
    raise MySQLInitialiseMySQLDError
mysql_k8s_helpers.MySQLInitialiseMySQLDError
unit-mysql-1: 01:36:26 ERROR juju.worker.uniter.operation hook "mysql-pebble-ready" (via hook dispatching script: dispatch) failed: exit status 1
unit-mysql-1: 01:36:26 ERROR juju.worker.uniter pebble poll failed for container "mysql": failed to send pebble-ready event: hook failed
unit-mysql-1: 01:36:34 ERROR unit.mysql/1.juju-log Failed to initialise MySQL data directory
Traceback (most recent call last):
  File "/var/lib/juju/agents/unit-mysql-1/charm/src/mysql_k8s_helpers.py", line 227, in initialise_mysqld
    process.wait()
  File "/var/lib/juju/agents/unit-mysql-1/charm/venv/lib/python3.10/site-packages/ops/pebble.py", line 1697, in wait
    raise ExecError(self._command, exit_code, None, None)
ops.pebble.ExecError: non-zero exit code 1 executing ['/usr/sbin/mysqld', '--initialize', '-u', 'mysql']
unit-mysql-0: 01:38:32 ERROR unit.mysql/0.juju-log upgrade:0: get_unit_address: unit DNS domain name is not fully propagated yet, trying again
unit-mysql-0: 01:38:34 ERROR unit.mysql/0.juju-log upgrade:0: get_unit_address: unit DNS domain name is not fully propagated yet, trying again
unit-mysql-0: 01:38:36 ERROR unit.mysql/0.juju-log upgrade:0: get_unit_address: unit DNS domain name is not fully propagated yet, trying again
unit-mysql-2: 01:38:45 ERROR unit.mysql/2.juju-log database-peers:2: get_unit_address: unit DNS domain name is not fully propagated yet, trying again
unit-mysql-2: 01:38:47 ERROR unit.mysql/2.juju-log database-peers:2: get_unit_address: unit DNS domain name is not fully propagated yet, trying again
unit-mysql-2: 01:38:49 ERROR unit.mysql/2.juju-log database-peers:2: get_unit_address: unit DNS domain name is not fully propagated yet, trying again
unit-mysql-2: 01:38:51 ERROR unit.mysql/2.juju-log database-peers:2: get_unit_address: unit DNS domain name is not fully propagated yet, trying again
unit-mysql-2: 01:38:53 ERROR unit.mysql/2.juju-log database-peers:2: get_unit_address: unit DNS domain name is not fully propagated yet, trying again
unit-mysql-2: 01:38:55 ERROR unit.mysql/2.juju-log database-peers:2: get_unit_address: unit DNS domain name is not fully propagated yet, trying again
unit-mysql-1: 01:39:19 ERROR unit.mysql/1.juju-log database-peers:2: get_unit_address: unit DNS domain name is not fully propagated yet, trying again
unit-mysql-1: 01:39:21 ERROR unit.mysql/1.juju-log database-peers:2: get_unit_address: unit DNS domain name is not fully propagated yet, trying again
unit-mysql-1: 01:39:23 ERROR unit.mysql/1.juju-log database-peers:2: get_unit_address: unit DNS domain name is not fully propagated yet, trying again
unit-mysql-2: 01:39:23 ERROR unit.mysql/2.juju-log upgrade:0: get_unit_address: unit DNS domain name is not fully propagated yet, trying again
unit-mysql-2: 01:39:26 ERROR unit.mysql/2.juju-log upgrade:0: get_unit_address: unit DNS domain name is not fully propagated yet, trying again
unit-mysql-2: 01:39:28 ERROR unit.mysql/2.juju-log upgrade:0: get_unit_address: unit DNS domain name is not fully propagated yet, trying again

[32mINFO    [0m pytest_operator.plugin:plugin.py:862 Forgetting main...