{"uid":"92d4816094024c5b","name":"test_data_replication","fullName":"tests.integration.high_availability.test_async_replication_upgrade#test_data_replication","historyId":"b1ce174744ee731802a00b24718d75d6","time":{"start":1760147577937,"stop":1760147607439,"duration":29502},"description":"Test to write to primary, and read the same data back from replicas.","descriptionHtml":"<p>Test to write to primary, and read the same data back from replicas.</p>\n","status":"failed","statusMessage":"AssertionError: Data is not consistent across units\nassert False\n +  where False = all(<generator object test_data_replication.<locals>.<genexpr> at 0x7fb821a120c0>)","statusTrace":"Traceback (most recent call last):\n  File \"/root/spread_project/.tox/integration/lib/python3.12/site-packages/_pytest/runner.py\", line 341, in from_call\n    result: Optional[TResult] = func()\n                                ^^^^^^\n  File \"/root/spread_project/.tox/integration/lib/python3.12/site-packages/_pytest/runner.py\", line 262, in <lambda>\n    lambda: ihook(item=item, **kwds), when=when, reraise=reraise\n            ^^^^^^^^^^^^^^^^^^^^^^^^\n  File \"/root/spread_project/.tox/integration/lib/python3.12/site-packages/pluggy/_hooks.py\", line 513, in __call__\n    return self._hookexec(self.name, self._hookimpls.copy(), kwargs, firstresult)\n           ^^^^^^^^^^^^^^^^^^^^^^^^^^^^^^^^^^^^^^^^^^^^^^^^^^^^^^^^^^^^^^^^^^^^^^\n  File \"/root/spread_project/.tox/integration/lib/python3.12/site-packages/pluggy/_manager.py\", line 120, in _hookexec\n    return self._inner_hookexec(hook_name, methods, kwargs, firstresult)\n           ^^^^^^^^^^^^^^^^^^^^^^^^^^^^^^^^^^^^^^^^^^^^^^^^^^^^^^^^^^^^^\n  File \"/root/spread_project/.tox/integration/lib/python3.12/site-packages/pluggy/_callers.py\", line 182, in _multicall\n    return outcome.get_result()\n           ^^^^^^^^^^^^^^^^^^^^\n  File \"/root/spread_project/.tox/integration/lib/python3.12/site-packages/pluggy/_result.py\", line 100, in get_result\n    raise exc.with_traceback(exc.__traceback__)\n  File \"/root/spread_project/.tox/integration/lib/python3.12/site-packages/pluggy/_callers.py\", line 103, in _multicall\n    res = hook_impl.function(*args)\n          ^^^^^^^^^^^^^^^^^^^^^^^^^\n  File \"/root/spread_project/.tox/integration/lib/python3.12/site-packages/_pytest/runner.py\", line 177, in pytest_runtest_call\n    raise e\n  File \"/root/spread_project/.tox/integration/lib/python3.12/site-packages/_pytest/runner.py\", line 169, in pytest_runtest_call\n    item.runtest()\n  File \"/root/spread_project/.tox/integration/lib/python3.12/site-packages/_pytest/python.py\", line 1792, in runtest\n    self.ihook.pytest_pyfunc_call(pyfuncitem=self)\n  File \"/root/spread_project/.tox/integration/lib/python3.12/site-packages/pluggy/_hooks.py\", line 513, in __call__\n    return self._hookexec(self.name, self._hookimpls.copy(), kwargs, firstresult)\n           ^^^^^^^^^^^^^^^^^^^^^^^^^^^^^^^^^^^^^^^^^^^^^^^^^^^^^^^^^^^^^^^^^^^^^^\n  File \"/root/spread_project/.tox/integration/lib/python3.12/site-packages/pluggy/_manager.py\", line 120, in _hookexec\n    return self._inner_hookexec(hook_name, methods, kwargs, firstresult)\n           ^^^^^^^^^^^^^^^^^^^^^^^^^^^^^^^^^^^^^^^^^^^^^^^^^^^^^^^^^^^^^\n  File \"/root/spread_project/.tox/integration/lib/python3.12/site-packages/pluggy/_callers.py\", line 182, in _multicall\n    return outcome.get_result()\n           ^^^^^^^^^^^^^^^^^^^^\n  File \"/root/spread_project/.tox/integration/lib/python3.12/site-packages/pluggy/_result.py\", line 100, in get_result\n    raise exc.with_traceback(exc.__traceback__)\n  File \"/root/spread_project/.tox/integration/lib/python3.12/site-packages/pluggy/_callers.py\", line 103, in _multicall\n    res = hook_impl.function(*args)\n          ^^^^^^^^^^^^^^^^^^^^^^^^^\n  File \"/root/spread_project/.tox/integration/lib/python3.12/site-packages/_pytest/python.py\", line 194, in pytest_pyfunc_call\n    result = testfunction(**testargs)\n             ^^^^^^^^^^^^^^^^^^^^^^^^\n  File \"/root/spread_project/tests/integration/high_availability/test_async_replication_upgrade.py\", line 224, in test_data_replication\n    assert all(results[0] == x for x in results), \"Data is not consistent across units\"\nAssertionError: Data is not consistent across units\nassert False\n +  where False = all(<generator object test_data_replication.<locals>.<genexpr> at 0x7fb821a120c0>)","flaky":true,"newFailed":true,"newBroken":false,"newPassed":false,"retriesCount":1,"retriesStatusChange":true,"beforeStages":[{"name":"juju","time":{"start":1760146844072,"stop":1760146844350,"duration":278},"status":"passed","steps":[],"attachments":[],"parameters":[],"shouldDisplayMessage":false,"stepsCount":0,"attachmentsCount":0,"hasContent":false,"attachmentStep":false},{"name":"first_model","time":{"start":1760146844350,"stop":1760146844350,"duration":0},"status":"passed","steps":[],"attachments":[],"parameters":[],"shouldDisplayMessage":false,"stepsCount":0,"attachmentsCount":0,"hasContent":false,"attachmentStep":false},{"name":"second_model","time":{"start":1760146844350,"stop":1760146844606,"duration":256},"status":"passed","steps":[],"attachments":[],"parameters":[],"shouldDisplayMessage":false,"stepsCount":0,"attachmentsCount":0,"hasContent":false,"attachmentStep":false},{"name":"abort_on_fail","time":{"start":1760147570743,"stop":1760147570743,"duration":0},"status":"passed","steps":[],"attachments":[],"parameters":[],"shouldDisplayMessage":false,"stepsCount":0,"attachmentsCount":0,"hasContent":false,"attachmentStep":false},{"name":"continuous_writes","time":{"start":1760147570743,"stop":1760147577936,"duration":7193},"status":"passed","steps":[],"attachments":[],"parameters":[],"shouldDisplayMessage":false,"stepsCount":0,"attachmentsCount":0,"hasContent":false,"attachmentStep":false}],"testStage":{"description":"Test to write to primary, and read the same data back from replicas.","status":"failed","statusMessage":"AssertionError: Data is not consistent across units\nassert False\n +  where False = all(<generator object test_data_replication.<locals>.<genexpr> at 0x7fb821a120c0>)","statusTrace":"Traceback (most recent call last):\n  File \"/root/spread_project/.tox/integration/lib/python3.12/site-packages/_pytest/runner.py\", line 341, in from_call\n    result: Optional[TResult] = func()\n                                ^^^^^^\n  File \"/root/spread_project/.tox/integration/lib/python3.12/site-packages/_pytest/runner.py\", line 262, in <lambda>\n    lambda: ihook(item=item, **kwds), when=when, reraise=reraise\n            ^^^^^^^^^^^^^^^^^^^^^^^^\n  File \"/root/spread_project/.tox/integration/lib/python3.12/site-packages/pluggy/_hooks.py\", line 513, in __call__\n    return self._hookexec(self.name, self._hookimpls.copy(), kwargs, firstresult)\n           ^^^^^^^^^^^^^^^^^^^^^^^^^^^^^^^^^^^^^^^^^^^^^^^^^^^^^^^^^^^^^^^^^^^^^^\n  File \"/root/spread_project/.tox/integration/lib/python3.12/site-packages/pluggy/_manager.py\", line 120, in _hookexec\n    return self._inner_hookexec(hook_name, methods, kwargs, firstresult)\n           ^^^^^^^^^^^^^^^^^^^^^^^^^^^^^^^^^^^^^^^^^^^^^^^^^^^^^^^^^^^^^\n  File \"/root/spread_project/.tox/integration/lib/python3.12/site-packages/pluggy/_callers.py\", line 182, in _multicall\n    return outcome.get_result()\n           ^^^^^^^^^^^^^^^^^^^^\n  File \"/root/spread_project/.tox/integration/lib/python3.12/site-packages/pluggy/_result.py\", line 100, in get_result\n    raise exc.with_traceback(exc.__traceback__)\n  File \"/root/spread_project/.tox/integration/lib/python3.12/site-packages/pluggy/_callers.py\", line 103, in _multicall\n    res = hook_impl.function(*args)\n          ^^^^^^^^^^^^^^^^^^^^^^^^^\n  File \"/root/spread_project/.tox/integration/lib/python3.12/site-packages/_pytest/runner.py\", line 177, in pytest_runtest_call\n    raise e\n  File \"/root/spread_project/.tox/integration/lib/python3.12/site-packages/_pytest/runner.py\", line 169, in pytest_runtest_call\n    item.runtest()\n  File \"/root/spread_project/.tox/integration/lib/python3.12/site-packages/_pytest/python.py\", line 1792, in runtest\n    self.ihook.pytest_pyfunc_call(pyfuncitem=self)\n  File \"/root/spread_project/.tox/integration/lib/python3.12/site-packages/pluggy/_hooks.py\", line 513, in __call__\n    return self._hookexec(self.name, self._hookimpls.copy(), kwargs, firstresult)\n           ^^^^^^^^^^^^^^^^^^^^^^^^^^^^^^^^^^^^^^^^^^^^^^^^^^^^^^^^^^^^^^^^^^^^^^\n  File \"/root/spread_project/.tox/integration/lib/python3.12/site-packages/pluggy/_manager.py\", line 120, in _hookexec\n    return self._inner_hookexec(hook_name, methods, kwargs, firstresult)\n           ^^^^^^^^^^^^^^^^^^^^^^^^^^^^^^^^^^^^^^^^^^^^^^^^^^^^^^^^^^^^^\n  File \"/root/spread_project/.tox/integration/lib/python3.12/site-packages/pluggy/_callers.py\", line 182, in _multicall\n    return outcome.get_result()\n           ^^^^^^^^^^^^^^^^^^^^\n  File \"/root/spread_project/.tox/integration/lib/python3.12/site-packages/pluggy/_result.py\", line 100, in get_result\n    raise exc.with_traceback(exc.__traceback__)\n  File \"/root/spread_project/.tox/integration/lib/python3.12/site-packages/pluggy/_callers.py\", line 103, in _multicall\n    res = hook_impl.function(*args)\n          ^^^^^^^^^^^^^^^^^^^^^^^^^\n  File \"/root/spread_project/.tox/integration/lib/python3.12/site-packages/_pytest/python.py\", line 194, in pytest_pyfunc_call\n    result = testfunction(**testargs)\n             ^^^^^^^^^^^^^^^^^^^^^^^^\n  File \"/root/spread_project/tests/integration/high_availability/test_async_replication_upgrade.py\", line 224, in test_data_replication\n    assert all(results[0] == x for x in results), \"Data is not consistent across units\"\nAssertionError: Data is not consistent across units\nassert False\n +  where False = all(<generator object test_data_replication.<locals>.<genexpr> at 0x7fb821a120c0>)","steps":[],"attachments":[{"uid":"5366df9e360e01b1","name":"log","source":"5366df9e360e01b1.txt","type":"text/plain","size":3462}],"parameters":[],"shouldDisplayMessage":true,"stepsCount":0,"attachmentsCount":1,"hasContent":true,"attachmentStep":false},"afterStages":[{"name":"continuous_writes::0","time":{"start":1760147607441,"stop":1760147608635,"duration":1194},"status":"passed","steps":[],"attachments":[],"parameters":[],"shouldDisplayMessage":false,"stepsCount":0,"attachmentsCount":0,"hasContent":false,"attachmentStep":false},{"name":"abort_on_fail::0","time":{"start":1760147608636,"stop":1760147608636,"duration":0},"status":"passed","steps":[],"attachments":[],"parameters":[],"shouldDisplayMessage":false,"stepsCount":0,"attachmentsCount":0,"hasContent":false,"attachmentStep":false},{"name":"second_model::0","time":{"start":1760147608636,"stop":1760147730656,"duration":122020},"status":"passed","steps":[],"attachments":[],"parameters":[],"shouldDisplayMessage":false,"stepsCount":0,"attachmentsCount":0,"hasContent":false,"attachmentStep":false},{"name":"first_model::0","time":{"start":1760147730656,"stop":1760147730656,"duration":0},"status":"passed","steps":[],"attachments":[],"parameters":[],"shouldDisplayMessage":false,"stepsCount":0,"attachmentsCount":0,"hasContent":false,"attachmentStep":false},{"name":"juju::0","time":{"start":1760147730657,"stop":1760147730933,"duration":276},"status":"passed","steps":[],"attachments":[],"parameters":[],"shouldDisplayMessage":false,"stepsCount":0,"attachmentsCount":0,"hasContent":false,"attachmentStep":false}],"labels":[{"name":"tag","value":"abort_on_fail"},{"name":"tag","value":"@pytest.mark.skipif(False, reason='Requires juju 3+')"},{"name":"parentSuite","value":"tests.integration.high_availability"},{"name":"suite","value":"test_async_replication_upgrade"},{"name":"host","value":"runnervmwhb2z"},{"name":"thread","value":"18685-MainThread"},{"name":"framework","value":"pytest"},{"name":"language","value":"cpython3"},{"name":"package","value":"tests.integration.high_availability.test_async_replication_upgrade"},{"name":"resultFormat","value":"allure2"}],"parameters":[],"links":[],"hidden":false,"retry":false,"extra":{"severity":"normal","retries":[{"uid":"bc27930d47ae82c","status":"unknown","time":{}}],"categories":[{"name":"Product defects","matchedStatuses":[]}],"history":{"statistic":{"failed":3,"broken":2,"skipped":0,"passed":11,"unknown":0,"total":16},"items":[{"uid":"bd2e1a03d7039d75","reportUrl":"../3323//#testresult/bd2e1a03d7039d75","status":"passed","time":{"start":1760062429681,"stop":1760062501839,"duration":72158}},{"uid":"126aa46d3d28ee9f","reportUrl":"../3322//#testresult/126aa46d3d28ee9f","status":"failed","statusDetails":"AssertionError: Data is not consistent across units\nassert False\n +  where False = all(<generator object test_data_replication.<locals>.<genexpr> at 0x7f4ac56a1be0>)","time":{"start":1759975693430,"stop":1759975722804,"duration":29374}},{"uid":"1e84379162e4d61f","reportUrl":"../3318//#testresult/1e84379162e4d61f","status":"passed","time":{"start":1759889780154,"stop":1759889905732,"duration":125578}},{"uid":"fc2cbfabf491d2ae","reportUrl":"../3311//#testresult/fc2cbfabf491d2ae","status":"passed","time":{"start":1759802906946,"stop":1759802965989,"duration":59043}},{"uid":"84a6175b5bd9f01e","reportUrl":"../3305//#testresult/84a6175b5bd9f01e","status":"broken","statusDetails":"TimeoutError: timed out waiting for action, stderr:\nRunning operation 17 with 1 task\n  - task 18 on unit-db1-0\n\nWaiting for task 18...\nERROR timed out waiting for results from: unit db1/0","time":{"start":1759719389457,"stop":1759719456575,"duration":67118}},{"uid":"b8e8a03f3dcb2a98","reportUrl":"../3304//#testresult/b8e8a03f3dcb2a98","status":"passed","time":{"start":1759633938864,"stop":1759633995723,"duration":56859}},{"uid":"ceb631e8facf0325","reportUrl":"../3303//#testresult/ceb631e8facf0325","status":"passed","time":{"start":1759543885414,"stop":1759543944252,"duration":58838}},{"uid":"4d1f28e56d3215c2","reportUrl":"../3302//#testresult/4d1f28e56d3215c2","status":"passed","time":{"start":1759457719437,"stop":1759457796449,"duration":77012}},{"uid":"62a57743bb211227","reportUrl":"../3299//#testresult/62a57743bb211227","status":"passed","time":{"start":1759371578996,"stop":1759371642778,"duration":63782}},{"uid":"cf43307eb6b1dc13","reportUrl":"../3296//#testresult/cf43307eb6b1dc13","status":"passed","time":{"start":1759285225921,"stop":1759285349935,"duration":124014}},{"uid":"a77e59e06f395948","reportUrl":"../3288//#testresult/a77e59e06f395948","status":"failed","statusDetails":"AssertionError: Data is not consistent across units\nassert False\n +  where False = all(<generator object test_data_replication.<locals>.<genexpr> at 0x7f971c97b780>)","time":{"start":1759198369011,"stop":1759198391131,"duration":22120}},{"uid":"f4e86da91df25e85","reportUrl":"../3287//#testresult/f4e86da91df25e85","status":"passed","time":{"start":1759110834007,"stop":1759110914632,"duration":80625}},{"uid":"a757b500be38d9ef","reportUrl":"../3286//#testresult/a757b500be38d9ef","status":"broken","statusDetails":"TimeoutError: timed out waiting for action, stderr:\nRunning operation 21 with 1 task\n  - task 22 on unit-db1-2\n\nWaiting for task 22...\nERROR timed out waiting for results from: unit db1/2","time":{"start":1759026649687,"stop":1759026723456,"duration":73769}},{"uid":"89e6af868afb6913","reportUrl":"../3285//#testresult/89e6af868afb6913","status":"passed","time":{"start":1758937826140,"stop":1758937920138,"duration":93998}},{"uid":"c6e5790bb0c9edb4","reportUrl":"../3283//#testresult/c6e5790bb0c9edb4","status":"passed","time":{"start":1758854404678,"stop":1758854470416,"duration":65738}}]},"tags":["abort_on_fail","@pytest.mark.skipif(False, reason='Requires juju 3+')"]},"source":"92d4816094024c5b.json","parameterValues":[]}