{"uid":"1409cc827a8c5c74","name":"test_standby_promotion","fullName":"tests.integration.high_availability.test_async_replication#test_standby_promotion","historyId":"f50f2b7aa9d6f0ad1d763cacd40981bf","time":{"start":1759544250311,"stop":1759544253539,"duration":3228},"description":"Test graceful promotion of a standby cluster to primary.","descriptionHtml":"<p>Test graceful promotion of a standby cluster to primary.</p>\n","status":"broken","statusMessage":"jubilant._task.TaskError: task error: Task 4: status 'failed', return code 0, details:\nMessage: Only a standby cluster can be promoted","statusTrace":"Traceback (most recent call last):\n  File \"/root/spread_project/.tox/integration/lib/python3.12/site-packages/_pytest/runner.py\", line 341, in from_call\n    result: Optional[TResult] = func()\n                                ^^^^^^\n  File \"/root/spread_project/.tox/integration/lib/python3.12/site-packages/_pytest/runner.py\", line 262, in <lambda>\n    lambda: ihook(item=item, **kwds), when=when, reraise=reraise\n            ^^^^^^^^^^^^^^^^^^^^^^^^\n  File \"/root/spread_project/.tox/integration/lib/python3.12/site-packages/pluggy/_hooks.py\", line 513, in __call__\n    return self._hookexec(self.name, self._hookimpls.copy(), kwargs, firstresult)\n           ^^^^^^^^^^^^^^^^^^^^^^^^^^^^^^^^^^^^^^^^^^^^^^^^^^^^^^^^^^^^^^^^^^^^^^\n  File \"/root/spread_project/.tox/integration/lib/python3.12/site-packages/pluggy/_manager.py\", line 120, in _hookexec\n    return self._inner_hookexec(hook_name, methods, kwargs, firstresult)\n           ^^^^^^^^^^^^^^^^^^^^^^^^^^^^^^^^^^^^^^^^^^^^^^^^^^^^^^^^^^^^^\n  File \"/root/spread_project/.tox/integration/lib/python3.12/site-packages/pluggy/_callers.py\", line 182, in _multicall\n    return outcome.get_result()\n           ^^^^^^^^^^^^^^^^^^^^\n  File \"/root/spread_project/.tox/integration/lib/python3.12/site-packages/pluggy/_result.py\", line 100, in get_result\n    raise exc.with_traceback(exc.__traceback__)\n  File \"/root/spread_project/.tox/integration/lib/python3.12/site-packages/pluggy/_callers.py\", line 103, in _multicall\n    res = hook_impl.function(*args)\n          ^^^^^^^^^^^^^^^^^^^^^^^^^\n  File \"/root/spread_project/.tox/integration/lib/python3.12/site-packages/_pytest/runner.py\", line 177, in pytest_runtest_call\n    raise e\n  File \"/root/spread_project/.tox/integration/lib/python3.12/site-packages/_pytest/runner.py\", line 169, in pytest_runtest_call\n    item.runtest()\n  File \"/root/spread_project/.tox/integration/lib/python3.12/site-packages/_pytest/python.py\", line 1792, in runtest\n    self.ihook.pytest_pyfunc_call(pyfuncitem=self)\n  File \"/root/spread_project/.tox/integration/lib/python3.12/site-packages/pluggy/_hooks.py\", line 513, in __call__\n    return self._hookexec(self.name, self._hookimpls.copy(), kwargs, firstresult)\n           ^^^^^^^^^^^^^^^^^^^^^^^^^^^^^^^^^^^^^^^^^^^^^^^^^^^^^^^^^^^^^^^^^^^^^^\n  File \"/root/spread_project/.tox/integration/lib/python3.12/site-packages/pluggy/_manager.py\", line 120, in _hookexec\n    return self._inner_hookexec(hook_name, methods, kwargs, firstresult)\n           ^^^^^^^^^^^^^^^^^^^^^^^^^^^^^^^^^^^^^^^^^^^^^^^^^^^^^^^^^^^^^\n  File \"/root/spread_project/.tox/integration/lib/python3.12/site-packages/pluggy/_callers.py\", line 182, in _multicall\n    return outcome.get_result()\n           ^^^^^^^^^^^^^^^^^^^^\n  File \"/root/spread_project/.tox/integration/lib/python3.12/site-packages/pluggy/_result.py\", line 100, in get_result\n    raise exc.with_traceback(exc.__traceback__)\n  File \"/root/spread_project/.tox/integration/lib/python3.12/site-packages/pluggy/_callers.py\", line 103, in _multicall\n    res = hook_impl.function(*args)\n          ^^^^^^^^^^^^^^^^^^^^^^^^^\n  File \"/root/spread_project/.tox/integration/lib/python3.12/site-packages/_pytest/python.py\", line 194, in pytest_pyfunc_call\n    result = testfunction(**testargs)\n             ^^^^^^^^^^^^^^^^^^^^^^^^\n  File \"/root/spread_project/tests/integration/high_availability/test_async_replication.py\", line 229, in test_standby_promotion\n    promotion_task = model_2.run(\n                     ^^^^^^^^^^^^\n  File \"/root/spread_project/.tox/integration/lib/python3.12/site-packages/jubilant_backports/_juju.py\", line 458, in run\n    return super().run(unit, action, params, wait=wait)\n           ^^^^^^^^^^^^^^^^^^^^^^^^^^^^^^^^^^^^^^^^^^^^\n  File \"/root/spread_project/.tox/integration/lib/python3.12/site-packages/jubilant/_juju.py\", line 960, in run\n    task.raise_on_failure()\n  File \"/root/spread_project/.tox/integration/lib/python3.12/site-packages/jubilant/_task.py\", line 100, in raise_on_failure\n    raise TaskError(self)\njubilant._task.TaskError: task error: Task 4: status 'failed', return code 0, details:\nMessage: Only a standby cluster can be promoted","flaky":false,"newFailed":false,"newBroken":true,"newPassed":false,"retriesCount":1,"retriesStatusChange":true,"beforeStages":[{"name":"juju","time":{"start":1759542694688,"stop":1759542694969,"duration":281},"status":"passed","steps":[],"attachments":[],"parameters":[],"shouldDisplayMessage":false,"stepsCount":0,"attachmentsCount":0,"hasContent":false,"attachmentStep":false},{"name":"second_model","time":{"start":1759542694969,"stop":1759542695220,"duration":251},"status":"passed","steps":[],"attachments":[],"parameters":[],"shouldDisplayMessage":false,"stepsCount":0,"attachmentsCount":0,"hasContent":false,"attachmentStep":false},{"name":"first_model","time":{"start":1759542694969,"stop":1759542694969,"duration":0},"status":"passed","steps":[],"attachments":[],"parameters":[],"shouldDisplayMessage":false,"stepsCount":0,"attachmentsCount":0,"hasContent":false,"attachmentStep":false},{"name":"continuous_writes","time":{"start":1759544245954,"stop":1759544250310,"duration":4356},"status":"passed","steps":[],"attachments":[],"parameters":[],"shouldDisplayMessage":false,"stepsCount":0,"attachmentsCount":0,"hasContent":false,"attachmentStep":false},{"name":"abort_on_fail","time":{"start":1759544245954,"stop":1759544245954,"duration":0},"status":"passed","steps":[],"attachments":[],"parameters":[],"shouldDisplayMessage":false,"stepsCount":0,"attachmentsCount":0,"hasContent":false,"attachmentStep":false}],"testStage":{"description":"Test graceful promotion of a standby cluster to primary.","status":"broken","statusMessage":"jubilant._task.TaskError: task error: Task 4: status 'failed', return code 0, details:\nMessage: Only a standby cluster can be promoted","statusTrace":"Traceback (most recent call last):\n  File \"/root/spread_project/.tox/integration/lib/python3.12/site-packages/_pytest/runner.py\", line 341, in from_call\n    result: Optional[TResult] = func()\n                                ^^^^^^\n  File \"/root/spread_project/.tox/integration/lib/python3.12/site-packages/_pytest/runner.py\", line 262, in <lambda>\n    lambda: ihook(item=item, **kwds), when=when, reraise=reraise\n            ^^^^^^^^^^^^^^^^^^^^^^^^\n  File \"/root/spread_project/.tox/integration/lib/python3.12/site-packages/pluggy/_hooks.py\", line 513, in __call__\n    return self._hookexec(self.name, self._hookimpls.copy(), kwargs, firstresult)\n           ^^^^^^^^^^^^^^^^^^^^^^^^^^^^^^^^^^^^^^^^^^^^^^^^^^^^^^^^^^^^^^^^^^^^^^\n  File \"/root/spread_project/.tox/integration/lib/python3.12/site-packages/pluggy/_manager.py\", line 120, in _hookexec\n    return self._inner_hookexec(hook_name, methods, kwargs, firstresult)\n           ^^^^^^^^^^^^^^^^^^^^^^^^^^^^^^^^^^^^^^^^^^^^^^^^^^^^^^^^^^^^^\n  File \"/root/spread_project/.tox/integration/lib/python3.12/site-packages/pluggy/_callers.py\", line 182, in _multicall\n    return outcome.get_result()\n           ^^^^^^^^^^^^^^^^^^^^\n  File \"/root/spread_project/.tox/integration/lib/python3.12/site-packages/pluggy/_result.py\", line 100, in get_result\n    raise exc.with_traceback(exc.__traceback__)\n  File \"/root/spread_project/.tox/integration/lib/python3.12/site-packages/pluggy/_callers.py\", line 103, in _multicall\n    res = hook_impl.function(*args)\n          ^^^^^^^^^^^^^^^^^^^^^^^^^\n  File \"/root/spread_project/.tox/integration/lib/python3.12/site-packages/_pytest/runner.py\", line 177, in pytest_runtest_call\n    raise e\n  File \"/root/spread_project/.tox/integration/lib/python3.12/site-packages/_pytest/runner.py\", line 169, in pytest_runtest_call\n    item.runtest()\n  File \"/root/spread_project/.tox/integration/lib/python3.12/site-packages/_pytest/python.py\", line 1792, in runtest\n    self.ihook.pytest_pyfunc_call(pyfuncitem=self)\n  File \"/root/spread_project/.tox/integration/lib/python3.12/site-packages/pluggy/_hooks.py\", line 513, in __call__\n    return self._hookexec(self.name, self._hookimpls.copy(), kwargs, firstresult)\n           ^^^^^^^^^^^^^^^^^^^^^^^^^^^^^^^^^^^^^^^^^^^^^^^^^^^^^^^^^^^^^^^^^^^^^^\n  File \"/root/spread_project/.tox/integration/lib/python3.12/site-packages/pluggy/_manager.py\", line 120, in _hookexec\n    return self._inner_hookexec(hook_name, methods, kwargs, firstresult)\n           ^^^^^^^^^^^^^^^^^^^^^^^^^^^^^^^^^^^^^^^^^^^^^^^^^^^^^^^^^^^^^\n  File \"/root/spread_project/.tox/integration/lib/python3.12/site-packages/pluggy/_callers.py\", line 182, in _multicall\n    return outcome.get_result()\n           ^^^^^^^^^^^^^^^^^^^^\n  File \"/root/spread_project/.tox/integration/lib/python3.12/site-packages/pluggy/_result.py\", line 100, in get_result\n    raise exc.with_traceback(exc.__traceback__)\n  File \"/root/spread_project/.tox/integration/lib/python3.12/site-packages/pluggy/_callers.py\", line 103, in _multicall\n    res = hook_impl.function(*args)\n          ^^^^^^^^^^^^^^^^^^^^^^^^^\n  File \"/root/spread_project/.tox/integration/lib/python3.12/site-packages/_pytest/python.py\", line 194, in pytest_pyfunc_call\n    result = testfunction(**testargs)\n             ^^^^^^^^^^^^^^^^^^^^^^^^\n  File \"/root/spread_project/tests/integration/high_availability/test_async_replication.py\", line 229, in test_standby_promotion\n    promotion_task = model_2.run(\n                     ^^^^^^^^^^^^\n  File \"/root/spread_project/.tox/integration/lib/python3.12/site-packages/jubilant_backports/_juju.py\", line 458, in run\n    return super().run(unit, action, params, wait=wait)\n           ^^^^^^^^^^^^^^^^^^^^^^^^^^^^^^^^^^^^^^^^^^^^\n  File \"/root/spread_project/.tox/integration/lib/python3.12/site-packages/jubilant/_juju.py\", line 960, in run\n    task.raise_on_failure()\n  File \"/root/spread_project/.tox/integration/lib/python3.12/site-packages/jubilant/_task.py\", line 100, in raise_on_failure\n    raise TaskError(self)\njubilant._task.TaskError: task error: Task 4: status 'failed', return code 0, details:\nMessage: Only a standby cluster can be promoted","steps":[],"attachments":[{"uid":"b1bc13e3dc4e726c","name":"log","source":"b1bc13e3dc4e726c.txt","type":"text/plain","size":1184}],"parameters":[],"shouldDisplayMessage":true,"stepsCount":0,"attachmentsCount":1,"hasContent":true,"attachmentStep":false},"afterStages":[{"name":"continuous_writes::0","time":{"start":1759544253542,"stop":1759544254902,"duration":1360},"status":"passed","steps":[],"attachments":[],"parameters":[],"shouldDisplayMessage":false,"stepsCount":0,"attachmentsCount":0,"hasContent":false,"attachmentStep":false},{"name":"abort_on_fail::0","time":{"start":1759544254902,"stop":1759544254902,"duration":0},"status":"passed","steps":[],"attachments":[],"parameters":[],"shouldDisplayMessage":false,"stepsCount":0,"attachmentsCount":0,"hasContent":false,"attachmentStep":false},{"name":"second_model::0","time":{"start":1759544901193,"stop":1759545024483,"duration":123290},"status":"passed","steps":[],"attachments":[],"parameters":[],"shouldDisplayMessage":false,"stepsCount":0,"attachmentsCount":0,"hasContent":false,"attachmentStep":false},{"name":"first_model::0","time":{"start":1759545024484,"stop":1759545024484,"duration":0},"status":"passed","steps":[],"attachments":[],"parameters":[],"shouldDisplayMessage":false,"stepsCount":0,"attachmentsCount":0,"hasContent":false,"attachmentStep":false},{"name":"juju::0","time":{"start":1759545024485,"stop":1759545024726,"duration":241},"status":"passed","steps":[],"attachments":[],"parameters":[],"shouldDisplayMessage":false,"stepsCount":0,"attachmentsCount":0,"hasContent":false,"attachmentStep":false}],"labels":[{"name":"tag","value":"abort_on_fail"},{"name":"tag","value":"@pytest.mark.skipif(False, reason='Requires juju 3+')"},{"name":"parentSuite","value":"tests.integration.high_availability"},{"name":"suite","value":"test_async_replication"},{"name":"host","value":"runnervmwhb2z"},{"name":"thread","value":"18402-MainThread"},{"name":"framework","value":"pytest"},{"name":"language","value":"cpython3"},{"name":"package","value":"tests.integration.high_availability.test_async_replication"},{"name":"resultFormat","value":"allure2"}],"parameters":[],"links":[],"hidden":false,"retry":false,"extra":{"severity":"normal","retries":[{"uid":"321a8cd187ec61db","status":"unknown","time":{}}],"categories":[{"name":"Test defects","matchedStatuses":[]}],"history":{"statistic":{"failed":2,"broken":1,"skipped":69,"passed":411,"unknown":19,"total":502},"items":[{"uid":"3cde23dd19575dfd","reportUrl":"../3302//#testresult/3cde23dd19575dfd","status":"passed","time":{"start":1759457090955,"stop":1759457131642,"duration":40687}},{"uid":"21c8f09097c3f45a","reportUrl":"../3299//#testresult/21c8f09097c3f45a","status":"passed","time":{"start":1759370918612,"stop":1759370960097,"duration":41485}},{"uid":"9b513f0b84074f18","reportUrl":"../3296//#testresult/9b513f0b84074f18","status":"passed","time":{"start":1759284487334,"stop":1759284521543,"duration":34209}},{"uid":"aa411ccb259e20bc","reportUrl":"../3288//#testresult/aa411ccb259e20bc","status":"passed","time":{"start":1759197197662,"stop":1759197229521,"duration":31859}},{"uid":"b324695dcdc6f909","reportUrl":"../3287//#testresult/b324695dcdc6f909","status":"passed","time":{"start":1759110341592,"stop":1759110377907,"duration":36315}},{"uid":"26a5783d01e282e","reportUrl":"../3286//#testresult/26a5783d01e282e","status":"passed","time":{"start":1759026141854,"stop":1759026178618,"duration":36764}},{"uid":"417b54ea4f1c613f","reportUrl":"../3285//#testresult/417b54ea4f1c613f","status":"passed","time":{"start":1758937299334,"stop":1758937333887,"duration":34553}},{"uid":"ada1ea5c32ff2aa7","reportUrl":"../3283//#testresult/ada1ea5c32ff2aa7","status":"passed","time":{"start":1758853771216,"stop":1758853807602,"duration":36386}},{"uid":"33b5b62c4589d9b9","reportUrl":"../3277//#testresult/33b5b62c4589d9b9","status":"passed","time":{"start":1758765339841,"stop":1758765368723,"duration":28882}},{"uid":"d8533e4101c12392","reportUrl":"../3271//#testresult/d8533e4101c12392","status":"passed","time":{"start":1758680384745,"stop":1758680415434,"duration":30689}},{"uid":"5bb6378802e3b7d","reportUrl":"../3262//#testresult/5bb6378802e3b7d","status":"passed","time":{"start":1758596073928,"stop":1758596115662,"duration":41734}},{"uid":"e79651c61f29e81b","reportUrl":"../3255//#testresult/e79651c61f29e81b","status":"passed","time":{"start":1758506673615,"stop":1758506695230,"duration":21615}},{"uid":"4ffc25603c76017e","reportUrl":"../3254//#testresult/4ffc25603c76017e","status":"passed","time":{"start":1758419754257,"stop":1758419777903,"duration":23646}},{"uid":"74090b9253e977c1","reportUrl":"../3253//#testresult/74090b9253e977c1","status":"passed","time":{"start":1758333333905,"stop":1758333355460,"duration":21555}},{"uid":"c2da31e7030a5393","reportUrl":"../3252//#testresult/c2da31e7030a5393","status":"skipped","statusDetails":"XFAIL reason: aborted\n\n_pytest.outcomes.XFailed: aborted","time":{"start":1758250996394,"stop":1758250996394,"duration":0}},{"uid":"e5e7497332f339f2","reportUrl":"../3250//#testresult/e5e7497332f339f2","status":"passed","time":{"start":1758162093878,"stop":1758162115505,"duration":21627}},{"uid":"6bbaaae862cf85","reportUrl":"../3244//#testresult/6bbaaae862cf85","status":"passed","time":{"start":1758073175637,"stop":1758073197225,"duration":21588}},{"uid":"8efa498103efd862","reportUrl":"../3240//#testresult/8efa498103efd862","status":"skipped","statusDetails":"XFAIL reason: aborted\n\n_pytest.outcomes.XFailed: aborted","time":{"start":1757988256205,"stop":1757988256205,"duration":0}},{"uid":"12dc1c897686d766","reportUrl":"../3239//#testresult/12dc1c897686d766","status":"skipped","statusDetails":"XFAIL reason: aborted\n\n_pytest.outcomes.XFailed: aborted","time":{"start":1757901607623,"stop":1757901607623,"duration":0}},{"uid":"b797869137eb1156","reportUrl":"../3238//#testresult/b797869137eb1156","status":"passed","time":{"start":1757815270529,"stop":1757815303138,"duration":32609}}]},"tags":["abort_on_fail","@pytest.mark.skipif(False, reason='Requires juju 3+')"]},"source":"1409cc827a8c5c74.json","parameterValues":[]}