{"uid":"6b50958f817d1013","name":"test_rejoin_invalidated_cluster","fullName":"tests.integration.high_availability.test_async_replication#test_rejoin_invalidated_cluster","historyId":"5dc9e3414416ee62bde0dac05c804902","time":{"start":1759544259999,"stop":1759544263133,"duration":3134},"description":"Test rejoin invalidated cluster with.","descriptionHtml":"<p>Test rejoin invalidated cluster with.</p>\n","status":"broken","statusMessage":"jubilant._task.TaskError: task error: Task 30: status 'failed', return code 0, details:\nMessage: Cluster cluster='cuzco' not found in cluster set","statusTrace":"Traceback (most recent call last):\n  File \"/root/spread_project/.tox/integration/lib/python3.12/site-packages/_pytest/runner.py\", line 341, in from_call\n    result: Optional[TResult] = func()\n                                ^^^^^^\n  File \"/root/spread_project/.tox/integration/lib/python3.12/site-packages/_pytest/runner.py\", line 262, in <lambda>\n    lambda: ihook(item=item, **kwds), when=when, reraise=reraise\n            ^^^^^^^^^^^^^^^^^^^^^^^^\n  File \"/root/spread_project/.tox/integration/lib/python3.12/site-packages/pluggy/_hooks.py\", line 513, in __call__\n    return self._hookexec(self.name, self._hookimpls.copy(), kwargs, firstresult)\n           ^^^^^^^^^^^^^^^^^^^^^^^^^^^^^^^^^^^^^^^^^^^^^^^^^^^^^^^^^^^^^^^^^^^^^^\n  File \"/root/spread_project/.tox/integration/lib/python3.12/site-packages/pluggy/_manager.py\", line 120, in _hookexec\n    return self._inner_hookexec(hook_name, methods, kwargs, firstresult)\n           ^^^^^^^^^^^^^^^^^^^^^^^^^^^^^^^^^^^^^^^^^^^^^^^^^^^^^^^^^^^^^\n  File \"/root/spread_project/.tox/integration/lib/python3.12/site-packages/pluggy/_callers.py\", line 182, in _multicall\n    return outcome.get_result()\n           ^^^^^^^^^^^^^^^^^^^^\n  File \"/root/spread_project/.tox/integration/lib/python3.12/site-packages/pluggy/_result.py\", line 100, in get_result\n    raise exc.with_traceback(exc.__traceback__)\n  File \"/root/spread_project/.tox/integration/lib/python3.12/site-packages/pluggy/_callers.py\", line 103, in _multicall\n    res = hook_impl.function(*args)\n          ^^^^^^^^^^^^^^^^^^^^^^^^^\n  File \"/root/spread_project/.tox/integration/lib/python3.12/site-packages/_pytest/runner.py\", line 177, in pytest_runtest_call\n    raise e\n  File \"/root/spread_project/.tox/integration/lib/python3.12/site-packages/_pytest/runner.py\", line 169, in pytest_runtest_call\n    item.runtest()\n  File \"/root/spread_project/.tox/integration/lib/python3.12/site-packages/_pytest/python.py\", line 1792, in runtest\n    self.ihook.pytest_pyfunc_call(pyfuncitem=self)\n  File \"/root/spread_project/.tox/integration/lib/python3.12/site-packages/pluggy/_hooks.py\", line 513, in __call__\n    return self._hookexec(self.name, self._hookimpls.copy(), kwargs, firstresult)\n           ^^^^^^^^^^^^^^^^^^^^^^^^^^^^^^^^^^^^^^^^^^^^^^^^^^^^^^^^^^^^^^^^^^^^^^\n  File \"/root/spread_project/.tox/integration/lib/python3.12/site-packages/pluggy/_manager.py\", line 120, in _hookexec\n    return self._inner_hookexec(hook_name, methods, kwargs, firstresult)\n           ^^^^^^^^^^^^^^^^^^^^^^^^^^^^^^^^^^^^^^^^^^^^^^^^^^^^^^^^^^^^^\n  File \"/root/spread_project/.tox/integration/lib/python3.12/site-packages/pluggy/_callers.py\", line 182, in _multicall\n    return outcome.get_result()\n           ^^^^^^^^^^^^^^^^^^^^\n  File \"/root/spread_project/.tox/integration/lib/python3.12/site-packages/pluggy/_result.py\", line 100, in get_result\n    raise exc.with_traceback(exc.__traceback__)\n  File \"/root/spread_project/.tox/integration/lib/python3.12/site-packages/pluggy/_callers.py\", line 103, in _multicall\n    res = hook_impl.function(*args)\n          ^^^^^^^^^^^^^^^^^^^^^^^^^\n  File \"/root/spread_project/.tox/integration/lib/python3.12/site-packages/_pytest/python.py\", line 194, in pytest_pyfunc_call\n    result = testfunction(**testargs)\n             ^^^^^^^^^^^^^^^^^^^^^^^^\n  File \"/root/spread_project/tests/integration/high_availability/test_async_replication.py\", line 317, in test_rejoin_invalidated_cluster\n    task = model_1.run(\n           ^^^^^^^^^^^^\n  File \"/root/spread_project/.tox/integration/lib/python3.12/site-packages/jubilant_backports/_juju.py\", line 458, in run\n    return super().run(unit, action, params, wait=wait)\n           ^^^^^^^^^^^^^^^^^^^^^^^^^^^^^^^^^^^^^^^^^^^^\n  File \"/root/spread_project/.tox/integration/lib/python3.12/site-packages/jubilant/_juju.py\", line 960, in run\n    task.raise_on_failure()\n  File \"/root/spread_project/.tox/integration/lib/python3.12/site-packages/jubilant/_task.py\", line 100, in raise_on_failure\n    raise TaskError(self)\njubilant._task.TaskError: task error: Task 30: status 'failed', return code 0, details:\nMessage: Cluster cluster='cuzco' not found in cluster set","flaky":false,"newFailed":false,"newBroken":true,"newPassed":false,"retriesCount":1,"retriesStatusChange":true,"beforeStages":[{"name":"juju","time":{"start":1759542694688,"stop":1759542694969,"duration":281},"status":"passed","steps":[],"attachments":[],"parameters":[],"shouldDisplayMessage":false,"stepsCount":0,"attachmentsCount":0,"hasContent":false,"attachmentStep":false},{"name":"second_model","time":{"start":1759542694969,"stop":1759542695220,"duration":251},"status":"passed","steps":[],"attachments":[],"parameters":[],"shouldDisplayMessage":false,"stepsCount":0,"attachmentsCount":0,"hasContent":false,"attachmentStep":false},{"name":"first_model","time":{"start":1759542694969,"stop":1759542694969,"duration":0},"status":"passed","steps":[],"attachments":[],"parameters":[],"shouldDisplayMessage":false,"stepsCount":0,"attachmentsCount":0,"hasContent":false,"attachmentStep":false},{"name":"abort_on_fail","time":{"start":1759544257814,"stop":1759544257814,"duration":0},"status":"passed","steps":[],"attachments":[],"parameters":[],"shouldDisplayMessage":false,"stepsCount":0,"attachmentsCount":0,"hasContent":false,"attachmentStep":false},{"name":"continuous_writes","time":{"start":1759544257814,"stop":1759544259999,"duration":2185},"status":"passed","steps":[],"attachments":[],"parameters":[],"shouldDisplayMessage":false,"stepsCount":0,"attachmentsCount":0,"hasContent":false,"attachmentStep":false}],"testStage":{"description":"Test rejoin invalidated cluster with.","status":"broken","statusMessage":"jubilant._task.TaskError: task error: Task 30: status 'failed', return code 0, details:\nMessage: Cluster cluster='cuzco' not found in cluster set","statusTrace":"Traceback (most recent call last):\n  File \"/root/spread_project/.tox/integration/lib/python3.12/site-packages/_pytest/runner.py\", line 341, in from_call\n    result: Optional[TResult] = func()\n                                ^^^^^^\n  File \"/root/spread_project/.tox/integration/lib/python3.12/site-packages/_pytest/runner.py\", line 262, in <lambda>\n    lambda: ihook(item=item, **kwds), when=when, reraise=reraise\n            ^^^^^^^^^^^^^^^^^^^^^^^^\n  File \"/root/spread_project/.tox/integration/lib/python3.12/site-packages/pluggy/_hooks.py\", line 513, in __call__\n    return self._hookexec(self.name, self._hookimpls.copy(), kwargs, firstresult)\n           ^^^^^^^^^^^^^^^^^^^^^^^^^^^^^^^^^^^^^^^^^^^^^^^^^^^^^^^^^^^^^^^^^^^^^^\n  File \"/root/spread_project/.tox/integration/lib/python3.12/site-packages/pluggy/_manager.py\", line 120, in _hookexec\n    return self._inner_hookexec(hook_name, methods, kwargs, firstresult)\n           ^^^^^^^^^^^^^^^^^^^^^^^^^^^^^^^^^^^^^^^^^^^^^^^^^^^^^^^^^^^^^\n  File \"/root/spread_project/.tox/integration/lib/python3.12/site-packages/pluggy/_callers.py\", line 182, in _multicall\n    return outcome.get_result()\n           ^^^^^^^^^^^^^^^^^^^^\n  File \"/root/spread_project/.tox/integration/lib/python3.12/site-packages/pluggy/_result.py\", line 100, in get_result\n    raise exc.with_traceback(exc.__traceback__)\n  File \"/root/spread_project/.tox/integration/lib/python3.12/site-packages/pluggy/_callers.py\", line 103, in _multicall\n    res = hook_impl.function(*args)\n          ^^^^^^^^^^^^^^^^^^^^^^^^^\n  File \"/root/spread_project/.tox/integration/lib/python3.12/site-packages/_pytest/runner.py\", line 177, in pytest_runtest_call\n    raise e\n  File \"/root/spread_project/.tox/integration/lib/python3.12/site-packages/_pytest/runner.py\", line 169, in pytest_runtest_call\n    item.runtest()\n  File \"/root/spread_project/.tox/integration/lib/python3.12/site-packages/_pytest/python.py\", line 1792, in runtest\n    self.ihook.pytest_pyfunc_call(pyfuncitem=self)\n  File \"/root/spread_project/.tox/integration/lib/python3.12/site-packages/pluggy/_hooks.py\", line 513, in __call__\n    return self._hookexec(self.name, self._hookimpls.copy(), kwargs, firstresult)\n           ^^^^^^^^^^^^^^^^^^^^^^^^^^^^^^^^^^^^^^^^^^^^^^^^^^^^^^^^^^^^^^^^^^^^^^\n  File \"/root/spread_project/.tox/integration/lib/python3.12/site-packages/pluggy/_manager.py\", line 120, in _hookexec\n    return self._inner_hookexec(hook_name, methods, kwargs, firstresult)\n           ^^^^^^^^^^^^^^^^^^^^^^^^^^^^^^^^^^^^^^^^^^^^^^^^^^^^^^^^^^^^^\n  File \"/root/spread_project/.tox/integration/lib/python3.12/site-packages/pluggy/_callers.py\", line 182, in _multicall\n    return outcome.get_result()\n           ^^^^^^^^^^^^^^^^^^^^\n  File \"/root/spread_project/.tox/integration/lib/python3.12/site-packages/pluggy/_result.py\", line 100, in get_result\n    raise exc.with_traceback(exc.__traceback__)\n  File \"/root/spread_project/.tox/integration/lib/python3.12/site-packages/pluggy/_callers.py\", line 103, in _multicall\n    res = hook_impl.function(*args)\n          ^^^^^^^^^^^^^^^^^^^^^^^^^\n  File \"/root/spread_project/.tox/integration/lib/python3.12/site-packages/_pytest/python.py\", line 194, in pytest_pyfunc_call\n    result = testfunction(**testargs)\n             ^^^^^^^^^^^^^^^^^^^^^^^^\n  File \"/root/spread_project/tests/integration/high_availability/test_async_replication.py\", line 317, in test_rejoin_invalidated_cluster\n    task = model_1.run(\n           ^^^^^^^^^^^^\n  File \"/root/spread_project/.tox/integration/lib/python3.12/site-packages/jubilant_backports/_juju.py\", line 458, in run\n    return super().run(unit, action, params, wait=wait)\n           ^^^^^^^^^^^^^^^^^^^^^^^^^^^^^^^^^^^^^^^^^^^^\n  File \"/root/spread_project/.tox/integration/lib/python3.12/site-packages/jubilant/_juju.py\", line 960, in run\n    task.raise_on_failure()\n  File \"/root/spread_project/.tox/integration/lib/python3.12/site-packages/jubilant/_task.py\", line 100, in raise_on_failure\n    raise TaskError(self)\njubilant._task.TaskError: task error: Task 30: status 'failed', return code 0, details:\nMessage: Cluster cluster='cuzco' not found in cluster set","steps":[],"attachments":[{"uid":"fa21f6dbdd552f8b","name":"log","source":"fa21f6dbdd552f8b.txt","type":"text/plain","size":1090}],"parameters":[],"shouldDisplayMessage":true,"stepsCount":0,"attachmentsCount":1,"hasContent":true,"attachmentStep":false},"afterStages":[{"name":"continuous_writes::0","time":{"start":1759544263134,"stop":1759544264380,"duration":1246},"status":"passed","steps":[],"attachments":[],"parameters":[],"shouldDisplayMessage":false,"stepsCount":0,"attachmentsCount":0,"hasContent":false,"attachmentStep":false},{"name":"abort_on_fail::0","time":{"start":1759544264380,"stop":1759544264380,"duration":0},"status":"passed","steps":[],"attachments":[],"parameters":[],"shouldDisplayMessage":false,"stepsCount":0,"attachmentsCount":0,"hasContent":false,"attachmentStep":false},{"name":"second_model::0","time":{"start":1759544901193,"stop":1759545024483,"duration":123290},"status":"passed","steps":[],"attachments":[],"parameters":[],"shouldDisplayMessage":false,"stepsCount":0,"attachmentsCount":0,"hasContent":false,"attachmentStep":false},{"name":"first_model::0","time":{"start":1759545024484,"stop":1759545024484,"duration":0},"status":"passed","steps":[],"attachments":[],"parameters":[],"shouldDisplayMessage":false,"stepsCount":0,"attachmentsCount":0,"hasContent":false,"attachmentStep":false},{"name":"juju::0","time":{"start":1759545024485,"stop":1759545024726,"duration":241},"status":"passed","steps":[],"attachments":[],"parameters":[],"shouldDisplayMessage":false,"stepsCount":0,"attachmentsCount":0,"hasContent":false,"attachmentStep":false}],"labels":[{"name":"tag","value":"abort_on_fail"},{"name":"tag","value":"@pytest.mark.skipif(False, reason='Requires juju 3+')"},{"name":"parentSuite","value":"tests.integration.high_availability"},{"name":"suite","value":"test_async_replication"},{"name":"host","value":"runnervmwhb2z"},{"name":"thread","value":"18402-MainThread"},{"name":"framework","value":"pytest"},{"name":"language","value":"cpython3"},{"name":"package","value":"tests.integration.high_availability.test_async_replication"},{"name":"resultFormat","value":"allure2"}],"parameters":[],"links":[],"hidden":false,"retry":false,"extra":{"severity":"normal","retries":[{"uid":"7a38adace9ca8157","status":"unknown","time":{}}],"categories":[{"name":"Test defects","matchedStatuses":[]}],"history":{"statistic":{"failed":0,"broken":1,"skipped":71,"passed":410,"unknown":20,"total":502},"items":[{"uid":"42e9648078a31a1a","reportUrl":"../3302//#testresult/42e9648078a31a1a","status":"passed","time":{"start":1759457563748,"stop":1759457599742,"duration":35994}},{"uid":"ef127f69a303b993","reportUrl":"../3299//#testresult/ef127f69a303b993","status":"passed","time":{"start":1759371267716,"stop":1759371296068,"duration":28352}},{"uid":"c91831205f67da4a","reportUrl":"../3296//#testresult/c91831205f67da4a","status":"passed","time":{"start":1759284972869,"stop":1759285021354,"duration":48485}},{"uid":"b2e849477729d36d","reportUrl":"../3288//#testresult/b2e849477729d36d","status":"passed","time":{"start":1759197529917,"stop":1759197577116,"duration":47199}},{"uid":"35c41d5c0c2621ed","reportUrl":"../3287//#testresult/35c41d5c0c2621ed","status":"passed","time":{"start":1759110805656,"stop":1759110830349,"duration":24693}},{"uid":"a3740f9e9d7c5194","reportUrl":"../3286//#testresult/a3740f9e9d7c5194","status":"passed","time":{"start":1759026474362,"stop":1759026525851,"duration":51489}},{"uid":"d4080bff3c5d5906","reportUrl":"../3285//#testresult/d4080bff3c5d5906","status":"passed","time":{"start":1758937631012,"stop":1758937667815,"duration":36803}},{"uid":"107839970b582fde","reportUrl":"../3283//#testresult/107839970b582fde","status":"passed","time":{"start":1758854235249,"stop":1758854263769,"duration":28520}},{"uid":"fb691366605974f8","reportUrl":"../3277//#testresult/fb691366605974f8","status":"passed","time":{"start":1758765671489,"stop":1758765714202,"duration":42713}},{"uid":"be04deccace70b5c","reportUrl":"../3271//#testresult/be04deccace70b5c","status":"passed","time":{"start":1758680710041,"stop":1758680758849,"duration":48808}},{"uid":"d46ab5b5cb164c1f","reportUrl":"../3262//#testresult/d46ab5b5cb164c1f","status":"passed","time":{"start":1758596409343,"stop":1758596438001,"duration":28658}},{"uid":"3004e44956a84b7c","reportUrl":"../3255//#testresult/3004e44956a84b7c","status":"passed","time":{"start":1758507014167,"stop":1758507045922,"duration":31755}},{"uid":"f1a40a7a465d9846","reportUrl":"../3254//#testresult/f1a40a7a465d9846","status":"passed","time":{"start":1758420073516,"stop":1758420110314,"duration":36798}},{"uid":"84ddc06766c45069","reportUrl":"../3253//#testresult/84ddc06766c45069","status":"passed","time":{"start":1758333649097,"stop":1758333676756,"duration":27659}},{"uid":"a99ee37d1596b796","reportUrl":"../3252//#testresult/a99ee37d1596b796","status":"skipped","statusDetails":"XFAIL reason: aborted\n\n_pytest.outcomes.XFailed: aborted","time":{"start":1758250996402,"stop":1758250996402,"duration":0}},{"uid":"f99b2a5d2ecba6d0","reportUrl":"../3250//#testresult/f99b2a5d2ecba6d0","status":"passed","time":{"start":1758162415194,"stop":1758162437953,"duration":22759}},{"uid":"a342f19b43c64d0","reportUrl":"../3244//#testresult/a342f19b43c64d0","status":"passed","time":{"start":1758073492989,"stop":1758073547865,"duration":54876}},{"uid":"3c74cae44e2ce2e5","reportUrl":"../3240//#testresult/3c74cae44e2ce2e5","status":"skipped","statusDetails":"XFAIL reason: aborted\n\n_pytest.outcomes.XFailed: aborted","time":{"start":1757988256214,"stop":1757988256214,"duration":0}},{"uid":"d03e417fb8aa43b0","reportUrl":"../3239//#testresult/d03e417fb8aa43b0","status":"skipped","statusDetails":"XFAIL reason: aborted\n\n_pytest.outcomes.XFailed: aborted","time":{"start":1757901607633,"stop":1757901607633,"duration":0}},{"uid":"b8d30752bc6c138b","reportUrl":"../3238//#testresult/b8d30752bc6c138b","status":"passed","time":{"start":1757815600811,"stop":1757815621075,"duration":20264}}]},"tags":["abort_on_fail","@pytest.mark.skipif(False, reason='Requires juju 3+')"]},"source":"6b50958f817d1013.json","parameterValues":[]}