{"uid":"479f652217e27778","name":"test_log_rotation","fullName":"tests.integration.integration.high_availability.test_replication_logs_rotation#test_log_rotation","historyId":"6994229431ad534df2aabaff1402dd70","time":{"start":1769391940750,"stop":1769391987371,"duration":46621},"description":"Test the log rotation of text files.","descriptionHtml":"<p>Test the log rotation of text files.</p>\n","status":"broken","statusMessage":"jubilant_backports._task.TaskError: task error: Task 2: status 'completed', return code 1","statusTrace":"Traceback (most recent call last):\n  File \"/root/spread_project/.tox/integration/lib/python3.12/site-packages/_pytest/runner.py\", line 341, in from_call\n    result: Optional[TResult] = func()\n                                ^^^^^^\n  File \"/root/spread_project/.tox/integration/lib/python3.12/site-packages/_pytest/runner.py\", line 262, in <lambda>\n    lambda: ihook(item=item, **kwds), when=when, reraise=reraise\n            ^^^^^^^^^^^^^^^^^^^^^^^^\n  File \"/root/spread_project/.tox/integration/lib/python3.12/site-packages/pluggy/_hooks.py\", line 513, in __call__\n    return self._hookexec(self.name, self._hookimpls.copy(), kwargs, firstresult)\n           ^^^^^^^^^^^^^^^^^^^^^^^^^^^^^^^^^^^^^^^^^^^^^^^^^^^^^^^^^^^^^^^^^^^^^^\n  File \"/root/spread_project/.tox/integration/lib/python3.12/site-packages/pluggy/_manager.py\", line 120, in _hookexec\n    return self._inner_hookexec(hook_name, methods, kwargs, firstresult)\n           ^^^^^^^^^^^^^^^^^^^^^^^^^^^^^^^^^^^^^^^^^^^^^^^^^^^^^^^^^^^^^\n  File \"/root/spread_project/.tox/integration/lib/python3.12/site-packages/pluggy/_callers.py\", line 182, in _multicall\n    return outcome.get_result()\n           ^^^^^^^^^^^^^^^^^^^^\n  File \"/root/spread_project/.tox/integration/lib/python3.12/site-packages/pluggy/_result.py\", line 100, in get_result\n    raise exc.with_traceback(exc.__traceback__)\n  File \"/root/spread_project/.tox/integration/lib/python3.12/site-packages/pluggy/_callers.py\", line 103, in _multicall\n    res = hook_impl.function(*args)\n          ^^^^^^^^^^^^^^^^^^^^^^^^^\n  File \"/root/spread_project/.tox/integration/lib/python3.12/site-packages/_pytest/runner.py\", line 177, in pytest_runtest_call\n    raise e\n  File \"/root/spread_project/.tox/integration/lib/python3.12/site-packages/_pytest/runner.py\", line 169, in pytest_runtest_call\n    item.runtest()\n  File \"/root/spread_project/.tox/integration/lib/python3.12/site-packages/_pytest/python.py\", line 1792, in runtest\n    self.ihook.pytest_pyfunc_call(pyfuncitem=self)\n  File \"/root/spread_project/.tox/integration/lib/python3.12/site-packages/pluggy/_hooks.py\", line 513, in __call__\n    return self._hookexec(self.name, self._hookimpls.copy(), kwargs, firstresult)\n           ^^^^^^^^^^^^^^^^^^^^^^^^^^^^^^^^^^^^^^^^^^^^^^^^^^^^^^^^^^^^^^^^^^^^^^\n  File \"/root/spread_project/.tox/integration/lib/python3.12/site-packages/pluggy/_manager.py\", line 120, in _hookexec\n    return self._inner_hookexec(hook_name, methods, kwargs, firstresult)\n           ^^^^^^^^^^^^^^^^^^^^^^^^^^^^^^^^^^^^^^^^^^^^^^^^^^^^^^^^^^^^^\n  File \"/root/spread_project/.tox/integration/lib/python3.12/site-packages/pluggy/_callers.py\", line 182, in _multicall\n    return outcome.get_result()\n           ^^^^^^^^^^^^^^^^^^^^\n  File \"/root/spread_project/.tox/integration/lib/python3.12/site-packages/pluggy/_result.py\", line 100, in get_result\n    raise exc.with_traceback(exc.__traceback__)\n  File \"/root/spread_project/.tox/integration/lib/python3.12/site-packages/pluggy/_callers.py\", line 103, in _multicall\n    res = hook_impl.function(*args)\n          ^^^^^^^^^^^^^^^^^^^^^^^^^\n  File \"/root/spread_project/.tox/integration/lib/python3.12/site-packages/_pytest/python.py\", line 194, in pytest_pyfunc_call\n    result = testfunction(**testargs)\n             ^^^^^^^^^^^^^^^^^^^^^^^^\n  File \"/root/spread_project/tests/integration/integration/high_availability/test_replication_logs_rotation.py\", line 89, in test_log_rotation\n    stop_log_rotate_dispatcher(juju, mysql_app_leader)\n  File \"/root/spread_project/tests/integration/integration/high_availability/test_replication_logs_rotation.py\", line 253, in stop_log_rotate_dispatcher\n    juju.exec(\n  File \"/root/spread_project/.tox/integration/lib/python3.12/site-packages/jubilant_backports/_juju.py\", line 650, in exec\n    task.raise_on_failure()\n  File \"/root/spread_project/.tox/integration/lib/python3.12/site-packages/jubilant_backports/_task.py\", line 120, in raise_on_failure\n    raise TaskError(self)\njubilant_backports._task.TaskError: task error: Task 2: status 'completed', return code 1","flaky":false,"newFailed":false,"newBroken":true,"newPassed":false,"retriesCount":1,"retriesStatusChange":true,"beforeStages":[{"name":"juju","time":{"start":1769391910808,"stop":1769391911110,"duration":302},"status":"passed","steps":[],"attachments":[],"parameters":[],"shouldDisplayMessage":false,"stepsCount":0,"attachmentsCount":0,"hasContent":false,"attachmentStep":false},{"name":"abort_on_fail","time":{"start":1769391940749,"stop":1769391940749,"duration":0},"status":"passed","steps":[],"attachments":[],"parameters":[],"shouldDisplayMessage":false,"stepsCount":0,"attachmentsCount":0,"hasContent":false,"attachmentStep":false}],"testStage":{"description":"Test the log rotation of text files.","status":"broken","statusMessage":"jubilant_backports._task.TaskError: task error: Task 2: status 'completed', return code 1","statusTrace":"Traceback (most recent call last):\n  File \"/root/spread_project/.tox/integration/lib/python3.12/site-packages/_pytest/runner.py\", line 341, in from_call\n    result: Optional[TResult] = func()\n                                ^^^^^^\n  File \"/root/spread_project/.tox/integration/lib/python3.12/site-packages/_pytest/runner.py\", line 262, in <lambda>\n    lambda: ihook(item=item, **kwds), when=when, reraise=reraise\n            ^^^^^^^^^^^^^^^^^^^^^^^^\n  File \"/root/spread_project/.tox/integration/lib/python3.12/site-packages/pluggy/_hooks.py\", line 513, in __call__\n    return self._hookexec(self.name, self._hookimpls.copy(), kwargs, firstresult)\n           ^^^^^^^^^^^^^^^^^^^^^^^^^^^^^^^^^^^^^^^^^^^^^^^^^^^^^^^^^^^^^^^^^^^^^^\n  File \"/root/spread_project/.tox/integration/lib/python3.12/site-packages/pluggy/_manager.py\", line 120, in _hookexec\n    return self._inner_hookexec(hook_name, methods, kwargs, firstresult)\n           ^^^^^^^^^^^^^^^^^^^^^^^^^^^^^^^^^^^^^^^^^^^^^^^^^^^^^^^^^^^^^\n  File \"/root/spread_project/.tox/integration/lib/python3.12/site-packages/pluggy/_callers.py\", line 182, in _multicall\n    return outcome.get_result()\n           ^^^^^^^^^^^^^^^^^^^^\n  File \"/root/spread_project/.tox/integration/lib/python3.12/site-packages/pluggy/_result.py\", line 100, in get_result\n    raise exc.with_traceback(exc.__traceback__)\n  File \"/root/spread_project/.tox/integration/lib/python3.12/site-packages/pluggy/_callers.py\", line 103, in _multicall\n    res = hook_impl.function(*args)\n          ^^^^^^^^^^^^^^^^^^^^^^^^^\n  File \"/root/spread_project/.tox/integration/lib/python3.12/site-packages/_pytest/runner.py\", line 177, in pytest_runtest_call\n    raise e\n  File \"/root/spread_project/.tox/integration/lib/python3.12/site-packages/_pytest/runner.py\", line 169, in pytest_runtest_call\n    item.runtest()\n  File \"/root/spread_project/.tox/integration/lib/python3.12/site-packages/_pytest/python.py\", line 1792, in runtest\n    self.ihook.pytest_pyfunc_call(pyfuncitem=self)\n  File \"/root/spread_project/.tox/integration/lib/python3.12/site-packages/pluggy/_hooks.py\", line 513, in __call__\n    return self._hookexec(self.name, self._hookimpls.copy(), kwargs, firstresult)\n           ^^^^^^^^^^^^^^^^^^^^^^^^^^^^^^^^^^^^^^^^^^^^^^^^^^^^^^^^^^^^^^^^^^^^^^\n  File \"/root/spread_project/.tox/integration/lib/python3.12/site-packages/pluggy/_manager.py\", line 120, in _hookexec\n    return self._inner_hookexec(hook_name, methods, kwargs, firstresult)\n           ^^^^^^^^^^^^^^^^^^^^^^^^^^^^^^^^^^^^^^^^^^^^^^^^^^^^^^^^^^^^^\n  File \"/root/spread_project/.tox/integration/lib/python3.12/site-packages/pluggy/_callers.py\", line 182, in _multicall\n    return outcome.get_result()\n           ^^^^^^^^^^^^^^^^^^^^\n  File \"/root/spread_project/.tox/integration/lib/python3.12/site-packages/pluggy/_result.py\", line 100, in get_result\n    raise exc.with_traceback(exc.__traceback__)\n  File \"/root/spread_project/.tox/integration/lib/python3.12/site-packages/pluggy/_callers.py\", line 103, in _multicall\n    res = hook_impl.function(*args)\n          ^^^^^^^^^^^^^^^^^^^^^^^^^\n  File \"/root/spread_project/.tox/integration/lib/python3.12/site-packages/_pytest/python.py\", line 194, in pytest_pyfunc_call\n    result = testfunction(**testargs)\n             ^^^^^^^^^^^^^^^^^^^^^^^^\n  File \"/root/spread_project/tests/integration/integration/high_availability/test_replication_logs_rotation.py\", line 89, in test_log_rotation\n    stop_log_rotate_dispatcher(juju, mysql_app_leader)\n  File \"/root/spread_project/tests/integration/integration/high_availability/test_replication_logs_rotation.py\", line 253, in stop_log_rotate_dispatcher\n    juju.exec(\n  File \"/root/spread_project/.tox/integration/lib/python3.12/site-packages/jubilant_backports/_juju.py\", line 650, in exec\n    task.raise_on_failure()\n  File \"/root/spread_project/.tox/integration/lib/python3.12/site-packages/jubilant_backports/_task.py\", line 120, in raise_on_failure\n    raise TaskError(self)\njubilant_backports._task.TaskError: task error: Task 2: status 'completed', return code 1","steps":[],"attachments":[{"uid":"8f28088526d7ac84","name":"log","source":"8f28088526d7ac84.txt","type":"text/plain","size":535}],"parameters":[],"shouldDisplayMessage":true,"stepsCount":0,"attachmentsCount":1,"hasContent":true,"attachmentStep":false},"afterStages":[{"name":"abort_on_fail::0","time":{"start":1769391987376,"stop":1769391987376,"duration":0},"status":"passed","steps":[],"attachments":[],"parameters":[],"shouldDisplayMessage":false,"stepsCount":0,"attachmentsCount":0,"hasContent":false,"attachmentStep":false},{"name":"juju::0","time":{"start":1769391987377,"stop":1769391987847,"duration":470},"status":"passed","steps":[],"attachments":[],"parameters":[],"shouldDisplayMessage":false,"stepsCount":0,"attachmentsCount":0,"hasContent":false,"attachmentStep":false}],"labels":[{"name":"tag","value":"abort_on_fail"},{"name":"parentSuite","value":"tests.integration.integration.high_availability"},{"name":"suite","value":"test_replication_logs_rotation"},{"name":"host","value":"runnervmymu0l"},{"name":"thread","value":"18300-MainThread"},{"name":"framework","value":"pytest"},{"name":"language","value":"cpython3"},{"name":"package","value":"tests.integration.integration.high_availability.test_replication_logs_rotation"},{"name":"resultFormat","value":"allure2"}],"parameters":[],"links":[],"hidden":false,"retry":false,"extra":{"severity":"normal","retries":[{"uid":"1e43d4ca2fd08eb0","status":"unknown","time":{}}],"categories":[{"name":"Test defects","matchedStatuses":[]}],"history":{"statistic":{"failed":0,"broken":3,"skipped":0,"passed":43,"unknown":0,"total":46},"items":[{"uid":"1b3e0614629ef605","reportUrl":"../74//#testresult/1b3e0614629ef605","status":"passed","time":{"start":1769307505475,"stop":1769307511108,"duration":5633}},{"uid":"de757ac62f48cc6a","reportUrl":"../73//#testresult/de757ac62f48cc6a","status":"passed","time":{"start":1769221205334,"stop":1769221210842,"duration":5508}},{"uid":"c65fedadb8aef1dc","reportUrl":"../71//#testresult/c65fedadb8aef1dc","status":"passed","time":{"start":1769047267864,"stop":1769047273380,"duration":5516}},{"uid":"1b0f58f1e123e8ff","reportUrl":"../70//#testresult/1b0f58f1e123e8ff","status":"passed","time":{"start":1768961500375,"stop":1768961505790,"duration":5415}},{"uid":"d81dd66a8c1dab10","reportUrl":"../69//#testresult/d81dd66a8c1dab10","status":"passed","time":{"start":1768874348426,"stop":1768874353539,"duration":5113}},{"uid":"90a02d4bd7e80381","reportUrl":"../68//#testresult/90a02d4bd7e80381","status":"passed","time":{"start":1768786845516,"stop":1768786850878,"duration":5362}},{"uid":"63d3a47f2be76b1f","reportUrl":"../67//#testresult/63d3a47f2be76b1f","status":"passed","time":{"start":1768700673810,"stop":1768700678973,"duration":5163}},{"uid":"e5d510b496b4750e","reportUrl":"../65//#testresult/e5d510b496b4750e","status":"passed","time":{"start":1768527909073,"stop":1768527913859,"duration":4786}},{"uid":"9894d016bef46f74","reportUrl":"../64//#testresult/9894d016bef46f74","status":"passed","time":{"start":1768443653898,"stop":1768443659020,"duration":5122}},{"uid":"2900cb75e51a8817","reportUrl":"../63//#testresult/2900cb75e51a8817","status":"passed","time":{"start":1768356696399,"stop":1768356701188,"duration":4789}},{"uid":"2ce1e90b1c136162","reportUrl":"../61//#testresult/2ce1e90b1c136162","status":"passed","time":{"start":1768182615346,"stop":1768182620604,"duration":5258}},{"uid":"5957c15da1dfc535","reportUrl":"../60//#testresult/5957c15da1dfc535","status":"passed","time":{"start":1768095930957,"stop":1768095936139,"duration":5182}},{"uid":"e9b91dd5d9ba47ae","reportUrl":"../59//#testresult/e9b91dd5d9ba47ae","status":"passed","time":{"start":1768010613188,"stop":1768010617611,"duration":4423}},{"uid":"3fa62dcc821b5923","reportUrl":"../58//#testresult/3fa62dcc821b5923","status":"passed","time":{"start":1767923711593,"stop":1767923716741,"duration":5148}},{"uid":"b1d5613a741259ed","reportUrl":"../56//#testresult/b1d5613a741259ed","status":"broken","statusDetails":"jubilant_backports._task.TaskError: task error: Task 2: status 'completed', return code 1","time":{"start":1767750942264,"stop":1767750973479,"duration":31215}},{"uid":"9a5f1812f477f3a9","reportUrl":"../55//#testresult/9a5f1812f477f3a9","status":"passed","time":{"start":1767663790912,"stop":1767663796245,"duration":5333}},{"uid":"e927d0caf21360a9","reportUrl":"../54//#testresult/e927d0caf21360a9","status":"passed","time":{"start":1767578393234,"stop":1767578398268,"duration":5034}},{"uid":"65b3f7a402e840f1","reportUrl":"../53//#testresult/65b3f7a402e840f1","status":"passed","time":{"start":1767492162754,"stop":1767492167722,"duration":4968}},{"uid":"cf06d584ebce021b","reportUrl":"../52//#testresult/cf06d584ebce021b","status":"passed","time":{"start":1767404718180,"stop":1767404723219,"duration":5039}},{"uid":"9c236d8e4c5bbd05","reportUrl":"../51//#testresult/9c236d8e4c5bbd05","status":"passed","time":{"start":1767318439816,"stop":1767318444826,"duration":5010}}]},"tags":["abort_on_fail"]},"source":"479f652217e27778.json","parameterValues":[]}