{"uid":"a20b2871c3fbcf86","name":"test_cluster_failover_after_majority_loss","fullName":"tests.integration.integration.high_availability.test_primary_switchover#test_cluster_failover_after_majority_loss","historyId":"d5f0ac37b017e0503da9aa6d9054b576","time":{"start":1769392107812,"stop":1769392217183,"duration":109371},"description":"Test the promote-to-primary command after losing the majority of nodes, with force flag.","descriptionHtml":"<p>Test the promote-to-primary command after losing the majority of nodes, with force flag.</p>\n","status":"broken","statusMessage":"jubilant_backports._task.TaskError: task error: Task 10: status 'failed', return code 0, details:\nMessage: Failed to force quorum from instance. See logs for more information.","statusTrace":"Traceback (most recent call last):\n  File \"/root/spread_project/.tox/integration/lib/python3.12/site-packages/_pytest/runner.py\", line 341, in from_call\n    result: Optional[TResult] = func()\n                                ^^^^^^\n  File \"/root/spread_project/.tox/integration/lib/python3.12/site-packages/_pytest/runner.py\", line 262, in <lambda>\n    lambda: ihook(item=item, **kwds), when=when, reraise=reraise\n            ^^^^^^^^^^^^^^^^^^^^^^^^\n  File \"/root/spread_project/.tox/integration/lib/python3.12/site-packages/pluggy/_hooks.py\", line 513, in __call__\n    return self._hookexec(self.name, self._hookimpls.copy(), kwargs, firstresult)\n           ^^^^^^^^^^^^^^^^^^^^^^^^^^^^^^^^^^^^^^^^^^^^^^^^^^^^^^^^^^^^^^^^^^^^^^\n  File \"/root/spread_project/.tox/integration/lib/python3.12/site-packages/pluggy/_manager.py\", line 120, in _hookexec\n    return self._inner_hookexec(hook_name, methods, kwargs, firstresult)\n           ^^^^^^^^^^^^^^^^^^^^^^^^^^^^^^^^^^^^^^^^^^^^^^^^^^^^^^^^^^^^^\n  File \"/root/spread_project/.tox/integration/lib/python3.12/site-packages/pluggy/_callers.py\", line 182, in _multicall\n    return outcome.get_result()\n           ^^^^^^^^^^^^^^^^^^^^\n  File \"/root/spread_project/.tox/integration/lib/python3.12/site-packages/pluggy/_result.py\", line 100, in get_result\n    raise exc.with_traceback(exc.__traceback__)\n  File \"/root/spread_project/.tox/integration/lib/python3.12/site-packages/pluggy/_callers.py\", line 103, in _multicall\n    res = hook_impl.function(*args)\n          ^^^^^^^^^^^^^^^^^^^^^^^^^\n  File \"/root/spread_project/.tox/integration/lib/python3.12/site-packages/_pytest/runner.py\", line 177, in pytest_runtest_call\n    raise e\n  File \"/root/spread_project/.tox/integration/lib/python3.12/site-packages/_pytest/runner.py\", line 169, in pytest_runtest_call\n    item.runtest()\n  File \"/root/spread_project/.tox/integration/lib/python3.12/site-packages/_pytest/python.py\", line 1792, in runtest\n    self.ihook.pytest_pyfunc_call(pyfuncitem=self)\n  File \"/root/spread_project/.tox/integration/lib/python3.12/site-packages/pluggy/_hooks.py\", line 513, in __call__\n    return self._hookexec(self.name, self._hookimpls.copy(), kwargs, firstresult)\n           ^^^^^^^^^^^^^^^^^^^^^^^^^^^^^^^^^^^^^^^^^^^^^^^^^^^^^^^^^^^^^^^^^^^^^^\n  File \"/root/spread_project/.tox/integration/lib/python3.12/site-packages/pluggy/_manager.py\", line 120, in _hookexec\n    return self._inner_hookexec(hook_name, methods, kwargs, firstresult)\n           ^^^^^^^^^^^^^^^^^^^^^^^^^^^^^^^^^^^^^^^^^^^^^^^^^^^^^^^^^^^^^\n  File \"/root/spread_project/.tox/integration/lib/python3.12/site-packages/pluggy/_callers.py\", line 182, in _multicall\n    return outcome.get_result()\n           ^^^^^^^^^^^^^^^^^^^^\n  File \"/root/spread_project/.tox/integration/lib/python3.12/site-packages/pluggy/_result.py\", line 100, in get_result\n    raise exc.with_traceback(exc.__traceback__)\n  File \"/root/spread_project/.tox/integration/lib/python3.12/site-packages/pluggy/_callers.py\", line 103, in _multicall\n    res = hook_impl.function(*args)\n          ^^^^^^^^^^^^^^^^^^^^^^^^^\n  File \"/root/spread_project/.tox/integration/lib/python3.12/site-packages/_pytest/python.py\", line 194, in pytest_pyfunc_call\n    result = testfunction(**testargs)\n             ^^^^^^^^^^^^^^^^^^^^^^^^\n  File \"/root/spread_project/tests/integration/integration/high_availability/test_primary_switchover.py\", line 129, in test_cluster_failover_after_majority_loss\n    juju.run(\n  File \"/root/spread_project/.tox/integration/lib/python3.12/site-packages/jubilant_backports/_juju.py\", line 1026, in run\n    task.raise_on_failure()\n  File \"/root/spread_project/.tox/integration/lib/python3.12/site-packages/jubilant_backports/_task.py\", line 120, in raise_on_failure\n    raise TaskError(self)\njubilant_backports._task.TaskError: task error: Task 10: status 'failed', return code 0, details:\nMessage: Failed to force quorum from instance. See logs for more information.","flaky":false,"newFailed":false,"newBroken":true,"newPassed":false,"retriesCount":1,"retriesStatusChange":true,"beforeStages":[{"name":"juju","time":{"start":1769391939575,"stop":1769391939872,"duration":297},"status":"passed","steps":[],"attachments":[],"parameters":[],"shouldDisplayMessage":false,"stepsCount":0,"attachmentsCount":0,"hasContent":false,"attachmentStep":false},{"name":"abort_on_fail","time":{"start":1769392107812,"stop":1769392107812,"duration":0},"status":"passed","steps":[],"attachments":[],"parameters":[],"shouldDisplayMessage":false,"stepsCount":0,"attachmentsCount":0,"hasContent":false,"attachmentStep":false}],"testStage":{"description":"Test the promote-to-primary command after losing the majority of nodes, with force flag.","status":"broken","statusMessage":"jubilant_backports._task.TaskError: task error: Task 10: status 'failed', return code 0, details:\nMessage: Failed to force quorum from instance. See logs for more information.","statusTrace":"Traceback (most recent call last):\n  File \"/root/spread_project/.tox/integration/lib/python3.12/site-packages/_pytest/runner.py\", line 341, in from_call\n    result: Optional[TResult] = func()\n                                ^^^^^^\n  File \"/root/spread_project/.tox/integration/lib/python3.12/site-packages/_pytest/runner.py\", line 262, in <lambda>\n    lambda: ihook(item=item, **kwds), when=when, reraise=reraise\n            ^^^^^^^^^^^^^^^^^^^^^^^^\n  File \"/root/spread_project/.tox/integration/lib/python3.12/site-packages/pluggy/_hooks.py\", line 513, in __call__\n    return self._hookexec(self.name, self._hookimpls.copy(), kwargs, firstresult)\n           ^^^^^^^^^^^^^^^^^^^^^^^^^^^^^^^^^^^^^^^^^^^^^^^^^^^^^^^^^^^^^^^^^^^^^^\n  File \"/root/spread_project/.tox/integration/lib/python3.12/site-packages/pluggy/_manager.py\", line 120, in _hookexec\n    return self._inner_hookexec(hook_name, methods, kwargs, firstresult)\n           ^^^^^^^^^^^^^^^^^^^^^^^^^^^^^^^^^^^^^^^^^^^^^^^^^^^^^^^^^^^^^\n  File \"/root/spread_project/.tox/integration/lib/python3.12/site-packages/pluggy/_callers.py\", line 182, in _multicall\n    return outcome.get_result()\n           ^^^^^^^^^^^^^^^^^^^^\n  File \"/root/spread_project/.tox/integration/lib/python3.12/site-packages/pluggy/_result.py\", line 100, in get_result\n    raise exc.with_traceback(exc.__traceback__)\n  File \"/root/spread_project/.tox/integration/lib/python3.12/site-packages/pluggy/_callers.py\", line 103, in _multicall\n    res = hook_impl.function(*args)\n          ^^^^^^^^^^^^^^^^^^^^^^^^^\n  File \"/root/spread_project/.tox/integration/lib/python3.12/site-packages/_pytest/runner.py\", line 177, in pytest_runtest_call\n    raise e\n  File \"/root/spread_project/.tox/integration/lib/python3.12/site-packages/_pytest/runner.py\", line 169, in pytest_runtest_call\n    item.runtest()\n  File \"/root/spread_project/.tox/integration/lib/python3.12/site-packages/_pytest/python.py\", line 1792, in runtest\n    self.ihook.pytest_pyfunc_call(pyfuncitem=self)\n  File \"/root/spread_project/.tox/integration/lib/python3.12/site-packages/pluggy/_hooks.py\", line 513, in __call__\n    return self._hookexec(self.name, self._hookimpls.copy(), kwargs, firstresult)\n           ^^^^^^^^^^^^^^^^^^^^^^^^^^^^^^^^^^^^^^^^^^^^^^^^^^^^^^^^^^^^^^^^^^^^^^\n  File \"/root/spread_project/.tox/integration/lib/python3.12/site-packages/pluggy/_manager.py\", line 120, in _hookexec\n    return self._inner_hookexec(hook_name, methods, kwargs, firstresult)\n           ^^^^^^^^^^^^^^^^^^^^^^^^^^^^^^^^^^^^^^^^^^^^^^^^^^^^^^^^^^^^^\n  File \"/root/spread_project/.tox/integration/lib/python3.12/site-packages/pluggy/_callers.py\", line 182, in _multicall\n    return outcome.get_result()\n           ^^^^^^^^^^^^^^^^^^^^\n  File \"/root/spread_project/.tox/integration/lib/python3.12/site-packages/pluggy/_result.py\", line 100, in get_result\n    raise exc.with_traceback(exc.__traceback__)\n  File \"/root/spread_project/.tox/integration/lib/python3.12/site-packages/pluggy/_callers.py\", line 103, in _multicall\n    res = hook_impl.function(*args)\n          ^^^^^^^^^^^^^^^^^^^^^^^^^\n  File \"/root/spread_project/.tox/integration/lib/python3.12/site-packages/_pytest/python.py\", line 194, in pytest_pyfunc_call\n    result = testfunction(**testargs)\n             ^^^^^^^^^^^^^^^^^^^^^^^^\n  File \"/root/spread_project/tests/integration/integration/high_availability/test_primary_switchover.py\", line 129, in test_cluster_failover_after_majority_loss\n    juju.run(\n  File \"/root/spread_project/.tox/integration/lib/python3.12/site-packages/jubilant_backports/_juju.py\", line 1026, in run\n    task.raise_on_failure()\n  File \"/root/spread_project/.tox/integration/lib/python3.12/site-packages/jubilant_backports/_task.py\", line 120, in raise_on_failure\n    raise TaskError(self)\njubilant_backports._task.TaskError: task error: Task 10: status 'failed', return code 0, details:\nMessage: Failed to force quorum from instance. See logs for more information.","steps":[],"attachments":[{"uid":"531593ab50e643f4","name":"log","source":"531593ab50e643f4.txt","type":"text/plain","size":1465}],"parameters":[],"shouldDisplayMessage":true,"stepsCount":0,"attachmentsCount":1,"hasContent":true,"attachmentStep":false},"afterStages":[{"name":"abort_on_fail::0","time":{"start":1769392217189,"stop":1769392217189,"duration":0},"status":"passed","steps":[],"attachments":[],"parameters":[],"shouldDisplayMessage":false,"stepsCount":0,"attachmentsCount":0,"hasContent":false,"attachmentStep":false},{"name":"juju::0","time":{"start":1769392217190,"stop":1769392217555,"duration":365},"status":"passed","steps":[],"attachments":[],"parameters":[],"shouldDisplayMessage":false,"stepsCount":0,"attachmentsCount":0,"hasContent":false,"attachmentStep":false}],"labels":[{"name":"tag","value":"abort_on_fail"},{"name":"parentSuite","value":"tests.integration.integration.high_availability"},{"name":"suite","value":"test_primary_switchover"},{"name":"host","value":"runnervmymu0l"},{"name":"thread","value":"18656-MainThread"},{"name":"framework","value":"pytest"},{"name":"language","value":"cpython3"},{"name":"package","value":"tests.integration.integration.high_availability.test_primary_switchover"},{"name":"resultFormat","value":"allure2"}],"parameters":[],"links":[],"hidden":false,"retry":false,"extra":{"severity":"normal","retries":[{"uid":"d0190ab43abd74ef","status":"unknown","time":{}}],"categories":[{"name":"Test defects","matchedStatuses":[]}],"history":{"statistic":{"failed":0,"broken":9,"skipped":0,"passed":37,"unknown":0,"total":46},"items":[{"uid":"65ef287b8f186a2","reportUrl":"../74//#testresult/65ef287b8f186a2","status":"passed","time":{"start":1769307557054,"stop":1769307811810,"duration":254756}},{"uid":"b91c09f1947010e0","reportUrl":"../73//#testresult/b91c09f1947010e0","status":"broken","statusDetails":"jubilant_backports._task.TaskError: task error: Task 10: status 'failed', return code 0, details:\nMessage: Failed to force quorum from instance. See logs for more information.","time":{"start":1769221236535,"stop":1769221343349,"duration":106814}},{"uid":"14b44b35cc07ac65","reportUrl":"../71//#testresult/14b44b35cc07ac65","status":"passed","time":{"start":1769047234963,"stop":1769047531673,"duration":296710}},{"uid":"854253a5414988f7","reportUrl":"../70//#testresult/854253a5414988f7","status":"passed","time":{"start":1768961532808,"stop":1768961819297,"duration":286489}},{"uid":"93a56c26ef2cb7d9","reportUrl":"../69//#testresult/93a56c26ef2cb7d9","status":"passed","time":{"start":1768874389608,"stop":1768874654072,"duration":264464}},{"uid":"2cbd45ed78755f08","reportUrl":"../68//#testresult/2cbd45ed78755f08","status":"passed","time":{"start":1768787132467,"stop":1768787398405,"duration":265938}},{"uid":"8ee49505c13f2252","reportUrl":"../67//#testresult/8ee49505c13f2252","status":"passed","time":{"start":1768700748159,"stop":1768700984664,"duration":236505}},{"uid":"5e6f454704f33e54","reportUrl":"../65//#testresult/5e6f454704f33e54","status":"passed","time":{"start":1768528159707,"stop":1768528409960,"duration":250253}},{"uid":"b7b32112b623b575","reportUrl":"../64//#testresult/b7b32112b623b575","status":"broken","statusDetails":"jubilant_backports._task.TaskError: task error: Task 10: status 'failed', return code 0, details:\nResults: {'message': 'Unit is already primary', 'success': 'True'}\nMessage: Failed to force quorum from instance. See logs for more information.","time":{"start":1768443753233,"stop":1768443877922,"duration":124689}},{"uid":"70498ae027b572c4","reportUrl":"../63//#testresult/70498ae027b572c4","status":"passed","time":{"start":1768356772484,"stop":1768357058962,"duration":286478}},{"uid":"229457bb0b7ed19c","reportUrl":"../61//#testresult/229457bb0b7ed19c","status":"passed","time":{"start":1768182585317,"stop":1768182870401,"duration":285084}},{"uid":"9e6102ab466972e6","reportUrl":"../60//#testresult/9e6102ab466972e6","status":"passed","time":{"start":1768096211542,"stop":1768096492694,"duration":281152}},{"uid":"338702b5500c7bb6","reportUrl":"../59//#testresult/338702b5500c7bb6","status":"passed","time":{"start":1768010683276,"stop":1768010997215,"duration":313939}},{"uid":"d67332a559362e31","reportUrl":"../58//#testresult/d67332a559362e31","status":"passed","time":{"start":1767923851096,"stop":1767924105095,"duration":253999}},{"uid":"f7a185e74c7adfe0","reportUrl":"../56//#testresult/f7a185e74c7adfe0","status":"passed","time":{"start":1767751123812,"stop":1767751456991,"duration":333179}},{"uid":"d12af6cf67040c1e","reportUrl":"../55//#testresult/d12af6cf67040c1e","status":"passed","time":{"start":1767663842225,"stop":1767664097294,"duration":255069}},{"uid":"3f58ed2a0eb5cdd5","reportUrl":"../54//#testresult/3f58ed2a0eb5cdd5","status":"passed","time":{"start":1767578504993,"stop":1767578809133,"duration":304140}},{"uid":"edae96e1868a4c0d","reportUrl":"../53//#testresult/edae96e1868a4c0d","status":"passed","time":{"start":1767492219885,"stop":1767492441335,"duration":221450}},{"uid":"74b24e8e51c61206","reportUrl":"../52//#testresult/74b24e8e51c61206","status":"broken","statusDetails":"jubilant_backports._task.TaskError: task error: Task 10: status 'failed', return code 0, details:\nResults: {'message': 'Unit is already primary', 'success': 'True'}\nMessage: Failed to force quorum from instance. See logs for more information.","time":{"start":1767404745824,"stop":1767404849336,"duration":103512}},{"uid":"90d9e397fc750c34","reportUrl":"../51//#testresult/90d9e397fc750c34","status":"passed","time":{"start":1767318457527,"stop":1767318712901,"duration":255374}}]},"tags":["abort_on_fail"]},"source":"a20b2871c3fbcf86.json","parameterValues":[]}