{"uid":"a977d594b172a9e4","name":"test_build_and_deploy","fullName":"tests.integration.integration.high_availability.test_upgrade_rollback_incompat#test_build_and_deploy","historyId":"303cdb16ff00182eea76bb12cf362b3c","time":{"start":1769392052482,"stop":1769392122547,"duration":70065},"description":"Simple test to ensure that the MySQL and application charms get deployed.","descriptionHtml":"<p>Simple test to ensure that the MySQL and application charms get deployed.</p>\n","status":"broken","statusMessage":"jubilant_backports._juju.CLIError: Command '['juju', 'status', '--model', 'testing', '--format', 'json']' returned non-zero exit status 1.\nStdout:\n{}\n\nStderr:\nERROR connection is shut down","statusTrace":"Traceback (most recent call last):\n  File \"/root/spread_project/.tox/integration/lib/python3.12/site-packages/_pytest/runner.py\", line 341, in from_call\n    result: Optional[TResult] = func()\n                                ^^^^^^\n  File \"/root/spread_project/.tox/integration/lib/python3.12/site-packages/_pytest/runner.py\", line 262, in <lambda>\n    lambda: ihook(item=item, **kwds), when=when, reraise=reraise\n            ^^^^^^^^^^^^^^^^^^^^^^^^\n  File \"/root/spread_project/.tox/integration/lib/python3.12/site-packages/pluggy/_hooks.py\", line 513, in __call__\n    return self._hookexec(self.name, self._hookimpls.copy(), kwargs, firstresult)\n           ^^^^^^^^^^^^^^^^^^^^^^^^^^^^^^^^^^^^^^^^^^^^^^^^^^^^^^^^^^^^^^^^^^^^^^\n  File \"/root/spread_project/.tox/integration/lib/python3.12/site-packages/pluggy/_manager.py\", line 120, in _hookexec\n    return self._inner_hookexec(hook_name, methods, kwargs, firstresult)\n           ^^^^^^^^^^^^^^^^^^^^^^^^^^^^^^^^^^^^^^^^^^^^^^^^^^^^^^^^^^^^^\n  File \"/root/spread_project/.tox/integration/lib/python3.12/site-packages/pluggy/_callers.py\", line 182, in _multicall\n    return outcome.get_result()\n           ^^^^^^^^^^^^^^^^^^^^\n  File \"/root/spread_project/.tox/integration/lib/python3.12/site-packages/pluggy/_result.py\", line 100, in get_result\n    raise exc.with_traceback(exc.__traceback__)\n  File \"/root/spread_project/.tox/integration/lib/python3.12/site-packages/pluggy/_callers.py\", line 103, in _multicall\n    res = hook_impl.function(*args)\n          ^^^^^^^^^^^^^^^^^^^^^^^^^\n  File \"/root/spread_project/.tox/integration/lib/python3.12/site-packages/_pytest/runner.py\", line 177, in pytest_runtest_call\n    raise e\n  File \"/root/spread_project/.tox/integration/lib/python3.12/site-packages/_pytest/runner.py\", line 169, in pytest_runtest_call\n    item.runtest()\n  File \"/root/spread_project/.tox/integration/lib/python3.12/site-packages/_pytest/python.py\", line 1792, in runtest\n    self.ihook.pytest_pyfunc_call(pyfuncitem=self)\n  File \"/root/spread_project/.tox/integration/lib/python3.12/site-packages/pluggy/_hooks.py\", line 513, in __call__\n    return self._hookexec(self.name, self._hookimpls.copy(), kwargs, firstresult)\n           ^^^^^^^^^^^^^^^^^^^^^^^^^^^^^^^^^^^^^^^^^^^^^^^^^^^^^^^^^^^^^^^^^^^^^^\n  File \"/root/spread_project/.tox/integration/lib/python3.12/site-packages/pluggy/_manager.py\", line 120, in _hookexec\n    return self._inner_hookexec(hook_name, methods, kwargs, firstresult)\n           ^^^^^^^^^^^^^^^^^^^^^^^^^^^^^^^^^^^^^^^^^^^^^^^^^^^^^^^^^^^^^\n  File \"/root/spread_project/.tox/integration/lib/python3.12/site-packages/pluggy/_callers.py\", line 182, in _multicall\n    return outcome.get_result()\n           ^^^^^^^^^^^^^^^^^^^^\n  File \"/root/spread_project/.tox/integration/lib/python3.12/site-packages/pluggy/_result.py\", line 100, in get_result\n    raise exc.with_traceback(exc.__traceback__)\n  File \"/root/spread_project/.tox/integration/lib/python3.12/site-packages/pluggy/_callers.py\", line 103, in _multicall\n    res = hook_impl.function(*args)\n          ^^^^^^^^^^^^^^^^^^^^^^^^^\n  File \"/root/spread_project/.tox/integration/lib/python3.12/site-packages/_pytest/python.py\", line 194, in pytest_pyfunc_call\n    result = testfunction(**testargs)\n             ^^^^^^^^^^^^^^^^^^^^^^^^\n  File \"/root/spread_project/tests/integration/integration/high_availability/test_upgrade_rollback_incompat.py\", line 52, in test_build_and_deploy\n    juju.wait(\n  File \"/root/spread_project/.tox/integration/lib/python3.12/site-packages/jubilant_backports/_juju.py\", line 1356, in wait\n    stdout, _ = self._cli('status', '--format', 'json', log=False)\n                ^^^^^^^^^^^^^^^^^^^^^^^^^^^^^^^^^^^^^^^^^^^^^^^^^^\n  File \"/root/spread_project/.tox/integration/lib/python3.12/site-packages/jubilant_backports/_juju.py\", line 326, in _cli\n    raise CLIError(e.returncode, e.cmd, e.stdout, e.stderr) from None\njubilant_backports._juju.CLIError: Command '['juju', 'status', '--model', 'testing', '--format', 'json']' returned non-zero exit status 1.\nStdout:\n{}\n\nStderr:\nERROR connection is shut down","flaky":false,"newFailed":false,"newBroken":true,"newPassed":false,"retriesCount":1,"retriesStatusChange":true,"beforeStages":[{"name":"charm","time":{"start":1769392052188,"stop":1769392052188,"duration":0},"status":"passed","steps":[],"attachments":[],"parameters":[],"shouldDisplayMessage":false,"stepsCount":0,"attachmentsCount":0,"hasContent":false,"attachmentStep":false},{"name":"juju","time":{"start":1769392052188,"stop":1769392052481,"duration":293},"status":"passed","steps":[],"attachments":[],"parameters":[],"shouldDisplayMessage":false,"stepsCount":0,"attachmentsCount":0,"hasContent":false,"attachmentStep":false},{"name":"abort_on_fail","time":{"start":1769392052481,"stop":1769392052481,"duration":0},"status":"passed","steps":[],"attachments":[],"parameters":[],"shouldDisplayMessage":false,"stepsCount":0,"attachmentsCount":0,"hasContent":false,"attachmentStep":false}],"testStage":{"description":"Simple test to ensure that the MySQL and application charms get deployed.","status":"broken","statusMessage":"jubilant_backports._juju.CLIError: Command '['juju', 'status', '--model', 'testing', '--format', 'json']' returned non-zero exit status 1.\nStdout:\n{}\n\nStderr:\nERROR connection is shut down","statusTrace":"Traceback (most recent call last):\n  File \"/root/spread_project/.tox/integration/lib/python3.12/site-packages/_pytest/runner.py\", line 341, in from_call\n    result: Optional[TResult] = func()\n                                ^^^^^^\n  File \"/root/spread_project/.tox/integration/lib/python3.12/site-packages/_pytest/runner.py\", line 262, in <lambda>\n    lambda: ihook(item=item, **kwds), when=when, reraise=reraise\n            ^^^^^^^^^^^^^^^^^^^^^^^^\n  File \"/root/spread_project/.tox/integration/lib/python3.12/site-packages/pluggy/_hooks.py\", line 513, in __call__\n    return self._hookexec(self.name, self._hookimpls.copy(), kwargs, firstresult)\n           ^^^^^^^^^^^^^^^^^^^^^^^^^^^^^^^^^^^^^^^^^^^^^^^^^^^^^^^^^^^^^^^^^^^^^^\n  File \"/root/spread_project/.tox/integration/lib/python3.12/site-packages/pluggy/_manager.py\", line 120, in _hookexec\n    return self._inner_hookexec(hook_name, methods, kwargs, firstresult)\n           ^^^^^^^^^^^^^^^^^^^^^^^^^^^^^^^^^^^^^^^^^^^^^^^^^^^^^^^^^^^^^\n  File \"/root/spread_project/.tox/integration/lib/python3.12/site-packages/pluggy/_callers.py\", line 182, in _multicall\n    return outcome.get_result()\n           ^^^^^^^^^^^^^^^^^^^^\n  File \"/root/spread_project/.tox/integration/lib/python3.12/site-packages/pluggy/_result.py\", line 100, in get_result\n    raise exc.with_traceback(exc.__traceback__)\n  File \"/root/spread_project/.tox/integration/lib/python3.12/site-packages/pluggy/_callers.py\", line 103, in _multicall\n    res = hook_impl.function(*args)\n          ^^^^^^^^^^^^^^^^^^^^^^^^^\n  File \"/root/spread_project/.tox/integration/lib/python3.12/site-packages/_pytest/runner.py\", line 177, in pytest_runtest_call\n    raise e\n  File \"/root/spread_project/.tox/integration/lib/python3.12/site-packages/_pytest/runner.py\", line 169, in pytest_runtest_call\n    item.runtest()\n  File \"/root/spread_project/.tox/integration/lib/python3.12/site-packages/_pytest/python.py\", line 1792, in runtest\n    self.ihook.pytest_pyfunc_call(pyfuncitem=self)\n  File \"/root/spread_project/.tox/integration/lib/python3.12/site-packages/pluggy/_hooks.py\", line 513, in __call__\n    return self._hookexec(self.name, self._hookimpls.copy(), kwargs, firstresult)\n           ^^^^^^^^^^^^^^^^^^^^^^^^^^^^^^^^^^^^^^^^^^^^^^^^^^^^^^^^^^^^^^^^^^^^^^\n  File \"/root/spread_project/.tox/integration/lib/python3.12/site-packages/pluggy/_manager.py\", line 120, in _hookexec\n    return self._inner_hookexec(hook_name, methods, kwargs, firstresult)\n           ^^^^^^^^^^^^^^^^^^^^^^^^^^^^^^^^^^^^^^^^^^^^^^^^^^^^^^^^^^^^^\n  File \"/root/spread_project/.tox/integration/lib/python3.12/site-packages/pluggy/_callers.py\", line 182, in _multicall\n    return outcome.get_result()\n           ^^^^^^^^^^^^^^^^^^^^\n  File \"/root/spread_project/.tox/integration/lib/python3.12/site-packages/pluggy/_result.py\", line 100, in get_result\n    raise exc.with_traceback(exc.__traceback__)\n  File \"/root/spread_project/.tox/integration/lib/python3.12/site-packages/pluggy/_callers.py\", line 103, in _multicall\n    res = hook_impl.function(*args)\n          ^^^^^^^^^^^^^^^^^^^^^^^^^\n  File \"/root/spread_project/.tox/integration/lib/python3.12/site-packages/_pytest/python.py\", line 194, in pytest_pyfunc_call\n    result = testfunction(**testargs)\n             ^^^^^^^^^^^^^^^^^^^^^^^^\n  File \"/root/spread_project/tests/integration/integration/high_availability/test_upgrade_rollback_incompat.py\", line 52, in test_build_and_deploy\n    juju.wait(\n  File \"/root/spread_project/.tox/integration/lib/python3.12/site-packages/jubilant_backports/_juju.py\", line 1356, in wait\n    stdout, _ = self._cli('status', '--format', 'json', log=False)\n                ^^^^^^^^^^^^^^^^^^^^^^^^^^^^^^^^^^^^^^^^^^^^^^^^^^\n  File \"/root/spread_project/.tox/integration/lib/python3.12/site-packages/jubilant_backports/_juju.py\", line 326, in _cli\n    raise CLIError(e.returncode, e.cmd, e.stdout, e.stderr) from None\njubilant_backports._juju.CLIError: Command '['juju', 'status', '--model', 'testing', '--format', 'json']' returned non-zero exit status 1.\nStdout:\n{}\n\nStderr:\nERROR connection is shut down","steps":[],"attachments":[{"uid":"31fadae1189d7fd5","name":"log","source":"31fadae1189d7fd5.txt","type":"text/plain","size":520}],"parameters":[],"shouldDisplayMessage":true,"stepsCount":0,"attachmentsCount":1,"hasContent":true,"attachmentStep":false},"afterStages":[{"name":"abort_on_fail::0","time":{"start":1769392122553,"stop":1769392122553,"duration":0},"status":"passed","steps":[],"attachments":[],"parameters":[],"shouldDisplayMessage":false,"stepsCount":0,"attachmentsCount":0,"hasContent":false,"attachmentStep":false},{"name":"juju::0","time":{"start":1769392754871,"stop":1769392755098,"duration":227},"status":"passed","steps":[],"attachments":[],"parameters":[],"shouldDisplayMessage":false,"stepsCount":0,"attachmentsCount":0,"hasContent":false,"attachmentStep":false}],"labels":[{"name":"tag","value":"abort_on_fail"},{"name":"tag","value":"@pytest.mark.skipif(False, reason='Requires amd64 architecture')"},{"name":"parentSuite","value":"tests.integration.integration.high_availability"},{"name":"suite","value":"test_upgrade_rollback_incompat"},{"name":"host","value":"runnervmymu0l"},{"name":"thread","value":"18685-MainThread"},{"name":"framework","value":"pytest"},{"name":"language","value":"cpython3"},{"name":"package","value":"tests.integration.integration.high_availability.test_upgrade_rollback_incompat"},{"name":"resultFormat","value":"allure2"}],"parameters":[],"links":[],"hidden":false,"retry":false,"extra":{"severity":"normal","retries":[{"uid":"31bb16502c863d96","status":"unknown","time":{}}],"categories":[{"name":"Test defects","matchedStatuses":[]}],"history":{"statistic":{"failed":0,"broken":3,"skipped":0,"passed":43,"unknown":0,"total":46},"items":[{"uid":"8d1166d8e51a022b","reportUrl":"../74//#testresult/8d1166d8e51a022b","status":"passed","time":{"start":1769307364434,"stop":1769307492452,"duration":128018}},{"uid":"f6167d63106280c1","reportUrl":"../73//#testresult/f6167d63106280c1","status":"passed","time":{"start":1769221063067,"stop":1769221182723,"duration":119656}},{"uid":"e28702cab39b9170","reportUrl":"../71//#testresult/e28702cab39b9170","status":"passed","time":{"start":1769047079773,"stop":1769047209784,"duration":130011}},{"uid":"c03793fb0dc78fdf","reportUrl":"../70//#testresult/c03793fb0dc78fdf","status":"passed","time":{"start":1768961401602,"stop":1768961539881,"duration":138279}},{"uid":"fede22c22dd1e63a","reportUrl":"../69//#testresult/fede22c22dd1e63a","status":"passed","time":{"start":1768874235786,"stop":1768874349976,"duration":114190}},{"uid":"58a439513a5e6fb7","reportUrl":"../68//#testresult/58a439513a5e6fb7","status":"passed","time":{"start":1768787090628,"stop":1768787207446,"duration":116818}},{"uid":"7300e948d802e0d7","reportUrl":"../67//#testresult/7300e948d802e0d7","status":"passed","time":{"start":1768700655404,"stop":1768700781109,"duration":125705}},{"uid":"2022037e7a5c59db","reportUrl":"../65//#testresult/2022037e7a5c59db","status":"passed","time":{"start":1768527978780,"stop":1768528097307,"duration":118527}},{"uid":"622c72d11a957908","reportUrl":"../64//#testresult/622c72d11a957908","status":"passed","time":{"start":1768443548288,"stop":1768443658892,"duration":110604}},{"uid":"53d2cfcd4150c84","reportUrl":"../63//#testresult/53d2cfcd4150c84","status":"passed","time":{"start":1768356577368,"stop":1768356691642,"duration":114274}},{"uid":"687b001f2fbb709b","reportUrl":"../61//#testresult/687b001f2fbb709b","status":"passed","time":{"start":1768182494556,"stop":1768182611735,"duration":117179}},{"uid":"325fbd51c7a53d12","reportUrl":"../60//#testresult/325fbd51c7a53d12","status":"broken","statusDetails":"jubilant_backports._juju.CLIError: Command '['juju', 'status', '--model', 'testing', '--format', 'json']' returned non-zero exit status 1.\nStdout:\n{}\n\nStderr:\nERROR connection is shut down","time":{"start":1768096055861,"stop":1768096095850,"duration":39989}},{"uid":"7c84e29cb25dbaa","reportUrl":"../59//#testresult/7c84e29cb25dbaa","status":"passed","time":{"start":1768010452921,"stop":1768010584781,"duration":131860}},{"uid":"46e927da8e47e18b","reportUrl":"../58//#testresult/46e927da8e47e18b","status":"passed","time":{"start":1767923691741,"stop":1767923808631,"duration":116890}},{"uid":"e54ed5918612f201","reportUrl":"../56//#testresult/e54ed5918612f201","status":"passed","time":{"start":1767750934772,"stop":1767751048970,"duration":114198}},{"uid":"c27e6469a5f48215","reportUrl":"../55//#testresult/c27e6469a5f48215","status":"passed","time":{"start":1767663695595,"stop":1767663809323,"duration":113728}},{"uid":"c34290d2be03650e","reportUrl":"../54//#testresult/c34290d2be03650e","status":"passed","time":{"start":1767578290812,"stop":1767578412036,"duration":121224}},{"uid":"6b1be2465e312594","reportUrl":"../53//#testresult/6b1be2465e312594","status":"passed","time":{"start":1767491978385,"stop":1767492101381,"duration":122996}},{"uid":"cd24fb457e00c140","reportUrl":"../52//#testresult/cd24fb457e00c140","status":"passed","time":{"start":1767404668392,"stop":1767404782105,"duration":113713}},{"uid":"85b4e689ebc826ff","reportUrl":"../51//#testresult/85b4e689ebc826ff","status":"passed","time":{"start":1767318229604,"stop":1767318354112,"duration":124508}}]},"tags":["abort_on_fail","@pytest.mark.skipif(False, reason='Requires amd64 architecture')"]},"source":"a977d594b172a9e4.json","parameterValues":[]}