{"uid":"dc1b60258c1c219f","name":"test_pre_upgrade_check","fullName":"tests.integration.integration.high_availability.test_upgrade_rollback_incompat#test_pre_upgrade_check","historyId":"4d873f483ea9ffaa7fc17b6ef42f3234","time":{"start":1769392122556,"stop":1769392126664,"duration":4108},"description":"Test that the pre-upgrade-check action runs successfully.","descriptionHtml":"<p>Test that the pre-upgrade-check action runs successfully.</p>\n","status":"broken","statusMessage":"jubilant_backports._task.TaskError: task error: Task 2: status 'failed', return code 0, details:\nMessage: Pre-upgrade check failed. Cannot upgrade.","statusTrace":"Traceback (most recent call last):\n  File \"/root/spread_project/.tox/integration/lib/python3.12/site-packages/_pytest/runner.py\", line 341, in from_call\n    result: Optional[TResult] = func()\n                                ^^^^^^\n  File \"/root/spread_project/.tox/integration/lib/python3.12/site-packages/_pytest/runner.py\", line 262, in <lambda>\n    lambda: ihook(item=item, **kwds), when=when, reraise=reraise\n            ^^^^^^^^^^^^^^^^^^^^^^^^\n  File \"/root/spread_project/.tox/integration/lib/python3.12/site-packages/pluggy/_hooks.py\", line 513, in __call__\n    return self._hookexec(self.name, self._hookimpls.copy(), kwargs, firstresult)\n           ^^^^^^^^^^^^^^^^^^^^^^^^^^^^^^^^^^^^^^^^^^^^^^^^^^^^^^^^^^^^^^^^^^^^^^\n  File \"/root/spread_project/.tox/integration/lib/python3.12/site-packages/pluggy/_manager.py\", line 120, in _hookexec\n    return self._inner_hookexec(hook_name, methods, kwargs, firstresult)\n           ^^^^^^^^^^^^^^^^^^^^^^^^^^^^^^^^^^^^^^^^^^^^^^^^^^^^^^^^^^^^^\n  File \"/root/spread_project/.tox/integration/lib/python3.12/site-packages/pluggy/_callers.py\", line 182, in _multicall\n    return outcome.get_result()\n           ^^^^^^^^^^^^^^^^^^^^\n  File \"/root/spread_project/.tox/integration/lib/python3.12/site-packages/pluggy/_result.py\", line 100, in get_result\n    raise exc.with_traceback(exc.__traceback__)\n  File \"/root/spread_project/.tox/integration/lib/python3.12/site-packages/pluggy/_callers.py\", line 103, in _multicall\n    res = hook_impl.function(*args)\n          ^^^^^^^^^^^^^^^^^^^^^^^^^\n  File \"/root/spread_project/.tox/integration/lib/python3.12/site-packages/_pytest/runner.py\", line 177, in pytest_runtest_call\n    raise e\n  File \"/root/spread_project/.tox/integration/lib/python3.12/site-packages/_pytest/runner.py\", line 169, in pytest_runtest_call\n    item.runtest()\n  File \"/root/spread_project/.tox/integration/lib/python3.12/site-packages/_pytest/python.py\", line 1792, in runtest\n    self.ihook.pytest_pyfunc_call(pyfuncitem=self)\n  File \"/root/spread_project/.tox/integration/lib/python3.12/site-packages/pluggy/_hooks.py\", line 513, in __call__\n    return self._hookexec(self.name, self._hookimpls.copy(), kwargs, firstresult)\n           ^^^^^^^^^^^^^^^^^^^^^^^^^^^^^^^^^^^^^^^^^^^^^^^^^^^^^^^^^^^^^^^^^^^^^^\n  File \"/root/spread_project/.tox/integration/lib/python3.12/site-packages/pluggy/_manager.py\", line 120, in _hookexec\n    return self._inner_hookexec(hook_name, methods, kwargs, firstresult)\n           ^^^^^^^^^^^^^^^^^^^^^^^^^^^^^^^^^^^^^^^^^^^^^^^^^^^^^^^^^^^^^\n  File \"/root/spread_project/.tox/integration/lib/python3.12/site-packages/pluggy/_callers.py\", line 182, in _multicall\n    return outcome.get_result()\n           ^^^^^^^^^^^^^^^^^^^^\n  File \"/root/spread_project/.tox/integration/lib/python3.12/site-packages/pluggy/_result.py\", line 100, in get_result\n    raise exc.with_traceback(exc.__traceback__)\n  File \"/root/spread_project/.tox/integration/lib/python3.12/site-packages/pluggy/_callers.py\", line 103, in _multicall\n    res = hook_impl.function(*args)\n          ^^^^^^^^^^^^^^^^^^^^^^^^^\n  File \"/root/spread_project/.tox/integration/lib/python3.12/site-packages/_pytest/python.py\", line 194, in pytest_pyfunc_call\n    result = testfunction(**testargs)\n             ^^^^^^^^^^^^^^^^^^^^^^^^\n  File \"/root/spread_project/tests/integration/integration/high_availability/test_upgrade_rollback_incompat.py\", line 68, in test_pre_upgrade_check\n    juju.run(unit=mysql_leader, action=\"pre-upgrade-check\")\n  File \"/root/spread_project/.tox/integration/lib/python3.12/site-packages/jubilant_backports/_juju.py\", line 1026, in run\n    task.raise_on_failure()\n  File \"/root/spread_project/.tox/integration/lib/python3.12/site-packages/jubilant_backports/_task.py\", line 120, in raise_on_failure\n    raise TaskError(self)\njubilant_backports._task.TaskError: task error: Task 2: status 'failed', return code 0, details:\nMessage: Pre-upgrade check failed. Cannot upgrade.","flaky":false,"newFailed":false,"newBroken":true,"newPassed":false,"retriesCount":1,"retriesStatusChange":true,"beforeStages":[{"name":"juju","time":{"start":1769392052188,"stop":1769392052481,"duration":293},"status":"passed","steps":[],"attachments":[],"parameters":[],"shouldDisplayMessage":false,"stepsCount":0,"attachmentsCount":0,"hasContent":false,"attachmentStep":false},{"name":"abort_on_fail","time":{"start":1769392122556,"stop":1769392122556,"duration":0},"status":"passed","steps":[],"attachments":[],"parameters":[],"shouldDisplayMessage":false,"stepsCount":0,"attachmentsCount":0,"hasContent":false,"attachmentStep":false}],"testStage":{"description":"Test that the pre-upgrade-check action runs successfully.","status":"broken","statusMessage":"jubilant_backports._task.TaskError: task error: Task 2: status 'failed', return code 0, details:\nMessage: Pre-upgrade check failed. Cannot upgrade.","statusTrace":"Traceback (most recent call last):\n  File \"/root/spread_project/.tox/integration/lib/python3.12/site-packages/_pytest/runner.py\", line 341, in from_call\n    result: Optional[TResult] = func()\n                                ^^^^^^\n  File \"/root/spread_project/.tox/integration/lib/python3.12/site-packages/_pytest/runner.py\", line 262, in <lambda>\n    lambda: ihook(item=item, **kwds), when=when, reraise=reraise\n            ^^^^^^^^^^^^^^^^^^^^^^^^\n  File \"/root/spread_project/.tox/integration/lib/python3.12/site-packages/pluggy/_hooks.py\", line 513, in __call__\n    return self._hookexec(self.name, self._hookimpls.copy(), kwargs, firstresult)\n           ^^^^^^^^^^^^^^^^^^^^^^^^^^^^^^^^^^^^^^^^^^^^^^^^^^^^^^^^^^^^^^^^^^^^^^\n  File \"/root/spread_project/.tox/integration/lib/python3.12/site-packages/pluggy/_manager.py\", line 120, in _hookexec\n    return self._inner_hookexec(hook_name, methods, kwargs, firstresult)\n           ^^^^^^^^^^^^^^^^^^^^^^^^^^^^^^^^^^^^^^^^^^^^^^^^^^^^^^^^^^^^^\n  File \"/root/spread_project/.tox/integration/lib/python3.12/site-packages/pluggy/_callers.py\", line 182, in _multicall\n    return outcome.get_result()\n           ^^^^^^^^^^^^^^^^^^^^\n  File \"/root/spread_project/.tox/integration/lib/python3.12/site-packages/pluggy/_result.py\", line 100, in get_result\n    raise exc.with_traceback(exc.__traceback__)\n  File \"/root/spread_project/.tox/integration/lib/python3.12/site-packages/pluggy/_callers.py\", line 103, in _multicall\n    res = hook_impl.function(*args)\n          ^^^^^^^^^^^^^^^^^^^^^^^^^\n  File \"/root/spread_project/.tox/integration/lib/python3.12/site-packages/_pytest/runner.py\", line 177, in pytest_runtest_call\n    raise e\n  File \"/root/spread_project/.tox/integration/lib/python3.12/site-packages/_pytest/runner.py\", line 169, in pytest_runtest_call\n    item.runtest()\n  File \"/root/spread_project/.tox/integration/lib/python3.12/site-packages/_pytest/python.py\", line 1792, in runtest\n    self.ihook.pytest_pyfunc_call(pyfuncitem=self)\n  File \"/root/spread_project/.tox/integration/lib/python3.12/site-packages/pluggy/_hooks.py\", line 513, in __call__\n    return self._hookexec(self.name, self._hookimpls.copy(), kwargs, firstresult)\n           ^^^^^^^^^^^^^^^^^^^^^^^^^^^^^^^^^^^^^^^^^^^^^^^^^^^^^^^^^^^^^^^^^^^^^^\n  File \"/root/spread_project/.tox/integration/lib/python3.12/site-packages/pluggy/_manager.py\", line 120, in _hookexec\n    return self._inner_hookexec(hook_name, methods, kwargs, firstresult)\n           ^^^^^^^^^^^^^^^^^^^^^^^^^^^^^^^^^^^^^^^^^^^^^^^^^^^^^^^^^^^^^\n  File \"/root/spread_project/.tox/integration/lib/python3.12/site-packages/pluggy/_callers.py\", line 182, in _multicall\n    return outcome.get_result()\n           ^^^^^^^^^^^^^^^^^^^^\n  File \"/root/spread_project/.tox/integration/lib/python3.12/site-packages/pluggy/_result.py\", line 100, in get_result\n    raise exc.with_traceback(exc.__traceback__)\n  File \"/root/spread_project/.tox/integration/lib/python3.12/site-packages/pluggy/_callers.py\", line 103, in _multicall\n    res = hook_impl.function(*args)\n          ^^^^^^^^^^^^^^^^^^^^^^^^^\n  File \"/root/spread_project/.tox/integration/lib/python3.12/site-packages/_pytest/python.py\", line 194, in pytest_pyfunc_call\n    result = testfunction(**testargs)\n             ^^^^^^^^^^^^^^^^^^^^^^^^\n  File \"/root/spread_project/tests/integration/integration/high_availability/test_upgrade_rollback_incompat.py\", line 68, in test_pre_upgrade_check\n    juju.run(unit=mysql_leader, action=\"pre-upgrade-check\")\n  File \"/root/spread_project/.tox/integration/lib/python3.12/site-packages/jubilant_backports/_juju.py\", line 1026, in run\n    task.raise_on_failure()\n  File \"/root/spread_project/.tox/integration/lib/python3.12/site-packages/jubilant_backports/_task.py\", line 120, in raise_on_failure\n    raise TaskError(self)\njubilant_backports._task.TaskError: task error: Task 2: status 'failed', return code 0, details:\nMessage: Pre-upgrade check failed. Cannot upgrade.","steps":[],"attachments":[{"uid":"f6713fb02ed8ff95","name":"log","source":"f6713fb02ed8ff95.txt","type":"text/plain","size":289}],"parameters":[],"shouldDisplayMessage":true,"stepsCount":0,"attachmentsCount":1,"hasContent":true,"attachmentStep":false},"afterStages":[{"name":"abort_on_fail::0","time":{"start":1769392126668,"stop":1769392126668,"duration":0},"status":"passed","steps":[],"attachments":[],"parameters":[],"shouldDisplayMessage":false,"stepsCount":0,"attachmentsCount":0,"hasContent":false,"attachmentStep":false},{"name":"juju::0","time":{"start":1769392754871,"stop":1769392755098,"duration":227},"status":"passed","steps":[],"attachments":[],"parameters":[],"shouldDisplayMessage":false,"stepsCount":0,"attachmentsCount":0,"hasContent":false,"attachmentStep":false}],"labels":[{"name":"tag","value":"abort_on_fail"},{"name":"tag","value":"@pytest.mark.skipif(False, reason='Requires amd64 architecture')"},{"name":"parentSuite","value":"tests.integration.integration.high_availability"},{"name":"suite","value":"test_upgrade_rollback_incompat"},{"name":"host","value":"runnervmymu0l"},{"name":"thread","value":"18685-MainThread"},{"name":"framework","value":"pytest"},{"name":"language","value":"cpython3"},{"name":"package","value":"tests.integration.integration.high_availability.test_upgrade_rollback_incompat"},{"name":"resultFormat","value":"allure2"}],"parameters":[],"links":[],"hidden":false,"retry":false,"extra":{"severity":"normal","retries":[{"uid":"ba990f7846fede11","status":"unknown","time":{}}],"categories":[{"name":"Test defects","matchedStatuses":[]}],"history":{"statistic":{"failed":0,"broken":3,"skipped":0,"passed":43,"unknown":0,"total":46},"items":[{"uid":"faa8b181993cd135","reportUrl":"../74//#testresult/faa8b181993cd135","status":"passed","time":{"start":1769307492454,"stop":1769307496270,"duration":3816}},{"uid":"6f06b3ef734e3ba2","reportUrl":"../73//#testresult/6f06b3ef734e3ba2","status":"passed","time":{"start":1769221182726,"stop":1769221186520,"duration":3794}},{"uid":"deedee3475d85561","reportUrl":"../71//#testresult/deedee3475d85561","status":"passed","time":{"start":1769047209787,"stop":1769047221356,"duration":11569}},{"uid":"7749512f24afade0","reportUrl":"../70//#testresult/7749512f24afade0","status":"passed","time":{"start":1768961539884,"stop":1768961545436,"duration":5552}},{"uid":"b6860e4741e7a8a5","reportUrl":"../69//#testresult/b6860e4741e7a8a5","status":"passed","time":{"start":1768874349979,"stop":1768874359519,"duration":9540}},{"uid":"b6b31061a43bf9af","reportUrl":"../68//#testresult/b6b31061a43bf9af","status":"passed","time":{"start":1768787207449,"stop":1768787211281,"duration":3832}},{"uid":"47e1ad258547e57a","reportUrl":"../67//#testresult/47e1ad258547e57a","status":"passed","time":{"start":1768700781112,"stop":1768700792694,"duration":11582}},{"uid":"a3f12c6148490e58","reportUrl":"../65//#testresult/a3f12c6148490e58","status":"passed","time":{"start":1768528097309,"stop":1768528101122,"duration":3813}},{"uid":"4d18aaca523d3c74","reportUrl":"../64//#testresult/4d18aaca523d3c74","status":"passed","time":{"start":1768443658894,"stop":1768443664419,"duration":5525}},{"uid":"7f09747dfbd070cd","reportUrl":"../63//#testresult/7f09747dfbd070cd","status":"passed","time":{"start":1768356691645,"stop":1768356697177,"duration":5532}},{"uid":"c2b11a016ed0ad36","reportUrl":"../61//#testresult/c2b11a016ed0ad36","status":"passed","time":{"start":1768182611738,"stop":1768182615543,"duration":3805}},{"uid":"ada5b152c4d5992e","reportUrl":"../60//#testresult/ada5b152c4d5992e","status":"broken","statusDetails":"jubilant_backports._task.TaskError: task error: Task 2: status 'failed', return code 0, details:\nMessage: Pre-upgrade check failed. Cannot upgrade.","time":{"start":1768096095856,"stop":1768096115684,"duration":19828}},{"uid":"cb954adef558230b","reportUrl":"../59//#testresult/cb954adef558230b","status":"passed","time":{"start":1768010584783,"stop":1768010596338,"duration":11555}},{"uid":"8ba88bf6a08ae37","reportUrl":"../58//#testresult/8ba88bf6a08ae37","status":"passed","time":{"start":1767923808634,"stop":1767923820192,"duration":11558}},{"uid":"6d16a638fab1a9b6","reportUrl":"../56//#testresult/6d16a638fab1a9b6","status":"passed","time":{"start":1767751048972,"stop":1767751054521,"duration":5549}},{"uid":"c303d8308ba71e18","reportUrl":"../55//#testresult/c303d8308ba71e18","status":"passed","time":{"start":1767663809325,"stop":1767663813156,"duration":3831}},{"uid":"100c3bcc267def90","reportUrl":"../54//#testresult/100c3bcc267def90","status":"passed","time":{"start":1767578412038,"stop":1767578415879,"duration":3841}},{"uid":"cdf68819fcaa265b","reportUrl":"../53//#testresult/cdf68819fcaa265b","status":"passed","time":{"start":1767492101384,"stop":1767492106924,"duration":5540}},{"uid":"c42e399579b8086e","reportUrl":"../52//#testresult/c42e399579b8086e","status":"passed","time":{"start":1767404782108,"stop":1767404785924,"duration":3816}},{"uid":"73c389e76ea65e69","reportUrl":"../51//#testresult/73c389e76ea65e69","status":"passed","time":{"start":1767318354114,"stop":1767318359648,"duration":5534}}]},"tags":["abort_on_fail","@pytest.mark.skipif(False, reason='Requires amd64 architecture')"]},"source":"dc1b60258c1c219f.json","parameterValues":[]}