[32mINFO    [0m integration.high_availability.test_upgrade_rollback_incompat:test_upgrade_rollback_incompat.py:112 Get leader unit
[32mINFO    [0m integration.high_availability.test_upgrade_rollback_incompat:test_upgrade_rollback_incompat.py:117 Run pre-upgrade-check action
[32mINFO    [0m integration.high_availability.test_upgrade_rollback_incompat:test_upgrade_rollback_incompat.py:120 Refresh with previous charm
[32mINFO    [0m integration.high_availability.test_upgrade_rollback_incompat:test_upgrade_rollback_incompat.py:127 Wait for upgrade to start
[32mINFO    [0m integration.high_availability.test_upgrade_rollback_incompat:test_upgrade_rollback_incompat.py:134 Wait for upgrade to complete on first upgrading unit
[32mINFO    [0m integration.high_availability.test_upgrade_rollback_incompat:test_upgrade_rollback_incompat.py:141 Resume upgrade
[32mINFO    [0m httpx:_client.py:1026 HTTP Request: GET https://10.1.0.146:16443/apis/apps/v1/namespaces/test/statefulsets/mysql-k8s "HTTP/1.1 200 OK"
[32mINFO    [0m httpx:_client.py:1026 HTTP Request: GET https://10.1.0.146:16443/apis/apps/v1/namespaces/test/statefulsets/mysql-k8s "HTTP/1.1 200 OK"
[32mINFO    [0m integration.high_availability.test_upgrade_rollback_incompat:test_upgrade_rollback_incompat.py:154 Wait for application to recover
[32mINFO    [0m pytest_operator.plugin:plugin.py:790 Model status:

Model  Controller          Cloud/Region        Version  SLA          Timestamp
test   microk8s-localhost  microk8s/localhost  3.4.3    unsupported  01:34:05Z

App        Version                  Status   Scale  Charm      Channel  Rev  Address         Exposed  Message
mysql-k8s  8.0.34-0ubuntu0.22.04.1  waiting      3  mysql-k8s             1  10.152.183.207  no       waiting for units to settle down

Unit          Workload  Agent      Address       Ports  Message
mysql-k8s/0   active    executing  10.1.197.209         
mysql-k8s/1   active    executing  10.1.197.208         
mysql-k8s/2*  active    idle       10.1.197.207         

[32mINFO    [0m pytest_operator.plugin:plugin.py:796 Juju error logs:

unit-mysql-k8s-2: 01:31:04 ERROR unit.mysql-k8s/2.juju-log Failed to flush [<MySQLTextLogs.ERROR: 'ERROR LOGS'>, <MySQLTextLogs.GENERAL: 'GENERAL LOGS'>, <MySQLTextLogs.SLOW: 'SLOW LOGS'>] logs.
Traceback (most recent call last):
  File "/var/lib/juju/agents/unit-mysql-k8s-2/charm/src/mysql_k8s_helpers.py", line 602, in _run_mysqlsh_script
    stdout, _ = process.wait_output()
  File "/var/lib/juju/agents/unit-mysql-k8s-2/charm/venv/ops/pebble.py", line 1635, in wait_output
    raise ExecError[AnyStr](self._command, exit_code, out_value, err_value)
ops.pebble.ExecError: non-zero exit code 1 executing ['/usr/bin/mysqlsh', '--no-wizard', '--python', '--verbose=1', '-f', '/tmp/script.py', ';', 'rm', '/tmp/script.py'], stdout='', stderr='Cannot set LC_ALL to locale en_US.UTF-8: No such file or directory\nverbose: 2024-06-19T01:31:01Z: Loading startup files...\nverbose: 2024-06-19T01:31:01Z: Loading plugins...\nverbose: 2024-06-19T01:31:01Z: Connecting to MySQL at: serverconfig@mysql-k8s-2.mysql-k8s-endpoints.test.svc.cluster.local\nTraceback (most recent call last):\n  File "<string>", line 1, in <module>\nmysqlsh.DBError: MySQL Error (2013): Shell.connect: Lost connection to MySQL server at \'reading initial communication packet\', system error: 104\n'

During handling of the above exception, another exception occurred:

Traceback (most recent call last):
  File "/var/lib/juju/agents/unit-mysql-k8s-2/charm/lib/charms/mysql/v0/mysql.py", line 3139, in flush_mysql_logs
    self._run_mysqlsh_script("\n".join(flush_logs_commands), timeout=50)
  File "/var/lib/juju/agents/unit-mysql-k8s-2/charm/lib/charms/tempo_k8s/v1/charm_tracing.py", line 544, in wrapped_function
    return callable(*args, **kwargs)  # type: ignore
  File "/var/lib/juju/agents/unit-mysql-k8s-2/charm/src/mysql_k8s_helpers.py", line 605, in _run_mysqlsh_script
    raise MySQLClientError(e.stderr)
charms.mysql.v0.mysql.MySQLClientError: Cannot set LC_ALL to locale en_US.UTF-8: No such file or directory
verbose: 2024-06-19T01:31:01Z: Loading startup files...
verbose: 2024-06-19T01:31:01Z: Loading plugins...
verbose: 2024-06-19T01:31:01Z: Connecting to MySQL at: serverconfig@mysql-k8s-2.mysql-k8s-endpoints.test.svc.cluster.local
Traceback (most recent call last):
  File "<string>", line 1, in <module>
mysqlsh.DBError: MySQL Error (2013): Shell.connect: Lost connection to MySQL server at 'reading initial communication packet', system error: 104

unit-mysql-k8s-2: 01:31:29 ERROR unit.mysql-k8s/2.juju-log Unit failed to rejoin the cluster after upgrade
unit-mysql-k8s-2: 01:31:29 CRITICAL unit.mysql-k8s/2.juju-log Upgrade failed, follow the instructions below to rollback:
  1 - Run `juju run mysql-k8s/leader pre-upgrade-check` to configure rollback
  2 - Run `juju refresh --revision <previous-revision> mysql-k8s` to initiate the rollback
  3 - Run `juju run mysql-k8s/leader resume-upgrade` to resume the rollback

[32mINFO    [0m pytest_operator.plugin:plugin.py:862 Forgetting main...