[32mINFO    [0m integration.high_availability.conftest:conftest.py:27 Clearing continuous writes
[32mINFO    [0m integration.high_availability.conftest:conftest.py:29 Starting continuous writes
[32mINFO    [0m integration.high_availability.test_async_replication:test_async_replication.py:320 Remove async relation
[32mINFO    [0m integration.high_availability.test_async_replication:test_async_replication.py:326 waiting for units to be blocked
[32mINFO    [0m integration.high_availability.test_async_replication:test_async_replication.py:332 Waiting for the applications to settle
[32mINFO    [0m juju.model:model.py:3211 Waiting for model:
  db2/0 [executing] blocked: Standalone read-only unit.
  db2/1 [executing] blocked: Standalone read-only unit.
  db2/2 [executing] blocked: Standalone read-only unit.
[32mINFO    [0m juju.model:model.py:3211 Waiting for model:
  db1/0 [executing] maintenance: Removing replica cluster
  db1/1 [idle] active: 
  db1/2 [idle] active: 
[32mINFO    [0m juju.model:model.py:3211 Waiting for model:
  db2/0 [executing] blocked: Standalone read-only unit.
  db2/1 [executing] blocked: Standalone read-only unit.
  db2/2 [executing] blocked: Standalone read-only unit.
[32mINFO    [0m juju.model:model.py:3211 Waiting for model:
  db1/0 [idle] active: Primary
  db1/1 [executing] maintenance: Starting mysqld
[32mINFO    [0m juju.model:model.py:3211 Waiting for model:
  db2/1 [idle] maintenance: Starting mysqld
[32mINFO    [0m juju.model:model.py:3211 Waiting for model:
  db1/0 [idle] maintenance: Starting mysqld
  db1/1 [idle] maintenance: Starting mysqld
  db1/2 [idle] active: 
[32mINFO    [0m juju.model:model.py:3211 Waiting for model:
  db1/0 [idle] maintenance: Starting mysqld
  db1/1 [idle] maintenance: Starting mysqld
  db1/2 [idle] active: 
[32mINFO    [0m juju.model:model.py:3211 Waiting for model:
  db2/1 [idle] maintenance: Starting mysqld
[32mINFO    [0m juju.model:model.py:3211 Waiting for model:
  db1/0 [idle] maintenance: Starting mysqld
  db1/1 [idle] maintenance: Starting mysqld
  db1/2 [idle] active: 
[32mINFO    [0m juju.model:model.py:3211 Waiting for model:
  db2/1 [idle] maintenance: Starting mysqld
[32mINFO    [0m juju.model:model.py:3211 Waiting for model:
  db1/0 [idle] maintenance: Starting mysqld
  db1/1 [idle] maintenance: Starting mysqld
  db1/2 [idle] active: 
[32mINFO    [0m juju.model:model.py:3211 Waiting for model:
  db2/1 [idle] maintenance: Starting mysqld
[32mINFO    [0m juju.model:model.py:3211 Waiting for model:
  db1/0 [executing] maintenance: Starting mysqld
  db1/1 [executing] maintenance: Starting mysqld
  db1/2 [executing] active: 
[32mINFO    [0m juju.model:model.py:3211 Waiting for model:
  db2/0 [executing] blocked: Standalone read-only unit.
  db2/1 [executing] maintenance: Starting mysqld
  db2/2 [executing] blocked: Standalone read-only unit.
[32mINFO    [0m juju.model:model.py:3211 Waiting for model:
  db1/0 [idle] maintenance: Starting mysqld
  db1/1 [idle] maintenance: Starting mysqld
  db1/2 [idle] active: 
[32mINFO    [0m juju.model:model.py:3211 Waiting for model:
  db2/1 [idle] maintenance: Starting mysqld
[32mINFO    [0m juju.model:model.py:3211 Waiting for model:
  db1/0 [executing] maintenance: Starting mysqld
  db1/1 [executing] maintenance: Starting mysqld
  db1/2 [executing] active: 
[32mINFO    [0m juju.model:model.py:3211 Waiting for model:
  db2/0 [executing] blocked: Standalone read-only unit.
  db2/1 [executing] maintenance: Starting mysqld
  db2/2 [executing] blocked: Standalone read-only unit.
[32mINFO    [0m juju.model:model.py:3211 Waiting for model:
  db1/0 [idle] maintenance: Starting mysqld
  db1/1 [idle] maintenance: Starting mysqld
  db1/2 [idle] active: 
[32mINFO    [0m juju.model:model.py:3211 Waiting for model:
  db2/1 [idle] maintenance: Starting mysqld
[32mINFO    [0m juju.model:model.py:3211 Waiting for model:
  db1/0 [executing] maintenance: Starting mysqld
  db1/1 [executing] maintenance: Starting mysqld
  db1/2 [executing] active: 
[32mINFO    [0m juju.model:model.py:3211 Waiting for model:
  db2/0 [executing] blocked: Standalone read-only unit.
  db2/1 [executing] maintenance: Starting mysqld
  db2/2 [executing] blocked: Standalone read-only unit.
[32mINFO    [0m juju.model:model.py:3211 Waiting for model:
  db1/0 [idle] maintenance: Starting mysqld
  db1/1 [idle] maintenance: Starting mysqld
  db1/2 [idle] active: 
[32mINFO    [0m juju.model:model.py:3211 Waiting for model:
  db2/1 [idle] maintenance: Starting mysqld
[32mINFO    [0m juju.model:model.py:3211 Waiting for model:
  db1/0 [executing] active: Primary
  db1/1 [executing] active: 
  db1/2 [executing] active: 
[32mINFO    [0m juju.model:model.py:3211 Waiting for model:
  db2/0 [executing] blocked: Standalone read-only unit.
  db2/1 [executing] maintenance: Starting mysqld
  db2/2 [executing] blocked: Standalone read-only unit.
[32mINFO    [0m juju.model:model.py:3211 Waiting for model:
  db2/1 [idle] maintenance: Starting mysqld
[32mINFO    [0m juju.model:model.py:3211 Waiting for model:
  db2/0 [executing] blocked: Standalone read-only unit.
  db2/1 [executing] maintenance: Starting mysqld
  db2/2 [executing] blocked: Standalone read-only unit.
[32mINFO    [0m juju.model:model.py:3211 Waiting for model:
  db2/1 [idle] maintenance: Starting mysqld
[32mINFO    [0m juju.model:model.py:3211 Waiting for model:
  db2/0 [idle] blocked: Standalone read-only unit.
  db2/1 [idle] maintenance: Starting mysqld
  db2/2 [idle] blocked: Standalone read-only unit.
[32mINFO    [0m juju.model:model.py:3211 Waiting for model:
  db2/1 [idle] maintenance: Starting mysqld
[32mINFO    [0m juju.model:model.py:3211 Waiting for model:
  db2/0 [idle] blocked: Standalone read-only unit.
  db2/1 [idle] maintenance: Starting mysqld
  db2/2 [idle] blocked: Standalone read-only unit.
[32mINFO    [0m juju.model:model.py:3211 Waiting for model:
  db2/1 [idle] maintenance: Starting mysqld
[32mINFO    [0m integration.high_availability.conftest:conftest.py:34 Clearing continuous writes
[32mINFO    [0m integration.high_availability.test_async_replication:test_async_replication.py:67 Destroying second model
[32mINFO    [0m pytest_operator.plugin:plugin.py:790 Model status:

Model    Controller          Cloud/Region        Version  SLA          Timestamp
testing  concierge-microk8s  microk8s/localhost  3.6.3    unsupported  01:52:00Z

App               Version                  Status  Scale  Charm             Channel      Rev  Address         Exposed  Message
db1               8.0.41-0ubuntu0.22.04.1  active      3  mysql-k8s                        0  10.152.183.106  no       
mysql-router-k8s  8.0.41-0ubuntu0.22.04.1  active      1  mysql-router-k8s  8.0/edge     600  10.152.183.45   no       
mysql-test-app    0.0.2                    active      1  mysql-test-app    latest/edge   73  10.152.183.147  no       Last written value=41827

Unit                 Workload  Agent      Address      Ports  Message
db1/0*               active    executing  10.1.205.12         Primary
db1/1                active    executing  10.1.205.13         
db1/2                active    executing  10.1.205.14         
mysql-router-k8s/0*  active    idle       10.1.205.21         
mysql-test-app/0*    active    idle       10.1.205.22         Last written value=41827

Offer  Application  Charm      Rev  Connected  Endpoint           Interface    Role
db1    db1          mysql-k8s  0    0/0        replication-offer  mysql_async  provider

[32mINFO    [0m pytest_operator.plugin:plugin.py:796 Juju error logs:

unit-mysql-test-app-0: 01:35:20 ERROR unit.mysql-test-app/0.juju-log Unable to query the database
Traceback (most recent call last):
  File "/var/lib/juju/agents/unit-mysql-test-app-0/charm/venv/lib/python3.10/site-packages/mysql/connector/connection_cext.py", line 611, in cmd_query
    self._cmysql.query(
_mysql_connector.MySQLInterfaceError: Table 'continuous_writes_database.data' doesn't exist

The above exception was the direct cause of the following exception:

Traceback (most recent call last):
  File "/var/lib/juju/agents/unit-mysql-test-app-0/charm/src/charm.py", line 229, in _stop_continuous_writes
    last_written_value = self._max_written_value()
  File "/var/lib/juju/agents/unit-mysql-test-app-0/charm/src/charm.py", line 241, in _max_written_value
    cursor.execute(
  File "/var/lib/juju/agents/unit-mysql-test-app-0/charm/venv/lib/python3.10/site-packages/mysql/connector/cursor_cext.py", line 330, in execute
    result = self._cnx.cmd_query(
  File "/var/lib/juju/agents/unit-mysql-test-app-0/charm/venv/lib/python3.10/site-packages/mysql/connector/connection_cext.py", line 619, in cmd_query
    raise get_mysql_exception(
mysql.connector.errors.ProgrammingError: 1146 (42S02): Table 'continuous_writes_database.data' doesn't exist

The above exception was the direct cause of the following exception:

Traceback (most recent call last):
  File "/var/lib/juju/agents/unit-mysql-test-app-0/charm/src/charm.py", line 227, in _stop_continuous_writes
    for attempt in Retrying(stop=stop_after_delay(60), wait=wait_fixed(5)):
  File "/var/lib/juju/agents/unit-mysql-test-app-0/charm/venv/lib/python3.10/site-packages/tenacity/__init__.py", line 443, in __iter__
    do = self.iter(retry_state=retry_state)
  File "/var/lib/juju/agents/unit-mysql-test-app-0/charm/venv/lib/python3.10/site-packages/tenacity/__init__.py", line 376, in iter
    result = action(retry_state)
  File "/var/lib/juju/agents/unit-mysql-test-app-0/charm/venv/lib/python3.10/site-packages/tenacity/__init__.py", line 419, in exc_check
    raise retry_exc from fut.exception()
tenacity.RetryError: RetryError[<Future at 0x7fe85110aa10 state=finished raised ProgrammingError>]
unit-db1-2: 01:36:47 ERROR unit.db1/2.juju-log Failed to execute mysql-shell command
Traceback (most recent call last):
  File "/var/lib/juju/agents/unit-db1-2/charm/src/mysql_k8s_helpers.py", line 722, in _run_mysqlsh_script
    stdout, _ = process.wait_output()
  File "/var/lib/juju/agents/unit-db1-2/charm/venv/lib/python3.10/site-packages/ops/pebble.py", line 1771, in wait_output
    raise ExecError[AnyStr](self._command, exit_code, out_value, err_value)
ops.pebble.ExecError: non-zero exit code 1 executing ['timeout', '30', '/usr/bin/mysqlsh', '--passwords-from-stdin', '--uri=serverconfig@db1-2.db1-endpoints.testing.svc.cluster.local:33062', '--python', '--verbose=0', '-c', "shell.options.set('useWizards', False)\nprint('###')\ncluster = dba.get_cluster('lima')\nprint(cluster.status({'extended': False}))"], stdout="\x1b[1mPlease provide the password for 'serverconfig@db1-2.db1-endpoints.testing.svc.cluster.local:33062': \x1b[0m###\n", stderr='Cannot set LC_ALL to locale en_US.UTF-8: No such file or directory\n\x1b[33mWARNING: \x1b[0mError connecting to Cluster: RuntimeError: Could not open connection to \'db2-1.db2-endpoints.testing-other.svc.cluster.local:3306\': The provided URI uses the X protocol, which is not supported by this command.\nTraceback (most recent call last):\n  File "<string>", line 3, in <module>\nRuntimeError: Dba.get_cluster: Could not open connection to \'db2-1.db2-endpoints.testing-other.svc.cluster.local:3306\': The provided URI uses the X protocol, which is not supported by this command.\n\n'
unit-db1-2: 01:36:47 ERROR unit.db1/2.juju-log Failed to get cluster status for lima
unit-db1-2: 01:36:47 ERROR unit.db1/2.juju-log Failed to get cluster endpoints
Traceback (most recent call last):
  File "/var/lib/juju/agents/unit-db1-2/charm/src/mysql_k8s_helpers.py", line 903, in update_endpoints
    rw_endpoints, ro_endpoints, offline = self.get_cluster_endpoints(get_ips=False)
  File "/var/lib/juju/agents/unit-db1-2/charm/lib/charms/tempo_coordinator_k8s/v0/charm_tracing.py", line 1065, in wrapped_function
    return callable(*args, **kwargs)  # type: ignore
  File "/var/lib/juju/agents/unit-db1-2/charm/lib/charms/mysql/v0/mysql.py", line 2094, in get_cluster_endpoints
    raise MySQLGetClusterEndpointsError("Failed to get endpoints from cluster status")
charms.mysql.v0.mysql.MySQLGetClusterEndpointsError: Failed to get endpoints from cluster status
unit-db1-1: 01:36:47 ERROR unit.db1/1.juju-log Failed to execute mysql-shell command
Traceback (most recent call last):
  File "/var/lib/juju/agents/unit-db1-1/charm/src/mysql_k8s_helpers.py", line 722, in _run_mysqlsh_script
    stdout, _ = process.wait_output()
  File "/var/lib/juju/agents/unit-db1-1/charm/venv/lib/python3.10/site-packages/ops/pebble.py", line 1771, in wait_output
    raise ExecError[AnyStr](self._command, exit_code, out_value, err_value)
ops.pebble.ExecError: non-zero exit code 1 executing ['timeout', '30', '/usr/bin/mysqlsh', '--passwords-from-stdin', '--uri=serverconfig@db1-1.db1-endpoints.testing.svc.cluster.local:33062', '--python', '--verbose=0', '-c', "shell.options.set('useWizards', False)\nprint('###')\ncluster = dba.get_cluster('lima')\nprint(cluster.status({'extended': False}))"], stdout="\x1b[1mPlease provide the password for 'serverconfig@db1-1.db1-endpoints.testing.svc.cluster.local:33062': \x1b[0m###\n", stderr='Cannot set LC_ALL to locale en_US.UTF-8: No such file or directory\n\x1b[33mWARNING: \x1b[0mError connecting to Cluster: RuntimeError: Could not open connection to \'db2-1.db2-endpoints.testing-other.svc.cluster.local:3306\': The provided URI uses the X protocol, which is not supported by this command.\nTraceback (most recent call last):\n  File "<string>", line 3, in <module>\nRuntimeError: Dba.get_cluster: Could not open connection to \'db2-1.db2-endpoints.testing-other.svc.cluster.local:3306\': The provided URI uses the X protocol, which is not supported by this command.\n\n'
unit-db1-1: 01:36:47 ERROR unit.db1/1.juju-log Failed to get cluster status for lima
unit-db1-1: 01:36:47 ERROR unit.db1/1.juju-log Failed to get cluster endpoints
Traceback (most recent call last):
  File "/var/lib/juju/agents/unit-db1-1/charm/src/mysql_k8s_helpers.py", line 903, in update_endpoints
    rw_endpoints, ro_endpoints, offline = self.get_cluster_endpoints(get_ips=False)
  File "/var/lib/juju/agents/unit-db1-1/charm/lib/charms/tempo_coordinator_k8s/v0/charm_tracing.py", line 1065, in wrapped_function
    return callable(*args, **kwargs)  # type: ignore
  File "/var/lib/juju/agents/unit-db1-1/charm/lib/charms/mysql/v0/mysql.py", line 2094, in get_cluster_endpoints
    raise MySQLGetClusterEndpointsError("Failed to get endpoints from cluster status")
charms.mysql.v0.mysql.MySQLGetClusterEndpointsError: Failed to get endpoints from cluster status
unit-db1-1: 01:42:17 ERROR juju.worker.dependency "uniter" manifold worker returned unexpected error: relation scope id "8f461914-a358-4b85-8058-2f58f8915d1f:r#3#remote-c169741cb0ac4cc289d4a82f06f0678c": settings 8f461914-a358-4b85-8058-2f58f8915d1f:r#3#remote-c169741cb0ac4cc289d4a82f06f0678c not found (not found)
unit-db1-0: 01:42:28 ERROR juju.worker.dependency "uniter" manifold worker returned unexpected error: relation scope id "8f461914-a358-4b85-8058-2f58f8915d1f:r#3#remote-c169741cb0ac4cc289d4a82f06f0678c": settings 8f461914-a358-4b85-8058-2f58f8915d1f:r#3#remote-c169741cb0ac4cc289d4a82f06f0678c not found (not found)

[32mINFO    [0m pytest_operator.plugin:plugin.py:862 Forgetting main...