[32mINFO    [0m integration.high_availability.test_async_replication:test_async_replication.py:65 Destroying second model
[32mINFO    [0m pytest_operator.plugin:plugin.py:790 Model status:

Model  Controller          Cloud/Region        Version  SLA          Timestamp
test   microk8s-localhost  microk8s/localhost  3.1.7    unsupported  01:35:18Z

App               Version                  Status  Scale  Charm             Channel        Rev  Address         Exposed  Message
db1               8.0.36-0ubuntu0.22.04.1  active      3  mysql-k8s                          0  10.152.183.124  no       
mysql-router-k8s  8.0.35-0ubuntu0.22.04.1  active      1  mysql-router-k8s  8.0/stable      96  10.152.183.226  no       
mysql-test-app    0.0.2                    active      1  mysql-test-app    latest/stable   36  10.152.183.84   no       

Unit                 Workload  Agent      Address      Ports  Message
db1/0*               active    idle       10.1.191.12         Primary
db1/1                active    idle       10.1.191.13         
db1/2                active    executing  10.1.191.14         
mysql-router-k8s/0*  active    idle       10.1.191.21         
mysql-test-app/0*    active    idle       10.1.191.22         

Offer  Application  Charm      Rev  Connected  Endpoint       Interface          Role
db1    db1          mysql-k8s  0    1/1        async-primary  async_replication  provider

[32mINFO    [0m pytest_operator.plugin:plugin.py:796 Juju error logs:

unit-mysql-test-app-0: 01:35:03 ERROR unit.mysql-test-app/0.juju-log Unable to query the database
Traceback (most recent call last):
  File "/var/lib/juju/agents/unit-mysql-test-app-0/charm/venv/mysql/connector/connection_cext.py", line 611, in cmd_query
    self._cmysql.query(
_mysql_connector.MySQLInterfaceError: Table 'continuous_writes_database.data' doesn't exist

The above exception was the direct cause of the following exception:

Traceback (most recent call last):
  File "/var/lib/juju/agents/unit-mysql-test-app-0/charm/./src/charm.py", line 219, in _stop_continuous_writes
    last_written_value = self._max_written_value()
  File "/var/lib/juju/agents/unit-mysql-test-app-0/charm/./src/charm.py", line 231, in _max_written_value
    cursor.execute(
  File "/var/lib/juju/agents/unit-mysql-test-app-0/charm/venv/mysql/connector/cursor_cext.py", line 330, in execute
    result = self._cnx.cmd_query(
  File "/var/lib/juju/agents/unit-mysql-test-app-0/charm/venv/mysql/connector/connection_cext.py", line 619, in cmd_query
    raise get_mysql_exception(
mysql.connector.errors.ProgrammingError: 1146 (42S02): Table 'continuous_writes_database.data' doesn't exist

The above exception was the direct cause of the following exception:

Traceback (most recent call last):
  File "/var/lib/juju/agents/unit-mysql-test-app-0/charm/./src/charm.py", line 217, in _stop_continuous_writes
    for attempt in Retrying(stop=stop_after_delay(60), wait=wait_fixed(5)):
  File "/var/lib/juju/agents/unit-mysql-test-app-0/charm/venv/tenacity/__init__.py", line 384, in __iter__
    do = self.iter(retry_state=retry_state)
  File "/var/lib/juju/agents/unit-mysql-test-app-0/charm/venv/tenacity/__init__.py", line 363, in iter
    raise retry_exc from fut.exception()
tenacity.RetryError: RetryError[<Future at 0x7fbef2ce8610 state=finished raised ProgrammingError>]

[32mINFO    [0m pytest_operator.plugin:plugin.py:862 Forgetting main...