{"uid":"ce7fa45b36138a1b","name":"test_build_and_deploy","fullName":"tests.integration.roles.test_instance_roles#test_build_and_deploy","historyId":"a574e0be1568e3891f48f167b62b1d19","time":{"start":1762133952538,"stop":1762134560023,"duration":607485},"description":"Simple test to ensure that the mysql and data-integrator charms get deployed.","descriptionHtml":"<p>Simple test to ensure that the mysql and data-integrator charms get deployed.</p>\n","status":"broken","statusMessage":"TimeoutError: Timed out waiting for model:\nmysql-k8s/0 [idle] maintenance: Initialising mysqld\n  mysql-k8s/1 [idle] waiting: waiting to get cluster primary from peers\n  mysql-k8s/2 [idle] waiting: waiting to get cluster primary from peers","statusTrace":"Traceback (most recent call last):\n  File \"/root/spread_project/.tox/integration/lib/python3.12/site-packages/_pytest/runner.py\", line 341, in from_call\n    result: Optional[TResult] = func()\n                                ^^^^^^\n  File \"/root/spread_project/.tox/integration/lib/python3.12/site-packages/_pytest/runner.py\", line 262, in <lambda>\n    lambda: ihook(item=item, **kwds), when=when, reraise=reraise\n            ^^^^^^^^^^^^^^^^^^^^^^^^\n  File \"/root/spread_project/.tox/integration/lib/python3.12/site-packages/pluggy/_hooks.py\", line 513, in __call__\n    return self._hookexec(self.name, self._hookimpls.copy(), kwargs, firstresult)\n           ^^^^^^^^^^^^^^^^^^^^^^^^^^^^^^^^^^^^^^^^^^^^^^^^^^^^^^^^^^^^^^^^^^^^^^\n  File \"/root/spread_project/.tox/integration/lib/python3.12/site-packages/pluggy/_manager.py\", line 120, in _hookexec\n    return self._inner_hookexec(hook_name, methods, kwargs, firstresult)\n           ^^^^^^^^^^^^^^^^^^^^^^^^^^^^^^^^^^^^^^^^^^^^^^^^^^^^^^^^^^^^^\n  File \"/root/spread_project/.tox/integration/lib/python3.12/site-packages/pluggy/_callers.py\", line 182, in _multicall\n    return outcome.get_result()\n           ^^^^^^^^^^^^^^^^^^^^\n  File \"/root/spread_project/.tox/integration/lib/python3.12/site-packages/pluggy/_result.py\", line 100, in get_result\n    raise exc.with_traceback(exc.__traceback__)\n  File \"/root/spread_project/.tox/integration/lib/python3.12/site-packages/pluggy/_callers.py\", line 103, in _multicall\n    res = hook_impl.function(*args)\n          ^^^^^^^^^^^^^^^^^^^^^^^^^\n  File \"/root/spread_project/.tox/integration/lib/python3.12/site-packages/_pytest/runner.py\", line 177, in pytest_runtest_call\n    raise e\n  File \"/root/spread_project/.tox/integration/lib/python3.12/site-packages/_pytest/runner.py\", line 169, in pytest_runtest_call\n    item.runtest()\n  File \"/root/spread_project/.tox/integration/lib/python3.12/site-packages/_pytest/python.py\", line 1792, in runtest\n    self.ihook.pytest_pyfunc_call(pyfuncitem=self)\n  File \"/root/spread_project/.tox/integration/lib/python3.12/site-packages/pluggy/_hooks.py\", line 513, in __call__\n    return self._hookexec(self.name, self._hookimpls.copy(), kwargs, firstresult)\n           ^^^^^^^^^^^^^^^^^^^^^^^^^^^^^^^^^^^^^^^^^^^^^^^^^^^^^^^^^^^^^^^^^^^^^^\n  File \"/root/spread_project/.tox/integration/lib/python3.12/site-packages/pluggy/_manager.py\", line 120, in _hookexec\n    return self._inner_hookexec(hook_name, methods, kwargs, firstresult)\n           ^^^^^^^^^^^^^^^^^^^^^^^^^^^^^^^^^^^^^^^^^^^^^^^^^^^^^^^^^^^^^\n  File \"/root/spread_project/.tox/integration/lib/python3.12/site-packages/pluggy/_callers.py\", line 182, in _multicall\n    return outcome.get_result()\n           ^^^^^^^^^^^^^^^^^^^^\n  File \"/root/spread_project/.tox/integration/lib/python3.12/site-packages/pluggy/_result.py\", line 100, in get_result\n    raise exc.with_traceback(exc.__traceback__)\n  File \"/root/spread_project/.tox/integration/lib/python3.12/site-packages/pluggy/_callers.py\", line 103, in _multicall\n    res = hook_impl.function(*args)\n          ^^^^^^^^^^^^^^^^^^^^^^^^^\n  File \"/root/spread_project/.tox/integration/lib/python3.12/site-packages/_pytest/python.py\", line 194, in pytest_pyfunc_call\n    result = testfunction(**testargs)\n             ^^^^^^^^^^^^^^^^^^^^^^^^\n  File \"/root/spread_project/.tox/integration/lib/python3.12/site-packages/pytest_asyncio/plugin.py\", line 529, in inner\n    _loop.run_until_complete(task)\n  File \"/usr/lib/python3.12/asyncio/base_events.py\", line 687, in run_until_complete\n    return future.result()\n           ^^^^^^^^^^^^^^^\n  File \"/root/spread_project/tests/integration/roles/test_instance_roles.py\", line 57, in test_build_and_deploy\n    await ops_test.model.wait_for_idle(\n  File \"/root/spread_project/.tox/integration/lib/python3.12/site-packages/juju/model.py\", line 3209, in wait_for_idle\n    raise jasyncio.TimeoutError(\"Timed out waiting for model:\\n\" + busy)\nTimeoutError: Timed out waiting for model:\nmysql-k8s/0 [idle] maintenance: Initialising mysqld\n  mysql-k8s/1 [idle] waiting: waiting to get cluster primary from peers\n  mysql-k8s/2 [idle] waiting: waiting to get cluster primary from peers","flaky":false,"newFailed":false,"newBroken":true,"newPassed":false,"retriesCount":1,"retriesStatusChange":true,"beforeStages":[{"name":"event_loop","time":{"start":1762133952322,"stop":1762133952323,"duration":1},"status":"passed","steps":[],"attachments":[],"parameters":[],"shouldDisplayMessage":false,"stepsCount":0,"attachmentsCount":0,"hasContent":false,"attachmentStep":false},{"name":"tmp_path_factory","time":{"start":1762133952323,"stop":1762133952323,"duration":0},"status":"passed","steps":[],"attachments":[],"parameters":[],"shouldDisplayMessage":false,"stepsCount":0,"attachmentsCount":0,"hasContent":false,"attachmentStep":false},{"name":"charm","time":{"start":1762133952323,"stop":1762133952323,"duration":0},"status":"passed","steps":[],"attachments":[],"parameters":[],"shouldDisplayMessage":false,"stepsCount":0,"attachmentsCount":0,"hasContent":false,"attachmentStep":false},{"name":"ops_test","time":{"start":1762133952323,"stop":1762133952537,"duration":214},"status":"passed","steps":[],"attachments":[],"parameters":[],"shouldDisplayMessage":false,"stepsCount":0,"attachmentsCount":0,"hasContent":false,"attachmentStep":false},{"name":"abort_on_fail","time":{"start":1762133952537,"stop":1762133952537,"duration":0},"status":"passed","steps":[],"attachments":[],"parameters":[],"shouldDisplayMessage":false,"stepsCount":0,"attachmentsCount":0,"hasContent":false,"attachmentStep":false}],"testStage":{"description":"Simple test to ensure that the mysql and data-integrator charms get deployed.","status":"broken","statusMessage":"TimeoutError: Timed out waiting for model:\nmysql-k8s/0 [idle] maintenance: Initialising mysqld\n  mysql-k8s/1 [idle] waiting: waiting to get cluster primary from peers\n  mysql-k8s/2 [idle] waiting: waiting to get cluster primary from peers","statusTrace":"Traceback (most recent call last):\n  File \"/root/spread_project/.tox/integration/lib/python3.12/site-packages/_pytest/runner.py\", line 341, in from_call\n    result: Optional[TResult] = func()\n                                ^^^^^^\n  File \"/root/spread_project/.tox/integration/lib/python3.12/site-packages/_pytest/runner.py\", line 262, in <lambda>\n    lambda: ihook(item=item, **kwds), when=when, reraise=reraise\n            ^^^^^^^^^^^^^^^^^^^^^^^^\n  File \"/root/spread_project/.tox/integration/lib/python3.12/site-packages/pluggy/_hooks.py\", line 513, in __call__\n    return self._hookexec(self.name, self._hookimpls.copy(), kwargs, firstresult)\n           ^^^^^^^^^^^^^^^^^^^^^^^^^^^^^^^^^^^^^^^^^^^^^^^^^^^^^^^^^^^^^^^^^^^^^^\n  File \"/root/spread_project/.tox/integration/lib/python3.12/site-packages/pluggy/_manager.py\", line 120, in _hookexec\n    return self._inner_hookexec(hook_name, methods, kwargs, firstresult)\n           ^^^^^^^^^^^^^^^^^^^^^^^^^^^^^^^^^^^^^^^^^^^^^^^^^^^^^^^^^^^^^\n  File \"/root/spread_project/.tox/integration/lib/python3.12/site-packages/pluggy/_callers.py\", line 182, in _multicall\n    return outcome.get_result()\n           ^^^^^^^^^^^^^^^^^^^^\n  File \"/root/spread_project/.tox/integration/lib/python3.12/site-packages/pluggy/_result.py\", line 100, in get_result\n    raise exc.with_traceback(exc.__traceback__)\n  File \"/root/spread_project/.tox/integration/lib/python3.12/site-packages/pluggy/_callers.py\", line 103, in _multicall\n    res = hook_impl.function(*args)\n          ^^^^^^^^^^^^^^^^^^^^^^^^^\n  File \"/root/spread_project/.tox/integration/lib/python3.12/site-packages/_pytest/runner.py\", line 177, in pytest_runtest_call\n    raise e\n  File \"/root/spread_project/.tox/integration/lib/python3.12/site-packages/_pytest/runner.py\", line 169, in pytest_runtest_call\n    item.runtest()\n  File \"/root/spread_project/.tox/integration/lib/python3.12/site-packages/_pytest/python.py\", line 1792, in runtest\n    self.ihook.pytest_pyfunc_call(pyfuncitem=self)\n  File \"/root/spread_project/.tox/integration/lib/python3.12/site-packages/pluggy/_hooks.py\", line 513, in __call__\n    return self._hookexec(self.name, self._hookimpls.copy(), kwargs, firstresult)\n           ^^^^^^^^^^^^^^^^^^^^^^^^^^^^^^^^^^^^^^^^^^^^^^^^^^^^^^^^^^^^^^^^^^^^^^\n  File \"/root/spread_project/.tox/integration/lib/python3.12/site-packages/pluggy/_manager.py\", line 120, in _hookexec\n    return self._inner_hookexec(hook_name, methods, kwargs, firstresult)\n           ^^^^^^^^^^^^^^^^^^^^^^^^^^^^^^^^^^^^^^^^^^^^^^^^^^^^^^^^^^^^^\n  File \"/root/spread_project/.tox/integration/lib/python3.12/site-packages/pluggy/_callers.py\", line 182, in _multicall\n    return outcome.get_result()\n           ^^^^^^^^^^^^^^^^^^^^\n  File \"/root/spread_project/.tox/integration/lib/python3.12/site-packages/pluggy/_result.py\", line 100, in get_result\n    raise exc.with_traceback(exc.__traceback__)\n  File \"/root/spread_project/.tox/integration/lib/python3.12/site-packages/pluggy/_callers.py\", line 103, in _multicall\n    res = hook_impl.function(*args)\n          ^^^^^^^^^^^^^^^^^^^^^^^^^\n  File \"/root/spread_project/.tox/integration/lib/python3.12/site-packages/_pytest/python.py\", line 194, in pytest_pyfunc_call\n    result = testfunction(**testargs)\n             ^^^^^^^^^^^^^^^^^^^^^^^^\n  File \"/root/spread_project/.tox/integration/lib/python3.12/site-packages/pytest_asyncio/plugin.py\", line 529, in inner\n    _loop.run_until_complete(task)\n  File \"/usr/lib/python3.12/asyncio/base_events.py\", line 687, in run_until_complete\n    return future.result()\n           ^^^^^^^^^^^^^^^\n  File \"/root/spread_project/tests/integration/roles/test_instance_roles.py\", line 57, in test_build_and_deploy\n    await ops_test.model.wait_for_idle(\n  File \"/root/spread_project/.tox/integration/lib/python3.12/site-packages/juju/model.py\", line 3209, in wait_for_idle\n    raise jasyncio.TimeoutError(\"Timed out waiting for model:\\n\" + busy)\nTimeoutError: Timed out waiting for model:\nmysql-k8s/0 [idle] maintenance: Initialising mysqld\n  mysql-k8s/1 [idle] waiting: waiting to get cluster primary from peers\n  mysql-k8s/2 [idle] waiting: waiting to get cluster primary from peers","steps":[],"attachments":[{"uid":"e783f0282bb9d8ce","name":"log","source":"e783f0282bb9d8ce.txt","type":"text/plain","size":6047}],"parameters":[],"shouldDisplayMessage":true,"stepsCount":0,"attachmentsCount":1,"hasContent":true,"attachmentStep":false},"afterStages":[{"name":"abort_on_fail::0","time":{"start":1762134560038,"stop":1762134560038,"duration":0},"status":"passed","steps":[],"attachments":[],"parameters":[],"shouldDisplayMessage":false,"stepsCount":0,"attachmentsCount":0,"hasContent":false,"attachmentStep":false},{"name":"ops_test::finalizer","time":{"start":1762134560045,"stop":1762134560431,"duration":386},"status":"passed","steps":[],"attachments":[],"parameters":[],"shouldDisplayMessage":false,"stepsCount":0,"attachmentsCount":0,"hasContent":false,"attachmentStep":false},{"name":"event_loop::2","time":{"start":1762134560432,"stop":1762134560432,"duration":0},"status":"passed","steps":[],"attachments":[],"parameters":[],"shouldDisplayMessage":false,"stepsCount":0,"attachmentsCount":0,"hasContent":false,"attachmentStep":false},{"name":"event_loop::_close_event_loop","time":{"start":1762134560432,"stop":1762134560432,"duration":0},"status":"passed","steps":[],"attachments":[],"parameters":[],"shouldDisplayMessage":false,"stepsCount":0,"attachmentsCount":0,"hasContent":false,"attachmentStep":false},{"name":"event_loop::_provide_clean_event_loop","time":{"start":1762134560432,"stop":1762134560432,"duration":0},"status":"passed","steps":[],"attachments":[],"parameters":[],"shouldDisplayMessage":false,"stepsCount":0,"attachmentsCount":0,"hasContent":false,"attachmentStep":false}],"labels":[{"name":"tag","value":"abort_on_fail"},{"name":"tag","value":"asyncio"},{"name":"parentSuite","value":"tests.integration.roles"},{"name":"suite","value":"test_instance_roles"},{"name":"host","value":"runnervmf2e7y"},{"name":"thread","value":"19635-MainThread"},{"name":"framework","value":"pytest"},{"name":"language","value":"cpython3"},{"name":"package","value":"tests.integration.roles.test_instance_roles"},{"name":"resultFormat","value":"allure2"}],"parameters":[],"links":[],"hidden":false,"retry":false,"extra":{"severity":"normal","retries":[{"uid":"24471388edfec7ed","status":"unknown","time":{}}],"categories":[{"name":"Test defects","matchedStatuses":[]}],"history":{"statistic":{"failed":0,"broken":1,"skipped":0,"passed":57,"unknown":2,"total":60},"items":[{"uid":"6a45bf9fdd9d95c8","reportUrl":"../3411//#testresult/6a45bf9fdd9d95c8","status":"passed","time":{"start":1762048642881,"stop":1762048804074,"duration":161193}},{"uid":"97425c4490f08faf","reportUrl":"../3410//#testresult/97425c4490f08faf","status":"passed","time":{"start":1761963100761,"stop":1761963272896,"duration":172135}},{"uid":"3897da43ca206067","reportUrl":"../3409//#testresult/3897da43ca206067","status":"passed","time":{"start":1761875063475,"stop":1761875222616,"duration":159141}},{"uid":"da02d72583ee31e9","reportUrl":"../3404//#testresult/da02d72583ee31e9","status":"passed","time":{"start":1761828437604,"stop":1761828606109,"duration":168505}},{"uid":"7d80664b1719f792","reportUrl":"../3393//#testresult/7d80664b1719f792","status":"passed","time":{"start":1761702263429,"stop":1761702426460,"duration":163031}},{"uid":"8358ee05064fabf3","reportUrl":"../3382//#testresult/8358ee05064fabf3","status":"passed","time":{"start":1761616193923,"stop":1761616360620,"duration":166697}},{"uid":"87fcf2dd3790b07b","reportUrl":"../3374//#testresult/87fcf2dd3790b07b","status":"passed","time":{"start":1761530739498,"stop":1761530912676,"duration":173178}},{"uid":"9fc698aaccd6404f","reportUrl":"../3373//#testresult/9fc698aaccd6404f","status":"passed","time":{"start":1761443653175,"stop":1761443823082,"duration":169907}},{"uid":"19f894077a9c912e","reportUrl":"../3372//#testresult/19f894077a9c912e","status":"passed","time":{"start":1761356933754,"stop":1761357092269,"duration":158515}},{"uid":"2bfdd9715a265f91","reportUrl":"../3364//#testresult/2bfdd9715a265f91","status":"passed","time":{"start":1761270837112,"stop":1761271010552,"duration":173440}},{"uid":"89901e5f9e6bba60","reportUrl":"../3358//#testresult/89901e5f9e6bba60","status":"passed","time":{"start":1761183805599,"stop":1761183992905,"duration":187306}},{"uid":"e4044a1efdeae55b","reportUrl":"../3355//#testresult/e4044a1efdeae55b","status":"passed","time":{"start":1761103761999,"stop":1761103935144,"duration":173145}},{"uid":"9699b208568b868a","reportUrl":"../3351//#testresult/9699b208568b868a","status":"passed","time":{"start":1761011720743,"stop":1761011888841,"duration":168098}},{"uid":"e9527e5e912122a9","reportUrl":"../3344//#testresult/e9527e5e912122a9","status":"passed","time":{"start":1760925855053,"stop":1760926020166,"duration":165113}},{"uid":"f9e8c574a7cebf69","reportUrl":"../3343//#testresult/f9e8c574a7cebf69","status":"passed","time":{"start":1760838142743,"stop":1760838298071,"duration":155328}},{"uid":"86b16a9d09392054","reportUrl":"../3342//#testresult/86b16a9d09392054","status":"passed","time":{"start":1760777105722,"stop":1760777262012,"duration":156290}},{"uid":"941628685792b8bf","reportUrl":"../3338//#testresult/941628685792b8bf","status":"passed","time":{"start":1760684325867,"stop":1760684492507,"duration":166640}},{"uid":"4418ab7841a965ae","reportUrl":"../3336//#testresult/4418ab7841a965ae","status":"passed","time":{"start":1760580000129,"stop":1760580152823,"duration":152694}},{"uid":"3cc89cae5f3986f6","reportUrl":"../3334//#testresult/3cc89cae5f3986f6","status":"passed","time":{"start":1760493090730,"stop":1760493248695,"duration":157965}},{"uid":"723ba9b8e03c6896","reportUrl":"../3327//#testresult/723ba9b8e03c6896","status":"passed","time":{"start":1760407220529,"stop":1760407393237,"duration":172708}}]},"tags":["asyncio","abort_on_fail"]},"source":"ce7fa45b36138a1b.json","parameterValues":[]}