[32mINFO    [0m integration.test_charm:test_charm.py:341 Checking that max_connections is set to 100 on mysql-k8s/0
[32mINFO    [0m integration.test_charm:test_charm.py:341 Checking that innodb_buffer_pool_size is set to 20971520 on mysql-k8s/0
[32mINFO    [0m integration.test_charm:test_charm.py:341 Checking that innodb_buffer_pool_chunk_size is set to 1048576 on mysql-k8s/0
[32mINFO    [0m integration.test_charm:test_charm.py:341 Checking that group_replication_message_cache_size is set to 134217728 on mysql-k8s/0
[32mINFO    [0m integration.test_charm:test_charm.py:341 Checking that max_connections is set to 100 on mysql-k8s/1
[32mINFO    [0m integration.test_charm:test_charm.py:341 Checking that innodb_buffer_pool_size is set to 20971520 on mysql-k8s/1
[32mINFO    [0m integration.test_charm:test_charm.py:341 Checking that innodb_buffer_pool_chunk_size is set to 1048576 on mysql-k8s/1
[32mINFO    [0m integration.test_charm:test_charm.py:341 Checking that group_replication_message_cache_size is set to 134217728 on mysql-k8s/1
[32mINFO    [0m integration.test_charm:test_charm.py:341 Checking that max_connections is set to 100 on mysql-k8s/2
[32mINFO    [0m integration.test_charm:test_charm.py:341 Checking that innodb_buffer_pool_size is set to 20971520 on mysql-k8s/2
[32mINFO    [0m integration.test_charm:test_charm.py:341 Checking that innodb_buffer_pool_chunk_size is set to 1048576 on mysql-k8s/2
[32mINFO    [0m integration.test_charm:test_charm.py:341 Checking that group_replication_message_cache_size is set to 134217728 on mysql-k8s/2
[32mINFO    [0m pytest_operator.plugin:plugin.py:790 Model status:

Model    Controller          Cloud/Region        Version  SLA          Timestamp
testing  concierge-microk8s  microk8s/localhost  3.6.9    unsupported  02:08:51Z

App        Version  Status  Scale  Charm      Channel  Rev  Address        Exposed  Message
mysql-k8s           active      3  mysql-k8s             0  10.152.183.86  no       

Unit          Workload  Agent  Address     Ports  Message
mysql-k8s/0*  active    idle   10.1.72.84         Primary
mysql-k8s/1   active    idle   10.1.72.86         
mysql-k8s/2   active    idle   10.1.72.85         

[32mINFO    [0m pytest_operator.plugin:plugin.py:796 Juju error logs:

unit-mysql-k8s-2: 02:05:04 ERROR unit.mysql-k8s/2.juju-log Failed to execute mysql-shell command
Traceback (most recent call last):
  File "/var/lib/juju/agents/unit-mysql-k8s-2/charm/src/mysql_k8s_helpers.py", line 714, in _run_mysqlsh_script
    stdout, _ = process.wait_output()
  File "/var/lib/juju/agents/unit-mysql-k8s-2/charm/venv/lib/python3.10/site-packages/ops/pebble.py", line 1771, in wait_output
    raise ExecError[AnyStr](self._command, exit_code, out_value, err_value)
ops.pebble.ExecError: non-zero exit code 1 executing ['/usr/bin/mysqlsh', '--passwords-from-stdin', '--uri=serverconfig@mysql-k8s-2.mysql-k8s-endpoints.testing.svc.cluster.local.:33062', '--python', '--verbose=0', '-c', "shell.options.set('useWizards', False)\nprint('###')\ncluster = dba.get_cluster('test_cluster')\nprint(cluster.status({'extended': False}))"], stdout="\x1b[1mPlease provide the password for 'serverconfig@mysql-k8s-2.mysql-k8s-endpoints.testing.svc.cluster.local.:33062': \x1b[0m###\n", stderr='Cannot set LC_ALL to locale en_US.UTF-8: No such file or directory\nTraceback (most recent call last):\n  File "<string>", line 4, in <module>\nRuntimeError: Cluster.status: Could not determine whether the instance is an InnoDB cluster or ReplicaSet.\n\n'
unit-mysql-k8s-2: 02:05:04 ERROR unit.mysql-k8s/2.juju-log Failed to get cluster status for test_cluster
unit-mysql-k8s-1: 02:05:04 ERROR unit.mysql-k8s/1.juju-log Failed to execute mysql-shell command
Traceback (most recent call last):
  File "/var/lib/juju/agents/unit-mysql-k8s-1/charm/src/mysql_k8s_helpers.py", line 714, in _run_mysqlsh_script
    stdout, _ = process.wait_output()
  File "/var/lib/juju/agents/unit-mysql-k8s-1/charm/venv/lib/python3.10/site-packages/ops/pebble.py", line 1771, in wait_output
    raise ExecError[AnyStr](self._command, exit_code, out_value, err_value)
ops.pebble.ExecError: non-zero exit code 1 executing ['/usr/bin/mysqlsh', '--passwords-from-stdin', '--uri=serverconfig@mysql-k8s-1.mysql-k8s-endpoints.testing.svc.cluster.local.:33062', '--python', '--verbose=0', '-c', "shell.options.set('useWizards', False)\nprint('###')\nshell.connect_to_primary()\nprimary_address = shell.parse_uri(session.uri)['host']\nprint(f'<PRIMARY_ADDRESS>{primary_address}</PRIMARY_ADDRESS>')"], stdout="\x1b[1mPlease provide the password for 'serverconfig@mysql-k8s-1.mysql-k8s-endpoints.testing.svc.cluster.local.:33062': \x1b[0m###\n", stderr='Cannot set LC_ALL to locale en_US.UTF-8: No such file or directory\nTraceback (most recent call last):\n  File "<string>", line 3, in <module>\nmysqlsh.Error: Shell Error (51104): Shell.connect_to_primary: Metadata for instance d1f67e6e-9da0-11f0-a2f7-72a708bba7e2 not found\n'
unit-mysql-k8s-2: 02:05:04 ERROR unit.mysql-k8s/2.juju-log Failed to execute mysql-shell command
Traceback (most recent call last):
  File "/var/lib/juju/agents/unit-mysql-k8s-2/charm/src/mysql_k8s_helpers.py", line 714, in _run_mysqlsh_script
    stdout, _ = process.wait_output()
  File "/var/lib/juju/agents/unit-mysql-k8s-2/charm/venv/lib/python3.10/site-packages/ops/pebble.py", line 1771, in wait_output
    raise ExecError[AnyStr](self._command, exit_code, out_value, err_value)
ops.pebble.ExecError: non-zero exit code 1 executing ['/usr/bin/mysqlsh', '--passwords-from-stdin', '--uri=serverconfig@mysql-k8s-2.mysql-k8s-endpoints.testing.svc.cluster.local.:33062', '--python', '--verbose=0', '-c', "shell.options.set('useWizards', False)\nprint('###')\nshell.connect_to_primary()\nprimary_address = shell.parse_uri(session.uri)['host']\nprint(f'<PRIMARY_ADDRESS>{primary_address}</PRIMARY_ADDRESS>')"], stdout="\x1b[1mPlease provide the password for 'serverconfig@mysql-k8s-2.mysql-k8s-endpoints.testing.svc.cluster.local.:33062': \x1b[0m###\n", stderr='Cannot set LC_ALL to locale en_US.UTF-8: No such file or directory\nTraceback (most recent call last):\n  File "<string>", line 3, in <module>\nmysqlsh.Error: Shell Error (51104): Shell.connect_to_primary: Metadata for instance d1f67e6e-9da0-11f0-a2f7-72a708bba7e2 not found\n'

[32mINFO    [0m pytest_operator.plugin:plugin.py:862 Forgetting main...