{"uid":"bb9211412fa2700","name":"test_labeling_of_k8s_endpoints","fullName":"tests.integration.integration.high_availability.test_replication_unit_endpoints#test_labeling_of_k8s_endpoints","historyId":"88881c8f2210ee7a8585c9ff9fa39ad5","time":{"start":1768182644469,"stop":1768182649467,"duration":4998},"description":"Test the labeling of k8s endpoints when apps with same cluster-name deployed.","descriptionHtml":"<p>Test the labeling of k8s endpoints when apps with same cluster-name deployed.</p>\n","status":"broken","statusMessage":"lightkube.core.exceptions.ApiError: endpoints \"mysql-k8s2-primary\" not found","statusTrace":"Traceback (most recent call last):\n  File \"/root/spread_project/.tox/integration/lib/python3.12/site-packages/lightkube/core/generic_client.py\", line 235, in raise_for_status\n    resp.raise_for_status()\n  File \"/root/spread_project/.tox/integration/lib/python3.12/site-packages/httpx/_models.py\", line 761, in raise_for_status\n    raise HTTPStatusError(message, request=request, response=self)\nhttpx.HTTPStatusError: Client error '404 Not Found' for url 'https://10.1.0.196:16443/api/v1/namespaces/testing/endpoints/mysql-k8s2-primary'\nFor more information check: https://developer.mozilla.org/en-US/docs/Web/HTTP/Status/404\n\nDuring handling of the above exception, another exception occurred:\n\nTraceback (most recent call last):\n  File \"/root/spread_project/.tox/integration/lib/python3.12/site-packages/_pytest/runner.py\", line 341, in from_call\n    result: Optional[TResult] = func()\n                                ^^^^^^\n  File \"/root/spread_project/.tox/integration/lib/python3.12/site-packages/_pytest/runner.py\", line 262, in <lambda>\n    lambda: ihook(item=item, **kwds), when=when, reraise=reraise\n            ^^^^^^^^^^^^^^^^^^^^^^^^\n  File \"/root/spread_project/.tox/integration/lib/python3.12/site-packages/pluggy/_hooks.py\", line 513, in __call__\n    return self._hookexec(self.name, self._hookimpls.copy(), kwargs, firstresult)\n           ^^^^^^^^^^^^^^^^^^^^^^^^^^^^^^^^^^^^^^^^^^^^^^^^^^^^^^^^^^^^^^^^^^^^^^\n  File \"/root/spread_project/.tox/integration/lib/python3.12/site-packages/pluggy/_manager.py\", line 120, in _hookexec\n    return self._inner_hookexec(hook_name, methods, kwargs, firstresult)\n           ^^^^^^^^^^^^^^^^^^^^^^^^^^^^^^^^^^^^^^^^^^^^^^^^^^^^^^^^^^^^^\n  File \"/root/spread_project/.tox/integration/lib/python3.12/site-packages/pluggy/_callers.py\", line 182, in _multicall\n    return outcome.get_result()\n           ^^^^^^^^^^^^^^^^^^^^\n  File \"/root/spread_project/.tox/integration/lib/python3.12/site-packages/pluggy/_result.py\", line 100, in get_result\n    raise exc.with_traceback(exc.__traceback__)\n  File \"/root/spread_project/.tox/integration/lib/python3.12/site-packages/pluggy/_callers.py\", line 103, in _multicall\n    res = hook_impl.function(*args)\n          ^^^^^^^^^^^^^^^^^^^^^^^^^\n  File \"/root/spread_project/.tox/integration/lib/python3.12/site-packages/_pytest/runner.py\", line 177, in pytest_runtest_call\n    raise e\n  File \"/root/spread_project/.tox/integration/lib/python3.12/site-packages/_pytest/runner.py\", line 169, in pytest_runtest_call\n    item.runtest()\n  File \"/root/spread_project/.tox/integration/lib/python3.12/site-packages/_pytest/python.py\", line 1792, in runtest\n    self.ihook.pytest_pyfunc_call(pyfuncitem=self)\n  File \"/root/spread_project/.tox/integration/lib/python3.12/site-packages/pluggy/_hooks.py\", line 513, in __call__\n    return self._hookexec(self.name, self._hookimpls.copy(), kwargs, firstresult)\n           ^^^^^^^^^^^^^^^^^^^^^^^^^^^^^^^^^^^^^^^^^^^^^^^^^^^^^^^^^^^^^^^^^^^^^^\n  File \"/root/spread_project/.tox/integration/lib/python3.12/site-packages/pluggy/_manager.py\", line 120, in _hookexec\n    return self._inner_hookexec(hook_name, methods, kwargs, firstresult)\n           ^^^^^^^^^^^^^^^^^^^^^^^^^^^^^^^^^^^^^^^^^^^^^^^^^^^^^^^^^^^^^\n  File \"/root/spread_project/.tox/integration/lib/python3.12/site-packages/pluggy/_callers.py\", line 182, in _multicall\n    return outcome.get_result()\n           ^^^^^^^^^^^^^^^^^^^^\n  File \"/root/spread_project/.tox/integration/lib/python3.12/site-packages/pluggy/_result.py\", line 100, in get_result\n    raise exc.with_traceback(exc.__traceback__)\n  File \"/root/spread_project/.tox/integration/lib/python3.12/site-packages/pluggy/_callers.py\", line 103, in _multicall\n    res = hook_impl.function(*args)\n          ^^^^^^^^^^^^^^^^^^^^^^^^^\n  File \"/root/spread_project/.tox/integration/lib/python3.12/site-packages/_pytest/python.py\", line 194, in pytest_pyfunc_call\n    result = testfunction(**testargs)\n             ^^^^^^^^^^^^^^^^^^^^^^^^\n  File \"/root/spread_project/tests/integration/integration/high_availability/test_replication_unit_endpoints.py\", line 116, in test_labeling_of_k8s_endpoints\n    check_endpoint_addresses(juju, MYSQL_APP_NAME_2)\n  File \"/root/spread_project/tests/integration/integration/high_availability/test_replication_unit_endpoints.py\", line 126, in check_endpoint_addresses\n    cluster_primary_addresses = get_k8s_endpoint_addresses(juju, f\"{mysql_app_name}-primary\")\n                                ^^^^^^^^^^^^^^^^^^^^^^^^^^^^^^^^^^^^^^^^^^^^^^^^^^^^^^^^^^^^^\n  File \"/root/spread_project/tests/integration/helpers_ha.py\", line 156, in get_k8s_endpoint_addresses\n    endpoint = client.get(\n               ^^^^^^^^^^^\n  File \"/root/spread_project/.tox/integration/lib/python3.12/site-packages/lightkube/core/client.py\", line 230, in get\n    return self._client.request(\"get\", res=res, name=name, namespace=namespace)\n           ^^^^^^^^^^^^^^^^^^^^^^^^^^^^^^^^^^^^^^^^^^^^^^^^^^^^^^^^^^^^^^^^^^^^\n  File \"/root/spread_project/.tox/integration/lib/python3.12/site-packages/lightkube/core/generic_client.py\", line 311, in request\n    return self.handle_response(method, resp, br)\n           ^^^^^^^^^^^^^^^^^^^^^^^^^^^^^^^^^^^^^^\n  File \"/root/spread_project/.tox/integration/lib/python3.12/site-packages/lightkube/core/generic_client.py\", line 251, in handle_response\n    self.raise_for_status(resp)\n  File \"/root/spread_project/.tox/integration/lib/python3.12/site-packages/lightkube/core/generic_client.py\", line 237, in raise_for_status\n    raise transform_exception(e)\nlightkube.core.exceptions.ApiError: endpoints \"mysql-k8s2-primary\" not found","flaky":true,"newFailed":false,"newBroken":true,"newPassed":false,"retriesCount":1,"retriesStatusChange":true,"beforeStages":[{"name":"juju","time":{"start":1768182481286,"stop":1768182481571,"duration":285},"status":"passed","steps":[],"attachments":[],"parameters":[],"shouldDisplayMessage":false,"stepsCount":0,"attachmentsCount":0,"hasContent":false,"attachmentStep":false},{"name":"abort_on_fail","time":{"start":1768182644469,"stop":1768182644469,"duration":0},"status":"passed","steps":[],"attachments":[],"parameters":[],"shouldDisplayMessage":false,"stepsCount":0,"attachmentsCount":0,"hasContent":false,"attachmentStep":false}],"testStage":{"description":"Test the labeling of k8s endpoints when apps with same cluster-name deployed.","status":"broken","statusMessage":"lightkube.core.exceptions.ApiError: endpoints \"mysql-k8s2-primary\" not found","statusTrace":"Traceback (most recent call last):\n  File \"/root/spread_project/.tox/integration/lib/python3.12/site-packages/lightkube/core/generic_client.py\", line 235, in raise_for_status\n    resp.raise_for_status()\n  File \"/root/spread_project/.tox/integration/lib/python3.12/site-packages/httpx/_models.py\", line 761, in raise_for_status\n    raise HTTPStatusError(message, request=request, response=self)\nhttpx.HTTPStatusError: Client error '404 Not Found' for url 'https://10.1.0.196:16443/api/v1/namespaces/testing/endpoints/mysql-k8s2-primary'\nFor more information check: https://developer.mozilla.org/en-US/docs/Web/HTTP/Status/404\n\nDuring handling of the above exception, another exception occurred:\n\nTraceback (most recent call last):\n  File \"/root/spread_project/.tox/integration/lib/python3.12/site-packages/_pytest/runner.py\", line 341, in from_call\n    result: Optional[TResult] = func()\n                                ^^^^^^\n  File \"/root/spread_project/.tox/integration/lib/python3.12/site-packages/_pytest/runner.py\", line 262, in <lambda>\n    lambda: ihook(item=item, **kwds), when=when, reraise=reraise\n            ^^^^^^^^^^^^^^^^^^^^^^^^\n  File \"/root/spread_project/.tox/integration/lib/python3.12/site-packages/pluggy/_hooks.py\", line 513, in __call__\n    return self._hookexec(self.name, self._hookimpls.copy(), kwargs, firstresult)\n           ^^^^^^^^^^^^^^^^^^^^^^^^^^^^^^^^^^^^^^^^^^^^^^^^^^^^^^^^^^^^^^^^^^^^^^\n  File \"/root/spread_project/.tox/integration/lib/python3.12/site-packages/pluggy/_manager.py\", line 120, in _hookexec\n    return self._inner_hookexec(hook_name, methods, kwargs, firstresult)\n           ^^^^^^^^^^^^^^^^^^^^^^^^^^^^^^^^^^^^^^^^^^^^^^^^^^^^^^^^^^^^^\n  File \"/root/spread_project/.tox/integration/lib/python3.12/site-packages/pluggy/_callers.py\", line 182, in _multicall\n    return outcome.get_result()\n           ^^^^^^^^^^^^^^^^^^^^\n  File \"/root/spread_project/.tox/integration/lib/python3.12/site-packages/pluggy/_result.py\", line 100, in get_result\n    raise exc.with_traceback(exc.__traceback__)\n  File \"/root/spread_project/.tox/integration/lib/python3.12/site-packages/pluggy/_callers.py\", line 103, in _multicall\n    res = hook_impl.function(*args)\n          ^^^^^^^^^^^^^^^^^^^^^^^^^\n  File \"/root/spread_project/.tox/integration/lib/python3.12/site-packages/_pytest/runner.py\", line 177, in pytest_runtest_call\n    raise e\n  File \"/root/spread_project/.tox/integration/lib/python3.12/site-packages/_pytest/runner.py\", line 169, in pytest_runtest_call\n    item.runtest()\n  File \"/root/spread_project/.tox/integration/lib/python3.12/site-packages/_pytest/python.py\", line 1792, in runtest\n    self.ihook.pytest_pyfunc_call(pyfuncitem=self)\n  File \"/root/spread_project/.tox/integration/lib/python3.12/site-packages/pluggy/_hooks.py\", line 513, in __call__\n    return self._hookexec(self.name, self._hookimpls.copy(), kwargs, firstresult)\n           ^^^^^^^^^^^^^^^^^^^^^^^^^^^^^^^^^^^^^^^^^^^^^^^^^^^^^^^^^^^^^^^^^^^^^^\n  File \"/root/spread_project/.tox/integration/lib/python3.12/site-packages/pluggy/_manager.py\", line 120, in _hookexec\n    return self._inner_hookexec(hook_name, methods, kwargs, firstresult)\n           ^^^^^^^^^^^^^^^^^^^^^^^^^^^^^^^^^^^^^^^^^^^^^^^^^^^^^^^^^^^^^\n  File \"/root/spread_project/.tox/integration/lib/python3.12/site-packages/pluggy/_callers.py\", line 182, in _multicall\n    return outcome.get_result()\n           ^^^^^^^^^^^^^^^^^^^^\n  File \"/root/spread_project/.tox/integration/lib/python3.12/site-packages/pluggy/_result.py\", line 100, in get_result\n    raise exc.with_traceback(exc.__traceback__)\n  File \"/root/spread_project/.tox/integration/lib/python3.12/site-packages/pluggy/_callers.py\", line 103, in _multicall\n    res = hook_impl.function(*args)\n          ^^^^^^^^^^^^^^^^^^^^^^^^^\n  File \"/root/spread_project/.tox/integration/lib/python3.12/site-packages/_pytest/python.py\", line 194, in pytest_pyfunc_call\n    result = testfunction(**testargs)\n             ^^^^^^^^^^^^^^^^^^^^^^^^\n  File \"/root/spread_project/tests/integration/integration/high_availability/test_replication_unit_endpoints.py\", line 116, in test_labeling_of_k8s_endpoints\n    check_endpoint_addresses(juju, MYSQL_APP_NAME_2)\n  File \"/root/spread_project/tests/integration/integration/high_availability/test_replication_unit_endpoints.py\", line 126, in check_endpoint_addresses\n    cluster_primary_addresses = get_k8s_endpoint_addresses(juju, f\"{mysql_app_name}-primary\")\n                                ^^^^^^^^^^^^^^^^^^^^^^^^^^^^^^^^^^^^^^^^^^^^^^^^^^^^^^^^^^^^^\n  File \"/root/spread_project/tests/integration/helpers_ha.py\", line 156, in get_k8s_endpoint_addresses\n    endpoint = client.get(\n               ^^^^^^^^^^^\n  File \"/root/spread_project/.tox/integration/lib/python3.12/site-packages/lightkube/core/client.py\", line 230, in get\n    return self._client.request(\"get\", res=res, name=name, namespace=namespace)\n           ^^^^^^^^^^^^^^^^^^^^^^^^^^^^^^^^^^^^^^^^^^^^^^^^^^^^^^^^^^^^^^^^^^^^\n  File \"/root/spread_project/.tox/integration/lib/python3.12/site-packages/lightkube/core/generic_client.py\", line 311, in request\n    return self.handle_response(method, resp, br)\n           ^^^^^^^^^^^^^^^^^^^^^^^^^^^^^^^^^^^^^^\n  File \"/root/spread_project/.tox/integration/lib/python3.12/site-packages/lightkube/core/generic_client.py\", line 251, in handle_response\n    self.raise_for_status(resp)\n  File \"/root/spread_project/.tox/integration/lib/python3.12/site-packages/lightkube/core/generic_client.py\", line 237, in raise_for_status\n    raise transform_exception(e)\nlightkube.core.exceptions.ApiError: endpoints \"mysql-k8s2-primary\" not found","steps":[],"attachments":[{"uid":"59e7b5ba1fcbf7d6","name":"log","source":"59e7b5ba1fcbf7d6.txt","type":"text/plain","size":1385}],"parameters":[],"shouldDisplayMessage":true,"stepsCount":0,"attachmentsCount":1,"hasContent":true,"attachmentStep":false},"afterStages":[{"name":"abort_on_fail::0","time":{"start":1768182649471,"stop":1768182649471,"duration":0},"status":"passed","steps":[],"attachments":[],"parameters":[],"shouldDisplayMessage":false,"stepsCount":0,"attachmentsCount":0,"hasContent":false,"attachmentStep":false},{"name":"juju::0","time":{"start":1768182649474,"stop":1768182650220,"duration":746},"status":"passed","steps":[],"attachments":[],"parameters":[],"shouldDisplayMessage":false,"stepsCount":0,"attachmentsCount":0,"hasContent":false,"attachmentStep":false}],"labels":[{"name":"tag","value":"abort_on_fail"},{"name":"parentSuite","value":"tests.integration.integration.high_availability"},{"name":"suite","value":"test_replication_unit_endpoints"},{"name":"host","value":"runnervmi13qx"},{"name":"thread","value":"18138-MainThread"},{"name":"framework","value":"pytest"},{"name":"language","value":"cpython3"},{"name":"package","value":"tests.integration.integration.high_availability.test_replication_unit_endpoints"},{"name":"resultFormat","value":"allure2"}],"parameters":[],"links":[],"hidden":false,"retry":false,"extra":{"severity":"normal","retries":[{"uid":"39ae2a58e09e2d53","status":"unknown","time":{}}],"categories":[{"name":"Test defects","matchedStatuses":[]}],"history":{"statistic":{"failed":2,"broken":8,"skipped":0,"passed":24,"unknown":1,"total":35},"items":[{"uid":"a1df4bfac80cdbee","reportUrl":"../60//#testresult/a1df4bfac80cdbee","status":"passed","time":{"start":1768096252917,"stop":1768096256016,"duration":3099}},{"uid":"7a093458f18c9d56","reportUrl":"../59//#testresult/7a093458f18c9d56","status":"broken","statusDetails":"lightkube.core.exceptions.ApiError: endpoints \"mysql-k8s2-primary\" not found","time":{"start":1768010656272,"stop":1768010659952,"duration":3680}},{"uid":"bd00f7d66b9bb79a","reportUrl":"../58//#testresult/bd00f7d66b9bb79a","status":"passed","time":{"start":1767923988716,"stop":1767923990909,"duration":2193}},{"uid":"b7f4d67470f0d83b","reportUrl":"../56//#testresult/b7f4d67470f0d83b","status":"passed","time":{"start":1767751124455,"stop":1767751128085,"duration":3630}},{"uid":"1ed035a00fa72777","reportUrl":"../55//#testresult/1ed035a00fa72777","status":"failed","statusDetails":"AssertionError: assert {'10.1.206.82', '10.1.206.84'} == {'10.1.206.82...'10.1.206.84'}\n  Extra items in the right set:\n  '10.1.206.83'\n  Full diff:\n  - {'10.1.206.84', '10.1.206.83', '10.1.206.82'}\n  ?                 ---------------\n  + {'10.1.206.84', '10.1.206.82'}","time":{"start":1767664912004,"stop":1767664916522,"duration":4518}},{"uid":"f84d0ccd06c83933","reportUrl":"../54//#testresult/f84d0ccd06c83933","status":"broken","statusDetails":"TypeError: 'NoneType' object is not iterable","time":{"start":1767578585073,"stop":1767578589799,"duration":4726}},{"uid":"75b9c5bff3e34396","reportUrl":"../53//#testresult/75b9c5bff3e34396","status":"passed","time":{"start":1767493330840,"stop":1767493332977,"duration":2137}},{"uid":"a2e036ece6f4e52c","reportUrl":"../52//#testresult/a2e036ece6f4e52c","status":"passed","time":{"start":1767404701486,"stop":1767404707009,"duration":5523}},{"uid":"4587c1e113e9379d","reportUrl":"../51//#testresult/4587c1e113e9379d","status":"passed","time":{"start":1767318769286,"stop":1767318771682,"duration":2396}},{"uid":"ac20f829addb853c","reportUrl":"../50//#testresult/ac20f829addb853c","status":"passed","time":{"start":1767232161999,"stop":1767232166036,"duration":4037}},{"uid":"ab3694e888439fd6","reportUrl":"../49//#testresult/ab3694e888439fd6","status":"passed","time":{"start":1767145741228,"stop":1767145744507,"duration":3279}},{"uid":"5fcd89f4891228e1","reportUrl":"../48//#testresult/5fcd89f4891228e1","status":"passed","time":{"start":1767059446408,"stop":1767059451325,"duration":4917}},{"uid":"ca48f29b974039aa","reportUrl":"../47//#testresult/ca48f29b974039aa","status":"broken","statusDetails":"lightkube.core.exceptions.ApiError: endpoints \"mysql-k8s2-primary\" not found","time":{"start":1766973036581,"stop":1766973041804,"duration":5223}},{"uid":"d674de5bbeb6b6c3","reportUrl":"../46//#testresult/d674de5bbeb6b6c3","status":"broken","statusDetails":"lightkube.core.exceptions.ApiError: endpoints \"mysql-k8s2-primary\" not found","time":{"start":1766886495192,"stop":1766886500562,"duration":5370}},{"uid":"6947b6e92e63be28","reportUrl":"../45//#testresult/6947b6e92e63be28","status":"unknown","time":{}},{"uid":"19c042e795cc5f27","reportUrl":"../44//#testresult/19c042e795cc5f27","status":"broken","statusDetails":"lightkube.core.exceptions.ApiError: endpoints \"mysql-k8s2-primary\" not found","time":{"start":1766713519537,"stop":1766713524417,"duration":4880}},{"uid":"2687e15d8c66af12","reportUrl":"../43//#testresult/2687e15d8c66af12","status":"passed","time":{"start":1766627511071,"stop":1766627513667,"duration":2596}},{"uid":"300efa727a993301","reportUrl":"../42//#testresult/300efa727a993301","status":"passed","time":{"start":1766540899238,"stop":1766540902137,"duration":2899}},{"uid":"cd2e0b8b40e44644","reportUrl":"../41//#testresult/cd2e0b8b40e44644","status":"broken","statusDetails":"lightkube.core.exceptions.ApiError: endpoints \"mysql-k8s2-primary\" not found","time":{"start":1766454272673,"stop":1766454277291,"duration":4618}},{"uid":"5399e486bc502a14","reportUrl":"../40//#testresult/5399e486bc502a14","status":"broken","statusDetails":"lightkube.core.exceptions.ApiError: endpoints \"mysql-k8s2-primary\" not found","time":{"start":1766368223367,"stop":1766368225444,"duration":2077}}]},"tags":["abort_on_fail"]},"source":"bb9211412fa2700.json","parameterValues":[]}