[32mINFO    [0m integration.high_availability.conftest:conftest.py:29 Clearing continuous writes
[32mINFO    [0m integration.high_availability.conftest:conftest.py:31 Starting continuous writes
[32mINFO    [0m integration.high_availability.test_async_replication:test_async_replication.py:341 Stopping continuous writes after 5s
[32mINFO    [0m integration.high_availability.test_async_replication:test_async_replication.py:349 Remove async relation
[32mINFO    [0m integration.high_availability.test_async_replication:test_async_replication.py:355 waiting for units to be blocked
[32mINFO    [0m integration.high_availability.test_async_replication:test_async_replication.py:361 Waiting for the applications to settle
[32mINFO    [0m juju.model:model.py:3211 Waiting for model:
  db2/0 [executing] blocked: Standalone read-only unit.
  db2/1 [executing] blocked: Standalone read-only unit.
  db2/2 [executing] blocked: Standalone read-only unit.
[32mINFO    [0m juju.model:model.py:3211 Waiting for model:
  db1/0 [executing] active: Primary
  db1/1 [idle] active: 
  db1/2 [idle] active: 
[32mINFO    [0m juju.model:model.py:3211 Waiting for model:
  db2/0 [idle] blocked: Standalone read-only unit.
  db2/1 [idle] blocked: Standalone read-only unit.
  db2/2 [idle] blocked: Standalone read-only unit.
[32mINFO    [0m integration.high_availability.test_async_replication:test_async_replication.py:375 Re relating the two mysql clusters
[32mINFO    [0m integration.high_availability.test_async_replication:test_async_replication.py:378 Waiting for the applications to settle
[32mINFO    [0m integration.high_availability.test_async_replication:test_async_replication.py:387 Running create replication action
[32mINFO    [0m integration.high_availability.test_async_replication:test_async_replication.py:397 Waiting for the applications to settle
[32mINFO    [0m juju.model:model.py:3211 Waiting for model:
  db2/0 [executing] blocked: Wait until unit is initialized before running create-replication on offer side
  db2/1 [executing] blocked: Standalone read-only unit.
  db2/2 [executing] blocked: Standalone read-only unit.
[32mINFO    [0m juju.model:model.py:3211 Waiting for model:
  db1/0 [executing] maintenance: Sharing credentials with replica cluster
  db1/1 [executing] active: 
  db1/2 [executing] active: 
[32mINFO    [0m juju.model:model.py:3211 Waiting for model:
  db2/0 [idle] waiting: Waiting other units join the cluster
  db2/1 [idle] active: 
  db2/2 [executing] maintenance: joining the cluster
[32mINFO    [0m juju.model:model.py:3211 Waiting for model:
  db1/0 [idle] maintenance: Sharing credentials with replica cluster
  db1/1 [idle] active: 
  db1/2 [idle] active: 
[32mINFO    [0m juju.model:model.py:3211 Waiting for model:
  db2/0 [idle] waiting: Waiting for primary cluster
  db2/1 [idle] active: 
  db2/2 [idle] active: 
[32mINFO    [0m juju.model:model.py:3211 Waiting for model:
  db1/0 [executing] maintenance: Adding replica cluster
  db1/1 [idle] active: 
  db1/2 [idle] active: 
[32mINFO    [0m juju.model:model.py:3211 Waiting for model:
  db2/0 [executing] waiting: Waiting for recovery to complete on other units
  db2/1 [executing] active: 
  db2/2 [executing] waiting: waiting to join the cluster
[32mINFO    [0m juju.model:model.py:3211 Waiting for model:
  db2/0 [idle] active: Standby
  db2/1 [idle] active: 
  db2/2 [idle] active: 
[32mINFO    [0m integration.high_availability.test_async_replication:test_async_replication.py:423 Testing data replication
[32mINFO    [0m integration.high_availability.test_async_replication:test_async_replication.py:430 Stopping continuous writes and wait (5s) for replication
[32mINFO    [0m integration.high_availability.test_async_replication:test_async_replication.py:437 Querying max value on all units
[32mINFO    [0m integration.high_availability.conftest:conftest.py:36 Clearing continuous writes
[32mINFO    [0m integration.high_availability.test_async_replication:test_async_replication.py:67 Destroying second model
[32mINFO    [0m pytest_operator.plugin:plugin.py:790 Model status:

Model  Controller          Cloud/Region        Version  SLA          Timestamp
test   microk8s-localhost  microk8s/localhost  3.6.2    unsupported  01:44:55Z

App               Version                  Status  Scale  Charm             Channel      Rev  Address         Exposed  Message
db1               8.0.39-0ubuntu0.22.04.1  active      3  mysql-k8s                        0  10.152.183.243  no       
mysql-router-k8s  8.0.39-0ubuntu0.22.04.1  active      1  mysql-router-k8s  8.0/edge     584  10.152.183.59   no       
mysql-test-app    0.0.2                    active      1  mysql-test-app    latest/edge   63  10.152.183.193  no       

Unit                 Workload  Agent      Address       Ports  Message
db1/0*               active    executing  10.1.206.140         Primary
db1/1                active    executing  10.1.206.141         
db1/2                active    executing  10.1.206.142         
mysql-router-k8s/0*  active    idle       10.1.206.149         
mysql-test-app/0*    active    idle       10.1.206.150         

Offer  Application  Charm      Rev  Connected  Endpoint           Interface    Role
db1    db1          mysql-k8s  0    1/1        replication-offer  mysql_async  provider

[32mINFO    [0m pytest_operator.plugin:plugin.py:796 Juju error logs:

unit-db1-2: 01:37:49 ERROR unit.db1/2.juju-log Failed to execute mysql-shell command
Traceback (most recent call last):
  File "/var/lib/juju/agents/unit-db1-2/charm/src/mysql_k8s_helpers.py", line 644, in _run_mysqlsh_script
    stdout, _ = process.wait_output()
  File "/var/lib/juju/agents/unit-db1-2/charm/venv/lib/python3.10/site-packages/ops/pebble.py", line 1771, in wait_output
    raise ExecError[AnyStr](self._command, exit_code, out_value, err_value)
ops.pebble.ExecError: non-zero exit code 1 executing ['timeout', '30', '/usr/bin/mysqlsh', '--passwords-from-stdin', '--uri=serverconfig@db1-2.db1-endpoints.test.svc.cluster.local:33062', '--python', '--verbose=0', '-c', "shell.options.set('useWizards', False)\nprint('###')\ncluster = dba.get_cluster('lima')\nprint(cluster.status({'extended': False}))"], stdout="\x1b[1mPlease provide the password for 'serverconfig@db1-2.db1-endpoints.test.svc.cluster.local:33062': \x1b[0m###\n", stderr='Cannot set LC_ALL to locale en_US.UTF-8: No such file or directory\n\x1b[33mWARNING: \x1b[0mError connecting to Cluster: RuntimeError: Could not open connection to \'db2-0.db2-endpoints.test-other.svc.cluster.local:3306\': The provided URI uses the X protocol, which is not supported by this command.\nTraceback (most recent call last):\n  File "<string>", line 3, in <module>\nRuntimeError: Dba.get_cluster: Could not open connection to \'db2-0.db2-endpoints.test-other.svc.cluster.local:3306\': The provided URI uses the X protocol, which is not supported by this command.\n\n'
unit-db1-2: 01:37:49 ERROR unit.db1/2.juju-log Failed to get cluster status for lima
unit-db1-2: 01:37:49 ERROR unit.db1/2.juju-log Failed to get cluster endpoints
Traceback (most recent call last):
  File "/var/lib/juju/agents/unit-db1-2/charm/src/mysql_k8s_helpers.py", line 825, in update_endpoints
    rw_endpoints, ro_endpoints, offline = self.get_cluster_endpoints(get_ips=False)
  File "/var/lib/juju/agents/unit-db1-2/charm/lib/charms/tempo_coordinator_k8s/v0/charm_tracing.py", line 1064, in wrapped_function
    return callable(*args, **kwargs)  # type: ignore
  File "/var/lib/juju/agents/unit-db1-2/charm/lib/charms/mysql/v0/mysql.py", line 2092, in get_cluster_endpoints
    raise MySQLGetClusterEndpointsError("Failed to get endpoints from cluster status")
charms.mysql.v0.mysql.MySQLGetClusterEndpointsError: Failed to get endpoints from cluster status
unit-db1-1: 01:37:49 ERROR unit.db1/1.juju-log Failed to execute mysql-shell command
Traceback (most recent call last):
  File "/var/lib/juju/agents/unit-db1-1/charm/src/mysql_k8s_helpers.py", line 644, in _run_mysqlsh_script
    stdout, _ = process.wait_output()
  File "/var/lib/juju/agents/unit-db1-1/charm/venv/lib/python3.10/site-packages/ops/pebble.py", line 1771, in wait_output
    raise ExecError[AnyStr](self._command, exit_code, out_value, err_value)
ops.pebble.ExecError: non-zero exit code 1 executing ['timeout', '30', '/usr/bin/mysqlsh', '--passwords-from-stdin', '--uri=serverconfig@db1-1.db1-endpoints.test.svc.cluster.local:33062', '--python', '--verbose=0', '-c', "shell.options.set('useWizards', False)\nprint('###')\ncluster = dba.get_cluster('lima')\nprint(cluster.status({'extended': False}))"], stdout="\x1b[1mPlease provide the password for 'serverconfig@db1-1.db1-endpoints.test.svc.cluster.local:33062': \x1b[0m###\n", stderr='Cannot set LC_ALL to locale en_US.UTF-8: No such file or directory\n\x1b[33mWARNING: \x1b[0mError connecting to Cluster: RuntimeError: Could not open connection to \'db2-0.db2-endpoints.test-other.svc.cluster.local:3306\': The provided URI uses the X protocol, which is not supported by this command.\nTraceback (most recent call last):\n  File "<string>", line 3, in <module>\nRuntimeError: Dba.get_cluster: Could not open connection to \'db2-0.db2-endpoints.test-other.svc.cluster.local:3306\': The provided URI uses the X protocol, which is not supported by this command.\n\n'
unit-db1-1: 01:37:49 ERROR unit.db1/1.juju-log Failed to get cluster status for lima
unit-db1-1: 01:37:49 ERROR unit.db1/1.juju-log Failed to get cluster endpoints
Traceback (most recent call last):
  File "/var/lib/juju/agents/unit-db1-1/charm/src/mysql_k8s_helpers.py", line 825, in update_endpoints
    rw_endpoints, ro_endpoints, offline = self.get_cluster_endpoints(get_ips=False)
  File "/var/lib/juju/agents/unit-db1-1/charm/lib/charms/tempo_coordinator_k8s/v0/charm_tracing.py", line 1064, in wrapped_function
    return callable(*args, **kwargs)  # type: ignore
  File "/var/lib/juju/agents/unit-db1-1/charm/lib/charms/mysql/v0/mysql.py", line 2092, in get_cluster_endpoints
    raise MySQLGetClusterEndpointsError("Failed to get endpoints from cluster status")
charms.mysql.v0.mysql.MySQLGetClusterEndpointsError: Failed to get endpoints from cluster status

[32mINFO    [0m pytest_operator.plugin:plugin.py:862 Forgetting main...