[32mINFO    [0m pytest_operator.plugin:plugin.py:790 Model status:

Model    Controller          Cloud/Region        Version  SLA          Timestamp
testing  concierge-microk8s  microk8s/localhost  3.6.3    unsupported  01:52:39Z

App        Version  Status   Scale  Charm      Channel  Rev  Address         Exposed  Message
mysql-k8s           waiting      3  mysql-k8s             0  10.152.183.232  no       installing agent

Unit          Workload     Agent  Address      Ports  Message
mysql-k8s/0   waiting      idle   10.1.84.212         waiting to get cluster primary from peers
mysql-k8s/1   waiting      idle   10.1.84.213         waiting to get cluster primary from peers
mysql-k8s/2*  maintenance  idle   10.1.84.214         offline

[32mINFO    [0m pytest_operator.plugin:plugin.py:796 Juju error logs:

unit-mysql-k8s-2: 01:37:58 ERROR unit.mysql-k8s/2.juju-log Failed to execute mysql-shell command
Traceback (most recent call last):
  File "/var/lib/juju/agents/unit-mysql-k8s-2/charm/src/mysql_k8s_helpers.py", line 722, in _run_mysqlsh_script
    stdout, _ = process.wait_output()
  File "/var/lib/juju/agents/unit-mysql-k8s-2/charm/venv/lib/python3.10/site-packages/ops/pebble.py", line 1771, in wait_output
    raise ExecError[AnyStr](self._command, exit_code, out_value, err_value)
ops.pebble.ExecError: non-zero exit code 1 executing ['/usr/bin/mysqlsh', '--passwords-from-stdin', '--uri=serverconfig@mysql-k8s-2.mysql-k8s-endpoints.testing.svc.cluster.local:33062', '--python', '--verbose=0', '-c', "shell.options.set('useWizards', False)\nprint('###')\ncluster = dba.create_cluster('test_cluster', {'communicationStack': 'MySQL'})\ncluster.set_instance_option('mysql-k8s-2.mysql-k8s-endpoints.testing.svc.cluster.local', 'label', 'mysql-k8s-2')"], stdout="\x1b[1mPlease provide the password for 'serverconfig@mysql-k8s-2.mysql-k8s-endpoints.testing.svc.cluster.local:33062': \x1b[0m###\n", stderr='Cannot set LC_ALL to locale en_US.UTF-8: No such file or directory\nTraceback (most recent call last):\n  File "<string>", line 3, in <module>\nRuntimeError: Dba.create_cluster: dba.create_cluster: Unable to create cluster. The instance \'mysql-k8s-2.mysql-k8s-endpoints.testing.svc.cluster.local:3306\' has a populated Metadata schema and belongs to that Metadata. Use either dba.drop_metadata_schema() to drop the schema, or dba.reboot_cluster_from_complete_outage() to reboot the cluster from complete outage.\n\n'
unit-mysql-k8s-2: 01:37:58 ERROR unit.mysql-k8s/2.juju-log Failed to create cluster on instance: mysql-k8s-2.mysql-k8s-endpoints.testing.svc.cluster.local
unit-mysql-k8s-2: 01:37:58 ERROR unit.mysql-k8s/2.juju-log Uncaught exception while in charm code:
Traceback (most recent call last):
  File "/var/lib/juju/agents/unit-mysql-k8s-2/charm/src/mysql_k8s_helpers.py", line 722, in _run_mysqlsh_script
    stdout, _ = process.wait_output()
  File "/var/lib/juju/agents/unit-mysql-k8s-2/charm/venv/lib/python3.10/site-packages/ops/pebble.py", line 1771, in wait_output
    raise ExecError[AnyStr](self._command, exit_code, out_value, err_value)
ops.pebble.ExecError: non-zero exit code 1 executing ['/usr/bin/mysqlsh', '--passwords-from-stdin', '--uri=serverconfig@mysql-k8s-2.mysql-k8s-endpoints.testing.svc.cluster.local:33062', '--python', '--verbose=0', '-c', "shell.options.set('useWizards', False)\nprint('###')\ncluster = dba.create_cluster('test_cluster', {'communicationStack': 'MySQL'})\ncluster.set_instance_option('mysql-k8s-2.mysql-k8s-endpoints.testing.svc.cluster.local', 'label', 'mysql-k8s-2')"], stdout="\x1b[1mPlease provide the password for 'serverconfig@mysql-k8s-2.mysql-k8s-endpoints.testing.svc.cluster.local:33062': \x1b[0m###\n", stderr='Cannot set LC_ALL to locale en_US.UTF-8: No such file or directory\nTraceback (most recent call last):\n  File "<string>", line 3, in <module>\nRuntimeError: Dba.create_cluster: dba.create_cluster: Unable to create cluster. The instance \'mysql-k8s-2.mysql-k8s-endpoints.testing.svc.cluster.local:3306\' has a populated Metadata schema and belongs to that Metadata. Use either dba.drop_metadata_schema() to drop the schema, or dba.reboot_cluster_from_complete_outage() to reboot the cluster from complete outage.\n\n'

During handling of the above exception, another exception occurred:

Traceback (most recent call last):
  File "/var/lib/juju/agents/unit-mysql-k8s-2/charm/lib/charms/mysql/v0/mysql.py", line 1508, in create_cluster
    self._run_mysqlsh_script(
  File "/var/lib/juju/agents/unit-mysql-k8s-2/charm/lib/charms/tempo_coordinator_k8s/v0/charm_tracing.py", line 1065, in wrapped_function
    return callable(*args, **kwargs)  # type: ignore
  File "/var/lib/juju/agents/unit-mysql-k8s-2/charm/src/mysql_k8s_helpers.py", line 730, in _run_mysqlsh_script
    raise MySQLClientError
charms.mysql.v0.mysql.MySQLClientError

During handling of the above exception, another exception occurred:

Traceback (most recent call last):
  File "/var/lib/juju/agents/unit-mysql-k8s-2/charm/src/charm.py", line 1056, in <module>
    main(MySQLOperatorCharm)
  File "/var/lib/juju/agents/unit-mysql-k8s-2/charm/venv/lib/python3.10/site-packages/ops/main.py", line 551, in main
    manager.run()
  File "/var/lib/juju/agents/unit-mysql-k8s-2/charm/venv/lib/python3.10/site-packages/ops/main.py", line 530, in run
    self._emit()
  File "/var/lib/juju/agents/unit-mysql-k8s-2/charm/venv/lib/python3.10/site-packages/ops/main.py", line 519, in _emit
    _emit_charm_event(self.charm, self.dispatcher.event_name)
  File "/var/lib/juju/agents/unit-mysql-k8s-2/charm/venv/lib/python3.10/site-packages/ops/main.py", line 147, in _emit_charm_event
    event_to_emit.emit(*args, **kwargs)
  File "/var/lib/juju/agents/unit-mysql-k8s-2/charm/venv/lib/python3.10/site-packages/ops/framework.py", line 348, in emit
    framework._emit(event)
  File "/var/lib/juju/agents/unit-mysql-k8s-2/charm/venv/lib/python3.10/site-packages/ops/framework.py", line 860, in _emit
    self._reemit(event_path)
  File "/var/lib/juju/agents/unit-mysql-k8s-2/charm/venv/lib/python3.10/site-packages/ops/framework.py", line 950, in _reemit
    custom_handler(event)
  File "/var/lib/juju/agents/unit-mysql-k8s-2/charm/lib/charms/tempo_coordinator_k8s/v0/charm_tracing.py", line 1065, in wrapped_function
    return callable(*args, **kwargs)  # type: ignore
  File "/var/lib/juju/agents/unit-mysql-k8s-2/charm/src/charm.py", line 782, in _on_mysql_pebble_ready
    self.create_cluster()
  File "/var/lib/juju/agents/unit-mysql-k8s-2/charm/lib/charms/tempo_coordinator_k8s/v0/charm_tracing.py", line 1065, in wrapped_function
    return callable(*args, **kwargs)  # type: ignore
  File "/var/lib/juju/agents/unit-mysql-k8s-2/charm/lib/charms/mysql/v0/mysql.py", line 598, in create_cluster
    self._mysql.create_cluster(self.unit_label)
  File "/var/lib/juju/agents/unit-mysql-k8s-2/charm/lib/charms/tempo_coordinator_k8s/v0/charm_tracing.py", line 1065, in wrapped_function
    return callable(*args, **kwargs)  # type: ignore
  File "/var/lib/juju/agents/unit-mysql-k8s-2/charm/lib/charms/mysql/v0/mysql.py", line 1516, in create_cluster
    raise MySQLCreateClusterError
charms.mysql.v0.mysql.MySQLCreateClusterError
unit-mysql-k8s-2: 01:37:59 ERROR juju.worker.uniter.operation hook "mysql-pebble-ready" (via hook dispatching script: dispatch) failed: exit status 1
unit-mysql-k8s-2: 01:37:59 ERROR juju.worker.uniter pebble poll failed for container "mysql": failed to send pebble-ready event: hook failed
unit-mysql-k8s-2: 01:38:00 ERROR unit.mysql-k8s/2.juju-log Failed to execute mysql-shell command
Traceback (most recent call last):
  File "/var/lib/juju/agents/unit-mysql-k8s-2/charm/src/mysql_k8s_helpers.py", line 722, in _run_mysqlsh_script
    stdout, _ = process.wait_output()
  File "/var/lib/juju/agents/unit-mysql-k8s-2/charm/venv/lib/python3.10/site-packages/ops/pebble.py", line 1771, in wait_output
    raise ExecError[AnyStr](self._command, exit_code, out_value, err_value)
ops.pebble.ExecError: non-zero exit code 1 executing ['/usr/bin/mysqlsh', '--passwords-from-stdin', '--uri=serverconfig@mysql-k8s-2.mysql-k8s-endpoints.testing.svc.cluster.local:33062', '--python', '--verbose=0', '-c', "shell.options.set('useWizards', False)\nprint('###')\ncluster = dba.create_cluster('test_cluster', {'communicationStack': 'MySQL'})\ncluster.set_instance_option('mysql-k8s-2.mysql-k8s-endpoints.testing.svc.cluster.local', 'label', 'mysql-k8s-2')"], stdout="\x1b[1mPlease provide the password for 'serverconfig@mysql-k8s-2.mysql-k8s-endpoints.testing.svc.cluster.local:33062': \x1b[0m###\n", stderr='Cannot set LC_ALL to locale en_US.UTF-8: No such file or directory\nTraceback (most recent call last):\n  File "<string>", line 3, in <module>\nRuntimeError: Dba.create_cluster: dba.create_cluster: Unable to create cluster. The instance \'mysql-k8s-2.mysql-k8s-endpoints.testing.svc.cluster.local:3306\' has a populated Metadata schema and belongs to that Metadata. Use either dba.drop_metadata_schema() to drop the schema, or dba.reboot_cluster_from_complete_outage() to reboot the cluster from complete outage.\n\n'
unit-mysql-k8s-2: 01:38:00 ERROR unit.mysql-k8s/2.juju-log Failed to create cluster on instance: mysql-k8s-2.mysql-k8s-endpoints.testing.svc.cluster.local
unit-mysql-k8s-2: 01:38:00 ERROR unit.mysql-k8s/2.juju-log Uncaught exception while in charm code:
Traceback (most recent call last):
  File "/var/lib/juju/agents/unit-mysql-k8s-2/charm/src/mysql_k8s_helpers.py", line 722, in _run_mysqlsh_script
    stdout, _ = process.wait_output()
  File "/var/lib/juju/agents/unit-mysql-k8s-2/charm/venv/lib/python3.10/site-packages/ops/pebble.py", line 1771, in wait_output
    raise ExecError[AnyStr](self._command, exit_code, out_value, err_value)
ops.pebble.ExecError: non-zero exit code 1 executing ['/usr/bin/mysqlsh', '--passwords-from-stdin', '--uri=serverconfig@mysql-k8s-2.mysql-k8s-endpoints.testing.svc.cluster.local:33062', '--python', '--verbose=0', '-c', "shell.options.set('useWizards', False)\nprint('###')\ncluster = dba.create_cluster('test_cluster', {'communicationStack': 'MySQL'})\ncluster.set_instance_option('mysql-k8s-2.mysql-k8s-endpoints.testing.svc.cluster.local', 'label', 'mysql-k8s-2')"], stdout="\x1b[1mPlease provide the password for 'serverconfig@mysql-k8s-2.mysql-k8s-endpoints.testing.svc.cluster.local:33062': \x1b[0m###\n", stderr='Cannot set LC_ALL to locale en_US.UTF-8: No such file or directory\nTraceback (most recent call last):\n  File "<string>", line 3, in <module>\nRuntimeError: Dba.create_cluster: dba.create_cluster: Unable to create cluster. The instance \'mysql-k8s-2.mysql-k8s-endpoints.testing.svc.cluster.local:3306\' has a populated Metadata schema and belongs to that Metadata. Use either dba.drop_metadata_schema() to drop the schema, or dba.reboot_cluster_from_complete_outage() to reboot the cluster from complete outage.\n\n'

During handling of the above exception, another exception occurred:

Traceback (most recent call last):
  File "/var/lib/juju/agents/unit-mysql-k8s-2/charm/lib/charms/mysql/v0/mysql.py", line 1508, in create_cluster
    self._run_mysqlsh_script(
  File "/var/lib/juju/agents/unit-mysql-k8s-2/charm/lib/charms/tempo_coordinator_k8s/v0/charm_tracing.py", line 1065, in wrapped_function
    return callable(*args, **kwargs)  # type: ignore
  File "/var/lib/juju/agents/unit-mysql-k8s-2/charm/src/mysql_k8s_helpers.py", line 730, in _run_mysqlsh_script
    raise MySQLClientError
charms.mysql.v0.mysql.MySQLClientError

During handling of the above exception, another exception occurred:

Traceback (most recent call last):
  File "/var/lib/juju/agents/unit-mysql-k8s-2/charm/src/charm.py", line 1056, in <module>
    main(MySQLOperatorCharm)
  File "/var/lib/juju/agents/unit-mysql-k8s-2/charm/venv/lib/python3.10/site-packages/ops/main.py", line 551, in main
    manager.run()
  File "/var/lib/juju/agents/unit-mysql-k8s-2/charm/venv/lib/python3.10/site-packages/ops/main.py", line 530, in run
    self._emit()
  File "/var/lib/juju/agents/unit-mysql-k8s-2/charm/venv/lib/python3.10/site-packages/ops/main.py", line 519, in _emit
    _emit_charm_event(self.charm, self.dispatcher.event_name)
  File "/var/lib/juju/agents/unit-mysql-k8s-2/charm/venv/lib/python3.10/site-packages/ops/main.py", line 147, in _emit_charm_event
    event_to_emit.emit(*args, **kwargs)
  File "/var/lib/juju/agents/unit-mysql-k8s-2/charm/venv/lib/python3.10/site-packages/ops/framework.py", line 348, in emit
    framework._emit(event)
  File "/var/lib/juju/agents/unit-mysql-k8s-2/charm/venv/lib/python3.10/site-packages/ops/framework.py", line 860, in _emit
    self._reemit(event_path)
  File "/var/lib/juju/agents/unit-mysql-k8s-2/charm/venv/lib/python3.10/site-packages/ops/framework.py", line 950, in _reemit
    custom_handler(event)
  File "/var/lib/juju/agents/unit-mysql-k8s-2/charm/lib/charms/tempo_coordinator_k8s/v0/charm_tracing.py", line 1065, in wrapped_function
    return callable(*args, **kwargs)  # type: ignore
  File "/var/lib/juju/agents/unit-mysql-k8s-2/charm/src/charm.py", line 782, in _on_mysql_pebble_ready
    self.create_cluster()
  File "/var/lib/juju/agents/unit-mysql-k8s-2/charm/lib/charms/tempo_coordinator_k8s/v0/charm_tracing.py", line 1065, in wrapped_function
    return callable(*args, **kwargs)  # type: ignore
  File "/var/lib/juju/agents/unit-mysql-k8s-2/charm/lib/charms/mysql/v0/mysql.py", line 598, in create_cluster
    self._mysql.create_cluster(self.unit_label)
  File "/var/lib/juju/agents/unit-mysql-k8s-2/charm/lib/charms/tempo_coordinator_k8s/v0/charm_tracing.py", line 1065, in wrapped_function
    return callable(*args, **kwargs)  # type: ignore
  File "/var/lib/juju/agents/unit-mysql-k8s-2/charm/lib/charms/mysql/v0/mysql.py", line 1516, in create_cluster
    raise MySQLCreateClusterError
charms.mysql.v0.mysql.MySQLCreateClusterError
unit-mysql-k8s-2: 01:38:00 ERROR juju.worker.uniter.operation hook "mysql-pebble-ready" (via hook dispatching script: dispatch) failed: exit status 1
unit-mysql-k8s-2: 01:38:00 ERROR juju.worker.uniter pebble poll failed for container "mysql": failed to send pebble-ready event: hook failed
unit-mysql-k8s-2: 01:38:06 ERROR unit.mysql-k8s/2.juju-log Failed to execute mysql-shell command
Traceback (most recent call last):
  File "/var/lib/juju/agents/unit-mysql-k8s-2/charm/src/mysql_k8s_helpers.py", line 722, in _run_mysqlsh_script
    stdout, _ = process.wait_output()
  File "/var/lib/juju/agents/unit-mysql-k8s-2/charm/venv/lib/python3.10/site-packages/ops/pebble.py", line 1771, in wait_output
    raise ExecError[AnyStr](self._command, exit_code, out_value, err_value)
ops.pebble.ExecError: non-zero exit code 1 executing ['/usr/bin/mysqlsh', '--passwords-from-stdin', '--uri=serverconfig@mysql-k8s-2.mysql-k8s-endpoints.testing.svc.cluster.local:33062', '--python', '--verbose=0', '-c', "shell.options.set('useWizards', False)\nprint('###')\ncluster = dba.create_cluster('test_cluster', {'communicationStack': 'MySQL'})\ncluster.set_instance_option('mysql-k8s-2.mysql-k8s-endpoints.testing.svc.cluster.local', 'label', 'mysql-k8s-2')"], stdout="\x1b[1mPlease provide the password for 'serverconfig@mysql-k8s-2.mysql-k8s-endpoints.testing.svc.cluster.local:33062': \x1b[0m###\n", stderr='Cannot set LC_ALL to locale en_US.UTF-8: No such file or directory\nTraceback (most recent call last):\n  File "<string>", line 3, in <module>\nRuntimeError: Dba.create_cluster: dba.create_cluster: Unable to create cluster. The instance \'mysql-k8s-2.mysql-k8s-endpoints.testing.svc.cluster.local:3306\' has a populated Metadata schema and belongs to that Metadata. Use either dba.drop_metadata_schema() to drop the schema, or dba.reboot_cluster_from_complete_outage() to reboot the cluster from complete outage.\n\n'
unit-mysql-k8s-2: 01:38:06 ERROR unit.mysql-k8s/2.juju-log Failed to create cluster on instance: mysql-k8s-2.mysql-k8s-endpoints.testing.svc.cluster.local
unit-mysql-k8s-2: 01:38:06 ERROR unit.mysql-k8s/2.juju-log Uncaught exception while in charm code:
Traceback (most recent call last):
  File "/var/lib/juju/agents/unit-mysql-k8s-2/charm/src/mysql_k8s_helpers.py", line 722, in _run_mysqlsh_script
    stdout, _ = process.wait_output()
  File "/var/lib/juju/agents/unit-mysql-k8s-2/charm/venv/lib/python3.10/site-packages/ops/pebble.py", line 1771, in wait_output
    raise ExecError[AnyStr](self._command, exit_code, out_value, err_value)
ops.pebble.ExecError: non-zero exit code 1 executing ['/usr/bin/mysqlsh', '--passwords-from-stdin', '--uri=serverconfig@mysql-k8s-2.mysql-k8s-endpoints.testing.svc.cluster.local:33062', '--python', '--verbose=0', '-c', "shell.options.set('useWizards', False)\nprint('###')\ncluster = dba.create_cluster('test_cluster', {'communicationStack': 'MySQL'})\ncluster.set_instance_option('mysql-k8s-2.mysql-k8s-endpoints.testing.svc.cluster.local', 'label', 'mysql-k8s-2')"], stdout="\x1b[1mPlease provide the password for 'serverconfig@mysql-k8s-2.mysql-k8s-endpoints.testing.svc.cluster.local:33062': \x1b[0m###\n", stderr='Cannot set LC_ALL to locale en_US.UTF-8: No such file or directory\nTraceback (most recent call last):\n  File "<string>", line 3, in <module>\nRuntimeError: Dba.create_cluster: dba.create_cluster: Unable to create cluster. The instance \'mysql-k8s-2.mysql-k8s-endpoints.testing.svc.cluster.local:3306\' has a populated Metadata schema and belongs to that Metadata. Use either dba.drop_metadata_schema() to drop the schema, or dba.reboot_cluster_from_complete_outage() to reboot the cluster from complete outage.\n\n'

During handling of the above exception, another exception occurred:

Traceback (most recent call last):
  File "/var/lib/juju/agents/unit-mysql-k8s-2/charm/lib/charms/mysql/v0/mysql.py", line 1508, in create_cluster
    self._run_mysqlsh_script(
  File "/var/lib/juju/agents/unit-mysql-k8s-2/charm/lib/charms/tempo_coordinator_k8s/v0/charm_tracing.py", line 1065, in wrapped_function
    return callable(*args, **kwargs)  # type: ignore
  File "/var/lib/juju/agents/unit-mysql-k8s-2/charm/src/mysql_k8s_helpers.py", line 730, in _run_mysqlsh_script
    raise MySQLClientError
charms.mysql.v0.mysql.MySQLClientError

During handling of the above exception, another exception occurred:

Traceback (most recent call last):
  File "/var/lib/juju/agents/unit-mysql-k8s-2/charm/src/charm.py", line 1056, in <module>
    main(MySQLOperatorCharm)
  File "/var/lib/juju/agents/unit-mysql-k8s-2/charm/venv/lib/python3.10/site-packages/ops/main.py", line 551, in main
    manager.run()
  File "/var/lib/juju/agents/unit-mysql-k8s-2/charm/venv/lib/python3.10/site-packages/ops/main.py", line 530, in run
    self._emit()
  File "/var/lib/juju/agents/unit-mysql-k8s-2/charm/venv/lib/python3.10/site-packages/ops/main.py", line 519, in _emit
    _emit_charm_event(self.charm, self.dispatcher.event_name)
  File "/var/lib/juju/agents/unit-mysql-k8s-2/charm/venv/lib/python3.10/site-packages/ops/main.py", line 147, in _emit_charm_event
    event_to_emit.emit(*args, **kwargs)
  File "/var/lib/juju/agents/unit-mysql-k8s-2/charm/venv/lib/python3.10/site-packages/ops/framework.py", line 348, in emit
    framework._emit(event)
  File "/var/lib/juju/agents/unit-mysql-k8s-2/charm/venv/lib/python3.10/site-packages/ops/framework.py", line 860, in _emit
    self._reemit(event_path)
  File "/var/lib/juju/agents/unit-mysql-k8s-2/charm/venv/lib/python3.10/site-packages/ops/framework.py", line 950, in _reemit
    custom_handler(event)
  File "/var/lib/juju/agents/unit-mysql-k8s-2/charm/lib/charms/tempo_coordinator_k8s/v0/charm_tracing.py", line 1065, in wrapped_function
    return callable(*args, **kwargs)  # type: ignore
  File "/var/lib/juju/agents/unit-mysql-k8s-2/charm/src/charm.py", line 782, in _on_mysql_pebble_ready
    self.create_cluster()
  File "/var/lib/juju/agents/unit-mysql-k8s-2/charm/lib/charms/tempo_coordinator_k8s/v0/charm_tracing.py", line 1065, in wrapped_function
    return callable(*args, **kwargs)  # type: ignore
  File "/var/lib/juju/agents/unit-mysql-k8s-2/charm/lib/charms/mysql/v0/mysql.py", line 598, in create_cluster
    self._mysql.create_cluster(self.unit_label)
  File "/var/lib/juju/agents/unit-mysql-k8s-2/charm/lib/charms/tempo_coordinator_k8s/v0/charm_tracing.py", line 1065, in wrapped_function
    return callable(*args, **kwargs)  # type: ignore
  File "/var/lib/juju/agents/unit-mysql-k8s-2/charm/lib/charms/mysql/v0/mysql.py", line 1516, in create_cluster
    raise MySQLCreateClusterError
charms.mysql.v0.mysql.MySQLCreateClusterError
unit-mysql-k8s-2: 01:38:06 ERROR juju.worker.uniter.operation hook "mysql-pebble-ready" (via hook dispatching script: dispatch) failed: exit status 1
unit-mysql-k8s-2: 01:38:06 ERROR juju.worker.uniter pebble poll failed for container "mysql": failed to send pebble-ready event: hook failed
unit-mysql-k8s-2: 01:38:10 ERROR unit.mysql-k8s/2.juju-log Failed to execute mysql-shell command
Traceback (most recent call last):
  File "/var/lib/juju/agents/unit-mysql-k8s-2/charm/src/mysql_k8s_helpers.py", line 722, in _run_mysqlsh_script
    stdout, _ = process.wait_output()
  File "/var/lib/juju/agents/unit-mysql-k8s-2/charm/venv/lib/python3.10/site-packages/ops/pebble.py", line 1771, in wait_output
    raise ExecError[AnyStr](self._command, exit_code, out_value, err_value)
ops.pebble.ExecError: non-zero exit code 1 executing ['/usr/bin/mysqlsh', '--passwords-from-stdin', '--uri=serverconfig@mysql-k8s-2.mysql-k8s-endpoints.testing.svc.cluster.local:33062', '--python', '--verbose=0', '-c', "shell.options.set('useWizards', False)\nprint('###')\ncluster = dba.create_cluster('test_cluster', {'communicationStack': 'MySQL'})\ncluster.set_instance_option('mysql-k8s-2.mysql-k8s-endpoints.testing.svc.cluster.local', 'label', 'mysql-k8s-2')"], stdout="\x1b[1mPlease provide the password for 'serverconfig@mysql-k8s-2.mysql-k8s-endpoints.testing.svc.cluster.local:33062': \x1b[0m###\n", stderr='Cannot set LC_ALL to locale en_US.UTF-8: No such file or directory\nTraceback (most recent call last):\n  File "<string>", line 3, in <module>\nRuntimeError: Dba.create_cluster: dba.create_cluster: Unable to create cluster. The instance \'mysql-k8s-2.mysql-k8s-endpoints.testing.svc.cluster.local:3306\' has a populated Metadata schema and belongs to that Metadata. Use either dba.drop_metadata_schema() to drop the schema, or dba.reboot_cluster_from_complete_outage() to reboot the cluster from complete outage.\n\n'
unit-mysql-k8s-2: 01:38:10 ERROR unit.mysql-k8s/2.juju-log Failed to create cluster on instance: mysql-k8s-2.mysql-k8s-endpoints.testing.svc.cluster.local
unit-mysql-k8s-2: 01:38:10 ERROR unit.mysql-k8s/2.juju-log Uncaught exception while in charm code:
Traceback (most recent call last):
  File "/var/lib/juju/agents/unit-mysql-k8s-2/charm/src/mysql_k8s_helpers.py", line 722, in _run_mysqlsh_script
    stdout, _ = process.wait_output()
  File "/var/lib/juju/agents/unit-mysql-k8s-2/charm/venv/lib/python3.10/site-packages/ops/pebble.py", line 1771, in wait_output
    raise ExecError[AnyStr](self._command, exit_code, out_value, err_value)
ops.pebble.ExecError: non-zero exit code 1 executing ['/usr/bin/mysqlsh', '--passwords-from-stdin', '--uri=serverconfig@mysql-k8s-2.mysql-k8s-endpoints.testing.svc.cluster.local:33062', '--python', '--verbose=0', '-c', "shell.options.set('useWizards', False)\nprint('###')\ncluster = dba.create_cluster('test_cluster', {'communicationStack': 'MySQL'})\ncluster.set_instance_option('mysql-k8s-2.mysql-k8s-endpoints.testing.svc.cluster.local', 'label', 'mysql-k8s-2')"], stdout="\x1b[1mPlease provide the password for 'serverconfig@mysql-k8s-2.mysql-k8s-endpoints.testing.svc.cluster.local:33062': \x1b[0m###\n", stderr='Cannot set LC_ALL to locale en_US.UTF-8: No such file or directory\nTraceback (most recent call last):\n  File "<string>", line 3, in <module>\nRuntimeError: Dba.create_cluster: dba.create_cluster: Unable to create cluster. The instance \'mysql-k8s-2.mysql-k8s-endpoints.testing.svc.cluster.local:3306\' has a populated Metadata schema and belongs to that Metadata. Use either dba.drop_metadata_schema() to drop the schema, or dba.reboot_cluster_from_complete_outage() to reboot the cluster from complete outage.\n\n'

During handling of the above exception, another exception occurred:

Traceback (most recent call last):
  File "/var/lib/juju/agents/unit-mysql-k8s-2/charm/lib/charms/mysql/v0/mysql.py", line 1508, in create_cluster
    self._run_mysqlsh_script(
  File "/var/lib/juju/agents/unit-mysql-k8s-2/charm/lib/charms/tempo_coordinator_k8s/v0/charm_tracing.py", line 1065, in wrapped_function
    return callable(*args, **kwargs)  # type: ignore
  File "/var/lib/juju/agents/unit-mysql-k8s-2/charm/src/mysql_k8s_helpers.py", line 730, in _run_mysqlsh_script
    raise MySQLClientError
charms.mysql.v0.mysql.MySQLClientError

During handling of the above exception, another exception occurred:

Traceback (most recent call last):
  File "/var/lib/juju/agents/unit-mysql-k8s-2/charm/src/charm.py", line 1056, in <module>
    main(MySQLOperatorCharm)
  File "/var/lib/juju/agents/unit-mysql-k8s-2/charm/venv/lib/python3.10/site-packages/ops/main.py", line 551, in main
    manager.run()
  File "/var/lib/juju/agents/unit-mysql-k8s-2/charm/venv/lib/python3.10/site-packages/ops/main.py", line 530, in run
    self._emit()
  File "/var/lib/juju/agents/unit-mysql-k8s-2/charm/venv/lib/python3.10/site-packages/ops/main.py", line 519, in _emit
    _emit_charm_event(self.charm, self.dispatcher.event_name)
  File "/var/lib/juju/agents/unit-mysql-k8s-2/charm/venv/lib/python3.10/site-packages/ops/main.py", line 147, in _emit_charm_event
    event_to_emit.emit(*args, **kwargs)
  File "/var/lib/juju/agents/unit-mysql-k8s-2/charm/venv/lib/python3.10/site-packages/ops/framework.py", line 348, in emit
    framework._emit(event)
  File "/var/lib/juju/agents/unit-mysql-k8s-2/charm/venv/lib/python3.10/site-packages/ops/framework.py", line 860, in _emit
    self._reemit(event_path)
  File "/var/lib/juju/agents/unit-mysql-k8s-2/charm/venv/lib/python3.10/site-packages/ops/framework.py", line 950, in _reemit
    custom_handler(event)
  File "/var/lib/juju/agents/unit-mysql-k8s-2/charm/lib/charms/tempo_coordinator_k8s/v0/charm_tracing.py", line 1065, in wrapped_function
    return callable(*args, **kwargs)  # type: ignore
  File "/var/lib/juju/agents/unit-mysql-k8s-2/charm/src/charm.py", line 782, in _on_mysql_pebble_ready
    self.create_cluster()
  File "/var/lib/juju/agents/unit-mysql-k8s-2/charm/lib/charms/tempo_coordinator_k8s/v0/charm_tracing.py", line 1065, in wrapped_function
    return callable(*args, **kwargs)  # type: ignore
  File "/var/lib/juju/agents/unit-mysql-k8s-2/charm/lib/charms/mysql/v0/mysql.py", line 598, in create_cluster
    self._mysql.create_cluster(self.unit_label)
  File "/var/lib/juju/agents/unit-mysql-k8s-2/charm/lib/charms/tempo_coordinator_k8s/v0/charm_tracing.py", line 1065, in wrapped_function
    return callable(*args, **kwargs)  # type: ignore
  File "/var/lib/juju/agents/unit-mysql-k8s-2/charm/lib/charms/mysql/v0/mysql.py", line 1516, in create_cluster
    raise MySQLCreateClusterError
charms.mysql.v0.mysql.MySQLCreateClusterError
unit-mysql-k8s-2: 01:38:11 ERROR juju.worker.uniter.operation hook "mysql-pebble-ready" (via hook dispatching script: dispatch) failed: exit status 1
unit-mysql-k8s-2: 01:38:11 ERROR juju.worker.uniter pebble poll failed for container "mysql": failed to send pebble-ready event: hook failed
unit-mysql-k8s-2: 01:38:16 ERROR unit.mysql-k8s/2.juju-log Failed to execute mysql-shell command
Traceback (most recent call last):
  File "/var/lib/juju/agents/unit-mysql-k8s-2/charm/src/mysql_k8s_helpers.py", line 722, in _run_mysqlsh_script
    stdout, _ = process.wait_output()
  File "/var/lib/juju/agents/unit-mysql-k8s-2/charm/venv/lib/python3.10/site-packages/ops/pebble.py", line 1771, in wait_output
    raise ExecError[AnyStr](self._command, exit_code, out_value, err_value)
ops.pebble.ExecError: non-zero exit code 1 executing ['/usr/bin/mysqlsh', '--passwords-from-stdin', '--uri=serverconfig@mysql-k8s-2.mysql-k8s-endpoints.testing.svc.cluster.local:33062', '--python', '--verbose=0', '-c', "shell.options.set('useWizards', False)\nprint('###')\ncluster = dba.create_cluster('test_cluster', {'communicationStack': 'MySQL'})\ncluster.set_instance_option('mysql-k8s-2.mysql-k8s-endpoints.testing.svc.cluster.local', 'label', 'mysql-k8s-2')"], stdout="\x1b[1mPlease provide the password for 'serverconfig@mysql-k8s-2.mysql-k8s-endpoints.testing.svc.cluster.local:33062': \x1b[0m###\n", stderr='Cannot set LC_ALL to locale en_US.UTF-8: No such file or directory\nTraceback (most recent call last):\n  File "<string>", line 3, in <module>\nRuntimeError: Dba.create_cluster: dba.create_cluster: Unable to create cluster. The instance \'mysql-k8s-2.mysql-k8s-endpoints.testing.svc.cluster.local:3306\' has a populated Metadata schema and belongs to that Metadata. Use either dba.drop_metadata_schema() to drop the schema, or dba.reboot_cluster_from_complete_outage() to reboot the cluster from complete outage.\n\n'
unit-mysql-k8s-2: 01:38:16 ERROR unit.mysql-k8s/2.juju-log Failed to create cluster on instance: mysql-k8s-2.mysql-k8s-endpoints.testing.svc.cluster.local
unit-mysql-k8s-2: 01:38:16 ERROR unit.mysql-k8s/2.juju-log Uncaught exception while in charm code:
Traceback (most recent call last):
  File "/var/lib/juju/agents/unit-mysql-k8s-2/charm/src/mysql_k8s_helpers.py", line 722, in _run_mysqlsh_script
    stdout, _ = process.wait_output()
  File "/var/lib/juju/agents/unit-mysql-k8s-2/charm/venv/lib/python3.10/site-packages/ops/pebble.py", line 1771, in wait_output
    raise ExecError[AnyStr](self._command, exit_code, out_value, err_value)
ops.pebble.ExecError: non-zero exit code 1 executing ['/usr/bin/mysqlsh', '--passwords-from-stdin', '--uri=serverconfig@mysql-k8s-2.mysql-k8s-endpoints.testing.svc.cluster.local:33062', '--python', '--verbose=0', '-c', "shell.options.set('useWizards', False)\nprint('###')\ncluster = dba.create_cluster('test_cluster', {'communicationStack': 'MySQL'})\ncluster.set_instance_option('mysql-k8s-2.mysql-k8s-endpoints.testing.svc.cluster.local', 'label', 'mysql-k8s-2')"], stdout="\x1b[1mPlease provide the password for 'serverconfig@mysql-k8s-2.mysql-k8s-endpoints.testing.svc.cluster.local:33062': \x1b[0m###\n", stderr='Cannot set LC_ALL to locale en_US.UTF-8: No such file or directory\nTraceback (most recent call last):\n  File "<string>", line 3, in <module>\nRuntimeError: Dba.create_cluster: dba.create_cluster: Unable to create cluster. The instance \'mysql-k8s-2.mysql-k8s-endpoints.testing.svc.cluster.local:3306\' has a populated Metadata schema and belongs to that Metadata. Use either dba.drop_metadata_schema() to drop the schema, or dba.reboot_cluster_from_complete_outage() to reboot the cluster from complete outage.\n\n'

During handling of the above exception, another exception occurred:

Traceback (most recent call last):
  File "/var/lib/juju/agents/unit-mysql-k8s-2/charm/lib/charms/mysql/v0/mysql.py", line 1508, in create_cluster
    self._run_mysqlsh_script(
  File "/var/lib/juju/agents/unit-mysql-k8s-2/charm/lib/charms/tempo_coordinator_k8s/v0/charm_tracing.py", line 1065, in wrapped_function
    return callable(*args, **kwargs)  # type: ignore
  File "/var/lib/juju/agents/unit-mysql-k8s-2/charm/src/mysql_k8s_helpers.py", line 730, in _run_mysqlsh_script
    raise MySQLClientError
charms.mysql.v0.mysql.MySQLClientError

During handling of the above exception, another exception occurred:

Traceback (most recent call last):
  File "/var/lib/juju/agents/unit-mysql-k8s-2/charm/src/charm.py", line 1056, in <module>
    main(MySQLOperatorCharm)
  File "/var/lib/juju/agents/unit-mysql-k8s-2/charm/venv/lib/python3.10/site-packages/ops/main.py", line 551, in main
    manager.run()
  File "/var/lib/juju/agents/unit-mysql-k8s-2/charm/venv/lib/python3.10/site-packages/ops/main.py", line 530, in run
    self._emit()
  File "/var/lib/juju/agents/unit-mysql-k8s-2/charm/venv/lib/python3.10/site-packages/ops/main.py", line 519, in _emit
    _emit_charm_event(self.charm, self.dispatcher.event_name)
  File "/var/lib/juju/agents/unit-mysql-k8s-2/charm/venv/lib/python3.10/site-packages/ops/main.py", line 147, in _emit_charm_event
    event_to_emit.emit(*args, **kwargs)
  File "/var/lib/juju/agents/unit-mysql-k8s-2/charm/venv/lib/python3.10/site-packages/ops/framework.py", line 348, in emit
    framework._emit(event)
  File "/var/lib/juju/agents/unit-mysql-k8s-2/charm/venv/lib/python3.10/site-packages/ops/framework.py", line 860, in _emit
    self._reemit(event_path)
  File "/var/lib/juju/agents/unit-mysql-k8s-2/charm/venv/lib/python3.10/site-packages/ops/framework.py", line 950, in _reemit
    custom_handler(event)
  File "/var/lib/juju/agents/unit-mysql-k8s-2/charm/lib/charms/tempo_coordinator_k8s/v0/charm_tracing.py", line 1065, in wrapped_function
    return callable(*args, **kwargs)  # type: ignore
  File "/var/lib/juju/agents/unit-mysql-k8s-2/charm/src/charm.py", line 782, in _on_mysql_pebble_ready
    self.create_cluster()
  File "/var/lib/juju/agents/unit-mysql-k8s-2/charm/lib/charms/tempo_coordinator_k8s/v0/charm_tracing.py", line 1065, in wrapped_function
    return callable(*args, **kwargs)  # type: ignore
  File "/var/lib/juju/agents/unit-mysql-k8s-2/charm/lib/charms/mysql/v0/mysql.py", line 598, in create_cluster
    self._mysql.create_cluster(self.unit_label)
  File "/var/lib/juju/agents/unit-mysql-k8s-2/charm/lib/charms/tempo_coordinator_k8s/v0/charm_tracing.py", line 1065, in wrapped_function
    return callable(*args, **kwargs)  # type: ignore
  File "/var/lib/juju/agents/unit-mysql-k8s-2/charm/lib/charms/mysql/v0/mysql.py", line 1516, in create_cluster
    raise MySQLCreateClusterError
charms.mysql.v0.mysql.MySQLCreateClusterError
unit-mysql-k8s-2: 01:38:17 ERROR juju.worker.uniter.operation hook "mysql-pebble-ready" (via hook dispatching script: dispatch) failed: exit status 1
unit-mysql-k8s-2: 01:38:17 ERROR juju.worker.uniter pebble poll failed for container "mysql": failed to send pebble-ready event: hook failed
unit-mysql-k8s-2: 01:38:21 ERROR unit.mysql-k8s/2.juju-log Failed to execute mysql-shell command
Traceback (most recent call last):
  File "/var/lib/juju/agents/unit-mysql-k8s-2/charm/src/mysql_k8s_helpers.py", line 722, in _run_mysqlsh_script
    stdout, _ = process.wait_output()
  File "/var/lib/juju/agents/unit-mysql-k8s-2/charm/venv/lib/python3.10/site-packages/ops/pebble.py", line 1771, in wait_output
    raise ExecError[AnyStr](self._command, exit_code, out_value, err_value)
ops.pebble.ExecError: non-zero exit code 1 executing ['/usr/bin/mysqlsh', '--passwords-from-stdin', '--uri=serverconfig@mysql-k8s-2.mysql-k8s-endpoints.testing.svc.cluster.local:33062', '--python', '--verbose=0', '-c', "shell.options.set('useWizards', False)\nprint('###')\ncluster = dba.create_cluster('test_cluster', {'communicationStack': 'MySQL'})\ncluster.set_instance_option('mysql-k8s-2.mysql-k8s-endpoints.testing.svc.cluster.local', 'label', 'mysql-k8s-2')"], stdout="\x1b[1mPlease provide the password for 'serverconfig@mysql-k8s-2.mysql-k8s-endpoints.testing.svc.cluster.local:33062': \x1b[0m###\n", stderr='Cannot set LC_ALL to locale en_US.UTF-8: No such file or directory\nTraceback (most recent call last):\n  File "<string>", line 3, in <module>\nRuntimeError: Dba.create_cluster: dba.create_cluster: Unable to create cluster. The instance \'mysql-k8s-2.mysql-k8s-endpoints.testing.svc.cluster.local:3306\' has a populated Metadata schema and belongs to that Metadata. Use either dba.drop_metadata_schema() to drop the schema, or dba.reboot_cluster_from_complete_outage() to reboot the cluster from complete outage.\n\n'
unit-mysql-k8s-2: 01:38:21 ERROR unit.mysql-k8s/2.juju-log Failed to create cluster on instance: mysql-k8s-2.mysql-k8s-endpoints.testing.svc.cluster.local
unit-mysql-k8s-2: 01:38:21 ERROR unit.mysql-k8s/2.juju-log Uncaught exception while in charm code:
Traceback (most recent call last):
  File "/var/lib/juju/agents/unit-mysql-k8s-2/charm/src/mysql_k8s_helpers.py", line 722, in _run_mysqlsh_script
    stdout, _ = process.wait_output()
  File "/var/lib/juju/agents/unit-mysql-k8s-2/charm/venv/lib/python3.10/site-packages/ops/pebble.py", line 1771, in wait_output
    raise ExecError[AnyStr](self._command, exit_code, out_value, err_value)
ops.pebble.ExecError: non-zero exit code 1 executing ['/usr/bin/mysqlsh', '--passwords-from-stdin', '--uri=serverconfig@mysql-k8s-2.mysql-k8s-endpoints.testing.svc.cluster.local:33062', '--python', '--verbose=0', '-c', "shell.options.set('useWizards', False)\nprint('###')\ncluster = dba.create_cluster('test_cluster', {'communicationStack': 'MySQL'})\ncluster.set_instance_option('mysql-k8s-2.mysql-k8s-endpoints.testing.svc.cluster.local', 'label', 'mysql-k8s-2')"], stdout="\x1b[1mPlease provide the password for 'serverconfig@mysql-k8s-2.mysql-k8s-endpoints.testing.svc.cluster.local:33062': \x1b[0m###\n", stderr='Cannot set LC_ALL to locale en_US.UTF-8: No such file or directory\nTraceback (most recent call last):\n  File "<string>", line 3, in <module>\nRuntimeError: Dba.create_cluster: dba.create_cluster: Unable to create cluster. The instance \'mysql-k8s-2.mysql-k8s-endpoints.testing.svc.cluster.local:3306\' has a populated Metadata schema and belongs to that Metadata. Use either dba.drop_metadata_schema() to drop the schema, or dba.reboot_cluster_from_complete_outage() to reboot the cluster from complete outage.\n\n'

During handling of the above exception, another exception occurred:

Traceback (most recent call last):
  File "/var/lib/juju/agents/unit-mysql-k8s-2/charm/lib/charms/mysql/v0/mysql.py", line 1508, in create_cluster
    self._run_mysqlsh_script(
  File "/var/lib/juju/agents/unit-mysql-k8s-2/charm/lib/charms/tempo_coordinator_k8s/v0/charm_tracing.py", line 1065, in wrapped_function
    return callable(*args, **kwargs)  # type: ignore
  File "/var/lib/juju/agents/unit-mysql-k8s-2/charm/src/mysql_k8s_helpers.py", line 730, in _run_mysqlsh_script
    raise MySQLClientError
charms.mysql.v0.mysql.MySQLClientError

During handling of the above exception, another exception occurred:

Traceback (most recent call last):
  File "/var/lib/juju/agents/unit-mysql-k8s-2/charm/src/charm.py", line 1056, in <module>
    main(MySQLOperatorCharm)
  File "/var/lib/juju/agents/unit-mysql-k8s-2/charm/venv/lib/python3.10/site-packages/ops/main.py", line 551, in main
    manager.run()
  File "/var/lib/juju/agents/unit-mysql-k8s-2/charm/venv/lib/python3.10/site-packages/ops/main.py", line 530, in run
    self._emit()
  File "/var/lib/juju/agents/unit-mysql-k8s-2/charm/venv/lib/python3.10/site-packages/ops/main.py", line 519, in _emit
    _emit_charm_event(self.charm, self.dispatcher.event_name)
  File "/var/lib/juju/agents/unit-mysql-k8s-2/charm/venv/lib/python3.10/site-packages/ops/main.py", line 147, in _emit_charm_event
    event_to_emit.emit(*args, **kwargs)
  File "/var/lib/juju/agents/unit-mysql-k8s-2/charm/venv/lib/python3.10/site-packages/ops/framework.py", line 348, in emit
    framework._emit(event)
  File "/var/lib/juju/agents/unit-mysql-k8s-2/charm/venv/lib/python3.10/site-packages/ops/framework.py", line 860, in _emit
    self._reemit(event_path)
  File "/var/lib/juju/agents/unit-mysql-k8s-2/charm/venv/lib/python3.10/site-packages/ops/framework.py", line 950, in _reemit
    custom_handler(event)
  File "/var/lib/juju/agents/unit-mysql-k8s-2/charm/lib/charms/tempo_coordinator_k8s/v0/charm_tracing.py", line 1065, in wrapped_function
    return callable(*args, **kwargs)  # type: ignore
  File "/var/lib/juju/agents/unit-mysql-k8s-2/charm/src/charm.py", line 782, in _on_mysql_pebble_ready
    self.create_cluster()
  File "/var/lib/juju/agents/unit-mysql-k8s-2/charm/lib/charms/tempo_coordinator_k8s/v0/charm_tracing.py", line 1065, in wrapped_function
    return callable(*args, **kwargs)  # type: ignore
  File "/var/lib/juju/agents/unit-mysql-k8s-2/charm/lib/charms/mysql/v0/mysql.py", line 598, in create_cluster
    self._mysql.create_cluster(self.unit_label)
  File "/var/lib/juju/agents/unit-mysql-k8s-2/charm/lib/charms/tempo_coordinator_k8s/v0/charm_tracing.py", line 1065, in wrapped_function
    return callable(*args, **kwargs)  # type: ignore
  File "/var/lib/juju/agents/unit-mysql-k8s-2/charm/lib/charms/mysql/v0/mysql.py", line 1516, in create_cluster
    raise MySQLCreateClusterError
charms.mysql.v0.mysql.MySQLCreateClusterError
unit-mysql-k8s-2: 01:38:21 ERROR juju.worker.uniter.operation hook "mysql-pebble-ready" (via hook dispatching script: dispatch) failed: exit status 1
unit-mysql-k8s-2: 01:38:21 ERROR juju.worker.uniter pebble poll failed for container "mysql": failed to send pebble-ready event: hook failed
unit-mysql-k8s-2: 01:38:26 ERROR unit.mysql-k8s/2.juju-log Failed to execute mysql-shell command
Traceback (most recent call last):
  File "/var/lib/juju/agents/unit-mysql-k8s-2/charm/src/mysql_k8s_helpers.py", line 722, in _run_mysqlsh_script
    stdout, _ = process.wait_output()
  File "/var/lib/juju/agents/unit-mysql-k8s-2/charm/venv/lib/python3.10/site-packages/ops/pebble.py", line 1771, in wait_output
    raise ExecError[AnyStr](self._command, exit_code, out_value, err_value)
ops.pebble.ExecError: non-zero exit code 1 executing ['/usr/bin/mysqlsh', '--passwords-from-stdin', '--uri=serverconfig@mysql-k8s-2.mysql-k8s-endpoints.testing.svc.cluster.local:33062', '--python', '--verbose=0', '-c', "shell.options.set('useWizards', False)\nprint('###')\ncluster = dba.create_cluster('test_cluster', {'communicationStack': 'MySQL'})\ncluster.set_instance_option('mysql-k8s-2.mysql-k8s-endpoints.testing.svc.cluster.local', 'label', 'mysql-k8s-2')"], stdout="\x1b[1mPlease provide the password for 'serverconfig@mysql-k8s-2.mysql-k8s-endpoints.testing.svc.cluster.local:33062': \x1b[0m###\n", stderr='Cannot set LC_ALL to locale en_US.UTF-8: No such file or directory\nTraceback (most recent call last):\n  File "<string>", line 3, in <module>\nRuntimeError: Dba.create_cluster: dba.create_cluster: Unable to create cluster. The instance \'mysql-k8s-2.mysql-k8s-endpoints.testing.svc.cluster.local:3306\' has a populated Metadata schema and belongs to that Metadata. Use either dba.drop_metadata_schema() to drop the schema, or dba.reboot_cluster_from_complete_outage() to reboot the cluster from complete outage.\n\n'
unit-mysql-k8s-2: 01:38:26 ERROR unit.mysql-k8s/2.juju-log Failed to create cluster on instance: mysql-k8s-2.mysql-k8s-endpoints.testing.svc.cluster.local
unit-mysql-k8s-2: 01:38:26 ERROR unit.mysql-k8s/2.juju-log Uncaught exception while in charm code:
Traceback (most recent call last):
  File "/var/lib/juju/agents/unit-mysql-k8s-2/charm/src/mysql_k8s_helpers.py", line 722, in _run_mysqlsh_script
    stdout, _ = process.wait_output()
  File "/var/lib/juju/agents/unit-mysql-k8s-2/charm/venv/lib/python3.10/site-packages/ops/pebble.py", line 1771, in wait_output
    raise ExecError[AnyStr](self._command, exit_code, out_value, err_value)
ops.pebble.ExecError: non-zero exit code 1 executing ['/usr/bin/mysqlsh', '--passwords-from-stdin', '--uri=serverconfig@mysql-k8s-2.mysql-k8s-endpoints.testing.svc.cluster.local:33062', '--python', '--verbose=0', '-c', "shell.options.set('useWizards', False)\nprint('###')\ncluster = dba.create_cluster('test_cluster', {'communicationStack': 'MySQL'})\ncluster.set_instance_option('mysql-k8s-2.mysql-k8s-endpoints.testing.svc.cluster.local', 'label', 'mysql-k8s-2')"], stdout="\x1b[1mPlease provide the password for 'serverconfig@mysql-k8s-2.mysql-k8s-endpoints.testing.svc.cluster.local:33062': \x1b[0m###\n", stderr='Cannot set LC_ALL to locale en_US.UTF-8: No such file or directory\nTraceback (most recent call last):\n  File "<string>", line 3, in <module>\nRuntimeError: Dba.create_cluster: dba.create_cluster: Unable to create cluster. The instance \'mysql-k8s-2.mysql-k8s-endpoints.testing.svc.cluster.local:3306\' has a populated Metadata schema and belongs to that Metadata. Use either dba.drop_metadata_schema() to drop the schema, or dba.reboot_cluster_from_complete_outage() to reboot the cluster from complete outage.\n\n'

During handling of the above exception, another exception occurred:

Traceback (most recent call last):
  File "/var/lib/juju/agents/unit-mysql-k8s-2/charm/lib/charms/mysql/v0/mysql.py", line 1508, in create_cluster
    self._run_mysqlsh_script(
  File "/var/lib/juju/agents/unit-mysql-k8s-2/charm/lib/charms/tempo_coordinator_k8s/v0/charm_tracing.py", line 1065, in wrapped_function
    return callable(*args, **kwargs)  # type: ignore
  File "/var/lib/juju/agents/unit-mysql-k8s-2/charm/src/mysql_k8s_helpers.py", line 730, in _run_mysqlsh_script
    raise MySQLClientError
charms.mysql.v0.mysql.MySQLClientError

During handling of the above exception, another exception occurred:

Traceback (most recent call last):
  File "/var/lib/juju/agents/unit-mysql-k8s-2/charm/src/charm.py", line 1056, in <module>
    main(MySQLOperatorCharm)
  File "/var/lib/juju/agents/unit-mysql-k8s-2/charm/venv/lib/python3.10/site-packages/ops/main.py", line 551, in main
    manager.run()
  File "/var/lib/juju/agents/unit-mysql-k8s-2/charm/venv/lib/python3.10/site-packages/ops/main.py", line 530, in run
    self._emit()
  File "/var/lib/juju/agents/unit-mysql-k8s-2/charm/venv/lib/python3.10/site-packages/ops/main.py", line 519, in _emit
    _emit_charm_event(self.charm, self.dispatcher.event_name)
  File "/var/lib/juju/agents/unit-mysql-k8s-2/charm/venv/lib/python3.10/site-packages/ops/main.py", line 147, in _emit_charm_event
    event_to_emit.emit(*args, **kwargs)
  File "/var/lib/juju/agents/unit-mysql-k8s-2/charm/venv/lib/python3.10/site-packages/ops/framework.py", line 348, in emit
    framework._emit(event)
  File "/var/lib/juju/agents/unit-mysql-k8s-2/charm/venv/lib/python3.10/site-packages/ops/framework.py", line 860, in _emit
    self._reemit(event_path)
  File "/var/lib/juju/agents/unit-mysql-k8s-2/charm/venv/lib/python3.10/site-packages/ops/framework.py", line 950, in _reemit
    custom_handler(event)
  File "/var/lib/juju/agents/unit-mysql-k8s-2/charm/lib/charms/tempo_coordinator_k8s/v0/charm_tracing.py", line 1065, in wrapped_function
    return callable(*args, **kwargs)  # type: ignore
  File "/var/lib/juju/agents/unit-mysql-k8s-2/charm/src/charm.py", line 782, in _on_mysql_pebble_ready
    self.create_cluster()
  File "/var/lib/juju/agents/unit-mysql-k8s-2/charm/lib/charms/tempo_coordinator_k8s/v0/charm_tracing.py", line 1065, in wrapped_function
    return callable(*args, **kwargs)  # type: ignore
  File "/var/lib/juju/agents/unit-mysql-k8s-2/charm/lib/charms/mysql/v0/mysql.py", line 598, in create_cluster
    self._mysql.create_cluster(self.unit_label)
  File "/var/lib/juju/agents/unit-mysql-k8s-2/charm/lib/charms/tempo_coordinator_k8s/v0/charm_tracing.py", line 1065, in wrapped_function
    return callable(*args, **kwargs)  # type: ignore
  File "/var/lib/juju/agents/unit-mysql-k8s-2/charm/lib/charms/mysql/v0/mysql.py", line 1516, in create_cluster
    raise MySQLCreateClusterError
charms.mysql.v0.mysql.MySQLCreateClusterError
unit-mysql-k8s-2: 01:38:27 ERROR juju.worker.uniter.operation hook "mysql-pebble-ready" (via hook dispatching script: dispatch) failed: exit status 1
unit-mysql-k8s-2: 01:38:27 ERROR juju.worker.uniter pebble poll failed for container "mysql": failed to send pebble-ready event: hook failed
unit-mysql-k8s-0: 01:38:49 ERROR unit.mysql-k8s/0.juju-log Failed to execute mysql-shell command
Traceback (most recent call last):
  File "/var/lib/juju/agents/unit-mysql-k8s-0/charm/src/mysql_k8s_helpers.py", line 722, in _run_mysqlsh_script
    stdout, _ = process.wait_output()
  File "/var/lib/juju/agents/unit-mysql-k8s-0/charm/venv/lib/python3.10/site-packages/ops/pebble.py", line 1771, in wait_output
    raise ExecError[AnyStr](self._command, exit_code, out_value, err_value)
ops.pebble.ExecError: non-zero exit code 1 executing ['timeout', '30', '/usr/bin/mysqlsh', '--passwords-from-stdin', '--uri=serverconfig@mysql-k8s-0.mysql-k8s-endpoints.testing.svc.cluster.local:33062', '--python', '--verbose=0', '-c', "shell.options.set('useWizards', False)\nprint('###')\ncluster = dba.get_cluster('test_cluster')\nprint(cluster.status({'extended': False}))"], stdout="\x1b[1mPlease provide the password for 'serverconfig@mysql-k8s-0.mysql-k8s-endpoints.testing.svc.cluster.local:33062': \x1b[0m###\n", stderr='Cannot set LC_ALL to locale en_US.UTF-8: No such file or directory\nTraceback (most recent call last):\n  File "<string>", line 3, in <module>\nRuntimeError: Dba.get_cluster: This function is not available through a session to a standalone instance (metadata exists, instance does not belong to that metadata, and GR is not active)\n\n'
unit-mysql-k8s-0: 01:38:49 ERROR unit.mysql-k8s/0.juju-log Failed to get cluster status for test_cluster
unit-mysql-k8s-0: 01:38:49 ERROR unit.mysql-k8s/0.juju-log Failed to get cluster endpoints
Traceback (most recent call last):
  File "/var/lib/juju/agents/unit-mysql-k8s-0/charm/src/mysql_k8s_helpers.py", line 903, in update_endpoints
    rw_endpoints, ro_endpoints, offline = self.get_cluster_endpoints(get_ips=False)
  File "/var/lib/juju/agents/unit-mysql-k8s-0/charm/lib/charms/tempo_coordinator_k8s/v0/charm_tracing.py", line 1065, in wrapped_function
    return callable(*args, **kwargs)  # type: ignore
  File "/var/lib/juju/agents/unit-mysql-k8s-0/charm/lib/charms/mysql/v0/mysql.py", line 2094, in get_cluster_endpoints
    raise MySQLGetClusterEndpointsError("Failed to get endpoints from cluster status")
charms.mysql.v0.mysql.MySQLGetClusterEndpointsError: Failed to get endpoints from cluster status
unit-mysql-k8s-1: 01:38:49 ERROR unit.mysql-k8s/1.juju-log Failed to execute mysql-shell command
Traceback (most recent call last):
  File "/var/lib/juju/agents/unit-mysql-k8s-1/charm/src/mysql_k8s_helpers.py", line 722, in _run_mysqlsh_script
    stdout, _ = process.wait_output()
  File "/var/lib/juju/agents/unit-mysql-k8s-1/charm/venv/lib/python3.10/site-packages/ops/pebble.py", line 1771, in wait_output
    raise ExecError[AnyStr](self._command, exit_code, out_value, err_value)
ops.pebble.ExecError: non-zero exit code 1 executing ['timeout', '30', '/usr/bin/mysqlsh', '--passwords-from-stdin', '--uri=serverconfig@mysql-k8s-1.mysql-k8s-endpoints.testing.svc.cluster.local:33062', '--python', '--verbose=0', '-c', "shell.options.set('useWizards', False)\nprint('###')\ncluster = dba.get_cluster('test_cluster')\nprint(cluster.status({'extended': False}))"], stdout="\x1b[1mPlease provide the password for 'serverconfig@mysql-k8s-1.mysql-k8s-endpoints.testing.svc.cluster.local:33062': \x1b[0m###\n", stderr='Cannot set LC_ALL to locale en_US.UTF-8: No such file or directory\nTraceback (most recent call last):\n  File "<string>", line 3, in <module>\nmysqlsh.Error: Shell Error (51314): Dba.get_cluster: This function is not available through a session to an InnoDB Cluster that belongs to an InnoDB ClusterSet but is not ONLINE\n'
unit-mysql-k8s-1: 01:38:49 ERROR unit.mysql-k8s/1.juju-log Failed to get cluster status for test_cluster
unit-mysql-k8s-1: 01:38:49 ERROR unit.mysql-k8s/1.juju-log Failed to get cluster endpoints
Traceback (most recent call last):
  File "/var/lib/juju/agents/unit-mysql-k8s-1/charm/src/mysql_k8s_helpers.py", line 903, in update_endpoints
    rw_endpoints, ro_endpoints, offline = self.get_cluster_endpoints(get_ips=False)
  File "/var/lib/juju/agents/unit-mysql-k8s-1/charm/lib/charms/tempo_coordinator_k8s/v0/charm_tracing.py", line 1065, in wrapped_function
    return callable(*args, **kwargs)  # type: ignore
  File "/var/lib/juju/agents/unit-mysql-k8s-1/charm/lib/charms/mysql/v0/mysql.py", line 2094, in get_cluster_endpoints
    raise MySQLGetClusterEndpointsError("Failed to get endpoints from cluster status")
charms.mysql.v0.mysql.MySQLGetClusterEndpointsError: Failed to get endpoints from cluster status
unit-mysql-k8s-2: 01:38:50 ERROR unit.mysql-k8s/2.juju-log Failed to execute mysql-shell command
Traceback (most recent call last):
  File "/var/lib/juju/agents/unit-mysql-k8s-2/charm/src/mysql_k8s_helpers.py", line 722, in _run_mysqlsh_script
    stdout, _ = process.wait_output()
  File "/var/lib/juju/agents/unit-mysql-k8s-2/charm/venv/lib/python3.10/site-packages/ops/pebble.py", line 1771, in wait_output
    raise ExecError[AnyStr](self._command, exit_code, out_value, err_value)
ops.pebble.ExecError: non-zero exit code 1 executing ['timeout', '30', '/usr/bin/mysqlsh', '--passwords-from-stdin', '--uri=serverconfig@mysql-k8s-2.mysql-k8s-endpoints.testing.svc.cluster.local:33062', '--python', '--verbose=0', '-c', "shell.options.set('useWizards', False)\nprint('###')\ncluster = dba.get_cluster('test_cluster')\nprint(cluster.status({'extended': False}))"], stdout="\x1b[1mPlease provide the password for 'serverconfig@mysql-k8s-2.mysql-k8s-endpoints.testing.svc.cluster.local:33062': \x1b[0m###\n", stderr='Cannot set LC_ALL to locale en_US.UTF-8: No such file or directory\nTraceback (most recent call last):\n  File "<string>", line 3, in <module>\nmysqlsh.Error: Shell Error (51314): Dba.get_cluster: This function is not available through a session to an InnoDB Cluster that belongs to an InnoDB ClusterSet but is not ONLINE\n'
unit-mysql-k8s-2: 01:38:50 ERROR unit.mysql-k8s/2.juju-log Failed to get cluster status for test_cluster
unit-mysql-k8s-2: 01:38:50 ERROR unit.mysql-k8s/2.juju-log Failed to get cluster endpoints
Traceback (most recent call last):
  File "/var/lib/juju/agents/unit-mysql-k8s-2/charm/src/mysql_k8s_helpers.py", line 903, in update_endpoints
    rw_endpoints, ro_endpoints, offline = self.get_cluster_endpoints(get_ips=False)
  File "/var/lib/juju/agents/unit-mysql-k8s-2/charm/lib/charms/tempo_coordinator_k8s/v0/charm_tracing.py", line 1065, in wrapped_function
    return callable(*args, **kwargs)  # type: ignore
  File "/var/lib/juju/agents/unit-mysql-k8s-2/charm/lib/charms/mysql/v0/mysql.py", line 2094, in get_cluster_endpoints
    raise MySQLGetClusterEndpointsError("Failed to get endpoints from cluster status")
charms.mysql.v0.mysql.MySQLGetClusterEndpointsError: Failed to get endpoints from cluster status
unit-mysql-k8s-1: 01:39:55 ERROR unit.mysql-k8s/1.juju-log Failed to execute mysql-shell command
Traceback (most recent call last):
  File "/var/lib/juju/agents/unit-mysql-k8s-1/charm/src/mysql_k8s_helpers.py", line 722, in _run_mysqlsh_script
    stdout, _ = process.wait_output()
  File "/var/lib/juju/agents/unit-mysql-k8s-1/charm/venv/lib/python3.10/site-packages/ops/pebble.py", line 1771, in wait_output
    raise ExecError[AnyStr](self._command, exit_code, out_value, err_value)
ops.pebble.ExecError: non-zero exit code 1 executing ['timeout', '30', '/usr/bin/mysqlsh', '--passwords-from-stdin', '--uri=serverconfig@mysql-k8s-1.mysql-k8s-endpoints.testing.svc.cluster.local:33062', '--python', '--verbose=0', '-c', "shell.options.set('useWizards', False)\nprint('###')\ncluster = dba.get_cluster('test_cluster')\nprint(cluster.status({'extended': False}))"], stdout="\x1b[1mPlease provide the password for 'serverconfig@mysql-k8s-1.mysql-k8s-endpoints.testing.svc.cluster.local:33062': \x1b[0m###\n", stderr='Cannot set LC_ALL to locale en_US.UTF-8: No such file or directory\nTraceback (most recent call last):\n  File "<string>", line 3, in <module>\nmysqlsh.Error: Shell Error (51314): Dba.get_cluster: This function is not available through a session to an InnoDB Cluster that belongs to an InnoDB ClusterSet but is not ONLINE\n'
unit-mysql-k8s-1: 01:39:55 ERROR unit.mysql-k8s/1.juju-log Failed to get cluster status for test_cluster
unit-mysql-k8s-1: 01:39:55 ERROR unit.mysql-k8s/1.juju-log Failed to get cluster endpoints
Traceback (most recent call last):
  File "/var/lib/juju/agents/unit-mysql-k8s-1/charm/src/mysql_k8s_helpers.py", line 903, in update_endpoints
    rw_endpoints, ro_endpoints, offline = self.get_cluster_endpoints(get_ips=False)
  File "/var/lib/juju/agents/unit-mysql-k8s-1/charm/lib/charms/tempo_coordinator_k8s/v0/charm_tracing.py", line 1065, in wrapped_function
    return callable(*args, **kwargs)  # type: ignore
  File "/var/lib/juju/agents/unit-mysql-k8s-1/charm/lib/charms/mysql/v0/mysql.py", line 2094, in get_cluster_endpoints
    raise MySQLGetClusterEndpointsError("Failed to get endpoints from cluster status")
charms.mysql.v0.mysql.MySQLGetClusterEndpointsError: Failed to get endpoints from cluster status
unit-mysql-k8s-0: 01:39:55 ERROR unit.mysql-k8s/0.juju-log Failed to execute mysql-shell command
Traceback (most recent call last):
  File "/var/lib/juju/agents/unit-mysql-k8s-0/charm/src/mysql_k8s_helpers.py", line 722, in _run_mysqlsh_script
    stdout, _ = process.wait_output()
  File "/var/lib/juju/agents/unit-mysql-k8s-0/charm/venv/lib/python3.10/site-packages/ops/pebble.py", line 1771, in wait_output
    raise ExecError[AnyStr](self._command, exit_code, out_value, err_value)
ops.pebble.ExecError: non-zero exit code 1 executing ['timeout', '30', '/usr/bin/mysqlsh', '--passwords-from-stdin', '--uri=serverconfig@mysql-k8s-0.mysql-k8s-endpoints.testing.svc.cluster.local:33062', '--python', '--verbose=0', '-c', "shell.options.set('useWizards', False)\nprint('###')\ncluster = dba.get_cluster('test_cluster')\nprint(cluster.status({'extended': False}))"], stdout="\x1b[1mPlease provide the password for 'serverconfig@mysql-k8s-0.mysql-k8s-endpoints.testing.svc.cluster.local:33062': \x1b[0m###\n", stderr='Cannot set LC_ALL to locale en_US.UTF-8: No such file or directory\nTraceback (most recent call last):\n  File "<string>", line 3, in <module>\nRuntimeError: Dba.get_cluster: This function is not available through a session to a standalone instance (metadata exists, instance does not belong to that metadata, and GR is not active)\n\n'
unit-mysql-k8s-0: 01:39:55 ERROR unit.mysql-k8s/0.juju-log Failed to get cluster status for test_cluster
unit-mysql-k8s-0: 01:39:55 ERROR unit.mysql-k8s/0.juju-log Failed to get cluster endpoints
Traceback (most recent call last):
  File "/var/lib/juju/agents/unit-mysql-k8s-0/charm/src/mysql_k8s_helpers.py", line 903, in update_endpoints
    rw_endpoints, ro_endpoints, offline = self.get_cluster_endpoints(get_ips=False)
  File "/var/lib/juju/agents/unit-mysql-k8s-0/charm/lib/charms/tempo_coordinator_k8s/v0/charm_tracing.py", line 1065, in wrapped_function
    return callable(*args, **kwargs)  # type: ignore
  File "/var/lib/juju/agents/unit-mysql-k8s-0/charm/lib/charms/mysql/v0/mysql.py", line 2094, in get_cluster_endpoints
    raise MySQLGetClusterEndpointsError("Failed to get endpoints from cluster status")
charms.mysql.v0.mysql.MySQLGetClusterEndpointsError: Failed to get endpoints from cluster status
unit-mysql-k8s-2: 01:39:55 ERROR unit.mysql-k8s/2.juju-log Failed to execute mysql-shell command
Traceback (most recent call last):
  File "/var/lib/juju/agents/unit-mysql-k8s-2/charm/src/mysql_k8s_helpers.py", line 722, in _run_mysqlsh_script
    stdout, _ = process.wait_output()
  File "/var/lib/juju/agents/unit-mysql-k8s-2/charm/venv/lib/python3.10/site-packages/ops/pebble.py", line 1771, in wait_output
    raise ExecError[AnyStr](self._command, exit_code, out_value, err_value)
ops.pebble.ExecError: non-zero exit code 1 executing ['timeout', '30', '/usr/bin/mysqlsh', '--passwords-from-stdin', '--uri=serverconfig@mysql-k8s-2.mysql-k8s-endpoints.testing.svc.cluster.local:33062', '--python', '--verbose=0', '-c', "shell.options.set('useWizards', False)\nprint('###')\ncluster = dba.get_cluster('test_cluster')\nprint(cluster.status({'extended': False}))"], stdout="\x1b[1mPlease provide the password for 'serverconfig@mysql-k8s-2.mysql-k8s-endpoints.testing.svc.cluster.local:33062': \x1b[0m###\n", stderr='Cannot set LC_ALL to locale en_US.UTF-8: No such file or directory\nTraceback (most recent call last):\n  File "<string>", line 3, in <module>\nmysqlsh.Error: Shell Error (51314): Dba.get_cluster: This function is not available through a session to an InnoDB Cluster that belongs to an InnoDB ClusterSet but is not ONLINE\n'
unit-mysql-k8s-2: 01:39:55 ERROR unit.mysql-k8s/2.juju-log Failed to get cluster status for test_cluster
unit-mysql-k8s-2: 01:39:55 ERROR unit.mysql-k8s/2.juju-log Failed to get cluster endpoints
Traceback (most recent call last):
  File "/var/lib/juju/agents/unit-mysql-k8s-2/charm/src/mysql_k8s_helpers.py", line 903, in update_endpoints
    rw_endpoints, ro_endpoints, offline = self.get_cluster_endpoints(get_ips=False)
  File "/var/lib/juju/agents/unit-mysql-k8s-2/charm/lib/charms/tempo_coordinator_k8s/v0/charm_tracing.py", line 1065, in wrapped_function
    return callable(*args, **kwargs)  # type: ignore
  File "/var/lib/juju/agents/unit-mysql-k8s-2/charm/lib/charms/mysql/v0/mysql.py", line 2094, in get_cluster_endpoints
    raise MySQLGetClusterEndpointsError("Failed to get endpoints from cluster status")
charms.mysql.v0.mysql.MySQLGetClusterEndpointsError: Failed to get endpoints from cluster status
unit-mysql-k8s-1: 01:40:45 ERROR unit.mysql-k8s/1.juju-log Failed to execute mysql-shell command
Traceback (most recent call last):
  File "/var/lib/juju/agents/unit-mysql-k8s-1/charm/src/mysql_k8s_helpers.py", line 722, in _run_mysqlsh_script
    stdout, _ = process.wait_output()
  File "/var/lib/juju/agents/unit-mysql-k8s-1/charm/venv/lib/python3.10/site-packages/ops/pebble.py", line 1771, in wait_output
    raise ExecError[AnyStr](self._command, exit_code, out_value, err_value)
ops.pebble.ExecError: non-zero exit code 1 executing ['timeout', '30', '/usr/bin/mysqlsh', '--passwords-from-stdin', '--uri=serverconfig@mysql-k8s-1.mysql-k8s-endpoints.testing.svc.cluster.local:33062', '--python', '--verbose=0', '-c', "shell.options.set('useWizards', False)\nprint('###')\ncluster = dba.get_cluster('test_cluster')\nprint(cluster.status({'extended': False}))"], stdout="\x1b[1mPlease provide the password for 'serverconfig@mysql-k8s-1.mysql-k8s-endpoints.testing.svc.cluster.local:33062': \x1b[0m###\n", stderr='Cannot set LC_ALL to locale en_US.UTF-8: No such file or directory\nTraceback (most recent call last):\n  File "<string>", line 3, in <module>\nmysqlsh.Error: Shell Error (51314): Dba.get_cluster: This function is not available through a session to an InnoDB Cluster that belongs to an InnoDB ClusterSet but is not ONLINE\n'
unit-mysql-k8s-1: 01:40:45 ERROR unit.mysql-k8s/1.juju-log Failed to get cluster status for test_cluster
unit-mysql-k8s-1: 01:40:45 ERROR unit.mysql-k8s/1.juju-log Failed to get cluster endpoints
Traceback (most recent call last):
  File "/var/lib/juju/agents/unit-mysql-k8s-1/charm/src/mysql_k8s_helpers.py", line 903, in update_endpoints
    rw_endpoints, ro_endpoints, offline = self.get_cluster_endpoints(get_ips=False)
  File "/var/lib/juju/agents/unit-mysql-k8s-1/charm/lib/charms/tempo_coordinator_k8s/v0/charm_tracing.py", line 1065, in wrapped_function
    return callable(*args, **kwargs)  # type: ignore
  File "/var/lib/juju/agents/unit-mysql-k8s-1/charm/lib/charms/mysql/v0/mysql.py", line 2094, in get_cluster_endpoints
    raise MySQLGetClusterEndpointsError("Failed to get endpoints from cluster status")
charms.mysql.v0.mysql.MySQLGetClusterEndpointsError: Failed to get endpoints from cluster status
unit-mysql-k8s-0: 01:40:45 ERROR unit.mysql-k8s/0.juju-log Failed to execute mysql-shell command
Traceback (most recent call last):
  File "/var/lib/juju/agents/unit-mysql-k8s-0/charm/src/mysql_k8s_helpers.py", line 722, in _run_mysqlsh_script
    stdout, _ = process.wait_output()
  File "/var/lib/juju/agents/unit-mysql-k8s-0/charm/venv/lib/python3.10/site-packages/ops/pebble.py", line 1771, in wait_output
    raise ExecError[AnyStr](self._command, exit_code, out_value, err_value)
ops.pebble.ExecError: non-zero exit code 1 executing ['timeout', '30', '/usr/bin/mysqlsh', '--passwords-from-stdin', '--uri=serverconfig@mysql-k8s-0.mysql-k8s-endpoints.testing.svc.cluster.local:33062', '--python', '--verbose=0', '-c', "shell.options.set('useWizards', False)\nprint('###')\ncluster = dba.get_cluster('test_cluster')\nprint(cluster.status({'extended': False}))"], stdout="\x1b[1mPlease provide the password for 'serverconfig@mysql-k8s-0.mysql-k8s-endpoints.testing.svc.cluster.local:33062': \x1b[0m###\n", stderr='Cannot set LC_ALL to locale en_US.UTF-8: No such file or directory\nTraceback (most recent call last):\n  File "<string>", line 3, in <module>\nRuntimeError: Dba.get_cluster: This function is not available through a session to a standalone instance (metadata exists, instance does not belong to that metadata, and GR is not active)\n\n'
unit-mysql-k8s-0: 01:40:45 ERROR unit.mysql-k8s/0.juju-log Failed to get cluster status for test_cluster
unit-mysql-k8s-0: 01:40:45 ERROR unit.mysql-k8s/0.juju-log Failed to get cluster endpoints
Traceback (most recent call last):
  File "/var/lib/juju/agents/unit-mysql-k8s-0/charm/src/mysql_k8s_helpers.py", line 903, in update_endpoints
    rw_endpoints, ro_endpoints, offline = self.get_cluster_endpoints(get_ips=False)
  File "/var/lib/juju/agents/unit-mysql-k8s-0/charm/lib/charms/tempo_coordinator_k8s/v0/charm_tracing.py", line 1065, in wrapped_function
    return callable(*args, **kwargs)  # type: ignore
  File "/var/lib/juju/agents/unit-mysql-k8s-0/charm/lib/charms/mysql/v0/mysql.py", line 2094, in get_cluster_endpoints
    raise MySQLGetClusterEndpointsError("Failed to get endpoints from cluster status")
charms.mysql.v0.mysql.MySQLGetClusterEndpointsError: Failed to get endpoints from cluster status
unit-mysql-k8s-2: 01:40:46 ERROR unit.mysql-k8s/2.juju-log Failed to execute mysql-shell command
Traceback (most recent call last):
  File "/var/lib/juju/agents/unit-mysql-k8s-2/charm/src/mysql_k8s_helpers.py", line 722, in _run_mysqlsh_script
    stdout, _ = process.wait_output()
  File "/var/lib/juju/agents/unit-mysql-k8s-2/charm/venv/lib/python3.10/site-packages/ops/pebble.py", line 1771, in wait_output
    raise ExecError[AnyStr](self._command, exit_code, out_value, err_value)
ops.pebble.ExecError: non-zero exit code 1 executing ['timeout', '30', '/usr/bin/mysqlsh', '--passwords-from-stdin', '--uri=serverconfig@mysql-k8s-2.mysql-k8s-endpoints.testing.svc.cluster.local:33062', '--python', '--verbose=0', '-c', "shell.options.set('useWizards', False)\nprint('###')\ncluster = dba.get_cluster('test_cluster')\nprint(cluster.status({'extended': False}))"], stdout="\x1b[1mPlease provide the password for 'serverconfig@mysql-k8s-2.mysql-k8s-endpoints.testing.svc.cluster.local:33062': \x1b[0m###\n", stderr='Cannot set LC_ALL to locale en_US.UTF-8: No such file or directory\nTraceback (most recent call last):\n  File "<string>", line 3, in <module>\nmysqlsh.Error: Shell Error (51314): Dba.get_cluster: This function is not available through a session to an InnoDB Cluster that belongs to an InnoDB ClusterSet but is not ONLINE\n'
unit-mysql-k8s-2: 01:40:46 ERROR unit.mysql-k8s/2.juju-log Failed to get cluster status for test_cluster
unit-mysql-k8s-2: 01:40:46 ERROR unit.mysql-k8s/2.juju-log Failed to get cluster endpoints
Traceback (most recent call last):
  File "/var/lib/juju/agents/unit-mysql-k8s-2/charm/src/mysql_k8s_helpers.py", line 903, in update_endpoints
    rw_endpoints, ro_endpoints, offline = self.get_cluster_endpoints(get_ips=False)
  File "/var/lib/juju/agents/unit-mysql-k8s-2/charm/lib/charms/tempo_coordinator_k8s/v0/charm_tracing.py", line 1065, in wrapped_function
    return callable(*args, **kwargs)  # type: ignore
  File "/var/lib/juju/agents/unit-mysql-k8s-2/charm/lib/charms/mysql/v0/mysql.py", line 2094, in get_cluster_endpoints
    raise MySQLGetClusterEndpointsError("Failed to get endpoints from cluster status")
charms.mysql.v0.mysql.MySQLGetClusterEndpointsError: Failed to get endpoints from cluster status
unit-mysql-k8s-1: 01:41:42 ERROR unit.mysql-k8s/1.juju-log Failed to execute mysql-shell command
Traceback (most recent call last):
  File "/var/lib/juju/agents/unit-mysql-k8s-1/charm/src/mysql_k8s_helpers.py", line 722, in _run_mysqlsh_script
    stdout, _ = process.wait_output()
  File "/var/lib/juju/agents/unit-mysql-k8s-1/charm/venv/lib/python3.10/site-packages/ops/pebble.py", line 1771, in wait_output
    raise ExecError[AnyStr](self._command, exit_code, out_value, err_value)
ops.pebble.ExecError: non-zero exit code 1 executing ['timeout', '30', '/usr/bin/mysqlsh', '--passwords-from-stdin', '--uri=serverconfig@mysql-k8s-1.mysql-k8s-endpoints.testing.svc.cluster.local:33062', '--python', '--verbose=0', '-c', "shell.options.set('useWizards', False)\nprint('###')\ncluster = dba.get_cluster('test_cluster')\nprint(cluster.status({'extended': False}))"], stdout="\x1b[1mPlease provide the password for 'serverconfig@mysql-k8s-1.mysql-k8s-endpoints.testing.svc.cluster.local:33062': \x1b[0m###\n", stderr='Cannot set LC_ALL to locale en_US.UTF-8: No such file or directory\nTraceback (most recent call last):\n  File "<string>", line 3, in <module>\nmysqlsh.Error: Shell Error (51314): Dba.get_cluster: This function is not available through a session to an InnoDB Cluster that belongs to an InnoDB ClusterSet but is not ONLINE\n'
unit-mysql-k8s-1: 01:41:42 ERROR unit.mysql-k8s/1.juju-log Failed to get cluster status for test_cluster
unit-mysql-k8s-1: 01:41:42 ERROR unit.mysql-k8s/1.juju-log Failed to get cluster endpoints
Traceback (most recent call last):
  File "/var/lib/juju/agents/unit-mysql-k8s-1/charm/src/mysql_k8s_helpers.py", line 903, in update_endpoints
    rw_endpoints, ro_endpoints, offline = self.get_cluster_endpoints(get_ips=False)
  File "/var/lib/juju/agents/unit-mysql-k8s-1/charm/lib/charms/tempo_coordinator_k8s/v0/charm_tracing.py", line 1065, in wrapped_function
    return callable(*args, **kwargs)  # type: ignore
  File "/var/lib/juju/agents/unit-mysql-k8s-1/charm/lib/charms/mysql/v0/mysql.py", line 2094, in get_cluster_endpoints
    raise MySQLGetClusterEndpointsError("Failed to get endpoints from cluster status")
charms.mysql.v0.mysql.MySQLGetClusterEndpointsError: Failed to get endpoints from cluster status
unit-mysql-k8s-0: 01:41:42 ERROR unit.mysql-k8s/0.juju-log Failed to execute mysql-shell command
Traceback (most recent call last):
  File "/var/lib/juju/agents/unit-mysql-k8s-0/charm/src/mysql_k8s_helpers.py", line 722, in _run_mysqlsh_script
    stdout, _ = process.wait_output()
  File "/var/lib/juju/agents/unit-mysql-k8s-0/charm/venv/lib/python3.10/site-packages/ops/pebble.py", line 1771, in wait_output
    raise ExecError[AnyStr](self._command, exit_code, out_value, err_value)
ops.pebble.ExecError: non-zero exit code 1 executing ['timeout', '30', '/usr/bin/mysqlsh', '--passwords-from-stdin', '--uri=serverconfig@mysql-k8s-0.mysql-k8s-endpoints.testing.svc.cluster.local:33062', '--python', '--verbose=0', '-c', "shell.options.set('useWizards', False)\nprint('###')\ncluster = dba.get_cluster('test_cluster')\nprint(cluster.status({'extended': False}))"], stdout="\x1b[1mPlease provide the password for 'serverconfig@mysql-k8s-0.mysql-k8s-endpoints.testing.svc.cluster.local:33062': \x1b[0m###\n", stderr='Cannot set LC_ALL to locale en_US.UTF-8: No such file or directory\nTraceback (most recent call last):\n  File "<string>", line 3, in <module>\nRuntimeError: Dba.get_cluster: This function is not available through a session to a standalone instance (metadata exists, instance does not belong to that metadata, and GR is not active)\n\n'
unit-mysql-k8s-0: 01:41:42 ERROR unit.mysql-k8s/0.juju-log Failed to get cluster status for test_cluster
unit-mysql-k8s-0: 01:41:42 ERROR unit.mysql-k8s/0.juju-log Failed to get cluster endpoints
Traceback (most recent call last):
  File "/var/lib/juju/agents/unit-mysql-k8s-0/charm/src/mysql_k8s_helpers.py", line 903, in update_endpoints
    rw_endpoints, ro_endpoints, offline = self.get_cluster_endpoints(get_ips=False)
  File "/var/lib/juju/agents/unit-mysql-k8s-0/charm/lib/charms/tempo_coordinator_k8s/v0/charm_tracing.py", line 1065, in wrapped_function
    return callable(*args, **kwargs)  # type: ignore
  File "/var/lib/juju/agents/unit-mysql-k8s-0/charm/lib/charms/mysql/v0/mysql.py", line 2094, in get_cluster_endpoints
    raise MySQLGetClusterEndpointsError("Failed to get endpoints from cluster status")
charms.mysql.v0.mysql.MySQLGetClusterEndpointsError: Failed to get endpoints from cluster status
unit-mysql-k8s-2: 01:41:42 ERROR unit.mysql-k8s/2.juju-log Failed to execute mysql-shell command
Traceback (most recent call last):
  File "/var/lib/juju/agents/unit-mysql-k8s-2/charm/src/mysql_k8s_helpers.py", line 722, in _run_mysqlsh_script
    stdout, _ = process.wait_output()
  File "/var/lib/juju/agents/unit-mysql-k8s-2/charm/venv/lib/python3.10/site-packages/ops/pebble.py", line 1771, in wait_output
    raise ExecError[AnyStr](self._command, exit_code, out_value, err_value)
ops.pebble.ExecError: non-zero exit code 1 executing ['timeout', '30', '/usr/bin/mysqlsh', '--passwords-from-stdin', '--uri=serverconfig@mysql-k8s-2.mysql-k8s-endpoints.testing.svc.cluster.local:33062', '--python', '--verbose=0', '-c', "shell.options.set('useWizards', False)\nprint('###')\ncluster = dba.get_cluster('test_cluster')\nprint(cluster.status({'extended': False}))"], stdout="\x1b[1mPlease provide the password for 'serverconfig@mysql-k8s-2.mysql-k8s-endpoints.testing.svc.cluster.local:33062': \x1b[0m###\n", stderr='Cannot set LC_ALL to locale en_US.UTF-8: No such file or directory\nTraceback (most recent call last):\n  File "<string>", line 3, in <module>\nmysqlsh.Error: Shell Error (51314): Dba.get_cluster: This function is not available through a session to an InnoDB Cluster that belongs to an InnoDB ClusterSet but is not ONLINE\n'
unit-mysql-k8s-2: 01:41:42 ERROR unit.mysql-k8s/2.juju-log Failed to get cluster status for test_cluster
unit-mysql-k8s-2: 01:41:42 ERROR unit.mysql-k8s/2.juju-log Failed to get cluster endpoints
Traceback (most recent call last):
  File "/var/lib/juju/agents/unit-mysql-k8s-2/charm/src/mysql_k8s_helpers.py", line 903, in update_endpoints
    rw_endpoints, ro_endpoints, offline = self.get_cluster_endpoints(get_ips=False)
  File "/var/lib/juju/agents/unit-mysql-k8s-2/charm/lib/charms/tempo_coordinator_k8s/v0/charm_tracing.py", line 1065, in wrapped_function
    return callable(*args, **kwargs)  # type: ignore
  File "/var/lib/juju/agents/unit-mysql-k8s-2/charm/lib/charms/mysql/v0/mysql.py", line 2094, in get_cluster_endpoints
    raise MySQLGetClusterEndpointsError("Failed to get endpoints from cluster status")
charms.mysql.v0.mysql.MySQLGetClusterEndpointsError: Failed to get endpoints from cluster status
unit-mysql-k8s-1: 01:42:36 ERROR unit.mysql-k8s/1.juju-log Failed to execute mysql-shell command
Traceback (most recent call last):
  File "/var/lib/juju/agents/unit-mysql-k8s-1/charm/src/mysql_k8s_helpers.py", line 722, in _run_mysqlsh_script
    stdout, _ = process.wait_output()
  File "/var/lib/juju/agents/unit-mysql-k8s-1/charm/venv/lib/python3.10/site-packages/ops/pebble.py", line 1771, in wait_output
    raise ExecError[AnyStr](self._command, exit_code, out_value, err_value)
ops.pebble.ExecError: non-zero exit code 1 executing ['timeout', '30', '/usr/bin/mysqlsh', '--passwords-from-stdin', '--uri=serverconfig@mysql-k8s-1.mysql-k8s-endpoints.testing.svc.cluster.local:33062', '--python', '--verbose=0', '-c', "shell.options.set('useWizards', False)\nprint('###')\ncluster = dba.get_cluster('test_cluster')\nprint(cluster.status({'extended': False}))"], stdout="\x1b[1mPlease provide the password for 'serverconfig@mysql-k8s-1.mysql-k8s-endpoints.testing.svc.cluster.local:33062': \x1b[0m###\n", stderr='Cannot set LC_ALL to locale en_US.UTF-8: No such file or directory\nTraceback (most recent call last):\n  File "<string>", line 3, in <module>\nmysqlsh.Error: Shell Error (51314): Dba.get_cluster: This function is not available through a session to an InnoDB Cluster that belongs to an InnoDB ClusterSet but is not ONLINE\n'
unit-mysql-k8s-1: 01:42:36 ERROR unit.mysql-k8s/1.juju-log Failed to get cluster status for test_cluster
unit-mysql-k8s-1: 01:42:36 ERROR unit.mysql-k8s/1.juju-log Failed to get cluster endpoints
Traceback (most recent call last):
  File "/var/lib/juju/agents/unit-mysql-k8s-1/charm/src/mysql_k8s_helpers.py", line 903, in update_endpoints
    rw_endpoints, ro_endpoints, offline = self.get_cluster_endpoints(get_ips=False)
  File "/var/lib/juju/agents/unit-mysql-k8s-1/charm/lib/charms/tempo_coordinator_k8s/v0/charm_tracing.py", line 1065, in wrapped_function
    return callable(*args, **kwargs)  # type: ignore
  File "/var/lib/juju/agents/unit-mysql-k8s-1/charm/lib/charms/mysql/v0/mysql.py", line 2094, in get_cluster_endpoints
    raise MySQLGetClusterEndpointsError("Failed to get endpoints from cluster status")
charms.mysql.v0.mysql.MySQLGetClusterEndpointsError: Failed to get endpoints from cluster status
unit-mysql-k8s-0: 01:42:36 ERROR unit.mysql-k8s/0.juju-log Failed to execute mysql-shell command
Traceback (most recent call last):
  File "/var/lib/juju/agents/unit-mysql-k8s-0/charm/src/mysql_k8s_helpers.py", line 722, in _run_mysqlsh_script
    stdout, _ = process.wait_output()
  File "/var/lib/juju/agents/unit-mysql-k8s-0/charm/venv/lib/python3.10/site-packages/ops/pebble.py", line 1771, in wait_output
    raise ExecError[AnyStr](self._command, exit_code, out_value, err_value)
ops.pebble.ExecError: non-zero exit code 1 executing ['timeout', '30', '/usr/bin/mysqlsh', '--passwords-from-stdin', '--uri=serverconfig@mysql-k8s-0.mysql-k8s-endpoints.testing.svc.cluster.local:33062', '--python', '--verbose=0', '-c', "shell.options.set('useWizards', False)\nprint('###')\ncluster = dba.get_cluster('test_cluster')\nprint(cluster.status({'extended': False}))"], stdout="\x1b[1mPlease provide the password for 'serverconfig@mysql-k8s-0.mysql-k8s-endpoints.testing.svc.cluster.local:33062': \x1b[0m###\n", stderr='Cannot set LC_ALL to locale en_US.UTF-8: No such file or directory\nTraceback (most recent call last):\n  File "<string>", line 3, in <module>\nRuntimeError: Dba.get_cluster: This function is not available through a session to a standalone instance (metadata exists, instance does not belong to that metadata, and GR is not active)\n\n'
unit-mysql-k8s-0: 01:42:36 ERROR unit.mysql-k8s/0.juju-log Failed to get cluster status for test_cluster
unit-mysql-k8s-0: 01:42:36 ERROR unit.mysql-k8s/0.juju-log Failed to get cluster endpoints
Traceback (most recent call last):
  File "/var/lib/juju/agents/unit-mysql-k8s-0/charm/src/mysql_k8s_helpers.py", line 903, in update_endpoints
    rw_endpoints, ro_endpoints, offline = self.get_cluster_endpoints(get_ips=False)
  File "/var/lib/juju/agents/unit-mysql-k8s-0/charm/lib/charms/tempo_coordinator_k8s/v0/charm_tracing.py", line 1065, in wrapped_function
    return callable(*args, **kwargs)  # type: ignore
  File "/var/lib/juju/agents/unit-mysql-k8s-0/charm/lib/charms/mysql/v0/mysql.py", line 2094, in get_cluster_endpoints
    raise MySQLGetClusterEndpointsError("Failed to get endpoints from cluster status")
charms.mysql.v0.mysql.MySQLGetClusterEndpointsError: Failed to get endpoints from cluster status
unit-mysql-k8s-2: 01:42:36 ERROR unit.mysql-k8s/2.juju-log Failed to execute mysql-shell command
Traceback (most recent call last):
  File "/var/lib/juju/agents/unit-mysql-k8s-2/charm/src/mysql_k8s_helpers.py", line 722, in _run_mysqlsh_script
    stdout, _ = process.wait_output()
  File "/var/lib/juju/agents/unit-mysql-k8s-2/charm/venv/lib/python3.10/site-packages/ops/pebble.py", line 1771, in wait_output
    raise ExecError[AnyStr](self._command, exit_code, out_value, err_value)
ops.pebble.ExecError: non-zero exit code 1 executing ['timeout', '30', '/usr/bin/mysqlsh', '--passwords-from-stdin', '--uri=serverconfig@mysql-k8s-2.mysql-k8s-endpoints.testing.svc.cluster.local:33062', '--python', '--verbose=0', '-c', "shell.options.set('useWizards', False)\nprint('###')\ncluster = dba.get_cluster('test_cluster')\nprint(cluster.status({'extended': False}))"], stdout="\x1b[1mPlease provide the password for 'serverconfig@mysql-k8s-2.mysql-k8s-endpoints.testing.svc.cluster.local:33062': \x1b[0m###\n", stderr='Cannot set LC_ALL to locale en_US.UTF-8: No such file or directory\nTraceback (most recent call last):\n  File "<string>", line 3, in <module>\nmysqlsh.Error: Shell Error (51314): Dba.get_cluster: This function is not available through a session to an InnoDB Cluster that belongs to an InnoDB ClusterSet but is not ONLINE\n'
unit-mysql-k8s-2: 01:42:36 ERROR unit.mysql-k8s/2.juju-log Failed to get cluster status for test_cluster
unit-mysql-k8s-2: 01:42:36 ERROR unit.mysql-k8s/2.juju-log Failed to get cluster endpoints
Traceback (most recent call last):
  File "/var/lib/juju/agents/unit-mysql-k8s-2/charm/src/mysql_k8s_helpers.py", line 903, in update_endpoints
    rw_endpoints, ro_endpoints, offline = self.get_cluster_endpoints(get_ips=False)
  File "/var/lib/juju/agents/unit-mysql-k8s-2/charm/lib/charms/tempo_coordinator_k8s/v0/charm_tracing.py", line 1065, in wrapped_function
    return callable(*args, **kwargs)  # type: ignore
  File "/var/lib/juju/agents/unit-mysql-k8s-2/charm/lib/charms/mysql/v0/mysql.py", line 2094, in get_cluster_endpoints
    raise MySQLGetClusterEndpointsError("Failed to get endpoints from cluster status")
charms.mysql.v0.mysql.MySQLGetClusterEndpointsError: Failed to get endpoints from cluster status
unit-mysql-k8s-1: 01:43:37 ERROR unit.mysql-k8s/1.juju-log Failed to execute mysql-shell command
Traceback (most recent call last):
  File "/var/lib/juju/agents/unit-mysql-k8s-1/charm/src/mysql_k8s_helpers.py", line 722, in _run_mysqlsh_script
    stdout, _ = process.wait_output()
  File "/var/lib/juju/agents/unit-mysql-k8s-1/charm/venv/lib/python3.10/site-packages/ops/pebble.py", line 1771, in wait_output
    raise ExecError[AnyStr](self._command, exit_code, out_value, err_value)
ops.pebble.ExecError: non-zero exit code 1 executing ['timeout', '30', '/usr/bin/mysqlsh', '--passwords-from-stdin', '--uri=serverconfig@mysql-k8s-1.mysql-k8s-endpoints.testing.svc.cluster.local:33062', '--python', '--verbose=0', '-c', "shell.options.set('useWizards', False)\nprint('###')\ncluster = dba.get_cluster('test_cluster')\nprint(cluster.status({'extended': False}))"], stdout="\x1b[1mPlease provide the password for 'serverconfig@mysql-k8s-1.mysql-k8s-endpoints.testing.svc.cluster.local:33062': \x1b[0m###\n", stderr='Cannot set LC_ALL to locale en_US.UTF-8: No such file or directory\nTraceback (most recent call last):\n  File "<string>", line 3, in <module>\nmysqlsh.Error: Shell Error (51314): Dba.get_cluster: This function is not available through a session to an InnoDB Cluster that belongs to an InnoDB ClusterSet but is not ONLINE\n'
unit-mysql-k8s-1: 01:43:37 ERROR unit.mysql-k8s/1.juju-log Failed to get cluster status for test_cluster
unit-mysql-k8s-1: 01:43:37 ERROR unit.mysql-k8s/1.juju-log Failed to get cluster endpoints
Traceback (most recent call last):
  File "/var/lib/juju/agents/unit-mysql-k8s-1/charm/src/mysql_k8s_helpers.py", line 903, in update_endpoints
    rw_endpoints, ro_endpoints, offline = self.get_cluster_endpoints(get_ips=False)
  File "/var/lib/juju/agents/unit-mysql-k8s-1/charm/lib/charms/tempo_coordinator_k8s/v0/charm_tracing.py", line 1065, in wrapped_function
    return callable(*args, **kwargs)  # type: ignore
  File "/var/lib/juju/agents/unit-mysql-k8s-1/charm/lib/charms/mysql/v0/mysql.py", line 2094, in get_cluster_endpoints
    raise MySQLGetClusterEndpointsError("Failed to get endpoints from cluster status")
charms.mysql.v0.mysql.MySQLGetClusterEndpointsError: Failed to get endpoints from cluster status
unit-mysql-k8s-0: 01:43:38 ERROR unit.mysql-k8s/0.juju-log Failed to execute mysql-shell command
Traceback (most recent call last):
  File "/var/lib/juju/agents/unit-mysql-k8s-0/charm/src/mysql_k8s_helpers.py", line 722, in _run_mysqlsh_script
    stdout, _ = process.wait_output()
  File "/var/lib/juju/agents/unit-mysql-k8s-0/charm/venv/lib/python3.10/site-packages/ops/pebble.py", line 1771, in wait_output
    raise ExecError[AnyStr](self._command, exit_code, out_value, err_value)
ops.pebble.ExecError: non-zero exit code 1 executing ['timeout', '30', '/usr/bin/mysqlsh', '--passwords-from-stdin', '--uri=serverconfig@mysql-k8s-0.mysql-k8s-endpoints.testing.svc.cluster.local:33062', '--python', '--verbose=0', '-c', "shell.options.set('useWizards', False)\nprint('###')\ncluster = dba.get_cluster('test_cluster')\nprint(cluster.status({'extended': False}))"], stdout="\x1b[1mPlease provide the password for 'serverconfig@mysql-k8s-0.mysql-k8s-endpoints.testing.svc.cluster.local:33062': \x1b[0m###\n", stderr='Cannot set LC_ALL to locale en_US.UTF-8: No such file or directory\nTraceback (most recent call last):\n  File "<string>", line 3, in <module>\nRuntimeError: Dba.get_cluster: This function is not available through a session to a standalone instance (metadata exists, instance does not belong to that metadata, and GR is not active)\n\n'
unit-mysql-k8s-0: 01:43:38 ERROR unit.mysql-k8s/0.juju-log Failed to get cluster status for test_cluster
unit-mysql-k8s-0: 01:43:38 ERROR unit.mysql-k8s/0.juju-log Failed to get cluster endpoints
Traceback (most recent call last):
  File "/var/lib/juju/agents/unit-mysql-k8s-0/charm/src/mysql_k8s_helpers.py", line 903, in update_endpoints
    rw_endpoints, ro_endpoints, offline = self.get_cluster_endpoints(get_ips=False)
  File "/var/lib/juju/agents/unit-mysql-k8s-0/charm/lib/charms/tempo_coordinator_k8s/v0/charm_tracing.py", line 1065, in wrapped_function
    return callable(*args, **kwargs)  # type: ignore
  File "/var/lib/juju/agents/unit-mysql-k8s-0/charm/lib/charms/mysql/v0/mysql.py", line 2094, in get_cluster_endpoints
    raise MySQLGetClusterEndpointsError("Failed to get endpoints from cluster status")
charms.mysql.v0.mysql.MySQLGetClusterEndpointsError: Failed to get endpoints from cluster status
unit-mysql-k8s-2: 01:43:38 ERROR unit.mysql-k8s/2.juju-log Failed to execute mysql-shell command
Traceback (most recent call last):
  File "/var/lib/juju/agents/unit-mysql-k8s-2/charm/src/mysql_k8s_helpers.py", line 722, in _run_mysqlsh_script
    stdout, _ = process.wait_output()
  File "/var/lib/juju/agents/unit-mysql-k8s-2/charm/venv/lib/python3.10/site-packages/ops/pebble.py", line 1771, in wait_output
    raise ExecError[AnyStr](self._command, exit_code, out_value, err_value)
ops.pebble.ExecError: non-zero exit code 1 executing ['timeout', '30', '/usr/bin/mysqlsh', '--passwords-from-stdin', '--uri=serverconfig@mysql-k8s-2.mysql-k8s-endpoints.testing.svc.cluster.local:33062', '--python', '--verbose=0', '-c', "shell.options.set('useWizards', False)\nprint('###')\ncluster = dba.get_cluster('test_cluster')\nprint(cluster.status({'extended': False}))"], stdout="\x1b[1mPlease provide the password for 'serverconfig@mysql-k8s-2.mysql-k8s-endpoints.testing.svc.cluster.local:33062': \x1b[0m###\n", stderr='Cannot set LC_ALL to locale en_US.UTF-8: No such file or directory\nTraceback (most recent call last):\n  File "<string>", line 3, in <module>\nmysqlsh.Error: Shell Error (51314): Dba.get_cluster: This function is not available through a session to an InnoDB Cluster that belongs to an InnoDB ClusterSet but is not ONLINE\n'
unit-mysql-k8s-2: 01:43:38 ERROR unit.mysql-k8s/2.juju-log Failed to get cluster status for test_cluster
unit-mysql-k8s-2: 01:43:38 ERROR unit.mysql-k8s/2.juju-log Failed to get cluster endpoints
Traceback (most recent call last):
  File "/var/lib/juju/agents/unit-mysql-k8s-2/charm/src/mysql_k8s_helpers.py", line 903, in update_endpoints
    rw_endpoints, ro_endpoints, offline = self.get_cluster_endpoints(get_ips=False)
  File "/var/lib/juju/agents/unit-mysql-k8s-2/charm/lib/charms/tempo_coordinator_k8s/v0/charm_tracing.py", line 1065, in wrapped_function
    return callable(*args, **kwargs)  # type: ignore
  File "/var/lib/juju/agents/unit-mysql-k8s-2/charm/lib/charms/mysql/v0/mysql.py", line 2094, in get_cluster_endpoints
    raise MySQLGetClusterEndpointsError("Failed to get endpoints from cluster status")
charms.mysql.v0.mysql.MySQLGetClusterEndpointsError: Failed to get endpoints from cluster status
unit-mysql-k8s-0: 01:44:45 ERROR unit.mysql-k8s/0.juju-log Failed to execute mysql-shell command
Traceback (most recent call last):
  File "/var/lib/juju/agents/unit-mysql-k8s-0/charm/src/mysql_k8s_helpers.py", line 722, in _run_mysqlsh_script
    stdout, _ = process.wait_output()
  File "/var/lib/juju/agents/unit-mysql-k8s-0/charm/venv/lib/python3.10/site-packages/ops/pebble.py", line 1771, in wait_output
    raise ExecError[AnyStr](self._command, exit_code, out_value, err_value)
ops.pebble.ExecError: non-zero exit code 1 executing ['timeout', '30', '/usr/bin/mysqlsh', '--passwords-from-stdin', '--uri=serverconfig@mysql-k8s-0.mysql-k8s-endpoints.testing.svc.cluster.local:33062', '--python', '--verbose=0', '-c', "shell.options.set('useWizards', False)\nprint('###')\ncluster = dba.get_cluster('test_cluster')\nprint(cluster.status({'extended': False}))"], stdout="\x1b[1mPlease provide the password for 'serverconfig@mysql-k8s-0.mysql-k8s-endpoints.testing.svc.cluster.local:33062': \x1b[0m###\n", stderr='Cannot set LC_ALL to locale en_US.UTF-8: No such file or directory\nTraceback (most recent call last):\n  File "<string>", line 3, in <module>\nRuntimeError: Dba.get_cluster: This function is not available through a session to a standalone instance (metadata exists, instance does not belong to that metadata, and GR is not active)\n\n'
unit-mysql-k8s-0: 01:44:45 ERROR unit.mysql-k8s/0.juju-log Failed to get cluster status for test_cluster
unit-mysql-k8s-0: 01:44:45 ERROR unit.mysql-k8s/0.juju-log Failed to get cluster endpoints
Traceback (most recent call last):
  File "/var/lib/juju/agents/unit-mysql-k8s-0/charm/src/mysql_k8s_helpers.py", line 903, in update_endpoints
    rw_endpoints, ro_endpoints, offline = self.get_cluster_endpoints(get_ips=False)
  File "/var/lib/juju/agents/unit-mysql-k8s-0/charm/lib/charms/tempo_coordinator_k8s/v0/charm_tracing.py", line 1065, in wrapped_function
    return callable(*args, **kwargs)  # type: ignore
  File "/var/lib/juju/agents/unit-mysql-k8s-0/charm/lib/charms/mysql/v0/mysql.py", line 2094, in get_cluster_endpoints
    raise MySQLGetClusterEndpointsError("Failed to get endpoints from cluster status")
charms.mysql.v0.mysql.MySQLGetClusterEndpointsError: Failed to get endpoints from cluster status
unit-mysql-k8s-1: 01:44:45 ERROR unit.mysql-k8s/1.juju-log Failed to execute mysql-shell command
Traceback (most recent call last):
  File "/var/lib/juju/agents/unit-mysql-k8s-1/charm/src/mysql_k8s_helpers.py", line 722, in _run_mysqlsh_script
    stdout, _ = process.wait_output()
  File "/var/lib/juju/agents/unit-mysql-k8s-1/charm/venv/lib/python3.10/site-packages/ops/pebble.py", line 1771, in wait_output
    raise ExecError[AnyStr](self._command, exit_code, out_value, err_value)
ops.pebble.ExecError: non-zero exit code 1 executing ['timeout', '30', '/usr/bin/mysqlsh', '--passwords-from-stdin', '--uri=serverconfig@mysql-k8s-1.mysql-k8s-endpoints.testing.svc.cluster.local:33062', '--python', '--verbose=0', '-c', "shell.options.set('useWizards', False)\nprint('###')\ncluster = dba.get_cluster('test_cluster')\nprint(cluster.status({'extended': False}))"], stdout="\x1b[1mPlease provide the password for 'serverconfig@mysql-k8s-1.mysql-k8s-endpoints.testing.svc.cluster.local:33062': \x1b[0m###\n", stderr='Cannot set LC_ALL to locale en_US.UTF-8: No such file or directory\nTraceback (most recent call last):\n  File "<string>", line 3, in <module>\nmysqlsh.Error: Shell Error (51314): Dba.get_cluster: This function is not available through a session to an InnoDB Cluster that belongs to an InnoDB ClusterSet but is not ONLINE\n'
unit-mysql-k8s-1: 01:44:45 ERROR unit.mysql-k8s/1.juju-log Failed to get cluster status for test_cluster
unit-mysql-k8s-1: 01:44:45 ERROR unit.mysql-k8s/1.juju-log Failed to get cluster endpoints
Traceback (most recent call last):
  File "/var/lib/juju/agents/unit-mysql-k8s-1/charm/src/mysql_k8s_helpers.py", line 903, in update_endpoints
    rw_endpoints, ro_endpoints, offline = self.get_cluster_endpoints(get_ips=False)
  File "/var/lib/juju/agents/unit-mysql-k8s-1/charm/lib/charms/tempo_coordinator_k8s/v0/charm_tracing.py", line 1065, in wrapped_function
    return callable(*args, **kwargs)  # type: ignore
  File "/var/lib/juju/agents/unit-mysql-k8s-1/charm/lib/charms/mysql/v0/mysql.py", line 2094, in get_cluster_endpoints
    raise MySQLGetClusterEndpointsError("Failed to get endpoints from cluster status")
charms.mysql.v0.mysql.MySQLGetClusterEndpointsError: Failed to get endpoints from cluster status
unit-mysql-k8s-2: 01:44:46 ERROR unit.mysql-k8s/2.juju-log Failed to execute mysql-shell command
Traceback (most recent call last):
  File "/var/lib/juju/agents/unit-mysql-k8s-2/charm/src/mysql_k8s_helpers.py", line 722, in _run_mysqlsh_script
    stdout, _ = process.wait_output()
  File "/var/lib/juju/agents/unit-mysql-k8s-2/charm/venv/lib/python3.10/site-packages/ops/pebble.py", line 1771, in wait_output
    raise ExecError[AnyStr](self._command, exit_code, out_value, err_value)
ops.pebble.ExecError: non-zero exit code 1 executing ['timeout', '30', '/usr/bin/mysqlsh', '--passwords-from-stdin', '--uri=serverconfig@mysql-k8s-2.mysql-k8s-endpoints.testing.svc.cluster.local:33062', '--python', '--verbose=0', '-c', "shell.options.set('useWizards', False)\nprint('###')\ncluster = dba.get_cluster('test_cluster')\nprint(cluster.status({'extended': False}))"], stdout="\x1b[1mPlease provide the password for 'serverconfig@mysql-k8s-2.mysql-k8s-endpoints.testing.svc.cluster.local:33062': \x1b[0m###\n", stderr='Cannot set LC_ALL to locale en_US.UTF-8: No such file or directory\nTraceback (most recent call last):\n  File "<string>", line 3, in <module>\nmysqlsh.Error: Shell Error (51314): Dba.get_cluster: This function is not available through a session to an InnoDB Cluster that belongs to an InnoDB ClusterSet but is not ONLINE\n'
unit-mysql-k8s-2: 01:44:46 ERROR unit.mysql-k8s/2.juju-log Failed to get cluster status for test_cluster
unit-mysql-k8s-2: 01:44:46 ERROR unit.mysql-k8s/2.juju-log Failed to get cluster endpoints
Traceback (most recent call last):
  File "/var/lib/juju/agents/unit-mysql-k8s-2/charm/src/mysql_k8s_helpers.py", line 903, in update_endpoints
    rw_endpoints, ro_endpoints, offline = self.get_cluster_endpoints(get_ips=False)
  File "/var/lib/juju/agents/unit-mysql-k8s-2/charm/lib/charms/tempo_coordinator_k8s/v0/charm_tracing.py", line 1065, in wrapped_function
    return callable(*args, **kwargs)  # type: ignore
  File "/var/lib/juju/agents/unit-mysql-k8s-2/charm/lib/charms/mysql/v0/mysql.py", line 2094, in get_cluster_endpoints
    raise MySQLGetClusterEndpointsError("Failed to get endpoints from cluster status")
charms.mysql.v0.mysql.MySQLGetClusterEndpointsError: Failed to get endpoints from cluster status
unit-mysql-k8s-1: 01:45:56 ERROR unit.mysql-k8s/1.juju-log Failed to execute mysql-shell command
Traceback (most recent call last):
  File "/var/lib/juju/agents/unit-mysql-k8s-1/charm/src/mysql_k8s_helpers.py", line 722, in _run_mysqlsh_script
    stdout, _ = process.wait_output()
  File "/var/lib/juju/agents/unit-mysql-k8s-1/charm/venv/lib/python3.10/site-packages/ops/pebble.py", line 1771, in wait_output
    raise ExecError[AnyStr](self._command, exit_code, out_value, err_value)
ops.pebble.ExecError: non-zero exit code 1 executing ['timeout', '30', '/usr/bin/mysqlsh', '--passwords-from-stdin', '--uri=serverconfig@mysql-k8s-1.mysql-k8s-endpoints.testing.svc.cluster.local:33062', '--python', '--verbose=0', '-c', "shell.options.set('useWizards', False)\nprint('###')\ncluster = dba.get_cluster('test_cluster')\nprint(cluster.status({'extended': False}))"], stdout="\x1b[1mPlease provide the password for 'serverconfig@mysql-k8s-1.mysql-k8s-endpoints.testing.svc.cluster.local:33062': \x1b[0m###\n", stderr='Cannot set LC_ALL to locale en_US.UTF-8: No such file or directory\nTraceback (most recent call last):\n  File "<string>", line 3, in <module>\nmysqlsh.Error: Shell Error (51314): Dba.get_cluster: This function is not available through a session to an InnoDB Cluster that belongs to an InnoDB ClusterSet but is not ONLINE\n'
unit-mysql-k8s-1: 01:45:56 ERROR unit.mysql-k8s/1.juju-log Failed to get cluster status for test_cluster
unit-mysql-k8s-1: 01:45:56 ERROR unit.mysql-k8s/1.juju-log Failed to get cluster endpoints
Traceback (most recent call last):
  File "/var/lib/juju/agents/unit-mysql-k8s-1/charm/src/mysql_k8s_helpers.py", line 903, in update_endpoints
    rw_endpoints, ro_endpoints, offline = self.get_cluster_endpoints(get_ips=False)
  File "/var/lib/juju/agents/unit-mysql-k8s-1/charm/lib/charms/tempo_coordinator_k8s/v0/charm_tracing.py", line 1065, in wrapped_function
    return callable(*args, **kwargs)  # type: ignore
  File "/var/lib/juju/agents/unit-mysql-k8s-1/charm/lib/charms/mysql/v0/mysql.py", line 2094, in get_cluster_endpoints
    raise MySQLGetClusterEndpointsError("Failed to get endpoints from cluster status")
charms.mysql.v0.mysql.MySQLGetClusterEndpointsError: Failed to get endpoints from cluster status
unit-mysql-k8s-0: 01:45:56 ERROR unit.mysql-k8s/0.juju-log Failed to execute mysql-shell command
Traceback (most recent call last):
  File "/var/lib/juju/agents/unit-mysql-k8s-0/charm/src/mysql_k8s_helpers.py", line 722, in _run_mysqlsh_script
    stdout, _ = process.wait_output()
  File "/var/lib/juju/agents/unit-mysql-k8s-0/charm/venv/lib/python3.10/site-packages/ops/pebble.py", line 1771, in wait_output
    raise ExecError[AnyStr](self._command, exit_code, out_value, err_value)
ops.pebble.ExecError: non-zero exit code 1 executing ['timeout', '30', '/usr/bin/mysqlsh', '--passwords-from-stdin', '--uri=serverconfig@mysql-k8s-0.mysql-k8s-endpoints.testing.svc.cluster.local:33062', '--python', '--verbose=0', '-c', "shell.options.set('useWizards', False)\nprint('###')\ncluster = dba.get_cluster('test_cluster')\nprint(cluster.status({'extended': False}))"], stdout="\x1b[1mPlease provide the password for 'serverconfig@mysql-k8s-0.mysql-k8s-endpoints.testing.svc.cluster.local:33062': \x1b[0m###\n", stderr='Cannot set LC_ALL to locale en_US.UTF-8: No such file or directory\nTraceback (most recent call last):\n  File "<string>", line 3, in <module>\nRuntimeError: Dba.get_cluster: This function is not available through a session to a standalone instance (metadata exists, instance does not belong to that metadata, and GR is not active)\n\n'
unit-mysql-k8s-0: 01:45:56 ERROR unit.mysql-k8s/0.juju-log Failed to get cluster status for test_cluster
unit-mysql-k8s-0: 01:45:56 ERROR unit.mysql-k8s/0.juju-log Failed to get cluster endpoints
Traceback (most recent call last):
  File "/var/lib/juju/agents/unit-mysql-k8s-0/charm/src/mysql_k8s_helpers.py", line 903, in update_endpoints
    rw_endpoints, ro_endpoints, offline = self.get_cluster_endpoints(get_ips=False)
  File "/var/lib/juju/agents/unit-mysql-k8s-0/charm/lib/charms/tempo_coordinator_k8s/v0/charm_tracing.py", line 1065, in wrapped_function
    return callable(*args, **kwargs)  # type: ignore
  File "/var/lib/juju/agents/unit-mysql-k8s-0/charm/lib/charms/mysql/v0/mysql.py", line 2094, in get_cluster_endpoints
    raise MySQLGetClusterEndpointsError("Failed to get endpoints from cluster status")
charms.mysql.v0.mysql.MySQLGetClusterEndpointsError: Failed to get endpoints from cluster status
unit-mysql-k8s-2: 01:45:57 ERROR unit.mysql-k8s/2.juju-log Failed to execute mysql-shell command
Traceback (most recent call last):
  File "/var/lib/juju/agents/unit-mysql-k8s-2/charm/src/mysql_k8s_helpers.py", line 722, in _run_mysqlsh_script
    stdout, _ = process.wait_output()
  File "/var/lib/juju/agents/unit-mysql-k8s-2/charm/venv/lib/python3.10/site-packages/ops/pebble.py", line 1771, in wait_output
    raise ExecError[AnyStr](self._command, exit_code, out_value, err_value)
ops.pebble.ExecError: non-zero exit code 1 executing ['timeout', '30', '/usr/bin/mysqlsh', '--passwords-from-stdin', '--uri=serverconfig@mysql-k8s-2.mysql-k8s-endpoints.testing.svc.cluster.local:33062', '--python', '--verbose=0', '-c', "shell.options.set('useWizards', False)\nprint('###')\ncluster = dba.get_cluster('test_cluster')\nprint(cluster.status({'extended': False}))"], stdout="\x1b[1mPlease provide the password for 'serverconfig@mysql-k8s-2.mysql-k8s-endpoints.testing.svc.cluster.local:33062': \x1b[0m###\n", stderr='Cannot set LC_ALL to locale en_US.UTF-8: No such file or directory\nTraceback (most recent call last):\n  File "<string>", line 3, in <module>\nmysqlsh.Error: Shell Error (51314): Dba.get_cluster: This function is not available through a session to an InnoDB Cluster that belongs to an InnoDB ClusterSet but is not ONLINE\n'
unit-mysql-k8s-2: 01:45:57 ERROR unit.mysql-k8s/2.juju-log Failed to get cluster status for test_cluster
unit-mysql-k8s-2: 01:45:57 ERROR unit.mysql-k8s/2.juju-log Failed to get cluster endpoints
Traceback (most recent call last):
  File "/var/lib/juju/agents/unit-mysql-k8s-2/charm/src/mysql_k8s_helpers.py", line 903, in update_endpoints
    rw_endpoints, ro_endpoints, offline = self.get_cluster_endpoints(get_ips=False)
  File "/var/lib/juju/agents/unit-mysql-k8s-2/charm/lib/charms/tempo_coordinator_k8s/v0/charm_tracing.py", line 1065, in wrapped_function
    return callable(*args, **kwargs)  # type: ignore
  File "/var/lib/juju/agents/unit-mysql-k8s-2/charm/lib/charms/mysql/v0/mysql.py", line 2094, in get_cluster_endpoints
    raise MySQLGetClusterEndpointsError("Failed to get endpoints from cluster status")
charms.mysql.v0.mysql.MySQLGetClusterEndpointsError: Failed to get endpoints from cluster status
unit-mysql-k8s-0: 01:47:03 ERROR unit.mysql-k8s/0.juju-log Failed to execute mysql-shell command
Traceback (most recent call last):
  File "/var/lib/juju/agents/unit-mysql-k8s-0/charm/src/mysql_k8s_helpers.py", line 722, in _run_mysqlsh_script
    stdout, _ = process.wait_output()
  File "/var/lib/juju/agents/unit-mysql-k8s-0/charm/venv/lib/python3.10/site-packages/ops/pebble.py", line 1771, in wait_output
    raise ExecError[AnyStr](self._command, exit_code, out_value, err_value)
ops.pebble.ExecError: non-zero exit code 1 executing ['timeout', '30', '/usr/bin/mysqlsh', '--passwords-from-stdin', '--uri=serverconfig@mysql-k8s-0.mysql-k8s-endpoints.testing.svc.cluster.local:33062', '--python', '--verbose=0', '-c', "shell.options.set('useWizards', False)\nprint('###')\ncluster = dba.get_cluster('test_cluster')\nprint(cluster.status({'extended': False}))"], stdout="\x1b[1mPlease provide the password for 'serverconfig@mysql-k8s-0.mysql-k8s-endpoints.testing.svc.cluster.local:33062': \x1b[0m###\n", stderr='Cannot set LC_ALL to locale en_US.UTF-8: No such file or directory\nTraceback (most recent call last):\n  File "<string>", line 3, in <module>\nRuntimeError: Dba.get_cluster: This function is not available through a session to a standalone instance (metadata exists, instance does not belong to that metadata, and GR is not active)\n\n'
unit-mysql-k8s-0: 01:47:03 ERROR unit.mysql-k8s/0.juju-log Failed to get cluster status for test_cluster
unit-mysql-k8s-0: 01:47:03 ERROR unit.mysql-k8s/0.juju-log Failed to get cluster endpoints
Traceback (most recent call last):
  File "/var/lib/juju/agents/unit-mysql-k8s-0/charm/src/mysql_k8s_helpers.py", line 903, in update_endpoints
    rw_endpoints, ro_endpoints, offline = self.get_cluster_endpoints(get_ips=False)
  File "/var/lib/juju/agents/unit-mysql-k8s-0/charm/lib/charms/tempo_coordinator_k8s/v0/charm_tracing.py", line 1065, in wrapped_function
    return callable(*args, **kwargs)  # type: ignore
  File "/var/lib/juju/agents/unit-mysql-k8s-0/charm/lib/charms/mysql/v0/mysql.py", line 2094, in get_cluster_endpoints
    raise MySQLGetClusterEndpointsError("Failed to get endpoints from cluster status")
charms.mysql.v0.mysql.MySQLGetClusterEndpointsError: Failed to get endpoints from cluster status
unit-mysql-k8s-1: 01:47:03 ERROR unit.mysql-k8s/1.juju-log Failed to execute mysql-shell command
Traceback (most recent call last):
  File "/var/lib/juju/agents/unit-mysql-k8s-1/charm/src/mysql_k8s_helpers.py", line 722, in _run_mysqlsh_script
    stdout, _ = process.wait_output()
  File "/var/lib/juju/agents/unit-mysql-k8s-1/charm/venv/lib/python3.10/site-packages/ops/pebble.py", line 1771, in wait_output
    raise ExecError[AnyStr](self._command, exit_code, out_value, err_value)
ops.pebble.ExecError: non-zero exit code 1 executing ['timeout', '30', '/usr/bin/mysqlsh', '--passwords-from-stdin', '--uri=serverconfig@mysql-k8s-1.mysql-k8s-endpoints.testing.svc.cluster.local:33062', '--python', '--verbose=0', '-c', "shell.options.set('useWizards', False)\nprint('###')\ncluster = dba.get_cluster('test_cluster')\nprint(cluster.status({'extended': False}))"], stdout="\x1b[1mPlease provide the password for 'serverconfig@mysql-k8s-1.mysql-k8s-endpoints.testing.svc.cluster.local:33062': \x1b[0m###\n", stderr='Cannot set LC_ALL to locale en_US.UTF-8: No such file or directory\nTraceback (most recent call last):\n  File "<string>", line 3, in <module>\nmysqlsh.Error: Shell Error (51314): Dba.get_cluster: This function is not available through a session to an InnoDB Cluster that belongs to an InnoDB ClusterSet but is not ONLINE\n'
unit-mysql-k8s-1: 01:47:03 ERROR unit.mysql-k8s/1.juju-log Failed to get cluster status for test_cluster
unit-mysql-k8s-1: 01:47:03 ERROR unit.mysql-k8s/1.juju-log Failed to get cluster endpoints
Traceback (most recent call last):
  File "/var/lib/juju/agents/unit-mysql-k8s-1/charm/src/mysql_k8s_helpers.py", line 903, in update_endpoints
    rw_endpoints, ro_endpoints, offline = self.get_cluster_endpoints(get_ips=False)
  File "/var/lib/juju/agents/unit-mysql-k8s-1/charm/lib/charms/tempo_coordinator_k8s/v0/charm_tracing.py", line 1065, in wrapped_function
    return callable(*args, **kwargs)  # type: ignore
  File "/var/lib/juju/agents/unit-mysql-k8s-1/charm/lib/charms/mysql/v0/mysql.py", line 2094, in get_cluster_endpoints
    raise MySQLGetClusterEndpointsError("Failed to get endpoints from cluster status")
charms.mysql.v0.mysql.MySQLGetClusterEndpointsError: Failed to get endpoints from cluster status
unit-mysql-k8s-2: 01:47:03 ERROR unit.mysql-k8s/2.juju-log Failed to execute mysql-shell command
Traceback (most recent call last):
  File "/var/lib/juju/agents/unit-mysql-k8s-2/charm/src/mysql_k8s_helpers.py", line 722, in _run_mysqlsh_script
    stdout, _ = process.wait_output()
  File "/var/lib/juju/agents/unit-mysql-k8s-2/charm/venv/lib/python3.10/site-packages/ops/pebble.py", line 1771, in wait_output
    raise ExecError[AnyStr](self._command, exit_code, out_value, err_value)
ops.pebble.ExecError: non-zero exit code 1 executing ['timeout', '30', '/usr/bin/mysqlsh', '--passwords-from-stdin', '--uri=serverconfig@mysql-k8s-2.mysql-k8s-endpoints.testing.svc.cluster.local:33062', '--python', '--verbose=0', '-c', "shell.options.set('useWizards', False)\nprint('###')\ncluster = dba.get_cluster('test_cluster')\nprint(cluster.status({'extended': False}))"], stdout="\x1b[1mPlease provide the password for 'serverconfig@mysql-k8s-2.mysql-k8s-endpoints.testing.svc.cluster.local:33062': \x1b[0m###\n", stderr='Cannot set LC_ALL to locale en_US.UTF-8: No such file or directory\nTraceback (most recent call last):\n  File "<string>", line 3, in <module>\nmysqlsh.Error: Shell Error (51314): Dba.get_cluster: This function is not available through a session to an InnoDB Cluster that belongs to an InnoDB ClusterSet but is not ONLINE\n'
unit-mysql-k8s-2: 01:47:03 ERROR unit.mysql-k8s/2.juju-log Failed to get cluster status for test_cluster
unit-mysql-k8s-2: 01:47:03 ERROR unit.mysql-k8s/2.juju-log Failed to get cluster endpoints
Traceback (most recent call last):
  File "/var/lib/juju/agents/unit-mysql-k8s-2/charm/src/mysql_k8s_helpers.py", line 903, in update_endpoints
    rw_endpoints, ro_endpoints, offline = self.get_cluster_endpoints(get_ips=False)
  File "/var/lib/juju/agents/unit-mysql-k8s-2/charm/lib/charms/tempo_coordinator_k8s/v0/charm_tracing.py", line 1065, in wrapped_function
    return callable(*args, **kwargs)  # type: ignore
  File "/var/lib/juju/agents/unit-mysql-k8s-2/charm/lib/charms/mysql/v0/mysql.py", line 2094, in get_cluster_endpoints
    raise MySQLGetClusterEndpointsError("Failed to get endpoints from cluster status")
charms.mysql.v0.mysql.MySQLGetClusterEndpointsError: Failed to get endpoints from cluster status
unit-mysql-k8s-1: 01:48:00 ERROR unit.mysql-k8s/1.juju-log Failed to execute mysql-shell command
Traceback (most recent call last):
  File "/var/lib/juju/agents/unit-mysql-k8s-1/charm/src/mysql_k8s_helpers.py", line 722, in _run_mysqlsh_script
    stdout, _ = process.wait_output()
  File "/var/lib/juju/agents/unit-mysql-k8s-1/charm/venv/lib/python3.10/site-packages/ops/pebble.py", line 1771, in wait_output
    raise ExecError[AnyStr](self._command, exit_code, out_value, err_value)
ops.pebble.ExecError: non-zero exit code 1 executing ['timeout', '30', '/usr/bin/mysqlsh', '--passwords-from-stdin', '--uri=serverconfig@mysql-k8s-1.mysql-k8s-endpoints.testing.svc.cluster.local:33062', '--python', '--verbose=0', '-c', "shell.options.set('useWizards', False)\nprint('###')\ncluster = dba.get_cluster('test_cluster')\nprint(cluster.status({'extended': False}))"], stdout="\x1b[1mPlease provide the password for 'serverconfig@mysql-k8s-1.mysql-k8s-endpoints.testing.svc.cluster.local:33062': \x1b[0m###\n", stderr='Cannot set LC_ALL to locale en_US.UTF-8: No such file or directory\nTraceback (most recent call last):\n  File "<string>", line 3, in <module>\nmysqlsh.Error: Shell Error (51314): Dba.get_cluster: This function is not available through a session to an InnoDB Cluster that belongs to an InnoDB ClusterSet but is not ONLINE\n'
unit-mysql-k8s-0: 01:48:00 ERROR unit.mysql-k8s/0.juju-log Failed to execute mysql-shell command
Traceback (most recent call last):
  File "/var/lib/juju/agents/unit-mysql-k8s-0/charm/src/mysql_k8s_helpers.py", line 722, in _run_mysqlsh_script
    stdout, _ = process.wait_output()
  File "/var/lib/juju/agents/unit-mysql-k8s-0/charm/venv/lib/python3.10/site-packages/ops/pebble.py", line 1771, in wait_output
    raise ExecError[AnyStr](self._command, exit_code, out_value, err_value)
ops.pebble.ExecError: non-zero exit code 1 executing ['timeout', '30', '/usr/bin/mysqlsh', '--passwords-from-stdin', '--uri=serverconfig@mysql-k8s-0.mysql-k8s-endpoints.testing.svc.cluster.local:33062', '--python', '--verbose=0', '-c', "shell.options.set('useWizards', False)\nprint('###')\ncluster = dba.get_cluster('test_cluster')\nprint(cluster.status({'extended': False}))"], stdout="\x1b[1mPlease provide the password for 'serverconfig@mysql-k8s-0.mysql-k8s-endpoints.testing.svc.cluster.local:33062': \x1b[0m###\n", stderr='Cannot set LC_ALL to locale en_US.UTF-8: No such file or directory\nTraceback (most recent call last):\n  File "<string>", line 3, in <module>\nRuntimeError: Dba.get_cluster: This function is not available through a session to a standalone instance (metadata exists, instance does not belong to that metadata, and GR is not active)\n\n'
unit-mysql-k8s-1: 01:48:00 ERROR unit.mysql-k8s/1.juju-log Failed to get cluster status for test_cluster
unit-mysql-k8s-0: 01:48:00 ERROR unit.mysql-k8s/0.juju-log Failed to get cluster status for test_cluster
unit-mysql-k8s-1: 01:48:00 ERROR unit.mysql-k8s/1.juju-log Failed to get cluster endpoints
Traceback (most recent call last):
  File "/var/lib/juju/agents/unit-mysql-k8s-1/charm/src/mysql_k8s_helpers.py", line 903, in update_endpoints
    rw_endpoints, ro_endpoints, offline = self.get_cluster_endpoints(get_ips=False)
  File "/var/lib/juju/agents/unit-mysql-k8s-1/charm/lib/charms/tempo_coordinator_k8s/v0/charm_tracing.py", line 1065, in wrapped_function
    return callable(*args, **kwargs)  # type: ignore
  File "/var/lib/juju/agents/unit-mysql-k8s-1/charm/lib/charms/mysql/v0/mysql.py", line 2094, in get_cluster_endpoints
    raise MySQLGetClusterEndpointsError("Failed to get endpoints from cluster status")
charms.mysql.v0.mysql.MySQLGetClusterEndpointsError: Failed to get endpoints from cluster status
unit-mysql-k8s-0: 01:48:00 ERROR unit.mysql-k8s/0.juju-log Failed to get cluster endpoints
Traceback (most recent call last):
  File "/var/lib/juju/agents/unit-mysql-k8s-0/charm/src/mysql_k8s_helpers.py", line 903, in update_endpoints
    rw_endpoints, ro_endpoints, offline = self.get_cluster_endpoints(get_ips=False)
  File "/var/lib/juju/agents/unit-mysql-k8s-0/charm/lib/charms/tempo_coordinator_k8s/v0/charm_tracing.py", line 1065, in wrapped_function
    return callable(*args, **kwargs)  # type: ignore
  File "/var/lib/juju/agents/unit-mysql-k8s-0/charm/lib/charms/mysql/v0/mysql.py", line 2094, in get_cluster_endpoints
    raise MySQLGetClusterEndpointsError("Failed to get endpoints from cluster status")
charms.mysql.v0.mysql.MySQLGetClusterEndpointsError: Failed to get endpoints from cluster status
unit-mysql-k8s-2: 01:48:00 ERROR unit.mysql-k8s/2.juju-log Failed to execute mysql-shell command
Traceback (most recent call last):
  File "/var/lib/juju/agents/unit-mysql-k8s-2/charm/src/mysql_k8s_helpers.py", line 722, in _run_mysqlsh_script
    stdout, _ = process.wait_output()
  File "/var/lib/juju/agents/unit-mysql-k8s-2/charm/venv/lib/python3.10/site-packages/ops/pebble.py", line 1771, in wait_output
    raise ExecError[AnyStr](self._command, exit_code, out_value, err_value)
ops.pebble.ExecError: non-zero exit code 1 executing ['timeout', '30', '/usr/bin/mysqlsh', '--passwords-from-stdin', '--uri=serverconfig@mysql-k8s-2.mysql-k8s-endpoints.testing.svc.cluster.local:33062', '--python', '--verbose=0', '-c', "shell.options.set('useWizards', False)\nprint('###')\ncluster = dba.get_cluster('test_cluster')\nprint(cluster.status({'extended': False}))"], stdout="\x1b[1mPlease provide the password for 'serverconfig@mysql-k8s-2.mysql-k8s-endpoints.testing.svc.cluster.local:33062': \x1b[0m###\n", stderr='Cannot set LC_ALL to locale en_US.UTF-8: No such file or directory\nTraceback (most recent call last):\n  File "<string>", line 3, in <module>\nmysqlsh.Error: Shell Error (51314): Dba.get_cluster: This function is not available through a session to an InnoDB Cluster that belongs to an InnoDB ClusterSet but is not ONLINE\n'
unit-mysql-k8s-2: 01:48:00 ERROR unit.mysql-k8s/2.juju-log Failed to get cluster status for test_cluster
unit-mysql-k8s-2: 01:48:00 ERROR unit.mysql-k8s/2.juju-log Failed to get cluster endpoints
Traceback (most recent call last):
  File "/var/lib/juju/agents/unit-mysql-k8s-2/charm/src/mysql_k8s_helpers.py", line 903, in update_endpoints
    rw_endpoints, ro_endpoints, offline = self.get_cluster_endpoints(get_ips=False)
  File "/var/lib/juju/agents/unit-mysql-k8s-2/charm/lib/charms/tempo_coordinator_k8s/v0/charm_tracing.py", line 1065, in wrapped_function
    return callable(*args, **kwargs)  # type: ignore
  File "/var/lib/juju/agents/unit-mysql-k8s-2/charm/lib/charms/mysql/v0/mysql.py", line 2094, in get_cluster_endpoints
    raise MySQLGetClusterEndpointsError("Failed to get endpoints from cluster status")
charms.mysql.v0.mysql.MySQLGetClusterEndpointsError: Failed to get endpoints from cluster status
unit-mysql-k8s-0: 01:49:08 ERROR unit.mysql-k8s/0.juju-log Failed to execute mysql-shell command
Traceback (most recent call last):
  File "/var/lib/juju/agents/unit-mysql-k8s-0/charm/src/mysql_k8s_helpers.py", line 722, in _run_mysqlsh_script
    stdout, _ = process.wait_output()
  File "/var/lib/juju/agents/unit-mysql-k8s-0/charm/venv/lib/python3.10/site-packages/ops/pebble.py", line 1771, in wait_output
    raise ExecError[AnyStr](self._command, exit_code, out_value, err_value)
ops.pebble.ExecError: non-zero exit code 1 executing ['timeout', '30', '/usr/bin/mysqlsh', '--passwords-from-stdin', '--uri=serverconfig@mysql-k8s-0.mysql-k8s-endpoints.testing.svc.cluster.local:33062', '--python', '--verbose=0', '-c', "shell.options.set('useWizards', False)\nprint('###')\ncluster = dba.get_cluster('test_cluster')\nprint(cluster.status({'extended': False}))"], stdout="\x1b[1mPlease provide the password for 'serverconfig@mysql-k8s-0.mysql-k8s-endpoints.testing.svc.cluster.local:33062': \x1b[0m###\n", stderr='Cannot set LC_ALL to locale en_US.UTF-8: No such file or directory\nTraceback (most recent call last):\n  File "<string>", line 3, in <module>\nRuntimeError: Dba.get_cluster: This function is not available through a session to a standalone instance (metadata exists, instance does not belong to that metadata, and GR is not active)\n\n'
unit-mysql-k8s-0: 01:49:08 ERROR unit.mysql-k8s/0.juju-log Failed to get cluster status for test_cluster
unit-mysql-k8s-0: 01:49:08 ERROR unit.mysql-k8s/0.juju-log Failed to get cluster endpoints
Traceback (most recent call last):
  File "/var/lib/juju/agents/unit-mysql-k8s-0/charm/src/mysql_k8s_helpers.py", line 903, in update_endpoints
    rw_endpoints, ro_endpoints, offline = self.get_cluster_endpoints(get_ips=False)
  File "/var/lib/juju/agents/unit-mysql-k8s-0/charm/lib/charms/tempo_coordinator_k8s/v0/charm_tracing.py", line 1065, in wrapped_function
    return callable(*args, **kwargs)  # type: ignore
  File "/var/lib/juju/agents/unit-mysql-k8s-0/charm/lib/charms/mysql/v0/mysql.py", line 2094, in get_cluster_endpoints
    raise MySQLGetClusterEndpointsError("Failed to get endpoints from cluster status")
charms.mysql.v0.mysql.MySQLGetClusterEndpointsError: Failed to get endpoints from cluster status
unit-mysql-k8s-1: 01:49:08 ERROR unit.mysql-k8s/1.juju-log Failed to execute mysql-shell command
Traceback (most recent call last):
  File "/var/lib/juju/agents/unit-mysql-k8s-1/charm/src/mysql_k8s_helpers.py", line 722, in _run_mysqlsh_script
    stdout, _ = process.wait_output()
  File "/var/lib/juju/agents/unit-mysql-k8s-1/charm/venv/lib/python3.10/site-packages/ops/pebble.py", line 1771, in wait_output
    raise ExecError[AnyStr](self._command, exit_code, out_value, err_value)
ops.pebble.ExecError: non-zero exit code 1 executing ['timeout', '30', '/usr/bin/mysqlsh', '--passwords-from-stdin', '--uri=serverconfig@mysql-k8s-1.mysql-k8s-endpoints.testing.svc.cluster.local:33062', '--python', '--verbose=0', '-c', "shell.options.set('useWizards', False)\nprint('###')\ncluster = dba.get_cluster('test_cluster')\nprint(cluster.status({'extended': False}))"], stdout="\x1b[1mPlease provide the password for 'serverconfig@mysql-k8s-1.mysql-k8s-endpoints.testing.svc.cluster.local:33062': \x1b[0m###\n", stderr='Cannot set LC_ALL to locale en_US.UTF-8: No such file or directory\nTraceback (most recent call last):\n  File "<string>", line 3, in <module>\nmysqlsh.Error: Shell Error (51314): Dba.get_cluster: This function is not available through a session to an InnoDB Cluster that belongs to an InnoDB ClusterSet but is not ONLINE\n'
unit-mysql-k8s-1: 01:49:08 ERROR unit.mysql-k8s/1.juju-log Failed to get cluster status for test_cluster
unit-mysql-k8s-1: 01:49:08 ERROR unit.mysql-k8s/1.juju-log Failed to get cluster endpoints
Traceback (most recent call last):
  File "/var/lib/juju/agents/unit-mysql-k8s-1/charm/src/mysql_k8s_helpers.py", line 903, in update_endpoints
    rw_endpoints, ro_endpoints, offline = self.get_cluster_endpoints(get_ips=False)
  File "/var/lib/juju/agents/unit-mysql-k8s-1/charm/lib/charms/tempo_coordinator_k8s/v0/charm_tracing.py", line 1065, in wrapped_function
    return callable(*args, **kwargs)  # type: ignore
  File "/var/lib/juju/agents/unit-mysql-k8s-1/charm/lib/charms/mysql/v0/mysql.py", line 2094, in get_cluster_endpoints
    raise MySQLGetClusterEndpointsError("Failed to get endpoints from cluster status")
charms.mysql.v0.mysql.MySQLGetClusterEndpointsError: Failed to get endpoints from cluster status
unit-mysql-k8s-2: 01:49:09 ERROR unit.mysql-k8s/2.juju-log Failed to execute mysql-shell command
Traceback (most recent call last):
  File "/var/lib/juju/agents/unit-mysql-k8s-2/charm/src/mysql_k8s_helpers.py", line 722, in _run_mysqlsh_script
    stdout, _ = process.wait_output()
  File "/var/lib/juju/agents/unit-mysql-k8s-2/charm/venv/lib/python3.10/site-packages/ops/pebble.py", line 1771, in wait_output
    raise ExecError[AnyStr](self._command, exit_code, out_value, err_value)
ops.pebble.ExecError: non-zero exit code 1 executing ['timeout', '30', '/usr/bin/mysqlsh', '--passwords-from-stdin', '--uri=serverconfig@mysql-k8s-2.mysql-k8s-endpoints.testing.svc.cluster.local:33062', '--python', '--verbose=0', '-c', "shell.options.set('useWizards', False)\nprint('###')\ncluster = dba.get_cluster('test_cluster')\nprint(cluster.status({'extended': False}))"], stdout="\x1b[1mPlease provide the password for 'serverconfig@mysql-k8s-2.mysql-k8s-endpoints.testing.svc.cluster.local:33062': \x1b[0m###\n", stderr='Cannot set LC_ALL to locale en_US.UTF-8: No such file or directory\nTraceback (most recent call last):\n  File "<string>", line 3, in <module>\nmysqlsh.Error: Shell Error (51314): Dba.get_cluster: This function is not available through a session to an InnoDB Cluster that belongs to an InnoDB ClusterSet but is not ONLINE\n'
unit-mysql-k8s-2: 01:49:09 ERROR unit.mysql-k8s/2.juju-log Failed to get cluster status for test_cluster
unit-mysql-k8s-2: 01:49:09 ERROR unit.mysql-k8s/2.juju-log Failed to get cluster endpoints
Traceback (most recent call last):
  File "/var/lib/juju/agents/unit-mysql-k8s-2/charm/src/mysql_k8s_helpers.py", line 903, in update_endpoints
    rw_endpoints, ro_endpoints, offline = self.get_cluster_endpoints(get_ips=False)
  File "/var/lib/juju/agents/unit-mysql-k8s-2/charm/lib/charms/tempo_coordinator_k8s/v0/charm_tracing.py", line 1065, in wrapped_function
    return callable(*args, **kwargs)  # type: ignore
  File "/var/lib/juju/agents/unit-mysql-k8s-2/charm/lib/charms/mysql/v0/mysql.py", line 2094, in get_cluster_endpoints
    raise MySQLGetClusterEndpointsError("Failed to get endpoints from cluster status")
charms.mysql.v0.mysql.MySQLGetClusterEndpointsError: Failed to get endpoints from cluster status
unit-mysql-k8s-0: 01:50:16 ERROR unit.mysql-k8s/0.juju-log Failed to execute mysql-shell command
Traceback (most recent call last):
  File "/var/lib/juju/agents/unit-mysql-k8s-0/charm/src/mysql_k8s_helpers.py", line 722, in _run_mysqlsh_script
    stdout, _ = process.wait_output()
  File "/var/lib/juju/agents/unit-mysql-k8s-0/charm/venv/lib/python3.10/site-packages/ops/pebble.py", line 1771, in wait_output
    raise ExecError[AnyStr](self._command, exit_code, out_value, err_value)
ops.pebble.ExecError: non-zero exit code 1 executing ['timeout', '30', '/usr/bin/mysqlsh', '--passwords-from-stdin', '--uri=serverconfig@mysql-k8s-0.mysql-k8s-endpoints.testing.svc.cluster.local:33062', '--python', '--verbose=0', '-c', "shell.options.set('useWizards', False)\nprint('###')\ncluster = dba.get_cluster('test_cluster')\nprint(cluster.status({'extended': False}))"], stdout="\x1b[1mPlease provide the password for 'serverconfig@mysql-k8s-0.mysql-k8s-endpoints.testing.svc.cluster.local:33062': \x1b[0m###\n", stderr='Cannot set LC_ALL to locale en_US.UTF-8: No such file or directory\nTraceback (most recent call last):\n  File "<string>", line 3, in <module>\nRuntimeError: Dba.get_cluster: This function is not available through a session to a standalone instance (metadata exists, instance does not belong to that metadata, and GR is not active)\n\n'
unit-mysql-k8s-0: 01:50:16 ERROR unit.mysql-k8s/0.juju-log Failed to get cluster status for test_cluster
unit-mysql-k8s-0: 01:50:16 ERROR unit.mysql-k8s/0.juju-log Failed to get cluster endpoints
Traceback (most recent call last):
  File "/var/lib/juju/agents/unit-mysql-k8s-0/charm/src/mysql_k8s_helpers.py", line 903, in update_endpoints
    rw_endpoints, ro_endpoints, offline = self.get_cluster_endpoints(get_ips=False)
  File "/var/lib/juju/agents/unit-mysql-k8s-0/charm/lib/charms/tempo_coordinator_k8s/v0/charm_tracing.py", line 1065, in wrapped_function
    return callable(*args, **kwargs)  # type: ignore
  File "/var/lib/juju/agents/unit-mysql-k8s-0/charm/lib/charms/mysql/v0/mysql.py", line 2094, in get_cluster_endpoints
    raise MySQLGetClusterEndpointsError("Failed to get endpoints from cluster status")
charms.mysql.v0.mysql.MySQLGetClusterEndpointsError: Failed to get endpoints from cluster status
unit-mysql-k8s-1: 01:50:17 ERROR unit.mysql-k8s/1.juju-log Failed to execute mysql-shell command
Traceback (most recent call last):
  File "/var/lib/juju/agents/unit-mysql-k8s-1/charm/src/mysql_k8s_helpers.py", line 722, in _run_mysqlsh_script
    stdout, _ = process.wait_output()
  File "/var/lib/juju/agents/unit-mysql-k8s-1/charm/venv/lib/python3.10/site-packages/ops/pebble.py", line 1771, in wait_output
    raise ExecError[AnyStr](self._command, exit_code, out_value, err_value)
ops.pebble.ExecError: non-zero exit code 1 executing ['timeout', '30', '/usr/bin/mysqlsh', '--passwords-from-stdin', '--uri=serverconfig@mysql-k8s-1.mysql-k8s-endpoints.testing.svc.cluster.local:33062', '--python', '--verbose=0', '-c', "shell.options.set('useWizards', False)\nprint('###')\ncluster = dba.get_cluster('test_cluster')\nprint(cluster.status({'extended': False}))"], stdout="\x1b[1mPlease provide the password for 'serverconfig@mysql-k8s-1.mysql-k8s-endpoints.testing.svc.cluster.local:33062': \x1b[0m###\n", stderr='Cannot set LC_ALL to locale en_US.UTF-8: No such file or directory\nTraceback (most recent call last):\n  File "<string>", line 3, in <module>\nmysqlsh.Error: Shell Error (51314): Dba.get_cluster: This function is not available through a session to an InnoDB Cluster that belongs to an InnoDB ClusterSet but is not ONLINE\n'
unit-mysql-k8s-1: 01:50:17 ERROR unit.mysql-k8s/1.juju-log Failed to get cluster status for test_cluster
unit-mysql-k8s-1: 01:50:17 ERROR unit.mysql-k8s/1.juju-log Failed to get cluster endpoints
Traceback (most recent call last):
  File "/var/lib/juju/agents/unit-mysql-k8s-1/charm/src/mysql_k8s_helpers.py", line 903, in update_endpoints
    rw_endpoints, ro_endpoints, offline = self.get_cluster_endpoints(get_ips=False)
  File "/var/lib/juju/agents/unit-mysql-k8s-1/charm/lib/charms/tempo_coordinator_k8s/v0/charm_tracing.py", line 1065, in wrapped_function
    return callable(*args, **kwargs)  # type: ignore
  File "/var/lib/juju/agents/unit-mysql-k8s-1/charm/lib/charms/mysql/v0/mysql.py", line 2094, in get_cluster_endpoints
    raise MySQLGetClusterEndpointsError("Failed to get endpoints from cluster status")
charms.mysql.v0.mysql.MySQLGetClusterEndpointsError: Failed to get endpoints from cluster status
unit-mysql-k8s-2: 01:50:17 ERROR unit.mysql-k8s/2.juju-log Failed to execute mysql-shell command
Traceback (most recent call last):
  File "/var/lib/juju/agents/unit-mysql-k8s-2/charm/src/mysql_k8s_helpers.py", line 722, in _run_mysqlsh_script
    stdout, _ = process.wait_output()
  File "/var/lib/juju/agents/unit-mysql-k8s-2/charm/venv/lib/python3.10/site-packages/ops/pebble.py", line 1771, in wait_output
    raise ExecError[AnyStr](self._command, exit_code, out_value, err_value)
ops.pebble.ExecError: non-zero exit code 1 executing ['timeout', '30', '/usr/bin/mysqlsh', '--passwords-from-stdin', '--uri=serverconfig@mysql-k8s-2.mysql-k8s-endpoints.testing.svc.cluster.local:33062', '--python', '--verbose=0', '-c', "shell.options.set('useWizards', False)\nprint('###')\ncluster = dba.get_cluster('test_cluster')\nprint(cluster.status({'extended': False}))"], stdout="\x1b[1mPlease provide the password for 'serverconfig@mysql-k8s-2.mysql-k8s-endpoints.testing.svc.cluster.local:33062': \x1b[0m###\n", stderr='Cannot set LC_ALL to locale en_US.UTF-8: No such file or directory\nTraceback (most recent call last):\n  File "<string>", line 3, in <module>\nmysqlsh.Error: Shell Error (51314): Dba.get_cluster: This function is not available through a session to an InnoDB Cluster that belongs to an InnoDB ClusterSet but is not ONLINE\n'
unit-mysql-k8s-2: 01:50:17 ERROR unit.mysql-k8s/2.juju-log Failed to get cluster status for test_cluster
unit-mysql-k8s-2: 01:50:17 ERROR unit.mysql-k8s/2.juju-log Failed to get cluster endpoints
Traceback (most recent call last):
  File "/var/lib/juju/agents/unit-mysql-k8s-2/charm/src/mysql_k8s_helpers.py", line 903, in update_endpoints
    rw_endpoints, ro_endpoints, offline = self.get_cluster_endpoints(get_ips=False)
  File "/var/lib/juju/agents/unit-mysql-k8s-2/charm/lib/charms/tempo_coordinator_k8s/v0/charm_tracing.py", line 1065, in wrapped_function
    return callable(*args, **kwargs)  # type: ignore
  File "/var/lib/juju/agents/unit-mysql-k8s-2/charm/lib/charms/mysql/v0/mysql.py", line 2094, in get_cluster_endpoints
    raise MySQLGetClusterEndpointsError("Failed to get endpoints from cluster status")
charms.mysql.v0.mysql.MySQLGetClusterEndpointsError: Failed to get endpoints from cluster status
unit-mysql-k8s-0: 01:51:10 ERROR unit.mysql-k8s/0.juju-log Failed to execute mysql-shell command
Traceback (most recent call last):
  File "/var/lib/juju/agents/unit-mysql-k8s-0/charm/src/mysql_k8s_helpers.py", line 722, in _run_mysqlsh_script
    stdout, _ = process.wait_output()
  File "/var/lib/juju/agents/unit-mysql-k8s-0/charm/venv/lib/python3.10/site-packages/ops/pebble.py", line 1771, in wait_output
    raise ExecError[AnyStr](self._command, exit_code, out_value, err_value)
ops.pebble.ExecError: non-zero exit code 1 executing ['timeout', '30', '/usr/bin/mysqlsh', '--passwords-from-stdin', '--uri=serverconfig@mysql-k8s-0.mysql-k8s-endpoints.testing.svc.cluster.local:33062', '--python', '--verbose=0', '-c', "shell.options.set('useWizards', False)\nprint('###')\ncluster = dba.get_cluster('test_cluster')\nprint(cluster.status({'extended': False}))"], stdout="\x1b[1mPlease provide the password for 'serverconfig@mysql-k8s-0.mysql-k8s-endpoints.testing.svc.cluster.local:33062': \x1b[0m###\n", stderr='Cannot set LC_ALL to locale en_US.UTF-8: No such file or directory\nTraceback (most recent call last):\n  File "<string>", line 3, in <module>\nRuntimeError: Dba.get_cluster: This function is not available through a session to a standalone instance (metadata exists, instance does not belong to that metadata, and GR is not active)\n\n'
unit-mysql-k8s-0: 01:51:10 ERROR unit.mysql-k8s/0.juju-log Failed to get cluster status for test_cluster
unit-mysql-k8s-0: 01:51:10 ERROR unit.mysql-k8s/0.juju-log Failed to get cluster endpoints
Traceback (most recent call last):
  File "/var/lib/juju/agents/unit-mysql-k8s-0/charm/src/mysql_k8s_helpers.py", line 903, in update_endpoints
    rw_endpoints, ro_endpoints, offline = self.get_cluster_endpoints(get_ips=False)
  File "/var/lib/juju/agents/unit-mysql-k8s-0/charm/lib/charms/tempo_coordinator_k8s/v0/charm_tracing.py", line 1065, in wrapped_function
    return callable(*args, **kwargs)  # type: ignore
  File "/var/lib/juju/agents/unit-mysql-k8s-0/charm/lib/charms/mysql/v0/mysql.py", line 2094, in get_cluster_endpoints
    raise MySQLGetClusterEndpointsError("Failed to get endpoints from cluster status")
charms.mysql.v0.mysql.MySQLGetClusterEndpointsError: Failed to get endpoints from cluster status
unit-mysql-k8s-1: 01:51:11 ERROR unit.mysql-k8s/1.juju-log Failed to execute mysql-shell command
Traceback (most recent call last):
  File "/var/lib/juju/agents/unit-mysql-k8s-1/charm/src/mysql_k8s_helpers.py", line 722, in _run_mysqlsh_script
    stdout, _ = process.wait_output()
  File "/var/lib/juju/agents/unit-mysql-k8s-1/charm/venv/lib/python3.10/site-packages/ops/pebble.py", line 1771, in wait_output
    raise ExecError[AnyStr](self._command, exit_code, out_value, err_value)
ops.pebble.ExecError: non-zero exit code 1 executing ['timeout', '30', '/usr/bin/mysqlsh', '--passwords-from-stdin', '--uri=serverconfig@mysql-k8s-1.mysql-k8s-endpoints.testing.svc.cluster.local:33062', '--python', '--verbose=0', '-c', "shell.options.set('useWizards', False)\nprint('###')\ncluster = dba.get_cluster('test_cluster')\nprint(cluster.status({'extended': False}))"], stdout="\x1b[1mPlease provide the password for 'serverconfig@mysql-k8s-1.mysql-k8s-endpoints.testing.svc.cluster.local:33062': \x1b[0m###\n", stderr='Cannot set LC_ALL to locale en_US.UTF-8: No such file or directory\nTraceback (most recent call last):\n  File "<string>", line 3, in <module>\nmysqlsh.Error: Shell Error (51314): Dba.get_cluster: This function is not available through a session to an InnoDB Cluster that belongs to an InnoDB ClusterSet but is not ONLINE\n'
unit-mysql-k8s-1: 01:51:11 ERROR unit.mysql-k8s/1.juju-log Failed to get cluster status for test_cluster
unit-mysql-k8s-1: 01:51:11 ERROR unit.mysql-k8s/1.juju-log Failed to get cluster endpoints
Traceback (most recent call last):
  File "/var/lib/juju/agents/unit-mysql-k8s-1/charm/src/mysql_k8s_helpers.py", line 903, in update_endpoints
    rw_endpoints, ro_endpoints, offline = self.get_cluster_endpoints(get_ips=False)
  File "/var/lib/juju/agents/unit-mysql-k8s-1/charm/lib/charms/tempo_coordinator_k8s/v0/charm_tracing.py", line 1065, in wrapped_function
    return callable(*args, **kwargs)  # type: ignore
  File "/var/lib/juju/agents/unit-mysql-k8s-1/charm/lib/charms/mysql/v0/mysql.py", line 2094, in get_cluster_endpoints
    raise MySQLGetClusterEndpointsError("Failed to get endpoints from cluster status")
charms.mysql.v0.mysql.MySQLGetClusterEndpointsError: Failed to get endpoints from cluster status
unit-mysql-k8s-2: 01:51:11 ERROR unit.mysql-k8s/2.juju-log Failed to execute mysql-shell command
Traceback (most recent call last):
  File "/var/lib/juju/agents/unit-mysql-k8s-2/charm/src/mysql_k8s_helpers.py", line 722, in _run_mysqlsh_script
    stdout, _ = process.wait_output()
  File "/var/lib/juju/agents/unit-mysql-k8s-2/charm/venv/lib/python3.10/site-packages/ops/pebble.py", line 1771, in wait_output
    raise ExecError[AnyStr](self._command, exit_code, out_value, err_value)
ops.pebble.ExecError: non-zero exit code 1 executing ['timeout', '30', '/usr/bin/mysqlsh', '--passwords-from-stdin', '--uri=serverconfig@mysql-k8s-2.mysql-k8s-endpoints.testing.svc.cluster.local:33062', '--python', '--verbose=0', '-c', "shell.options.set('useWizards', False)\nprint('###')\ncluster = dba.get_cluster('test_cluster')\nprint(cluster.status({'extended': False}))"], stdout="\x1b[1mPlease provide the password for 'serverconfig@mysql-k8s-2.mysql-k8s-endpoints.testing.svc.cluster.local:33062': \x1b[0m###\n", stderr='Cannot set LC_ALL to locale en_US.UTF-8: No such file or directory\nTraceback (most recent call last):\n  File "<string>", line 3, in <module>\nmysqlsh.Error: Shell Error (51314): Dba.get_cluster: This function is not available through a session to an InnoDB Cluster that belongs to an InnoDB ClusterSet but is not ONLINE\n'
unit-mysql-k8s-2: 01:51:11 ERROR unit.mysql-k8s/2.juju-log Failed to get cluster status for test_cluster
unit-mysql-k8s-2: 01:51:11 ERROR unit.mysql-k8s/2.juju-log Failed to get cluster endpoints
Traceback (most recent call last):
  File "/var/lib/juju/agents/unit-mysql-k8s-2/charm/src/mysql_k8s_helpers.py", line 903, in update_endpoints
    rw_endpoints, ro_endpoints, offline = self.get_cluster_endpoints(get_ips=False)
  File "/var/lib/juju/agents/unit-mysql-k8s-2/charm/lib/charms/tempo_coordinator_k8s/v0/charm_tracing.py", line 1065, in wrapped_function
    return callable(*args, **kwargs)  # type: ignore
  File "/var/lib/juju/agents/unit-mysql-k8s-2/charm/lib/charms/mysql/v0/mysql.py", line 2094, in get_cluster_endpoints
    raise MySQLGetClusterEndpointsError("Failed to get endpoints from cluster status")
charms.mysql.v0.mysql.MySQLGetClusterEndpointsError: Failed to get endpoints from cluster status
unit-mysql-k8s-0: 01:52:04 ERROR unit.mysql-k8s/0.juju-log Failed to execute mysql-shell command
Traceback (most recent call last):
  File "/var/lib/juju/agents/unit-mysql-k8s-0/charm/src/mysql_k8s_helpers.py", line 722, in _run_mysqlsh_script
    stdout, _ = process.wait_output()
  File "/var/lib/juju/agents/unit-mysql-k8s-0/charm/venv/lib/python3.10/site-packages/ops/pebble.py", line 1771, in wait_output
    raise ExecError[AnyStr](self._command, exit_code, out_value, err_value)
ops.pebble.ExecError: non-zero exit code 1 executing ['timeout', '30', '/usr/bin/mysqlsh', '--passwords-from-stdin', '--uri=serverconfig@mysql-k8s-0.mysql-k8s-endpoints.testing.svc.cluster.local:33062', '--python', '--verbose=0', '-c', "shell.options.set('useWizards', False)\nprint('###')\ncluster = dba.get_cluster('test_cluster')\nprint(cluster.status({'extended': False}))"], stdout="\x1b[1mPlease provide the password for 'serverconfig@mysql-k8s-0.mysql-k8s-endpoints.testing.svc.cluster.local:33062': \x1b[0m###\n", stderr='Cannot set LC_ALL to locale en_US.UTF-8: No such file or directory\nTraceback (most recent call last):\n  File "<string>", line 3, in <module>\nRuntimeError: Dba.get_cluster: This function is not available through a session to a standalone instance (metadata exists, instance does not belong to that metadata, and GR is not active)\n\n'
unit-mysql-k8s-0: 01:52:04 ERROR unit.mysql-k8s/0.juju-log Failed to get cluster status for test_cluster
unit-mysql-k8s-0: 01:52:04 ERROR unit.mysql-k8s/0.juju-log Failed to get cluster endpoints
Traceback (most recent call last):
  File "/var/lib/juju/agents/unit-mysql-k8s-0/charm/src/mysql_k8s_helpers.py", line 903, in update_endpoints
    rw_endpoints, ro_endpoints, offline = self.get_cluster_endpoints(get_ips=False)
  File "/var/lib/juju/agents/unit-mysql-k8s-0/charm/lib/charms/tempo_coordinator_k8s/v0/charm_tracing.py", line 1065, in wrapped_function
    return callable(*args, **kwargs)  # type: ignore
  File "/var/lib/juju/agents/unit-mysql-k8s-0/charm/lib/charms/mysql/v0/mysql.py", line 2094, in get_cluster_endpoints
    raise MySQLGetClusterEndpointsError("Failed to get endpoints from cluster status")
charms.mysql.v0.mysql.MySQLGetClusterEndpointsError: Failed to get endpoints from cluster status
unit-mysql-k8s-1: 01:52:05 ERROR unit.mysql-k8s/1.juju-log Failed to execute mysql-shell command
Traceback (most recent call last):
  File "/var/lib/juju/agents/unit-mysql-k8s-1/charm/src/mysql_k8s_helpers.py", line 722, in _run_mysqlsh_script
    stdout, _ = process.wait_output()
  File "/var/lib/juju/agents/unit-mysql-k8s-1/charm/venv/lib/python3.10/site-packages/ops/pebble.py", line 1771, in wait_output
    raise ExecError[AnyStr](self._command, exit_code, out_value, err_value)
ops.pebble.ExecError: non-zero exit code 1 executing ['timeout', '30', '/usr/bin/mysqlsh', '--passwords-from-stdin', '--uri=serverconfig@mysql-k8s-1.mysql-k8s-endpoints.testing.svc.cluster.local:33062', '--python', '--verbose=0', '-c', "shell.options.set('useWizards', False)\nprint('###')\ncluster = dba.get_cluster('test_cluster')\nprint(cluster.status({'extended': False}))"], stdout="\x1b[1mPlease provide the password for 'serverconfig@mysql-k8s-1.mysql-k8s-endpoints.testing.svc.cluster.local:33062': \x1b[0m###\n", stderr='Cannot set LC_ALL to locale en_US.UTF-8: No such file or directory\nTraceback (most recent call last):\n  File "<string>", line 3, in <module>\nmysqlsh.Error: Shell Error (51314): Dba.get_cluster: This function is not available through a session to an InnoDB Cluster that belongs to an InnoDB ClusterSet but is not ONLINE\n'
unit-mysql-k8s-1: 01:52:05 ERROR unit.mysql-k8s/1.juju-log Failed to get cluster status for test_cluster
unit-mysql-k8s-1: 01:52:05 ERROR unit.mysql-k8s/1.juju-log Failed to get cluster endpoints
Traceback (most recent call last):
  File "/var/lib/juju/agents/unit-mysql-k8s-1/charm/src/mysql_k8s_helpers.py", line 903, in update_endpoints
    rw_endpoints, ro_endpoints, offline = self.get_cluster_endpoints(get_ips=False)
  File "/var/lib/juju/agents/unit-mysql-k8s-1/charm/lib/charms/tempo_coordinator_k8s/v0/charm_tracing.py", line 1065, in wrapped_function
    return callable(*args, **kwargs)  # type: ignore
  File "/var/lib/juju/agents/unit-mysql-k8s-1/charm/lib/charms/mysql/v0/mysql.py", line 2094, in get_cluster_endpoints
    raise MySQLGetClusterEndpointsError("Failed to get endpoints from cluster status")
charms.mysql.v0.mysql.MySQLGetClusterEndpointsError: Failed to get endpoints from cluster status
unit-mysql-k8s-2: 01:52:06 ERROR unit.mysql-k8s/2.juju-log Failed to execute mysql-shell command
Traceback (most recent call last):
  File "/var/lib/juju/agents/unit-mysql-k8s-2/charm/src/mysql_k8s_helpers.py", line 722, in _run_mysqlsh_script
    stdout, _ = process.wait_output()
  File "/var/lib/juju/agents/unit-mysql-k8s-2/charm/venv/lib/python3.10/site-packages/ops/pebble.py", line 1771, in wait_output
    raise ExecError[AnyStr](self._command, exit_code, out_value, err_value)
ops.pebble.ExecError: non-zero exit code 1 executing ['timeout', '30', '/usr/bin/mysqlsh', '--passwords-from-stdin', '--uri=serverconfig@mysql-k8s-2.mysql-k8s-endpoints.testing.svc.cluster.local:33062', '--python', '--verbose=0', '-c', "shell.options.set('useWizards', False)\nprint('###')\ncluster = dba.get_cluster('test_cluster')\nprint(cluster.status({'extended': False}))"], stdout="\x1b[1mPlease provide the password for 'serverconfig@mysql-k8s-2.mysql-k8s-endpoints.testing.svc.cluster.local:33062': \x1b[0m###\n", stderr='Cannot set LC_ALL to locale en_US.UTF-8: No such file or directory\nTraceback (most recent call last):\n  File "<string>", line 3, in <module>\nmysqlsh.Error: Shell Error (51314): Dba.get_cluster: This function is not available through a session to an InnoDB Cluster that belongs to an InnoDB ClusterSet but is not ONLINE\n'
unit-mysql-k8s-2: 01:52:06 ERROR unit.mysql-k8s/2.juju-log Failed to get cluster status for test_cluster
unit-mysql-k8s-2: 01:52:06 ERROR unit.mysql-k8s/2.juju-log Failed to get cluster endpoints
Traceback (most recent call last):
  File "/var/lib/juju/agents/unit-mysql-k8s-2/charm/src/mysql_k8s_helpers.py", line 903, in update_endpoints
    rw_endpoints, ro_endpoints, offline = self.get_cluster_endpoints(get_ips=False)
  File "/var/lib/juju/agents/unit-mysql-k8s-2/charm/lib/charms/tempo_coordinator_k8s/v0/charm_tracing.py", line 1065, in wrapped_function
    return callable(*args, **kwargs)  # type: ignore
  File "/var/lib/juju/agents/unit-mysql-k8s-2/charm/lib/charms/mysql/v0/mysql.py", line 2094, in get_cluster_endpoints
    raise MySQLGetClusterEndpointsError("Failed to get endpoints from cluster status")
charms.mysql.v0.mysql.MySQLGetClusterEndpointsError: Failed to get endpoints from cluster status

[32mINFO    [0m pytest_operator.plugin:plugin.py:862 Forgetting main...