{"uid":"9392d8e6e952644f","name":"test_deploy_and_relate_osm_bundle","fullName":"tests.integration.test_osm_integration_bundle#test_deploy_and_relate_osm_bundle","historyId":"f2d7f0c3851498318ea585020fa93209","time":{"start":1757814859831,"stop":1757814862907,"duration":3076},"description":"Test the deployment and relation with osm bundle with mysql replacing mariadb.","descriptionHtml":"<p>Test the deployment and relation with osm bundle with mysql replacing mariadb.</p>\n","status":"broken","statusMessage":"juju.errors.JujuError: listing resources for charm \"ch:amd64/mongodb-k8s-36\": No revision was found in the Store.","statusTrace":"Traceback (most recent call last):\n  File \"/root/spread_project/.tox/integration/lib/python3.12/site-packages/_pytest/runner.py\", line 341, in from_call\n    result: Optional[TResult] = func()\n                                ^^^^^^\n  File \"/root/spread_project/.tox/integration/lib/python3.12/site-packages/_pytest/runner.py\", line 262, in <lambda>\n    lambda: ihook(item=item, **kwds), when=when, reraise=reraise\n            ^^^^^^^^^^^^^^^^^^^^^^^^\n  File \"/root/spread_project/.tox/integration/lib/python3.12/site-packages/pluggy/_hooks.py\", line 513, in __call__\n    return self._hookexec(self.name, self._hookimpls.copy(), kwargs, firstresult)\n           ^^^^^^^^^^^^^^^^^^^^^^^^^^^^^^^^^^^^^^^^^^^^^^^^^^^^^^^^^^^^^^^^^^^^^^\n  File \"/root/spread_project/.tox/integration/lib/python3.12/site-packages/pluggy/_manager.py\", line 120, in _hookexec\n    return self._inner_hookexec(hook_name, methods, kwargs, firstresult)\n           ^^^^^^^^^^^^^^^^^^^^^^^^^^^^^^^^^^^^^^^^^^^^^^^^^^^^^^^^^^^^^\n  File \"/root/spread_project/.tox/integration/lib/python3.12/site-packages/pluggy/_callers.py\", line 182, in _multicall\n    return outcome.get_result()\n           ^^^^^^^^^^^^^^^^^^^^\n  File \"/root/spread_project/.tox/integration/lib/python3.12/site-packages/pluggy/_result.py\", line 100, in get_result\n    raise exc.with_traceback(exc.__traceback__)\n  File \"/root/spread_project/.tox/integration/lib/python3.12/site-packages/pluggy/_callers.py\", line 103, in _multicall\n    res = hook_impl.function(*args)\n          ^^^^^^^^^^^^^^^^^^^^^^^^^\n  File \"/root/spread_project/.tox/integration/lib/python3.12/site-packages/_pytest/runner.py\", line 177, in pytest_runtest_call\n    raise e\n  File \"/root/spread_project/.tox/integration/lib/python3.12/site-packages/_pytest/runner.py\", line 169, in pytest_runtest_call\n    item.runtest()\n  File \"/root/spread_project/.tox/integration/lib/python3.12/site-packages/_pytest/python.py\", line 1792, in runtest\n    self.ihook.pytest_pyfunc_call(pyfuncitem=self)\n  File \"/root/spread_project/.tox/integration/lib/python3.12/site-packages/pluggy/_hooks.py\", line 513, in __call__\n    return self._hookexec(self.name, self._hookimpls.copy(), kwargs, firstresult)\n           ^^^^^^^^^^^^^^^^^^^^^^^^^^^^^^^^^^^^^^^^^^^^^^^^^^^^^^^^^^^^^^^^^^^^^^\n  File \"/root/spread_project/.tox/integration/lib/python3.12/site-packages/pluggy/_manager.py\", line 120, in _hookexec\n    return self._inner_hookexec(hook_name, methods, kwargs, firstresult)\n           ^^^^^^^^^^^^^^^^^^^^^^^^^^^^^^^^^^^^^^^^^^^^^^^^^^^^^^^^^^^^^\n  File \"/root/spread_project/.tox/integration/lib/python3.12/site-packages/pluggy/_callers.py\", line 182, in _multicall\n    return outcome.get_result()\n           ^^^^^^^^^^^^^^^^^^^^\n  File \"/root/spread_project/.tox/integration/lib/python3.12/site-packages/pluggy/_result.py\", line 100, in get_result\n    raise exc.with_traceback(exc.__traceback__)\n  File \"/root/spread_project/.tox/integration/lib/python3.12/site-packages/pluggy/_callers.py\", line 103, in _multicall\n    res = hook_impl.function(*args)\n          ^^^^^^^^^^^^^^^^^^^^^^^^^\n  File \"/root/spread_project/.tox/integration/lib/python3.12/site-packages/_pytest/python.py\", line 194, in pytest_pyfunc_call\n    result = testfunction(**testargs)\n             ^^^^^^^^^^^^^^^^^^^^^^^^\n  File \"/root/spread_project/.tox/integration/lib/python3.12/site-packages/pytest_asyncio/plugin.py\", line 529, in inner\n    _loop.run_until_complete(task)\n  File \"/usr/lib/python3.12/asyncio/base_events.py\", line 687, in run_until_complete\n    return future.result()\n           ^^^^^^^^^^^^^^^\n  File \"/root/spread_project/tests/integration/test_osm_integration_bundle.py\", line 59, in test_deploy_and_relate_osm_bundle\n    await asyncio.gather(\n  File \"/root/spread_project/.tox/integration/lib/python3.12/site-packages/juju/model.py\", line 1982, in deploy\n    return await self._deploy(\n           ^^^^^^^^^^^^^^^^^^^\n  File \"/root/spread_project/.tox/integration/lib/python3.12/site-packages/juju/model.py\", line 2359, in _deploy\n    raise JujuError(\"\\n\".join(errors))\njuju.errors.JujuError: listing resources for charm \"ch:amd64/mongodb-k8s-36\": No revision was found in the Store.","flaky":false,"newFailed":false,"newBroken":false,"newPassed":false,"retriesCount":1,"retriesStatusChange":true,"beforeStages":[{"name":"event_loop","time":{"start":1757814859597,"stop":1757814859598,"duration":1},"status":"passed","steps":[],"attachments":[],"parameters":[],"shouldDisplayMessage":false,"stepsCount":0,"attachmentsCount":0,"hasContent":false,"attachmentStep":false},{"name":"tmp_path_factory","time":{"start":1757814859598,"stop":1757814859598,"duration":0},"status":"passed","steps":[],"attachments":[],"parameters":[],"shouldDisplayMessage":false,"stepsCount":0,"attachmentsCount":0,"hasContent":false,"attachmentStep":false},{"name":"charm","time":{"start":1757814859598,"stop":1757814859598,"duration":0},"status":"passed","steps":[],"attachments":[],"parameters":[],"shouldDisplayMessage":false,"stepsCount":0,"attachmentsCount":0,"hasContent":false,"attachmentStep":false},{"name":"ops_test","time":{"start":1757814859598,"stop":1757814859831,"duration":233},"status":"passed","steps":[],"attachments":[],"parameters":[],"shouldDisplayMessage":false,"stepsCount":0,"attachmentsCount":0,"hasContent":false,"attachmentStep":false},{"name":"abort_on_fail","time":{"start":1757814859831,"stop":1757814859831,"duration":0},"status":"passed","steps":[],"attachments":[],"parameters":[],"shouldDisplayMessage":false,"stepsCount":0,"attachmentsCount":0,"hasContent":false,"attachmentStep":false}],"testStage":{"description":"Test the deployment and relation with osm bundle with mysql replacing mariadb.","status":"broken","statusMessage":"juju.errors.JujuError: listing resources for charm \"ch:amd64/mongodb-k8s-36\": No revision was found in the Store.","statusTrace":"Traceback (most recent call last):\n  File \"/root/spread_project/.tox/integration/lib/python3.12/site-packages/_pytest/runner.py\", line 341, in from_call\n    result: Optional[TResult] = func()\n                                ^^^^^^\n  File \"/root/spread_project/.tox/integration/lib/python3.12/site-packages/_pytest/runner.py\", line 262, in <lambda>\n    lambda: ihook(item=item, **kwds), when=when, reraise=reraise\n            ^^^^^^^^^^^^^^^^^^^^^^^^\n  File \"/root/spread_project/.tox/integration/lib/python3.12/site-packages/pluggy/_hooks.py\", line 513, in __call__\n    return self._hookexec(self.name, self._hookimpls.copy(), kwargs, firstresult)\n           ^^^^^^^^^^^^^^^^^^^^^^^^^^^^^^^^^^^^^^^^^^^^^^^^^^^^^^^^^^^^^^^^^^^^^^\n  File \"/root/spread_project/.tox/integration/lib/python3.12/site-packages/pluggy/_manager.py\", line 120, in _hookexec\n    return self._inner_hookexec(hook_name, methods, kwargs, firstresult)\n           ^^^^^^^^^^^^^^^^^^^^^^^^^^^^^^^^^^^^^^^^^^^^^^^^^^^^^^^^^^^^^\n  File \"/root/spread_project/.tox/integration/lib/python3.12/site-packages/pluggy/_callers.py\", line 182, in _multicall\n    return outcome.get_result()\n           ^^^^^^^^^^^^^^^^^^^^\n  File \"/root/spread_project/.tox/integration/lib/python3.12/site-packages/pluggy/_result.py\", line 100, in get_result\n    raise exc.with_traceback(exc.__traceback__)\n  File \"/root/spread_project/.tox/integration/lib/python3.12/site-packages/pluggy/_callers.py\", line 103, in _multicall\n    res = hook_impl.function(*args)\n          ^^^^^^^^^^^^^^^^^^^^^^^^^\n  File \"/root/spread_project/.tox/integration/lib/python3.12/site-packages/_pytest/runner.py\", line 177, in pytest_runtest_call\n    raise e\n  File \"/root/spread_project/.tox/integration/lib/python3.12/site-packages/_pytest/runner.py\", line 169, in pytest_runtest_call\n    item.runtest()\n  File \"/root/spread_project/.tox/integration/lib/python3.12/site-packages/_pytest/python.py\", line 1792, in runtest\n    self.ihook.pytest_pyfunc_call(pyfuncitem=self)\n  File \"/root/spread_project/.tox/integration/lib/python3.12/site-packages/pluggy/_hooks.py\", line 513, in __call__\n    return self._hookexec(self.name, self._hookimpls.copy(), kwargs, firstresult)\n           ^^^^^^^^^^^^^^^^^^^^^^^^^^^^^^^^^^^^^^^^^^^^^^^^^^^^^^^^^^^^^^^^^^^^^^\n  File \"/root/spread_project/.tox/integration/lib/python3.12/site-packages/pluggy/_manager.py\", line 120, in _hookexec\n    return self._inner_hookexec(hook_name, methods, kwargs, firstresult)\n           ^^^^^^^^^^^^^^^^^^^^^^^^^^^^^^^^^^^^^^^^^^^^^^^^^^^^^^^^^^^^^\n  File \"/root/spread_project/.tox/integration/lib/python3.12/site-packages/pluggy/_callers.py\", line 182, in _multicall\n    return outcome.get_result()\n           ^^^^^^^^^^^^^^^^^^^^\n  File \"/root/spread_project/.tox/integration/lib/python3.12/site-packages/pluggy/_result.py\", line 100, in get_result\n    raise exc.with_traceback(exc.__traceback__)\n  File \"/root/spread_project/.tox/integration/lib/python3.12/site-packages/pluggy/_callers.py\", line 103, in _multicall\n    res = hook_impl.function(*args)\n          ^^^^^^^^^^^^^^^^^^^^^^^^^\n  File \"/root/spread_project/.tox/integration/lib/python3.12/site-packages/_pytest/python.py\", line 194, in pytest_pyfunc_call\n    result = testfunction(**testargs)\n             ^^^^^^^^^^^^^^^^^^^^^^^^\n  File \"/root/spread_project/.tox/integration/lib/python3.12/site-packages/pytest_asyncio/plugin.py\", line 529, in inner\n    _loop.run_until_complete(task)\n  File \"/usr/lib/python3.12/asyncio/base_events.py\", line 687, in run_until_complete\n    return future.result()\n           ^^^^^^^^^^^^^^^\n  File \"/root/spread_project/tests/integration/test_osm_integration_bundle.py\", line 59, in test_deploy_and_relate_osm_bundle\n    await asyncio.gather(\n  File \"/root/spread_project/.tox/integration/lib/python3.12/site-packages/juju/model.py\", line 1982, in deploy\n    return await self._deploy(\n           ^^^^^^^^^^^^^^^^^^^\n  File \"/root/spread_project/.tox/integration/lib/python3.12/site-packages/juju/model.py\", line 2359, in _deploy\n    raise JujuError(\"\\n\".join(errors))\njuju.errors.JujuError: listing resources for charm \"ch:amd64/mongodb-k8s-36\": No revision was found in the Store.","steps":[],"attachments":[{"uid":"54d123c8c21c5bce","name":"log","source":"54d123c8c21c5bce.txt","type":"text/plain","size":1042}],"parameters":[],"shouldDisplayMessage":true,"stepsCount":0,"attachmentsCount":1,"hasContent":true,"attachmentStep":false},"afterStages":[{"name":"abort_on_fail::0","time":{"start":1757814862933,"stop":1757814862933,"duration":0},"status":"passed","steps":[],"attachments":[],"parameters":[],"shouldDisplayMessage":false,"stepsCount":0,"attachmentsCount":0,"hasContent":false,"attachmentStep":false},{"name":"ops_test::finalizer","time":{"start":1757814862939,"stop":1757814863418,"duration":479},"status":"passed","steps":[],"attachments":[],"parameters":[],"shouldDisplayMessage":false,"stepsCount":0,"attachmentsCount":0,"hasContent":false,"attachmentStep":false},{"name":"event_loop::2","time":{"start":1757814863419,"stop":1757814863419,"duration":0},"status":"passed","steps":[],"attachments":[],"parameters":[],"shouldDisplayMessage":false,"stepsCount":0,"attachmentsCount":0,"hasContent":false,"attachmentStep":false},{"name":"event_loop::_close_event_loop","time":{"start":1757814863419,"stop":1757814863419,"duration":0},"status":"passed","steps":[],"attachments":[],"parameters":[],"shouldDisplayMessage":false,"stepsCount":0,"attachmentsCount":0,"hasContent":false,"attachmentStep":false},{"name":"event_loop::_provide_clean_event_loop","time":{"start":1757814863419,"stop":1757814863419,"duration":0},"status":"passed","steps":[],"attachments":[],"parameters":[],"shouldDisplayMessage":false,"stepsCount":0,"attachmentsCount":0,"hasContent":false,"attachmentStep":false}],"labels":[{"name":"tag","value":"@pytest.mark.skipif(False, reason='Requires amd64 architecture')"},{"name":"tag","value":"asyncio"},{"name":"parentSuite","value":"tests.integration"},{"name":"suite","value":"test_osm_integration_bundle"},{"name":"host","value":"runnervmf4ws1"},{"name":"thread","value":"18394-MainThread"},{"name":"framework","value":"pytest"},{"name":"language","value":"cpython3"},{"name":"package","value":"tests.integration.test_osm_integration_bundle"},{"name":"resultFormat","value":"allure2"}],"parameters":[],"links":[],"hidden":false,"retry":false,"extra":{"severity":"normal","retries":[{"uid":"304ef29d957824a0","status":"unknown","time":{}}],"categories":[{"name":"Test defects","matchedStatuses":[]}],"history":{"statistic":{"failed":0,"broken":2,"skipped":0,"passed":32,"unknown":3,"total":37},"items":[{"uid":"923d96d07ed4b748","reportUrl":"../3237//#testresult/923d96d07ed4b748","status":"broken","statusDetails":"juju.errors.JujuError: listing resources for charm \"ch:amd64/mongodb-k8s-36\": No revision was found in the Store.","time":{"start":1757728713552,"stop":1757728718074,"duration":4522}},{"uid":"efca2352ff91f7c9","reportUrl":"../3233//#testresult/efca2352ff91f7c9","status":"passed","time":{"start":1757641169423,"stop":1757641363840,"duration":194417}},{"uid":"5c72f424c13a403d","reportUrl":"../3232//#testresult/5c72f424c13a403d","status":"passed","time":{"start":1757555651911,"stop":1757555803553,"duration":151642}},{"uid":"ab8add420e7ccac3","reportUrl":"../3231//#testresult/ab8add420e7ccac3","status":"passed","time":{"start":1757468689219,"stop":1757468837309,"duration":148090}},{"uid":"96546ca925462c36","reportUrl":"../3225//#testresult/96546ca925462c36","status":"passed","time":{"start":1757383614992,"stop":1757383763033,"duration":148041}},{"uid":"63d6354789478193","reportUrl":"../3223//#testresult/63d6354789478193","status":"passed","time":{"start":1757300501311,"stop":1757300657219,"duration":155908}},{"uid":"6eeab5242c824b3b","reportUrl":"../3221//#testresult/6eeab5242c824b3b","status":"passed","time":{"start":1757123610124,"stop":1757123753121,"duration":142997}},{"uid":"1c0e49835afc7aa1","reportUrl":"../3212//#testresult/1c0e49835afc7aa1","status":"passed","time":{"start":1756950810504,"stop":1756950977810,"duration":167306}},{"uid":"26b4271b7ea2f647","reportUrl":"../3206//#testresult/26b4271b7ea2f647","status":"unknown","time":{}},{"uid":"25c6a5dae4c84f08","reportUrl":"../3195//#testresult/25c6a5dae4c84f08","status":"unknown","time":{}},{"uid":"200f464b72aac43d","reportUrl":"../3193//#testresult/200f464b72aac43d","status":"unknown","time":{}},{"uid":"f49bcd34c5a1961e","reportUrl":"../3192//#testresult/f49bcd34c5a1961e","status":"passed","time":{"start":1756603886833,"stop":1756604028783,"duration":141950}},{"uid":"8a8a581ffea42eea","reportUrl":"../3190//#testresult/8a8a581ffea42eea","status":"passed","time":{"start":1756519430635,"stop":1756519577155,"duration":146520}},{"uid":"755150df9a566e8a","reportUrl":"../3189//#testresult/755150df9a566e8a","status":"passed","time":{"start":1756435366232,"stop":1756435522186,"duration":155954}},{"uid":"e1441b6559e088ba","reportUrl":"../3188//#testresult/e1441b6559e088ba","status":"passed","time":{"start":1756346426134,"stop":1756346573781,"duration":147647}},{"uid":"ee55136e931f43f","reportUrl":"../3184//#testresult/ee55136e931f43f","status":"passed","time":{"start":1756259531577,"stop":1756259684431,"duration":152854}},{"uid":"125a45610e7d187d","reportUrl":"../3175//#testresult/125a45610e7d187d","status":"passed","time":{"start":1756175674576,"stop":1756175837366,"duration":162790}},{"uid":"973426384191b80d","reportUrl":"../3171//#testresult/973426384191b80d","status":"passed","time":{"start":1756085608647,"stop":1756085956756,"duration":348109}},{"uid":"42cec1c910b88e48","reportUrl":"../3170//#testresult/42cec1c910b88e48","status":"passed","time":{"start":1756000446799,"stop":1756000584408,"duration":137609}},{"uid":"98bf0647f651690d","reportUrl":"../3169//#testresult/98bf0647f651690d","status":"passed","time":{"start":1755913834363,"stop":1755913973200,"duration":138837}}]},"tags":["asyncio","@pytest.mark.skipif(False, reason='Requires amd64 architecture')"]},"source":"9392d8e6e952644f.json","parameterValues":[]}