{"uid":"8c77412e0c55706a","name":"test_remove_relation_and_relate","fullName":"tests.integration.high_availability.test_async_replication#test_remove_relation_and_relate","historyId":"a10333b321d6af7db60a068f9e6f34b9","time":{"start":1747618665155,"stop":1747618665155,"duration":0},"description":"Test removing and re-relating the two mysql clusters.","descriptionHtml":"<p>Test removing and re-relating the two mysql clusters.</p>\n","status":"skipped","statusMessage":"XFAIL reason: aborted\n\n_pytest.outcomes.XFailed: aborted","statusTrace":"Traceback (most recent call last):\n  File \"/root/spread_project/.tox/integration/lib/python3.12/site-packages/_pytest/runner.py\", line 341, in from_call\n    result: Optional[TResult] = func()\n                                ^^^^^^\n  File \"/root/spread_project/.tox/integration/lib/python3.12/site-packages/_pytest/runner.py\", line 262, in <lambda>\n    lambda: ihook(item=item, **kwds), when=when, reraise=reraise\n            ^^^^^^^^^^^^^^^^^^^^^^^^\n  File \"/root/spread_project/.tox/integration/lib/python3.12/site-packages/pluggy/_hooks.py\", line 513, in __call__\n    return self._hookexec(self.name, self._hookimpls.copy(), kwargs, firstresult)\n           ^^^^^^^^^^^^^^^^^^^^^^^^^^^^^^^^^^^^^^^^^^^^^^^^^^^^^^^^^^^^^^^^^^^^^^\n  File \"/root/spread_project/.tox/integration/lib/python3.12/site-packages/pluggy/_manager.py\", line 120, in _hookexec\n    return self._inner_hookexec(hook_name, methods, kwargs, firstresult)\n           ^^^^^^^^^^^^^^^^^^^^^^^^^^^^^^^^^^^^^^^^^^^^^^^^^^^^^^^^^^^^^\n  File \"/root/spread_project/.tox/integration/lib/python3.12/site-packages/pluggy/_callers.py\", line 182, in _multicall\n    return outcome.get_result()\n           ^^^^^^^^^^^^^^^^^^^^\n  File \"/root/spread_project/.tox/integration/lib/python3.12/site-packages/pluggy/_result.py\", line 100, in get_result\n    raise exc.with_traceback(exc.__traceback__)\n  File \"/root/spread_project/.tox/integration/lib/python3.12/site-packages/pluggy/_callers.py\", line 103, in _multicall\n    res = hook_impl.function(*args)\n          ^^^^^^^^^^^^^^^^^^^^^^^^^\n  File \"/root/spread_project/.tox/integration/lib/python3.12/site-packages/_pytest/runner.py\", line 157, in pytest_runtest_setup\n    item.session._setupstate.setup(item)\n  File \"/root/spread_project/.tox/integration/lib/python3.12/site-packages/_pytest/runner.py\", line 497, in setup\n    raise exc\n  File \"/root/spread_project/.tox/integration/lib/python3.12/site-packages/_pytest/runner.py\", line 494, in setup\n    col.setup()\n  File \"/root/spread_project/.tox/integration/lib/python3.12/site-packages/_pytest/python.py\", line 1795, in setup\n    self._request._fillfixtures()\n  File \"/root/spread_project/.tox/integration/lib/python3.12/site-packages/_pytest/fixtures.py\", line 566, in _fillfixtures\n    item.funcargs[argname] = self.getfixturevalue(argname)\n                             ^^^^^^^^^^^^^^^^^^^^^^^^^^^^^\n  File \"/root/spread_project/.tox/integration/lib/python3.12/site-packages/_pytest/fixtures.py\", line 585, in getfixturevalue\n    fixturedef = self._get_active_fixturedef(argname)\n                 ^^^^^^^^^^^^^^^^^^^^^^^^^^^^^^^^^^^^\n  File \"/root/spread_project/.tox/integration/lib/python3.12/site-packages/_pytest/fixtures.py\", line 607, in _get_active_fixturedef\n    self._compute_fixture_value(fixturedef)\n  File \"/root/spread_project/.tox/integration/lib/python3.12/site-packages/_pytest/fixtures.py\", line 693, in _compute_fixture_value\n    fixturedef.execute(request=subrequest)\n  File \"/root/spread_project/.tox/integration/lib/python3.12/site-packages/_pytest/fixtures.py\", line 1069, in execute\n    result = ihook.pytest_fixture_setup(fixturedef=self, request=request)\n             ^^^^^^^^^^^^^^^^^^^^^^^^^^^^^^^^^^^^^^^^^^^^^^^^^^^^^^^^^^^^\n  File \"/root/spread_project/.tox/integration/lib/python3.12/site-packages/pluggy/_hooks.py\", line 513, in __call__\n    return self._hookexec(self.name, self._hookimpls.copy(), kwargs, firstresult)\n           ^^^^^^^^^^^^^^^^^^^^^^^^^^^^^^^^^^^^^^^^^^^^^^^^^^^^^^^^^^^^^^^^^^^^^^\n  File \"/root/spread_project/.tox/integration/lib/python3.12/site-packages/pluggy/_manager.py\", line 120, in _hookexec\n    return self._inner_hookexec(hook_name, methods, kwargs, firstresult)\n           ^^^^^^^^^^^^^^^^^^^^^^^^^^^^^^^^^^^^^^^^^^^^^^^^^^^^^^^^^^^^^\n  File \"/root/spread_project/.tox/integration/lib/python3.12/site-packages/pluggy/_callers.py\", line 182, in _multicall\n    return outcome.get_result()\n           ^^^^^^^^^^^^^^^^^^^^\n  File \"/root/spread_project/.tox/integration/lib/python3.12/site-packages/pluggy/_result.py\", line 100, in get_result\n    raise exc.with_traceback(exc.__traceback__)\n  File \"/root/spread_project/.tox/integration/lib/python3.12/site-packages/pluggy/_callers.py\", line 103, in _multicall\n    res = hook_impl.function(*args)\n          ^^^^^^^^^^^^^^^^^^^^^^^^^\n  File \"/root/spread_project/.tox/integration/lib/python3.12/site-packages/_pytest/fixtures.py\", line 1123, in pytest_fixture_setup\n    result = call_fixture_func(fixturefunc, request, kwargs)\n             ^^^^^^^^^^^^^^^^^^^^^^^^^^^^^^^^^^^^^^^^^^^^^^^\n  File \"/root/spread_project/.tox/integration/lib/python3.12/site-packages/_pytest/fixtures.py\", line 895, in call_fixture_func\n    fixture_result = next(generator)\n                     ^^^^^^^^^^^^^^^\n  File \"/root/spread_project/.tox/integration/lib/python3.12/site-packages/pytest_operator/plugin.py\", line 216, in abort_on_fail\n    pytest.xfail(\"aborted\")\n  File \"/root/spread_project/.tox/integration/lib/python3.12/site-packages/_pytest/outcomes.py\", line 256, in xfail\n    raise XFailed(reason)\n_pytest.outcomes.XFailed: aborted","flaky":false,"newFailed":false,"newBroken":false,"newPassed":false,"retriesCount":1,"retriesStatusChange":true,"beforeStages":[{"name":"event_loop","time":{"start":1747618092659,"stop":1747618092659,"duration":0},"status":"passed","steps":[],"attachments":[],"parameters":[],"shouldDisplayMessage":false,"stepsCount":0,"attachmentsCount":0,"hasContent":false,"attachmentStep":false},{"name":"ops_test","time":{"start":1747618092660,"stop":1747618092863,"duration":203},"status":"passed","steps":[],"attachments":[],"parameters":[],"shouldDisplayMessage":false,"stepsCount":0,"attachmentsCount":0,"hasContent":false,"attachmentStep":false},{"name":"tmp_path_factory","time":{"start":1747618092660,"stop":1747618092660,"duration":0},"status":"passed","steps":[],"attachments":[],"parameters":[],"shouldDisplayMessage":false,"stepsCount":0,"attachmentsCount":0,"hasContent":false,"attachmentStep":false},{"name":"first_model","time":{"start":1747618092864,"stop":1747618092864,"duration":0},"status":"passed","steps":[],"attachments":[],"parameters":[],"shouldDisplayMessage":false,"stepsCount":0,"attachmentsCount":0,"hasContent":false,"attachmentStep":false},{"name":"second_model","time":{"start":1747618092864,"stop":1747618093494,"duration":630},"status":"passed","steps":[],"attachments":[],"parameters":[],"shouldDisplayMessage":false,"stepsCount":0,"attachmentsCount":0,"hasContent":false,"attachmentStep":false},{"name":"abort_on_fail","time":{"start":1747618665156,"stop":1747618665156,"duration":0},"status":"failed","statusMessage":"_pytest.outcomes.XFailed: aborted\n","statusTrace":"  File \"/root/spread_project/.tox/integration/lib/python3.12/site-packages/pluggy/_callers.py\", line 103, in _multicall\n    res = hook_impl.function(*args)\n          ^^^^^^^^^^^^^^^^^^^^^^^^^\n  File \"/root/spread_project/.tox/integration/lib/python3.12/site-packages/_pytest/fixtures.py\", line 1123, in pytest_fixture_setup\n    result = call_fixture_func(fixturefunc, request, kwargs)\n             ^^^^^^^^^^^^^^^^^^^^^^^^^^^^^^^^^^^^^^^^^^^^^^^\n  File \"/root/spread_project/.tox/integration/lib/python3.12/site-packages/_pytest/fixtures.py\", line 895, in call_fixture_func\n    fixture_result = next(generator)\n                     ^^^^^^^^^^^^^^^\n  File \"/root/spread_project/.tox/integration/lib/python3.12/site-packages/pytest_operator/plugin.py\", line 216, in abort_on_fail\n    pytest.xfail(\"aborted\")\n  File \"/root/spread_project/.tox/integration/lib/python3.12/site-packages/_pytest/outcomes.py\", line 256, in xfail\n    raise XFailed(reason)\n","steps":[],"attachments":[],"parameters":[],"shouldDisplayMessage":true,"stepsCount":0,"attachmentsCount":0,"hasContent":true,"attachmentStep":false}],"testStage":{"description":"Test removing and re-relating the two mysql clusters.","status":"skipped","statusMessage":"XFAIL reason: aborted\n\n_pytest.outcomes.XFailed: aborted","statusTrace":"Traceback (most recent call last):\n  File \"/root/spread_project/.tox/integration/lib/python3.12/site-packages/_pytest/runner.py\", line 341, in from_call\n    result: Optional[TResult] = func()\n                                ^^^^^^\n  File \"/root/spread_project/.tox/integration/lib/python3.12/site-packages/_pytest/runner.py\", line 262, in <lambda>\n    lambda: ihook(item=item, **kwds), when=when, reraise=reraise\n            ^^^^^^^^^^^^^^^^^^^^^^^^\n  File \"/root/spread_project/.tox/integration/lib/python3.12/site-packages/pluggy/_hooks.py\", line 513, in __call__\n    return self._hookexec(self.name, self._hookimpls.copy(), kwargs, firstresult)\n           ^^^^^^^^^^^^^^^^^^^^^^^^^^^^^^^^^^^^^^^^^^^^^^^^^^^^^^^^^^^^^^^^^^^^^^\n  File \"/root/spread_project/.tox/integration/lib/python3.12/site-packages/pluggy/_manager.py\", line 120, in _hookexec\n    return self._inner_hookexec(hook_name, methods, kwargs, firstresult)\n           ^^^^^^^^^^^^^^^^^^^^^^^^^^^^^^^^^^^^^^^^^^^^^^^^^^^^^^^^^^^^^\n  File \"/root/spread_project/.tox/integration/lib/python3.12/site-packages/pluggy/_callers.py\", line 182, in _multicall\n    return outcome.get_result()\n           ^^^^^^^^^^^^^^^^^^^^\n  File \"/root/spread_project/.tox/integration/lib/python3.12/site-packages/pluggy/_result.py\", line 100, in get_result\n    raise exc.with_traceback(exc.__traceback__)\n  File \"/root/spread_project/.tox/integration/lib/python3.12/site-packages/pluggy/_callers.py\", line 103, in _multicall\n    res = hook_impl.function(*args)\n          ^^^^^^^^^^^^^^^^^^^^^^^^^\n  File \"/root/spread_project/.tox/integration/lib/python3.12/site-packages/_pytest/runner.py\", line 157, in pytest_runtest_setup\n    item.session._setupstate.setup(item)\n  File \"/root/spread_project/.tox/integration/lib/python3.12/site-packages/_pytest/runner.py\", line 497, in setup\n    raise exc\n  File \"/root/spread_project/.tox/integration/lib/python3.12/site-packages/_pytest/runner.py\", line 494, in setup\n    col.setup()\n  File \"/root/spread_project/.tox/integration/lib/python3.12/site-packages/_pytest/python.py\", line 1795, in setup\n    self._request._fillfixtures()\n  File \"/root/spread_project/.tox/integration/lib/python3.12/site-packages/_pytest/fixtures.py\", line 566, in _fillfixtures\n    item.funcargs[argname] = self.getfixturevalue(argname)\n                             ^^^^^^^^^^^^^^^^^^^^^^^^^^^^^\n  File \"/root/spread_project/.tox/integration/lib/python3.12/site-packages/_pytest/fixtures.py\", line 585, in getfixturevalue\n    fixturedef = self._get_active_fixturedef(argname)\n                 ^^^^^^^^^^^^^^^^^^^^^^^^^^^^^^^^^^^^\n  File \"/root/spread_project/.tox/integration/lib/python3.12/site-packages/_pytest/fixtures.py\", line 607, in _get_active_fixturedef\n    self._compute_fixture_value(fixturedef)\n  File \"/root/spread_project/.tox/integration/lib/python3.12/site-packages/_pytest/fixtures.py\", line 693, in _compute_fixture_value\n    fixturedef.execute(request=subrequest)\n  File \"/root/spread_project/.tox/integration/lib/python3.12/site-packages/_pytest/fixtures.py\", line 1069, in execute\n    result = ihook.pytest_fixture_setup(fixturedef=self, request=request)\n             ^^^^^^^^^^^^^^^^^^^^^^^^^^^^^^^^^^^^^^^^^^^^^^^^^^^^^^^^^^^^\n  File \"/root/spread_project/.tox/integration/lib/python3.12/site-packages/pluggy/_hooks.py\", line 513, in __call__\n    return self._hookexec(self.name, self._hookimpls.copy(), kwargs, firstresult)\n           ^^^^^^^^^^^^^^^^^^^^^^^^^^^^^^^^^^^^^^^^^^^^^^^^^^^^^^^^^^^^^^^^^^^^^^\n  File \"/root/spread_project/.tox/integration/lib/python3.12/site-packages/pluggy/_manager.py\", line 120, in _hookexec\n    return self._inner_hookexec(hook_name, methods, kwargs, firstresult)\n           ^^^^^^^^^^^^^^^^^^^^^^^^^^^^^^^^^^^^^^^^^^^^^^^^^^^^^^^^^^^^^\n  File \"/root/spread_project/.tox/integration/lib/python3.12/site-packages/pluggy/_callers.py\", line 182, in _multicall\n    return outcome.get_result()\n           ^^^^^^^^^^^^^^^^^^^^\n  File \"/root/spread_project/.tox/integration/lib/python3.12/site-packages/pluggy/_result.py\", line 100, in get_result\n    raise exc.with_traceback(exc.__traceback__)\n  File \"/root/spread_project/.tox/integration/lib/python3.12/site-packages/pluggy/_callers.py\", line 103, in _multicall\n    res = hook_impl.function(*args)\n          ^^^^^^^^^^^^^^^^^^^^^^^^^\n  File \"/root/spread_project/.tox/integration/lib/python3.12/site-packages/_pytest/fixtures.py\", line 1123, in pytest_fixture_setup\n    result = call_fixture_func(fixturefunc, request, kwargs)\n             ^^^^^^^^^^^^^^^^^^^^^^^^^^^^^^^^^^^^^^^^^^^^^^^\n  File \"/root/spread_project/.tox/integration/lib/python3.12/site-packages/_pytest/fixtures.py\", line 895, in call_fixture_func\n    fixture_result = next(generator)\n                     ^^^^^^^^^^^^^^^\n  File \"/root/spread_project/.tox/integration/lib/python3.12/site-packages/pytest_operator/plugin.py\", line 216, in abort_on_fail\n    pytest.xfail(\"aborted\")\n  File \"/root/spread_project/.tox/integration/lib/python3.12/site-packages/_pytest/outcomes.py\", line 256, in xfail\n    raise XFailed(reason)\n_pytest.outcomes.XFailed: aborted","steps":[],"attachments":[{"uid":"c88506be2ee37826","name":"log","source":"c88506be2ee37826.txt","type":"text/plain","size":2392}],"parameters":[],"shouldDisplayMessage":true,"stepsCount":0,"attachmentsCount":1,"hasContent":true,"attachmentStep":false},"afterStages":[{"name":"second_model::finalizer","time":{"start":1747618665159,"stop":1747618665183,"duration":24},"status":"passed","steps":[],"attachments":[],"parameters":[],"shouldDisplayMessage":false,"stepsCount":0,"attachmentsCount":0,"hasContent":false,"attachmentStep":false},{"name":"ops_test::finalizer","time":{"start":1747618665184,"stop":1747618666268,"duration":1084},"status":"passed","steps":[],"attachments":[],"parameters":[],"shouldDisplayMessage":false,"stepsCount":0,"attachmentsCount":0,"hasContent":false,"attachmentStep":false},{"name":"event_loop::2","time":{"start":1747618666269,"stop":1747618666269,"duration":0},"status":"passed","steps":[],"attachments":[],"parameters":[],"shouldDisplayMessage":false,"stepsCount":0,"attachmentsCount":0,"hasContent":false,"attachmentStep":false},{"name":"event_loop::_close_event_loop","time":{"start":1747618666269,"stop":1747618666269,"duration":0},"status":"passed","steps":[],"attachments":[],"parameters":[],"shouldDisplayMessage":false,"stepsCount":0,"attachmentsCount":0,"hasContent":false,"attachmentStep":false},{"name":"event_loop::_provide_clean_event_loop","time":{"start":1747618666269,"stop":1747618666269,"duration":0},"status":"passed","steps":[],"attachments":[],"parameters":[],"shouldDisplayMessage":false,"stepsCount":0,"attachmentsCount":0,"hasContent":false,"attachmentStep":false}],"labels":[{"name":"tag","value":"abort_on_fail"},{"name":"tag","value":"@pytest.mark.skipif(False, reason='Requires juju 3+')"},{"name":"tag","value":"asyncio"},{"name":"parentSuite","value":"tests.integration.high_availability"},{"name":"suite","value":"test_async_replication"},{"name":"host","value":"fv-az1983-640"},{"name":"thread","value":"17705-MainThread"},{"name":"framework","value":"pytest"},{"name":"language","value":"cpython3"},{"name":"package","value":"tests.integration.high_availability.test_async_replication"},{"name":"resultFormat","value":"allure2"}],"parameters":[],"links":[],"hidden":false,"retry":false,"extra":{"severity":"normal","retries":[{"uid":"7b99d933b0f477de","status":"unknown","time":{}}],"categories":[],"history":{"statistic":{"failed":0,"broken":34,"skipped":49,"passed":279,"unknown":7,"total":369},"items":[{"uid":"96f4a1789a1a72b4","reportUrl":"../2958//#testresult/96f4a1789a1a72b4","status":"broken","statusDetails":"TimeoutError: Timed out waiting for model:\ndb2/0 [idle] maintenance: Starting mysqld","time":{"start":1747532659266,"stop":1747533287591,"duration":628325}},{"uid":"914a88757453ddff","reportUrl":"../2957//#testresult/914a88757453ddff","status":"passed","time":{"start":1747446179651,"stop":1747446479626,"duration":299975}},{"uid":"6551c7ecb498da89","reportUrl":"../2956//#testresult/6551c7ecb498da89","status":"passed","time":{"start":1747359754015,"stop":1747360016578,"duration":262563}},{"uid":"6f8d9168cf9912b9","reportUrl":"../2955//#testresult/6f8d9168cf9912b9","status":"passed","time":{"start":1747273318971,"stop":1747273599875,"duration":280904}},{"uid":"dccf4846a1608a0d","reportUrl":"../2954//#testresult/dccf4846a1608a0d","status":"passed","time":{"start":1747186949219,"stop":1747187263020,"duration":313801}},{"uid":"28be6f0fed3edde4","reportUrl":"../2951//#testresult/28be6f0fed3edde4","status":"passed","time":{"start":1747100508442,"stop":1747100809138,"duration":300696}},{"uid":"7b08786b0963fb9b","reportUrl":"../2948//#testresult/7b08786b0963fb9b","status":"passed","time":{"start":1747014107518,"stop":1747014399945,"duration":292427}},{"uid":"62af22b0102952e3","reportUrl":"../2947//#testresult/62af22b0102952e3","status":"passed","time":{"start":1746927704698,"stop":1746927988543,"duration":283845}},{"uid":"7cb02033eb59b2a","reportUrl":"../2946//#testresult/7cb02033eb59b2a","status":"passed","time":{"start":1746841315328,"stop":1746841603461,"duration":288133}},{"uid":"fb93134e2d6dbe4d","reportUrl":"../2940//#testresult/fb93134e2d6dbe4d","status":"passed","time":{"start":1746754947610,"stop":1746755212578,"duration":264968}},{"uid":"260e66683f796696","reportUrl":"../2939//#testresult/260e66683f796696","status":"passed","time":{"start":1746668548778,"stop":1746668815190,"duration":266412}},{"uid":"9fee769a498ef38c","reportUrl":"../2937//#testresult/9fee769a498ef38c","status":"passed","time":{"start":1746582180199,"stop":1746582466502,"duration":286303}},{"uid":"10e167f8ccd0a8b","reportUrl":"../2931//#testresult/10e167f8ccd0a8b","status":"passed","time":{"start":1746495767748,"stop":1746496064511,"duration":296763}},{"uid":"b938faec2725cffa","reportUrl":"../2930//#testresult/b938faec2725cffa","status":"passed","time":{"start":1746409355514,"stop":1746409626000,"duration":270486}},{"uid":"d9ae4241b1d72832","reportUrl":"../2929//#testresult/d9ae4241b1d72832","status":"passed","time":{"start":1746322970389,"stop":1746323248688,"duration":278299}},{"uid":"2a54cdd496b6a31d","reportUrl":"../2928//#testresult/2a54cdd496b6a31d","status":"passed","time":{"start":1746236465642,"stop":1746236739307,"duration":273665}},{"uid":"43ce997fd1db7b0f","reportUrl":"../2927//#testresult/43ce997fd1db7b0f","status":"passed","time":{"start":1746150155307,"stop":1746150449088,"duration":293781}},{"uid":"68aad4b47f77744d","reportUrl":"../2926//#testresult/68aad4b47f77744d","status":"passed","time":{"start":1746064002901,"stop":1746064289000,"duration":286099}},{"uid":"f6eaf64aad6d4f50","reportUrl":"../2921//#testresult/f6eaf64aad6d4f50","status":"passed","time":{"start":1745890990285,"stop":1745891556262,"duration":565977}},{"uid":"6cd4e5dbf7e2364","reportUrl":"../2920//#testresult/6cd4e5dbf7e2364","status":"broken","statusDetails":"TimeoutError: Timed out waiting for model:\ndb2/1 [idle] maintenance: Starting mysqld\n  db2/2 [idle] maintenance: Starting mysqld","time":{"start":1745804573316,"stop":1745805214944,"duration":641628}}]},"tags":["asyncio","abort_on_fail","@pytest.mark.skipif(False, reason='Requires juju 3+')"]},"source":"8c77412e0c55706a.json","parameterValues":[]}