[32mINFO    [0m pytest_operator.plugin:plugin.py:790 Model status:

Model    Controller          Cloud/Region        Version  SLA          Timestamp
testing  concierge-microk8s  microk8s/localhost  3.6.12   unsupported  02:04:42Z

App      Version                  Status  Scale  Charm             Channel      Rev  Address         Exposed  Message
app0     0.0.2                    active      1  mysql-test-app    latest/edge   85  10.152.183.202  no       Last written value=483
app1     0.0.2                    active      1  mysql-test-app    latest/edge   85  10.152.183.22   no       Last written value=413
app2     0.0.2                    active      1  mysql-test-app    latest/edge   85  10.152.183.17   no       Last written value=371
app3     0.0.2                    active      1  mysql-test-app    latest/edge   85  10.152.183.91   no       Last written value=459
app4     0.0.2                    active      1  mysql-test-app    latest/edge   85  10.152.183.241  no       Last written value=404
app5     0.0.2                    active      1  mysql-test-app    latest/edge   85  10.152.183.154  no       Last written value=358
app6     0.0.2                    active      1  mysql-test-app    latest/edge   85  10.152.183.231  no       Last written value=377
mysql    8.0.44-0ubuntu0.22.04.1  active      1  mysql-k8s                        0  10.152.183.87   no       
router0  8.0.44                   active      1  mysql-router-k8s  8.0/edge     871  10.152.183.182  no       
router1  8.0.44                   active      1  mysql-router-k8s  8.0/edge     871  10.152.183.73   no       
router2  8.0.44                   active      1  mysql-router-k8s  8.0/edge     871  10.152.183.143  no       
router3  8.0.44                   active      1  mysql-router-k8s  8.0/edge     871  10.152.183.84   no       
router4  8.0.44                   active      1  mysql-router-k8s  8.0/edge     871  10.152.183.133  no       
router5  8.0.44                   active      1  mysql-router-k8s  8.0/edge     871  10.152.183.218  no       
router6  8.0.44                   active      1  mysql-router-k8s  8.0/edge     871  10.152.183.203  no       

Unit        Workload  Agent  Address       Ports  Message
app0/0*     active    idle   10.1.141.139         Last written value=483
app1/0*     active    idle   10.1.141.138         Last written value=413
app2/0*     active    idle   10.1.141.140         Last written value=371
app3/0*     active    idle   10.1.141.141         Last written value=459
app4/0*     active    idle   10.1.141.149         Last written value=404
app5/0*     active    idle   10.1.141.145         Last written value=358
app6/0*     active    idle   10.1.141.146         Last written value=377
mysql/0*    active    idle   10.1.141.137         Primary
router0/0*  active    idle   10.1.141.142         
router1/0*  active    idle   10.1.141.144         
router2/0*  active    idle   10.1.141.143         
router3/0*  active    idle   10.1.141.147         
router4/0*  active    idle   10.1.141.148         
router5/0*  active    idle   10.1.141.151         
router6/0*  active    idle   10.1.141.150         

[32mINFO    [0m pytest_operator.plugin:plugin.py:796 Juju error logs:

unit-router3-1: 01:57:08 ERROR unit.router3/1.juju-log cos:22: common.mysql_shell:Failed to run MySQL Shell script:
import json
import mysqlsh
import traceback

try:
    # Disable wizards in this script, since it will be invoked without --no-wizard
    shell.options.set('useWizards', False)
    import json

    cluster_set = dba.get_cluster_set()
    routers = cluster_set.list_routers()
    # mysqlsh objects are weirdâ€”they quack (i.e. duck typing) like standard Python objects (e.g. list,
    # dict), but do not serialize to JSON correctly.
    # Cast to str & load from JSON str before serializing
    routers = json.loads(str(routers))
    with open("/tmp/mysqlsh_output.json", "w") as file:
        json.dump(routers, file)
except mysqlsh.DBError as exception:
    error = {
        "message": str(exception),
        "code": exception.code,
        "traceback_message": "".join(traceback.format_exception(exception)),
    }
else:
    error = None
with open("/tmp/mysqlsh_error.json", "w") as file:
    json.dump(error, file)

stderr:
Cannot set LC_ALL to locale en_US.UTF-8: No such file or directory
MySQL Error 1040 (HY000): Too many connections

Traceback (most recent call last):
  File "/var/lib/juju/agents/unit-router3-1/charm/src/rock.py", line 254, in _run_command
    output, _ = process.wait_output()
  File "/var/lib/juju/agents/unit-router3-1/charm/venv/lib/python3.10/site-packages/ops/pebble.py", line 1441, in wait_output
    raise ExecError[AnyStr](self._command, exit_code, out_value, err_value)
ops.pebble.ExecError: non-zero exit code 1 executing ['mysqlsh', '--passwords-from-stdin', '--uri', 'relation-44_e3ef43d62a8746@mysql-primary.testing.svc.cluster.local.:3306', '--python', '--file', '/tmp/mysqlsh_script.py'], stdout="\x1b[1mPlease provide the password for 'relation-44_e3ef43d62a8746@mysql-primary.testing.svc.cluster.local.:3306': \x1b[0m", stderr='Cannot set LC_ALL to locale en_US.UTF-8: No such file or directory\nMySQL Error 1040 (HY000): Too many connections\n'

During handling of the above exception, another exception occurred:

Traceback (most recent call last):
  File "/var/lib/juju/agents/unit-router3-1/charm/venv/lib/python3.10/site-packages/common/mysql_shell/__init__.py", line 74, in _run_code
    self._container.run_mysql_shell(
  File "/var/lib/juju/agents/unit-router3-1/charm/lib/charms/tempo_coordinator_k8s/v0/charm_tracing.py", line 735, in wrapped_function
    return callable(*args, **kwargs)  # type: ignore
  File "/var/lib/juju/agents/unit-router3-1/charm/venv/lib/python3.10/site-packages/common/container.py", line 236, in run_mysql_shell
    return self._run_command(args, timeout=timeout, input=input)
  File "/var/lib/juju/agents/unit-router3-1/charm/lib/charms/tempo_coordinator_k8s/v0/charm_tracing.py", line 735, in wrapped_function
    return callable(*args, **kwargs)  # type: ignore
  File "/var/lib/juju/agents/unit-router3-1/charm/src/rock.py", line 256, in _run_command
    raise common.container.CalledProcessError(
common.container.CalledProcessError: Command '['mysqlsh', '--passwords-from-stdin', '--uri', 'relation-44_e3ef43d62a8746@mysql-primary.testing.svc.cluster.local.:3306', '--python', '--file', '/tmp/mysqlsh_script.py']' returned non-zero exit status 1.
unit-router3-1: 01:57:08 ERROR unit.router3/1.juju-log cos:22: root:Uncaught exception while in charm code:
Traceback (most recent call last):
  File "/var/lib/juju/agents/unit-router3-1/charm/src/rock.py", line 254, in _run_command
    output, _ = process.wait_output()
  File "/var/lib/juju/agents/unit-router3-1/charm/venv/lib/python3.10/site-packages/ops/pebble.py", line 1441, in wait_output
    raise ExecError[AnyStr](self._command, exit_code, out_value, err_value)
ops.pebble.ExecError: non-zero exit code 1 executing ['mysqlsh', '--passwords-from-stdin', '--uri', 'relation-44_e3ef43d62a8746@mysql-primary.testing.svc.cluster.local.:3306', '--python', '--file', '/tmp/mysqlsh_script.py'], stdout="\x1b[1mPlease provide the password for 'relation-44_e3ef43d62a8746@mysql-primary.testing.svc.cluster.local.:3306': \x1b[0m", stderr='Cannot set LC_ALL to locale en_US.UTF-8: No such file or directory\nMySQL Error 1040 (HY000): Too many connections\n'

During handling of the above exception, another exception occurred:

Traceback (most recent call last):
  File "/var/lib/juju/agents/unit-router3-1/charm/src/charm.py", line 470, in <module>
    ops.main.main(KubernetesRouterCharm)
  File "/var/lib/juju/agents/unit-router3-1/charm/venv/lib/python3.10/site-packages/ops/main.py", line 436, in main
    _emit_charm_event(charm, dispatcher.event_name)
  File "/var/lib/juju/agents/unit-router3-1/charm/venv/lib/python3.10/site-packages/ops/main.py", line 144, in _emit_charm_event
    event_to_emit.emit(*args, **kwargs)
  File "/var/lib/juju/agents/unit-router3-1/charm/venv/lib/python3.10/site-packages/ops/framework.py", line 351, in emit
    framework._emit(event)
  File "/var/lib/juju/agents/unit-router3-1/charm/venv/lib/python3.10/site-packages/ops/framework.py", line 853, in _emit
    self._reemit(event_path)
  File "/var/lib/juju/agents/unit-router3-1/charm/venv/lib/python3.10/site-packages/ops/framework.py", line 942, in _reemit
    custom_handler(event)
  File "/var/lib/juju/agents/unit-router3-1/charm/lib/charms/tempo_coordinator_k8s/v0/charm_tracing.py", line 735, in wrapped_function
    return callable(*args, **kwargs)  # type: ignore
  File "/var/lib/juju/agents/unit-router3-1/charm/venv/lib/python3.10/site-packages/common/abstract_charm.py", line 345, in reconcile
    workload_.reconcile(
  File "/var/lib/juju/agents/unit-router3-1/charm/lib/charms/tempo_coordinator_k8s/v0/charm_tracing.py", line 735, in wrapped_function
    return callable(*args, **kwargs)  # type: ignore
  File "/var/lib/juju/agents/unit-router3-1/charm/venv/lib/python3.10/site-packages/common/workload.py", line 402, in reconcile
    require_rebootstrap = require_rebootstrap or not self.shell.is_router_in_cluster_set(
  File "/var/lib/juju/agents/unit-router3-1/charm/venv/lib/python3.10/site-packages/common/mysql_shell/__init__.py", line 288, in is_router_in_cluster_set
    self._run_code(
  File "/var/lib/juju/agents/unit-router3-1/charm/venv/lib/python3.10/site-packages/common/mysql_shell/__init__.py", line 74, in _run_code
    self._container.run_mysql_shell(
  File "/var/lib/juju/agents/unit-router3-1/charm/lib/charms/tempo_coordinator_k8s/v0/charm_tracing.py", line 735, in wrapped_function
    return callable(*args, **kwargs)  # type: ignore
  File "/var/lib/juju/agents/unit-router3-1/charm/venv/lib/python3.10/site-packages/common/container.py", line 236, in run_mysql_shell
    return self._run_command(args, timeout=timeout, input=input)
  File "/var/lib/juju/agents/unit-router3-1/charm/lib/charms/tempo_coordinator_k8s/v0/charm_tracing.py", line 735, in wrapped_function
    return callable(*args, **kwargs)  # type: ignore
  File "/var/lib/juju/agents/unit-router3-1/charm/src/rock.py", line 256, in _run_command
    raise common.container.CalledProcessError(
common.container.CalledProcessError: Command '['mysqlsh', '--passwords-from-stdin', '--uri', 'relation-44_e3ef43d62a8746@mysql-primary.testing.svc.cluster.local.:3306', '--python', '--file', '/tmp/mysqlsh_script.py']' returned non-zero exit status 1.
unit-router3-1: 01:57:09 ERROR juju.worker.uniter.operation hook "cos-relation-changed" (via hook dispatching script: dispatch) failed: exit status 1
unit-router0-0: 02:03:25 ERROR juju.worker.dependency "log-sender" manifold worker returned unexpected error: sending log message: websocket: close 1005 (no status): websocket: close sent
unit-router6-0: 02:03:25 ERROR juju.worker.dependency "log-sender" manifold worker returned unexpected error: sending log message: websocket: close 1005 (no status): websocket: close sent
unit-router2-0: 02:03:25 ERROR juju.worker.dependency "log-sender" manifold worker returned unexpected error: sending log message: websocket: close 1005 (no status): websocket: close sent
unit-router1-0: 02:03:26 ERROR juju.worker.dependency "log-sender" manifold worker returned unexpected error: sending log message: websocket: close 1005 (no status): websocket: close sent
unit-router5-0: 02:03:26 ERROR juju.worker.dependency "log-sender" manifold worker returned unexpected error: sending log message: websocket: close 1005 (no status): websocket: close sent
unit-app0-0: 02:03:26 ERROR juju.worker.dependency "log-sender" manifold worker returned unexpected error: sending log message: websocket: close 1005 (no status): websocket: close sent
unit-router3-0: 02:03:26 ERROR juju.worker.dependency "log-sender" manifold worker returned unexpected error: sending log message: websocket: close 1005 (no status): websocket: close sent
unit-router4-0: 02:03:27 ERROR juju.worker.dependency "log-sender" manifold worker returned unexpected error: sending log message: websocket: close 1005 (no status): websocket: close sent
unit-mysql-0: 02:03:28 ERROR juju.worker.dependency "log-sender" manifold worker returned unexpected error: sending log message: websocket: close 1005 (no status): websocket: close sent
unit-mysql-2: 02:03:28 ERROR juju.worker.dependency "log-sender" manifold worker returned unexpected error: sending log message: websocket: close 1005 (no status): websocket: close sent
unit-mysql-1: 02:03:28 ERROR juju.worker.dependency "log-sender" manifold worker returned unexpected error: sending log message: websocket: close 1005 (no status): websocket: close sent
unit-app3-0: 02:03:46 ERROR juju.worker.dependency "log-sender" manifold worker returned unexpected error: sending log message: websocket: close 1005 (no status): websocket: close sent

[32mINFO    [0m pytest_operator.plugin:plugin.py:862 Forgetting main...