{"uid":"dd6c616dbf2a654","name":"test_deploy_latest","fullName":"tests.integration.high_availability.test_upgrade#test_deploy_latest","historyId":"4de377097c80900251c8c87ce650913d","time":{"start":1751419803225,"stop":1751420013310,"duration":210085},"description":"Simple test to ensure that the mysql and application charms get deployed.","descriptionHtml":"<p>Simple test to ensure that the mysql and application charms get deployed.</p>\n","status":"broken","statusMessage":"juju.errors.JujuUnitError: Unit in error: mysql-k8s/0","statusTrace":"Traceback (most recent call last):\n  File \"/root/spread_project/.tox/integration/lib/python3.12/site-packages/_pytest/runner.py\", line 341, in from_call\n    result: Optional[TResult] = func()\n                                ^^^^^^\n  File \"/root/spread_project/.tox/integration/lib/python3.12/site-packages/_pytest/runner.py\", line 262, in <lambda>\n    lambda: ihook(item=item, **kwds), when=when, reraise=reraise\n            ^^^^^^^^^^^^^^^^^^^^^^^^\n  File \"/root/spread_project/.tox/integration/lib/python3.12/site-packages/pluggy/_hooks.py\", line 513, in __call__\n    return self._hookexec(self.name, self._hookimpls.copy(), kwargs, firstresult)\n           ^^^^^^^^^^^^^^^^^^^^^^^^^^^^^^^^^^^^^^^^^^^^^^^^^^^^^^^^^^^^^^^^^^^^^^\n  File \"/root/spread_project/.tox/integration/lib/python3.12/site-packages/pluggy/_manager.py\", line 120, in _hookexec\n    return self._inner_hookexec(hook_name, methods, kwargs, firstresult)\n           ^^^^^^^^^^^^^^^^^^^^^^^^^^^^^^^^^^^^^^^^^^^^^^^^^^^^^^^^^^^^^\n  File \"/root/spread_project/.tox/integration/lib/python3.12/site-packages/pluggy/_callers.py\", line 182, in _multicall\n    return outcome.get_result()\n           ^^^^^^^^^^^^^^^^^^^^\n  File \"/root/spread_project/.tox/integration/lib/python3.12/site-packages/pluggy/_result.py\", line 100, in get_result\n    raise exc.with_traceback(exc.__traceback__)\n  File \"/root/spread_project/.tox/integration/lib/python3.12/site-packages/pluggy/_callers.py\", line 103, in _multicall\n    res = hook_impl.function(*args)\n          ^^^^^^^^^^^^^^^^^^^^^^^^^\n  File \"/root/spread_project/.tox/integration/lib/python3.12/site-packages/_pytest/runner.py\", line 177, in pytest_runtest_call\n    raise e\n  File \"/root/spread_project/.tox/integration/lib/python3.12/site-packages/_pytest/runner.py\", line 169, in pytest_runtest_call\n    item.runtest()\n  File \"/root/spread_project/.tox/integration/lib/python3.12/site-packages/_pytest/python.py\", line 1792, in runtest\n    self.ihook.pytest_pyfunc_call(pyfuncitem=self)\n  File \"/root/spread_project/.tox/integration/lib/python3.12/site-packages/pluggy/_hooks.py\", line 513, in __call__\n    return self._hookexec(self.name, self._hookimpls.copy(), kwargs, firstresult)\n           ^^^^^^^^^^^^^^^^^^^^^^^^^^^^^^^^^^^^^^^^^^^^^^^^^^^^^^^^^^^^^^^^^^^^^^\n  File \"/root/spread_project/.tox/integration/lib/python3.12/site-packages/pluggy/_manager.py\", line 120, in _hookexec\n    return self._inner_hookexec(hook_name, methods, kwargs, firstresult)\n           ^^^^^^^^^^^^^^^^^^^^^^^^^^^^^^^^^^^^^^^^^^^^^^^^^^^^^^^^^^^^^\n  File \"/root/spread_project/.tox/integration/lib/python3.12/site-packages/pluggy/_callers.py\", line 182, in _multicall\n    return outcome.get_result()\n           ^^^^^^^^^^^^^^^^^^^^\n  File \"/root/spread_project/.tox/integration/lib/python3.12/site-packages/pluggy/_result.py\", line 100, in get_result\n    raise exc.with_traceback(exc.__traceback__)\n  File \"/root/spread_project/.tox/integration/lib/python3.12/site-packages/pluggy/_callers.py\", line 103, in _multicall\n    res = hook_impl.function(*args)\n          ^^^^^^^^^^^^^^^^^^^^^^^^^\n  File \"/root/spread_project/.tox/integration/lib/python3.12/site-packages/_pytest/python.py\", line 194, in pytest_pyfunc_call\n    result = testfunction(**testargs)\n             ^^^^^^^^^^^^^^^^^^^^^^^^\n  File \"/root/spread_project/.tox/integration/lib/python3.12/site-packages/pytest_asyncio/plugin.py\", line 529, in inner\n    _loop.run_until_complete(task)\n  File \"/usr/lib/python3.12/asyncio/base_events.py\", line 687, in run_until_complete\n    return future.result()\n           ^^^^^^^^^^^^^^^\n  File \"/root/spread_project/tests/integration/high_availability/test_upgrade.py\", line 59, in test_deploy_latest\n    await relate_mysql_and_application(ops_test, MYSQL_APP_NAME, TEST_APP_NAME)\n  File \"/root/spread_project/tests/integration/high_availability/high_availability_helpers.py\", line 251, in relate_mysql_and_application\n    await ops_test.model.wait_for_idle(\n  File \"/root/spread_project/.tox/integration/lib/python3.12/site-packages/juju/model.py\", line 3203, in wait_for_idle\n    _raise_for_status(errors, \"error\")\n  File \"/root/spread_project/.tox/integration/lib/python3.12/site-packages/juju/model.py\", line 3094, in _raise_for_status\n    raise error_type(\njuju.errors.JujuUnitError: Unit in error: mysql-k8s/0","flaky":false,"newFailed":false,"newBroken":true,"newPassed":false,"retriesCount":1,"retriesStatusChange":true,"beforeStages":[{"name":"ops_test","time":{"start":1751419803019,"stop":1751419803224,"duration":205},"status":"passed","steps":[],"attachments":[],"parameters":[],"shouldDisplayMessage":false,"stepsCount":0,"attachmentsCount":0,"hasContent":false,"attachmentStep":false},{"name":"tmp_path_factory","time":{"start":1751419803019,"stop":1751419803019,"duration":0},"status":"passed","steps":[],"attachments":[],"parameters":[],"shouldDisplayMessage":false,"stepsCount":0,"attachmentsCount":0,"hasContent":false,"attachmentStep":false},{"name":"event_loop","time":{"start":1751419803019,"stop":1751419803019,"duration":0},"status":"passed","steps":[],"attachments":[],"parameters":[],"shouldDisplayMessage":false,"stepsCount":0,"attachmentsCount":0,"hasContent":false,"attachmentStep":false},{"name":"abort_on_fail","time":{"start":1751419803224,"stop":1751419803224,"duration":0},"status":"passed","steps":[],"attachments":[],"parameters":[],"shouldDisplayMessage":false,"stepsCount":0,"attachmentsCount":0,"hasContent":false,"attachmentStep":false}],"testStage":{"description":"Simple test to ensure that the mysql and application charms get deployed.","status":"broken","statusMessage":"juju.errors.JujuUnitError: Unit in error: mysql-k8s/0","statusTrace":"Traceback (most recent call last):\n  File \"/root/spread_project/.tox/integration/lib/python3.12/site-packages/_pytest/runner.py\", line 341, in from_call\n    result: Optional[TResult] = func()\n                                ^^^^^^\n  File \"/root/spread_project/.tox/integration/lib/python3.12/site-packages/_pytest/runner.py\", line 262, in <lambda>\n    lambda: ihook(item=item, **kwds), when=when, reraise=reraise\n            ^^^^^^^^^^^^^^^^^^^^^^^^\n  File \"/root/spread_project/.tox/integration/lib/python3.12/site-packages/pluggy/_hooks.py\", line 513, in __call__\n    return self._hookexec(self.name, self._hookimpls.copy(), kwargs, firstresult)\n           ^^^^^^^^^^^^^^^^^^^^^^^^^^^^^^^^^^^^^^^^^^^^^^^^^^^^^^^^^^^^^^^^^^^^^^\n  File \"/root/spread_project/.tox/integration/lib/python3.12/site-packages/pluggy/_manager.py\", line 120, in _hookexec\n    return self._inner_hookexec(hook_name, methods, kwargs, firstresult)\n           ^^^^^^^^^^^^^^^^^^^^^^^^^^^^^^^^^^^^^^^^^^^^^^^^^^^^^^^^^^^^^\n  File \"/root/spread_project/.tox/integration/lib/python3.12/site-packages/pluggy/_callers.py\", line 182, in _multicall\n    return outcome.get_result()\n           ^^^^^^^^^^^^^^^^^^^^\n  File \"/root/spread_project/.tox/integration/lib/python3.12/site-packages/pluggy/_result.py\", line 100, in get_result\n    raise exc.with_traceback(exc.__traceback__)\n  File \"/root/spread_project/.tox/integration/lib/python3.12/site-packages/pluggy/_callers.py\", line 103, in _multicall\n    res = hook_impl.function(*args)\n          ^^^^^^^^^^^^^^^^^^^^^^^^^\n  File \"/root/spread_project/.tox/integration/lib/python3.12/site-packages/_pytest/runner.py\", line 177, in pytest_runtest_call\n    raise e\n  File \"/root/spread_project/.tox/integration/lib/python3.12/site-packages/_pytest/runner.py\", line 169, in pytest_runtest_call\n    item.runtest()\n  File \"/root/spread_project/.tox/integration/lib/python3.12/site-packages/_pytest/python.py\", line 1792, in runtest\n    self.ihook.pytest_pyfunc_call(pyfuncitem=self)\n  File \"/root/spread_project/.tox/integration/lib/python3.12/site-packages/pluggy/_hooks.py\", line 513, in __call__\n    return self._hookexec(self.name, self._hookimpls.copy(), kwargs, firstresult)\n           ^^^^^^^^^^^^^^^^^^^^^^^^^^^^^^^^^^^^^^^^^^^^^^^^^^^^^^^^^^^^^^^^^^^^^^\n  File \"/root/spread_project/.tox/integration/lib/python3.12/site-packages/pluggy/_manager.py\", line 120, in _hookexec\n    return self._inner_hookexec(hook_name, methods, kwargs, firstresult)\n           ^^^^^^^^^^^^^^^^^^^^^^^^^^^^^^^^^^^^^^^^^^^^^^^^^^^^^^^^^^^^^\n  File \"/root/spread_project/.tox/integration/lib/python3.12/site-packages/pluggy/_callers.py\", line 182, in _multicall\n    return outcome.get_result()\n           ^^^^^^^^^^^^^^^^^^^^\n  File \"/root/spread_project/.tox/integration/lib/python3.12/site-packages/pluggy/_result.py\", line 100, in get_result\n    raise exc.with_traceback(exc.__traceback__)\n  File \"/root/spread_project/.tox/integration/lib/python3.12/site-packages/pluggy/_callers.py\", line 103, in _multicall\n    res = hook_impl.function(*args)\n          ^^^^^^^^^^^^^^^^^^^^^^^^^\n  File \"/root/spread_project/.tox/integration/lib/python3.12/site-packages/_pytest/python.py\", line 194, in pytest_pyfunc_call\n    result = testfunction(**testargs)\n             ^^^^^^^^^^^^^^^^^^^^^^^^\n  File \"/root/spread_project/.tox/integration/lib/python3.12/site-packages/pytest_asyncio/plugin.py\", line 529, in inner\n    _loop.run_until_complete(task)\n  File \"/usr/lib/python3.12/asyncio/base_events.py\", line 687, in run_until_complete\n    return future.result()\n           ^^^^^^^^^^^^^^^\n  File \"/root/spread_project/tests/integration/high_availability/test_upgrade.py\", line 59, in test_deploy_latest\n    await relate_mysql_and_application(ops_test, MYSQL_APP_NAME, TEST_APP_NAME)\n  File \"/root/spread_project/tests/integration/high_availability/high_availability_helpers.py\", line 251, in relate_mysql_and_application\n    await ops_test.model.wait_for_idle(\n  File \"/root/spread_project/.tox/integration/lib/python3.12/site-packages/juju/model.py\", line 3203, in wait_for_idle\n    _raise_for_status(errors, \"error\")\n  File \"/root/spread_project/.tox/integration/lib/python3.12/site-packages/juju/model.py\", line 3094, in _raise_for_status\n    raise error_type(\njuju.errors.JujuUnitError: Unit in error: mysql-k8s/0","steps":[],"attachments":[{"uid":"759977fdfaf499f1","name":"log","source":"759977fdfaf499f1.txt","type":"text/plain","size":2585}],"parameters":[],"shouldDisplayMessage":true,"stepsCount":0,"attachmentsCount":1,"hasContent":true,"attachmentStep":false},"afterStages":[{"name":"abort_on_fail::0","time":{"start":1751420013337,"stop":1751420013337,"duration":0},"status":"passed","steps":[],"attachments":[],"parameters":[],"shouldDisplayMessage":false,"stepsCount":0,"attachmentsCount":0,"hasContent":false,"attachmentStep":false},{"name":"ops_test::finalizer","time":{"start":1751420013348,"stop":1751420013660,"duration":312},"status":"passed","steps":[],"attachments":[],"parameters":[],"shouldDisplayMessage":false,"stepsCount":0,"attachmentsCount":0,"hasContent":false,"attachmentStep":false},{"name":"event_loop::2","time":{"start":1751420013660,"stop":1751420013661,"duration":1},"status":"passed","steps":[],"attachments":[],"parameters":[],"shouldDisplayMessage":false,"stepsCount":0,"attachmentsCount":0,"hasContent":false,"attachmentStep":false},{"name":"event_loop::_close_event_loop","time":{"start":1751420013661,"stop":1751420013661,"duration":0},"status":"passed","steps":[],"attachments":[],"parameters":[],"shouldDisplayMessage":false,"stepsCount":0,"attachmentsCount":0,"hasContent":false,"attachmentStep":false},{"name":"event_loop::_provide_clean_event_loop","time":{"start":1751420013661,"stop":1751420013661,"duration":0},"status":"passed","steps":[],"attachments":[],"parameters":[],"shouldDisplayMessage":false,"stepsCount":0,"attachmentsCount":0,"hasContent":false,"attachmentStep":false}],"labels":[{"name":"tag","value":"abort_on_fail"},{"name":"tag","value":"asyncio"},{"name":"parentSuite","value":"tests.integration.high_availability"},{"name":"suite","value":"test_upgrade"},{"name":"host","value":"pkrvmbietmlfzoi"},{"name":"thread","value":"18548-MainThread"},{"name":"framework","value":"pytest"},{"name":"language","value":"cpython3"},{"name":"package","value":"tests.integration.high_availability.test_upgrade"},{"name":"resultFormat","value":"allure2"}],"parameters":[],"links":[],"hidden":false,"retry":false,"extra":{"severity":"normal","retries":[{"uid":"20d835c9fa40d3fc","status":"unknown","time":{}}],"categories":[{"name":"Test defects","matchedStatuses":[]}],"history":{"statistic":{"failed":0,"broken":25,"skipped":6,"passed":443,"unknown":12,"total":486},"items":[{"uid":"a3c10d0121453b58","reportUrl":"../3030//#testresult/a3c10d0121453b58","status":"unknown","time":{}},{"uid":"f67d00c4affceafe","reportUrl":"../3027//#testresult/f67d00c4affceafe","status":"unknown","time":{}},{"uid":"d4a214113b8de128","reportUrl":"../3026//#testresult/d4a214113b8de128","status":"unknown","time":{}},{"uid":"c925f35d20ff05a7","reportUrl":"../3025//#testresult/c925f35d20ff05a7","status":"unknown","time":{}},{"uid":"a442c559781bed2e","reportUrl":"../3024//#testresult/a442c559781bed2e","status":"unknown","time":{}},{"uid":"d063ae8a65b0847d","reportUrl":"../3022//#testresult/d063ae8a65b0847d","status":"unknown","time":{}},{"uid":"c95500460d692ea3","reportUrl":"../3021//#testresult/c95500460d692ea3","status":"unknown","time":{}},{"uid":"dc031072d54eb93e","reportUrl":"../3019//#testresult/dc031072d54eb93e","status":"passed","time":{"start":1750728557429,"stop":1750728715005,"duration":157576}},{"uid":"dba7bfa538d3c2a0","reportUrl":"../3015//#testresult/dba7bfa538d3c2a0","status":"passed","time":{"start":1750642180161,"stop":1750642353803,"duration":173642}},{"uid":"79d9eaae33531116","reportUrl":"../3014//#testresult/79d9eaae33531116","status":"passed","time":{"start":1750555756470,"stop":1750555938180,"duration":181710}},{"uid":"ab69f9dbd14ef4d2","reportUrl":"../3013//#testresult/ab69f9dbd14ef4d2","status":"passed","time":{"start":1750469301919,"stop":1750469515200,"duration":213281}},{"uid":"2f28adda78bc5e40","reportUrl":"../3010//#testresult/2f28adda78bc5e40","status":"passed","time":{"start":1750382908525,"stop":1750383095697,"duration":187172}},{"uid":"4ad23d46b044eb1e","reportUrl":"../3009//#testresult/4ad23d46b044eb1e","status":"passed","time":{"start":1750296553071,"stop":1750296718297,"duration":165226}},{"uid":"7792ed942237a6e","reportUrl":"../3007//#testresult/7792ed942237a6e","status":"passed","time":{"start":1750210094755,"stop":1750210278201,"duration":183446}},{"uid":"dd40a1eb27b19635","reportUrl":"../3002//#testresult/dd40a1eb27b19635","status":"passed","time":{"start":1750123753242,"stop":1750123959078,"duration":205836}},{"uid":"b565f9d8479319c","reportUrl":"../3001//#testresult/b565f9d8479319c","status":"passed","time":{"start":1750037361409,"stop":1750037552923,"duration":191514}},{"uid":"964b52c5910ebe1c","reportUrl":"../3000//#testresult/964b52c5910ebe1c","status":"passed","time":{"start":1749950935891,"stop":1749951109943,"duration":174052}},{"uid":"756235040d7d57e4","reportUrl":"../2999//#testresult/756235040d7d57e4","status":"passed","time":{"start":1749864523147,"stop":1749864798105,"duration":274958}},{"uid":"f164edbd1879e470","reportUrl":"../2998//#testresult/f164edbd1879e470","status":"passed","time":{"start":1749778127485,"stop":1749778297145,"duration":169660}},{"uid":"a9458e1e8a38897e","reportUrl":"../2995//#testresult/a9458e1e8a38897e","status":"passed","time":{"start":1749691734084,"stop":1749691906702,"duration":172618}}]},"tags":["asyncio","abort_on_fail"]},"source":"dd6c616dbf2a654.json","parameterValues":[]}