{"uid":"215f697984a710c9","name":"test_scale_up_and_down","fullName":"tests.integration.test_charm#test_scale_up_and_down","historyId":"052f8cbb5ab125b5bbfe1c056474ede7","time":{"start":1739583057522,"stop":1739583957565,"duration":900043},"description":"Confirm that a new primary is elected when the current primary is torn down.","descriptionHtml":"<p>Confirm that a new primary is elected when the current primary is torn down.</p>\n","status":"broken","statusMessage":"TimeoutError: Timed out waiting for model:\nmysql-k8s/0 [idle] active: \n  mysql-k8s/1 [idle] active: Primary\n  mysql-k8s/2 [idle] active: \n  mysql-k8s/3 [idle] maintenance: Unable to get member state\n  mysql-k8s/4 [idle] active:","statusTrace":"Traceback (most recent call last):\n  File \"/root/spread_project/.tox/integration/lib/python3.12/site-packages/_pytest/runner.py\", line 341, in from_call\n    result: Optional[TResult] = func()\n                                ^^^^^^\n  File \"/root/spread_project/.tox/integration/lib/python3.12/site-packages/_pytest/runner.py\", line 262, in <lambda>\n    lambda: ihook(item=item, **kwds), when=when, reraise=reraise\n            ^^^^^^^^^^^^^^^^^^^^^^^^\n  File \"/root/spread_project/.tox/integration/lib/python3.12/site-packages/pluggy/_hooks.py\", line 513, in __call__\n    return self._hookexec(self.name, self._hookimpls.copy(), kwargs, firstresult)\n           ^^^^^^^^^^^^^^^^^^^^^^^^^^^^^^^^^^^^^^^^^^^^^^^^^^^^^^^^^^^^^^^^^^^^^^\n  File \"/root/spread_project/.tox/integration/lib/python3.12/site-packages/pluggy/_manager.py\", line 120, in _hookexec\n    return self._inner_hookexec(hook_name, methods, kwargs, firstresult)\n           ^^^^^^^^^^^^^^^^^^^^^^^^^^^^^^^^^^^^^^^^^^^^^^^^^^^^^^^^^^^^^\n  File \"/root/spread_project/.tox/integration/lib/python3.12/site-packages/pluggy/_callers.py\", line 182, in _multicall\n    return outcome.get_result()\n           ^^^^^^^^^^^^^^^^^^^^\n  File \"/root/spread_project/.tox/integration/lib/python3.12/site-packages/pluggy/_result.py\", line 100, in get_result\n    raise exc.with_traceback(exc.__traceback__)\n  File \"/root/spread_project/.tox/integration/lib/python3.12/site-packages/pluggy/_callers.py\", line 103, in _multicall\n    res = hook_impl.function(*args)\n          ^^^^^^^^^^^^^^^^^^^^^^^^^\n  File \"/root/spread_project/.tox/integration/lib/python3.12/site-packages/_pytest/runner.py\", line 177, in pytest_runtest_call\n    raise e\n  File \"/root/spread_project/.tox/integration/lib/python3.12/site-packages/_pytest/runner.py\", line 169, in pytest_runtest_call\n    item.runtest()\n  File \"/root/spread_project/.tox/integration/lib/python3.12/site-packages/_pytest/python.py\", line 1792, in runtest\n    self.ihook.pytest_pyfunc_call(pyfuncitem=self)\n  File \"/root/spread_project/.tox/integration/lib/python3.12/site-packages/pluggy/_hooks.py\", line 513, in __call__\n    return self._hookexec(self.name, self._hookimpls.copy(), kwargs, firstresult)\n           ^^^^^^^^^^^^^^^^^^^^^^^^^^^^^^^^^^^^^^^^^^^^^^^^^^^^^^^^^^^^^^^^^^^^^^\n  File \"/root/spread_project/.tox/integration/lib/python3.12/site-packages/pluggy/_manager.py\", line 120, in _hookexec\n    return self._inner_hookexec(hook_name, methods, kwargs, firstresult)\n           ^^^^^^^^^^^^^^^^^^^^^^^^^^^^^^^^^^^^^^^^^^^^^^^^^^^^^^^^^^^^^\n  File \"/root/spread_project/.tox/integration/lib/python3.12/site-packages/pluggy/_callers.py\", line 182, in _multicall\n    return outcome.get_result()\n           ^^^^^^^^^^^^^^^^^^^^\n  File \"/root/spread_project/.tox/integration/lib/python3.12/site-packages/pluggy/_result.py\", line 100, in get_result\n    raise exc.with_traceback(exc.__traceback__)\n  File \"/root/spread_project/.tox/integration/lib/python3.12/site-packages/pluggy/_callers.py\", line 103, in _multicall\n    res = hook_impl.function(*args)\n          ^^^^^^^^^^^^^^^^^^^^^^^^^\n  File \"/root/spread_project/.tox/integration/lib/python3.12/site-packages/_pytest/python.py\", line 194, in pytest_pyfunc_call\n    result = testfunction(**testargs)\n             ^^^^^^^^^^^^^^^^^^^^^^^^\n  File \"/root/spread_project/.tox/integration/lib/python3.12/site-packages/pytest_asyncio/plugin.py\", line 529, in inner\n    _loop.run_until_complete(task)\n  File \"/usr/lib/python3.12/asyncio/base_events.py\", line 687, in run_until_complete\n    return future.result()\n           ^^^^^^^^^^^^^^^\n  File \"/root/spread_project/tests/integration/test_charm.py\", line 144, in test_scale_up_and_down\n    await scale_application(ops_test, APP_NAME, 5)\n  File \"/root/spread_project/tests/integration/helpers.py\", line 265, in scale_application\n    await ops_test.model.wait_for_idle(\n  File \"/root/spread_project/.tox/integration/lib/python3.12/site-packages/juju/model.py\", line 3209, in wait_for_idle\n    raise jasyncio.TimeoutError(\"Timed out waiting for model:\\n\" + busy)\nTimeoutError: Timed out waiting for model:\nmysql-k8s/0 [idle] active: \n  mysql-k8s/1 [idle] active: Primary\n  mysql-k8s/2 [idle] active: \n  mysql-k8s/3 [idle] maintenance: Unable to get member state\n  mysql-k8s/4 [idle] active:","flaky":false,"newFailed":false,"newBroken":true,"newPassed":false,"retriesCount":1,"retriesStatusChange":true,"beforeStages":[{"name":"event_loop","time":{"start":1739582928238,"stop":1739582928238,"duration":0},"status":"passed","steps":[],"attachments":[],"parameters":[],"shouldDisplayMessage":false,"stepsCount":0,"attachmentsCount":0,"hasContent":false,"attachmentStep":false},{"name":"tmp_path_factory","time":{"start":1739582928238,"stop":1739582928238,"duration":0},"status":"passed","steps":[],"attachments":[],"parameters":[],"shouldDisplayMessage":false,"stepsCount":0,"attachmentsCount":0,"hasContent":false,"attachmentStep":false},{"name":"ops_test","time":{"start":1739582928239,"stop":1739582928434,"duration":195},"status":"passed","steps":[],"attachments":[],"parameters":[],"shouldDisplayMessage":false,"stepsCount":0,"attachmentsCount":0,"hasContent":false,"attachmentStep":false},{"name":"abort_on_fail","time":{"start":1739583057522,"stop":1739583057522,"duration":0},"status":"passed","steps":[],"attachments":[],"parameters":[],"shouldDisplayMessage":false,"stepsCount":0,"attachmentsCount":0,"hasContent":false,"attachmentStep":false}],"testStage":{"description":"Confirm that a new primary is elected when the current primary is torn down.","status":"broken","statusMessage":"TimeoutError: Timed out waiting for model:\nmysql-k8s/0 [idle] active: \n  mysql-k8s/1 [idle] active: Primary\n  mysql-k8s/2 [idle] active: \n  mysql-k8s/3 [idle] maintenance: Unable to get member state\n  mysql-k8s/4 [idle] active:","statusTrace":"Traceback (most recent call last):\n  File \"/root/spread_project/.tox/integration/lib/python3.12/site-packages/_pytest/runner.py\", line 341, in from_call\n    result: Optional[TResult] = func()\n                                ^^^^^^\n  File \"/root/spread_project/.tox/integration/lib/python3.12/site-packages/_pytest/runner.py\", line 262, in <lambda>\n    lambda: ihook(item=item, **kwds), when=when, reraise=reraise\n            ^^^^^^^^^^^^^^^^^^^^^^^^\n  File \"/root/spread_project/.tox/integration/lib/python3.12/site-packages/pluggy/_hooks.py\", line 513, in __call__\n    return self._hookexec(self.name, self._hookimpls.copy(), kwargs, firstresult)\n           ^^^^^^^^^^^^^^^^^^^^^^^^^^^^^^^^^^^^^^^^^^^^^^^^^^^^^^^^^^^^^^^^^^^^^^\n  File \"/root/spread_project/.tox/integration/lib/python3.12/site-packages/pluggy/_manager.py\", line 120, in _hookexec\n    return self._inner_hookexec(hook_name, methods, kwargs, firstresult)\n           ^^^^^^^^^^^^^^^^^^^^^^^^^^^^^^^^^^^^^^^^^^^^^^^^^^^^^^^^^^^^^\n  File \"/root/spread_project/.tox/integration/lib/python3.12/site-packages/pluggy/_callers.py\", line 182, in _multicall\n    return outcome.get_result()\n           ^^^^^^^^^^^^^^^^^^^^\n  File \"/root/spread_project/.tox/integration/lib/python3.12/site-packages/pluggy/_result.py\", line 100, in get_result\n    raise exc.with_traceback(exc.__traceback__)\n  File \"/root/spread_project/.tox/integration/lib/python3.12/site-packages/pluggy/_callers.py\", line 103, in _multicall\n    res = hook_impl.function(*args)\n          ^^^^^^^^^^^^^^^^^^^^^^^^^\n  File \"/root/spread_project/.tox/integration/lib/python3.12/site-packages/_pytest/runner.py\", line 177, in pytest_runtest_call\n    raise e\n  File \"/root/spread_project/.tox/integration/lib/python3.12/site-packages/_pytest/runner.py\", line 169, in pytest_runtest_call\n    item.runtest()\n  File \"/root/spread_project/.tox/integration/lib/python3.12/site-packages/_pytest/python.py\", line 1792, in runtest\n    self.ihook.pytest_pyfunc_call(pyfuncitem=self)\n  File \"/root/spread_project/.tox/integration/lib/python3.12/site-packages/pluggy/_hooks.py\", line 513, in __call__\n    return self._hookexec(self.name, self._hookimpls.copy(), kwargs, firstresult)\n           ^^^^^^^^^^^^^^^^^^^^^^^^^^^^^^^^^^^^^^^^^^^^^^^^^^^^^^^^^^^^^^^^^^^^^^\n  File \"/root/spread_project/.tox/integration/lib/python3.12/site-packages/pluggy/_manager.py\", line 120, in _hookexec\n    return self._inner_hookexec(hook_name, methods, kwargs, firstresult)\n           ^^^^^^^^^^^^^^^^^^^^^^^^^^^^^^^^^^^^^^^^^^^^^^^^^^^^^^^^^^^^^\n  File \"/root/spread_project/.tox/integration/lib/python3.12/site-packages/pluggy/_callers.py\", line 182, in _multicall\n    return outcome.get_result()\n           ^^^^^^^^^^^^^^^^^^^^\n  File \"/root/spread_project/.tox/integration/lib/python3.12/site-packages/pluggy/_result.py\", line 100, in get_result\n    raise exc.with_traceback(exc.__traceback__)\n  File \"/root/spread_project/.tox/integration/lib/python3.12/site-packages/pluggy/_callers.py\", line 103, in _multicall\n    res = hook_impl.function(*args)\n          ^^^^^^^^^^^^^^^^^^^^^^^^^\n  File \"/root/spread_project/.tox/integration/lib/python3.12/site-packages/_pytest/python.py\", line 194, in pytest_pyfunc_call\n    result = testfunction(**testargs)\n             ^^^^^^^^^^^^^^^^^^^^^^^^\n  File \"/root/spread_project/.tox/integration/lib/python3.12/site-packages/pytest_asyncio/plugin.py\", line 529, in inner\n    _loop.run_until_complete(task)\n  File \"/usr/lib/python3.12/asyncio/base_events.py\", line 687, in run_until_complete\n    return future.result()\n           ^^^^^^^^^^^^^^^\n  File \"/root/spread_project/tests/integration/test_charm.py\", line 144, in test_scale_up_and_down\n    await scale_application(ops_test, APP_NAME, 5)\n  File \"/root/spread_project/tests/integration/helpers.py\", line 265, in scale_application\n    await ops_test.model.wait_for_idle(\n  File \"/root/spread_project/.tox/integration/lib/python3.12/site-packages/juju/model.py\", line 3209, in wait_for_idle\n    raise jasyncio.TimeoutError(\"Timed out waiting for model:\\n\" + busy)\nTimeoutError: Timed out waiting for model:\nmysql-k8s/0 [idle] active: \n  mysql-k8s/1 [idle] active: Primary\n  mysql-k8s/2 [idle] active: \n  mysql-k8s/3 [idle] maintenance: Unable to get member state\n  mysql-k8s/4 [idle] active:","steps":[],"attachments":[{"uid":"e3606b7e15ba5048","name":"log","source":"e3606b7e15ba5048.txt","type":"text/plain","size":7609}],"parameters":[],"shouldDisplayMessage":true,"stepsCount":0,"attachmentsCount":1,"hasContent":true,"attachmentStep":false},"afterStages":[{"name":"abort_on_fail::0","time":{"start":1739583957570,"stop":1739583957571,"duration":1},"status":"passed","steps":[],"attachments":[],"parameters":[],"shouldDisplayMessage":false,"stepsCount":0,"attachmentsCount":0,"hasContent":false,"attachmentStep":false},{"name":"ops_test::finalizer","time":{"start":1739583957591,"stop":1739583957975,"duration":384},"status":"passed","steps":[],"attachments":[],"parameters":[],"shouldDisplayMessage":false,"stepsCount":0,"attachmentsCount":0,"hasContent":false,"attachmentStep":false},{"name":"event_loop::2","time":{"start":1739583957976,"stop":1739583957976,"duration":0},"status":"passed","steps":[],"attachments":[],"parameters":[],"shouldDisplayMessage":false,"stepsCount":0,"attachmentsCount":0,"hasContent":false,"attachmentStep":false},{"name":"event_loop::_close_event_loop","time":{"start":1739583957976,"stop":1739583957976,"duration":0},"status":"passed","steps":[],"attachments":[],"parameters":[],"shouldDisplayMessage":false,"stepsCount":0,"attachmentsCount":0,"hasContent":false,"attachmentStep":false},{"name":"event_loop::_provide_clean_event_loop","time":{"start":1739583957976,"stop":1739583957976,"duration":0},"status":"passed","steps":[],"attachments":[],"parameters":[],"shouldDisplayMessage":false,"stepsCount":0,"attachmentsCount":0,"hasContent":false,"attachmentStep":false}],"labels":[{"name":"tag","value":"abort_on_fail"},{"name":"tag","value":"asyncio"},{"name":"parentSuite","value":"tests.integration"},{"name":"suite","value":"test_charm"},{"name":"host","value":"fv-az816-356"},{"name":"thread","value":"17535-MainThread"},{"name":"framework","value":"pytest"},{"name":"language","value":"cpython3"},{"name":"package","value":"tests.integration.test_charm"},{"name":"resultFormat","value":"allure2"}],"parameters":[],"links":[],"hidden":false,"retry":false,"extra":{"severity":"normal","retries":[{"uid":"15d75552c131bb8a","status":"unknown","time":{}}],"categories":[{"name":"Test defects","matchedStatuses":[],"flaky":false}],"history":{"statistic":{"failed":0,"broken":1,"skipped":17,"passed":332,"unknown":4,"total":354},"items":[{"uid":"d45169d7011b69ec","reportUrl":"../2763//#testresult/d45169d7011b69ec","status":"passed","time":{"start":1739496629790,"stop":1739496922756,"duration":292966}},{"uid":"a9cfc319c641278","reportUrl":"../2756//#testresult/a9cfc319c641278","status":"passed","time":{"start":1739410202581,"stop":1739410500014,"duration":297433}},{"uid":"a4ee75ad17e4a3b8","reportUrl":"../2750//#testresult/a4ee75ad17e4a3b8","status":"passed","time":{"start":1739324484115,"stop":1739324758639,"duration":274524}},{"uid":"2eb2fcb6d712ffd9","reportUrl":"../2741//#testresult/2eb2fcb6d712ffd9","status":"passed","time":{"start":1739237363815,"stop":1739237635278,"duration":271463}},{"uid":"b823132c328b0c02","reportUrl":"../2731//#testresult/b823132c328b0c02","status":"passed","time":{"start":1739151100285,"stop":1739151379527,"duration":279242}},{"uid":"6453c2ad86bfc209","reportUrl":"../2730//#testresult/6453c2ad86bfc209","status":"passed","time":{"start":1739064573971,"stop":1739064859096,"duration":285125}},{"uid":"42ea128e892b5e24","reportUrl":"../2727//#testresult/42ea128e892b5e24","status":"passed","time":{"start":1738978133096,"stop":1738978399440,"duration":266344}},{"uid":"12a7ba4d0f82488","reportUrl":"../2717//#testresult/12a7ba4d0f82488","status":"passed","time":{"start":1738891884367,"stop":1738892152384,"duration":268017}},{"uid":"95f9739187a92205","reportUrl":"../2704//#testresult/95f9739187a92205","status":"passed","time":{"start":1738805427355,"stop":1738805698406,"duration":271051}},{"uid":"d440e1976e9cfae8","reportUrl":"../2698//#testresult/d440e1976e9cfae8","status":"passed","time":{"start":1738719024820,"stop":1738719290310,"duration":265490}},{"uid":"735a7fdd942f4e1a","reportUrl":"../2682//#testresult/735a7fdd942f4e1a","status":"passed","time":{"start":1738632577300,"stop":1738632883506,"duration":306206}},{"uid":"d430af1445fa5faa","reportUrl":"../2672//#testresult/d430af1445fa5faa","status":"passed","time":{"start":1738546193475,"stop":1738546465786,"duration":272311}},{"uid":"f8f419a6721d55af","reportUrl":"../2671//#testresult/f8f419a6721d55af","status":"passed","time":{"start":1738459764340,"stop":1738460016241,"duration":251901}},{"uid":"4982c0f3a9f81122","reportUrl":"../2670//#testresult/4982c0f3a9f81122","status":"passed","time":{"start":1738373399348,"stop":1738373675258,"duration":275910}},{"uid":"311b933e9d82047d","reportUrl":"../2663//#testresult/311b933e9d82047d","status":"passed","time":{"start":1738287024469,"stop":1738287321524,"duration":297055}},{"uid":"7112921948d355d8","reportUrl":"../2653//#testresult/7112921948d355d8","status":"passed","time":{"start":1738200578086,"stop":1738200856954,"duration":278868}},{"uid":"bc26ad05872b3f99","reportUrl":"../2648//#testresult/bc26ad05872b3f99","status":"passed","time":{"start":1738114184470,"stop":1738114441318,"duration":256848}},{"uid":"9ed484a222a41d3a","reportUrl":"../2643//#testresult/9ed484a222a41d3a","status":"passed","time":{"start":1738027783009,"stop":1738028061298,"duration":278289}},{"uid":"9d9ef8d7db9cc5d9","reportUrl":"../2640//#testresult/9d9ef8d7db9cc5d9","status":"passed","time":{"start":1737941393726,"stop":1737941659345,"duration":265619}},{"uid":"d9bf485ca8773213","reportUrl":"../2638//#testresult/d9bf485ca8773213","status":"passed","time":{"start":1737855083963,"stop":1737855352045,"duration":268082}}]},"tags":["asyncio","abort_on_fail"]},"source":"215f697984a710c9.json","parameterValues":[]}