{"uid":"a447cd77ce17c064","name":"test_crash_during_cluster_setup","fullName":"tests.integration.high_availability.test_crash_during_setup#test_crash_during_cluster_setup","historyId":"8f6187e014aaf86ae98aa86475a82995","time":{"start":1761103814745,"stop":1761103965202,"duration":150457},"description":"Test primary crash during startup.\n\n    It must recover/end setup when the primary got offline.\n    ","descriptionHtml":"<p>Test primary crash during startup.</p>\n<pre><code>It must recover/end setup when the primary got offline.\n</code></pre>\n","status":"broken","statusMessage":"juju.errors.JujuUnitError: Unit in error: mysql-k8s/0","statusTrace":"Traceback (most recent call last):\n  File \"/root/spread_project/.tox/integration/lib/python3.12/site-packages/_pytest/runner.py\", line 341, in from_call\n    result: Optional[TResult] = func()\n                                ^^^^^^\n  File \"/root/spread_project/.tox/integration/lib/python3.12/site-packages/_pytest/runner.py\", line 262, in <lambda>\n    lambda: ihook(item=item, **kwds), when=when, reraise=reraise\n            ^^^^^^^^^^^^^^^^^^^^^^^^\n  File \"/root/spread_project/.tox/integration/lib/python3.12/site-packages/pluggy/_hooks.py\", line 513, in __call__\n    return self._hookexec(self.name, self._hookimpls.copy(), kwargs, firstresult)\n           ^^^^^^^^^^^^^^^^^^^^^^^^^^^^^^^^^^^^^^^^^^^^^^^^^^^^^^^^^^^^^^^^^^^^^^\n  File \"/root/spread_project/.tox/integration/lib/python3.12/site-packages/pluggy/_manager.py\", line 120, in _hookexec\n    return self._inner_hookexec(hook_name, methods, kwargs, firstresult)\n           ^^^^^^^^^^^^^^^^^^^^^^^^^^^^^^^^^^^^^^^^^^^^^^^^^^^^^^^^^^^^^\n  File \"/root/spread_project/.tox/integration/lib/python3.12/site-packages/pluggy/_callers.py\", line 182, in _multicall\n    return outcome.get_result()\n           ^^^^^^^^^^^^^^^^^^^^\n  File \"/root/spread_project/.tox/integration/lib/python3.12/site-packages/pluggy/_result.py\", line 100, in get_result\n    raise exc.with_traceback(exc.__traceback__)\n  File \"/root/spread_project/.tox/integration/lib/python3.12/site-packages/pluggy/_callers.py\", line 103, in _multicall\n    res = hook_impl.function(*args)\n          ^^^^^^^^^^^^^^^^^^^^^^^^^\n  File \"/root/spread_project/.tox/integration/lib/python3.12/site-packages/_pytest/runner.py\", line 177, in pytest_runtest_call\n    raise e\n  File \"/root/spread_project/.tox/integration/lib/python3.12/site-packages/_pytest/runner.py\", line 169, in pytest_runtest_call\n    item.runtest()\n  File \"/root/spread_project/.tox/integration/lib/python3.12/site-packages/_pytest/python.py\", line 1792, in runtest\n    self.ihook.pytest_pyfunc_call(pyfuncitem=self)\n  File \"/root/spread_project/.tox/integration/lib/python3.12/site-packages/pluggy/_hooks.py\", line 513, in __call__\n    return self._hookexec(self.name, self._hookimpls.copy(), kwargs, firstresult)\n           ^^^^^^^^^^^^^^^^^^^^^^^^^^^^^^^^^^^^^^^^^^^^^^^^^^^^^^^^^^^^^^^^^^^^^^\n  File \"/root/spread_project/.tox/integration/lib/python3.12/site-packages/pluggy/_manager.py\", line 120, in _hookexec\n    return self._inner_hookexec(hook_name, methods, kwargs, firstresult)\n           ^^^^^^^^^^^^^^^^^^^^^^^^^^^^^^^^^^^^^^^^^^^^^^^^^^^^^^^^^^^^^\n  File \"/root/spread_project/.tox/integration/lib/python3.12/site-packages/pluggy/_callers.py\", line 182, in _multicall\n    return outcome.get_result()\n           ^^^^^^^^^^^^^^^^^^^^\n  File \"/root/spread_project/.tox/integration/lib/python3.12/site-packages/pluggy/_result.py\", line 100, in get_result\n    raise exc.with_traceback(exc.__traceback__)\n  File \"/root/spread_project/.tox/integration/lib/python3.12/site-packages/pluggy/_callers.py\", line 103, in _multicall\n    res = hook_impl.function(*args)\n          ^^^^^^^^^^^^^^^^^^^^^^^^^\n  File \"/root/spread_project/.tox/integration/lib/python3.12/site-packages/_pytest/python.py\", line 194, in pytest_pyfunc_call\n    result = testfunction(**testargs)\n             ^^^^^^^^^^^^^^^^^^^^^^^^\n  File \"/root/spread_project/.tox/integration/lib/python3.12/site-packages/pytest_asyncio/plugin.py\", line 529, in inner\n    _loop.run_until_complete(task)\n  File \"/usr/lib/python3.12/asyncio/base_events.py\", line 687, in run_until_complete\n    return future.result()\n           ^^^^^^^^^^^^^^^\n  File \"/root/spread_project/tests/integration/high_availability/test_crash_during_setup.py\", line 60, in test_crash_during_cluster_setup\n    await ops_test.model.wait_for_idle(\n  File \"/root/spread_project/.tox/integration/lib/python3.12/site-packages/juju/model.py\", line 3203, in wait_for_idle\n    _raise_for_status(errors, \"error\")\n  File \"/root/spread_project/.tox/integration/lib/python3.12/site-packages/juju/model.py\", line 3094, in _raise_for_status\n    raise error_type(\njuju.errors.JujuUnitError: Unit in error: mysql-k8s/0","flaky":false,"newFailed":false,"newBroken":true,"newPassed":false,"retriesCount":1,"retriesStatusChange":true,"beforeStages":[{"name":"event_loop","time":{"start":1761103814534,"stop":1761103814534,"duration":0},"status":"passed","steps":[],"attachments":[],"parameters":[],"shouldDisplayMessage":false,"stepsCount":0,"attachmentsCount":0,"hasContent":false,"attachmentStep":false},{"name":"ops_test","time":{"start":1761103814535,"stop":1761103814744,"duration":209},"status":"passed","steps":[],"attachments":[],"parameters":[],"shouldDisplayMessage":false,"stepsCount":0,"attachmentsCount":0,"hasContent":false,"attachmentStep":false},{"name":"tmp_path_factory","time":{"start":1761103814535,"stop":1761103814535,"duration":0},"status":"passed","steps":[],"attachments":[],"parameters":[],"shouldDisplayMessage":false,"stepsCount":0,"attachmentsCount":0,"hasContent":false,"attachmentStep":false},{"name":"charm","time":{"start":1761103814535,"stop":1761103814535,"duration":0},"status":"passed","steps":[],"attachments":[],"parameters":[],"shouldDisplayMessage":false,"stepsCount":0,"attachmentsCount":0,"hasContent":false,"attachmentStep":false},{"name":"abort_on_fail","time":{"start":1761103814744,"stop":1761103814744,"duration":0},"status":"passed","steps":[],"attachments":[],"parameters":[],"shouldDisplayMessage":false,"stepsCount":0,"attachmentsCount":0,"hasContent":false,"attachmentStep":false}],"testStage":{"description":"Test primary crash during startup.\n\n    It must recover/end setup when the primary got offline.\n    ","status":"broken","statusMessage":"juju.errors.JujuUnitError: Unit in error: mysql-k8s/0","statusTrace":"Traceback (most recent call last):\n  File \"/root/spread_project/.tox/integration/lib/python3.12/site-packages/_pytest/runner.py\", line 341, in from_call\n    result: Optional[TResult] = func()\n                                ^^^^^^\n  File \"/root/spread_project/.tox/integration/lib/python3.12/site-packages/_pytest/runner.py\", line 262, in <lambda>\n    lambda: ihook(item=item, **kwds), when=when, reraise=reraise\n            ^^^^^^^^^^^^^^^^^^^^^^^^\n  File \"/root/spread_project/.tox/integration/lib/python3.12/site-packages/pluggy/_hooks.py\", line 513, in __call__\n    return self._hookexec(self.name, self._hookimpls.copy(), kwargs, firstresult)\n           ^^^^^^^^^^^^^^^^^^^^^^^^^^^^^^^^^^^^^^^^^^^^^^^^^^^^^^^^^^^^^^^^^^^^^^\n  File \"/root/spread_project/.tox/integration/lib/python3.12/site-packages/pluggy/_manager.py\", line 120, in _hookexec\n    return self._inner_hookexec(hook_name, methods, kwargs, firstresult)\n           ^^^^^^^^^^^^^^^^^^^^^^^^^^^^^^^^^^^^^^^^^^^^^^^^^^^^^^^^^^^^^\n  File \"/root/spread_project/.tox/integration/lib/python3.12/site-packages/pluggy/_callers.py\", line 182, in _multicall\n    return outcome.get_result()\n           ^^^^^^^^^^^^^^^^^^^^\n  File \"/root/spread_project/.tox/integration/lib/python3.12/site-packages/pluggy/_result.py\", line 100, in get_result\n    raise exc.with_traceback(exc.__traceback__)\n  File \"/root/spread_project/.tox/integration/lib/python3.12/site-packages/pluggy/_callers.py\", line 103, in _multicall\n    res = hook_impl.function(*args)\n          ^^^^^^^^^^^^^^^^^^^^^^^^^\n  File \"/root/spread_project/.tox/integration/lib/python3.12/site-packages/_pytest/runner.py\", line 177, in pytest_runtest_call\n    raise e\n  File \"/root/spread_project/.tox/integration/lib/python3.12/site-packages/_pytest/runner.py\", line 169, in pytest_runtest_call\n    item.runtest()\n  File \"/root/spread_project/.tox/integration/lib/python3.12/site-packages/_pytest/python.py\", line 1792, in runtest\n    self.ihook.pytest_pyfunc_call(pyfuncitem=self)\n  File \"/root/spread_project/.tox/integration/lib/python3.12/site-packages/pluggy/_hooks.py\", line 513, in __call__\n    return self._hookexec(self.name, self._hookimpls.copy(), kwargs, firstresult)\n           ^^^^^^^^^^^^^^^^^^^^^^^^^^^^^^^^^^^^^^^^^^^^^^^^^^^^^^^^^^^^^^^^^^^^^^\n  File \"/root/spread_project/.tox/integration/lib/python3.12/site-packages/pluggy/_manager.py\", line 120, in _hookexec\n    return self._inner_hookexec(hook_name, methods, kwargs, firstresult)\n           ^^^^^^^^^^^^^^^^^^^^^^^^^^^^^^^^^^^^^^^^^^^^^^^^^^^^^^^^^^^^^\n  File \"/root/spread_project/.tox/integration/lib/python3.12/site-packages/pluggy/_callers.py\", line 182, in _multicall\n    return outcome.get_result()\n           ^^^^^^^^^^^^^^^^^^^^\n  File \"/root/spread_project/.tox/integration/lib/python3.12/site-packages/pluggy/_result.py\", line 100, in get_result\n    raise exc.with_traceback(exc.__traceback__)\n  File \"/root/spread_project/.tox/integration/lib/python3.12/site-packages/pluggy/_callers.py\", line 103, in _multicall\n    res = hook_impl.function(*args)\n          ^^^^^^^^^^^^^^^^^^^^^^^^^\n  File \"/root/spread_project/.tox/integration/lib/python3.12/site-packages/_pytest/python.py\", line 194, in pytest_pyfunc_call\n    result = testfunction(**testargs)\n             ^^^^^^^^^^^^^^^^^^^^^^^^\n  File \"/root/spread_project/.tox/integration/lib/python3.12/site-packages/pytest_asyncio/plugin.py\", line 529, in inner\n    _loop.run_until_complete(task)\n  File \"/usr/lib/python3.12/asyncio/base_events.py\", line 687, in run_until_complete\n    return future.result()\n           ^^^^^^^^^^^^^^^\n  File \"/root/spread_project/tests/integration/high_availability/test_crash_during_setup.py\", line 60, in test_crash_during_cluster_setup\n    await ops_test.model.wait_for_idle(\n  File \"/root/spread_project/.tox/integration/lib/python3.12/site-packages/juju/model.py\", line 3203, in wait_for_idle\n    _raise_for_status(errors, \"error\")\n  File \"/root/spread_project/.tox/integration/lib/python3.12/site-packages/juju/model.py\", line 3094, in _raise_for_status\n    raise error_type(\njuju.errors.JujuUnitError: Unit in error: mysql-k8s/0","steps":[],"attachments":[{"uid":"8aa4f45b2d32122b","name":"log","source":"8aa4f45b2d32122b.txt","type":"text/plain","size":5851}],"parameters":[],"shouldDisplayMessage":true,"stepsCount":0,"attachmentsCount":1,"hasContent":true,"attachmentStep":false},"afterStages":[{"name":"abort_on_fail::0","time":{"start":1761103965236,"stop":1761103965236,"duration":0},"status":"passed","steps":[],"attachments":[],"parameters":[],"shouldDisplayMessage":false,"stepsCount":0,"attachmentsCount":0,"hasContent":false,"attachmentStep":false},{"name":"ops_test::finalizer","time":{"start":1761103965237,"stop":1761103965859,"duration":622},"status":"passed","steps":[],"attachments":[],"parameters":[],"shouldDisplayMessage":false,"stepsCount":0,"attachmentsCount":0,"hasContent":false,"attachmentStep":false},{"name":"event_loop::2","time":{"start":1761103965860,"stop":1761103965860,"duration":0},"status":"passed","steps":[],"attachments":[],"parameters":[],"shouldDisplayMessage":false,"stepsCount":0,"attachmentsCount":0,"hasContent":false,"attachmentStep":false},{"name":"event_loop::_close_event_loop","time":{"start":1761103965860,"stop":1761103965860,"duration":0},"status":"passed","steps":[],"attachments":[],"parameters":[],"shouldDisplayMessage":false,"stepsCount":0,"attachmentsCount":0,"hasContent":false,"attachmentStep":false},{"name":"event_loop::_provide_clean_event_loop","time":{"start":1761103965860,"stop":1761103965860,"duration":0},"status":"passed","steps":[],"attachments":[],"parameters":[],"shouldDisplayMessage":false,"stepsCount":0,"attachmentsCount":0,"hasContent":false,"attachmentStep":false}],"labels":[{"name":"tag","value":"abort_on_fail"},{"name":"tag","value":"asyncio"},{"name":"parentSuite","value":"tests.integration.high_availability"},{"name":"suite","value":"test_crash_during_setup"},{"name":"host","value":"runnervmwhb2z"},{"name":"thread","value":"19652-MainThread"},{"name":"framework","value":"pytest"},{"name":"language","value":"cpython3"},{"name":"package","value":"tests.integration.high_availability.test_crash_during_setup"},{"name":"resultFormat","value":"allure2"}],"parameters":[],"links":[],"hidden":false,"retry":false,"extra":{"severity":"normal","retries":[{"uid":"612f69b8b6335db1","status":"unknown","time":{}}],"categories":[{"name":"Test defects","matchedStatuses":[]}],"history":{"statistic":{"failed":0,"broken":32,"skipped":0,"passed":328,"unknown":14,"total":374},"items":[{"uid":"e7f48fdb3620fa25","reportUrl":"../3351//#testresult/e7f48fdb3620fa25","status":"passed","time":{"start":1761011605211,"stop":1761011756528,"duration":151317}},{"uid":"6f4ad35067bb185d","reportUrl":"../3344//#testresult/6f4ad35067bb185d","status":"passed","time":{"start":1760925828397,"stop":1760925987076,"duration":158679}},{"uid":"a3aa4e5ad264e98e","reportUrl":"../3343//#testresult/a3aa4e5ad264e98e","status":"passed","time":{"start":1760838056649,"stop":1760838257297,"duration":200648}},{"uid":"e9a931f100a6c243","reportUrl":"../3342//#testresult/e9a931f100a6c243","status":"broken","statusDetails":"juju.errors.JujuUnitError: Unit in error: mysql-k8s/1","time":{"start":1760777101610,"stop":1760777241387,"duration":139777}},{"uid":"d8069bf7290d7ee5","reportUrl":"../3338//#testresult/d8069bf7290d7ee5","status":"passed","time":{"start":1760684342918,"stop":1760684512490,"duration":169572}},{"uid":"b19b675a094b6ee5","reportUrl":"../3336//#testresult/b19b675a094b6ee5","status":"passed","time":{"start":1760580009273,"stop":1760580160974,"duration":151701}},{"uid":"39c94af708932187","reportUrl":"../3334//#testresult/39c94af708932187","status":"passed","time":{"start":1760493023994,"stop":1760493197632,"duration":173638}},{"uid":"567444e56911aed7","reportUrl":"../3327//#testresult/567444e56911aed7","status":"passed","time":{"start":1760407270614,"stop":1760407457042,"duration":186428}},{"uid":"8db28189f6f4b5cf","reportUrl":"../3326//#testresult/8db28189f6f4b5cf","status":"passed","time":{"start":1760320853091,"stop":1760321069342,"duration":216251}},{"uid":"82fc4b306cab9094","reportUrl":"../3325//#testresult/82fc4b306cab9094","status":"passed","time":{"start":1760236598435,"stop":1760236766090,"duration":167655}},{"uid":"77dc634226c1ffd6","reportUrl":"../3324//#testresult/77dc634226c1ffd6","status":"passed","time":{"start":1760146866957,"stop":1760147057253,"duration":190296}},{"uid":"b17b180e44b041ab","reportUrl":"../3323//#testresult/b17b180e44b041ab","status":"passed","time":{"start":1760061435773,"stop":1760061581276,"duration":145503}},{"uid":"f8b2df8ae225b3b3","reportUrl":"../3322//#testresult/f8b2df8ae225b3b3","status":"passed","time":{"start":1759975050102,"stop":1759975216778,"duration":166676}},{"uid":"f24933b125471f61","reportUrl":"../3318//#testresult/f24933b125471f61","status":"passed","time":{"start":1759888652216,"stop":1759888799866,"duration":147650}},{"uid":"93a764268f8b3fe5","reportUrl":"../3311//#testresult/93a764268f8b3fe5","status":"passed","time":{"start":1759801678935,"stop":1759801830902,"duration":151967}},{"uid":"2cdc708892b76f7a","reportUrl":"../3305//#testresult/2cdc708892b76f7a","status":"passed","time":{"start":1759717462469,"stop":1759717637262,"duration":174793}},{"uid":"a4f215fa6a23fddd","reportUrl":"../3304//#testresult/a4f215fa6a23fddd","status":"passed","time":{"start":1759632806291,"stop":1759632977149,"duration":170858}},{"uid":"bdd2d34edd3fb983","reportUrl":"../3303//#testresult/bdd2d34edd3fb983","status":"broken","statusDetails":"juju.errors.JujuUnitError: Unit in error: mysql-k8s/1","time":{"start":1759542690574,"stop":1759542834190,"duration":143616}},{"uid":"8b23b38bead16ce0","reportUrl":"../3302//#testresult/8b23b38bead16ce0","status":"passed","time":{"start":1759456596615,"stop":1759456756937,"duration":160322}},{"uid":"b6957c40026e11d","reportUrl":"../3299//#testresult/b6957c40026e11d","status":"passed","time":{"start":1759370404766,"stop":1759370597304,"duration":192538}}]},"tags":["asyncio","abort_on_fail"]},"source":"a447cd77ce17c064.json","parameterValues":[]}