{"uid":"cff0e4cfcbe5e071","name":"test_build_and_deploy","fullName":"tests.integration.high_availability.test_upgrade_rollback_incompat#test_build_and_deploy","historyId":"c7f943e00fe8350916d652927be51e6e","time":{"start":1721093624551,"stop":1721093639387,"duration":14836},"description":"Simple test to ensure that the mysql and application charms get deployed.","descriptionHtml":"<p>Simple test to ensure that the mysql and application charms get deployed.</p>\n","status":"broken","statusMessage":"juju.errors.JujuAppError: App in error: mysql-k8s","statusTrace":"Traceback (most recent call last):\n  File \"/home/runner/work/mysql-k8s-operator/mysql-k8s-operator/.tox/integration/lib/python3.10/site-packages/_pytest/runner.py\", line 341, in from_call\n    result: Optional[TResult] = func()\n  File \"/home/runner/work/mysql-k8s-operator/mysql-k8s-operator/.tox/integration/lib/python3.10/site-packages/_pytest/runner.py\", line 262, in <lambda>\n    lambda: ihook(item=item, **kwds), when=when, reraise=reraise\n  File \"/home/runner/work/mysql-k8s-operator/mysql-k8s-operator/.tox/integration/lib/python3.10/site-packages/pluggy/_hooks.py\", line 513, in __call__\n    return self._hookexec(self.name, self._hookimpls.copy(), kwargs, firstresult)\n  File \"/home/runner/work/mysql-k8s-operator/mysql-k8s-operator/.tox/integration/lib/python3.10/site-packages/pluggy/_manager.py\", line 120, in _hookexec\n    return self._inner_hookexec(hook_name, methods, kwargs, firstresult)\n  File \"/home/runner/work/mysql-k8s-operator/mysql-k8s-operator/.tox/integration/lib/python3.10/site-packages/pluggy/_callers.py\", line 182, in _multicall\n    return outcome.get_result()\n  File \"/home/runner/work/mysql-k8s-operator/mysql-k8s-operator/.tox/integration/lib/python3.10/site-packages/pluggy/_result.py\", line 100, in get_result\n    raise exc.with_traceback(exc.__traceback__)\n  File \"/home/runner/work/mysql-k8s-operator/mysql-k8s-operator/.tox/integration/lib/python3.10/site-packages/pluggy/_callers.py\", line 103, in _multicall\n    res = hook_impl.function(*args)\n  File \"/home/runner/work/mysql-k8s-operator/mysql-k8s-operator/.tox/integration/lib/python3.10/site-packages/_pytest/runner.py\", line 177, in pytest_runtest_call\n    raise e\n  File \"/home/runner/work/mysql-k8s-operator/mysql-k8s-operator/.tox/integration/lib/python3.10/site-packages/_pytest/runner.py\", line 169, in pytest_runtest_call\n    item.runtest()\n  File \"/home/runner/work/mysql-k8s-operator/mysql-k8s-operator/.tox/integration/lib/python3.10/site-packages/_pytest/python.py\", line 1792, in runtest\n    self.ihook.pytest_pyfunc_call(pyfuncitem=self)\n  File \"/home/runner/work/mysql-k8s-operator/mysql-k8s-operator/.tox/integration/lib/python3.10/site-packages/pluggy/_hooks.py\", line 513, in __call__\n    return self._hookexec(self.name, self._hookimpls.copy(), kwargs, firstresult)\n  File \"/home/runner/work/mysql-k8s-operator/mysql-k8s-operator/.tox/integration/lib/python3.10/site-packages/pluggy/_manager.py\", line 120, in _hookexec\n    return self._inner_hookexec(hook_name, methods, kwargs, firstresult)\n  File \"/home/runner/work/mysql-k8s-operator/mysql-k8s-operator/.tox/integration/lib/python3.10/site-packages/pluggy/_callers.py\", line 182, in _multicall\n    return outcome.get_result()\n  File \"/home/runner/work/mysql-k8s-operator/mysql-k8s-operator/.tox/integration/lib/python3.10/site-packages/pluggy/_result.py\", line 100, in get_result\n    raise exc.with_traceback(exc.__traceback__)\n  File \"/home/runner/work/mysql-k8s-operator/mysql-k8s-operator/.tox/integration/lib/python3.10/site-packages/pluggy/_callers.py\", line 103, in _multicall\n    res = hook_impl.function(*args)\n  File \"/home/runner/work/mysql-k8s-operator/mysql-k8s-operator/.tox/integration/lib/python3.10/site-packages/_pytest/python.py\", line 194, in pytest_pyfunc_call\n    result = testfunction(**testargs)\n  File \"/home/runner/work/mysql-k8s-operator/mysql-k8s-operator/.tox/integration/lib/python3.10/site-packages/pytest_asyncio/plugin.py\", line 529, in inner\n    _loop.run_until_complete(task)\n  File \"/usr/lib/python3.10/asyncio/base_events.py\", line 649, in run_until_complete\n    return future.result()\n  File \"/home/runner/work/mysql-k8s-operator/mysql-k8s-operator/tests/integration/high_availability/test_upgrade_rollback_incompat.py\", line 52, in test_build_and_deploy\n    await ops_test.model.wait_for_idle(\n  File \"/home/runner/work/mysql-k8s-operator/mysql-k8s-operator/.tox/integration/lib/python3.10/site-packages/juju/model.py\", line 2963, in wait_for_idle\n    _raise_for_status(errors, \"error\")\n  File \"/home/runner/work/mysql-k8s-operator/mysql-k8s-operator/.tox/integration/lib/python3.10/site-packages/juju/model.py\", line 2869, in _raise_for_status\n    raise error_type(\"{}{} in {}: {}\".format(\njuju.errors.JujuAppError: App in error: mysql-k8s","flaky":false,"newFailed":false,"newBroken":true,"newPassed":false,"retriesCount":1,"retriesStatusChange":true,"beforeStages":[{"name":"event_loop","time":{"start":1721093624283,"stop":1721093624284,"duration":1},"status":"passed","steps":[],"attachments":[],"parameters":[],"stepsCount":0,"shouldDisplayMessage":false,"attachmentsCount":0,"hasContent":false,"attachmentStep":false},{"name":"tmp_path_factory","time":{"start":1721093624284,"stop":1721093624284,"duration":0},"status":"passed","steps":[],"attachments":[],"parameters":[],"stepsCount":0,"shouldDisplayMessage":false,"attachmentsCount":0,"hasContent":false,"attachmentStep":false},{"name":"ops_test","time":{"start":1721093624284,"stop":1721093624550,"duration":266},"status":"passed","steps":[],"attachments":[],"parameters":[],"stepsCount":0,"shouldDisplayMessage":false,"attachmentsCount":0,"hasContent":false,"attachmentStep":false},{"name":"abort_on_fail","time":{"start":1721093624550,"stop":1721093624551,"duration":1},"status":"passed","steps":[],"attachments":[],"parameters":[],"stepsCount":0,"shouldDisplayMessage":false,"attachmentsCount":0,"hasContent":false,"attachmentStep":false}],"testStage":{"description":"Simple test to ensure that the mysql and application charms get deployed.","status":"broken","statusMessage":"juju.errors.JujuAppError: App in error: mysql-k8s","statusTrace":"Traceback (most recent call last):\n  File \"/home/runner/work/mysql-k8s-operator/mysql-k8s-operator/.tox/integration/lib/python3.10/site-packages/_pytest/runner.py\", line 341, in from_call\n    result: Optional[TResult] = func()\n  File \"/home/runner/work/mysql-k8s-operator/mysql-k8s-operator/.tox/integration/lib/python3.10/site-packages/_pytest/runner.py\", line 262, in <lambda>\n    lambda: ihook(item=item, **kwds), when=when, reraise=reraise\n  File \"/home/runner/work/mysql-k8s-operator/mysql-k8s-operator/.tox/integration/lib/python3.10/site-packages/pluggy/_hooks.py\", line 513, in __call__\n    return self._hookexec(self.name, self._hookimpls.copy(), kwargs, firstresult)\n  File \"/home/runner/work/mysql-k8s-operator/mysql-k8s-operator/.tox/integration/lib/python3.10/site-packages/pluggy/_manager.py\", line 120, in _hookexec\n    return self._inner_hookexec(hook_name, methods, kwargs, firstresult)\n  File \"/home/runner/work/mysql-k8s-operator/mysql-k8s-operator/.tox/integration/lib/python3.10/site-packages/pluggy/_callers.py\", line 182, in _multicall\n    return outcome.get_result()\n  File \"/home/runner/work/mysql-k8s-operator/mysql-k8s-operator/.tox/integration/lib/python3.10/site-packages/pluggy/_result.py\", line 100, in get_result\n    raise exc.with_traceback(exc.__traceback__)\n  File \"/home/runner/work/mysql-k8s-operator/mysql-k8s-operator/.tox/integration/lib/python3.10/site-packages/pluggy/_callers.py\", line 103, in _multicall\n    res = hook_impl.function(*args)\n  File \"/home/runner/work/mysql-k8s-operator/mysql-k8s-operator/.tox/integration/lib/python3.10/site-packages/_pytest/runner.py\", line 177, in pytest_runtest_call\n    raise e\n  File \"/home/runner/work/mysql-k8s-operator/mysql-k8s-operator/.tox/integration/lib/python3.10/site-packages/_pytest/runner.py\", line 169, in pytest_runtest_call\n    item.runtest()\n  File \"/home/runner/work/mysql-k8s-operator/mysql-k8s-operator/.tox/integration/lib/python3.10/site-packages/_pytest/python.py\", line 1792, in runtest\n    self.ihook.pytest_pyfunc_call(pyfuncitem=self)\n  File \"/home/runner/work/mysql-k8s-operator/mysql-k8s-operator/.tox/integration/lib/python3.10/site-packages/pluggy/_hooks.py\", line 513, in __call__\n    return self._hookexec(self.name, self._hookimpls.copy(), kwargs, firstresult)\n  File \"/home/runner/work/mysql-k8s-operator/mysql-k8s-operator/.tox/integration/lib/python3.10/site-packages/pluggy/_manager.py\", line 120, in _hookexec\n    return self._inner_hookexec(hook_name, methods, kwargs, firstresult)\n  File \"/home/runner/work/mysql-k8s-operator/mysql-k8s-operator/.tox/integration/lib/python3.10/site-packages/pluggy/_callers.py\", line 182, in _multicall\n    return outcome.get_result()\n  File \"/home/runner/work/mysql-k8s-operator/mysql-k8s-operator/.tox/integration/lib/python3.10/site-packages/pluggy/_result.py\", line 100, in get_result\n    raise exc.with_traceback(exc.__traceback__)\n  File \"/home/runner/work/mysql-k8s-operator/mysql-k8s-operator/.tox/integration/lib/python3.10/site-packages/pluggy/_callers.py\", line 103, in _multicall\n    res = hook_impl.function(*args)\n  File \"/home/runner/work/mysql-k8s-operator/mysql-k8s-operator/.tox/integration/lib/python3.10/site-packages/_pytest/python.py\", line 194, in pytest_pyfunc_call\n    result = testfunction(**testargs)\n  File \"/home/runner/work/mysql-k8s-operator/mysql-k8s-operator/.tox/integration/lib/python3.10/site-packages/pytest_asyncio/plugin.py\", line 529, in inner\n    _loop.run_until_complete(task)\n  File \"/usr/lib/python3.10/asyncio/base_events.py\", line 649, in run_until_complete\n    return future.result()\n  File \"/home/runner/work/mysql-k8s-operator/mysql-k8s-operator/tests/integration/high_availability/test_upgrade_rollback_incompat.py\", line 52, in test_build_and_deploy\n    await ops_test.model.wait_for_idle(\n  File \"/home/runner/work/mysql-k8s-operator/mysql-k8s-operator/.tox/integration/lib/python3.10/site-packages/juju/model.py\", line 2963, in wait_for_idle\n    _raise_for_status(errors, \"error\")\n  File \"/home/runner/work/mysql-k8s-operator/mysql-k8s-operator/.tox/integration/lib/python3.10/site-packages/juju/model.py\", line 2869, in _raise_for_status\n    raise error_type(\"{}{} in {}: {}\".format(\njuju.errors.JujuAppError: App in error: mysql-k8s","steps":[],"attachments":[{"uid":"33dfe8a1cc4aac46","name":"log","source":"33dfe8a1cc4aac46.txt","type":"text/plain","size":420}],"parameters":[],"stepsCount":0,"shouldDisplayMessage":true,"attachmentsCount":1,"hasContent":true,"attachmentStep":false},"afterStages":[{"name":"abort_on_fail::0","time":{"start":1721093639395,"stop":1721093639395,"duration":0},"status":"passed","steps":[],"attachments":[],"parameters":[],"stepsCount":0,"shouldDisplayMessage":false,"attachmentsCount":0,"hasContent":false,"attachmentStep":false},{"name":"ops_test::finalizer","time":{"start":1721093639403,"stop":1721093639747,"duration":344},"status":"passed","steps":[],"attachments":[],"parameters":[],"stepsCount":0,"shouldDisplayMessage":false,"attachmentsCount":0,"hasContent":false,"attachmentStep":false},{"name":"event_loop::2","time":{"start":1721093639747,"stop":1721093639747,"duration":0},"status":"passed","steps":[],"attachments":[],"parameters":[],"stepsCount":0,"shouldDisplayMessage":false,"attachmentsCount":0,"hasContent":false,"attachmentStep":false},{"name":"event_loop::_close_event_loop","time":{"start":1721093639747,"stop":1721093639747,"duration":0},"status":"passed","steps":[],"attachments":[],"parameters":[],"stepsCount":0,"shouldDisplayMessage":false,"attachmentsCount":0,"hasContent":false,"attachmentStep":false},{"name":"event_loop::_provide_clean_event_loop","time":{"start":1721093639748,"stop":1721093639748,"duration":0},"status":"passed","steps":[],"attachments":[],"parameters":[],"stepsCount":0,"shouldDisplayMessage":false,"attachmentsCount":0,"hasContent":false,"attachmentStep":false}],"labels":[{"name":"tag","value":"abort_on_fail"},{"name":"tag","value":"@pytest.mark.skipif(False, reason='Requires amd64 architecture')"},{"name":"tag","value":"group(1)"},{"name":"tag","value":"asyncio"},{"name":"parentSuite","value":"tests.integration.high_availability"},{"name":"suite","value":"test_upgrade_rollback_incompat"},{"name":"host","value":"fv-az566-865"},{"name":"thread","value":"12724-MainThread"},{"name":"framework","value":"pytest"},{"name":"language","value":"cpython3"},{"name":"package","value":"tests.integration.high_availability.test_upgrade_rollback_incompat"},{"name":"resultFormat","value":"allure2"}],"parameters":[],"links":[],"hidden":false,"retry":false,"extra":{"severity":"normal","retries":[{"uid":"8ec0ff5730c1ed0b","status":"unknown","time":{}}],"categories":[{"name":"Test defects","matchedStatuses":[],"flaky":false}],"history":{"statistic":{"failed":0,"broken":7,"skipped":6,"passed":115,"unknown":1,"total":129},"items":[{"uid":"e82bfe829dddedfe","reportUrl":"../2071//#testresult/e82bfe829dddedfe","status":"passed","time":{"start":1721007460749,"stop":1721007589965,"duration":129216}},{"uid":"7c0dfcd0beb4c6ed","reportUrl":"../2070//#testresult/7c0dfcd0beb4c6ed","status":"passed","time":{"start":1720920974688,"stop":1720921100106,"duration":125418}},{"uid":"b670fa4eec28d311","reportUrl":"../2069//#testresult/b670fa4eec28d311","status":"passed","time":{"start":1720834437518,"stop":1720834555787,"duration":118269}},{"uid":"571fc8858d0e3479","reportUrl":"../2066//#testresult/571fc8858d0e3479","status":"passed","time":{"start":1720748109701,"stop":1720748237081,"duration":127380}},{"uid":"77e2497db81ae3f7","reportUrl":"../2061//#testresult/77e2497db81ae3f7","status":"passed","time":{"start":1720575563479,"stop":1720575683818,"duration":120339}},{"uid":"b8e08c2f7e8d5ad4","reportUrl":"../2054//#testresult/b8e08c2f7e8d5ad4","status":"broken","statusDetails":"juju.errors.JujuAppError: App in error: mysql-k8s","time":{"start":1720489439268,"stop":1720489451012,"duration":11744}},{"uid":"5eb1894871b6a5cb","reportUrl":"../2052//#testresult/5eb1894871b6a5cb","status":"passed","time":{"start":1720402460032,"stop":1720402577077,"duration":117045}},{"uid":"e11105c73d3fc8d8","reportUrl":"../2051//#testresult/e11105c73d3fc8d8","status":"passed","time":{"start":1720316143331,"stop":1720316263566,"duration":120235}},{"uid":"2954e297876dbb26","reportUrl":"../2050//#testresult/2954e297876dbb26","status":"passed","time":{"start":1720229626213,"stop":1720229745964,"duration":119751}},{"uid":"ededa87bde9db815","reportUrl":"../2046//#testresult/ededa87bde9db815","status":"unknown","time":{}},{"uid":"c3324fd9ec8927b8","reportUrl":"../2040//#testresult/c3324fd9ec8927b8","status":"broken","statusDetails":"juju.errors.JujuAppError: App in error: mysql-k8s","time":{"start":1720056780367,"stop":1720056793077,"duration":12710}},{"uid":"4d2b575f60f46981","reportUrl":"../2033//#testresult/4d2b575f60f46981","status":"passed","time":{"start":1719970620730,"stop":1719970756820,"duration":136090}},{"uid":"1229258eb3f82ccf","reportUrl":"../2029//#testresult/1229258eb3f82ccf","status":"passed","time":{"start":1719883771821,"stop":1719883896376,"duration":124555}},{"uid":"573b3f8282f99bd3","reportUrl":"../2022//#testresult/573b3f8282f99bd3","status":"passed","time":{"start":1719797468254,"stop":1719797596550,"duration":128296}},{"uid":"e20d409e3fd1f498","reportUrl":"../2021//#testresult/e20d409e3fd1f498","status":"passed","time":{"start":1719710894443,"stop":1719711021485,"duration":127042}},{"uid":"2b158d07d8286d2e","reportUrl":"../2020//#testresult/2b158d07d8286d2e","status":"passed","time":{"start":1719624529979,"stop":1719624658829,"duration":128850}},{"uid":"36b0f39404c88044","reportUrl":"../2016//#testresult/36b0f39404c88044","status":"passed","time":{"start":1719538087702,"stop":1719538219898,"duration":132196}},{"uid":"6f0dc711bd92cf7f","reportUrl":"../2011//#testresult/6f0dc711bd92cf7f","status":"passed","time":{"start":1719451711433,"stop":1719451829195,"duration":117762}},{"uid":"375ee2b93cccaf86","reportUrl":"../2005//#testresult/375ee2b93cccaf86","status":"passed","time":{"start":1719365333952,"stop":1719365477090,"duration":143138}},{"uid":"86a3010b1efbdc4b","reportUrl":"../1996//#testresult/86a3010b1efbdc4b","status":"passed","time":{"start":1719278898426,"stop":1719279030542,"duration":132116}}]},"tags":["asyncio","abort_on_fail","@pytest.mark.skipif(False, reason='Requires amd64 architecture')","group(1)"]},"source":"cff0e4cfcbe5e071.json","parameterValues":[]}