{"uid":"fd844cad468a7b7e","name":"test_saturate_max_connections","fullName":"tests.integration.integration.test_saturate_max_connections#test_saturate_max_connections","historyId":"fc99690226dd98f80a3e4b3b4708902d","time":{"start":1769221150969,"stop":1769221154652,"duration":3683},"status":"broken","statusMessage":"jubilant_backports._task.TaskError: task error: Task 4: status 'failed', return code 0, details:\nMessage: Failed to read cluster status. See logs for more information.","statusTrace":"Traceback (most recent call last):\n  File \"/root/spread_project/.tox/integration/lib/python3.12/site-packages/_pytest/runner.py\", line 341, in from_call\n    result: Optional[TResult] = func()\n                                ^^^^^^\n  File \"/root/spread_project/.tox/integration/lib/python3.12/site-packages/_pytest/runner.py\", line 262, in <lambda>\n    lambda: ihook(item=item, **kwds), when=when, reraise=reraise\n            ^^^^^^^^^^^^^^^^^^^^^^^^\n  File \"/root/spread_project/.tox/integration/lib/python3.12/site-packages/pluggy/_hooks.py\", line 513, in __call__\n    return self._hookexec(self.name, self._hookimpls.copy(), kwargs, firstresult)\n           ^^^^^^^^^^^^^^^^^^^^^^^^^^^^^^^^^^^^^^^^^^^^^^^^^^^^^^^^^^^^^^^^^^^^^^\n  File \"/root/spread_project/.tox/integration/lib/python3.12/site-packages/pluggy/_manager.py\", line 120, in _hookexec\n    return self._inner_hookexec(hook_name, methods, kwargs, firstresult)\n           ^^^^^^^^^^^^^^^^^^^^^^^^^^^^^^^^^^^^^^^^^^^^^^^^^^^^^^^^^^^^^\n  File \"/root/spread_project/.tox/integration/lib/python3.12/site-packages/pluggy/_callers.py\", line 182, in _multicall\n    return outcome.get_result()\n           ^^^^^^^^^^^^^^^^^^^^\n  File \"/root/spread_project/.tox/integration/lib/python3.12/site-packages/pluggy/_result.py\", line 100, in get_result\n    raise exc.with_traceback(exc.__traceback__)\n  File \"/root/spread_project/.tox/integration/lib/python3.12/site-packages/pluggy/_callers.py\", line 103, in _multicall\n    res = hook_impl.function(*args)\n          ^^^^^^^^^^^^^^^^^^^^^^^^^\n  File \"/root/spread_project/.tox/integration/lib/python3.12/site-packages/_pytest/runner.py\", line 177, in pytest_runtest_call\n    raise e\n  File \"/root/spread_project/.tox/integration/lib/python3.12/site-packages/_pytest/runner.py\", line 169, in pytest_runtest_call\n    item.runtest()\n  File \"/root/spread_project/.tox/integration/lib/python3.12/site-packages/_pytest/python.py\", line 1792, in runtest\n    self.ihook.pytest_pyfunc_call(pyfuncitem=self)\n  File \"/root/spread_project/.tox/integration/lib/python3.12/site-packages/pluggy/_hooks.py\", line 513, in __call__\n    return self._hookexec(self.name, self._hookimpls.copy(), kwargs, firstresult)\n           ^^^^^^^^^^^^^^^^^^^^^^^^^^^^^^^^^^^^^^^^^^^^^^^^^^^^^^^^^^^^^^^^^^^^^^\n  File \"/root/spread_project/.tox/integration/lib/python3.12/site-packages/pluggy/_manager.py\", line 120, in _hookexec\n    return self._inner_hookexec(hook_name, methods, kwargs, firstresult)\n           ^^^^^^^^^^^^^^^^^^^^^^^^^^^^^^^^^^^^^^^^^^^^^^^^^^^^^^^^^^^^^\n  File \"/root/spread_project/.tox/integration/lib/python3.12/site-packages/pluggy/_callers.py\", line 182, in _multicall\n    return outcome.get_result()\n           ^^^^^^^^^^^^^^^^^^^^\n  File \"/root/spread_project/.tox/integration/lib/python3.12/site-packages/pluggy/_result.py\", line 100, in get_result\n    raise exc.with_traceback(exc.__traceback__)\n  File \"/root/spread_project/.tox/integration/lib/python3.12/site-packages/pluggy/_callers.py\", line 103, in _multicall\n    res = hook_impl.function(*args)\n          ^^^^^^^^^^^^^^^^^^^^^^^^^\n  File \"/root/spread_project/.tox/integration/lib/python3.12/site-packages/_pytest/python.py\", line 194, in pytest_pyfunc_call\n    result = testfunction(**testargs)\n             ^^^^^^^^^^^^^^^^^^^^^^^^\n  File \"/root/spread_project/tests/integration/integration/test_saturate_max_connections.py\", line 91, in test_saturate_max_connections\n    juju.run(mysql_unit_name, \"get-cluster-status\")\n  File \"/root/spread_project/.tox/integration/lib/python3.12/site-packages/jubilant_backports/_juju.py\", line 1026, in run\n    task.raise_on_failure()\n  File \"/root/spread_project/.tox/integration/lib/python3.12/site-packages/jubilant_backports/_task.py\", line 120, in raise_on_failure\n    raise TaskError(self)\njubilant_backports._task.TaskError: task error: Task 4: status 'failed', return code 0, details:\nMessage: Failed to read cluster status. See logs for more information.","flaky":false,"newFailed":false,"newBroken":false,"newPassed":false,"retriesCount":1,"retriesStatusChange":true,"beforeStages":[{"name":"juju","time":{"start":1769221054713,"stop":1769221054996,"duration":283},"status":"passed","steps":[],"attachments":[],"parameters":[],"shouldDisplayMessage":false,"stepsCount":0,"attachmentsCount":0,"hasContent":false,"attachmentStep":false},{"name":"abort_on_fail","time":{"start":1769221150968,"stop":1769221150968,"duration":0},"status":"passed","steps":[],"attachments":[],"parameters":[],"shouldDisplayMessage":false,"stepsCount":0,"attachmentsCount":0,"hasContent":false,"attachmentStep":false}],"testStage":{"status":"broken","statusMessage":"jubilant_backports._task.TaskError: task error: Task 4: status 'failed', return code 0, details:\nMessage: Failed to read cluster status. See logs for more information.","statusTrace":"Traceback (most recent call last):\n  File \"/root/spread_project/.tox/integration/lib/python3.12/site-packages/_pytest/runner.py\", line 341, in from_call\n    result: Optional[TResult] = func()\n                                ^^^^^^\n  File \"/root/spread_project/.tox/integration/lib/python3.12/site-packages/_pytest/runner.py\", line 262, in <lambda>\n    lambda: ihook(item=item, **kwds), when=when, reraise=reraise\n            ^^^^^^^^^^^^^^^^^^^^^^^^\n  File \"/root/spread_project/.tox/integration/lib/python3.12/site-packages/pluggy/_hooks.py\", line 513, in __call__\n    return self._hookexec(self.name, self._hookimpls.copy(), kwargs, firstresult)\n           ^^^^^^^^^^^^^^^^^^^^^^^^^^^^^^^^^^^^^^^^^^^^^^^^^^^^^^^^^^^^^^^^^^^^^^\n  File \"/root/spread_project/.tox/integration/lib/python3.12/site-packages/pluggy/_manager.py\", line 120, in _hookexec\n    return self._inner_hookexec(hook_name, methods, kwargs, firstresult)\n           ^^^^^^^^^^^^^^^^^^^^^^^^^^^^^^^^^^^^^^^^^^^^^^^^^^^^^^^^^^^^^\n  File \"/root/spread_project/.tox/integration/lib/python3.12/site-packages/pluggy/_callers.py\", line 182, in _multicall\n    return outcome.get_result()\n           ^^^^^^^^^^^^^^^^^^^^\n  File \"/root/spread_project/.tox/integration/lib/python3.12/site-packages/pluggy/_result.py\", line 100, in get_result\n    raise exc.with_traceback(exc.__traceback__)\n  File \"/root/spread_project/.tox/integration/lib/python3.12/site-packages/pluggy/_callers.py\", line 103, in _multicall\n    res = hook_impl.function(*args)\n          ^^^^^^^^^^^^^^^^^^^^^^^^^\n  File \"/root/spread_project/.tox/integration/lib/python3.12/site-packages/_pytest/runner.py\", line 177, in pytest_runtest_call\n    raise e\n  File \"/root/spread_project/.tox/integration/lib/python3.12/site-packages/_pytest/runner.py\", line 169, in pytest_runtest_call\n    item.runtest()\n  File \"/root/spread_project/.tox/integration/lib/python3.12/site-packages/_pytest/python.py\", line 1792, in runtest\n    self.ihook.pytest_pyfunc_call(pyfuncitem=self)\n  File \"/root/spread_project/.tox/integration/lib/python3.12/site-packages/pluggy/_hooks.py\", line 513, in __call__\n    return self._hookexec(self.name, self._hookimpls.copy(), kwargs, firstresult)\n           ^^^^^^^^^^^^^^^^^^^^^^^^^^^^^^^^^^^^^^^^^^^^^^^^^^^^^^^^^^^^^^^^^^^^^^\n  File \"/root/spread_project/.tox/integration/lib/python3.12/site-packages/pluggy/_manager.py\", line 120, in _hookexec\n    return self._inner_hookexec(hook_name, methods, kwargs, firstresult)\n           ^^^^^^^^^^^^^^^^^^^^^^^^^^^^^^^^^^^^^^^^^^^^^^^^^^^^^^^^^^^^^\n  File \"/root/spread_project/.tox/integration/lib/python3.12/site-packages/pluggy/_callers.py\", line 182, in _multicall\n    return outcome.get_result()\n           ^^^^^^^^^^^^^^^^^^^^\n  File \"/root/spread_project/.tox/integration/lib/python3.12/site-packages/pluggy/_result.py\", line 100, in get_result\n    raise exc.with_traceback(exc.__traceback__)\n  File \"/root/spread_project/.tox/integration/lib/python3.12/site-packages/pluggy/_callers.py\", line 103, in _multicall\n    res = hook_impl.function(*args)\n          ^^^^^^^^^^^^^^^^^^^^^^^^^\n  File \"/root/spread_project/.tox/integration/lib/python3.12/site-packages/_pytest/python.py\", line 194, in pytest_pyfunc_call\n    result = testfunction(**testargs)\n             ^^^^^^^^^^^^^^^^^^^^^^^^\n  File \"/root/spread_project/tests/integration/integration/test_saturate_max_connections.py\", line 91, in test_saturate_max_connections\n    juju.run(mysql_unit_name, \"get-cluster-status\")\n  File \"/root/spread_project/.tox/integration/lib/python3.12/site-packages/jubilant_backports/_juju.py\", line 1026, in run\n    task.raise_on_failure()\n  File \"/root/spread_project/.tox/integration/lib/python3.12/site-packages/jubilant_backports/_task.py\", line 120, in raise_on_failure\n    raise TaskError(self)\njubilant_backports._task.TaskError: task error: Task 4: status 'failed', return code 0, details:\nMessage: Failed to read cluster status. See logs for more information.","steps":[],"attachments":[{"uid":"acfda2f66bc64bf5","name":"log","source":"acfda2f66bc64bf5.txt","type":"text/plain","size":1602}],"parameters":[],"shouldDisplayMessage":true,"stepsCount":0,"attachmentsCount":1,"hasContent":true,"attachmentStep":false},"afterStages":[{"name":"juju::0","time":{"start":1769221154655,"stop":1769221154854,"duration":199},"status":"passed","steps":[],"attachments":[],"parameters":[],"shouldDisplayMessage":false,"stepsCount":0,"attachmentsCount":0,"hasContent":false,"attachmentStep":false},{"name":"abort_on_fail::0","time":{"start":1769221154655,"stop":1769221154655,"duration":0},"status":"passed","steps":[],"attachments":[],"parameters":[],"shouldDisplayMessage":false,"stepsCount":0,"attachmentsCount":0,"hasContent":false,"attachmentStep":false}],"labels":[{"name":"tag","value":"abort_on_fail"},{"name":"parentSuite","value":"tests.integration.integration"},{"name":"suite","value":"test_saturate_max_connections"},{"name":"host","value":"runnervmymu0l"},{"name":"thread","value":"17890-MainThread"},{"name":"framework","value":"pytest"},{"name":"language","value":"cpython3"},{"name":"package","value":"tests.integration.integration.test_saturate_max_connections"},{"name":"resultFormat","value":"allure2"}],"parameters":[],"links":[],"hidden":false,"retry":false,"extra":{"severity":"normal","retries":[{"uid":"58598cea52b82cee","status":"unknown","time":{}}],"categories":[{"name":"Test defects","matchedStatuses":[]}],"history":{"statistic":{"failed":0,"broken":7,"skipped":0,"passed":37,"unknown":0,"total":44},"items":[{"uid":"f6ce0c1f7e8eaf99","reportUrl":"../71//#testresult/f6ce0c1f7e8eaf99","status":"broken","statusDetails":"mysql.connector.errors.OperationalError: 1040 (08004): Too many connections","time":{"start":1769047167185,"stop":1769047169047,"duration":1862}},{"uid":"129db262f37ab155","reportUrl":"../70//#testresult/129db262f37ab155","status":"broken","statusDetails":"jubilant_backports._task.TaskError: task error: Task 4: status 'failed', return code 0, details:\nMessage: Failed to read cluster status. See logs for more information.","time":{"start":1768961466641,"stop":1768961470238,"duration":3597}},{"uid":"c16dc6bcef108b8","reportUrl":"../69//#testresult/c16dc6bcef108b8","status":"passed","time":{"start":1768874279609,"stop":1768874283356,"duration":3747}},{"uid":"5e09a951b37a3a27","reportUrl":"../68//#testresult/5e09a951b37a3a27","status":"passed","time":{"start":1768787134592,"stop":1768787138347,"duration":3755}},{"uid":"819a862dae964916","reportUrl":"../67//#testresult/819a862dae964916","status":"passed","time":{"start":1768700512543,"stop":1768700516236,"duration":3693}},{"uid":"b36439b8879f6b44","reportUrl":"../65//#testresult/b36439b8879f6b44","status":"passed","time":{"start":1768527922044,"stop":1768527925700,"duration":3656}},{"uid":"5ec4fb418d00dc78","reportUrl":"../64//#testresult/5ec4fb418d00dc78","status":"passed","time":{"start":1768443569708,"stop":1768443573455,"duration":3747}},{"uid":"8e2de0c81febfd62","reportUrl":"../63//#testresult/8e2de0c81febfd62","status":"passed","time":{"start":1768356632714,"stop":1768356638499,"duration":5785}},{"uid":"7f4604fb999c6e94","reportUrl":"../61//#testresult/7f4604fb999c6e94","status":"passed","time":{"start":1768182521257,"stop":1768182524986,"duration":3729}},{"uid":"30aef8a226acac3","reportUrl":"../60//#testresult/30aef8a226acac3","status":"passed","time":{"start":1768095948361,"stop":1768095952106,"duration":3745}},{"uid":"654db783dd7c43a1","reportUrl":"../59//#testresult/654db783dd7c43a1","status":"passed","time":{"start":1768010530587,"stop":1768010535288,"duration":4701}},{"uid":"31a087406c22c844","reportUrl":"../58//#testresult/31a087406c22c844","status":"broken","statusDetails":"mysql.connector.errors.OperationalError: 1040 (08004): Too many connections","time":{"start":1767923736923,"stop":1767923738331,"duration":1408}},{"uid":"d3e14f367cdaf8e5","reportUrl":"../56//#testresult/d3e14f367cdaf8e5","status":"passed","time":{"start":1767750955883,"stop":1767750959597,"duration":3714}},{"uid":"63ad38e0b2263d5d","reportUrl":"../55//#testresult/63ad38e0b2263d5d","status":"passed","time":{"start":1767663769321,"stop":1767663772968,"duration":3647}},{"uid":"77ade37ac7e352d7","reportUrl":"../54//#testresult/77ade37ac7e352d7","status":"passed","time":{"start":1767578346158,"stop":1767578350916,"duration":4758}},{"uid":"71ba5416ab3d5358","reportUrl":"../53//#testresult/71ba5416ab3d5358","status":"passed","time":{"start":1767492059048,"stop":1767492062812,"duration":3764}},{"uid":"a948461fcec8ed5","reportUrl":"../52//#testresult/a948461fcec8ed5","status":"passed","time":{"start":1767404661311,"stop":1767404665992,"duration":4681}},{"uid":"e707e8a8ee20603d","reportUrl":"../51//#testresult/e707e8a8ee20603d","status":"passed","time":{"start":1767318316295,"stop":1767318319962,"duration":3667}},{"uid":"d6657d4a764d6781","reportUrl":"../50//#testresult/d6657d4a764d6781","status":"passed","time":{"start":1767231970354,"stop":1767231974049,"duration":3695}},{"uid":"197d95a4cf6bed76","reportUrl":"../49//#testresult/197d95a4cf6bed76","status":"passed","time":{"start":1767145461786,"stop":1767145465519,"duration":3733}}]},"tags":["abort_on_fail"]},"source":"fd844cad468a7b7e.json","parameterValues":[]}