[32mINFO    [0m integration.high_availability.conftest:conftest.py:27 Clearing continuous writes
[32mINFO    [0m integration.high_availability.conftest:conftest.py:29 Starting continuous writes
[32mINFO    [0m integration.high_availability.test_async_replication:test_async_replication.py:320 Remove async relation
[32mINFO    [0m integration.high_availability.test_async_replication:test_async_replication.py:326 waiting for units to be blocked
[32mINFO    [0m integration.high_availability.test_async_replication:test_async_replication.py:332 Waiting for the applications to settle
[32mINFO    [0m juju.model:model.py:3211 Waiting for model:
  db2/0 [executing] blocked: Standalone read-only unit.
  db2/1 [executing] blocked: Standalone read-only unit.
  db2/2 [executing] blocked: Standalone read-only unit.
[32mINFO    [0m juju.model:model.py:3211 Waiting for model:
  db1/0 [executing] maintenance: Removing replica cluster
  db1/1 [executing] active: 
  db1/2 [idle] active: 
[32mINFO    [0m juju.model:model.py:3211 Waiting for model:
  db2/0 [executing] blocked: Standalone read-only unit.
  db2/1 [executing] blocked: Standalone read-only unit.
  db2/2 [executing] blocked: Standalone read-only unit.
[32mINFO    [0m juju.model:model.py:3211 Waiting for model:
  db1/0 [idle] active: Primary
[32mINFO    [0m juju.model:model.py:3211 Waiting for model:
  db2/0 [idle] blocked: Standalone read-only unit.
  db2/1 [idle] blocked: Standalone read-only unit.
  db2/2 [idle] blocked: Standalone read-only unit.
[32mINFO    [0m integration.high_availability.test_async_replication:test_async_replication.py:346 Re relating the two mysql clusters
[32mINFO    [0m integration.high_availability.test_async_replication:test_async_replication.py:349 Waiting for the applications to settle
[32mINFO    [0m integration.high_availability.test_async_replication:test_async_replication.py:358 Running create replication action
[32mINFO    [0m integration.high_availability.test_async_replication:test_async_replication.py:368 Waiting for the applications to settle
[32mINFO    [0m juju.model:model.py:3211 Waiting for model:
  db2/0 [executing] blocked: Standalone read-only unit.
  db2/1 [executing] blocked: Standalone read-only unit.
  db2/2 [executing] blocked: Wait until unit is initialized before running create-replication on offer side
[32mINFO    [0m juju.model:model.py:3211 Waiting for model:
  db1/0 [executing] maintenance: Sharing credentials with replica cluster
  db1/1 [executing] active: 
  db1/2 [executing] active: 
[32mINFO    [0m juju.model:model.py:3211 Waiting for model:
  db1/0 [executing] maintenance: Sharing credentials with replica cluster
  db1/1 [executing] active: 
  db1/2 [executing] active: 
[32mINFO    [0m juju.model:model.py:3211 Waiting for model:
  db2/0 [executing] maintenance: joining the cluster
  db2/1 [executing] active: 
  db2/2 [executing] waiting: Waiting other units join the cluster
[32mINFO    [0m juju.model:model.py:3211 Waiting for model:
  db2/0 [idle] active: 
  db2/1 [idle] active: 
  db2/2 [idle] waiting: Waiting for primary cluster
[32mINFO    [0m juju.model:model.py:3211 Waiting for model:
  db1/0 [executing] maintenance: Adding replica cluster
  db1/1 [idle] active: 
  db1/2 [idle] active: 
[32mINFO    [0m juju.model:model.py:3211 Waiting for model:
  db2/0 [idle] waiting: waiting to join the cluster
  db2/1 [executing] maintenance: joining the cluster
  db2/2 [executing] waiting: Waiting for recovery to complete on other units
[32mINFO    [0m juju.model:model.py:3211 Waiting for model:
  db1/0 [idle] active: Primary
  db1/1 [idle] active: 
  db1/2 [idle] active: 
[32mINFO    [0m juju.model:model.py:3211 Waiting for model:
  db2/0 [idle] maintenance: joining the cluster
  db2/1 [idle] active: 
  db2/2 [idle] waiting: Waiting for recovery to complete on other units
[32mINFO    [0m juju.model:model.py:3211 Waiting for model:
  db2/0 [executing] active: 
  db2/1 [idle] active: 
  db2/2 [executing] active: Standby
[32mINFO    [0m integration.high_availability.test_async_replication:test_async_replication.py:391 Testing data replication
[32mINFO    [0m integration.high_availability.test_async_replication:test_async_replication.py:398 Stopping continuous writes and wait (5s) for replication
[32mINFO    [0m integration.high_availability.test_async_replication:test_async_replication.py:405 Querying max value on all units
[32mINFO    [0m integration.high_availability.conftest:conftest.py:34 Clearing continuous writes
[32mINFO    [0m integration.high_availability.test_async_replication:test_async_replication.py:67 Destroying second model
[32mINFO    [0m pytest_operator.plugin:plugin.py:790 Model status:

Model    Controller          Cloud/Region        Version  SLA          Timestamp
testing  concierge-microk8s  microk8s/localhost  3.6.5    unsupported  01:51:30Z

App               Version                  Status  Scale  Charm             Channel      Rev  Address         Exposed  Message
db1               8.0.41-0ubuntu0.22.04.1  active      3  mysql-k8s                        0  10.152.183.133  no       
mysql-router-k8s  8.0.41-0ubuntu0.22.04.1  active      1  mysql-router-k8s  8.0/edge     727  10.152.183.222  no       
mysql-test-app    0.0.2                    active      1  mysql-test-app    latest/edge   73  10.152.183.72   no       Last written value=13830

Unit                 Workload  Agent      Address     Ports  Message
db1/0*               active    executing  10.1.47.12         Primary
db1/1                active    executing  10.1.47.13         
db1/2                active    executing  10.1.47.14         
mysql-router-k8s/0*  active    idle       10.1.47.21         
mysql-test-app/0*    active    idle       10.1.47.22         Last written value=13830

Offer  Application  Charm      Rev  Connected  Endpoint           Interface    Role
db1    db1          mysql-k8s  0    1/1        replication-offer  mysql_async  provider

[32mINFO    [0m pytest_operator.plugin:plugin.py:796 Juju error logs:

unit-db1-1: 01:31:06 ERROR unit.db1/1.juju-log upgrade:2: get_unit_address: unit DNS domain name is not fully propagated yet, trying again
unit-db1-1: 01:31:08 ERROR unit.db1/1.juju-log upgrade:2: get_unit_address: unit DNS domain name is not fully propagated yet, trying again
unit-db1-1: 01:31:10 ERROR unit.db1/1.juju-log upgrade:2: get_unit_address: unit DNS domain name is not fully propagated yet, trying again
unit-db1-1: 01:33:26 ERROR unit.db1/1.juju-log get_unit_address: unit DNS domain name is not fully propagated yet, trying again
unit-db1-1: 01:33:28 ERROR unit.db1/1.juju-log get_unit_address: unit DNS domain name is not fully propagated yet, trying again
unit-db1-1: 01:33:30 ERROR unit.db1/1.juju-log get_unit_address: unit DNS domain name is not fully propagated yet, trying again
unit-db1-1: 01:33:32 ERROR unit.db1/1.juju-log get_unit_address: unit DNS domain name is not fully propagated yet, trying again
unit-db1-1: 01:33:34 ERROR unit.db1/1.juju-log get_unit_address: unit DNS domain name is not fully propagated yet, trying again
unit-db1-0: 01:33:35 ERROR unit.db1/0.juju-log replication-offer:3: get_unit_address: unit DNS domain name is not fully propagated yet, trying again
unit-db1-1: 01:33:36 ERROR unit.db1/1.juju-log get_unit_address: unit DNS domain name is not fully propagated yet, trying again
unit-mysql-test-app-0: 01:36:46 ERROR unit.mysql-test-app/0.juju-log Unable to query the database
Traceback (most recent call last):
  File "/var/lib/juju/agents/unit-mysql-test-app-0/charm/venv/lib/python3.10/site-packages/mysql/connector/connection_cext.py", line 611, in cmd_query
    self._cmysql.query(
_mysql_connector.MySQLInterfaceError: Table 'continuous_writes_database.data' doesn't exist

The above exception was the direct cause of the following exception:

Traceback (most recent call last):
  File "/var/lib/juju/agents/unit-mysql-test-app-0/charm/src/charm.py", line 229, in _stop_continuous_writes
    last_written_value = self._max_written_value()
  File "/var/lib/juju/agents/unit-mysql-test-app-0/charm/src/charm.py", line 241, in _max_written_value
    cursor.execute(
  File "/var/lib/juju/agents/unit-mysql-test-app-0/charm/venv/lib/python3.10/site-packages/mysql/connector/cursor_cext.py", line 330, in execute
    result = self._cnx.cmd_query(
  File "/var/lib/juju/agents/unit-mysql-test-app-0/charm/venv/lib/python3.10/site-packages/mysql/connector/connection_cext.py", line 619, in cmd_query
    raise get_mysql_exception(
mysql.connector.errors.ProgrammingError: 1146 (42S02): Table 'continuous_writes_database.data' doesn't exist

The above exception was the direct cause of the following exception:

Traceback (most recent call last):
  File "/var/lib/juju/agents/unit-mysql-test-app-0/charm/src/charm.py", line 227, in _stop_continuous_writes
    for attempt in Retrying(stop=stop_after_delay(60), wait=wait_fixed(5)):
  File "/var/lib/juju/agents/unit-mysql-test-app-0/charm/venv/lib/python3.10/site-packages/tenacity/__init__.py", line 443, in __iter__
    do = self.iter(retry_state=retry_state)
  File "/var/lib/juju/agents/unit-mysql-test-app-0/charm/venv/lib/python3.10/site-packages/tenacity/__init__.py", line 376, in iter
    result = action(retry_state)
  File "/var/lib/juju/agents/unit-mysql-test-app-0/charm/venv/lib/python3.10/site-packages/tenacity/__init__.py", line 419, in exc_check
    raise retry_exc from fut.exception()
tenacity.RetryError: RetryError[<Future at 0x7f21c171e9b0 state=finished raised ProgrammingError>]
unit-db1-0: 01:37:33 ERROR unit.db1/0.juju-log replication-offer:3: get_unit_address: unit DNS domain name is not fully propagated yet, trying again
unit-db1-0: 01:37:35 ERROR unit.db1/0.juju-log replication-offer:3: get_unit_address: unit DNS domain name is not fully propagated yet, trying again
unit-db1-0: 01:37:37 ERROR unit.db1/0.juju-log replication-offer:3: get_unit_address: unit DNS domain name is not fully propagated yet, trying again
unit-db1-0: 01:37:50 ERROR unit.db1/0.juju-log get_unit_address: unit DNS domain name is not fully propagated yet, trying again
unit-db1-0: 01:37:52 ERROR unit.db1/0.juju-log get_unit_address: unit DNS domain name is not fully propagated yet, trying again
unit-mysql-router-k8s-0: 01:37:54 ERROR unit.mysql-router-k8s/0.juju-log Failed to run MySQL Shell script:
import json
import mysqlsh
import traceback

try:
    # Disable wizards in this script, since it will be invoked without --no-wizard
    shell.options.set('useWizards', False)
    import json

    cluster_set = dba.get_cluster_set()
    routers = cluster_set.list_routers()
    # mysqlsh objects are weird—they quack (i.e. duck typing) like standard Python objects (e.g. list,
    # dict), but do not serialize to JSON correctly.
    # Cast to str & load from JSON str before serializing
    routers = json.loads(str(routers))
    with open("/tmp/mysqlsh_output.json", "w") as file:
        json.dump(routers, file)
except mysqlsh.DBError as exception:
    error = {
        "message": str(exception),
        "code": exception.code,
        "traceback_message": "".join(traceback.format_exception(exception)),
    }
else:
    error = None
with open("/tmp/mysqlsh_error.json", "w") as file:
    json.dump(error, file)

stderr:
Cannot set LC_ALL to locale en_US.UTF-8: No such file or directory
MySQL Error 2003 (HY000): Can't connect to MySQL server on 'db1-primary.testing.svc.cluster.local:3306' (111)

Traceback (most recent call last):
  File "/var/lib/juju/agents/unit-mysql-router-k8s-0/charm/src/rock.py", line 245, in _run_command
    output, _ = process.wait_output()
  File "/var/lib/juju/agents/unit-mysql-router-k8s-0/charm/venv/lib/python3.10/site-packages/ops/pebble.py", line 1441, in wait_output
    raise ExecError[AnyStr](self._command, exit_code, out_value, err_value)
ops.pebble.ExecError: non-zero exit code 1 executing ['mysqlsh', '--passwords-from-stdin', '--uri', 'relation-9_9bfbcb8f005e47e@db1-primary.testing.svc.cluster.local:3306', '--python', '--file', '/tmp/mysqlsh_script.py'], stdout="\x1b[1mPlease provide the password for 'relation-9_9bfbcb8f005e47e@db1-primary.testing.svc.cluster.local:3306': \x1b[0m", stderr="Cannot set LC_ALL to locale en_US.UTF-8: No such file or directory\nMySQL Error 2003 (HY000): Can't connect to MySQL server on 'db1-primary.testing.svc.cluster.local:3306' (111)\n"

During handling of the above exception, another exception occurred:

Traceback (most recent call last):
  File "/var/lib/juju/agents/unit-mysql-router-k8s-0/charm/src/mysql_shell/__init__.py", line 74, in _run_code
    self._container.run_mysql_shell(
  File "/var/lib/juju/agents/unit-mysql-router-k8s-0/charm/lib/charms/tempo_coordinator_k8s/v0/charm_tracing.py", line 735, in wrapped_function
    return callable(*args, **kwargs)  # type: ignore
  File "/var/lib/juju/agents/unit-mysql-router-k8s-0/charm/src/container.py", line 212, in run_mysql_shell
    return self._run_command(args, timeout=timeout, input=input)
  File "/var/lib/juju/agents/unit-mysql-router-k8s-0/charm/lib/charms/tempo_coordinator_k8s/v0/charm_tracing.py", line 735, in wrapped_function
    return callable(*args, **kwargs)  # type: ignore
  File "/var/lib/juju/agents/unit-mysql-router-k8s-0/charm/src/rock.py", line 247, in _run_command
    raise container.CalledProcessError(
container.CalledProcessError: Command '['mysqlsh', '--passwords-from-stdin', '--uri', 'relation-9_9bfbcb8f005e47e@db1-primary.testing.svc.cluster.local:3306', '--python', '--file', '/tmp/mysqlsh_script.py']' returned non-zero exit status 1.
unit-mysql-router-k8s-0: 01:37:54 ERROR unit.mysql-router-k8s/0.juju-log Uncaught exception while in charm code:
Traceback (most recent call last):
  File "/var/lib/juju/agents/unit-mysql-router-k8s-0/charm/src/rock.py", line 245, in _run_command
    output, _ = process.wait_output()
  File "/var/lib/juju/agents/unit-mysql-router-k8s-0/charm/venv/lib/python3.10/site-packages/ops/pebble.py", line 1441, in wait_output
    raise ExecError[AnyStr](self._command, exit_code, out_value, err_value)
ops.pebble.ExecError: non-zero exit code 1 executing ['mysqlsh', '--passwords-from-stdin', '--uri', 'relation-9_9bfbcb8f005e47e@db1-primary.testing.svc.cluster.local:3306', '--python', '--file', '/tmp/mysqlsh_script.py'], stdout="\x1b[1mPlease provide the password for 'relation-9_9bfbcb8f005e47e@db1-primary.testing.svc.cluster.local:3306': \x1b[0m", stderr="Cannot set LC_ALL to locale en_US.UTF-8: No such file or directory\nMySQL Error 2003 (HY000): Can't connect to MySQL server on 'db1-primary.testing.svc.cluster.local:3306' (111)\n"

During handling of the above exception, another exception occurred:

Traceback (most recent call last):
  File "/var/lib/juju/agents/unit-mysql-router-k8s-0/charm/src/charm.py", line 448, in <module>
    ops.main.main(KubernetesRouterCharm)
  File "/var/lib/juju/agents/unit-mysql-router-k8s-0/charm/venv/lib/python3.10/site-packages/ops/main.py", line 436, in main
    _emit_charm_event(charm, dispatcher.event_name)
  File "/var/lib/juju/agents/unit-mysql-router-k8s-0/charm/venv/lib/python3.10/site-packages/ops/main.py", line 144, in _emit_charm_event
    event_to_emit.emit(*args, **kwargs)
  File "/var/lib/juju/agents/unit-mysql-router-k8s-0/charm/venv/lib/python3.10/site-packages/ops/framework.py", line 351, in emit
    framework._emit(event)
  File "/var/lib/juju/agents/unit-mysql-router-k8s-0/charm/venv/lib/python3.10/site-packages/ops/framework.py", line 853, in _emit
    self._reemit(event_path)
  File "/var/lib/juju/agents/unit-mysql-router-k8s-0/charm/venv/lib/python3.10/site-packages/ops/framework.py", line 942, in _reemit
    custom_handler(event)
  File "/var/lib/juju/agents/unit-mysql-router-k8s-0/charm/lib/charms/tempo_coordinator_k8s/v0/charm_tracing.py", line 735, in wrapped_function
    return callable(*args, **kwargs)  # type: ignore
  File "/var/lib/juju/agents/unit-mysql-router-k8s-0/charm/src/abstract_charm.py", line 371, in reconcile
    if not workload_.status or workload_.status == ops.WaitingStatus():
  File "/var/lib/juju/agents/unit-mysql-router-k8s-0/charm/src/workload.py", line 414, in status
    if not self.shell.is_router_in_cluster_set(self._router_id):
  File "/var/lib/juju/agents/unit-mysql-router-k8s-0/charm/src/mysql_shell/__init__.py", line 214, in is_router_in_cluster_set
    self._run_code(
  File "/var/lib/juju/agents/unit-mysql-router-k8s-0/charm/src/mysql_shell/__init__.py", line 74, in _run_code
    self._container.run_mysql_shell(
  File "/var/lib/juju/agents/unit-mysql-router-k8s-0/charm/lib/charms/tempo_coordinator_k8s/v0/charm_tracing.py", line 735, in wrapped_function
    return callable(*args, **kwargs)  # type: ignore
  File "/var/lib/juju/agents/unit-mysql-router-k8s-0/charm/src/container.py", line 212, in run_mysql_shell
    return self._run_command(args, timeout=timeout, input=input)
  File "/var/lib/juju/agents/unit-mysql-router-k8s-0/charm/lib/charms/tempo_coordinator_k8s/v0/charm_tracing.py", line 735, in wrapped_function
    return callable(*args, **kwargs)  # type: ignore
  File "/var/lib/juju/agents/unit-mysql-router-k8s-0/charm/src/rock.py", line 247, in _run_command
    raise container.CalledProcessError(
container.CalledProcessError: Command '['mysqlsh', '--passwords-from-stdin', '--uri', 'relation-9_9bfbcb8f005e47e@db1-primary.testing.svc.cluster.local:3306', '--python', '--file', '/tmp/mysqlsh_script.py']' returned non-zero exit status 1.
unit-db1-0: 01:37:54 ERROR unit.db1/0.juju-log get_unit_address: unit DNS domain name is not fully propagated yet, trying again
unit-mysql-router-k8s-0: 01:37:54 ERROR juju.worker.uniter.operation hook "update-status" (via hook dispatching script: dispatch) failed: exit status 1
unit-mysql-router-k8s-0: 01:38:04 ERROR unit.mysql-router-k8s/0.juju-log Failed to run MySQL Shell script:
import json
import mysqlsh
import traceback

try:
    # Disable wizards in this script, since it will be invoked without --no-wizard
    shell.options.set('useWizards', False)
    import json

    cluster_set = dba.get_cluster_set()
    routers = cluster_set.list_routers()
    # mysqlsh objects are weird—they quack (i.e. duck typing) like standard Python objects (e.g. list,
    # dict), but do not serialize to JSON correctly.
    # Cast to str & load from JSON str before serializing
    routers = json.loads(str(routers))
    with open("/tmp/mysqlsh_output.json", "w") as file:
        json.dump(routers, file)
except mysqlsh.DBError as exception:
    error = {
        "message": str(exception),
        "code": exception.code,
        "traceback_message": "".join(traceback.format_exception(exception)),
    }
else:
    error = None
with open("/tmp/mysqlsh_error.json", "w") as file:
    json.dump(error, file)

stderr:
Cannot set LC_ALL to locale en_US.UTF-8: No such file or directory
MySQL Error 2003 (HY000): Can't connect to MySQL server on 'db1-primary.testing.svc.cluster.local:3306' (111)

Traceback (most recent call last):
  File "/var/lib/juju/agents/unit-mysql-router-k8s-0/charm/src/rock.py", line 245, in _run_command
    output, _ = process.wait_output()
  File "/var/lib/juju/agents/unit-mysql-router-k8s-0/charm/venv/lib/python3.10/site-packages/ops/pebble.py", line 1441, in wait_output
    raise ExecError[AnyStr](self._command, exit_code, out_value, err_value)
ops.pebble.ExecError: non-zero exit code 1 executing ['mysqlsh', '--passwords-from-stdin', '--uri', 'relation-9_9bfbcb8f005e47e@db1-primary.testing.svc.cluster.local:3306', '--python', '--file', '/tmp/mysqlsh_script.py'], stdout="\x1b[1mPlease provide the password for 'relation-9_9bfbcb8f005e47e@db1-primary.testing.svc.cluster.local:3306': \x1b[0m", stderr="Cannot set LC_ALL to locale en_US.UTF-8: No such file or directory\nMySQL Error 2003 (HY000): Can't connect to MySQL server on 'db1-primary.testing.svc.cluster.local:3306' (111)\n"

During handling of the above exception, another exception occurred:

Traceback (most recent call last):
  File "/var/lib/juju/agents/unit-mysql-router-k8s-0/charm/src/mysql_shell/__init__.py", line 74, in _run_code
    self._container.run_mysql_shell(
  File "/var/lib/juju/agents/unit-mysql-router-k8s-0/charm/lib/charms/tempo_coordinator_k8s/v0/charm_tracing.py", line 735, in wrapped_function
    return callable(*args, **kwargs)  # type: ignore
  File "/var/lib/juju/agents/unit-mysql-router-k8s-0/charm/src/container.py", line 212, in run_mysql_shell
    return self._run_command(args, timeout=timeout, input=input)
  File "/var/lib/juju/agents/unit-mysql-router-k8s-0/charm/lib/charms/tempo_coordinator_k8s/v0/charm_tracing.py", line 735, in wrapped_function
    return callable(*args, **kwargs)  # type: ignore
  File "/var/lib/juju/agents/unit-mysql-router-k8s-0/charm/src/rock.py", line 247, in _run_command
    raise container.CalledProcessError(
container.CalledProcessError: Command '['mysqlsh', '--passwords-from-stdin', '--uri', 'relation-9_9bfbcb8f005e47e@db1-primary.testing.svc.cluster.local:3306', '--python', '--file', '/tmp/mysqlsh_script.py']' returned non-zero exit status 1.
unit-mysql-router-k8s-0: 01:38:04 ERROR unit.mysql-router-k8s/0.juju-log Uncaught exception while in charm code:
Traceback (most recent call last):
  File "/var/lib/juju/agents/unit-mysql-router-k8s-0/charm/src/rock.py", line 245, in _run_command
    output, _ = process.wait_output()
  File "/var/lib/juju/agents/unit-mysql-router-k8s-0/charm/venv/lib/python3.10/site-packages/ops/pebble.py", line 1441, in wait_output
    raise ExecError[AnyStr](self._command, exit_code, out_value, err_value)
ops.pebble.ExecError: non-zero exit code 1 executing ['mysqlsh', '--passwords-from-stdin', '--uri', 'relation-9_9bfbcb8f005e47e@db1-primary.testing.svc.cluster.local:3306', '--python', '--file', '/tmp/mysqlsh_script.py'], stdout="\x1b[1mPlease provide the password for 'relation-9_9bfbcb8f005e47e@db1-primary.testing.svc.cluster.local:3306': \x1b[0m", stderr="Cannot set LC_ALL to locale en_US.UTF-8: No such file or directory\nMySQL Error 2003 (HY000): Can't connect to MySQL server on 'db1-primary.testing.svc.cluster.local:3306' (111)\n"

During handling of the above exception, another exception occurred:

Traceback (most recent call last):
  File "/var/lib/juju/agents/unit-mysql-router-k8s-0/charm/src/charm.py", line 448, in <module>
    ops.main.main(KubernetesRouterCharm)
  File "/var/lib/juju/agents/unit-mysql-router-k8s-0/charm/venv/lib/python3.10/site-packages/ops/main.py", line 436, in main
    _emit_charm_event(charm, dispatcher.event_name)
  File "/var/lib/juju/agents/unit-mysql-router-k8s-0/charm/venv/lib/python3.10/site-packages/ops/main.py", line 144, in _emit_charm_event
    event_to_emit.emit(*args, **kwargs)
  File "/var/lib/juju/agents/unit-mysql-router-k8s-0/charm/venv/lib/python3.10/site-packages/ops/framework.py", line 351, in emit
    framework._emit(event)
  File "/var/lib/juju/agents/unit-mysql-router-k8s-0/charm/venv/lib/python3.10/site-packages/ops/framework.py", line 853, in _emit
    self._reemit(event_path)
  File "/var/lib/juju/agents/unit-mysql-router-k8s-0/charm/venv/lib/python3.10/site-packages/ops/framework.py", line 942, in _reemit
    custom_handler(event)
  File "/var/lib/juju/agents/unit-mysql-router-k8s-0/charm/lib/charms/tempo_coordinator_k8s/v0/charm_tracing.py", line 735, in wrapped_function
    return callable(*args, **kwargs)  # type: ignore
  File "/var/lib/juju/agents/unit-mysql-router-k8s-0/charm/src/abstract_charm.py", line 371, in reconcile
    if not workload_.status or workload_.status == ops.WaitingStatus():
  File "/var/lib/juju/agents/unit-mysql-router-k8s-0/charm/src/workload.py", line 414, in status
    if not self.shell.is_router_in_cluster_set(self._router_id):
  File "/var/lib/juju/agents/unit-mysql-router-k8s-0/charm/src/mysql_shell/__init__.py", line 214, in is_router_in_cluster_set
    self._run_code(
  File "/var/lib/juju/agents/unit-mysql-router-k8s-0/charm/src/mysql_shell/__init__.py", line 74, in _run_code
    self._container.run_mysql_shell(
  File "/var/lib/juju/agents/unit-mysql-router-k8s-0/charm/lib/charms/tempo_coordinator_k8s/v0/charm_tracing.py", line 735, in wrapped_function
    return callable(*args, **kwargs)  # type: ignore
  File "/var/lib/juju/agents/unit-mysql-router-k8s-0/charm/src/container.py", line 212, in run_mysql_shell
    return self._run_command(args, timeout=timeout, input=input)
  File "/var/lib/juju/agents/unit-mysql-router-k8s-0/charm/lib/charms/tempo_coordinator_k8s/v0/charm_tracing.py", line 735, in wrapped_function
    return callable(*args, **kwargs)  # type: ignore
  File "/var/lib/juju/agents/unit-mysql-router-k8s-0/charm/src/rock.py", line 247, in _run_command
    raise container.CalledProcessError(
container.CalledProcessError: Command '['mysqlsh', '--passwords-from-stdin', '--uri', 'relation-9_9bfbcb8f005e47e@db1-primary.testing.svc.cluster.local:3306', '--python', '--file', '/tmp/mysqlsh_script.py']' returned non-zero exit status 1.
unit-mysql-router-k8s-0: 01:38:05 ERROR juju.worker.uniter.operation hook "update-status" (via hook dispatching script: dispatch) failed: exit status 1
unit-mysql-router-k8s-0: 01:38:17 ERROR unit.mysql-router-k8s/0.juju-log Failed to run MySQL Shell script:
import json
import mysqlsh
import traceback

try:
    # Disable wizards in this script, since it will be invoked without --no-wizard
    shell.options.set('useWizards', False)
    import json

    cluster_set = dba.get_cluster_set()
    routers = cluster_set.list_routers()
    # mysqlsh objects are weird—they quack (i.e. duck typing) like standard Python objects (e.g. list,
    # dict), but do not serialize to JSON correctly.
    # Cast to str & load from JSON str before serializing
    routers = json.loads(str(routers))
    with open("/tmp/mysqlsh_output.json", "w") as file:
        json.dump(routers, file)
except mysqlsh.DBError as exception:
    error = {
        "message": str(exception),
        "code": exception.code,
        "traceback_message": "".join(traceback.format_exception(exception)),
    }
else:
    error = None
with open("/tmp/mysqlsh_error.json", "w") as file:
    json.dump(error, file)

stderr:
Cannot set LC_ALL to locale en_US.UTF-8: No such file or directory
MySQL Error 2003 (HY000): Can't connect to MySQL server on 'db1-primary.testing.svc.cluster.local:3306' (111)

Traceback (most recent call last):
  File "/var/lib/juju/agents/unit-mysql-router-k8s-0/charm/src/rock.py", line 245, in _run_command
    output, _ = process.wait_output()
  File "/var/lib/juju/agents/unit-mysql-router-k8s-0/charm/venv/lib/python3.10/site-packages/ops/pebble.py", line 1441, in wait_output
    raise ExecError[AnyStr](self._command, exit_code, out_value, err_value)
ops.pebble.ExecError: non-zero exit code 1 executing ['mysqlsh', '--passwords-from-stdin', '--uri', 'relation-9_9bfbcb8f005e47e@db1-primary.testing.svc.cluster.local:3306', '--python', '--file', '/tmp/mysqlsh_script.py'], stdout="\x1b[1mPlease provide the password for 'relation-9_9bfbcb8f005e47e@db1-primary.testing.svc.cluster.local:3306': \x1b[0m", stderr="Cannot set LC_ALL to locale en_US.UTF-8: No such file or directory\nMySQL Error 2003 (HY000): Can't connect to MySQL server on 'db1-primary.testing.svc.cluster.local:3306' (111)\n"

During handling of the above exception, another exception occurred:

Traceback (most recent call last):
  File "/var/lib/juju/agents/unit-mysql-router-k8s-0/charm/src/mysql_shell/__init__.py", line 74, in _run_code
    self._container.run_mysql_shell(
  File "/var/lib/juju/agents/unit-mysql-router-k8s-0/charm/lib/charms/tempo_coordinator_k8s/v0/charm_tracing.py", line 735, in wrapped_function
    return callable(*args, **kwargs)  # type: ignore
  File "/var/lib/juju/agents/unit-mysql-router-k8s-0/charm/src/container.py", line 212, in run_mysql_shell
    return self._run_command(args, timeout=timeout, input=input)
  File "/var/lib/juju/agents/unit-mysql-router-k8s-0/charm/lib/charms/tempo_coordinator_k8s/v0/charm_tracing.py", line 735, in wrapped_function
    return callable(*args, **kwargs)  # type: ignore
  File "/var/lib/juju/agents/unit-mysql-router-k8s-0/charm/src/rock.py", line 247, in _run_command
    raise container.CalledProcessError(
container.CalledProcessError: Command '['mysqlsh', '--passwords-from-stdin', '--uri', 'relation-9_9bfbcb8f005e47e@db1-primary.testing.svc.cluster.local:3306', '--python', '--file', '/tmp/mysqlsh_script.py']' returned non-zero exit status 1.
unit-mysql-router-k8s-0: 01:38:17 ERROR unit.mysql-router-k8s/0.juju-log Uncaught exception while in charm code:
Traceback (most recent call last):
  File "/var/lib/juju/agents/unit-mysql-router-k8s-0/charm/src/rock.py", line 245, in _run_command
    output, _ = process.wait_output()
  File "/var/lib/juju/agents/unit-mysql-router-k8s-0/charm/venv/lib/python3.10/site-packages/ops/pebble.py", line 1441, in wait_output
    raise ExecError[AnyStr](self._command, exit_code, out_value, err_value)
ops.pebble.ExecError: non-zero exit code 1 executing ['mysqlsh', '--passwords-from-stdin', '--uri', 'relation-9_9bfbcb8f005e47e@db1-primary.testing.svc.cluster.local:3306', '--python', '--file', '/tmp/mysqlsh_script.py'], stdout="\x1b[1mPlease provide the password for 'relation-9_9bfbcb8f005e47e@db1-primary.testing.svc.cluster.local:3306': \x1b[0m", stderr="Cannot set LC_ALL to locale en_US.UTF-8: No such file or directory\nMySQL Error 2003 (HY000): Can't connect to MySQL server on 'db1-primary.testing.svc.cluster.local:3306' (111)\n"

During handling of the above exception, another exception occurred:

Traceback (most recent call last):
  File "/var/lib/juju/agents/unit-mysql-router-k8s-0/charm/src/charm.py", line 448, in <module>
    ops.main.main(KubernetesRouterCharm)
  File "/var/lib/juju/agents/unit-mysql-router-k8s-0/charm/venv/lib/python3.10/site-packages/ops/main.py", line 436, in main
    _emit_charm_event(charm, dispatcher.event_name)
  File "/var/lib/juju/agents/unit-mysql-router-k8s-0/charm/venv/lib/python3.10/site-packages/ops/main.py", line 144, in _emit_charm_event
    event_to_emit.emit(*args, **kwargs)
  File "/var/lib/juju/agents/unit-mysql-router-k8s-0/charm/venv/lib/python3.10/site-packages/ops/framework.py", line 351, in emit
    framework._emit(event)
  File "/var/lib/juju/agents/unit-mysql-router-k8s-0/charm/venv/lib/python3.10/site-packages/ops/framework.py", line 853, in _emit
    self._reemit(event_path)
  File "/var/lib/juju/agents/unit-mysql-router-k8s-0/charm/venv/lib/python3.10/site-packages/ops/framework.py", line 942, in _reemit
    custom_handler(event)
  File "/var/lib/juju/agents/unit-mysql-router-k8s-0/charm/lib/charms/tempo_coordinator_k8s/v0/charm_tracing.py", line 735, in wrapped_function
    return callable(*args, **kwargs)  # type: ignore
  File "/var/lib/juju/agents/unit-mysql-router-k8s-0/charm/src/abstract_charm.py", line 371, in reconcile
    if not workload_.status or workload_.status == ops.WaitingStatus():
  File "/var/lib/juju/agents/unit-mysql-router-k8s-0/charm/src/workload.py", line 414, in status
    if not self.shell.is_router_in_cluster_set(self._router_id):
  File "/var/lib/juju/agents/unit-mysql-router-k8s-0/charm/src/mysql_shell/__init__.py", line 214, in is_router_in_cluster_set
    self._run_code(
  File "/var/lib/juju/agents/unit-mysql-router-k8s-0/charm/src/mysql_shell/__init__.py", line 74, in _run_code
    self._container.run_mysql_shell(
  File "/var/lib/juju/agents/unit-mysql-router-k8s-0/charm/lib/charms/tempo_coordinator_k8s/v0/charm_tracing.py", line 735, in wrapped_function
    return callable(*args, **kwargs)  # type: ignore
  File "/var/lib/juju/agents/unit-mysql-router-k8s-0/charm/src/container.py", line 212, in run_mysql_shell
    return self._run_command(args, timeout=timeout, input=input)
  File "/var/lib/juju/agents/unit-mysql-router-k8s-0/charm/lib/charms/tempo_coordinator_k8s/v0/charm_tracing.py", line 735, in wrapped_function
    return callable(*args, **kwargs)  # type: ignore
  File "/var/lib/juju/agents/unit-mysql-router-k8s-0/charm/src/rock.py", line 247, in _run_command
    raise container.CalledProcessError(
container.CalledProcessError: Command '['mysqlsh', '--passwords-from-stdin', '--uri', 'relation-9_9bfbcb8f005e47e@db1-primary.testing.svc.cluster.local:3306', '--python', '--file', '/tmp/mysqlsh_script.py']' returned non-zero exit status 1.
unit-mysql-router-k8s-0: 01:38:17 ERROR juju.worker.uniter.operation hook "update-status" (via hook dispatching script: dispatch) failed: exit status 1
unit-mysql-router-k8s-0: 01:38:40 ERROR unit.mysql-router-k8s/0.juju-log Failed to run MySQL Shell script:
import json
import mysqlsh
import traceback

try:
    # Disable wizards in this script, since it will be invoked without --no-wizard
    shell.options.set('useWizards', False)
    import json

    cluster_set = dba.get_cluster_set()
    routers = cluster_set.list_routers()
    # mysqlsh objects are weird—they quack (i.e. duck typing) like standard Python objects (e.g. list,
    # dict), but do not serialize to JSON correctly.
    # Cast to str & load from JSON str before serializing
    routers = json.loads(str(routers))
    with open("/tmp/mysqlsh_output.json", "w") as file:
        json.dump(routers, file)
except mysqlsh.DBError as exception:
    error = {
        "message": str(exception),
        "code": exception.code,
        "traceback_message": "".join(traceback.format_exception(exception)),
    }
else:
    error = None
with open("/tmp/mysqlsh_error.json", "w") as file:
    json.dump(error, file)

stderr:
Cannot set LC_ALL to locale en_US.UTF-8: No such file or directory
MySQL Error 2003 (HY000): Can't connect to MySQL server on 'db1-primary.testing.svc.cluster.local:3306' (111)

Traceback (most recent call last):
  File "/var/lib/juju/agents/unit-mysql-router-k8s-0/charm/src/rock.py", line 245, in _run_command
    output, _ = process.wait_output()
  File "/var/lib/juju/agents/unit-mysql-router-k8s-0/charm/venv/lib/python3.10/site-packages/ops/pebble.py", line 1441, in wait_output
    raise ExecError[AnyStr](self._command, exit_code, out_value, err_value)
ops.pebble.ExecError: non-zero exit code 1 executing ['mysqlsh', '--passwords-from-stdin', '--uri', 'relation-9_9bfbcb8f005e47e@db1-primary.testing.svc.cluster.local:3306', '--python', '--file', '/tmp/mysqlsh_script.py'], stdout="\x1b[1mPlease provide the password for 'relation-9_9bfbcb8f005e47e@db1-primary.testing.svc.cluster.local:3306': \x1b[0m", stderr="Cannot set LC_ALL to locale en_US.UTF-8: No such file or directory\nMySQL Error 2003 (HY000): Can't connect to MySQL server on 'db1-primary.testing.svc.cluster.local:3306' (111)\n"

During handling of the above exception, another exception occurred:

Traceback (most recent call last):
  File "/var/lib/juju/agents/unit-mysql-router-k8s-0/charm/src/mysql_shell/__init__.py", line 74, in _run_code
    self._container.run_mysql_shell(
  File "/var/lib/juju/agents/unit-mysql-router-k8s-0/charm/lib/charms/tempo_coordinator_k8s/v0/charm_tracing.py", line 735, in wrapped_function
    return callable(*args, **kwargs)  # type: ignore
  File "/var/lib/juju/agents/unit-mysql-router-k8s-0/charm/src/container.py", line 212, in run_mysql_shell
    return self._run_command(args, timeout=timeout, input=input)
  File "/var/lib/juju/agents/unit-mysql-router-k8s-0/charm/lib/charms/tempo_coordinator_k8s/v0/charm_tracing.py", line 735, in wrapped_function
    return callable(*args, **kwargs)  # type: ignore
  File "/var/lib/juju/agents/unit-mysql-router-k8s-0/charm/src/rock.py", line 247, in _run_command
    raise container.CalledProcessError(
container.CalledProcessError: Command '['mysqlsh', '--passwords-from-stdin', '--uri', 'relation-9_9bfbcb8f005e47e@db1-primary.testing.svc.cluster.local:3306', '--python', '--file', '/tmp/mysqlsh_script.py']' returned non-zero exit status 1.
unit-mysql-router-k8s-0: 01:38:40 ERROR unit.mysql-router-k8s/0.juju-log Uncaught exception while in charm code:
Traceback (most recent call last):
  File "/var/lib/juju/agents/unit-mysql-router-k8s-0/charm/src/rock.py", line 245, in _run_command
    output, _ = process.wait_output()
  File "/var/lib/juju/agents/unit-mysql-router-k8s-0/charm/venv/lib/python3.10/site-packages/ops/pebble.py", line 1441, in wait_output
    raise ExecError[AnyStr](self._command, exit_code, out_value, err_value)
ops.pebble.ExecError: non-zero exit code 1 executing ['mysqlsh', '--passwords-from-stdin', '--uri', 'relation-9_9bfbcb8f005e47e@db1-primary.testing.svc.cluster.local:3306', '--python', '--file', '/tmp/mysqlsh_script.py'], stdout="\x1b[1mPlease provide the password for 'relation-9_9bfbcb8f005e47e@db1-primary.testing.svc.cluster.local:3306': \x1b[0m", stderr="Cannot set LC_ALL to locale en_US.UTF-8: No such file or directory\nMySQL Error 2003 (HY000): Can't connect to MySQL server on 'db1-primary.testing.svc.cluster.local:3306' (111)\n"

During handling of the above exception, another exception occurred:

Traceback (most recent call last):
  File "/var/lib/juju/agents/unit-mysql-router-k8s-0/charm/src/charm.py", line 448, in <module>
    ops.main.main(KubernetesRouterCharm)
  File "/var/lib/juju/agents/unit-mysql-router-k8s-0/charm/venv/lib/python3.10/site-packages/ops/main.py", line 436, in main
    _emit_charm_event(charm, dispatcher.event_name)
  File "/var/lib/juju/agents/unit-mysql-router-k8s-0/charm/venv/lib/python3.10/site-packages/ops/main.py", line 144, in _emit_charm_event
    event_to_emit.emit(*args, **kwargs)
  File "/var/lib/juju/agents/unit-mysql-router-k8s-0/charm/venv/lib/python3.10/site-packages/ops/framework.py", line 351, in emit
    framework._emit(event)
  File "/var/lib/juju/agents/unit-mysql-router-k8s-0/charm/venv/lib/python3.10/site-packages/ops/framework.py", line 853, in _emit
    self._reemit(event_path)
  File "/var/lib/juju/agents/unit-mysql-router-k8s-0/charm/venv/lib/python3.10/site-packages/ops/framework.py", line 942, in _reemit
    custom_handler(event)
  File "/var/lib/juju/agents/unit-mysql-router-k8s-0/charm/lib/charms/tempo_coordinator_k8s/v0/charm_tracing.py", line 735, in wrapped_function
    return callable(*args, **kwargs)  # type: ignore
  File "/var/lib/juju/agents/unit-mysql-router-k8s-0/charm/src/abstract_charm.py", line 371, in reconcile
    if not workload_.status or workload_.status == ops.WaitingStatus():
  File "/var/lib/juju/agents/unit-mysql-router-k8s-0/charm/src/workload.py", line 414, in status
    if not self.shell.is_router_in_cluster_set(self._router_id):
  File "/var/lib/juju/agents/unit-mysql-router-k8s-0/charm/src/mysql_shell/__init__.py", line 214, in is_router_in_cluster_set
    self._run_code(
  File "/var/lib/juju/agents/unit-mysql-router-k8s-0/charm/src/mysql_shell/__init__.py", line 74, in _run_code
    self._container.run_mysql_shell(
  File "/var/lib/juju/agents/unit-mysql-router-k8s-0/charm/lib/charms/tempo_coordinator_k8s/v0/charm_tracing.py", line 735, in wrapped_function
    return callable(*args, **kwargs)  # type: ignore
  File "/var/lib/juju/agents/unit-mysql-router-k8s-0/charm/src/container.py", line 212, in run_mysql_shell
    return self._run_command(args, timeout=timeout, input=input)
  File "/var/lib/juju/agents/unit-mysql-router-k8s-0/charm/lib/charms/tempo_coordinator_k8s/v0/charm_tracing.py", line 735, in wrapped_function
    return callable(*args, **kwargs)  # type: ignore
  File "/var/lib/juju/agents/unit-mysql-router-k8s-0/charm/src/rock.py", line 247, in _run_command
    raise container.CalledProcessError(
container.CalledProcessError: Command '['mysqlsh', '--passwords-from-stdin', '--uri', 'relation-9_9bfbcb8f005e47e@db1-primary.testing.svc.cluster.local:3306', '--python', '--file', '/tmp/mysqlsh_script.py']' returned non-zero exit status 1.
unit-mysql-router-k8s-0: 01:38:40 ERROR juju.worker.uniter.operation hook "update-status" (via hook dispatching script: dispatch) failed: exit status 1
unit-mysql-router-k8s-0: 01:39:23 ERROR unit.mysql-router-k8s/0.juju-log Failed to run MySQL Shell script:
import json
import mysqlsh
import traceback

try:
    # Disable wizards in this script, since it will be invoked without --no-wizard
    shell.options.set('useWizards', False)
    import json

    cluster_set = dba.get_cluster_set()
    routers = cluster_set.list_routers()
    # mysqlsh objects are weird—they quack (i.e. duck typing) like standard Python objects (e.g. list,
    # dict), but do not serialize to JSON correctly.
    # Cast to str & load from JSON str before serializing
    routers = json.loads(str(routers))
    with open("/tmp/mysqlsh_output.json", "w") as file:
        json.dump(routers, file)
except mysqlsh.DBError as exception:
    error = {
        "message": str(exception),
        "code": exception.code,
        "traceback_message": "".join(traceback.format_exception(exception)),
    }
else:
    error = None
with open("/tmp/mysqlsh_error.json", "w") as file:
    json.dump(error, file)

stderr:
Cannot set LC_ALL to locale en_US.UTF-8: No such file or directory
MySQL Error 2003 (HY000): Can't connect to MySQL server on 'db1-primary.testing.svc.cluster.local:3306' (111)

Traceback (most recent call last):
  File "/var/lib/juju/agents/unit-mysql-router-k8s-0/charm/src/rock.py", line 245, in _run_command
    output, _ = process.wait_output()
  File "/var/lib/juju/agents/unit-mysql-router-k8s-0/charm/venv/lib/python3.10/site-packages/ops/pebble.py", line 1441, in wait_output
    raise ExecError[AnyStr](self._command, exit_code, out_value, err_value)
ops.pebble.ExecError: non-zero exit code 1 executing ['mysqlsh', '--passwords-from-stdin', '--uri', 'relation-9_9bfbcb8f005e47e@db1-primary.testing.svc.cluster.local:3306', '--python', '--file', '/tmp/mysqlsh_script.py'], stdout="\x1b[1mPlease provide the password for 'relation-9_9bfbcb8f005e47e@db1-primary.testing.svc.cluster.local:3306': \x1b[0m", stderr="Cannot set LC_ALL to locale en_US.UTF-8: No such file or directory\nMySQL Error 2003 (HY000): Can't connect to MySQL server on 'db1-primary.testing.svc.cluster.local:3306' (111)\n"

During handling of the above exception, another exception occurred:

Traceback (most recent call last):
  File "/var/lib/juju/agents/unit-mysql-router-k8s-0/charm/src/mysql_shell/__init__.py", line 74, in _run_code
    self._container.run_mysql_shell(
  File "/var/lib/juju/agents/unit-mysql-router-k8s-0/charm/lib/charms/tempo_coordinator_k8s/v0/charm_tracing.py", line 735, in wrapped_function
    return callable(*args, **kwargs)  # type: ignore
  File "/var/lib/juju/agents/unit-mysql-router-k8s-0/charm/src/container.py", line 212, in run_mysql_shell
    return self._run_command(args, timeout=timeout, input=input)
  File "/var/lib/juju/agents/unit-mysql-router-k8s-0/charm/lib/charms/tempo_coordinator_k8s/v0/charm_tracing.py", line 735, in wrapped_function
    return callable(*args, **kwargs)  # type: ignore
  File "/var/lib/juju/agents/unit-mysql-router-k8s-0/charm/src/rock.py", line 247, in _run_command
    raise container.CalledProcessError(
container.CalledProcessError: Command '['mysqlsh', '--passwords-from-stdin', '--uri', 'relation-9_9bfbcb8f005e47e@db1-primary.testing.svc.cluster.local:3306', '--python', '--file', '/tmp/mysqlsh_script.py']' returned non-zero exit status 1.
unit-mysql-router-k8s-0: 01:39:23 ERROR unit.mysql-router-k8s/0.juju-log Uncaught exception while in charm code:
Traceback (most recent call last):
  File "/var/lib/juju/agents/unit-mysql-router-k8s-0/charm/src/rock.py", line 245, in _run_command
    output, _ = process.wait_output()
  File "/var/lib/juju/agents/unit-mysql-router-k8s-0/charm/venv/lib/python3.10/site-packages/ops/pebble.py", line 1441, in wait_output
    raise ExecError[AnyStr](self._command, exit_code, out_value, err_value)
ops.pebble.ExecError: non-zero exit code 1 executing ['mysqlsh', '--passwords-from-stdin', '--uri', 'relation-9_9bfbcb8f005e47e@db1-primary.testing.svc.cluster.local:3306', '--python', '--file', '/tmp/mysqlsh_script.py'], stdout="\x1b[1mPlease provide the password for 'relation-9_9bfbcb8f005e47e@db1-primary.testing.svc.cluster.local:3306': \x1b[0m", stderr="Cannot set LC_ALL to locale en_US.UTF-8: No such file or directory\nMySQL Error 2003 (HY000): Can't connect to MySQL server on 'db1-primary.testing.svc.cluster.local:3306' (111)\n"

During handling of the above exception, another exception occurred:

Traceback (most recent call last):
  File "/var/lib/juju/agents/unit-mysql-router-k8s-0/charm/src/charm.py", line 448, in <module>
    ops.main.main(KubernetesRouterCharm)
  File "/var/lib/juju/agents/unit-mysql-router-k8s-0/charm/venv/lib/python3.10/site-packages/ops/main.py", line 436, in main
    _emit_charm_event(charm, dispatcher.event_name)
  File "/var/lib/juju/agents/unit-mysql-router-k8s-0/charm/venv/lib/python3.10/site-packages/ops/main.py", line 144, in _emit_charm_event
    event_to_emit.emit(*args, **kwargs)
  File "/var/lib/juju/agents/unit-mysql-router-k8s-0/charm/venv/lib/python3.10/site-packages/ops/framework.py", line 351, in emit
    framework._emit(event)
  File "/var/lib/juju/agents/unit-mysql-router-k8s-0/charm/venv/lib/python3.10/site-packages/ops/framework.py", line 853, in _emit
    self._reemit(event_path)
  File "/var/lib/juju/agents/unit-mysql-router-k8s-0/charm/venv/lib/python3.10/site-packages/ops/framework.py", line 942, in _reemit
    custom_handler(event)
  File "/var/lib/juju/agents/unit-mysql-router-k8s-0/charm/lib/charms/tempo_coordinator_k8s/v0/charm_tracing.py", line 735, in wrapped_function
    return callable(*args, **kwargs)  # type: ignore
  File "/var/lib/juju/agents/unit-mysql-router-k8s-0/charm/src/abstract_charm.py", line 371, in reconcile
    if not workload_.status or workload_.status == ops.WaitingStatus():
  File "/var/lib/juju/agents/unit-mysql-router-k8s-0/charm/src/workload.py", line 414, in status
    if not self.shell.is_router_in_cluster_set(self._router_id):
  File "/var/lib/juju/agents/unit-mysql-router-k8s-0/charm/src/mysql_shell/__init__.py", line 214, in is_router_in_cluster_set
    self._run_code(
  File "/var/lib/juju/agents/unit-mysql-router-k8s-0/charm/src/mysql_shell/__init__.py", line 74, in _run_code
    self._container.run_mysql_shell(
  File "/var/lib/juju/agents/unit-mysql-router-k8s-0/charm/lib/charms/tempo_coordinator_k8s/v0/charm_tracing.py", line 735, in wrapped_function
    return callable(*args, **kwargs)  # type: ignore
  File "/var/lib/juju/agents/unit-mysql-router-k8s-0/charm/src/container.py", line 212, in run_mysql_shell
    return self._run_command(args, timeout=timeout, input=input)
  File "/var/lib/juju/agents/unit-mysql-router-k8s-0/charm/lib/charms/tempo_coordinator_k8s/v0/charm_tracing.py", line 735, in wrapped_function
    return callable(*args, **kwargs)  # type: ignore
  File "/var/lib/juju/agents/unit-mysql-router-k8s-0/charm/src/rock.py", line 247, in _run_command
    raise container.CalledProcessError(
container.CalledProcessError: Command '['mysqlsh', '--passwords-from-stdin', '--uri', 'relation-9_9bfbcb8f005e47e@db1-primary.testing.svc.cluster.local:3306', '--python', '--file', '/tmp/mysqlsh_script.py']' returned non-zero exit status 1.
unit-mysql-router-k8s-0: 01:39:24 ERROR juju.worker.uniter.operation hook "update-status" (via hook dispatching script: dispatch) failed: exit status 1
unit-mysql-router-k8s-0: 01:40:46 ERROR unit.mysql-router-k8s/0.juju-log Failed to run MySQL Shell script:
import json
import mysqlsh
import traceback

try:
    # Disable wizards in this script, since it will be invoked without --no-wizard
    shell.options.set('useWizards', False)
    import json

    cluster_set = dba.get_cluster_set()
    routers = cluster_set.list_routers()
    # mysqlsh objects are weird—they quack (i.e. duck typing) like standard Python objects (e.g. list,
    # dict), but do not serialize to JSON correctly.
    # Cast to str & load from JSON str before serializing
    routers = json.loads(str(routers))
    with open("/tmp/mysqlsh_output.json", "w") as file:
        json.dump(routers, file)
except mysqlsh.DBError as exception:
    error = {
        "message": str(exception),
        "code": exception.code,
        "traceback_message": "".join(traceback.format_exception(exception)),
    }
else:
    error = None
with open("/tmp/mysqlsh_error.json", "w") as file:
    json.dump(error, file)

stderr:
Cannot set LC_ALL to locale en_US.UTF-8: No such file or directory
MySQL Error 2003 (HY000): Can't connect to MySQL server on 'db1-primary.testing.svc.cluster.local:3306' (111)

Traceback (most recent call last):
  File "/var/lib/juju/agents/unit-mysql-router-k8s-0/charm/src/rock.py", line 245, in _run_command
    output, _ = process.wait_output()
  File "/var/lib/juju/agents/unit-mysql-router-k8s-0/charm/venv/lib/python3.10/site-packages/ops/pebble.py", line 1441, in wait_output
    raise ExecError[AnyStr](self._command, exit_code, out_value, err_value)
ops.pebble.ExecError: non-zero exit code 1 executing ['mysqlsh', '--passwords-from-stdin', '--uri', 'relation-9_9bfbcb8f005e47e@db1-primary.testing.svc.cluster.local:3306', '--python', '--file', '/tmp/mysqlsh_script.py'], stdout="\x1b[1mPlease provide the password for 'relation-9_9bfbcb8f005e47e@db1-primary.testing.svc.cluster.local:3306': \x1b[0m", stderr="Cannot set LC_ALL to locale en_US.UTF-8: No such file or directory\nMySQL Error 2003 (HY000): Can't connect to MySQL server on 'db1-primary.testing.svc.cluster.local:3306' (111)\n"

During handling of the above exception, another exception occurred:

Traceback (most recent call last):
  File "/var/lib/juju/agents/unit-mysql-router-k8s-0/charm/src/mysql_shell/__init__.py", line 74, in _run_code
    self._container.run_mysql_shell(
  File "/var/lib/juju/agents/unit-mysql-router-k8s-0/charm/lib/charms/tempo_coordinator_k8s/v0/charm_tracing.py", line 735, in wrapped_function
    return callable(*args, **kwargs)  # type: ignore
  File "/var/lib/juju/agents/unit-mysql-router-k8s-0/charm/src/container.py", line 212, in run_mysql_shell
    return self._run_command(args, timeout=timeout, input=input)
  File "/var/lib/juju/agents/unit-mysql-router-k8s-0/charm/lib/charms/tempo_coordinator_k8s/v0/charm_tracing.py", line 735, in wrapped_function
    return callable(*args, **kwargs)  # type: ignore
  File "/var/lib/juju/agents/unit-mysql-router-k8s-0/charm/src/rock.py", line 247, in _run_command
    raise container.CalledProcessError(
container.CalledProcessError: Command '['mysqlsh', '--passwords-from-stdin', '--uri', 'relation-9_9bfbcb8f005e47e@db1-primary.testing.svc.cluster.local:3306', '--python', '--file', '/tmp/mysqlsh_script.py']' returned non-zero exit status 1.
unit-mysql-router-k8s-0: 01:40:46 ERROR unit.mysql-router-k8s/0.juju-log Uncaught exception while in charm code:
Traceback (most recent call last):
  File "/var/lib/juju/agents/unit-mysql-router-k8s-0/charm/src/rock.py", line 245, in _run_command
    output, _ = process.wait_output()
  File "/var/lib/juju/agents/unit-mysql-router-k8s-0/charm/venv/lib/python3.10/site-packages/ops/pebble.py", line 1441, in wait_output
    raise ExecError[AnyStr](self._command, exit_code, out_value, err_value)
ops.pebble.ExecError: non-zero exit code 1 executing ['mysqlsh', '--passwords-from-stdin', '--uri', 'relation-9_9bfbcb8f005e47e@db1-primary.testing.svc.cluster.local:3306', '--python', '--file', '/tmp/mysqlsh_script.py'], stdout="\x1b[1mPlease provide the password for 'relation-9_9bfbcb8f005e47e@db1-primary.testing.svc.cluster.local:3306': \x1b[0m", stderr="Cannot set LC_ALL to locale en_US.UTF-8: No such file or directory\nMySQL Error 2003 (HY000): Can't connect to MySQL server on 'db1-primary.testing.svc.cluster.local:3306' (111)\n"

During handling of the above exception, another exception occurred:

Traceback (most recent call last):
  File "/var/lib/juju/agents/unit-mysql-router-k8s-0/charm/src/charm.py", line 448, in <module>
    ops.main.main(KubernetesRouterCharm)
  File "/var/lib/juju/agents/unit-mysql-router-k8s-0/charm/venv/lib/python3.10/site-packages/ops/main.py", line 436, in main
    _emit_charm_event(charm, dispatcher.event_name)
  File "/var/lib/juju/agents/unit-mysql-router-k8s-0/charm/venv/lib/python3.10/site-packages/ops/main.py", line 144, in _emit_charm_event
    event_to_emit.emit(*args, **kwargs)
  File "/var/lib/juju/agents/unit-mysql-router-k8s-0/charm/venv/lib/python3.10/site-packages/ops/framework.py", line 351, in emit
    framework._emit(event)
  File "/var/lib/juju/agents/unit-mysql-router-k8s-0/charm/venv/lib/python3.10/site-packages/ops/framework.py", line 853, in _emit
    self._reemit(event_path)
  File "/var/lib/juju/agents/unit-mysql-router-k8s-0/charm/venv/lib/python3.10/site-packages/ops/framework.py", line 942, in _reemit
    custom_handler(event)
  File "/var/lib/juju/agents/unit-mysql-router-k8s-0/charm/lib/charms/tempo_coordinator_k8s/v0/charm_tracing.py", line 735, in wrapped_function
    return callable(*args, **kwargs)  # type: ignore
  File "/var/lib/juju/agents/unit-mysql-router-k8s-0/charm/src/abstract_charm.py", line 371, in reconcile
    if not workload_.status or workload_.status == ops.WaitingStatus():
  File "/var/lib/juju/agents/unit-mysql-router-k8s-0/charm/src/workload.py", line 414, in status
    if not self.shell.is_router_in_cluster_set(self._router_id):
  File "/var/lib/juju/agents/unit-mysql-router-k8s-0/charm/src/mysql_shell/__init__.py", line 214, in is_router_in_cluster_set
    self._run_code(
  File "/var/lib/juju/agents/unit-mysql-router-k8s-0/charm/src/mysql_shell/__init__.py", line 74, in _run_code
    self._container.run_mysql_shell(
  File "/var/lib/juju/agents/unit-mysql-router-k8s-0/charm/lib/charms/tempo_coordinator_k8s/v0/charm_tracing.py", line 735, in wrapped_function
    return callable(*args, **kwargs)  # type: ignore
  File "/var/lib/juju/agents/unit-mysql-router-k8s-0/charm/src/container.py", line 212, in run_mysql_shell
    return self._run_command(args, timeout=timeout, input=input)
  File "/var/lib/juju/agents/unit-mysql-router-k8s-0/charm/lib/charms/tempo_coordinator_k8s/v0/charm_tracing.py", line 735, in wrapped_function
    return callable(*args, **kwargs)  # type: ignore
  File "/var/lib/juju/agents/unit-mysql-router-k8s-0/charm/src/rock.py", line 247, in _run_command
    raise container.CalledProcessError(
container.CalledProcessError: Command '['mysqlsh', '--passwords-from-stdin', '--uri', 'relation-9_9bfbcb8f005e47e@db1-primary.testing.svc.cluster.local:3306', '--python', '--file', '/tmp/mysqlsh_script.py']' returned non-zero exit status 1.
unit-mysql-router-k8s-0: 01:40:47 ERROR juju.worker.uniter.operation hook "update-status" (via hook dispatching script: dispatch) failed: exit status 1
unit-db1-2: 01:42:03 ERROR unit.db1/2.juju-log Failed to execute mysql-shell command
Traceback (most recent call last):
  File "/var/lib/juju/agents/unit-db1-2/charm/src/mysql_k8s_helpers.py", line 723, in _run_mysqlsh_script
    stdout, _ = process.wait_output()
  File "/var/lib/juju/agents/unit-db1-2/charm/venv/lib/python3.10/site-packages/ops/pebble.py", line 1771, in wait_output
    raise ExecError[AnyStr](self._command, exit_code, out_value, err_value)
ops.pebble.ExecError: non-zero exit code 1 executing ['timeout', '30', '/usr/bin/mysqlsh', '--passwords-from-stdin', '--uri=serverconfig@db1-2.db1-endpoints.testing.svc.cluster.local:33062', '--python', '--verbose=0', '-c', "shell.options.set('useWizards', False)\nprint('###')\ncluster = dba.get_cluster('lima')\nprint(cluster.status({'extended': False}))"], stdout="\x1b[1mPlease provide the password for 'serverconfig@db1-2.db1-endpoints.testing.svc.cluster.local:33062': \x1b[0m###\n", stderr='Cannot set LC_ALL to locale en_US.UTF-8: No such file or directory\n\x1b[33mWARNING: \x1b[0mError connecting to Cluster: RuntimeError: Could not open connection to \'db2-2.db2-endpoints.testing-other.svc.cluster.local:3306\': The provided URI uses the X protocol, which is not supported by this command.\nTraceback (most recent call last):\n  File "<string>", line 3, in <module>\nRuntimeError: Dba.get_cluster: Could not open connection to \'db2-2.db2-endpoints.testing-other.svc.cluster.local:3306\': The provided URI uses the X protocol, which is not supported by this command.\n\n'
unit-db1-2: 01:42:03 ERROR unit.db1/2.juju-log Failed to get cluster status for lima
unit-db1-2: 01:42:03 ERROR unit.db1/2.juju-log Failed to get cluster endpoints
Traceback (most recent call last):
  File "/var/lib/juju/agents/unit-db1-2/charm/src/mysql_k8s_helpers.py", line 905, in update_endpoints
    rw_endpoints, ro_endpoints, offline = self.get_cluster_endpoints(get_ips=False)
  File "/var/lib/juju/agents/unit-db1-2/charm/lib/charms/tempo_coordinator_k8s/v0/charm_tracing.py", line 1065, in wrapped_function
    return callable(*args, **kwargs)  # type: ignore
  File "/var/lib/juju/agents/unit-db1-2/charm/lib/charms/mysql/v0/mysql.py", line 2152, in get_cluster_endpoints
    raise MySQLGetClusterEndpointsError("Failed to get endpoints from cluster status")
charms.mysql.v0.mysql.MySQLGetClusterEndpointsError: Failed to get endpoints from cluster status
unit-db1-1: 01:42:03 ERROR unit.db1/1.juju-log Failed to execute mysql-shell command
Traceback (most recent call last):
  File "/var/lib/juju/agents/unit-db1-1/charm/src/mysql_k8s_helpers.py", line 723, in _run_mysqlsh_script
    stdout, _ = process.wait_output()
  File "/var/lib/juju/agents/unit-db1-1/charm/venv/lib/python3.10/site-packages/ops/pebble.py", line 1771, in wait_output
    raise ExecError[AnyStr](self._command, exit_code, out_value, err_value)
ops.pebble.ExecError: non-zero exit code 1 executing ['timeout', '30', '/usr/bin/mysqlsh', '--passwords-from-stdin', '--uri=serverconfig@db1-1.db1-endpoints.testing.svc.cluster.local:33062', '--python', '--verbose=0', '-c', "shell.options.set('useWizards', False)\nprint('###')\ncluster = dba.get_cluster('lima')\nprint(cluster.status({'extended': False}))"], stdout="\x1b[1mPlease provide the password for 'serverconfig@db1-1.db1-endpoints.testing.svc.cluster.local:33062': \x1b[0m###\n", stderr='Cannot set LC_ALL to locale en_US.UTF-8: No such file or directory\n\x1b[33mWARNING: \x1b[0mError connecting to Cluster: RuntimeError: Could not open connection to \'db2-2.db2-endpoints.testing-other.svc.cluster.local:3306\': The provided URI uses the X protocol, which is not supported by this command.\nTraceback (most recent call last):\n  File "<string>", line 3, in <module>\nRuntimeError: Dba.get_cluster: Could not open connection to \'db2-2.db2-endpoints.testing-other.svc.cluster.local:3306\': The provided URI uses the X protocol, which is not supported by this command.\n\n'
unit-db1-1: 01:42:03 ERROR unit.db1/1.juju-log Failed to get cluster status for lima
unit-db1-1: 01:42:03 ERROR unit.db1/1.juju-log Failed to get cluster endpoints
Traceback (most recent call last):
  File "/var/lib/juju/agents/unit-db1-1/charm/src/mysql_k8s_helpers.py", line 905, in update_endpoints
    rw_endpoints, ro_endpoints, offline = self.get_cluster_endpoints(get_ips=False)
  File "/var/lib/juju/agents/unit-db1-1/charm/lib/charms/tempo_coordinator_k8s/v0/charm_tracing.py", line 1065, in wrapped_function
    return callable(*args, **kwargs)  # type: ignore
  File "/var/lib/juju/agents/unit-db1-1/charm/lib/charms/mysql/v0/mysql.py", line 2152, in get_cluster_endpoints
    raise MySQLGetClusterEndpointsError("Failed to get endpoints from cluster status")
charms.mysql.v0.mysql.MySQLGetClusterEndpointsError: Failed to get endpoints from cluster status
unit-mysql-router-k8s-0: 01:43:25 ERROR unit.mysql-router-k8s/0.juju-log Failed to run MySQL Shell script:
import json
import mysqlsh
import traceback

try:
    # Disable wizards in this script, since it will be invoked without --no-wizard
    shell.options.set('useWizards', False)
    import json

    cluster_set = dba.get_cluster_set()
    routers = cluster_set.list_routers()
    # mysqlsh objects are weird—they quack (i.e. duck typing) like standard Python objects (e.g. list,
    # dict), but do not serialize to JSON correctly.
    # Cast to str & load from JSON str before serializing
    routers = json.loads(str(routers))
    with open("/tmp/mysqlsh_output.json", "w") as file:
        json.dump(routers, file)
except mysqlsh.DBError as exception:
    error = {
        "message": str(exception),
        "code": exception.code,
        "traceback_message": "".join(traceback.format_exception(exception)),
    }
else:
    error = None
with open("/tmp/mysqlsh_error.json", "w") as file:
    json.dump(error, file)

stderr:
Cannot set LC_ALL to locale en_US.UTF-8: No such file or directory
MySQL Error 2003 (HY000): Can't connect to MySQL server on 'db1-primary.testing.svc.cluster.local:3306' (111)

Traceback (most recent call last):
  File "/var/lib/juju/agents/unit-mysql-router-k8s-0/charm/src/rock.py", line 245, in _run_command
    output, _ = process.wait_output()
  File "/var/lib/juju/agents/unit-mysql-router-k8s-0/charm/venv/lib/python3.10/site-packages/ops/pebble.py", line 1441, in wait_output
    raise ExecError[AnyStr](self._command, exit_code, out_value, err_value)
ops.pebble.ExecError: non-zero exit code 1 executing ['mysqlsh', '--passwords-from-stdin', '--uri', 'relation-9_9bfbcb8f005e47e@db1-primary.testing.svc.cluster.local:3306', '--python', '--file', '/tmp/mysqlsh_script.py'], stdout="\x1b[1mPlease provide the password for 'relation-9_9bfbcb8f005e47e@db1-primary.testing.svc.cluster.local:3306': \x1b[0m", stderr="Cannot set LC_ALL to locale en_US.UTF-8: No such file or directory\nMySQL Error 2003 (HY000): Can't connect to MySQL server on 'db1-primary.testing.svc.cluster.local:3306' (111)\n"

During handling of the above exception, another exception occurred:

Traceback (most recent call last):
  File "/var/lib/juju/agents/unit-mysql-router-k8s-0/charm/src/mysql_shell/__init__.py", line 74, in _run_code
    self._container.run_mysql_shell(
  File "/var/lib/juju/agents/unit-mysql-router-k8s-0/charm/lib/charms/tempo_coordinator_k8s/v0/charm_tracing.py", line 735, in wrapped_function
    return callable(*args, **kwargs)  # type: ignore
  File "/var/lib/juju/agents/unit-mysql-router-k8s-0/charm/src/container.py", line 212, in run_mysql_shell
    return self._run_command(args, timeout=timeout, input=input)
  File "/var/lib/juju/agents/unit-mysql-router-k8s-0/charm/lib/charms/tempo_coordinator_k8s/v0/charm_tracing.py", line 735, in wrapped_function
    return callable(*args, **kwargs)  # type: ignore
  File "/var/lib/juju/agents/unit-mysql-router-k8s-0/charm/src/rock.py", line 247, in _run_command
    raise container.CalledProcessError(
container.CalledProcessError: Command '['mysqlsh', '--passwords-from-stdin', '--uri', 'relation-9_9bfbcb8f005e47e@db1-primary.testing.svc.cluster.local:3306', '--python', '--file', '/tmp/mysqlsh_script.py']' returned non-zero exit status 1.
unit-mysql-router-k8s-0: 01:43:25 ERROR unit.mysql-router-k8s/0.juju-log Uncaught exception while in charm code:
Traceback (most recent call last):
  File "/var/lib/juju/agents/unit-mysql-router-k8s-0/charm/src/rock.py", line 245, in _run_command
    output, _ = process.wait_output()
  File "/var/lib/juju/agents/unit-mysql-router-k8s-0/charm/venv/lib/python3.10/site-packages/ops/pebble.py", line 1441, in wait_output
    raise ExecError[AnyStr](self._command, exit_code, out_value, err_value)
ops.pebble.ExecError: non-zero exit code 1 executing ['mysqlsh', '--passwords-from-stdin', '--uri', 'relation-9_9bfbcb8f005e47e@db1-primary.testing.svc.cluster.local:3306', '--python', '--file', '/tmp/mysqlsh_script.py'], stdout="\x1b[1mPlease provide the password for 'relation-9_9bfbcb8f005e47e@db1-primary.testing.svc.cluster.local:3306': \x1b[0m", stderr="Cannot set LC_ALL to locale en_US.UTF-8: No such file or directory\nMySQL Error 2003 (HY000): Can't connect to MySQL server on 'db1-primary.testing.svc.cluster.local:3306' (111)\n"

During handling of the above exception, another exception occurred:

Traceback (most recent call last):
  File "/var/lib/juju/agents/unit-mysql-router-k8s-0/charm/src/charm.py", line 448, in <module>
    ops.main.main(KubernetesRouterCharm)
  File "/var/lib/juju/agents/unit-mysql-router-k8s-0/charm/venv/lib/python3.10/site-packages/ops/main.py", line 436, in main
    _emit_charm_event(charm, dispatcher.event_name)
  File "/var/lib/juju/agents/unit-mysql-router-k8s-0/charm/venv/lib/python3.10/site-packages/ops/main.py", line 144, in _emit_charm_event
    event_to_emit.emit(*args, **kwargs)
  File "/var/lib/juju/agents/unit-mysql-router-k8s-0/charm/venv/lib/python3.10/site-packages/ops/framework.py", line 351, in emit
    framework._emit(event)
  File "/var/lib/juju/agents/unit-mysql-router-k8s-0/charm/venv/lib/python3.10/site-packages/ops/framework.py", line 853, in _emit
    self._reemit(event_path)
  File "/var/lib/juju/agents/unit-mysql-router-k8s-0/charm/venv/lib/python3.10/site-packages/ops/framework.py", line 942, in _reemit
    custom_handler(event)
  File "/var/lib/juju/agents/unit-mysql-router-k8s-0/charm/lib/charms/tempo_coordinator_k8s/v0/charm_tracing.py", line 735, in wrapped_function
    return callable(*args, **kwargs)  # type: ignore
  File "/var/lib/juju/agents/unit-mysql-router-k8s-0/charm/src/abstract_charm.py", line 371, in reconcile
    if not workload_.status or workload_.status == ops.WaitingStatus():
  File "/var/lib/juju/agents/unit-mysql-router-k8s-0/charm/src/workload.py", line 414, in status
    if not self.shell.is_router_in_cluster_set(self._router_id):
  File "/var/lib/juju/agents/unit-mysql-router-k8s-0/charm/src/mysql_shell/__init__.py", line 214, in is_router_in_cluster_set
    self._run_code(
  File "/var/lib/juju/agents/unit-mysql-router-k8s-0/charm/src/mysql_shell/__init__.py", line 74, in _run_code
    self._container.run_mysql_shell(
  File "/var/lib/juju/agents/unit-mysql-router-k8s-0/charm/lib/charms/tempo_coordinator_k8s/v0/charm_tracing.py", line 735, in wrapped_function
    return callable(*args, **kwargs)  # type: ignore
  File "/var/lib/juju/agents/unit-mysql-router-k8s-0/charm/src/container.py", line 212, in run_mysql_shell
    return self._run_command(args, timeout=timeout, input=input)
  File "/var/lib/juju/agents/unit-mysql-router-k8s-0/charm/lib/charms/tempo_coordinator_k8s/v0/charm_tracing.py", line 735, in wrapped_function
    return callable(*args, **kwargs)  # type: ignore
  File "/var/lib/juju/agents/unit-mysql-router-k8s-0/charm/src/rock.py", line 247, in _run_command
    raise container.CalledProcessError(
container.CalledProcessError: Command '['mysqlsh', '--passwords-from-stdin', '--uri', 'relation-9_9bfbcb8f005e47e@db1-primary.testing.svc.cluster.local:3306', '--python', '--file', '/tmp/mysqlsh_script.py']' returned non-zero exit status 1.
unit-mysql-router-k8s-0: 01:43:25 ERROR juju.worker.uniter.operation hook "update-status" (via hook dispatching script: dispatch) failed: exit status 1
unit-db1-0: 01:44:53 ERROR unit.db1/0.juju-log get_unit_address: unit DNS domain name is not fully propagated yet, trying again
unit-db1-0: 01:44:55 ERROR unit.db1/0.juju-log get_unit_address: unit DNS domain name is not fully propagated yet, trying again
unit-db1-0: 01:44:57 ERROR unit.db1/0.juju-log get_unit_address: unit DNS domain name is not fully propagated yet, trying again
unit-db1-0: 01:46:09 ERROR unit.db1/0.juju-log get_unit_address: unit DNS domain name is not fully propagated yet, trying again
unit-db1-0: 01:46:11 ERROR unit.db1/0.juju-log get_unit_address: unit DNS domain name is not fully propagated yet, trying again
unit-db1-0: 01:46:13 ERROR unit.db1/0.juju-log get_unit_address: unit DNS domain name is not fully propagated yet, trying again
unit-db1-1: 01:47:03 ERROR unit.db1/1.juju-log replication-offer:3: get_unit_address: unit DNS domain name is not fully propagated yet, trying again
unit-db1-1: 01:47:05 ERROR unit.db1/1.juju-log replication-offer:3: get_unit_address: unit DNS domain name is not fully propagated yet, trying again
unit-db1-1: 01:47:07 ERROR unit.db1/1.juju-log replication-offer:3: get_unit_address: unit DNS domain name is not fully propagated yet, trying again
unit-db1-0: 01:47:13 ERROR unit.db1/0.juju-log replication-offer:3: get_unit_address: unit DNS domain name is not fully propagated yet, trying again
unit-db1-0: 01:47:15 ERROR unit.db1/0.juju-log replication-offer:3: get_unit_address: unit DNS domain name is not fully propagated yet, trying again
unit-db1-0: 01:47:17 ERROR unit.db1/0.juju-log replication-offer:3: get_unit_address: unit DNS domain name is not fully propagated yet, trying again

[32mINFO    [0m pytest_operator.plugin:plugin.py:862 Forgetting main...