[32mINFO    [0m pytest_operator.plugin:plugin.py:790 Model status:

Model    Controller          Cloud/Region        Version  SLA          Timestamp
testing  concierge-microk8s  microk8s/localhost  3.6.4    unsupported  01:43:20Z

App      Version                  Status       Scale  Charm             Channel      Rev  Address         Exposed  Message
app0     0.0.2                    active           1  mysql-test-app    latest/edge   73  10.152.183.84   no       Last written value=354
app1     0.0.2                    active           1  mysql-test-app    latest/edge   73  10.152.183.67   no       Last written value=225
app2     0.0.2                    active           1  mysql-test-app    latest/edge   73  10.152.183.190  no       Last written value=221
app3     0.0.2                    active           1  mysql-test-app    latest/edge   73  10.152.183.27   no       Last written value=233
app4     0.0.2                    active           1  mysql-test-app    latest/edge   73  10.152.183.90   no       Last written value=253
app5     0.0.2                    active           1  mysql-test-app    latest/edge   73  10.152.183.125  no       Last written value=260
app6     0.0.2                    active           1  mysql-test-app    latest/edge   73  10.152.183.100  no       Last written value=122
mysql    8.0.41-0ubuntu0.22.04.1  active           1  mysql-k8s                        0  10.152.183.28   no       
router0  8.0.41-0ubuntu0.22.04.1  active           1  mysql-router-k8s  8.0/edge     600  10.152.183.181  no       
router1  8.0.41-0ubuntu0.22.04.1  active           1  mysql-router-k8s  8.0/edge     600  10.152.183.32   no       
router2  8.0.41-0ubuntu0.22.04.1  maintenance      1  mysql-router-k8s  8.0/edge     600  10.152.183.40   no       Waiting for K8s service connectivity
router3  8.0.41-0ubuntu0.22.04.1  maintenance      1  mysql-router-k8s  8.0/edge     600  10.152.183.202  no       Waiting for K8s service connectivity
router4  8.0.41-0ubuntu0.22.04.1  active           1  mysql-router-k8s  8.0/edge     600  10.152.183.89   no       
router5  8.0.41-0ubuntu0.22.04.1  active           1  mysql-router-k8s  8.0/edge     600  10.152.183.117  no       
router6  8.0.41-0ubuntu0.22.04.1  active           1  mysql-router-k8s  8.0/edge     600  10.152.183.96   no       

Unit        Workload  Agent  Address       Ports  Message
app0/0*     active    idle   10.1.154.138         Last written value=354
app1/0*     active    idle   10.1.154.140         Last written value=225
app2/0*     active    idle   10.1.154.141         Last written value=221
app3/0*     active    idle   10.1.154.143         Last written value=233
app4/0*     active    idle   10.1.154.145         Last written value=253
app5/0*     active    idle   10.1.154.147         Last written value=260
app6/0*     active    idle   10.1.154.148         Last written value=122
mysql/0*    active    idle   10.1.154.137         Primary
router0/0*  active    idle   10.1.154.139         
router1/0*  active    idle   10.1.154.142         
router2/0*  active    idle   10.1.154.144         
router3/0*  active    idle   10.1.154.146         
router4/0*  active    idle   10.1.154.149         
router5/0*  active    idle   10.1.154.150         
router6/0*  active    idle   10.1.154.151         

[32mINFO    [0m pytest_operator.plugin:plugin.py:796 Juju error logs:

unit-mysql-2: 01:35:19 ERROR unit.mysql/2.juju-log Failed to execute MySQL cli command
Traceback (most recent call last):
  File "/var/lib/juju/agents/unit-mysql-2/charm/src/mysql_k8s_helpers.py", line 770, in _run_mysqlcli_script
    stdout, _ = process.wait_output()
  File "/var/lib/juju/agents/unit-mysql-2/charm/venv/lib/python3.10/site-packages/ops/pebble.py", line 1771, in wait_output
    raise ExecError[AnyStr](self._command, exit_code, out_value, err_value)
ops.pebble.ExecError: non-zero exit code 1 executing ['/usr/bin/mysql', '-u', 'root', '-p', '-N', '--socket=/var/run/mysqld/mysqld.sock', '-e', "CREATE USER 'serverconfig'@'%' IDENTIFIED BY '*****';GRANT ALL ON *.* TO 'serverconfig'@'%' WITH GRANT OPTION;CREATE USER 'monitoring'@'%' IDENTIFIED BY '*****' WITH MAX_USER_CONNECTIONS 3;GRANT SYSTEM_USER, SELECT, PROCESS, SUPER, REPLICATION CLIENT, RELOAD ON *.* TO 'monitoring'@'%';CREATE USER 'backups'@'%' IDENTIFIED BY '*****';GRANT CONNECTION_ADMIN, BACKUP_ADMIN, PROCESS, RELOAD, LOCK TABLES, REPLICATION CLIENT ON *.* TO 'backups'@'%';GRANT SELECT ON performance_schema.log_status TO 'backups'@'%';GRANT SELECT ON performance_schema.keyring_component_status TO 'backups'@'%';GRANT SELECT ON performance_schema.replication_group_members TO 'backups'@'%';UPDATE mysql.user SET authentication_string=null WHERE User='root' and Host='localhost';ALTER USER 'root'@'localhost' IDENTIFIED BY '*****';REVOKE SYSTEM_USER, SYSTEM_VARIABLES_ADMIN, SUPER, REPLICATION_SLAVE_ADMIN, GROUP_REPLICATION_ADMIN, BINLOG_ADMIN, SET_USER_ID, ENCRYPTION_KEY_ADMIN, VERSION_TOKEN_ADMIN, CONNECTION_ADMIN ON *.* FROM 'root'@'localhost';FLUSH PRIVILEGES"], stdout='', stderr="Enter password: ERROR 2002 (HY000): Can't connect to local MySQL server through socket '/var/run/mysqld/mysqld.sock' (2)\n"
unit-mysql-2: 01:35:19 ERROR unit.mysql/2.juju-log Failed to configure users for: mysql-2.mysql-endpoints.testing.svc.cluster.local
unit-mysql-2: 01:35:20 ERROR unit.mysql/2.juju-log Uncaught exception while in charm code:
Traceback (most recent call last):
  File "/var/lib/juju/agents/unit-mysql-2/charm/src/mysql_k8s_helpers.py", line 770, in _run_mysqlcli_script
    stdout, _ = process.wait_output()
  File "/var/lib/juju/agents/unit-mysql-2/charm/venv/lib/python3.10/site-packages/ops/pebble.py", line 1771, in wait_output
    raise ExecError[AnyStr](self._command, exit_code, out_value, err_value)
ops.pebble.ExecError: non-zero exit code 1 executing ['/usr/bin/mysql', '-u', 'root', '-p', '-N', '--socket=/var/run/mysqld/mysqld.sock', '-e', "CREATE USER 'serverconfig'@'%' IDENTIFIED BY '*****';GRANT ALL ON *.* TO 'serverconfig'@'%' WITH GRANT OPTION;CREATE USER 'monitoring'@'%' IDENTIFIED BY '*****' WITH MAX_USER_CONNECTIONS 3;GRANT SYSTEM_USER, SELECT, PROCESS, SUPER, REPLICATION CLIENT, RELOAD ON *.* TO 'monitoring'@'%';CREATE USER 'backups'@'%' IDENTIFIED BY '*****';GRANT CONNECTION_ADMIN, BACKUP_ADMIN, PROCESS, RELOAD, LOCK TABLES, REPLICATION CLIENT ON *.* TO 'backups'@'%';GRANT SELECT ON performance_schema.log_status TO 'backups'@'%';GRANT SELECT ON performance_schema.keyring_component_status TO 'backups'@'%';GRANT SELECT ON performance_schema.replication_group_members TO 'backups'@'%';UPDATE mysql.user SET authentication_string=null WHERE User='root' and Host='localhost';ALTER USER 'root'@'localhost' IDENTIFIED BY '*****';REVOKE SYSTEM_USER, SYSTEM_VARIABLES_ADMIN, SUPER, REPLICATION_SLAVE_ADMIN, GROUP_REPLICATION_ADMIN, BINLOG_ADMIN, SET_USER_ID, ENCRYPTION_KEY_ADMIN, VERSION_TOKEN_ADMIN, CONNECTION_ADMIN ON *.* FROM 'root'@'localhost';FLUSH PRIVILEGES"], stdout='', stderr="Enter password: ERROR 2002 (HY000): Can't connect to local MySQL server through socket '/var/run/mysqld/mysqld.sock' (2)\n"

During handling of the above exception, another exception occurred:

Traceback (most recent call last):
  File "/var/lib/juju/agents/unit-mysql-2/charm/lib/charms/mysql/v0/mysql.py", line 1068, in configure_mysql_users
    self._run_mysqlcli_script(
  File "/var/lib/juju/agents/unit-mysql-2/charm/lib/charms/tempo_coordinator_k8s/v0/charm_tracing.py", line 1065, in wrapped_function
    return callable(*args, **kwargs)  # type: ignore
  File "/var/lib/juju/agents/unit-mysql-2/charm/src/mysql_k8s_helpers.py", line 778, in _run_mysqlcli_script
    raise MySQLClientError
charms.mysql.v0.mysql.MySQLClientError

During handling of the above exception, another exception occurred:

Traceback (most recent call last):
  File "/var/lib/juju/agents/unit-mysql-2/charm/src/charm.py", line 1056, in <module>
    main(MySQLOperatorCharm)
  File "/var/lib/juju/agents/unit-mysql-2/charm/venv/lib/python3.10/site-packages/ops/main.py", line 551, in main
    manager.run()
  File "/var/lib/juju/agents/unit-mysql-2/charm/venv/lib/python3.10/site-packages/ops/main.py", line 530, in run
    self._emit()
  File "/var/lib/juju/agents/unit-mysql-2/charm/venv/lib/python3.10/site-packages/ops/main.py", line 519, in _emit
    _emit_charm_event(self.charm, self.dispatcher.event_name)
  File "/var/lib/juju/agents/unit-mysql-2/charm/venv/lib/python3.10/site-packages/ops/main.py", line 147, in _emit_charm_event
    event_to_emit.emit(*args, **kwargs)
  File "/var/lib/juju/agents/unit-mysql-2/charm/venv/lib/python3.10/site-packages/ops/framework.py", line 348, in emit
    framework._emit(event)
  File "/var/lib/juju/agents/unit-mysql-2/charm/venv/lib/python3.10/site-packages/ops/framework.py", line 860, in _emit
    self._reemit(event_path)
  File "/var/lib/juju/agents/unit-mysql-2/charm/venv/lib/python3.10/site-packages/ops/framework.py", line 950, in _reemit
    custom_handler(event)
  File "/var/lib/juju/agents/unit-mysql-2/charm/lib/charms/tempo_coordinator_k8s/v0/charm_tracing.py", line 1065, in wrapped_function
    return callable(*args, **kwargs)  # type: ignore
  File "/var/lib/juju/agents/unit-mysql-2/charm/src/charm.py", line 796, in _on_mysql_pebble_ready
    self._configure_instance(container)
  File "/var/lib/juju/agents/unit-mysql-2/charm/lib/charms/tempo_coordinator_k8s/v0/charm_tracing.py", line 1065, in wrapped_function
    return callable(*args, **kwargs)  # type: ignore
  File "/var/lib/juju/agents/unit-mysql-2/charm/src/charm.py", line 696, in _configure_instance
    self._mysql.configure_mysql_users()
  File "/var/lib/juju/agents/unit-mysql-2/charm/lib/charms/tempo_coordinator_k8s/v0/charm_tracing.py", line 1065, in wrapped_function
    return callable(*args, **kwargs)  # type: ignore
  File "/var/lib/juju/agents/unit-mysql-2/charm/lib/charms/mysql/v0/mysql.py", line 1074, in configure_mysql_users
    raise MySQLConfigureMySQLUsersError
charms.mysql.v0.mysql.MySQLConfigureMySQLUsersError
unit-mysql-2: 01:35:22 ERROR juju.worker.uniter.operation hook "mysql-pebble-ready" (via hook dispatching script: dispatch) failed: exit status 1
unit-mysql-2: 01:35:22 ERROR juju.worker.uniter pebble poll failed for container "mysql": failed to send pebble-ready event: hook failed
unit-mysql-2: 01:36:12 ERROR unit.mysql/2.juju-log Failed to initialise MySQL data directory
Traceback (most recent call last):
  File "/var/lib/juju/agents/unit-mysql-2/charm/src/mysql_k8s_helpers.py", line 226, in initialise_mysqld
    process.wait()
  File "/var/lib/juju/agents/unit-mysql-2/charm/venv/lib/python3.10/site-packages/ops/pebble.py", line 1697, in wait
    raise ExecError(self._command, exit_code, None, None)
ops.pebble.ExecError: non-zero exit code 2 executing ['/usr/sbin/mysqld', '--initialize', '-u', 'mysql']
unit-mysql-2: 01:36:13 ERROR unit.mysql/2.juju-log Uncaught exception while in charm code:
Traceback (most recent call last):
  File "/var/lib/juju/agents/unit-mysql-2/charm/src/mysql_k8s_helpers.py", line 226, in initialise_mysqld
    process.wait()
  File "/var/lib/juju/agents/unit-mysql-2/charm/venv/lib/python3.10/site-packages/ops/pebble.py", line 1697, in wait
    raise ExecError(self._command, exit_code, None, None)
ops.pebble.ExecError: non-zero exit code 2 executing ['/usr/sbin/mysqld', '--initialize', '-u', 'mysql']

During handling of the above exception, another exception occurred:

Traceback (most recent call last):
  File "/var/lib/juju/agents/unit-mysql-2/charm/src/charm.py", line 1056, in <module>
    main(MySQLOperatorCharm)
  File "/var/lib/juju/agents/unit-mysql-2/charm/venv/lib/python3.10/site-packages/ops/main.py", line 551, in main
    manager.run()
  File "/var/lib/juju/agents/unit-mysql-2/charm/venv/lib/python3.10/site-packages/ops/main.py", line 530, in run
    self._emit()
  File "/var/lib/juju/agents/unit-mysql-2/charm/venv/lib/python3.10/site-packages/ops/main.py", line 519, in _emit
    _emit_charm_event(self.charm, self.dispatcher.event_name)
  File "/var/lib/juju/agents/unit-mysql-2/charm/venv/lib/python3.10/site-packages/ops/main.py", line 147, in _emit_charm_event
    event_to_emit.emit(*args, **kwargs)
  File "/var/lib/juju/agents/unit-mysql-2/charm/venv/lib/python3.10/site-packages/ops/framework.py", line 348, in emit
    framework._emit(event)
  File "/var/lib/juju/agents/unit-mysql-2/charm/venv/lib/python3.10/site-packages/ops/framework.py", line 860, in _emit
    self._reemit(event_path)
  File "/var/lib/juju/agents/unit-mysql-2/charm/venv/lib/python3.10/site-packages/ops/framework.py", line 950, in _reemit
    custom_handler(event)
  File "/var/lib/juju/agents/unit-mysql-2/charm/lib/charms/tempo_coordinator_k8s/v0/charm_tracing.py", line 1065, in wrapped_function
    return callable(*args, **kwargs)  # type: ignore
  File "/var/lib/juju/agents/unit-mysql-2/charm/src/charm.py", line 796, in _on_mysql_pebble_ready
    self._configure_instance(container)
  File "/var/lib/juju/agents/unit-mysql-2/charm/lib/charms/tempo_coordinator_k8s/v0/charm_tracing.py", line 1065, in wrapped_function
    return callable(*args, **kwargs)  # type: ignore
  File "/var/lib/juju/agents/unit-mysql-2/charm/src/charm.py", line 681, in _configure_instance
    self._mysql.initialise_mysqld()
  File "/var/lib/juju/agents/unit-mysql-2/charm/lib/charms/tempo_coordinator_k8s/v0/charm_tracing.py", line 1065, in wrapped_function
    return callable(*args, **kwargs)  # type: ignore
  File "/var/lib/juju/agents/unit-mysql-2/charm/venv/lib/python3.10/site-packages/tenacity/__init__.py", line 330, in wrapped_f
    return self(f, *args, **kw)
  File "/var/lib/juju/agents/unit-mysql-2/charm/venv/lib/python3.10/site-packages/tenacity/__init__.py", line 467, in __call__
    do = self.iter(retry_state=retry_state)
  File "/var/lib/juju/agents/unit-mysql-2/charm/venv/lib/python3.10/site-packages/tenacity/__init__.py", line 368, in iter
    result = action(retry_state)
  File "/var/lib/juju/agents/unit-mysql-2/charm/venv/lib/python3.10/site-packages/tenacity/__init__.py", line 410, in exc_check
    raise retry_exc.reraise()
  File "/var/lib/juju/agents/unit-mysql-2/charm/venv/lib/python3.10/site-packages/tenacity/__init__.py", line 183, in reraise
    raise self.last_attempt.result()
  File "/usr/lib/python3.10/concurrent/futures/_base.py", line 451, in result
    return self.__get_result()
  File "/usr/lib/python3.10/concurrent/futures/_base.py", line 403, in __get_result
    raise self._exception
  File "/var/lib/juju/agents/unit-mysql-2/charm/venv/lib/python3.10/site-packages/tenacity/__init__.py", line 470, in __call__
    result = fn(*args, **kwargs)
  File "/var/lib/juju/agents/unit-mysql-2/charm/src/mysql_k8s_helpers.py", line 230, in initialise_mysqld
    raise MySQLInitialiseMySQLDError
mysql_k8s_helpers.MySQLInitialiseMySQLDError
unit-mysql-2: 01:36:15 ERROR juju.worker.uniter.operation hook "mysql-pebble-ready" (via hook dispatching script: dispatch) failed: exit status 1
unit-mysql-2: 01:36:15 ERROR juju.worker.uniter pebble poll failed for container "mysql": failed to send pebble-ready event: hook failed
unit-mysql-2: 01:36:22 ERROR unit.mysql/2.juju-log Failed to initialise MySQL data directory
Traceback (most recent call last):
  File "/var/lib/juju/agents/unit-mysql-2/charm/src/mysql_k8s_helpers.py", line 226, in initialise_mysqld
    process.wait()
  File "/var/lib/juju/agents/unit-mysql-2/charm/venv/lib/python3.10/site-packages/ops/pebble.py", line 1697, in wait
    raise ExecError(self._command, exit_code, None, None)
ops.pebble.ExecError: non-zero exit code 1 executing ['/usr/sbin/mysqld', '--initialize', '-u', 'mysql']
unit-mysql-2: 01:36:28 ERROR unit.mysql/2.juju-log Failed to initialise MySQL data directory
Traceback (most recent call last):
  File "/var/lib/juju/agents/unit-mysql-2/charm/src/mysql_k8s_helpers.py", line 226, in initialise_mysqld
    process.wait()
  File "/var/lib/juju/agents/unit-mysql-2/charm/venv/lib/python3.10/site-packages/ops/pebble.py", line 1697, in wait
    raise ExecError(self._command, exit_code, None, None)
ops.pebble.ExecError: non-zero exit code 1 executing ['/usr/sbin/mysqld', '--initialize', '-u', 'mysql']
unit-mysql-2: 01:42:52 ERROR juju.worker.dependency "log-sender" manifold worker returned unexpected error: sending log message: websocket: close 1005 (no status): websocket: close sent
unit-mysql-0: 01:43:01 ERROR juju.worker.dependency "log-sender" manifold worker returned unexpected error: sending log message: websocket: close 1005 (no status): websocket: close sent
unit-router0-0: 01:43:08 ERROR juju.worker.dependency "log-sender" manifold worker returned unexpected error: sending log message: websocket: close 1005 (no status): websocket: close sent
unit-app0-0: 01:43:10 ERROR juju.worker.dependency "log-sender" manifold worker returned unexpected error: sending log message: websocket: close 1005 (no status): websocket: close sent

[32mINFO    [0m pytest_operator.plugin:plugin.py:862 Forgetting main...