[32mINFO    [0m pytest_operator.plugin:plugin.py:790 Model status:

Model    Controller          Cloud/Region        Version  SLA          Timestamp
testing  concierge-microk8s  microk8s/localhost  3.6.8    unsupported  01:44:11Z

App      Version                  Status       Scale  Charm             Channel      Rev  Address         Exposed  Message
app0     0.0.2                    active           1  mysql-test-app    latest/edge   73  10.152.183.205  no       Last written value=135
app1     0.0.2                    active           1  mysql-test-app    latest/edge   73  10.152.183.33   no       Last written value=235
app2     0.0.2                    active           1  mysql-test-app    latest/edge   73  10.152.183.206  no       Last written value=253
app3     0.0.2                    active           1  mysql-test-app    latest/edge   73  10.152.183.148  no       Last written value=231
app4     0.0.2                    active           1  mysql-test-app    latest/edge   73  10.152.183.103  no       Last written value=229
app5     0.0.2                    active           1  mysql-test-app    latest/edge   73  10.152.183.236  no       Last written value=210
app6     0.0.2                    active           1  mysql-test-app    latest/edge   73  10.152.183.221  no       Last written value=233
mysql    8.0.41-0ubuntu0.22.04.1  active           1  mysql-k8s                        0  10.152.183.174  no       
router0  8.0.41-0ubuntu0.22.04.1  maintenance      1  mysql-router-k8s  8.0/edge     753  10.152.183.163  no       Waiting for K8s service connectivity
router1  8.0.41-0ubuntu0.22.04.1  maintenance      1  mysql-router-k8s  8.0/edge     753  10.152.183.171  no       Waiting for K8s service connectivity
router2  8.0.41-0ubuntu0.22.04.1  active           1  mysql-router-k8s  8.0/edge     753  10.152.183.176  no       
router3  8.0.41-0ubuntu0.22.04.1  maintenance      1  mysql-router-k8s  8.0/edge     753  10.152.183.26   no       Waiting for K8s service connectivity
router4  8.0.41-0ubuntu0.22.04.1  maintenance      1  mysql-router-k8s  8.0/edge     753  10.152.183.212  no       Waiting for K8s service connectivity
router5  8.0.41-0ubuntu0.22.04.1  maintenance      1  mysql-router-k8s  8.0/edge     753  10.152.183.144  no       Waiting for K8s service connectivity
router6  8.0.41-0ubuntu0.22.04.1  active           1  mysql-router-k8s  8.0/edge     753  10.152.183.97   no       

Unit        Workload  Agent  Address      Ports  Message
app0/0*     active    idle   10.1.63.202         Last written value=135
app1/0*     active    idle   10.1.63.203         Last written value=235
app2/0*     active    idle   10.1.63.205         Last written value=253
app3/0*     active    idle   10.1.63.207         Last written value=231
app4/0*     active    idle   10.1.63.209         Last written value=229
app5/0*     active    idle   10.1.63.210         Last written value=210
app6/0*     active    idle   10.1.63.212         Last written value=233
mysql/0*    active    idle   10.1.63.201         Primary
router0/0*  active    idle   10.1.63.204         
router1/0*  active    idle   10.1.63.206         
router2/0*  active    idle   10.1.63.208         
router3/0*  active    idle   10.1.63.211         
router4/0*  active    idle   10.1.63.213         
router5/0*  active    idle   10.1.63.214         
router6/0*  active    idle   10.1.63.215         

[32mINFO    [0m pytest_operator.plugin:plugin.py:796 Juju error logs:

unit-router6-1: 01:36:51 ERROR unit.router6/1.juju-log backend-database:43: Unable to connect to MySQL Router
Traceback (most recent call last):
  File "/var/lib/juju/agents/unit-router6-1/charm/src/charm.py", line 293, in wait_until_mysql_router_ready
    for attempt in tenacity.Retrying(
  File "/var/lib/juju/agents/unit-router6-1/charm/venv/lib/python3.10/site-packages/tenacity/__init__.py", line 443, in __iter__
    do = self.iter(retry_state=retry_state)
  File "/var/lib/juju/agents/unit-router6-1/charm/venv/lib/python3.10/site-packages/tenacity/__init__.py", line 376, in iter
    result = action(retry_state)
  File "/var/lib/juju/agents/unit-router6-1/charm/venv/lib/python3.10/site-packages/tenacity/__init__.py", line 418, in exc_check
    raise retry_exc.reraise()
  File "/var/lib/juju/agents/unit-router6-1/charm/venv/lib/python3.10/site-packages/tenacity/__init__.py", line 185, in reraise
    raise self.last_attempt.result()
  File "/usr/lib/python3.10/concurrent/futures/_base.py", line 451, in result
    return self.__get_result()
  File "/usr/lib/python3.10/concurrent/futures/_base.py", line 403, in __get_result
    raise self._exception
  File "/var/lib/juju/agents/unit-router6-1/charm/src/charm.py", line 306, in wait_until_mysql_router_ready
    assert s.connect_ex(("localhost", port)) == 0
AssertionError
unit-router6-1: 01:36:51 ERROR unit.router6/1.juju-log backend-database:43: Uncaught exception while in charm code:
Traceback (most recent call last):
  File "/var/lib/juju/agents/unit-router6-1/charm/src/charm.py", line 454, in <module>
    ops.main.main(KubernetesRouterCharm)
  File "/var/lib/juju/agents/unit-router6-1/charm/venv/lib/python3.10/site-packages/ops/main.py", line 436, in main
    _emit_charm_event(charm, dispatcher.event_name)
  File "/var/lib/juju/agents/unit-router6-1/charm/venv/lib/python3.10/site-packages/ops/main.py", line 144, in _emit_charm_event
    event_to_emit.emit(*args, **kwargs)
  File "/var/lib/juju/agents/unit-router6-1/charm/venv/lib/python3.10/site-packages/ops/framework.py", line 351, in emit
    framework._emit(event)
  File "/var/lib/juju/agents/unit-router6-1/charm/venv/lib/python3.10/site-packages/ops/framework.py", line 853, in _emit
    self._reemit(event_path)
  File "/var/lib/juju/agents/unit-router6-1/charm/venv/lib/python3.10/site-packages/ops/framework.py", line 942, in _reemit
    custom_handler(event)
  File "/var/lib/juju/agents/unit-router6-1/charm/lib/charms/data_platform_libs/v0/data_interfaces.py", line 3141, in _on_relation_changed_event
    getattr(self.on, "database_created").emit(
  File "/var/lib/juju/agents/unit-router6-1/charm/venv/lib/python3.10/site-packages/ops/framework.py", line 351, in emit
    framework._emit(event)
  File "/var/lib/juju/agents/unit-router6-1/charm/venv/lib/python3.10/site-packages/ops/framework.py", line 853, in _emit
    self._reemit(event_path)
  File "/var/lib/juju/agents/unit-router6-1/charm/venv/lib/python3.10/site-packages/ops/framework.py", line 942, in _reemit
    custom_handler(event)
  File "/var/lib/juju/agents/unit-router6-1/charm/lib/charms/tempo_coordinator_k8s/v0/charm_tracing.py", line 735, in wrapped_function
    return callable(*args, **kwargs)  # type: ignore
  File "/var/lib/juju/agents/unit-router6-1/charm/src/abstract_charm.py", line 355, in reconcile
    workload_.reconcile(
  File "/var/lib/juju/agents/unit-router6-1/charm/lib/charms/tempo_coordinator_k8s/v0/charm_tracing.py", line 735, in wrapped_function
    return callable(*args, **kwargs)  # type: ignore
  File "/var/lib/juju/agents/unit-router6-1/charm/src/workload.py", line 408, in reconcile
    self._enable_router(event=event, tls=tls, unit_name=unit_name)
  File "/var/lib/juju/agents/unit-router6-1/charm/lib/charms/tempo_coordinator_k8s/v0/charm_tracing.py", line 735, in wrapped_function
    return callable(*args, **kwargs)  # type: ignore
  File "/var/lib/juju/agents/unit-router6-1/charm/src/workload.py", line 350, in _enable_router
    self._charm.wait_until_mysql_router_ready(event=event)
  File "/var/lib/juju/agents/unit-router6-1/charm/lib/charms/tempo_coordinator_k8s/v0/charm_tracing.py", line 735, in wrapped_function
    return callable(*args, **kwargs)  # type: ignore
  File "/var/lib/juju/agents/unit-router6-1/charm/src/charm.py", line 293, in wait_until_mysql_router_ready
    for attempt in tenacity.Retrying(
  File "/var/lib/juju/agents/unit-router6-1/charm/venv/lib/python3.10/site-packages/tenacity/__init__.py", line 443, in __iter__
    do = self.iter(retry_state=retry_state)
  File "/var/lib/juju/agents/unit-router6-1/charm/venv/lib/python3.10/site-packages/tenacity/__init__.py", line 376, in iter
    result = action(retry_state)
  File "/var/lib/juju/agents/unit-router6-1/charm/venv/lib/python3.10/site-packages/tenacity/__init__.py", line 418, in exc_check
    raise retry_exc.reraise()
  File "/var/lib/juju/agents/unit-router6-1/charm/venv/lib/python3.10/site-packages/tenacity/__init__.py", line 185, in reraise
    raise self.last_attempt.result()
  File "/usr/lib/python3.10/concurrent/futures/_base.py", line 451, in result
    return self.__get_result()
  File "/usr/lib/python3.10/concurrent/futures/_base.py", line 403, in __get_result
    raise self._exception
  File "/var/lib/juju/agents/unit-router6-1/charm/src/charm.py", line 306, in wait_until_mysql_router_ready
    assert s.connect_ex(("localhost", port)) == 0
AssertionError
unit-router6-1: 01:36:52 ERROR juju.worker.uniter.operation hook "backend-database-relation-changed" (via hook dispatching script: dispatch) failed: exit status 1

[32mINFO    [0m pytest_operator.plugin:plugin.py:862 Forgetting main...