{"uid":"55383c502c680f63","name":"test_osm_pol_operations","fullName":"tests.integration.relations.test_mysql_root#test_osm_pol_operations","historyId":"9ee09096d3c0863c36e20c2a4f553c94","time":{"start":1707182939717,"stop":1707183815061,"duration":875344},"description":"Test the existence of databases and tables created by osm-pol's migrations.","descriptionHtml":"<p>Test the existence of databases and tables created by osm-pol's migrations.</p>\n","status":"failed","statusMessage":"AssertionError: assert False","statusTrace":"Traceback (most recent call last):\n  File \"/home/runner/work/mysql-k8s-operator/mysql-k8s-operator/tests/integration/relations/test_mysql_root.py\", line 182, in test_osm_pol_operations\n    assert \"keystone\" in output\nAssertionError: assert 'keystone' in ['information_schema', 'mysql', 'mysql_innodb_cluster_metadata', 'performance_schema', 'sys']\n\nThe above exception was the direct cause of the following exception:\n\nTraceback (most recent call last):\n  File \"/home/runner/work/mysql-k8s-operator/mysql-k8s-operator/tests/integration/relations/test_mysql_root.py\", line 170, in test_osm_pol_operations\n    async for attempt in AsyncRetrying(stop=stop_after_attempt(30), wait=wait_fixed(30)):\n  File \"/home/runner/work/mysql-k8s-operator/mysql-k8s-operator/.tox/integration/lib/python3.10/site-packages/tenacity/_asyncio.py\", line 71, in __anext__\n    do = self.iter(retry_state=self._retry_state)\n  File \"/home/runner/work/mysql-k8s-operator/mysql-k8s-operator/.tox/integration/lib/python3.10/site-packages/tenacity/__init__.py\", line 326, in iter\n    raise retry_exc from fut.exception()\ntenacity.RetryError: RetryError[<Future at 0x7f147145a890 state=finished raised AssertionError>]\n\nDuring handling of the above exception, another exception occurred:\n\nTraceback (most recent call last):\n  File \"/home/runner/work/mysql-k8s-operator/mysql-k8s-operator/.tox/integration/lib/python3.10/site-packages/_pytest/runner.py\", line 341, in from_call\n    result: Optional[TResult] = func()\n  File \"/home/runner/work/mysql-k8s-operator/mysql-k8s-operator/.tox/integration/lib/python3.10/site-packages/_pytest/runner.py\", line 262, in <lambda>\n    lambda: ihook(item=item, **kwds), when=when, reraise=reraise\n  File \"/home/runner/work/mysql-k8s-operator/mysql-k8s-operator/.tox/integration/lib/python3.10/site-packages/pluggy/_hooks.py\", line 433, in __call__\n    return self._hookexec(self.name, self._hookimpls, kwargs, firstresult)\n  File \"/home/runner/work/mysql-k8s-operator/mysql-k8s-operator/.tox/integration/lib/python3.10/site-packages/pluggy/_manager.py\", line 112, in _hookexec\n    return self._inner_hookexec(hook_name, methods, kwargs, firstresult)\n  File \"/home/runner/work/mysql-k8s-operator/mysql-k8s-operator/.tox/integration/lib/python3.10/site-packages/pluggy/_callers.py\", line 155, in _multicall\n    return outcome.get_result()\n  File \"/home/runner/work/mysql-k8s-operator/mysql-k8s-operator/.tox/integration/lib/python3.10/site-packages/pluggy/_result.py\", line 108, in get_result\n    raise exc.with_traceback(exc.__traceback__)\n  File \"/home/runner/work/mysql-k8s-operator/mysql-k8s-operator/.tox/integration/lib/python3.10/site-packages/pluggy/_callers.py\", line 80, in _multicall\n    res = hook_impl.function(*args)\n  File \"/home/runner/work/mysql-k8s-operator/mysql-k8s-operator/.tox/integration/lib/python3.10/site-packages/_pytest/runner.py\", line 177, in pytest_runtest_call\n    raise e\n  File \"/home/runner/work/mysql-k8s-operator/mysql-k8s-operator/.tox/integration/lib/python3.10/site-packages/_pytest/runner.py\", line 169, in pytest_runtest_call\n    item.runtest()\n  File \"/home/runner/work/mysql-k8s-operator/mysql-k8s-operator/.tox/integration/lib/python3.10/site-packages/_pytest/python.py\", line 1792, in runtest\n    self.ihook.pytest_pyfunc_call(pyfuncitem=self)\n  File \"/home/runner/work/mysql-k8s-operator/mysql-k8s-operator/.tox/integration/lib/python3.10/site-packages/pluggy/_hooks.py\", line 433, in __call__\n    return self._hookexec(self.name, self._hookimpls, kwargs, firstresult)\n  File \"/home/runner/work/mysql-k8s-operator/mysql-k8s-operator/.tox/integration/lib/python3.10/site-packages/pluggy/_manager.py\", line 112, in _hookexec\n    return self._inner_hookexec(hook_name, methods, kwargs, firstresult)\n  File \"/home/runner/work/mysql-k8s-operator/mysql-k8s-operator/.tox/integration/lib/python3.10/site-packages/pluggy/_callers.py\", line 155, in _multicall\n    return outcome.get_result()\n  File \"/home/runner/work/mysql-k8s-operator/mysql-k8s-operator/.tox/integration/lib/python3.10/site-packages/pluggy/_result.py\", line 108, in get_result\n    raise exc.with_traceback(exc.__traceback__)\n  File \"/home/runner/work/mysql-k8s-operator/mysql-k8s-operator/.tox/integration/lib/python3.10/site-packages/pluggy/_callers.py\", line 80, in _multicall\n    res = hook_impl.function(*args)\n  File \"/home/runner/work/mysql-k8s-operator/mysql-k8s-operator/.tox/integration/lib/python3.10/site-packages/_pytest/python.py\", line 194, in pytest_pyfunc_call\n    result = testfunction(**testargs)\n  File \"/home/runner/work/mysql-k8s-operator/mysql-k8s-operator/.tox/integration/lib/python3.10/site-packages/pytest_asyncio/plugin.py\", line 532, in inner\n    _loop.run_until_complete(task)\n  File \"/usr/lib/python3.10/asyncio/base_events.py\", line 649, in run_until_complete\n    return future.result()\n  File \"/home/runner/work/mysql-k8s-operator/mysql-k8s-operator/tests/integration/relations/test_mysql_root.py\", line 194, in test_osm_pol_operations\n    assert False\nAssertionError: assert False","flaky":false,"newFailed":true,"newBroken":false,"newPassed":false,"retriesCount":0,"retriesStatusChange":false,"beforeStages":[{"name":"event_loop","time":{"start":1707182853659,"stop":1707182853660,"duration":1},"status":"passed","steps":[],"attachments":[],"parameters":[],"stepsCount":0,"shouldDisplayMessage":false,"attachmentsCount":0,"hasContent":false,"attachmentStep":false},{"name":"tmp_path_factory","time":{"start":1707182853660,"stop":1707182853660,"duration":0},"status":"passed","steps":[],"attachments":[],"parameters":[],"stepsCount":0,"shouldDisplayMessage":false,"attachmentsCount":0,"hasContent":false,"attachmentStep":false},{"name":"ops_test","time":{"start":1707182853660,"stop":1707182853899,"duration":239},"status":"passed","steps":[],"attachments":[],"parameters":[],"stepsCount":0,"shouldDisplayMessage":false,"attachmentsCount":0,"hasContent":false,"attachmentStep":false},{"name":"abort_on_fail","time":{"start":1707182939717,"stop":1707182939717,"duration":0},"status":"passed","steps":[],"attachments":[],"parameters":[],"stepsCount":0,"shouldDisplayMessage":false,"attachmentsCount":0,"hasContent":false,"attachmentStep":false}],"testStage":{"description":"Test the existence of databases and tables created by osm-pol's migrations.","status":"failed","statusMessage":"AssertionError: assert False","statusTrace":"Traceback (most recent call last):\n  File \"/home/runner/work/mysql-k8s-operator/mysql-k8s-operator/tests/integration/relations/test_mysql_root.py\", line 182, in test_osm_pol_operations\n    assert \"keystone\" in output\nAssertionError: assert 'keystone' in ['information_schema', 'mysql', 'mysql_innodb_cluster_metadata', 'performance_schema', 'sys']\n\nThe above exception was the direct cause of the following exception:\n\nTraceback (most recent call last):\n  File \"/home/runner/work/mysql-k8s-operator/mysql-k8s-operator/tests/integration/relations/test_mysql_root.py\", line 170, in test_osm_pol_operations\n    async for attempt in AsyncRetrying(stop=stop_after_attempt(30), wait=wait_fixed(30)):\n  File \"/home/runner/work/mysql-k8s-operator/mysql-k8s-operator/.tox/integration/lib/python3.10/site-packages/tenacity/_asyncio.py\", line 71, in __anext__\n    do = self.iter(retry_state=self._retry_state)\n  File \"/home/runner/work/mysql-k8s-operator/mysql-k8s-operator/.tox/integration/lib/python3.10/site-packages/tenacity/__init__.py\", line 326, in iter\n    raise retry_exc from fut.exception()\ntenacity.RetryError: RetryError[<Future at 0x7f147145a890 state=finished raised AssertionError>]\n\nDuring handling of the above exception, another exception occurred:\n\nTraceback (most recent call last):\n  File \"/home/runner/work/mysql-k8s-operator/mysql-k8s-operator/.tox/integration/lib/python3.10/site-packages/_pytest/runner.py\", line 341, in from_call\n    result: Optional[TResult] = func()\n  File \"/home/runner/work/mysql-k8s-operator/mysql-k8s-operator/.tox/integration/lib/python3.10/site-packages/_pytest/runner.py\", line 262, in <lambda>\n    lambda: ihook(item=item, **kwds), when=when, reraise=reraise\n  File \"/home/runner/work/mysql-k8s-operator/mysql-k8s-operator/.tox/integration/lib/python3.10/site-packages/pluggy/_hooks.py\", line 433, in __call__\n    return self._hookexec(self.name, self._hookimpls, kwargs, firstresult)\n  File \"/home/runner/work/mysql-k8s-operator/mysql-k8s-operator/.tox/integration/lib/python3.10/site-packages/pluggy/_manager.py\", line 112, in _hookexec\n    return self._inner_hookexec(hook_name, methods, kwargs, firstresult)\n  File \"/home/runner/work/mysql-k8s-operator/mysql-k8s-operator/.tox/integration/lib/python3.10/site-packages/pluggy/_callers.py\", line 155, in _multicall\n    return outcome.get_result()\n  File \"/home/runner/work/mysql-k8s-operator/mysql-k8s-operator/.tox/integration/lib/python3.10/site-packages/pluggy/_result.py\", line 108, in get_result\n    raise exc.with_traceback(exc.__traceback__)\n  File \"/home/runner/work/mysql-k8s-operator/mysql-k8s-operator/.tox/integration/lib/python3.10/site-packages/pluggy/_callers.py\", line 80, in _multicall\n    res = hook_impl.function(*args)\n  File \"/home/runner/work/mysql-k8s-operator/mysql-k8s-operator/.tox/integration/lib/python3.10/site-packages/_pytest/runner.py\", line 177, in pytest_runtest_call\n    raise e\n  File \"/home/runner/work/mysql-k8s-operator/mysql-k8s-operator/.tox/integration/lib/python3.10/site-packages/_pytest/runner.py\", line 169, in pytest_runtest_call\n    item.runtest()\n  File \"/home/runner/work/mysql-k8s-operator/mysql-k8s-operator/.tox/integration/lib/python3.10/site-packages/_pytest/python.py\", line 1792, in runtest\n    self.ihook.pytest_pyfunc_call(pyfuncitem=self)\n  File \"/home/runner/work/mysql-k8s-operator/mysql-k8s-operator/.tox/integration/lib/python3.10/site-packages/pluggy/_hooks.py\", line 433, in __call__\n    return self._hookexec(self.name, self._hookimpls, kwargs, firstresult)\n  File \"/home/runner/work/mysql-k8s-operator/mysql-k8s-operator/.tox/integration/lib/python3.10/site-packages/pluggy/_manager.py\", line 112, in _hookexec\n    return self._inner_hookexec(hook_name, methods, kwargs, firstresult)\n  File \"/home/runner/work/mysql-k8s-operator/mysql-k8s-operator/.tox/integration/lib/python3.10/site-packages/pluggy/_callers.py\", line 155, in _multicall\n    return outcome.get_result()\n  File \"/home/runner/work/mysql-k8s-operator/mysql-k8s-operator/.tox/integration/lib/python3.10/site-packages/pluggy/_result.py\", line 108, in get_result\n    raise exc.with_traceback(exc.__traceback__)\n  File \"/home/runner/work/mysql-k8s-operator/mysql-k8s-operator/.tox/integration/lib/python3.10/site-packages/pluggy/_callers.py\", line 80, in _multicall\n    res = hook_impl.function(*args)\n  File \"/home/runner/work/mysql-k8s-operator/mysql-k8s-operator/.tox/integration/lib/python3.10/site-packages/_pytest/python.py\", line 194, in pytest_pyfunc_call\n    result = testfunction(**testargs)\n  File \"/home/runner/work/mysql-k8s-operator/mysql-k8s-operator/.tox/integration/lib/python3.10/site-packages/pytest_asyncio/plugin.py\", line 532, in inner\n    _loop.run_until_complete(task)\n  File \"/usr/lib/python3.10/asyncio/base_events.py\", line 649, in run_until_complete\n    return future.result()\n  File \"/home/runner/work/mysql-k8s-operator/mysql-k8s-operator/tests/integration/relations/test_mysql_root.py\", line 194, in test_osm_pol_operations\n    assert False\nAssertionError: assert False","steps":[],"attachments":[{"uid":"6501cf08c545b163","name":"log","source":"6501cf08c545b163.txt","type":"text/plain","size":4219}],"parameters":[],"stepsCount":0,"shouldDisplayMessage":true,"attachmentsCount":1,"hasContent":true,"attachmentStep":false},"afterStages":[{"name":"abort_on_fail::0","time":{"start":1707183815063,"stop":1707183815063,"duration":0},"status":"passed","steps":[],"attachments":[],"parameters":[],"stepsCount":0,"shouldDisplayMessage":false,"attachmentsCount":0,"hasContent":false,"attachmentStep":false},{"name":"ops_test::finalizer","time":{"start":1707183815063,"stop":1707183834189,"duration":19126},"status":"passed","steps":[],"attachments":[],"parameters":[],"stepsCount":0,"shouldDisplayMessage":false,"attachmentsCount":0,"hasContent":false,"attachmentStep":false},{"name":"event_loop::2","time":{"start":1707183834190,"stop":1707183834190,"duration":0},"status":"passed","steps":[],"attachments":[],"parameters":[],"stepsCount":0,"shouldDisplayMessage":false,"attachmentsCount":0,"hasContent":false,"attachmentStep":false},{"name":"event_loop::_close_event_loop","time":{"start":1707183834190,"stop":1707183834190,"duration":0},"status":"passed","steps":[],"attachments":[],"parameters":[],"stepsCount":0,"shouldDisplayMessage":false,"attachmentsCount":0,"hasContent":false,"attachmentStep":false},{"name":"event_loop::_provide_clean_event_loop","time":{"start":1707183834190,"stop":1707183834190,"duration":0},"status":"passed","steps":[],"attachments":[],"parameters":[],"stepsCount":0,"shouldDisplayMessage":false,"attachmentsCount":0,"hasContent":false,"attachmentStep":false}],"labels":[{"name":"tag","value":"group(1)"},{"name":"tag","value":"abort_on_fail"},{"name":"tag","value":"asyncio"},{"name":"parentSuite","value":"tests.integration.relations"},{"name":"suite","value":"test_mysql_root"},{"name":"host","value":"fv-az692-58"},{"name":"thread","value":"12012-MainThread"},{"name":"framework","value":"pytest"},{"name":"language","value":"cpython3"},{"name":"package","value":"tests.integration.relations.test_mysql_root"},{"name":"resultFormat","value":"allure2"}],"parameters":[],"links":[],"hidden":false,"retry":false,"extra":{"severity":"normal","retries":[],"categories":[{"name":"Product defects","matchedStatuses":[],"flaky":false}],"history":{"statistic":{"failed":1,"broken":0,"skipped":0,"passed":10,"unknown":0,"total":11},"items":[{"uid":"742a92f701f2ab36","reportUrl":"../1584//#testresult/742a92f701f2ab36","status":"passed","time":{"start":1707096752567,"stop":1707096787137,"duration":34570}},{"uid":"ace3195bb8a0893c","reportUrl":"../1580//#testresult/ace3195bb8a0893c","status":"passed","time":{"start":1707010247691,"stop":1707010282200,"duration":34509}},{"uid":"dc33c798b5646f19","reportUrl":"../1579//#testresult/dc33c798b5646f19","status":"passed","time":{"start":1706923758279,"stop":1706923821688,"duration":63409}},{"uid":"cec1c65baa19f896","reportUrl":"../1574//#testresult/cec1c65baa19f896","status":"passed","time":{"start":1706837390161,"stop":1706837424588,"duration":34427}},{"uid":"5903a876638018c1","reportUrl":"../1570//#testresult/5903a876638018c1","status":"passed","time":{"start":1706751085068,"stop":1706751148477,"duration":63409}},{"uid":"d38a942b74f9403b","reportUrl":"../1569//#testresult/d38a942b74f9403b","status":"passed","time":{"start":1706664644215,"stop":1706664708681,"duration":64466}},{"uid":"3ac864f6c365fa0f","reportUrl":"../1557//#testresult/3ac864f6c365fa0f","status":"passed","time":{"start":1706578249939,"stop":1706578314466,"duration":64527}},{"uid":"32b267fdd86d6a67","reportUrl":"../1554//#testresult/32b267fdd86d6a67","status":"passed","time":{"start":1706491845746,"stop":1706491910308,"duration":64562}},{"uid":"21bf3641199fc1e5","reportUrl":"../1546//#testresult/21bf3641199fc1e5","status":"passed","time":{"start":1706405478045,"stop":1706405541434,"duration":63389}},{"uid":"2f5310ffcde74d8e","reportUrl":"../1545//#testresult/2f5310ffcde74d8e","status":"passed","time":{"start":1706319018398,"stop":1706319052786,"duration":34388}}]},"tags":["asyncio","abort_on_fail","group(1)"]},"source":"55383c502c680f63.json","parameterValues":[]}