[32mINFO    [0m integration.test_saturate_max_connections:test_saturate_max_connections.py:71 Running action to get app connection data
[32mINFO    [0m integration.test_saturate_max_connections:test_saturate_max_connections.py:80 Creating 10 connections
[32mINFO    [0m mysql.connector:__init__.py:149 package: mysql.connector.plugins
[32mINFO    [0m mysql.connector:__init__.py:150 plugin_name: caching_sha2_password
[32mINFO    [0m mysql.connector:__init__.py:154 AUTHENTICATION_PLUGIN_CLASS: MySQLCachingSHA2PasswordAuthPlugin
[32mINFO    [0m integration.test_saturate_max_connections:test_saturate_max_connections.py:84 Ensure all connections are established
[32mINFO    [0m integration.test_saturate_max_connections:test_saturate_max_connections.py:90 Ensure no more client connections are possible
[32mINFO    [0m integration.test_saturate_max_connections:test_saturate_max_connections.py:96 Get cluster status while connections are saturated
[32mINFO    [0m pytest_operator.plugin:plugin.py:790 Model status:

Model    Controller          Cloud/Region        Version  SLA          Timestamp
testing  concierge-microk8s  microk8s/localhost  3.6.11   unsupported  01:59:37Z

App    Version                  Status  Scale  Charm           Channel      Rev  Address         Exposed  Message
app    0.0.2                    active      1  mysql-test-app  latest/edge   85  10.152.183.105  no       
mysql  8.0.42-0ubuntu0.22.04.2  active      1  mysql-k8s                      0  10.152.183.143  no       

Unit      Workload  Agent      Address      Ports  Message
app/0*    active    idle       10.1.184.76         
mysql/0*  active    executing  10.1.184.75         

[32mINFO    [0m pytest_operator.plugin:plugin.py:796 Juju error logs:

unit-mysql-0: 01:59:33 ERROR unit.mysql/0.juju-log database-peers:1: Failed to execute MySQL cli command
Traceback (most recent call last):
  File "/var/lib/juju/agents/unit-mysql-0/charm/src/mysql_k8s_helpers.py", line 763, in _run_mysqlcli_script
    stdout, _ = process.wait_output()
  File "/var/lib/juju/agents/unit-mysql-0/charm/venv/lib/python3.10/site-packages/ops/pebble.py", line 1771, in wait_output
    raise ExecError[AnyStr](self._command, exit_code, out_value, err_value)
ops.pebble.ExecError: non-zero exit code 1 executing ['/usr/bin/mysql', '-u', 'serverconfig', '-p', '-N', '--socket=/var/run/mysqld/mysqld.sock', '-e', 'SELECT 1'], stdout='', stderr='Enter password: ERROR 1040 (HY000): Too many connections\n'
unit-mysql-0: 01:59:33 ERROR unit.mysql/0.juju-log database-peers:1: Failed to execute MySQL cli command
Traceback (most recent call last):
  File "/var/lib/juju/agents/unit-mysql-0/charm/lib/charms/mysql/v0/mysql.py", line 3717, in check_mysqlcli_connection
    self._run_mysqlcli_script(
  File "/var/lib/juju/agents/unit-mysql-0/charm/lib/charms/tempo_coordinator_k8s/v0/charm_tracing.py", line 1065, in wrapped_function
    return callable(*args, **kwargs)  # type: ignore
  File "/var/lib/juju/agents/unit-mysql-0/charm/src/mysql_k8s_helpers.py", line 771, in _run_mysqlcli_script
    raise MySQLClientError from None
charms.mysql.v0.mysql.MySQLClientError

During handling of the above exception, another exception occurred:

Traceback (most recent call last):
  File "/var/lib/juju/agents/unit-mysql-0/charm/src/mysql_k8s_helpers.py", line 763, in _run_mysqlcli_script
    stdout, _ = process.wait_output()
  File "/var/lib/juju/agents/unit-mysql-0/charm/venv/lib/python3.10/site-packages/ops/pebble.py", line 1771, in wait_output
    raise ExecError[AnyStr](self._command, exit_code, out_value, err_value)
ops.pebble.ExecError: non-zero exit code 1 executing ['/usr/bin/mysql', '-u', 'root', '-N', '--socket=/var/run/mysqld/mysqld.sock', '-e', 'SELECT 1'], stdout='', stderr='ERROR 1040 (HY000): Too many connections\n'
unit-mysql-0: 01:59:33 ERROR unit.mysql/0.juju-log database-peers:1: Failed to connect to MySQL with mysqlcli with default root user

[32mINFO    [0m pytest_operator.plugin:plugin.py:862 Forgetting main...