[32mINFO    [0m pytest_operator.plugin:plugin.py:675 Connecting to existing model concierge-microk8s:testing on unspecified cloud
[32mINFO    [0m integration.high_availability.conftest:conftest.py:57 Deploying mysql-k8s and scaling to 3 units
[32mINFO    [0m juju.model:model.py:2284 Deploying local:mysql-k8s-0
[32mINFO    [0m juju.model:model.py:3211 Waiting for model:
  mysql-k8s/0 [allocating] waiting: installing agent
  mysql-k8s/1 [allocating] waiting: installing agent
  mysql-k8s/2 [allocating] waiting: installing agent
[32mINFO    [0m juju.model:model.py:3211 Waiting for model:
  mysql-k8s/0 [executing] maintenance: installing charm software
  mysql-k8s/1 [executing] maintenance: installing charm software
  mysql-k8s/2 [executing] maintenance: installing charm software
[32mINFO    [0m juju.model:model.py:3211 Waiting for model:
  mysql-k8s/0 [idle] waiting: waiting to get cluster primary from peers
  mysql-k8s/1 [executing] waiting: waiting to get cluster primary from peers
  mysql-k8s/2 [executing] maintenance: Starting mysqld
[32mINFO    [0m juju.model:model.py:3211 Waiting for model:
  mysql-k8s/0 [executing] waiting: waiting to join the cluster
  mysql-k8s/1 [idle] waiting: waiting to get cluster primary from peers
  mysql-k8s/2 [executing] active: Primary
[32mINFO    [0m juju.model:model.py:3211 Waiting for model:
  mysql-k8s/0 [idle] waiting: waiting to join the cluster
  mysql-k8s/1 [idle] waiting: waiting to join the cluster
  mysql-k8s/2 [idle] active: Primary
[32mINFO    [0m juju.model:model.py:3211 Waiting for model:
  mysql-k8s/0 [idle] waiting: waiting to join the cluster
  mysql-k8s/1 [idle] waiting: waiting to join the cluster
  mysql-k8s/2 [executing] active: Primary
[32mINFO    [0m juju.model:model.py:3211 Waiting for model:
  mysql-k8s/0 [idle] waiting: waiting to join the cluster
  mysql-k8s/1 [idle] waiting: waiting to join the cluster
  mysql-k8s/2 [idle] active: Primary
[32mINFO    [0m juju.model:model.py:3211 Waiting for model:
  mysql-k8s/0 [idle] waiting: waiting to join the cluster
  mysql-k8s/1 [idle] waiting: waiting to join the cluster
  mysql-k8s/2 [executing] active: Primary
[32mINFO    [0m juju.model:model.py:3211 Waiting for model:
  mysql-k8s/0 [idle] waiting: waiting to join the cluster
  mysql-k8s/1 [idle] waiting: waiting to join the cluster
  mysql-k8s/2 [idle] active: Primary
[32mINFO    [0m juju.model:model.py:3211 Waiting for model:
  mysql-k8s/0 [idle] waiting: waiting to join the cluster
  mysql-k8s/1 [idle] waiting: waiting to join the cluster
  mysql-k8s/2 [executing] active: Primary
[32mINFO    [0m juju.model:model.py:3211 Waiting for model:
  mysql-k8s/0 [idle] waiting: waiting to join the cluster
  mysql-k8s/1 [idle] waiting: waiting to join the cluster
  mysql-k8s/2 [idle] active: Primary
[32mINFO    [0m juju.model:model.py:3211 Waiting for model:
  mysql-k8s/0 [idle] waiting: waiting to join the cluster
  mysql-k8s/1 [idle] waiting: waiting to join the cluster
  mysql-k8s/2 [idle] active: Primary
[32mINFO    [0m juju.model:model.py:3211 Waiting for model:
  mysql-k8s/0 [idle] waiting: waiting to join the cluster
  mysql-k8s/1 [idle] waiting: waiting to join the cluster
  mysql-k8s/2 [idle] active: Primary
[32mINFO    [0m juju.model:model.py:3211 Waiting for model:
  mysql-k8s/0 [idle] waiting: waiting to join the cluster
  mysql-k8s/1 [idle] waiting: waiting to join the cluster
  mysql-k8s/2 [idle] active: Primary
[32mINFO    [0m juju.model:model.py:3211 Waiting for model:
  mysql-k8s/0 [idle] waiting: waiting to join the cluster
  mysql-k8s/1 [idle] waiting: waiting to join the cluster
  mysql-k8s/2 [idle] active: Primary
[32mINFO    [0m juju.model:model.py:3211 Waiting for model:
  mysql-k8s/0 [idle] waiting: waiting to join the cluster
  mysql-k8s/1 [idle] waiting: waiting to join the cluster
  mysql-k8s/2 [idle] active: Primary
[32mINFO    [0m juju.model:model.py:3211 Waiting for model:
  mysql-k8s/0 [idle] waiting: waiting to join the cluster
  mysql-k8s/1 [idle] waiting: waiting to join the cluster
  mysql-k8s/2 [idle] active: Primary
[32mINFO    [0m juju.model:model.py:3211 Waiting for model:
  mysql-k8s/0 [idle] waiting: waiting to join the cluster
  mysql-k8s/1 [idle] waiting: waiting to join the cluster
  mysql-k8s/2 [idle] active: Primary
[32mINFO    [0m juju.model:model.py:3211 Waiting for model:
  mysql-k8s/0 [idle] waiting: waiting to join the cluster
  mysql-k8s/1 [idle] waiting: waiting to join the cluster
  mysql-k8s/2 [idle] active: Primary
[32mINFO    [0m juju.model:model.py:3211 Waiting for model:
  mysql-k8s/0 [idle] waiting: waiting to join the cluster
  mysql-k8s/1 [idle] waiting: waiting to join the cluster
  mysql-k8s/2 [idle] active: Primary
[32mINFO    [0m juju.model:model.py:3211 Waiting for model:
  mysql-k8s/0 [idle] waiting: waiting to join the cluster
  mysql-k8s/1 [idle] waiting: waiting to join the cluster
  mysql-k8s/2 [idle] active: Primary
[32mINFO    [0m juju.model:model.py:3211 Waiting for model:
  mysql-k8s/0 [idle] waiting: waiting to join the cluster
  mysql-k8s/1 [idle] waiting: waiting to join the cluster
  mysql-k8s/2 [idle] active: Primary
[32mINFO    [0m juju.model:model.py:3211 Waiting for model:
  mysql-k8s/0 [idle] waiting: waiting to join the cluster
  mysql-k8s/1 [idle] waiting: waiting to join the cluster
  mysql-k8s/2 [idle] active: Primary
[32mINFO    [0m juju.model:model.py:3211 Waiting for model:
  mysql-k8s/0 [idle] waiting: waiting to join the cluster
  mysql-k8s/1 [idle] waiting: waiting to join the cluster
  mysql-k8s/2 [idle] active: Primary
[32mINFO    [0m juju.model:model.py:3211 Waiting for model:
  mysql-k8s/0 [idle] waiting: waiting to join the cluster
  mysql-k8s/1 [idle] waiting: waiting to join the cluster
  mysql-k8s/2 [idle] active: Primary
[32mINFO    [0m juju.model:model.py:3211 Waiting for model:
  mysql-k8s/0 [idle] waiting: waiting to join the cluster
  mysql-k8s/1 [idle] waiting: waiting to join the cluster
  mysql-k8s/2 [idle] active: Primary
[32mINFO    [0m juju.model:model.py:3211 Waiting for model:
  mysql-k8s/0 [idle] waiting: waiting to join the cluster
  mysql-k8s/1 [idle] waiting: waiting to join the cluster
  mysql-k8s/2 [idle] active: Primary
[32mINFO    [0m juju.model:model.py:3211 Waiting for model:
  mysql-k8s/0 [idle] waiting: waiting to join the cluster
  mysql-k8s/1 [idle] waiting: waiting to join the cluster
  mysql-k8s/2 [idle] active: Primary
[32mINFO    [0m juju.model:model.py:3211 Waiting for model:
  mysql-k8s/0 [idle] waiting: waiting to join the cluster
  mysql-k8s/1 [idle] waiting: waiting to join the cluster
  mysql-k8s/2 [idle] active: Primary
[32mINFO    [0m juju.model:model.py:3211 Waiting for model:
  mysql-k8s/0 [idle] waiting: waiting to join the cluster
  mysql-k8s/1 [idle] waiting: waiting to join the cluster
  mysql-k8s/2 [idle] active: Primary
[32mINFO    [0m pytest_operator.plugin:plugin.py:790 Model status:

Model    Controller          Cloud/Region        Version  SLA          Timestamp
testing  concierge-microk8s  microk8s/localhost  3.6.3    unsupported  01:44:30Z

App        Version                  Status   Scale  Charm      Channel  Rev  Address        Exposed  Message
mysql-k8s  8.0.41-0ubuntu0.22.04.1  waiting      3  mysql-k8s             0  10.152.183.38  no       installing agent

Unit          Workload  Agent  Address      Ports  Message
mysql-k8s/0   waiting   idle   10.1.39.203         waiting to join the cluster
mysql-k8s/1   waiting   idle   10.1.39.204         waiting to join the cluster
mysql-k8s/2*  active    idle   10.1.39.205         Primary

[32mINFO    [0m pytest_operator.plugin:plugin.py:796 Juju error logs:

unit-mysql-k8s-2: 01:30:26 ERROR unit.mysql-k8s/2.juju-log Failed to execute MySQL cli command
Traceback (most recent call last):
  File "/var/lib/juju/agents/unit-mysql-k8s-2/charm/venv/lib/python3.10/site-packages/websocket/_socket.py", line 118, in recv
    bytes_ = _recv()
  File "/var/lib/juju/agents/unit-mysql-k8s-2/charm/venv/lib/python3.10/site-packages/websocket/_socket.py", line 97, in _recv
    return sock.recv(bufsize)
TimeoutError: timed out

During handling of the above exception, another exception occurred:

Traceback (most recent call last):
  File "/var/lib/juju/agents/unit-mysql-k8s-2/charm/venv/lib/python3.10/site-packages/ops/pebble.py", line 2890, in exec
    control_ws = self._connect_websocket(task_id, 'control')
  File "/var/lib/juju/agents/unit-mysql-k8s-2/charm/venv/lib/python3.10/site-packages/ops/pebble.py", line 2978, in _connect_websocket
    ws.connect(url, socket=sock)
  File "/var/lib/juju/agents/unit-mysql-k8s-2/charm/venv/lib/python3.10/site-packages/websocket/_core.py", line 261, in connect
    self.handshake_response = handshake(self.sock, url, *addrs, **options)
  File "/var/lib/juju/agents/unit-mysql-k8s-2/charm/venv/lib/python3.10/site-packages/websocket/_handshake.py", line 65, in handshake
    status, resp = _get_resp_headers(sock)
  File "/var/lib/juju/agents/unit-mysql-k8s-2/charm/venv/lib/python3.10/site-packages/websocket/_handshake.py", line 141, in _get_resp_headers
    status, resp_headers, status_message = read_headers(sock)
  File "/var/lib/juju/agents/unit-mysql-k8s-2/charm/venv/lib/python3.10/site-packages/websocket/_http.py", line 351, in read_headers
    line = recv_line(sock)
  File "/var/lib/juju/agents/unit-mysql-k8s-2/charm/venv/lib/python3.10/site-packages/websocket/_socket.py", line 140, in recv_line
    c = recv(sock, 1)
  File "/var/lib/juju/agents/unit-mysql-k8s-2/charm/venv/lib/python3.10/site-packages/websocket/_socket.py", line 120, in recv
    raise WebSocketTimeoutException("Connection timed out")
websocket._exceptions.WebSocketTimeoutException: Connection timed out

The above exception was the direct cause of the following exception:

Traceback (most recent call last):
  File "/var/lib/juju/agents/unit-mysql-k8s-2/charm/src/mysql_k8s_helpers.py", line 766, in _run_mysqlcli_script
    process = self.container.exec(command, timeout=timeout, stdin=password)
  File "/var/lib/juju/agents/unit-mysql-k8s-2/charm/venv/lib/python3.10/site-packages/ops/model.py", line 2872, in exec
    return self._pebble.exec(
  File "/var/lib/juju/agents/unit-mysql-k8s-2/charm/venv/lib/python3.10/site-packages/ops/pebble.py", line 2899, in exec
    raise ChangeError(change.err, change) from e
ops.pebble.ChangeError: cannot perform the following tasks:
- Execute command "/usr/bin/mysql" (exec 18: timeout waiting for websocket connections: context deadline exceeded)
----- Logs from task 0 -----
2025-02-28T01:30:26Z ERROR exec 18: timeout waiting for websocket connections: context deadline exceeded
-----
unit-mysql-k8s-2: 01:30:26 ERROR unit.mysql-k8s/2.juju-log Failed to initialize mysql.juju_units_operations table with error
unit-mysql-k8s-2: 01:30:26 ERROR unit.mysql-k8s/2.juju-log Failed to initialize primary
Traceback (most recent call last):
  File "/var/lib/juju/agents/unit-mysql-k8s-2/charm/venv/lib/python3.10/site-packages/websocket/_socket.py", line 118, in recv
    bytes_ = _recv()
  File "/var/lib/juju/agents/unit-mysql-k8s-2/charm/venv/lib/python3.10/site-packages/websocket/_socket.py", line 97, in _recv
    return sock.recv(bufsize)
TimeoutError: timed out

During handling of the above exception, another exception occurred:

Traceback (most recent call last):
  File "/var/lib/juju/agents/unit-mysql-k8s-2/charm/venv/lib/python3.10/site-packages/ops/pebble.py", line 2890, in exec
    control_ws = self._connect_websocket(task_id, 'control')
  File "/var/lib/juju/agents/unit-mysql-k8s-2/charm/venv/lib/python3.10/site-packages/ops/pebble.py", line 2978, in _connect_websocket
    ws.connect(url, socket=sock)
  File "/var/lib/juju/agents/unit-mysql-k8s-2/charm/venv/lib/python3.10/site-packages/websocket/_core.py", line 261, in connect
    self.handshake_response = handshake(self.sock, url, *addrs, **options)
  File "/var/lib/juju/agents/unit-mysql-k8s-2/charm/venv/lib/python3.10/site-packages/websocket/_handshake.py", line 65, in handshake
    status, resp = _get_resp_headers(sock)
  File "/var/lib/juju/agents/unit-mysql-k8s-2/charm/venv/lib/python3.10/site-packages/websocket/_handshake.py", line 141, in _get_resp_headers
    status, resp_headers, status_message = read_headers(sock)
  File "/var/lib/juju/agents/unit-mysql-k8s-2/charm/venv/lib/python3.10/site-packages/websocket/_http.py", line 351, in read_headers
    line = recv_line(sock)
  File "/var/lib/juju/agents/unit-mysql-k8s-2/charm/venv/lib/python3.10/site-packages/websocket/_socket.py", line 140, in recv_line
    c = recv(sock, 1)
  File "/var/lib/juju/agents/unit-mysql-k8s-2/charm/venv/lib/python3.10/site-packages/websocket/_socket.py", line 120, in recv
    raise WebSocketTimeoutException("Connection timed out")
websocket._exceptions.WebSocketTimeoutException: Connection timed out

The above exception was the direct cause of the following exception:

Traceback (most recent call last):
  File "/var/lib/juju/agents/unit-mysql-k8s-2/charm/src/mysql_k8s_helpers.py", line 766, in _run_mysqlcli_script
    process = self.container.exec(command, timeout=timeout, stdin=password)
  File "/var/lib/juju/agents/unit-mysql-k8s-2/charm/venv/lib/python3.10/site-packages/ops/model.py", line 2872, in exec
    return self._pebble.exec(
  File "/var/lib/juju/agents/unit-mysql-k8s-2/charm/venv/lib/python3.10/site-packages/ops/pebble.py", line 2899, in exec
    raise ChangeError(change.err, change) from e
ops.pebble.ChangeError: cannot perform the following tasks:
- Execute command "/usr/bin/mysql" (exec 18: timeout waiting for websocket connections: context deadline exceeded)
----- Logs from task 0 -----
2025-02-28T01:30:26Z ERROR exec 18: timeout waiting for websocket connections: context deadline exceeded
-----

During handling of the above exception, another exception occurred:

Traceback (most recent call last):
  File "/var/lib/juju/agents/unit-mysql-k8s-2/charm/lib/charms/mysql/v0/mysql.py", line 1766, in initialize_juju_units_operations_table
    self._run_mysqlcli_script(
  File "/var/lib/juju/agents/unit-mysql-k8s-2/charm/lib/charms/tempo_coordinator_k8s/v0/charm_tracing.py", line 1065, in wrapped_function
    return callable(*args, **kwargs)  # type: ignore
  File "/var/lib/juju/agents/unit-mysql-k8s-2/charm/src/mysql_k8s_helpers.py", line 778, in _run_mysqlcli_script
    raise MySQLClientError
charms.mysql.v0.mysql.MySQLClientError

During handling of the above exception, another exception occurred:

Traceback (most recent call last):
  File "/var/lib/juju/agents/unit-mysql-k8s-2/charm/src/charm.py", line 814, in _on_mysql_pebble_ready
    self.create_cluster()
  File "/var/lib/juju/agents/unit-mysql-k8s-2/charm/lib/charms/tempo_coordinator_k8s/v0/charm_tracing.py", line 1065, in wrapped_function
    return callable(*args, **kwargs)  # type: ignore
  File "/var/lib/juju/agents/unit-mysql-k8s-2/charm/lib/charms/mysql/v0/mysql.py", line 600, in create_cluster
    self._mysql.initialize_juju_units_operations_table()
  File "/var/lib/juju/agents/unit-mysql-k8s-2/charm/lib/charms/tempo_coordinator_k8s/v0/charm_tracing.py", line 1065, in wrapped_function
    return callable(*args, **kwargs)  # type: ignore
  File "/var/lib/juju/agents/unit-mysql-k8s-2/charm/lib/charms/mysql/v0/mysql.py", line 1773, in initialize_juju_units_operations_table
    raise MySQLInitializeJujuOperationsTableError
charms.mysql.v0.mysql.MySQLInitializeJujuOperationsTableError
unit-mysql-k8s-2: 01:30:26 ERROR unit.mysql-k8s/2.juju-log Uncaught exception while in charm code:
Traceback (most recent call last):
  File "/var/lib/juju/agents/unit-mysql-k8s-2/charm/venv/lib/python3.10/site-packages/websocket/_socket.py", line 118, in recv
    bytes_ = _recv()
  File "/var/lib/juju/agents/unit-mysql-k8s-2/charm/venv/lib/python3.10/site-packages/websocket/_socket.py", line 97, in _recv
    return sock.recv(bufsize)
TimeoutError: timed out

During handling of the above exception, another exception occurred:

Traceback (most recent call last):
  File "/var/lib/juju/agents/unit-mysql-k8s-2/charm/venv/lib/python3.10/site-packages/ops/pebble.py", line 2890, in exec
    control_ws = self._connect_websocket(task_id, 'control')
  File "/var/lib/juju/agents/unit-mysql-k8s-2/charm/venv/lib/python3.10/site-packages/ops/pebble.py", line 2978, in _connect_websocket
    ws.connect(url, socket=sock)
  File "/var/lib/juju/agents/unit-mysql-k8s-2/charm/venv/lib/python3.10/site-packages/websocket/_core.py", line 261, in connect
    self.handshake_response = handshake(self.sock, url, *addrs, **options)
  File "/var/lib/juju/agents/unit-mysql-k8s-2/charm/venv/lib/python3.10/site-packages/websocket/_handshake.py", line 65, in handshake
    status, resp = _get_resp_headers(sock)
  File "/var/lib/juju/agents/unit-mysql-k8s-2/charm/venv/lib/python3.10/site-packages/websocket/_handshake.py", line 141, in _get_resp_headers
    status, resp_headers, status_message = read_headers(sock)
  File "/var/lib/juju/agents/unit-mysql-k8s-2/charm/venv/lib/python3.10/site-packages/websocket/_http.py", line 351, in read_headers
    line = recv_line(sock)
  File "/var/lib/juju/agents/unit-mysql-k8s-2/charm/venv/lib/python3.10/site-packages/websocket/_socket.py", line 140, in recv_line
    c = recv(sock, 1)
  File "/var/lib/juju/agents/unit-mysql-k8s-2/charm/venv/lib/python3.10/site-packages/websocket/_socket.py", line 120, in recv
    raise WebSocketTimeoutException("Connection timed out")
websocket._exceptions.WebSocketTimeoutException: Connection timed out

The above exception was the direct cause of the following exception:

Traceback (most recent call last):
  File "/var/lib/juju/agents/unit-mysql-k8s-2/charm/src/mysql_k8s_helpers.py", line 766, in _run_mysqlcli_script
    process = self.container.exec(command, timeout=timeout, stdin=password)
  File "/var/lib/juju/agents/unit-mysql-k8s-2/charm/venv/lib/python3.10/site-packages/ops/model.py", line 2872, in exec
    return self._pebble.exec(
  File "/var/lib/juju/agents/unit-mysql-k8s-2/charm/venv/lib/python3.10/site-packages/ops/pebble.py", line 2899, in exec
    raise ChangeError(change.err, change) from e
ops.pebble.ChangeError: cannot perform the following tasks:
- Execute command "/usr/bin/mysql" (exec 18: timeout waiting for websocket connections: context deadline exceeded)
----- Logs from task 0 -----
2025-02-28T01:30:26Z ERROR exec 18: timeout waiting for websocket connections: context deadline exceeded
-----

During handling of the above exception, another exception occurred:

Traceback (most recent call last):
  File "/var/lib/juju/agents/unit-mysql-k8s-2/charm/lib/charms/mysql/v0/mysql.py", line 1766, in initialize_juju_units_operations_table
    self._run_mysqlcli_script(
  File "/var/lib/juju/agents/unit-mysql-k8s-2/charm/lib/charms/tempo_coordinator_k8s/v0/charm_tracing.py", line 1065, in wrapped_function
    return callable(*args, **kwargs)  # type: ignore
  File "/var/lib/juju/agents/unit-mysql-k8s-2/charm/src/mysql_k8s_helpers.py", line 778, in _run_mysqlcli_script
    raise MySQLClientError
charms.mysql.v0.mysql.MySQLClientError

During handling of the above exception, another exception occurred:

Traceback (most recent call last):
  File "/var/lib/juju/agents/unit-mysql-k8s-2/charm/src/charm.py", line 1056, in <module>
    main(MySQLOperatorCharm)
  File "/var/lib/juju/agents/unit-mysql-k8s-2/charm/venv/lib/python3.10/site-packages/ops/main.py", line 551, in main
    manager.run()
  File "/var/lib/juju/agents/unit-mysql-k8s-2/charm/venv/lib/python3.10/site-packages/ops/main.py", line 530, in run
    self._emit()
  File "/var/lib/juju/agents/unit-mysql-k8s-2/charm/venv/lib/python3.10/site-packages/ops/main.py", line 519, in _emit
    _emit_charm_event(self.charm, self.dispatcher.event_name)
  File "/var/lib/juju/agents/unit-mysql-k8s-2/charm/venv/lib/python3.10/site-packages/ops/main.py", line 147, in _emit_charm_event
    event_to_emit.emit(*args, **kwargs)
  File "/var/lib/juju/agents/unit-mysql-k8s-2/charm/venv/lib/python3.10/site-packages/ops/framework.py", line 348, in emit
    framework._emit(event)
  File "/var/lib/juju/agents/unit-mysql-k8s-2/charm/venv/lib/python3.10/site-packages/ops/framework.py", line 860, in _emit
    self._reemit(event_path)
  File "/var/lib/juju/agents/unit-mysql-k8s-2/charm/venv/lib/python3.10/site-packages/ops/framework.py", line 950, in _reemit
    custom_handler(event)
  File "/var/lib/juju/agents/unit-mysql-k8s-2/charm/lib/charms/tempo_coordinator_k8s/v0/charm_tracing.py", line 1065, in wrapped_function
    return callable(*args, **kwargs)  # type: ignore
  File "/var/lib/juju/agents/unit-mysql-k8s-2/charm/src/charm.py", line 814, in _on_mysql_pebble_ready
    self.create_cluster()
  File "/var/lib/juju/agents/unit-mysql-k8s-2/charm/lib/charms/tempo_coordinator_k8s/v0/charm_tracing.py", line 1065, in wrapped_function
    return callable(*args, **kwargs)  # type: ignore
  File "/var/lib/juju/agents/unit-mysql-k8s-2/charm/lib/charms/mysql/v0/mysql.py", line 600, in create_cluster
    self._mysql.initialize_juju_units_operations_table()
  File "/var/lib/juju/agents/unit-mysql-k8s-2/charm/lib/charms/tempo_coordinator_k8s/v0/charm_tracing.py", line 1065, in wrapped_function
    return callable(*args, **kwargs)  # type: ignore
  File "/var/lib/juju/agents/unit-mysql-k8s-2/charm/lib/charms/mysql/v0/mysql.py", line 1773, in initialize_juju_units_operations_table
    raise MySQLInitializeJujuOperationsTableError
charms.mysql.v0.mysql.MySQLInitializeJujuOperationsTableError
unit-mysql-k8s-2: 01:30:26 ERROR juju.worker.uniter.operation hook "mysql-pebble-ready" (via hook dispatching script: dispatch) failed: exit status 1
unit-mysql-k8s-2: 01:30:26 ERROR juju.worker.uniter pebble poll failed for container "mysql": failed to send pebble-ready event: hook failed
unit-mysql-k8s-2: 01:30:28 ERROR unit.mysql-k8s/2.juju-log Failed to execute mysql-shell command
Traceback (most recent call last):
  File "/var/lib/juju/agents/unit-mysql-k8s-2/charm/src/mysql_k8s_helpers.py", line 722, in _run_mysqlsh_script
    stdout, _ = process.wait_output()
  File "/var/lib/juju/agents/unit-mysql-k8s-2/charm/venv/lib/python3.10/site-packages/ops/pebble.py", line 1771, in wait_output
    raise ExecError[AnyStr](self._command, exit_code, out_value, err_value)
ops.pebble.ExecError: non-zero exit code 1 executing ['/usr/bin/mysqlsh', '--passwords-from-stdin', '--uri=serverconfig@mysql-k8s-2.mysql-k8s-endpoints.testing.svc.cluster.local:33062', '--python', '--verbose=0', '-c', "shell.options.set('useWizards', False)\nprint('###')\ncluster = dba.create_cluster('test_cluster', {'communicationStack': 'MySQL'})\ncluster.set_instance_option('mysql-k8s-2.mysql-k8s-endpoints.testing.svc.cluster.local', 'label', 'mysql-k8s-2')"], stdout="\x1b[1mPlease provide the password for 'serverconfig@mysql-k8s-2.mysql-k8s-endpoints.testing.svc.cluster.local:33062': \x1b[0m###\n", stderr='Cannot set LC_ALL to locale en_US.UTF-8: No such file or directory\nTraceback (most recent call last):\n  File "<string>", line 3, in <module>\nmysqlsh.Error: Shell Error (51601): Dba.create_cluster: This function is not available through a session to an InnoDB Cluster that belongs to an InnoDB ClusterSet\n'
unit-mysql-k8s-2: 01:30:28 ERROR unit.mysql-k8s/2.juju-log Failed to create cluster on instance: mysql-k8s-2.mysql-k8s-endpoints.testing.svc.cluster.local
unit-mysql-k8s-2: 01:30:28 ERROR unit.mysql-k8s/2.juju-log Uncaught exception while in charm code:
Traceback (most recent call last):
  File "/var/lib/juju/agents/unit-mysql-k8s-2/charm/src/mysql_k8s_helpers.py", line 722, in _run_mysqlsh_script
    stdout, _ = process.wait_output()
  File "/var/lib/juju/agents/unit-mysql-k8s-2/charm/venv/lib/python3.10/site-packages/ops/pebble.py", line 1771, in wait_output
    raise ExecError[AnyStr](self._command, exit_code, out_value, err_value)
ops.pebble.ExecError: non-zero exit code 1 executing ['/usr/bin/mysqlsh', '--passwords-from-stdin', '--uri=serverconfig@mysql-k8s-2.mysql-k8s-endpoints.testing.svc.cluster.local:33062', '--python', '--verbose=0', '-c', "shell.options.set('useWizards', False)\nprint('###')\ncluster = dba.create_cluster('test_cluster', {'communicationStack': 'MySQL'})\ncluster.set_instance_option('mysql-k8s-2.mysql-k8s-endpoints.testing.svc.cluster.local', 'label', 'mysql-k8s-2')"], stdout="\x1b[1mPlease provide the password for 'serverconfig@mysql-k8s-2.mysql-k8s-endpoints.testing.svc.cluster.local:33062': \x1b[0m###\n", stderr='Cannot set LC_ALL to locale en_US.UTF-8: No such file or directory\nTraceback (most recent call last):\n  File "<string>", line 3, in <module>\nmysqlsh.Error: Shell Error (51601): Dba.create_cluster: This function is not available through a session to an InnoDB Cluster that belongs to an InnoDB ClusterSet\n'

During handling of the above exception, another exception occurred:

Traceback (most recent call last):
  File "/var/lib/juju/agents/unit-mysql-k8s-2/charm/lib/charms/mysql/v0/mysql.py", line 1508, in create_cluster
    self._run_mysqlsh_script(
  File "/var/lib/juju/agents/unit-mysql-k8s-2/charm/lib/charms/tempo_coordinator_k8s/v0/charm_tracing.py", line 1065, in wrapped_function
    return callable(*args, **kwargs)  # type: ignore
  File "/var/lib/juju/agents/unit-mysql-k8s-2/charm/src/mysql_k8s_helpers.py", line 730, in _run_mysqlsh_script
    raise MySQLClientError
charms.mysql.v0.mysql.MySQLClientError

During handling of the above exception, another exception occurred:

Traceback (most recent call last):
  File "/var/lib/juju/agents/unit-mysql-k8s-2/charm/src/charm.py", line 1056, in <module>
    main(MySQLOperatorCharm)
  File "/var/lib/juju/agents/unit-mysql-k8s-2/charm/venv/lib/python3.10/site-packages/ops/main.py", line 551, in main
    manager.run()
  File "/var/lib/juju/agents/unit-mysql-k8s-2/charm/venv/lib/python3.10/site-packages/ops/main.py", line 530, in run
    self._emit()
  File "/var/lib/juju/agents/unit-mysql-k8s-2/charm/venv/lib/python3.10/site-packages/ops/main.py", line 519, in _emit
    _emit_charm_event(self.charm, self.dispatcher.event_name)
  File "/var/lib/juju/agents/unit-mysql-k8s-2/charm/venv/lib/python3.10/site-packages/ops/main.py", line 147, in _emit_charm_event
    event_to_emit.emit(*args, **kwargs)
  File "/var/lib/juju/agents/unit-mysql-k8s-2/charm/venv/lib/python3.10/site-packages/ops/framework.py", line 348, in emit
    framework._emit(event)
  File "/var/lib/juju/agents/unit-mysql-k8s-2/charm/venv/lib/python3.10/site-packages/ops/framework.py", line 860, in _emit
    self._reemit(event_path)
  File "/var/lib/juju/agents/unit-mysql-k8s-2/charm/venv/lib/python3.10/site-packages/ops/framework.py", line 950, in _reemit
    custom_handler(event)
  File "/var/lib/juju/agents/unit-mysql-k8s-2/charm/lib/charms/tempo_coordinator_k8s/v0/charm_tracing.py", line 1065, in wrapped_function
    return callable(*args, **kwargs)  # type: ignore
  File "/var/lib/juju/agents/unit-mysql-k8s-2/charm/src/charm.py", line 782, in _on_mysql_pebble_ready
    self.create_cluster()
  File "/var/lib/juju/agents/unit-mysql-k8s-2/charm/lib/charms/tempo_coordinator_k8s/v0/charm_tracing.py", line 1065, in wrapped_function
    return callable(*args, **kwargs)  # type: ignore
  File "/var/lib/juju/agents/unit-mysql-k8s-2/charm/lib/charms/mysql/v0/mysql.py", line 598, in create_cluster
    self._mysql.create_cluster(self.unit_label)
  File "/var/lib/juju/agents/unit-mysql-k8s-2/charm/lib/charms/tempo_coordinator_k8s/v0/charm_tracing.py", line 1065, in wrapped_function
    return callable(*args, **kwargs)  # type: ignore
  File "/var/lib/juju/agents/unit-mysql-k8s-2/charm/lib/charms/mysql/v0/mysql.py", line 1516, in create_cluster
    raise MySQLCreateClusterError
charms.mysql.v0.mysql.MySQLCreateClusterError
unit-mysql-k8s-2: 01:30:28 ERROR juju.worker.uniter.operation hook "mysql-pebble-ready" (via hook dispatching script: dispatch) failed: exit status 1
unit-mysql-k8s-2: 01:30:28 ERROR juju.worker.uniter pebble poll failed for container "mysql": failed to send pebble-ready event: hook failed
unit-mysql-k8s-2: 01:30:34 ERROR unit.mysql-k8s/2.juju-log Failed to execute mysql-shell command
Traceback (most recent call last):
  File "/var/lib/juju/agents/unit-mysql-k8s-2/charm/src/mysql_k8s_helpers.py", line 722, in _run_mysqlsh_script
    stdout, _ = process.wait_output()
  File "/var/lib/juju/agents/unit-mysql-k8s-2/charm/venv/lib/python3.10/site-packages/ops/pebble.py", line 1771, in wait_output
    raise ExecError[AnyStr](self._command, exit_code, out_value, err_value)
ops.pebble.ExecError: non-zero exit code 1 executing ['/usr/bin/mysqlsh', '--passwords-from-stdin', '--uri=serverconfig@mysql-k8s-2.mysql-k8s-endpoints.testing.svc.cluster.local:33062', '--python', '--verbose=0', '-c', "shell.options.set('useWizards', False)\nprint('###')\ncluster = dba.create_cluster('test_cluster', {'communicationStack': 'MySQL'})\ncluster.set_instance_option('mysql-k8s-2.mysql-k8s-endpoints.testing.svc.cluster.local', 'label', 'mysql-k8s-2')"], stdout="\x1b[1mPlease provide the password for 'serverconfig@mysql-k8s-2.mysql-k8s-endpoints.testing.svc.cluster.local:33062': \x1b[0m###\n", stderr='Cannot set LC_ALL to locale en_US.UTF-8: No such file or directory\nTraceback (most recent call last):\n  File "<string>", line 3, in <module>\nmysqlsh.Error: Shell Error (51601): Dba.create_cluster: This function is not available through a session to an InnoDB Cluster that belongs to an InnoDB ClusterSet\n'
unit-mysql-k8s-2: 01:30:34 ERROR unit.mysql-k8s/2.juju-log Failed to create cluster on instance: mysql-k8s-2.mysql-k8s-endpoints.testing.svc.cluster.local
unit-mysql-k8s-2: 01:30:34 ERROR unit.mysql-k8s/2.juju-log Uncaught exception while in charm code:
Traceback (most recent call last):
  File "/var/lib/juju/agents/unit-mysql-k8s-2/charm/src/mysql_k8s_helpers.py", line 722, in _run_mysqlsh_script
    stdout, _ = process.wait_output()
  File "/var/lib/juju/agents/unit-mysql-k8s-2/charm/venv/lib/python3.10/site-packages/ops/pebble.py", line 1771, in wait_output
    raise ExecError[AnyStr](self._command, exit_code, out_value, err_value)
ops.pebble.ExecError: non-zero exit code 1 executing ['/usr/bin/mysqlsh', '--passwords-from-stdin', '--uri=serverconfig@mysql-k8s-2.mysql-k8s-endpoints.testing.svc.cluster.local:33062', '--python', '--verbose=0', '-c', "shell.options.set('useWizards', False)\nprint('###')\ncluster = dba.create_cluster('test_cluster', {'communicationStack': 'MySQL'})\ncluster.set_instance_option('mysql-k8s-2.mysql-k8s-endpoints.testing.svc.cluster.local', 'label', 'mysql-k8s-2')"], stdout="\x1b[1mPlease provide the password for 'serverconfig@mysql-k8s-2.mysql-k8s-endpoints.testing.svc.cluster.local:33062': \x1b[0m###\n", stderr='Cannot set LC_ALL to locale en_US.UTF-8: No such file or directory\nTraceback (most recent call last):\n  File "<string>", line 3, in <module>\nmysqlsh.Error: Shell Error (51601): Dba.create_cluster: This function is not available through a session to an InnoDB Cluster that belongs to an InnoDB ClusterSet\n'

During handling of the above exception, another exception occurred:

Traceback (most recent call last):
  File "/var/lib/juju/agents/unit-mysql-k8s-2/charm/lib/charms/mysql/v0/mysql.py", line 1508, in create_cluster
    self._run_mysqlsh_script(
  File "/var/lib/juju/agents/unit-mysql-k8s-2/charm/lib/charms/tempo_coordinator_k8s/v0/charm_tracing.py", line 1065, in wrapped_function
    return callable(*args, **kwargs)  # type: ignore
  File "/var/lib/juju/agents/unit-mysql-k8s-2/charm/src/mysql_k8s_helpers.py", line 730, in _run_mysqlsh_script
    raise MySQLClientError
charms.mysql.v0.mysql.MySQLClientError

During handling of the above exception, another exception occurred:

Traceback (most recent call last):
  File "/var/lib/juju/agents/unit-mysql-k8s-2/charm/src/charm.py", line 1056, in <module>
    main(MySQLOperatorCharm)
  File "/var/lib/juju/agents/unit-mysql-k8s-2/charm/venv/lib/python3.10/site-packages/ops/main.py", line 551, in main
    manager.run()
  File "/var/lib/juju/agents/unit-mysql-k8s-2/charm/venv/lib/python3.10/site-packages/ops/main.py", line 530, in run
    self._emit()
  File "/var/lib/juju/agents/unit-mysql-k8s-2/charm/venv/lib/python3.10/site-packages/ops/main.py", line 519, in _emit
    _emit_charm_event(self.charm, self.dispatcher.event_name)
  File "/var/lib/juju/agents/unit-mysql-k8s-2/charm/venv/lib/python3.10/site-packages/ops/main.py", line 147, in _emit_charm_event
    event_to_emit.emit(*args, **kwargs)
  File "/var/lib/juju/agents/unit-mysql-k8s-2/charm/venv/lib/python3.10/site-packages/ops/framework.py", line 348, in emit
    framework._emit(event)
  File "/var/lib/juju/agents/unit-mysql-k8s-2/charm/venv/lib/python3.10/site-packages/ops/framework.py", line 860, in _emit
    self._reemit(event_path)
  File "/var/lib/juju/agents/unit-mysql-k8s-2/charm/venv/lib/python3.10/site-packages/ops/framework.py", line 950, in _reemit
    custom_handler(event)
  File "/var/lib/juju/agents/unit-mysql-k8s-2/charm/lib/charms/tempo_coordinator_k8s/v0/charm_tracing.py", line 1065, in wrapped_function
    return callable(*args, **kwargs)  # type: ignore
  File "/var/lib/juju/agents/unit-mysql-k8s-2/charm/src/charm.py", line 782, in _on_mysql_pebble_ready
    self.create_cluster()
  File "/var/lib/juju/agents/unit-mysql-k8s-2/charm/lib/charms/tempo_coordinator_k8s/v0/charm_tracing.py", line 1065, in wrapped_function
    return callable(*args, **kwargs)  # type: ignore
  File "/var/lib/juju/agents/unit-mysql-k8s-2/charm/lib/charms/mysql/v0/mysql.py", line 598, in create_cluster
    self._mysql.create_cluster(self.unit_label)
  File "/var/lib/juju/agents/unit-mysql-k8s-2/charm/lib/charms/tempo_coordinator_k8s/v0/charm_tracing.py", line 1065, in wrapped_function
    return callable(*args, **kwargs)  # type: ignore
  File "/var/lib/juju/agents/unit-mysql-k8s-2/charm/lib/charms/mysql/v0/mysql.py", line 1516, in create_cluster
    raise MySQLCreateClusterError
charms.mysql.v0.mysql.MySQLCreateClusterError
unit-mysql-k8s-2: 01:30:34 ERROR juju.worker.uniter.operation hook "mysql-pebble-ready" (via hook dispatching script: dispatch) failed: exit status 1
unit-mysql-k8s-2: 01:30:34 ERROR juju.worker.uniter pebble poll failed for container "mysql": failed to send pebble-ready event: hook failed
unit-mysql-k8s-2: 01:30:40 ERROR unit.mysql-k8s/2.juju-log Failed to execute mysql-shell command
Traceback (most recent call last):
  File "/var/lib/juju/agents/unit-mysql-k8s-2/charm/src/mysql_k8s_helpers.py", line 722, in _run_mysqlsh_script
    stdout, _ = process.wait_output()
  File "/var/lib/juju/agents/unit-mysql-k8s-2/charm/venv/lib/python3.10/site-packages/ops/pebble.py", line 1771, in wait_output
    raise ExecError[AnyStr](self._command, exit_code, out_value, err_value)
ops.pebble.ExecError: non-zero exit code 1 executing ['/usr/bin/mysqlsh', '--passwords-from-stdin', '--uri=serverconfig@mysql-k8s-2.mysql-k8s-endpoints.testing.svc.cluster.local:33062', '--python', '--verbose=0', '-c', "shell.options.set('useWizards', False)\nprint('###')\ncluster = dba.create_cluster('test_cluster', {'communicationStack': 'MySQL'})\ncluster.set_instance_option('mysql-k8s-2.mysql-k8s-endpoints.testing.svc.cluster.local', 'label', 'mysql-k8s-2')"], stdout="\x1b[1mPlease provide the password for 'serverconfig@mysql-k8s-2.mysql-k8s-endpoints.testing.svc.cluster.local:33062': \x1b[0m###\n", stderr='Cannot set LC_ALL to locale en_US.UTF-8: No such file or directory\nTraceback (most recent call last):\n  File "<string>", line 3, in <module>\nmysqlsh.Error: Shell Error (51601): Dba.create_cluster: This function is not available through a session to an InnoDB Cluster that belongs to an InnoDB ClusterSet\n'
unit-mysql-k8s-2: 01:30:40 ERROR unit.mysql-k8s/2.juju-log Failed to create cluster on instance: mysql-k8s-2.mysql-k8s-endpoints.testing.svc.cluster.local
unit-mysql-k8s-2: 01:30:40 ERROR unit.mysql-k8s/2.juju-log Uncaught exception while in charm code:
Traceback (most recent call last):
  File "/var/lib/juju/agents/unit-mysql-k8s-2/charm/src/mysql_k8s_helpers.py", line 722, in _run_mysqlsh_script
    stdout, _ = process.wait_output()
  File "/var/lib/juju/agents/unit-mysql-k8s-2/charm/venv/lib/python3.10/site-packages/ops/pebble.py", line 1771, in wait_output
    raise ExecError[AnyStr](self._command, exit_code, out_value, err_value)
ops.pebble.ExecError: non-zero exit code 1 executing ['/usr/bin/mysqlsh', '--passwords-from-stdin', '--uri=serverconfig@mysql-k8s-2.mysql-k8s-endpoints.testing.svc.cluster.local:33062', '--python', '--verbose=0', '-c', "shell.options.set('useWizards', False)\nprint('###')\ncluster = dba.create_cluster('test_cluster', {'communicationStack': 'MySQL'})\ncluster.set_instance_option('mysql-k8s-2.mysql-k8s-endpoints.testing.svc.cluster.local', 'label', 'mysql-k8s-2')"], stdout="\x1b[1mPlease provide the password for 'serverconfig@mysql-k8s-2.mysql-k8s-endpoints.testing.svc.cluster.local:33062': \x1b[0m###\n", stderr='Cannot set LC_ALL to locale en_US.UTF-8: No such file or directory\nTraceback (most recent call last):\n  File "<string>", line 3, in <module>\nmysqlsh.Error: Shell Error (51601): Dba.create_cluster: This function is not available through a session to an InnoDB Cluster that belongs to an InnoDB ClusterSet\n'

During handling of the above exception, another exception occurred:

Traceback (most recent call last):
  File "/var/lib/juju/agents/unit-mysql-k8s-2/charm/lib/charms/mysql/v0/mysql.py", line 1508, in create_cluster
    self._run_mysqlsh_script(
  File "/var/lib/juju/agents/unit-mysql-k8s-2/charm/lib/charms/tempo_coordinator_k8s/v0/charm_tracing.py", line 1065, in wrapped_function
    return callable(*args, **kwargs)  # type: ignore
  File "/var/lib/juju/agents/unit-mysql-k8s-2/charm/src/mysql_k8s_helpers.py", line 730, in _run_mysqlsh_script
    raise MySQLClientError
charms.mysql.v0.mysql.MySQLClientError

During handling of the above exception, another exception occurred:

Traceback (most recent call last):
  File "/var/lib/juju/agents/unit-mysql-k8s-2/charm/src/charm.py", line 1056, in <module>
    main(MySQLOperatorCharm)
  File "/var/lib/juju/agents/unit-mysql-k8s-2/charm/venv/lib/python3.10/site-packages/ops/main.py", line 551, in main
    manager.run()
  File "/var/lib/juju/agents/unit-mysql-k8s-2/charm/venv/lib/python3.10/site-packages/ops/main.py", line 530, in run
    self._emit()
  File "/var/lib/juju/agents/unit-mysql-k8s-2/charm/venv/lib/python3.10/site-packages/ops/main.py", line 519, in _emit
    _emit_charm_event(self.charm, self.dispatcher.event_name)
  File "/var/lib/juju/agents/unit-mysql-k8s-2/charm/venv/lib/python3.10/site-packages/ops/main.py", line 147, in _emit_charm_event
    event_to_emit.emit(*args, **kwargs)
  File "/var/lib/juju/agents/unit-mysql-k8s-2/charm/venv/lib/python3.10/site-packages/ops/framework.py", line 348, in emit
    framework._emit(event)
  File "/var/lib/juju/agents/unit-mysql-k8s-2/charm/venv/lib/python3.10/site-packages/ops/framework.py", line 860, in _emit
    self._reemit(event_path)
  File "/var/lib/juju/agents/unit-mysql-k8s-2/charm/venv/lib/python3.10/site-packages/ops/framework.py", line 950, in _reemit
    custom_handler(event)
  File "/var/lib/juju/agents/unit-mysql-k8s-2/charm/lib/charms/tempo_coordinator_k8s/v0/charm_tracing.py", line 1065, in wrapped_function
    return callable(*args, **kwargs)  # type: ignore
  File "/var/lib/juju/agents/unit-mysql-k8s-2/charm/src/charm.py", line 782, in _on_mysql_pebble_ready
    self.create_cluster()
  File "/var/lib/juju/agents/unit-mysql-k8s-2/charm/lib/charms/tempo_coordinator_k8s/v0/charm_tracing.py", line 1065, in wrapped_function
    return callable(*args, **kwargs)  # type: ignore
  File "/var/lib/juju/agents/unit-mysql-k8s-2/charm/lib/charms/mysql/v0/mysql.py", line 598, in create_cluster
    self._mysql.create_cluster(self.unit_label)
  File "/var/lib/juju/agents/unit-mysql-k8s-2/charm/lib/charms/tempo_coordinator_k8s/v0/charm_tracing.py", line 1065, in wrapped_function
    return callable(*args, **kwargs)  # type: ignore
  File "/var/lib/juju/agents/unit-mysql-k8s-2/charm/lib/charms/mysql/v0/mysql.py", line 1516, in create_cluster
    raise MySQLCreateClusterError
charms.mysql.v0.mysql.MySQLCreateClusterError
unit-mysql-k8s-2: 01:30:40 ERROR juju.worker.uniter.operation hook "mysql-pebble-ready" (via hook dispatching script: dispatch) failed: exit status 1
unit-mysql-k8s-2: 01:30:40 ERROR juju.worker.uniter pebble poll failed for container "mysql": failed to send pebble-ready event: hook failed
unit-mysql-k8s-2: 01:30:43 ERROR unit.mysql-k8s/2.juju-log Failed to execute mysql-shell command
Traceback (most recent call last):
  File "/var/lib/juju/agents/unit-mysql-k8s-2/charm/src/mysql_k8s_helpers.py", line 722, in _run_mysqlsh_script
    stdout, _ = process.wait_output()
  File "/var/lib/juju/agents/unit-mysql-k8s-2/charm/venv/lib/python3.10/site-packages/ops/pebble.py", line 1771, in wait_output
    raise ExecError[AnyStr](self._command, exit_code, out_value, err_value)
ops.pebble.ExecError: non-zero exit code 1 executing ['/usr/bin/mysqlsh', '--passwords-from-stdin', '--uri=serverconfig@mysql-k8s-2.mysql-k8s-endpoints.testing.svc.cluster.local:33062', '--python', '--verbose=0', '-c', "shell.options.set('useWizards', False)\nprint('###')\ncluster = dba.create_cluster('test_cluster', {'communicationStack': 'MySQL'})\ncluster.set_instance_option('mysql-k8s-2.mysql-k8s-endpoints.testing.svc.cluster.local', 'label', 'mysql-k8s-2')"], stdout="\x1b[1mPlease provide the password for 'serverconfig@mysql-k8s-2.mysql-k8s-endpoints.testing.svc.cluster.local:33062': \x1b[0m###\n", stderr='Cannot set LC_ALL to locale en_US.UTF-8: No such file or directory\nTraceback (most recent call last):\n  File "<string>", line 3, in <module>\nmysqlsh.Error: Shell Error (51601): Dba.create_cluster: This function is not available through a session to an InnoDB Cluster that belongs to an InnoDB ClusterSet\n'
unit-mysql-k8s-2: 01:30:43 ERROR unit.mysql-k8s/2.juju-log Failed to create cluster on instance: mysql-k8s-2.mysql-k8s-endpoints.testing.svc.cluster.local
unit-mysql-k8s-2: 01:30:43 ERROR unit.mysql-k8s/2.juju-log Uncaught exception while in charm code:
Traceback (most recent call last):
  File "/var/lib/juju/agents/unit-mysql-k8s-2/charm/src/mysql_k8s_helpers.py", line 722, in _run_mysqlsh_script
    stdout, _ = process.wait_output()
  File "/var/lib/juju/agents/unit-mysql-k8s-2/charm/venv/lib/python3.10/site-packages/ops/pebble.py", line 1771, in wait_output
    raise ExecError[AnyStr](self._command, exit_code, out_value, err_value)
ops.pebble.ExecError: non-zero exit code 1 executing ['/usr/bin/mysqlsh', '--passwords-from-stdin', '--uri=serverconfig@mysql-k8s-2.mysql-k8s-endpoints.testing.svc.cluster.local:33062', '--python', '--verbose=0', '-c', "shell.options.set('useWizards', False)\nprint('###')\ncluster = dba.create_cluster('test_cluster', {'communicationStack': 'MySQL'})\ncluster.set_instance_option('mysql-k8s-2.mysql-k8s-endpoints.testing.svc.cluster.local', 'label', 'mysql-k8s-2')"], stdout="\x1b[1mPlease provide the password for 'serverconfig@mysql-k8s-2.mysql-k8s-endpoints.testing.svc.cluster.local:33062': \x1b[0m###\n", stderr='Cannot set LC_ALL to locale en_US.UTF-8: No such file or directory\nTraceback (most recent call last):\n  File "<string>", line 3, in <module>\nmysqlsh.Error: Shell Error (51601): Dba.create_cluster: This function is not available through a session to an InnoDB Cluster that belongs to an InnoDB ClusterSet\n'

During handling of the above exception, another exception occurred:

Traceback (most recent call last):
  File "/var/lib/juju/agents/unit-mysql-k8s-2/charm/lib/charms/mysql/v0/mysql.py", line 1508, in create_cluster
    self._run_mysqlsh_script(
  File "/var/lib/juju/agents/unit-mysql-k8s-2/charm/lib/charms/tempo_coordinator_k8s/v0/charm_tracing.py", line 1065, in wrapped_function
    return callable(*args, **kwargs)  # type: ignore
  File "/var/lib/juju/agents/unit-mysql-k8s-2/charm/src/mysql_k8s_helpers.py", line 730, in _run_mysqlsh_script
    raise MySQLClientError
charms.mysql.v0.mysql.MySQLClientError

During handling of the above exception, another exception occurred:

Traceback (most recent call last):
  File "/var/lib/juju/agents/unit-mysql-k8s-2/charm/src/charm.py", line 1056, in <module>
    main(MySQLOperatorCharm)
  File "/var/lib/juju/agents/unit-mysql-k8s-2/charm/venv/lib/python3.10/site-packages/ops/main.py", line 551, in main
    manager.run()
  File "/var/lib/juju/agents/unit-mysql-k8s-2/charm/venv/lib/python3.10/site-packages/ops/main.py", line 530, in run
    self._emit()
  File "/var/lib/juju/agents/unit-mysql-k8s-2/charm/venv/lib/python3.10/site-packages/ops/main.py", line 519, in _emit
    _emit_charm_event(self.charm, self.dispatcher.event_name)
  File "/var/lib/juju/agents/unit-mysql-k8s-2/charm/venv/lib/python3.10/site-packages/ops/main.py", line 147, in _emit_charm_event
    event_to_emit.emit(*args, **kwargs)
  File "/var/lib/juju/agents/unit-mysql-k8s-2/charm/venv/lib/python3.10/site-packages/ops/framework.py", line 348, in emit
    framework._emit(event)
  File "/var/lib/juju/agents/unit-mysql-k8s-2/charm/venv/lib/python3.10/site-packages/ops/framework.py", line 860, in _emit
    self._reemit(event_path)
  File "/var/lib/juju/agents/unit-mysql-k8s-2/charm/venv/lib/python3.10/site-packages/ops/framework.py", line 950, in _reemit
    custom_handler(event)
  File "/var/lib/juju/agents/unit-mysql-k8s-2/charm/lib/charms/tempo_coordinator_k8s/v0/charm_tracing.py", line 1065, in wrapped_function
    return callable(*args, **kwargs)  # type: ignore
  File "/var/lib/juju/agents/unit-mysql-k8s-2/charm/src/charm.py", line 782, in _on_mysql_pebble_ready
    self.create_cluster()
  File "/var/lib/juju/agents/unit-mysql-k8s-2/charm/lib/charms/tempo_coordinator_k8s/v0/charm_tracing.py", line 1065, in wrapped_function
    return callable(*args, **kwargs)  # type: ignore
  File "/var/lib/juju/agents/unit-mysql-k8s-2/charm/lib/charms/mysql/v0/mysql.py", line 598, in create_cluster
    self._mysql.create_cluster(self.unit_label)
  File "/var/lib/juju/agents/unit-mysql-k8s-2/charm/lib/charms/tempo_coordinator_k8s/v0/charm_tracing.py", line 1065, in wrapped_function
    return callable(*args, **kwargs)  # type: ignore
  File "/var/lib/juju/agents/unit-mysql-k8s-2/charm/lib/charms/mysql/v0/mysql.py", line 1516, in create_cluster
    raise MySQLCreateClusterError
charms.mysql.v0.mysql.MySQLCreateClusterError
unit-mysql-k8s-2: 01:30:44 ERROR juju.worker.uniter.operation hook "mysql-pebble-ready" (via hook dispatching script: dispatch) failed: exit status 1
unit-mysql-k8s-2: 01:30:44 ERROR juju.worker.uniter pebble poll failed for container "mysql": failed to send pebble-ready event: hook failed
unit-mysql-k8s-0: 01:30:59 ERROR unit.mysql-k8s/0.juju-log database-peers:1: Failed to execute mysql-shell command
Traceback (most recent call last):
  File "/var/lib/juju/agents/unit-mysql-k8s-0/charm/src/mysql_k8s_helpers.py", line 722, in _run_mysqlsh_script
    stdout, _ = process.wait_output()
  File "/var/lib/juju/agents/unit-mysql-k8s-0/charm/venv/lib/python3.10/site-packages/ops/pebble.py", line 1771, in wait_output
    raise ExecError[AnyStr](self._command, exit_code, out_value, err_value)
ops.pebble.ExecError: non-zero exit code 1 executing ['/usr/bin/mysqlsh', '--passwords-from-stdin', '--uri=serverconfig@10-1-39-205.mysql-k8s.testing.svc.cluster.local:33062', '--python', '--verbose=0', '-c', 'shell.options.set(\'useWizards\', False)\nprint(\'###\')\nresult = session.run_sql("SELECT COUNT(*) FROM mysql.juju_units_operations WHERE status=\'in-progress\';")\nprint(f\'<LOCKS>{result.fetch_one()[0]}</LOCKS>\')'], stdout="\x1b[1mPlease provide the password for 'serverconfig@10-1-39-205.mysql-k8s.testing.svc.cluster.local:33062': \x1b[0m###\n", stderr='Cannot set LC_ALL to locale en_US.UTF-8: No such file or directory\nTraceback (most recent call last):\n  File "<string>", line 3, in <module>\nmysqlsh.DBError: MySQL Error (1146): ClassicSession.run_sql: Table \'mysql.juju_units_operations\' doesn\'t exist\n'
unit-mysql-k8s-0: 01:30:59 ERROR unit.mysql-k8s/0.juju-log database-peers:1: Failed to get locks count
unit-mysql-k8s-0: 01:31:03 ERROR unit.mysql-k8s/0.juju-log database-peers:1: Failed to execute mysql-shell command
Traceback (most recent call last):
  File "/var/lib/juju/agents/unit-mysql-k8s-0/charm/src/mysql_k8s_helpers.py", line 722, in _run_mysqlsh_script
    stdout, _ = process.wait_output()
  File "/var/lib/juju/agents/unit-mysql-k8s-0/charm/venv/lib/python3.10/site-packages/ops/pebble.py", line 1771, in wait_output
    raise ExecError[AnyStr](self._command, exit_code, out_value, err_value)
ops.pebble.ExecError: non-zero exit code 1 executing ['/usr/bin/mysqlsh', '--passwords-from-stdin', '--uri=serverconfig@mysql-k8s-2.mysql-k8s-endpoints.testing.svc.cluster.local:33062', '--python', '--verbose=0', '-c', 'shell.options.set(\'useWizards\', False)\nprint(\'###\')\nresult = session.run_sql("SELECT COUNT(*) FROM mysql.juju_units_operations WHERE status=\'in-progress\';")\nprint(f\'<LOCKS>{result.fetch_one()[0]}</LOCKS>\')'], stdout="\x1b[1mPlease provide the password for 'serverconfig@mysql-k8s-2.mysql-k8s-endpoints.testing.svc.cluster.local:33062': \x1b[0m###\n", stderr='Cannot set LC_ALL to locale en_US.UTF-8: No such file or directory\nTraceback (most recent call last):\n  File "<string>", line 3, in <module>\nmysqlsh.DBError: MySQL Error (1146): ClassicSession.run_sql: Table \'mysql.juju_units_operations\' doesn\'t exist\n'
unit-mysql-k8s-0: 01:31:03 ERROR unit.mysql-k8s/0.juju-log database-peers:1: Failed to get locks count
unit-mysql-k8s-1: 01:31:09 ERROR unit.mysql-k8s/1.juju-log database-peers:1: Failed to execute mysql-shell command
Traceback (most recent call last):
  File "/var/lib/juju/agents/unit-mysql-k8s-1/charm/src/mysql_k8s_helpers.py", line 722, in _run_mysqlsh_script
    stdout, _ = process.wait_output()
  File "/var/lib/juju/agents/unit-mysql-k8s-1/charm/venv/lib/python3.10/site-packages/ops/pebble.py", line 1771, in wait_output
    raise ExecError[AnyStr](self._command, exit_code, out_value, err_value)
ops.pebble.ExecError: non-zero exit code 1 executing ['/usr/bin/mysqlsh', '--passwords-from-stdin', '--uri=serverconfig@mysql-k8s-2.mysql-k8s-endpoints.testing.svc.cluster.local:33062', '--python', '--verbose=0', '-c', 'shell.options.set(\'useWizards\', False)\nprint(\'###\')\nresult = session.run_sql("SELECT COUNT(*) FROM mysql.juju_units_operations WHERE status=\'in-progress\';")\nprint(f\'<LOCKS>{result.fetch_one()[0]}</LOCKS>\')'], stdout="\x1b[1mPlease provide the password for 'serverconfig@mysql-k8s-2.mysql-k8s-endpoints.testing.svc.cluster.local:33062': \x1b[0m###\n", stderr='Cannot set LC_ALL to locale en_US.UTF-8: No such file or directory\nTraceback (most recent call last):\n  File "<string>", line 3, in <module>\nmysqlsh.DBError: MySQL Error (1146): ClassicSession.run_sql: Table \'mysql.juju_units_operations\' doesn\'t exist\n'
unit-mysql-k8s-1: 01:31:09 ERROR unit.mysql-k8s/1.juju-log database-peers:1: Failed to get locks count
unit-mysql-k8s-0: 01:31:43 ERROR unit.mysql-k8s/0.juju-log Failed to execute mysql-shell command
Traceback (most recent call last):
  File "/var/lib/juju/agents/unit-mysql-k8s-0/charm/src/mysql_k8s_helpers.py", line 722, in _run_mysqlsh_script
    stdout, _ = process.wait_output()
  File "/var/lib/juju/agents/unit-mysql-k8s-0/charm/venv/lib/python3.10/site-packages/ops/pebble.py", line 1771, in wait_output
    raise ExecError[AnyStr](self._command, exit_code, out_value, err_value)
ops.pebble.ExecError: non-zero exit code 1 executing ['/usr/bin/mysqlsh', '--passwords-from-stdin', '--uri=serverconfig@mysql-k8s-2.mysql-k8s-endpoints.testing.svc.cluster.local:33062', '--python', '--verbose=0', '-c', 'shell.options.set(\'useWizards\', False)\nprint(\'###\')\nresult = session.run_sql("SELECT COUNT(*) FROM mysql.juju_units_operations WHERE status=\'in-progress\';")\nprint(f\'<LOCKS>{result.fetch_one()[0]}</LOCKS>\')'], stdout="\x1b[1mPlease provide the password for 'serverconfig@mysql-k8s-2.mysql-k8s-endpoints.testing.svc.cluster.local:33062': \x1b[0m###\n", stderr='Cannot set LC_ALL to locale en_US.UTF-8: No such file or directory\nTraceback (most recent call last):\n  File "<string>", line 3, in <module>\nmysqlsh.DBError: MySQL Error (1146): ClassicSession.run_sql: Table \'mysql.juju_units_operations\' doesn\'t exist\n'
unit-mysql-k8s-0: 01:31:43 ERROR unit.mysql-k8s/0.juju-log Failed to get locks count
unit-mysql-k8s-1: 01:31:43 ERROR unit.mysql-k8s/1.juju-log Failed to execute mysql-shell command
Traceback (most recent call last):
  File "/var/lib/juju/agents/unit-mysql-k8s-1/charm/src/mysql_k8s_helpers.py", line 722, in _run_mysqlsh_script
    stdout, _ = process.wait_output()
  File "/var/lib/juju/agents/unit-mysql-k8s-1/charm/venv/lib/python3.10/site-packages/ops/pebble.py", line 1771, in wait_output
    raise ExecError[AnyStr](self._command, exit_code, out_value, err_value)
ops.pebble.ExecError: non-zero exit code 1 executing ['/usr/bin/mysqlsh', '--passwords-from-stdin', '--uri=serverconfig@mysql-k8s-2.mysql-k8s-endpoints.testing.svc.cluster.local:33062', '--python', '--verbose=0', '-c', 'shell.options.set(\'useWizards\', False)\nprint(\'###\')\nresult = session.run_sql("SELECT COUNT(*) FROM mysql.juju_units_operations WHERE status=\'in-progress\';")\nprint(f\'<LOCKS>{result.fetch_one()[0]}</LOCKS>\')'], stdout="\x1b[1mPlease provide the password for 'serverconfig@mysql-k8s-2.mysql-k8s-endpoints.testing.svc.cluster.local:33062': \x1b[0m###\n", stderr='Cannot set LC_ALL to locale en_US.UTF-8: No such file or directory\nTraceback (most recent call last):\n  File "<string>", line 3, in <module>\nmysqlsh.DBError: MySQL Error (1146): ClassicSession.run_sql: Table \'mysql.juju_units_operations\' doesn\'t exist\n'
unit-mysql-k8s-1: 01:31:43 ERROR unit.mysql-k8s/1.juju-log Failed to get locks count
unit-mysql-k8s-1: 01:32:33 ERROR unit.mysql-k8s/1.juju-log Failed to execute mysql-shell command
Traceback (most recent call last):
  File "/var/lib/juju/agents/unit-mysql-k8s-1/charm/src/mysql_k8s_helpers.py", line 722, in _run_mysqlsh_script
    stdout, _ = process.wait_output()
  File "/var/lib/juju/agents/unit-mysql-k8s-1/charm/venv/lib/python3.10/site-packages/ops/pebble.py", line 1771, in wait_output
    raise ExecError[AnyStr](self._command, exit_code, out_value, err_value)
ops.pebble.ExecError: non-zero exit code 1 executing ['/usr/bin/mysqlsh', '--passwords-from-stdin', '--uri=serverconfig@mysql-k8s-2.mysql-k8s-endpoints.testing.svc.cluster.local:33062', '--python', '--verbose=0', '-c', 'shell.options.set(\'useWizards\', False)\nprint(\'###\')\nresult = session.run_sql("SELECT COUNT(*) FROM mysql.juju_units_operations WHERE status=\'in-progress\';")\nprint(f\'<LOCKS>{result.fetch_one()[0]}</LOCKS>\')'], stdout="\x1b[1mPlease provide the password for 'serverconfig@mysql-k8s-2.mysql-k8s-endpoints.testing.svc.cluster.local:33062': \x1b[0m###\n", stderr='Cannot set LC_ALL to locale en_US.UTF-8: No such file or directory\nTraceback (most recent call last):\n  File "<string>", line 3, in <module>\nmysqlsh.DBError: MySQL Error (1146): ClassicSession.run_sql: Table \'mysql.juju_units_operations\' doesn\'t exist\n'
unit-mysql-k8s-1: 01:32:33 ERROR unit.mysql-k8s/1.juju-log Failed to get locks count
unit-mysql-k8s-0: 01:32:33 ERROR unit.mysql-k8s/0.juju-log Failed to execute mysql-shell command
Traceback (most recent call last):
  File "/var/lib/juju/agents/unit-mysql-k8s-0/charm/src/mysql_k8s_helpers.py", line 722, in _run_mysqlsh_script
    stdout, _ = process.wait_output()
  File "/var/lib/juju/agents/unit-mysql-k8s-0/charm/venv/lib/python3.10/site-packages/ops/pebble.py", line 1771, in wait_output
    raise ExecError[AnyStr](self._command, exit_code, out_value, err_value)
ops.pebble.ExecError: non-zero exit code 1 executing ['/usr/bin/mysqlsh', '--passwords-from-stdin', '--uri=serverconfig@mysql-k8s-2.mysql-k8s-endpoints.testing.svc.cluster.local:33062', '--python', '--verbose=0', '-c', 'shell.options.set(\'useWizards\', False)\nprint(\'###\')\nresult = session.run_sql("SELECT COUNT(*) FROM mysql.juju_units_operations WHERE status=\'in-progress\';")\nprint(f\'<LOCKS>{result.fetch_one()[0]}</LOCKS>\')'], stdout="\x1b[1mPlease provide the password for 'serverconfig@mysql-k8s-2.mysql-k8s-endpoints.testing.svc.cluster.local:33062': \x1b[0m###\n", stderr='Cannot set LC_ALL to locale en_US.UTF-8: No such file or directory\nTraceback (most recent call last):\n  File "<string>", line 3, in <module>\nmysqlsh.DBError: MySQL Error (1146): ClassicSession.run_sql: Table \'mysql.juju_units_operations\' doesn\'t exist\n'
unit-mysql-k8s-0: 01:32:33 ERROR unit.mysql-k8s/0.juju-log Failed to get locks count
unit-mysql-k8s-0: 01:33:32 ERROR unit.mysql-k8s/0.juju-log Failed to execute mysql-shell command
Traceback (most recent call last):
  File "/var/lib/juju/agents/unit-mysql-k8s-0/charm/src/mysql_k8s_helpers.py", line 722, in _run_mysqlsh_script
    stdout, _ = process.wait_output()
  File "/var/lib/juju/agents/unit-mysql-k8s-0/charm/venv/lib/python3.10/site-packages/ops/pebble.py", line 1771, in wait_output
    raise ExecError[AnyStr](self._command, exit_code, out_value, err_value)
ops.pebble.ExecError: non-zero exit code 1 executing ['/usr/bin/mysqlsh', '--passwords-from-stdin', '--uri=serverconfig@mysql-k8s-2.mysql-k8s-endpoints.testing.svc.cluster.local:33062', '--python', '--verbose=0', '-c', 'shell.options.set(\'useWizards\', False)\nprint(\'###\')\nresult = session.run_sql("SELECT COUNT(*) FROM mysql.juju_units_operations WHERE status=\'in-progress\';")\nprint(f\'<LOCKS>{result.fetch_one()[0]}</LOCKS>\')'], stdout="\x1b[1mPlease provide the password for 'serverconfig@mysql-k8s-2.mysql-k8s-endpoints.testing.svc.cluster.local:33062': \x1b[0m###\n", stderr='Cannot set LC_ALL to locale en_US.UTF-8: No such file or directory\nTraceback (most recent call last):\n  File "<string>", line 3, in <module>\nmysqlsh.DBError: MySQL Error (1146): ClassicSession.run_sql: Table \'mysql.juju_units_operations\' doesn\'t exist\n'
unit-mysql-k8s-0: 01:33:32 ERROR unit.mysql-k8s/0.juju-log Failed to get locks count
unit-mysql-k8s-1: 01:33:34 ERROR unit.mysql-k8s/1.juju-log Failed to execute mysql-shell command
Traceback (most recent call last):
  File "/var/lib/juju/agents/unit-mysql-k8s-1/charm/src/mysql_k8s_helpers.py", line 722, in _run_mysqlsh_script
    stdout, _ = process.wait_output()
  File "/var/lib/juju/agents/unit-mysql-k8s-1/charm/venv/lib/python3.10/site-packages/ops/pebble.py", line 1771, in wait_output
    raise ExecError[AnyStr](self._command, exit_code, out_value, err_value)
ops.pebble.ExecError: non-zero exit code 1 executing ['/usr/bin/mysqlsh', '--passwords-from-stdin', '--uri=serverconfig@mysql-k8s-2.mysql-k8s-endpoints.testing.svc.cluster.local:33062', '--python', '--verbose=0', '-c', 'shell.options.set(\'useWizards\', False)\nprint(\'###\')\nresult = session.run_sql("SELECT COUNT(*) FROM mysql.juju_units_operations WHERE status=\'in-progress\';")\nprint(f\'<LOCKS>{result.fetch_one()[0]}</LOCKS>\')'], stdout="\x1b[1mPlease provide the password for 'serverconfig@mysql-k8s-2.mysql-k8s-endpoints.testing.svc.cluster.local:33062': \x1b[0m###\n", stderr='Cannot set LC_ALL to locale en_US.UTF-8: No such file or directory\nTraceback (most recent call last):\n  File "<string>", line 3, in <module>\nmysqlsh.DBError: MySQL Error (1146): ClassicSession.run_sql: Table \'mysql.juju_units_operations\' doesn\'t exist\n'
unit-mysql-k8s-1: 01:33:34 ERROR unit.mysql-k8s/1.juju-log Failed to get locks count
unit-mysql-k8s-0: 01:34:33 ERROR unit.mysql-k8s/0.juju-log Failed to execute mysql-shell command
Traceback (most recent call last):
  File "/var/lib/juju/agents/unit-mysql-k8s-0/charm/src/mysql_k8s_helpers.py", line 722, in _run_mysqlsh_script
    stdout, _ = process.wait_output()
  File "/var/lib/juju/agents/unit-mysql-k8s-0/charm/venv/lib/python3.10/site-packages/ops/pebble.py", line 1771, in wait_output
    raise ExecError[AnyStr](self._command, exit_code, out_value, err_value)
ops.pebble.ExecError: non-zero exit code 1 executing ['/usr/bin/mysqlsh', '--passwords-from-stdin', '--uri=serverconfig@mysql-k8s-2.mysql-k8s-endpoints.testing.svc.cluster.local:33062', '--python', '--verbose=0', '-c', 'shell.options.set(\'useWizards\', False)\nprint(\'###\')\nresult = session.run_sql("SELECT COUNT(*) FROM mysql.juju_units_operations WHERE status=\'in-progress\';")\nprint(f\'<LOCKS>{result.fetch_one()[0]}</LOCKS>\')'], stdout="\x1b[1mPlease provide the password for 'serverconfig@mysql-k8s-2.mysql-k8s-endpoints.testing.svc.cluster.local:33062': \x1b[0m###\n", stderr='Cannot set LC_ALL to locale en_US.UTF-8: No such file or directory\nTraceback (most recent call last):\n  File "<string>", line 3, in <module>\nmysqlsh.DBError: MySQL Error (1146): ClassicSession.run_sql: Table \'mysql.juju_units_operations\' doesn\'t exist\n'
unit-mysql-k8s-0: 01:34:33 ERROR unit.mysql-k8s/0.juju-log Failed to get locks count
unit-mysql-k8s-1: 01:34:34 ERROR unit.mysql-k8s/1.juju-log Failed to execute mysql-shell command
Traceback (most recent call last):
  File "/var/lib/juju/agents/unit-mysql-k8s-1/charm/src/mysql_k8s_helpers.py", line 722, in _run_mysqlsh_script
    stdout, _ = process.wait_output()
  File "/var/lib/juju/agents/unit-mysql-k8s-1/charm/venv/lib/python3.10/site-packages/ops/pebble.py", line 1771, in wait_output
    raise ExecError[AnyStr](self._command, exit_code, out_value, err_value)
ops.pebble.ExecError: non-zero exit code 1 executing ['/usr/bin/mysqlsh', '--passwords-from-stdin', '--uri=serverconfig@mysql-k8s-2.mysql-k8s-endpoints.testing.svc.cluster.local:33062', '--python', '--verbose=0', '-c', 'shell.options.set(\'useWizards\', False)\nprint(\'###\')\nresult = session.run_sql("SELECT COUNT(*) FROM mysql.juju_units_operations WHERE status=\'in-progress\';")\nprint(f\'<LOCKS>{result.fetch_one()[0]}</LOCKS>\')'], stdout="\x1b[1mPlease provide the password for 'serverconfig@mysql-k8s-2.mysql-k8s-endpoints.testing.svc.cluster.local:33062': \x1b[0m###\n", stderr='Cannot set LC_ALL to locale en_US.UTF-8: No such file or directory\nTraceback (most recent call last):\n  File "<string>", line 3, in <module>\nmysqlsh.DBError: MySQL Error (1146): ClassicSession.run_sql: Table \'mysql.juju_units_operations\' doesn\'t exist\n'
unit-mysql-k8s-1: 01:34:34 ERROR unit.mysql-k8s/1.juju-log Failed to get locks count
unit-mysql-k8s-1: 01:35:45 ERROR unit.mysql-k8s/1.juju-log Failed to execute mysql-shell command
Traceback (most recent call last):
  File "/var/lib/juju/agents/unit-mysql-k8s-1/charm/src/mysql_k8s_helpers.py", line 722, in _run_mysqlsh_script
    stdout, _ = process.wait_output()
  File "/var/lib/juju/agents/unit-mysql-k8s-1/charm/venv/lib/python3.10/site-packages/ops/pebble.py", line 1771, in wait_output
    raise ExecError[AnyStr](self._command, exit_code, out_value, err_value)
ops.pebble.ExecError: non-zero exit code 1 executing ['/usr/bin/mysqlsh', '--passwords-from-stdin', '--uri=serverconfig@mysql-k8s-2.mysql-k8s-endpoints.testing.svc.cluster.local:33062', '--python', '--verbose=0', '-c', 'shell.options.set(\'useWizards\', False)\nprint(\'###\')\nresult = session.run_sql("SELECT COUNT(*) FROM mysql.juju_units_operations WHERE status=\'in-progress\';")\nprint(f\'<LOCKS>{result.fetch_one()[0]}</LOCKS>\')'], stdout="\x1b[1mPlease provide the password for 'serverconfig@mysql-k8s-2.mysql-k8s-endpoints.testing.svc.cluster.local:33062': \x1b[0m###\n", stderr='Cannot set LC_ALL to locale en_US.UTF-8: No such file or directory\nTraceback (most recent call last):\n  File "<string>", line 3, in <module>\nmysqlsh.DBError: MySQL Error (1146): ClassicSession.run_sql: Table \'mysql.juju_units_operations\' doesn\'t exist\n'
unit-mysql-k8s-1: 01:35:45 ERROR unit.mysql-k8s/1.juju-log Failed to get locks count
unit-mysql-k8s-0: 01:35:45 ERROR unit.mysql-k8s/0.juju-log Failed to execute mysql-shell command
Traceback (most recent call last):
  File "/var/lib/juju/agents/unit-mysql-k8s-0/charm/src/mysql_k8s_helpers.py", line 722, in _run_mysqlsh_script
    stdout, _ = process.wait_output()
  File "/var/lib/juju/agents/unit-mysql-k8s-0/charm/venv/lib/python3.10/site-packages/ops/pebble.py", line 1771, in wait_output
    raise ExecError[AnyStr](self._command, exit_code, out_value, err_value)
ops.pebble.ExecError: non-zero exit code 1 executing ['/usr/bin/mysqlsh', '--passwords-from-stdin', '--uri=serverconfig@mysql-k8s-2.mysql-k8s-endpoints.testing.svc.cluster.local:33062', '--python', '--verbose=0', '-c', 'shell.options.set(\'useWizards\', False)\nprint(\'###\')\nresult = session.run_sql("SELECT COUNT(*) FROM mysql.juju_units_operations WHERE status=\'in-progress\';")\nprint(f\'<LOCKS>{result.fetch_one()[0]}</LOCKS>\')'], stdout="\x1b[1mPlease provide the password for 'serverconfig@mysql-k8s-2.mysql-k8s-endpoints.testing.svc.cluster.local:33062': \x1b[0m###\n", stderr='Cannot set LC_ALL to locale en_US.UTF-8: No such file or directory\nTraceback (most recent call last):\n  File "<string>", line 3, in <module>\nmysqlsh.DBError: MySQL Error (1146): ClassicSession.run_sql: Table \'mysql.juju_units_operations\' doesn\'t exist\n'
unit-mysql-k8s-0: 01:35:45 ERROR unit.mysql-k8s/0.juju-log Failed to get locks count
unit-mysql-k8s-1: 01:36:39 ERROR unit.mysql-k8s/1.juju-log Failed to execute mysql-shell command
Traceback (most recent call last):
  File "/var/lib/juju/agents/unit-mysql-k8s-1/charm/src/mysql_k8s_helpers.py", line 722, in _run_mysqlsh_script
    stdout, _ = process.wait_output()
  File "/var/lib/juju/agents/unit-mysql-k8s-1/charm/venv/lib/python3.10/site-packages/ops/pebble.py", line 1771, in wait_output
    raise ExecError[AnyStr](self._command, exit_code, out_value, err_value)
ops.pebble.ExecError: non-zero exit code 1 executing ['/usr/bin/mysqlsh', '--passwords-from-stdin', '--uri=serverconfig@mysql-k8s-2.mysql-k8s-endpoints.testing.svc.cluster.local:33062', '--python', '--verbose=0', '-c', 'shell.options.set(\'useWizards\', False)\nprint(\'###\')\nresult = session.run_sql("SELECT COUNT(*) FROM mysql.juju_units_operations WHERE status=\'in-progress\';")\nprint(f\'<LOCKS>{result.fetch_one()[0]}</LOCKS>\')'], stdout="\x1b[1mPlease provide the password for 'serverconfig@mysql-k8s-2.mysql-k8s-endpoints.testing.svc.cluster.local:33062': \x1b[0m###\n", stderr='Cannot set LC_ALL to locale en_US.UTF-8: No such file or directory\nTraceback (most recent call last):\n  File "<string>", line 3, in <module>\nmysqlsh.DBError: MySQL Error (1146): ClassicSession.run_sql: Table \'mysql.juju_units_operations\' doesn\'t exist\n'
unit-mysql-k8s-1: 01:36:39 ERROR unit.mysql-k8s/1.juju-log Failed to get locks count
unit-mysql-k8s-0: 01:36:39 ERROR unit.mysql-k8s/0.juju-log Failed to execute mysql-shell command
Traceback (most recent call last):
  File "/var/lib/juju/agents/unit-mysql-k8s-0/charm/src/mysql_k8s_helpers.py", line 722, in _run_mysqlsh_script
    stdout, _ = process.wait_output()
  File "/var/lib/juju/agents/unit-mysql-k8s-0/charm/venv/lib/python3.10/site-packages/ops/pebble.py", line 1771, in wait_output
    raise ExecError[AnyStr](self._command, exit_code, out_value, err_value)
ops.pebble.ExecError: non-zero exit code 1 executing ['/usr/bin/mysqlsh', '--passwords-from-stdin', '--uri=serverconfig@mysql-k8s-2.mysql-k8s-endpoints.testing.svc.cluster.local:33062', '--python', '--verbose=0', '-c', 'shell.options.set(\'useWizards\', False)\nprint(\'###\')\nresult = session.run_sql("SELECT COUNT(*) FROM mysql.juju_units_operations WHERE status=\'in-progress\';")\nprint(f\'<LOCKS>{result.fetch_one()[0]}</LOCKS>\')'], stdout="\x1b[1mPlease provide the password for 'serverconfig@mysql-k8s-2.mysql-k8s-endpoints.testing.svc.cluster.local:33062': \x1b[0m###\n", stderr='Cannot set LC_ALL to locale en_US.UTF-8: No such file or directory\nTraceback (most recent call last):\n  File "<string>", line 3, in <module>\nmysqlsh.DBError: MySQL Error (1146): ClassicSession.run_sql: Table \'mysql.juju_units_operations\' doesn\'t exist\n'
unit-mysql-k8s-0: 01:36:39 ERROR unit.mysql-k8s/0.juju-log Failed to get locks count
unit-mysql-k8s-0: 01:37:27 ERROR unit.mysql-k8s/0.juju-log Failed to execute mysql-shell command
Traceback (most recent call last):
  File "/var/lib/juju/agents/unit-mysql-k8s-0/charm/src/mysql_k8s_helpers.py", line 722, in _run_mysqlsh_script
    stdout, _ = process.wait_output()
  File "/var/lib/juju/agents/unit-mysql-k8s-0/charm/venv/lib/python3.10/site-packages/ops/pebble.py", line 1771, in wait_output
    raise ExecError[AnyStr](self._command, exit_code, out_value, err_value)
ops.pebble.ExecError: non-zero exit code 1 executing ['/usr/bin/mysqlsh', '--passwords-from-stdin', '--uri=serverconfig@mysql-k8s-2.mysql-k8s-endpoints.testing.svc.cluster.local:33062', '--python', '--verbose=0', '-c', 'shell.options.set(\'useWizards\', False)\nprint(\'###\')\nresult = session.run_sql("SELECT COUNT(*) FROM mysql.juju_units_operations WHERE status=\'in-progress\';")\nprint(f\'<LOCKS>{result.fetch_one()[0]}</LOCKS>\')'], stdout="\x1b[1mPlease provide the password for 'serverconfig@mysql-k8s-2.mysql-k8s-endpoints.testing.svc.cluster.local:33062': \x1b[0m###\n", stderr='Cannot set LC_ALL to locale en_US.UTF-8: No such file or directory\nTraceback (most recent call last):\n  File "<string>", line 3, in <module>\nmysqlsh.DBError: MySQL Error (1146): ClassicSession.run_sql: Table \'mysql.juju_units_operations\' doesn\'t exist\n'
unit-mysql-k8s-0: 01:37:27 ERROR unit.mysql-k8s/0.juju-log Failed to get locks count
unit-mysql-k8s-1: 01:37:27 ERROR unit.mysql-k8s/1.juju-log Failed to execute mysql-shell command
Traceback (most recent call last):
  File "/var/lib/juju/agents/unit-mysql-k8s-1/charm/src/mysql_k8s_helpers.py", line 722, in _run_mysqlsh_script
    stdout, _ = process.wait_output()
  File "/var/lib/juju/agents/unit-mysql-k8s-1/charm/venv/lib/python3.10/site-packages/ops/pebble.py", line 1771, in wait_output
    raise ExecError[AnyStr](self._command, exit_code, out_value, err_value)
ops.pebble.ExecError: non-zero exit code 1 executing ['/usr/bin/mysqlsh', '--passwords-from-stdin', '--uri=serverconfig@mysql-k8s-2.mysql-k8s-endpoints.testing.svc.cluster.local:33062', '--python', '--verbose=0', '-c', 'shell.options.set(\'useWizards\', False)\nprint(\'###\')\nresult = session.run_sql("SELECT COUNT(*) FROM mysql.juju_units_operations WHERE status=\'in-progress\';")\nprint(f\'<LOCKS>{result.fetch_one()[0]}</LOCKS>\')'], stdout="\x1b[1mPlease provide the password for 'serverconfig@mysql-k8s-2.mysql-k8s-endpoints.testing.svc.cluster.local:33062': \x1b[0m###\n", stderr='Cannot set LC_ALL to locale en_US.UTF-8: No such file or directory\nTraceback (most recent call last):\n  File "<string>", line 3, in <module>\nmysqlsh.DBError: MySQL Error (1146): ClassicSession.run_sql: Table \'mysql.juju_units_operations\' doesn\'t exist\n'
unit-mysql-k8s-1: 01:37:27 ERROR unit.mysql-k8s/1.juju-log Failed to get locks count
unit-mysql-k8s-1: 01:38:23 ERROR unit.mysql-k8s/1.juju-log Failed to execute mysql-shell command
Traceback (most recent call last):
  File "/var/lib/juju/agents/unit-mysql-k8s-1/charm/src/mysql_k8s_helpers.py", line 722, in _run_mysqlsh_script
    stdout, _ = process.wait_output()
  File "/var/lib/juju/agents/unit-mysql-k8s-1/charm/venv/lib/python3.10/site-packages/ops/pebble.py", line 1771, in wait_output
    raise ExecError[AnyStr](self._command, exit_code, out_value, err_value)
ops.pebble.ExecError: non-zero exit code 1 executing ['/usr/bin/mysqlsh', '--passwords-from-stdin', '--uri=serverconfig@mysql-k8s-2.mysql-k8s-endpoints.testing.svc.cluster.local:33062', '--python', '--verbose=0', '-c', 'shell.options.set(\'useWizards\', False)\nprint(\'###\')\nresult = session.run_sql("SELECT COUNT(*) FROM mysql.juju_units_operations WHERE status=\'in-progress\';")\nprint(f\'<LOCKS>{result.fetch_one()[0]}</LOCKS>\')'], stdout="\x1b[1mPlease provide the password for 'serverconfig@mysql-k8s-2.mysql-k8s-endpoints.testing.svc.cluster.local:33062': \x1b[0m###\n", stderr='Cannot set LC_ALL to locale en_US.UTF-8: No such file or directory\nTraceback (most recent call last):\n  File "<string>", line 3, in <module>\nmysqlsh.DBError: MySQL Error (1146): ClassicSession.run_sql: Table \'mysql.juju_units_operations\' doesn\'t exist\n'
unit-mysql-k8s-1: 01:38:23 ERROR unit.mysql-k8s/1.juju-log Failed to get locks count
unit-mysql-k8s-0: 01:38:24 ERROR unit.mysql-k8s/0.juju-log Failed to execute mysql-shell command
Traceback (most recent call last):
  File "/var/lib/juju/agents/unit-mysql-k8s-0/charm/src/mysql_k8s_helpers.py", line 722, in _run_mysqlsh_script
    stdout, _ = process.wait_output()
  File "/var/lib/juju/agents/unit-mysql-k8s-0/charm/venv/lib/python3.10/site-packages/ops/pebble.py", line 1771, in wait_output
    raise ExecError[AnyStr](self._command, exit_code, out_value, err_value)
ops.pebble.ExecError: non-zero exit code 1 executing ['/usr/bin/mysqlsh', '--passwords-from-stdin', '--uri=serverconfig@mysql-k8s-2.mysql-k8s-endpoints.testing.svc.cluster.local:33062', '--python', '--verbose=0', '-c', 'shell.options.set(\'useWizards\', False)\nprint(\'###\')\nresult = session.run_sql("SELECT COUNT(*) FROM mysql.juju_units_operations WHERE status=\'in-progress\';")\nprint(f\'<LOCKS>{result.fetch_one()[0]}</LOCKS>\')'], stdout="\x1b[1mPlease provide the password for 'serverconfig@mysql-k8s-2.mysql-k8s-endpoints.testing.svc.cluster.local:33062': \x1b[0m###\n", stderr='Cannot set LC_ALL to locale en_US.UTF-8: No such file or directory\nTraceback (most recent call last):\n  File "<string>", line 3, in <module>\nmysqlsh.DBError: MySQL Error (1146): ClassicSession.run_sql: Table \'mysql.juju_units_operations\' doesn\'t exist\n'
unit-mysql-k8s-0: 01:38:24 ERROR unit.mysql-k8s/0.juju-log Failed to get locks count
unit-mysql-k8s-0: 01:39:32 ERROR unit.mysql-k8s/0.juju-log Failed to execute mysql-shell command
Traceback (most recent call last):
  File "/var/lib/juju/agents/unit-mysql-k8s-0/charm/src/mysql_k8s_helpers.py", line 722, in _run_mysqlsh_script
    stdout, _ = process.wait_output()
  File "/var/lib/juju/agents/unit-mysql-k8s-0/charm/venv/lib/python3.10/site-packages/ops/pebble.py", line 1771, in wait_output
    raise ExecError[AnyStr](self._command, exit_code, out_value, err_value)
ops.pebble.ExecError: non-zero exit code 1 executing ['/usr/bin/mysqlsh', '--passwords-from-stdin', '--uri=serverconfig@mysql-k8s-2.mysql-k8s-endpoints.testing.svc.cluster.local:33062', '--python', '--verbose=0', '-c', 'shell.options.set(\'useWizards\', False)\nprint(\'###\')\nresult = session.run_sql("SELECT COUNT(*) FROM mysql.juju_units_operations WHERE status=\'in-progress\';")\nprint(f\'<LOCKS>{result.fetch_one()[0]}</LOCKS>\')'], stdout="\x1b[1mPlease provide the password for 'serverconfig@mysql-k8s-2.mysql-k8s-endpoints.testing.svc.cluster.local:33062': \x1b[0m###\n", stderr='Cannot set LC_ALL to locale en_US.UTF-8: No such file or directory\nTraceback (most recent call last):\n  File "<string>", line 3, in <module>\nmysqlsh.DBError: MySQL Error (1146): ClassicSession.run_sql: Table \'mysql.juju_units_operations\' doesn\'t exist\n'
unit-mysql-k8s-0: 01:39:32 ERROR unit.mysql-k8s/0.juju-log Failed to get locks count
unit-mysql-k8s-1: 01:39:32 ERROR unit.mysql-k8s/1.juju-log Failed to execute mysql-shell command
Traceback (most recent call last):
  File "/var/lib/juju/agents/unit-mysql-k8s-1/charm/src/mysql_k8s_helpers.py", line 722, in _run_mysqlsh_script
    stdout, _ = process.wait_output()
  File "/var/lib/juju/agents/unit-mysql-k8s-1/charm/venv/lib/python3.10/site-packages/ops/pebble.py", line 1771, in wait_output
    raise ExecError[AnyStr](self._command, exit_code, out_value, err_value)
ops.pebble.ExecError: non-zero exit code 1 executing ['/usr/bin/mysqlsh', '--passwords-from-stdin', '--uri=serverconfig@mysql-k8s-2.mysql-k8s-endpoints.testing.svc.cluster.local:33062', '--python', '--verbose=0', '-c', 'shell.options.set(\'useWizards\', False)\nprint(\'###\')\nresult = session.run_sql("SELECT COUNT(*) FROM mysql.juju_units_operations WHERE status=\'in-progress\';")\nprint(f\'<LOCKS>{result.fetch_one()[0]}</LOCKS>\')'], stdout="\x1b[1mPlease provide the password for 'serverconfig@mysql-k8s-2.mysql-k8s-endpoints.testing.svc.cluster.local:33062': \x1b[0m###\n", stderr='Cannot set LC_ALL to locale en_US.UTF-8: No such file or directory\nTraceback (most recent call last):\n  File "<string>", line 3, in <module>\nmysqlsh.DBError: MySQL Error (1146): ClassicSession.run_sql: Table \'mysql.juju_units_operations\' doesn\'t exist\n'
unit-mysql-k8s-1: 01:39:32 ERROR unit.mysql-k8s/1.juju-log Failed to get locks count
unit-mysql-k8s-1: 01:40:40 ERROR unit.mysql-k8s/1.juju-log Failed to execute mysql-shell command
Traceback (most recent call last):
  File "/var/lib/juju/agents/unit-mysql-k8s-1/charm/src/mysql_k8s_helpers.py", line 722, in _run_mysqlsh_script
    stdout, _ = process.wait_output()
  File "/var/lib/juju/agents/unit-mysql-k8s-1/charm/venv/lib/python3.10/site-packages/ops/pebble.py", line 1771, in wait_output
    raise ExecError[AnyStr](self._command, exit_code, out_value, err_value)
ops.pebble.ExecError: non-zero exit code 1 executing ['/usr/bin/mysqlsh', '--passwords-from-stdin', '--uri=serverconfig@mysql-k8s-2.mysql-k8s-endpoints.testing.svc.cluster.local:33062', '--python', '--verbose=0', '-c', 'shell.options.set(\'useWizards\', False)\nprint(\'###\')\nresult = session.run_sql("SELECT COUNT(*) FROM mysql.juju_units_operations WHERE status=\'in-progress\';")\nprint(f\'<LOCKS>{result.fetch_one()[0]}</LOCKS>\')'], stdout="\x1b[1mPlease provide the password for 'serverconfig@mysql-k8s-2.mysql-k8s-endpoints.testing.svc.cluster.local:33062': \x1b[0m###\n", stderr='Cannot set LC_ALL to locale en_US.UTF-8: No such file or directory\nTraceback (most recent call last):\n  File "<string>", line 3, in <module>\nmysqlsh.DBError: MySQL Error (1146): ClassicSession.run_sql: Table \'mysql.juju_units_operations\' doesn\'t exist\n'
unit-mysql-k8s-1: 01:40:40 ERROR unit.mysql-k8s/1.juju-log Failed to get locks count
unit-mysql-k8s-0: 01:40:40 ERROR unit.mysql-k8s/0.juju-log Failed to execute mysql-shell command
Traceback (most recent call last):
  File "/var/lib/juju/agents/unit-mysql-k8s-0/charm/src/mysql_k8s_helpers.py", line 722, in _run_mysqlsh_script
    stdout, _ = process.wait_output()
  File "/var/lib/juju/agents/unit-mysql-k8s-0/charm/venv/lib/python3.10/site-packages/ops/pebble.py", line 1771, in wait_output
    raise ExecError[AnyStr](self._command, exit_code, out_value, err_value)
ops.pebble.ExecError: non-zero exit code 1 executing ['/usr/bin/mysqlsh', '--passwords-from-stdin', '--uri=serverconfig@mysql-k8s-2.mysql-k8s-endpoints.testing.svc.cluster.local:33062', '--python', '--verbose=0', '-c', 'shell.options.set(\'useWizards\', False)\nprint(\'###\')\nresult = session.run_sql("SELECT COUNT(*) FROM mysql.juju_units_operations WHERE status=\'in-progress\';")\nprint(f\'<LOCKS>{result.fetch_one()[0]}</LOCKS>\')'], stdout="\x1b[1mPlease provide the password for 'serverconfig@mysql-k8s-2.mysql-k8s-endpoints.testing.svc.cluster.local:33062': \x1b[0m###\n", stderr='Cannot set LC_ALL to locale en_US.UTF-8: No such file or directory\nTraceback (most recent call last):\n  File "<string>", line 3, in <module>\nmysqlsh.DBError: MySQL Error (1146): ClassicSession.run_sql: Table \'mysql.juju_units_operations\' doesn\'t exist\n'
unit-mysql-k8s-0: 01:40:40 ERROR unit.mysql-k8s/0.juju-log Failed to get locks count
unit-mysql-k8s-1: 01:41:49 ERROR unit.mysql-k8s/1.juju-log Failed to execute mysql-shell command
Traceback (most recent call last):
  File "/var/lib/juju/agents/unit-mysql-k8s-1/charm/src/mysql_k8s_helpers.py", line 722, in _run_mysqlsh_script
    stdout, _ = process.wait_output()
  File "/var/lib/juju/agents/unit-mysql-k8s-1/charm/venv/lib/python3.10/site-packages/ops/pebble.py", line 1771, in wait_output
    raise ExecError[AnyStr](self._command, exit_code, out_value, err_value)
ops.pebble.ExecError: non-zero exit code 1 executing ['/usr/bin/mysqlsh', '--passwords-from-stdin', '--uri=serverconfig@mysql-k8s-2.mysql-k8s-endpoints.testing.svc.cluster.local:33062', '--python', '--verbose=0', '-c', 'shell.options.set(\'useWizards\', False)\nprint(\'###\')\nresult = session.run_sql("SELECT COUNT(*) FROM mysql.juju_units_operations WHERE status=\'in-progress\';")\nprint(f\'<LOCKS>{result.fetch_one()[0]}</LOCKS>\')'], stdout="\x1b[1mPlease provide the password for 'serverconfig@mysql-k8s-2.mysql-k8s-endpoints.testing.svc.cluster.local:33062': \x1b[0m###\n", stderr='Cannot set LC_ALL to locale en_US.UTF-8: No such file or directory\nTraceback (most recent call last):\n  File "<string>", line 3, in <module>\nmysqlsh.DBError: MySQL Error (1146): ClassicSession.run_sql: Table \'mysql.juju_units_operations\' doesn\'t exist\n'
unit-mysql-k8s-1: 01:41:49 ERROR unit.mysql-k8s/1.juju-log Failed to get locks count
unit-mysql-k8s-0: 01:41:49 ERROR unit.mysql-k8s/0.juju-log Failed to execute mysql-shell command
Traceback (most recent call last):
  File "/var/lib/juju/agents/unit-mysql-k8s-0/charm/src/mysql_k8s_helpers.py", line 722, in _run_mysqlsh_script
    stdout, _ = process.wait_output()
  File "/var/lib/juju/agents/unit-mysql-k8s-0/charm/venv/lib/python3.10/site-packages/ops/pebble.py", line 1771, in wait_output
    raise ExecError[AnyStr](self._command, exit_code, out_value, err_value)
ops.pebble.ExecError: non-zero exit code 1 executing ['/usr/bin/mysqlsh', '--passwords-from-stdin', '--uri=serverconfig@mysql-k8s-2.mysql-k8s-endpoints.testing.svc.cluster.local:33062', '--python', '--verbose=0', '-c', 'shell.options.set(\'useWizards\', False)\nprint(\'###\')\nresult = session.run_sql("SELECT COUNT(*) FROM mysql.juju_units_operations WHERE status=\'in-progress\';")\nprint(f\'<LOCKS>{result.fetch_one()[0]}</LOCKS>\')'], stdout="\x1b[1mPlease provide the password for 'serverconfig@mysql-k8s-2.mysql-k8s-endpoints.testing.svc.cluster.local:33062': \x1b[0m###\n", stderr='Cannot set LC_ALL to locale en_US.UTF-8: No such file or directory\nTraceback (most recent call last):\n  File "<string>", line 3, in <module>\nmysqlsh.DBError: MySQL Error (1146): ClassicSession.run_sql: Table \'mysql.juju_units_operations\' doesn\'t exist\n'
unit-mysql-k8s-0: 01:41:49 ERROR unit.mysql-k8s/0.juju-log Failed to get locks count
unit-mysql-k8s-0: 01:42:58 ERROR unit.mysql-k8s/0.juju-log Failed to execute mysql-shell command
Traceback (most recent call last):
  File "/var/lib/juju/agents/unit-mysql-k8s-0/charm/src/mysql_k8s_helpers.py", line 722, in _run_mysqlsh_script
    stdout, _ = process.wait_output()
  File "/var/lib/juju/agents/unit-mysql-k8s-0/charm/venv/lib/python3.10/site-packages/ops/pebble.py", line 1771, in wait_output
    raise ExecError[AnyStr](self._command, exit_code, out_value, err_value)
ops.pebble.ExecError: non-zero exit code 1 executing ['/usr/bin/mysqlsh', '--passwords-from-stdin', '--uri=serverconfig@mysql-k8s-2.mysql-k8s-endpoints.testing.svc.cluster.local:33062', '--python', '--verbose=0', '-c', 'shell.options.set(\'useWizards\', False)\nprint(\'###\')\nresult = session.run_sql("SELECT COUNT(*) FROM mysql.juju_units_operations WHERE status=\'in-progress\';")\nprint(f\'<LOCKS>{result.fetch_one()[0]}</LOCKS>\')'], stdout="\x1b[1mPlease provide the password for 'serverconfig@mysql-k8s-2.mysql-k8s-endpoints.testing.svc.cluster.local:33062': \x1b[0m###\n", stderr='Cannot set LC_ALL to locale en_US.UTF-8: No such file or directory\nTraceback (most recent call last):\n  File "<string>", line 3, in <module>\nmysqlsh.DBError: MySQL Error (1146): ClassicSession.run_sql: Table \'mysql.juju_units_operations\' doesn\'t exist\n'
unit-mysql-k8s-0: 01:42:58 ERROR unit.mysql-k8s/0.juju-log Failed to get locks count
unit-mysql-k8s-1: 01:42:59 ERROR unit.mysql-k8s/1.juju-log Failed to execute mysql-shell command
Traceback (most recent call last):
  File "/var/lib/juju/agents/unit-mysql-k8s-1/charm/src/mysql_k8s_helpers.py", line 722, in _run_mysqlsh_script
    stdout, _ = process.wait_output()
  File "/var/lib/juju/agents/unit-mysql-k8s-1/charm/venv/lib/python3.10/site-packages/ops/pebble.py", line 1771, in wait_output
    raise ExecError[AnyStr](self._command, exit_code, out_value, err_value)
ops.pebble.ExecError: non-zero exit code 1 executing ['/usr/bin/mysqlsh', '--passwords-from-stdin', '--uri=serverconfig@mysql-k8s-2.mysql-k8s-endpoints.testing.svc.cluster.local:33062', '--python', '--verbose=0', '-c', 'shell.options.set(\'useWizards\', False)\nprint(\'###\')\nresult = session.run_sql("SELECT COUNT(*) FROM mysql.juju_units_operations WHERE status=\'in-progress\';")\nprint(f\'<LOCKS>{result.fetch_one()[0]}</LOCKS>\')'], stdout="\x1b[1mPlease provide the password for 'serverconfig@mysql-k8s-2.mysql-k8s-endpoints.testing.svc.cluster.local:33062': \x1b[0m###\n", stderr='Cannot set LC_ALL to locale en_US.UTF-8: No such file or directory\nTraceback (most recent call last):\n  File "<string>", line 3, in <module>\nmysqlsh.DBError: MySQL Error (1146): ClassicSession.run_sql: Table \'mysql.juju_units_operations\' doesn\'t exist\n'
unit-mysql-k8s-1: 01:42:59 ERROR unit.mysql-k8s/1.juju-log Failed to get locks count
unit-mysql-k8s-1: 01:43:58 ERROR unit.mysql-k8s/1.juju-log Failed to execute mysql-shell command
Traceback (most recent call last):
  File "/var/lib/juju/agents/unit-mysql-k8s-1/charm/src/mysql_k8s_helpers.py", line 722, in _run_mysqlsh_script
    stdout, _ = process.wait_output()
  File "/var/lib/juju/agents/unit-mysql-k8s-1/charm/venv/lib/python3.10/site-packages/ops/pebble.py", line 1771, in wait_output
    raise ExecError[AnyStr](self._command, exit_code, out_value, err_value)
ops.pebble.ExecError: non-zero exit code 1 executing ['/usr/bin/mysqlsh', '--passwords-from-stdin', '--uri=serverconfig@mysql-k8s-2.mysql-k8s-endpoints.testing.svc.cluster.local:33062', '--python', '--verbose=0', '-c', 'shell.options.set(\'useWizards\', False)\nprint(\'###\')\nresult = session.run_sql("SELECT COUNT(*) FROM mysql.juju_units_operations WHERE status=\'in-progress\';")\nprint(f\'<LOCKS>{result.fetch_one()[0]}</LOCKS>\')'], stdout="\x1b[1mPlease provide the password for 'serverconfig@mysql-k8s-2.mysql-k8s-endpoints.testing.svc.cluster.local:33062': \x1b[0m###\n", stderr='Cannot set LC_ALL to locale en_US.UTF-8: No such file or directory\nTraceback (most recent call last):\n  File "<string>", line 3, in <module>\nmysqlsh.DBError: MySQL Error (1146): ClassicSession.run_sql: Table \'mysql.juju_units_operations\' doesn\'t exist\n'
unit-mysql-k8s-1: 01:43:58 ERROR unit.mysql-k8s/1.juju-log Failed to get locks count
unit-mysql-k8s-0: 01:43:59 ERROR unit.mysql-k8s/0.juju-log Failed to execute mysql-shell command
Traceback (most recent call last):
  File "/var/lib/juju/agents/unit-mysql-k8s-0/charm/src/mysql_k8s_helpers.py", line 722, in _run_mysqlsh_script
    stdout, _ = process.wait_output()
  File "/var/lib/juju/agents/unit-mysql-k8s-0/charm/venv/lib/python3.10/site-packages/ops/pebble.py", line 1771, in wait_output
    raise ExecError[AnyStr](self._command, exit_code, out_value, err_value)
ops.pebble.ExecError: non-zero exit code 1 executing ['/usr/bin/mysqlsh', '--passwords-from-stdin', '--uri=serverconfig@mysql-k8s-2.mysql-k8s-endpoints.testing.svc.cluster.local:33062', '--python', '--verbose=0', '-c', 'shell.options.set(\'useWizards\', False)\nprint(\'###\')\nresult = session.run_sql("SELECT COUNT(*) FROM mysql.juju_units_operations WHERE status=\'in-progress\';")\nprint(f\'<LOCKS>{result.fetch_one()[0]}</LOCKS>\')'], stdout="\x1b[1mPlease provide the password for 'serverconfig@mysql-k8s-2.mysql-k8s-endpoints.testing.svc.cluster.local:33062': \x1b[0m###\n", stderr='Cannot set LC_ALL to locale en_US.UTF-8: No such file or directory\nTraceback (most recent call last):\n  File "<string>", line 3, in <module>\nmysqlsh.DBError: MySQL Error (1146): ClassicSession.run_sql: Table \'mysql.juju_units_operations\' doesn\'t exist\n'
unit-mysql-k8s-0: 01:43:59 ERROR unit.mysql-k8s/0.juju-log Failed to get locks count

[32mINFO    [0m pytest_operator.plugin:plugin.py:862 Forgetting main...