{"uid":"ff36e36accb5c799","name":"test_upgrade_from_edge","fullName":"tests.integration.integration.high_availability.test_async_replication_upgrade#test_upgrade_from_edge","historyId":"f1ab8317a2ca8aada4bd6e7f64586b8a","time":{"start":1765785785189,"stop":1765786252165,"duration":466976},"description":"Upgrade the two MySQL clusters.","descriptionHtml":"<p>Upgrade the two MySQL clusters.</p>\n","status":"broken","statusMessage":"jubilant_backports._task.TaskError: task error: Task 2: status 'failed', return code 0, details:\nMessage: Pre-upgrade check failed. Cannot upgrade.","statusTrace":"Traceback (most recent call last):\n  File \"/root/spread_project/.tox/integration/lib/python3.12/site-packages/_pytest/runner.py\", line 341, in from_call\n    result: Optional[TResult] = func()\n                                ^^^^^^\n  File \"/root/spread_project/.tox/integration/lib/python3.12/site-packages/_pytest/runner.py\", line 262, in <lambda>\n    lambda: ihook(item=item, **kwds), when=when, reraise=reraise\n            ^^^^^^^^^^^^^^^^^^^^^^^^\n  File \"/root/spread_project/.tox/integration/lib/python3.12/site-packages/pluggy/_hooks.py\", line 513, in __call__\n    return self._hookexec(self.name, self._hookimpls.copy(), kwargs, firstresult)\n           ^^^^^^^^^^^^^^^^^^^^^^^^^^^^^^^^^^^^^^^^^^^^^^^^^^^^^^^^^^^^^^^^^^^^^^\n  File \"/root/spread_project/.tox/integration/lib/python3.12/site-packages/pluggy/_manager.py\", line 120, in _hookexec\n    return self._inner_hookexec(hook_name, methods, kwargs, firstresult)\n           ^^^^^^^^^^^^^^^^^^^^^^^^^^^^^^^^^^^^^^^^^^^^^^^^^^^^^^^^^^^^^\n  File \"/root/spread_project/.tox/integration/lib/python3.12/site-packages/pluggy/_callers.py\", line 182, in _multicall\n    return outcome.get_result()\n           ^^^^^^^^^^^^^^^^^^^^\n  File \"/root/spread_project/.tox/integration/lib/python3.12/site-packages/pluggy/_result.py\", line 100, in get_result\n    raise exc.with_traceback(exc.__traceback__)\n  File \"/root/spread_project/.tox/integration/lib/python3.12/site-packages/pluggy/_callers.py\", line 103, in _multicall\n    res = hook_impl.function(*args)\n          ^^^^^^^^^^^^^^^^^^^^^^^^^\n  File \"/root/spread_project/.tox/integration/lib/python3.12/site-packages/_pytest/runner.py\", line 177, in pytest_runtest_call\n    raise e\n  File \"/root/spread_project/.tox/integration/lib/python3.12/site-packages/_pytest/runner.py\", line 169, in pytest_runtest_call\n    item.runtest()\n  File \"/root/spread_project/.tox/integration/lib/python3.12/site-packages/_pytest/python.py\", line 1792, in runtest\n    self.ihook.pytest_pyfunc_call(pyfuncitem=self)\n  File \"/root/spread_project/.tox/integration/lib/python3.12/site-packages/pluggy/_hooks.py\", line 513, in __call__\n    return self._hookexec(self.name, self._hookimpls.copy(), kwargs, firstresult)\n           ^^^^^^^^^^^^^^^^^^^^^^^^^^^^^^^^^^^^^^^^^^^^^^^^^^^^^^^^^^^^^^^^^^^^^^\n  File \"/root/spread_project/.tox/integration/lib/python3.12/site-packages/pluggy/_manager.py\", line 120, in _hookexec\n    return self._inner_hookexec(hook_name, methods, kwargs, firstresult)\n           ^^^^^^^^^^^^^^^^^^^^^^^^^^^^^^^^^^^^^^^^^^^^^^^^^^^^^^^^^^^^^\n  File \"/root/spread_project/.tox/integration/lib/python3.12/site-packages/pluggy/_callers.py\", line 182, in _multicall\n    return outcome.get_result()\n           ^^^^^^^^^^^^^^^^^^^^\n  File \"/root/spread_project/.tox/integration/lib/python3.12/site-packages/pluggy/_result.py\", line 100, in get_result\n    raise exc.with_traceback(exc.__traceback__)\n  File \"/root/spread_project/.tox/integration/lib/python3.12/site-packages/pluggy/_callers.py\", line 103, in _multicall\n    res = hook_impl.function(*args)\n          ^^^^^^^^^^^^^^^^^^^^^^^^^\n  File \"/root/spread_project/.tox/integration/lib/python3.12/site-packages/_pytest/python.py\", line 194, in pytest_pyfunc_call\n    result = testfunction(**testargs)\n             ^^^^^^^^^^^^^^^^^^^^^^^^\n  File \"/root/spread_project/tests/integration/integration/high_availability/test_async_replication_upgrade.py\", line 212, in test_upgrade_from_edge\n    run_pre_upgrade_checks(model_2, MYSQL_APP_2)\n  File \"/root/spread_project/tests/integration/integration/high_availability/test_async_replication_upgrade.py\", line 263, in run_pre_upgrade_checks\n    task = juju.run(unit=app_leader, action=\"pre-upgrade-check\")\n           ^^^^^^^^^^^^^^^^^^^^^^^^^^^^^^^^^^^^^^^^^^^^^^^^^^^^^\n  File \"/root/spread_project/.tox/integration/lib/python3.12/site-packages/jubilant_backports/_juju.py\", line 1026, in run\n    task.raise_on_failure()\n  File \"/root/spread_project/.tox/integration/lib/python3.12/site-packages/jubilant_backports/_task.py\", line 120, in raise_on_failure\n    raise TaskError(self)\njubilant_backports._task.TaskError: task error: Task 2: status 'failed', return code 0, details:\nMessage: Pre-upgrade check failed. Cannot upgrade.","flaky":false,"newFailed":false,"newBroken":true,"newPassed":false,"retriesCount":1,"retriesStatusChange":true,"beforeStages":[{"name":"juju","time":{"start":1765785331731,"stop":1765785332018,"duration":287},"status":"passed","steps":[],"attachments":[],"parameters":[],"shouldDisplayMessage":false,"stepsCount":0,"attachmentsCount":0,"hasContent":false,"attachmentStep":false},{"name":"charm","time":{"start":1765785331731,"stop":1765785331731,"duration":0},"status":"passed","steps":[],"attachments":[],"parameters":[],"shouldDisplayMessage":false,"stepsCount":0,"attachmentsCount":0,"hasContent":false,"attachmentStep":false},{"name":"first_model","time":{"start":1765785332018,"stop":1765785332018,"duration":0},"status":"passed","steps":[],"attachments":[],"parameters":[],"shouldDisplayMessage":false,"stepsCount":0,"attachmentsCount":0,"hasContent":false,"attachmentStep":false},{"name":"second_model","time":{"start":1765785332018,"stop":1765785332249,"duration":231},"status":"passed","steps":[],"attachments":[],"parameters":[],"shouldDisplayMessage":false,"stepsCount":0,"attachmentsCount":0,"hasContent":false,"attachmentStep":false},{"name":"abort_on_fail","time":{"start":1765785774407,"stop":1765785774408,"duration":1},"status":"passed","steps":[],"attachments":[],"parameters":[],"shouldDisplayMessage":false,"stepsCount":0,"attachmentsCount":0,"hasContent":false,"attachmentStep":false},{"name":"continuous_writes","time":{"start":1765785774408,"stop":1765785785188,"duration":10780},"status":"passed","steps":[],"attachments":[],"parameters":[],"shouldDisplayMessage":false,"stepsCount":0,"attachmentsCount":0,"hasContent":false,"attachmentStep":false}],"testStage":{"description":"Upgrade the two MySQL clusters.","status":"broken","statusMessage":"jubilant_backports._task.TaskError: task error: Task 2: status 'failed', return code 0, details:\nMessage: Pre-upgrade check failed. Cannot upgrade.","statusTrace":"Traceback (most recent call last):\n  File \"/root/spread_project/.tox/integration/lib/python3.12/site-packages/_pytest/runner.py\", line 341, in from_call\n    result: Optional[TResult] = func()\n                                ^^^^^^\n  File \"/root/spread_project/.tox/integration/lib/python3.12/site-packages/_pytest/runner.py\", line 262, in <lambda>\n    lambda: ihook(item=item, **kwds), when=when, reraise=reraise\n            ^^^^^^^^^^^^^^^^^^^^^^^^\n  File \"/root/spread_project/.tox/integration/lib/python3.12/site-packages/pluggy/_hooks.py\", line 513, in __call__\n    return self._hookexec(self.name, self._hookimpls.copy(), kwargs, firstresult)\n           ^^^^^^^^^^^^^^^^^^^^^^^^^^^^^^^^^^^^^^^^^^^^^^^^^^^^^^^^^^^^^^^^^^^^^^\n  File \"/root/spread_project/.tox/integration/lib/python3.12/site-packages/pluggy/_manager.py\", line 120, in _hookexec\n    return self._inner_hookexec(hook_name, methods, kwargs, firstresult)\n           ^^^^^^^^^^^^^^^^^^^^^^^^^^^^^^^^^^^^^^^^^^^^^^^^^^^^^^^^^^^^^\n  File \"/root/spread_project/.tox/integration/lib/python3.12/site-packages/pluggy/_callers.py\", line 182, in _multicall\n    return outcome.get_result()\n           ^^^^^^^^^^^^^^^^^^^^\n  File \"/root/spread_project/.tox/integration/lib/python3.12/site-packages/pluggy/_result.py\", line 100, in get_result\n    raise exc.with_traceback(exc.__traceback__)\n  File \"/root/spread_project/.tox/integration/lib/python3.12/site-packages/pluggy/_callers.py\", line 103, in _multicall\n    res = hook_impl.function(*args)\n          ^^^^^^^^^^^^^^^^^^^^^^^^^\n  File \"/root/spread_project/.tox/integration/lib/python3.12/site-packages/_pytest/runner.py\", line 177, in pytest_runtest_call\n    raise e\n  File \"/root/spread_project/.tox/integration/lib/python3.12/site-packages/_pytest/runner.py\", line 169, in pytest_runtest_call\n    item.runtest()\n  File \"/root/spread_project/.tox/integration/lib/python3.12/site-packages/_pytest/python.py\", line 1792, in runtest\n    self.ihook.pytest_pyfunc_call(pyfuncitem=self)\n  File \"/root/spread_project/.tox/integration/lib/python3.12/site-packages/pluggy/_hooks.py\", line 513, in __call__\n    return self._hookexec(self.name, self._hookimpls.copy(), kwargs, firstresult)\n           ^^^^^^^^^^^^^^^^^^^^^^^^^^^^^^^^^^^^^^^^^^^^^^^^^^^^^^^^^^^^^^^^^^^^^^\n  File \"/root/spread_project/.tox/integration/lib/python3.12/site-packages/pluggy/_manager.py\", line 120, in _hookexec\n    return self._inner_hookexec(hook_name, methods, kwargs, firstresult)\n           ^^^^^^^^^^^^^^^^^^^^^^^^^^^^^^^^^^^^^^^^^^^^^^^^^^^^^^^^^^^^^\n  File \"/root/spread_project/.tox/integration/lib/python3.12/site-packages/pluggy/_callers.py\", line 182, in _multicall\n    return outcome.get_result()\n           ^^^^^^^^^^^^^^^^^^^^\n  File \"/root/spread_project/.tox/integration/lib/python3.12/site-packages/pluggy/_result.py\", line 100, in get_result\n    raise exc.with_traceback(exc.__traceback__)\n  File \"/root/spread_project/.tox/integration/lib/python3.12/site-packages/pluggy/_callers.py\", line 103, in _multicall\n    res = hook_impl.function(*args)\n          ^^^^^^^^^^^^^^^^^^^^^^^^^\n  File \"/root/spread_project/.tox/integration/lib/python3.12/site-packages/_pytest/python.py\", line 194, in pytest_pyfunc_call\n    result = testfunction(**testargs)\n             ^^^^^^^^^^^^^^^^^^^^^^^^\n  File \"/root/spread_project/tests/integration/integration/high_availability/test_async_replication_upgrade.py\", line 212, in test_upgrade_from_edge\n    run_pre_upgrade_checks(model_2, MYSQL_APP_2)\n  File \"/root/spread_project/tests/integration/integration/high_availability/test_async_replication_upgrade.py\", line 263, in run_pre_upgrade_checks\n    task = juju.run(unit=app_leader, action=\"pre-upgrade-check\")\n           ^^^^^^^^^^^^^^^^^^^^^^^^^^^^^^^^^^^^^^^^^^^^^^^^^^^^^\n  File \"/root/spread_project/.tox/integration/lib/python3.12/site-packages/jubilant_backports/_juju.py\", line 1026, in run\n    task.raise_on_failure()\n  File \"/root/spread_project/.tox/integration/lib/python3.12/site-packages/jubilant_backports/_task.py\", line 120, in raise_on_failure\n    raise TaskError(self)\njubilant_backports._task.TaskError: task error: Task 2: status 'failed', return code 0, details:\nMessage: Pre-upgrade check failed. Cannot upgrade.","steps":[],"attachments":[{"uid":"1e10c47b8def798d","name":"log","source":"1e10c47b8def798d.txt","type":"text/plain","size":10232}],"parameters":[],"shouldDisplayMessage":true,"stepsCount":0,"attachmentsCount":1,"hasContent":true,"attachmentStep":false},"afterStages":[{"name":"continuous_writes::0","time":{"start":1765786252172,"stop":1765786253432,"duration":1260},"status":"passed","steps":[],"attachments":[],"parameters":[],"shouldDisplayMessage":false,"stepsCount":0,"attachmentsCount":0,"hasContent":false,"attachmentStep":false},{"name":"abort_on_fail::0","time":{"start":1765786253433,"stop":1765786253433,"duration":0},"status":"passed","steps":[],"attachments":[],"parameters":[],"shouldDisplayMessage":false,"stepsCount":0,"attachmentsCount":0,"hasContent":false,"attachmentStep":false},{"name":"second_model::0","time":{"start":1765786288540,"stop":1765786389773,"duration":101233},"status":"passed","steps":[],"attachments":[],"parameters":[],"shouldDisplayMessage":false,"stepsCount":0,"attachmentsCount":0,"hasContent":false,"attachmentStep":false},{"name":"juju::0","time":{"start":1765786389774,"stop":1765786390017,"duration":243},"status":"passed","steps":[],"attachments":[],"parameters":[],"shouldDisplayMessage":false,"stepsCount":0,"attachmentsCount":0,"hasContent":false,"attachmentStep":false},{"name":"first_model::0","time":{"start":1765786389774,"stop":1765786389774,"duration":0},"status":"passed","steps":[],"attachments":[],"parameters":[],"shouldDisplayMessage":false,"stepsCount":0,"attachmentsCount":0,"hasContent":false,"attachmentStep":false}],"labels":[{"name":"tag","value":"abort_on_fail"},{"name":"tag","value":"@pytest.mark.skipif(False, reason='Requires juju 3+')"},{"name":"parentSuite","value":"tests.integration.integration.high_availability"},{"name":"suite","value":"test_async_replication_upgrade"},{"name":"host","value":"runnervm6qbrg"},{"name":"thread","value":"18287-MainThread"},{"name":"framework","value":"pytest"},{"name":"language","value":"cpython3"},{"name":"package","value":"tests.integration.integration.high_availability.test_async_replication_upgrade"},{"name":"resultFormat","value":"allure2"}],"parameters":[],"links":[],"hidden":false,"retry":false,"extra":{"severity":"normal","retries":[{"uid":"1e7a2d89ec5efbd4","status":"unknown","time":{}}],"categories":[{"name":"Test defects","matchedStatuses":[]}],"history":{"statistic":{"failed":0,"broken":2,"skipped":0,"passed":6,"unknown":0,"total":8},"items":[{"uid":"765acf04286ada27","reportUrl":"../31//#testresult/765acf04286ada27","status":"passed","time":{"start":1765590777061,"stop":1765591390453,"duration":613392}},{"uid":"35a640a201bb4e71","reportUrl":"../30//#testresult/35a640a201bb4e71","status":"passed","time":{"start":1765504352450,"stop":1765504960337,"duration":607887}},{"uid":"78aa1288bfaea99f","reportUrl":"../29//#testresult/78aa1288bfaea99f","status":"passed","time":{"start":1765419445629,"stop":1765420086726,"duration":641097}},{"uid":"be8b9bb1e6d21ba7","reportUrl":"../26//#testresult/be8b9bb1e6d21ba7","status":"passed","time":{"start":1765161449831,"stop":1765162060998,"duration":611167}},{"uid":"e2bb973e6d3728d","reportUrl":"../25//#testresult/e2bb973e6d3728d","status":"passed","time":{"start":1765073286427,"stop":1765073934170,"duration":647743}},{"uid":"da646b7a44e6e74c","reportUrl":"../24//#testresult/da646b7a44e6e74c","status":"passed","time":{"start":1764986945858,"stop":1764987689283,"duration":743425}},{"uid":"217ee2ccc3b1b1c2","reportUrl":"../3498//#testresult/217ee2ccc3b1b1c2","status":"broken","statusDetails":"TimeoutError: wait timed out after 1200s\nStatus(\n  model=ModelStatus(\n    name='testing',\n    type='caas',\n    controller='concierge-microk8s',\n    cloud='microk8s',\n    version='3.6.12',\n    region='localhost',\n    model_status=StatusInfo(current='available', since='01 Dec 2025 19:53:36Z'),\n    sla='unsupported',\n  ),\n  machines={},\n  apps={\n    'db1': AppStatus(\n      charm='local:mysql-k8s-1',\n      charm_origin='local',\n      charm_name='mysql-k8s',\n      charm_rev=1,\n      exposed=False,\n      base=FormattedBase(name='ubuntu', channel='22.04'),\n      scale=3,\n      provider_id='605376a6-df52-42ac-a2a1-ba74f06afee7',\n      address='10.152.183.217',\n      app_status=StatusInfo(current='maintenance', message='Setting up replication', since='01 Dec 2025 20:08:49Z'),\n      relations={\n        'database': [\n          AppStatusRelation(related_app='mysql-test-app', interface='mysql_client', scope='global'),\n        ],\n        'database-peers': [\n          AppStatusRelation(related_app='db1', interface='mysql_peers', scope='global'),\n        ],\n        'restart': [\n          AppStatusRelation(related_app='db1', interface='rolling_op', scope='global'),\n        ],\n        'upgrade': [\n          AppStatusRelation(related_app='db1', interface='upgrade', scope='global'),\n        ],\n      },\n      units={\n        'db1/0': UnitStatus(\n          workload_status=StatusInfo(current='active', since='01 Dec 2025 20:17:31Z'),\n          juju_status=StatusInfo(current='idle', since='01 Dec 2025 20:35:03Z', version='3.6.12'),\n          address='10.1.243.153',\n          provider_id='db1-0',\n        ),\n        'db1/1': UnitStatus(\n          workload_status=StatusInfo(current='active', message='Primary', since='01 Dec 2025 20:17:38Z'),\n          juju_status=StatusInfo(current='idle', since='01 Dec 2025 20:35:03Z', version='3.6.12'),\n          address='10.1.243.152',\n          provider_id='db1-1',\n        ),\n        'db1/2': UnitStatus(\n          workload_status=StatusInfo(current='active', since='01 Dec 2025 20:17:30Z'),\n          juju_status=StatusInfo(current='idle', since='01 Dec 2025 20:35:02Z', version='3.6.12'),\n          leader=True,\n          address='10.1.243.151',\n          provider_id='db1-2',\n        ),\n      },\n      version='8.0.42-0ubuntu0.22.04.2',\n      endpoint_bindings={\n        '': 'alpha',\n        'certificates': 'alpha',\n        'database': 'alpha',\n        'database-peers': 'alpha',\n        'grafana-dashboard': 'alpha',\n        'logging': 'alpha',\n        'metrics-endpoint': 'alpha',\n        'mysql': 'alpha',\n        'mysql-root': 'alpha',\n        'replication': 'alpha',\n        'replication-offer': 'alpha',\n        'restart': 'alpha',\n        's3-parameters': 'alpha',\n        'tracing': 'alpha',\n        'upgrade': 'alpha',\n      },\n    ),\n    'mysql-test-app': AppStatus(\n      charm='mysql-test-app',\n      charm_origin='charmhub',\n      charm_name='mysql-test-app',\n      charm_rev=85,\n      exposed=False,\n      base=FormattedBase(name='ubuntu', channel='22.04'),\n      charm_channel='latest/edge',\n      scale=1,\n      provider_id='9e14b13f-229d-4206-9bed-7343211f6792',\n      address='10.152.183.101',\n      app_status=StatusInfo(current='active', message='Last written value=118266', since='01 Dec 2025 20:33:32Z'),\n      relations={\n        'application-peers': [\n          AppStatusRelation(related_app='mysql-test-app', interface='application-peers', scope='global'),\n        ],\n        'database': [\n          AppStatusRelation(related_app='db1', interface='mysql_client', scope='global'),\n        ],\n      },\n      units={\n        'mysql-test-app/0': UnitStatus(\n          workload_status=StatusInfo(current='active', message='Last written value=118266', since='01 Dec 2025 20:33:32Z'),\n          juju_status=StatusInfo(current='idle', since='01 Dec 2025 20:13:59Z', version='3.6.12'),\n          leader=True,\n          address='10.1.243.150',\n          provider_id='mysql-test-app-0',\n        ),\n      },\n      version='0.0.2',\n      endpoint_bindings={'': 'alpha', 'application-peers': 'alpha', 'database': 'alpha', 'mysql': 'alpha'},\n    ),\n  },\n  offers={\n    'db1': OfferStatus(\n      app='db1',\n      endpoints={\n        'replication-offer': RemoteEndpoint(interface='mysql_async', role='provider'),\n      },\n      charm='local:mysql-k8s-1',\n      total_connected_count=1,\n      active_connected_count=1,\n    ),\n  },\n  storage=CombinedStorage(\n    storage={\n      'database/0': StorageInfo(\n        kind='filesystem',\n        status=EntityStatus(current='attached', since='01 Dec 2025 20:00:05Z'),\n        persistent=False,\n        life='alive',\n        attachments=StorageAttachments(\n          units={\n            'db1/0': UnitStorageAttachment(life='alive'),\n          },\n        ),\n      ),\n      'database/1': StorageInfo(\n        kind='filesystem',\n        status=EntityStatus(current='attached', since='01 Dec 2025 20:00:05Z'),\n        persistent=False,\n        life='alive',\n        attachments=StorageAttachments(\n          units={\n            'db1/1': UnitStorageAttachment(life='alive'),\n          },\n        ),\n      ),\n      'database/2': StorageInfo(\n        kind='filesystem',\n        status=EntityStatus(current='attached', since='01 Dec 2025 20:00:05Z'),\n        persistent=False,\n        life='alive',\n        attachments=StorageAttachments(\n          units={\n            'db1/2': UnitStorageAttachment(life='alive'),\n          },\n        ),\n      ),\n    },\n    filesystems={\n      '0': FilesystemInfo(\n        size=1024,\n        provider_id='40ff88de-8e92-4799-bbc3-4a5d2563a0ba',\n        volume='0',\n        storage='database/0',\n        attachments=FilesystemAttachments(\n          containers={\n            'db1/0': FilesystemAttachment(mount_point='/var/lib/juju/storage/database/0', read_only=False, life='alive'),\n          },\n          units={\n            'db1/0': UnitStorageAttachment(life='alive'),\n          },\n        ),\n        pool='kubernetes',\n        life='alive',\n        status=EntityStatus(current='attached', since='01 Dec 2025 20:00:05Z'),\n      ),\n      '1': FilesystemInfo(\n        size=1024,\n        provider_id='e11888a4-d020-426f-b577-a8e6274590bb',\n        volume='1',\n        storage='database/1',\n        attachments=FilesystemAttachments(\n          containers={\n            'db1/1': FilesystemAttachment(mount_point='/var/lib/juju/storage/database/0', read_only=False, life='alive'),\n          },\n          units={\n            'db1/1': UnitStorageAttachment(life='alive'),\n          },\n        ),\n        pool='kubernetes',\n        life='alive',\n        status=EntityStatus(current='attached', since='01 Dec 2025 20:00:05Z'),\n      ),\n      '2': FilesystemInfo(\n        size=1024,\n        provider_id='33fa9179-6f9b-4ae4-b6bd-1d817c3ce4f1',\n        volume='2',\n        storage='database/2',\n        attachments=FilesystemAttachments(\n          containers={\n            'db1/2': FilesystemAttachment(mount_point='/var/lib/juju/storage/database/0', read_only=False, life='alive'),\n          },\n          units={\n            'db1/2': UnitStorageAttachment(life='alive'),\n          },\n        ),\n        pool='kubernetes',\n        life='alive',\n        status=EntityStatus(current='attached', since='01 Dec 2025 20:00:05Z'),\n      ),\n    },\n    volumes={\n      '0': VolumeInfo(\n        size=1024,\n        persistent=True,\n        provider_id='pvc-40ff88de-8e92-4799-bbc3-4a5d2563a0ba',\n        storage='database/0',\n        attachments=VolumeAttachments(\n          containers={\n            'db1/0': VolumeAttachment(read_only=False, life='alive'),\n          },\n          units={\n            'db1/0': UnitStorageAttachment(life='alive'),\n          },\n        ),\n        pool='kubernetes',\n        life='alive',\n        status=EntityStatus(current='attached', since='01 Dec 2025 19:54:20Z'),\n      ),\n      '1': VolumeInfo(\n        size=1024,\n        persistent=True,\n        provider_id='pvc-e11888a4-d020-426f-b577-a8e6274590bb',\n        storage='database/1',\n        attachments=VolumeAttachments(\n          containers={\n            'db1/1': VolumeAttachment(read_only=False, life='alive'),\n          },\n          units={\n            'db1/1': UnitStorageAttachment(life='alive'),\n          },\n        ),\n        pool='kubernetes',\n        life='alive',\n        status=EntityStatus(current='attached', since='01 Dec 2025 19:54:20Z'),\n      ),\n      '2': VolumeInfo(\n        size=1024,\n        persistent=True,\n        provider_id='pvc-33fa9179-6f9b-4ae4-b6bd-1d817c3ce4f1',\n        storage='database/2',\n        attachments=VolumeAttachments(\n          containers={\n            'db1/2': VolumeAttachment(read_only=False, life='alive'),\n          },\n          units={\n            'db1/2': UnitStorageAttachment(life='alive'),\n          },\n        ),\n        pool='kubernetes',\n        life='alive',\n        status=EntityStatus(current='attached', since='01 Dec 2025 19:54:20Z'),\n      ),\n    },\n  ),\n  controller=ControllerStatus(timestamp='20:35:37Z'),\n)","time":{"start":1764620039963,"stop":1764621338762,"duration":1298799}}]},"tags":["abort_on_fail","@pytest.mark.skipif(False, reason='Requires juju 3+')"]},"source":"ff36e36accb5c799.json","parameterValues":[]}