{"uid":"1ed035a00fa72777","name":"test_labeling_of_k8s_endpoints","fullName":"tests.integration.integration.high_availability.test_replication_unit_endpoints#test_labeling_of_k8s_endpoints","historyId":"88881c8f2210ee7a8585c9ff9fa39ad5","time":{"start":1767664912004,"stop":1767664916522,"duration":4518},"description":"Test the labeling of k8s endpoints when apps with same cluster-name deployed.","descriptionHtml":"<p>Test the labeling of k8s endpoints when apps with same cluster-name deployed.</p>\n","status":"failed","statusMessage":"AssertionError: assert {'10.1.206.82', '10.1.206.84'} == {'10.1.206.82...'10.1.206.84'}\n  Extra items in the right set:\n  '10.1.206.83'\n  Full diff:\n  - {'10.1.206.84', '10.1.206.83', '10.1.206.82'}\n  ?                 ---------------\n  + {'10.1.206.84', '10.1.206.82'}","statusTrace":"Traceback (most recent call last):\n  File \"/root/spread_project/.tox/integration/lib/python3.12/site-packages/_pytest/runner.py\", line 341, in from_call\n    result: Optional[TResult] = func()\n                                ^^^^^^\n  File \"/root/spread_project/.tox/integration/lib/python3.12/site-packages/_pytest/runner.py\", line 262, in <lambda>\n    lambda: ihook(item=item, **kwds), when=when, reraise=reraise\n            ^^^^^^^^^^^^^^^^^^^^^^^^\n  File \"/root/spread_project/.tox/integration/lib/python3.12/site-packages/pluggy/_hooks.py\", line 513, in __call__\n    return self._hookexec(self.name, self._hookimpls.copy(), kwargs, firstresult)\n           ^^^^^^^^^^^^^^^^^^^^^^^^^^^^^^^^^^^^^^^^^^^^^^^^^^^^^^^^^^^^^^^^^^^^^^\n  File \"/root/spread_project/.tox/integration/lib/python3.12/site-packages/pluggy/_manager.py\", line 120, in _hookexec\n    return self._inner_hookexec(hook_name, methods, kwargs, firstresult)\n           ^^^^^^^^^^^^^^^^^^^^^^^^^^^^^^^^^^^^^^^^^^^^^^^^^^^^^^^^^^^^^\n  File \"/root/spread_project/.tox/integration/lib/python3.12/site-packages/pluggy/_callers.py\", line 182, in _multicall\n    return outcome.get_result()\n           ^^^^^^^^^^^^^^^^^^^^\n  File \"/root/spread_project/.tox/integration/lib/python3.12/site-packages/pluggy/_result.py\", line 100, in get_result\n    raise exc.with_traceback(exc.__traceback__)\n  File \"/root/spread_project/.tox/integration/lib/python3.12/site-packages/pluggy/_callers.py\", line 103, in _multicall\n    res = hook_impl.function(*args)\n          ^^^^^^^^^^^^^^^^^^^^^^^^^\n  File \"/root/spread_project/.tox/integration/lib/python3.12/site-packages/_pytest/runner.py\", line 177, in pytest_runtest_call\n    raise e\n  File \"/root/spread_project/.tox/integration/lib/python3.12/site-packages/_pytest/runner.py\", line 169, in pytest_runtest_call\n    item.runtest()\n  File \"/root/spread_project/.tox/integration/lib/python3.12/site-packages/_pytest/python.py\", line 1792, in runtest\n    self.ihook.pytest_pyfunc_call(pyfuncitem=self)\n  File \"/root/spread_project/.tox/integration/lib/python3.12/site-packages/pluggy/_hooks.py\", line 513, in __call__\n    return self._hookexec(self.name, self._hookimpls.copy(), kwargs, firstresult)\n           ^^^^^^^^^^^^^^^^^^^^^^^^^^^^^^^^^^^^^^^^^^^^^^^^^^^^^^^^^^^^^^^^^^^^^^\n  File \"/root/spread_project/.tox/integration/lib/python3.12/site-packages/pluggy/_manager.py\", line 120, in _hookexec\n    return self._inner_hookexec(hook_name, methods, kwargs, firstresult)\n           ^^^^^^^^^^^^^^^^^^^^^^^^^^^^^^^^^^^^^^^^^^^^^^^^^^^^^^^^^^^^^\n  File \"/root/spread_project/.tox/integration/lib/python3.12/site-packages/pluggy/_callers.py\", line 182, in _multicall\n    return outcome.get_result()\n           ^^^^^^^^^^^^^^^^^^^^\n  File \"/root/spread_project/.tox/integration/lib/python3.12/site-packages/pluggy/_result.py\", line 100, in get_result\n    raise exc.with_traceback(exc.__traceback__)\n  File \"/root/spread_project/.tox/integration/lib/python3.12/site-packages/pluggy/_callers.py\", line 103, in _multicall\n    res = hook_impl.function(*args)\n          ^^^^^^^^^^^^^^^^^^^^^^^^^\n  File \"/root/spread_project/.tox/integration/lib/python3.12/site-packages/_pytest/python.py\", line 194, in pytest_pyfunc_call\n    result = testfunction(**testargs)\n             ^^^^^^^^^^^^^^^^^^^^^^^^\n  File \"/root/spread_project/tests/integration/integration/high_availability/test_replication_unit_endpoints.py\", line 116, in test_labeling_of_k8s_endpoints\n    check_endpoint_addresses(juju, MYSQL_APP_NAME_2)\n  File \"/root/spread_project/tests/integration/integration/high_availability/test_replication_unit_endpoints.py\", line 132, in check_endpoint_addresses\n    assert set(cluster_primary_addresses + cluster_replica_addresses) == set(cluster_ips)\nAssertionError: assert {'10.1.206.82', '10.1.206.84'} == {'10.1.206.82...'10.1.206.84'}\n  Extra items in the right set:\n  '10.1.206.83'\n  Full diff:\n  - {'10.1.206.84', '10.1.206.83', '10.1.206.82'}\n  ?                 ---------------\n  + {'10.1.206.84', '10.1.206.82'}","flaky":false,"newFailed":true,"newBroken":false,"newPassed":false,"retriesCount":1,"retriesStatusChange":true,"beforeStages":[{"name":"juju","time":{"start":1767663658147,"stop":1767663658430,"duration":283},"status":"passed","steps":[],"attachments":[],"parameters":[],"shouldDisplayMessage":false,"stepsCount":0,"attachmentsCount":0,"hasContent":false,"attachmentStep":false},{"name":"abort_on_fail","time":{"start":1767664912004,"stop":1767664912004,"duration":0},"status":"passed","steps":[],"attachments":[],"parameters":[],"shouldDisplayMessage":false,"stepsCount":0,"attachmentsCount":0,"hasContent":false,"attachmentStep":false}],"testStage":{"description":"Test the labeling of k8s endpoints when apps with same cluster-name deployed.","status":"failed","statusMessage":"AssertionError: assert {'10.1.206.82', '10.1.206.84'} == {'10.1.206.82...'10.1.206.84'}\n  Extra items in the right set:\n  '10.1.206.83'\n  Full diff:\n  - {'10.1.206.84', '10.1.206.83', '10.1.206.82'}\n  ?                 ---------------\n  + {'10.1.206.84', '10.1.206.82'}","statusTrace":"Traceback (most recent call last):\n  File \"/root/spread_project/.tox/integration/lib/python3.12/site-packages/_pytest/runner.py\", line 341, in from_call\n    result: Optional[TResult] = func()\n                                ^^^^^^\n  File \"/root/spread_project/.tox/integration/lib/python3.12/site-packages/_pytest/runner.py\", line 262, in <lambda>\n    lambda: ihook(item=item, **kwds), when=when, reraise=reraise\n            ^^^^^^^^^^^^^^^^^^^^^^^^\n  File \"/root/spread_project/.tox/integration/lib/python3.12/site-packages/pluggy/_hooks.py\", line 513, in __call__\n    return self._hookexec(self.name, self._hookimpls.copy(), kwargs, firstresult)\n           ^^^^^^^^^^^^^^^^^^^^^^^^^^^^^^^^^^^^^^^^^^^^^^^^^^^^^^^^^^^^^^^^^^^^^^\n  File \"/root/spread_project/.tox/integration/lib/python3.12/site-packages/pluggy/_manager.py\", line 120, in _hookexec\n    return self._inner_hookexec(hook_name, methods, kwargs, firstresult)\n           ^^^^^^^^^^^^^^^^^^^^^^^^^^^^^^^^^^^^^^^^^^^^^^^^^^^^^^^^^^^^^\n  File \"/root/spread_project/.tox/integration/lib/python3.12/site-packages/pluggy/_callers.py\", line 182, in _multicall\n    return outcome.get_result()\n           ^^^^^^^^^^^^^^^^^^^^\n  File \"/root/spread_project/.tox/integration/lib/python3.12/site-packages/pluggy/_result.py\", line 100, in get_result\n    raise exc.with_traceback(exc.__traceback__)\n  File \"/root/spread_project/.tox/integration/lib/python3.12/site-packages/pluggy/_callers.py\", line 103, in _multicall\n    res = hook_impl.function(*args)\n          ^^^^^^^^^^^^^^^^^^^^^^^^^\n  File \"/root/spread_project/.tox/integration/lib/python3.12/site-packages/_pytest/runner.py\", line 177, in pytest_runtest_call\n    raise e\n  File \"/root/spread_project/.tox/integration/lib/python3.12/site-packages/_pytest/runner.py\", line 169, in pytest_runtest_call\n    item.runtest()\n  File \"/root/spread_project/.tox/integration/lib/python3.12/site-packages/_pytest/python.py\", line 1792, in runtest\n    self.ihook.pytest_pyfunc_call(pyfuncitem=self)\n  File \"/root/spread_project/.tox/integration/lib/python3.12/site-packages/pluggy/_hooks.py\", line 513, in __call__\n    return self._hookexec(self.name, self._hookimpls.copy(), kwargs, firstresult)\n           ^^^^^^^^^^^^^^^^^^^^^^^^^^^^^^^^^^^^^^^^^^^^^^^^^^^^^^^^^^^^^^^^^^^^^^\n  File \"/root/spread_project/.tox/integration/lib/python3.12/site-packages/pluggy/_manager.py\", line 120, in _hookexec\n    return self._inner_hookexec(hook_name, methods, kwargs, firstresult)\n           ^^^^^^^^^^^^^^^^^^^^^^^^^^^^^^^^^^^^^^^^^^^^^^^^^^^^^^^^^^^^^\n  File \"/root/spread_project/.tox/integration/lib/python3.12/site-packages/pluggy/_callers.py\", line 182, in _multicall\n    return outcome.get_result()\n           ^^^^^^^^^^^^^^^^^^^^\n  File \"/root/spread_project/.tox/integration/lib/python3.12/site-packages/pluggy/_result.py\", line 100, in get_result\n    raise exc.with_traceback(exc.__traceback__)\n  File \"/root/spread_project/.tox/integration/lib/python3.12/site-packages/pluggy/_callers.py\", line 103, in _multicall\n    res = hook_impl.function(*args)\n          ^^^^^^^^^^^^^^^^^^^^^^^^^\n  File \"/root/spread_project/.tox/integration/lib/python3.12/site-packages/_pytest/python.py\", line 194, in pytest_pyfunc_call\n    result = testfunction(**testargs)\n             ^^^^^^^^^^^^^^^^^^^^^^^^\n  File \"/root/spread_project/tests/integration/integration/high_availability/test_replication_unit_endpoints.py\", line 116, in test_labeling_of_k8s_endpoints\n    check_endpoint_addresses(juju, MYSQL_APP_NAME_2)\n  File \"/root/spread_project/tests/integration/integration/high_availability/test_replication_unit_endpoints.py\", line 132, in check_endpoint_addresses\n    assert set(cluster_primary_addresses + cluster_replica_addresses) == set(cluster_ips)\nAssertionError: assert {'10.1.206.82', '10.1.206.84'} == {'10.1.206.82...'10.1.206.84'}\n  Extra items in the right set:\n  '10.1.206.83'\n  Full diff:\n  - {'10.1.206.84', '10.1.206.83', '10.1.206.82'}\n  ?                 ---------------\n  + {'10.1.206.84', '10.1.206.82'}","steps":[],"attachments":[{"uid":"62a6c91e9fbbf3","name":"log","source":"62a6c91e9fbbf3.txt","type":"text/plain","size":1531}],"parameters":[],"shouldDisplayMessage":true,"stepsCount":0,"attachmentsCount":1,"hasContent":true,"attachmentStep":false},"afterStages":[{"name":"abort_on_fail::0","time":{"start":1767664916524,"stop":1767664916524,"duration":0},"status":"passed","steps":[],"attachments":[],"parameters":[],"shouldDisplayMessage":false,"stepsCount":0,"attachmentsCount":0,"hasContent":false,"attachmentStep":false},{"name":"juju::0","time":{"start":1767664916525,"stop":1767664916983,"duration":458},"status":"passed","steps":[],"attachments":[],"parameters":[],"shouldDisplayMessage":false,"stepsCount":0,"attachmentsCount":0,"hasContent":false,"attachmentStep":false}],"labels":[{"name":"tag","value":"abort_on_fail"},{"name":"parentSuite","value":"tests.integration.integration.high_availability"},{"name":"suite","value":"test_replication_unit_endpoints"},{"name":"host","value":"runnervmh13bl"},{"name":"thread","value":"17955-MainThread"},{"name":"framework","value":"pytest"},{"name":"language","value":"cpython3"},{"name":"package","value":"tests.integration.integration.high_availability.test_replication_unit_endpoints"},{"name":"resultFormat","value":"allure2"}],"parameters":[],"links":[],"hidden":false,"retry":false,"extra":{"severity":"normal","retries":[{"uid":"e8705be89b7412","status":"unknown","time":{}}],"categories":[{"name":"Product defects","matchedStatuses":[]}],"history":{"statistic":{"failed":2,"broken":6,"skipped":0,"passed":21,"unknown":1,"total":30},"items":[{"uid":"f84d0ccd06c83933","reportUrl":"../54//#testresult/f84d0ccd06c83933","status":"broken","statusDetails":"TypeError: 'NoneType' object is not iterable","time":{"start":1767578585073,"stop":1767578589799,"duration":4726}},{"uid":"75b9c5bff3e34396","reportUrl":"../53//#testresult/75b9c5bff3e34396","status":"passed","time":{"start":1767493330840,"stop":1767493332977,"duration":2137}},{"uid":"a2e036ece6f4e52c","reportUrl":"../52//#testresult/a2e036ece6f4e52c","status":"passed","time":{"start":1767404701486,"stop":1767404707009,"duration":5523}},{"uid":"4587c1e113e9379d","reportUrl":"../51//#testresult/4587c1e113e9379d","status":"passed","time":{"start":1767318769286,"stop":1767318771682,"duration":2396}},{"uid":"ac20f829addb853c","reportUrl":"../50//#testresult/ac20f829addb853c","status":"passed","time":{"start":1767232161999,"stop":1767232166036,"duration":4037}},{"uid":"ab3694e888439fd6","reportUrl":"../49//#testresult/ab3694e888439fd6","status":"passed","time":{"start":1767145741228,"stop":1767145744507,"duration":3279}},{"uid":"5fcd89f4891228e1","reportUrl":"../48//#testresult/5fcd89f4891228e1","status":"passed","time":{"start":1767059446408,"stop":1767059451325,"duration":4917}},{"uid":"ca48f29b974039aa","reportUrl":"../47//#testresult/ca48f29b974039aa","status":"broken","statusDetails":"lightkube.core.exceptions.ApiError: endpoints \"mysql-k8s2-primary\" not found","time":{"start":1766973036581,"stop":1766973041804,"duration":5223}},{"uid":"d674de5bbeb6b6c3","reportUrl":"../46//#testresult/d674de5bbeb6b6c3","status":"broken","statusDetails":"lightkube.core.exceptions.ApiError: endpoints \"mysql-k8s2-primary\" not found","time":{"start":1766886495192,"stop":1766886500562,"duration":5370}},{"uid":"6947b6e92e63be28","reportUrl":"../45//#testresult/6947b6e92e63be28","status":"unknown","time":{}},{"uid":"19c042e795cc5f27","reportUrl":"../44//#testresult/19c042e795cc5f27","status":"broken","statusDetails":"lightkube.core.exceptions.ApiError: endpoints \"mysql-k8s2-primary\" not found","time":{"start":1766713519537,"stop":1766713524417,"duration":4880}},{"uid":"2687e15d8c66af12","reportUrl":"../43//#testresult/2687e15d8c66af12","status":"passed","time":{"start":1766627511071,"stop":1766627513667,"duration":2596}},{"uid":"300efa727a993301","reportUrl":"../42//#testresult/300efa727a993301","status":"passed","time":{"start":1766540899238,"stop":1766540902137,"duration":2899}},{"uid":"cd2e0b8b40e44644","reportUrl":"../41//#testresult/cd2e0b8b40e44644","status":"broken","statusDetails":"lightkube.core.exceptions.ApiError: endpoints \"mysql-k8s2-primary\" not found","time":{"start":1766454272673,"stop":1766454277291,"duration":4618}},{"uid":"5399e486bc502a14","reportUrl":"../40//#testresult/5399e486bc502a14","status":"broken","statusDetails":"lightkube.core.exceptions.ApiError: endpoints \"mysql-k8s2-primary\" not found","time":{"start":1766368223367,"stop":1766368225444,"duration":2077}},{"uid":"443a1c5a60aa5a7a","reportUrl":"../39//#testresult/443a1c5a60aa5a7a","status":"passed","time":{"start":1766281790617,"stop":1766281793832,"duration":3215}},{"uid":"2628e7401637675e","reportUrl":"../38//#testresult/2628e7401637675e","status":"passed","time":{"start":1766195207268,"stop":1766195212921,"duration":5653}},{"uid":"e89871be2732f66","reportUrl":"../37//#testresult/e89871be2732f66","status":"passed","time":{"start":1766110302467,"stop":1766110305446,"duration":2979}},{"uid":"ecefa26ca004bbc6","reportUrl":"../36//#testresult/ecefa26ca004bbc6","status":"passed","time":{"start":1766023001341,"stop":1766023004550,"duration":3209}},{"uid":"4ea811ba6b8005dd","reportUrl":"../35//#testresult/4ea811ba6b8005dd","status":"passed","time":{"start":1765936862717,"stop":1765936865659,"duration":2942}}]},"tags":["abort_on_fail"]},"source":"1ed035a00fa72777.json","parameterValues":[]}