[32mINFO    [0m integration.test_charm:test_charm.py:341 Checking that max_connections is set to 100 on mysql-k8s/0
[32mINFO    [0m integration.test_charm:test_charm.py:341 Checking that innodb_buffer_pool_size is set to 20971520 on mysql-k8s/0
[32mINFO    [0m integration.test_charm:test_charm.py:341 Checking that innodb_buffer_pool_chunk_size is set to 1048576 on mysql-k8s/0
[32mINFO    [0m integration.test_charm:test_charm.py:341 Checking that group_replication_message_cache_size is set to 134217728 on mysql-k8s/0
[32mINFO    [0m integration.test_charm:test_charm.py:341 Checking that max_connections is set to 100 on mysql-k8s/1
[32mINFO    [0m integration.test_charm:test_charm.py:341 Checking that innodb_buffer_pool_size is set to 20971520 on mysql-k8s/1
[32mINFO    [0m integration.test_charm:test_charm.py:341 Checking that innodb_buffer_pool_chunk_size is set to 1048576 on mysql-k8s/1
[32mINFO    [0m integration.test_charm:test_charm.py:341 Checking that group_replication_message_cache_size is set to 134217728 on mysql-k8s/1
[32mINFO    [0m integration.test_charm:test_charm.py:341 Checking that max_connections is set to 100 on mysql-k8s/2
[32mINFO    [0m integration.test_charm:test_charm.py:341 Checking that innodb_buffer_pool_size is set to 20971520 on mysql-k8s/2
[32mINFO    [0m integration.test_charm:test_charm.py:341 Checking that innodb_buffer_pool_chunk_size is set to 1048576 on mysql-k8s/2
[32mINFO    [0m integration.test_charm:test_charm.py:341 Checking that group_replication_message_cache_size is set to 134217728 on mysql-k8s/2
[32mINFO    [0m pytest_operator.plugin:plugin.py:790 Model status:

Model    Controller          Cloud/Region        Version  SLA          Timestamp
testing  concierge-microk8s  microk8s/localhost  3.6.5    unsupported  01:40:53Z

App        Version  Status  Scale  Charm      Channel  Rev  Address         Exposed  Message
mysql-k8s           active      3  mysql-k8s             0  10.152.183.155  no       

Unit          Workload  Agent  Address      Ports  Message
mysql-k8s/0   active    idle   10.1.96.148         
mysql-k8s/1*  active    idle   10.1.96.149         Primary
mysql-k8s/2   active    idle   10.1.96.150         

[32mINFO    [0m pytest_operator.plugin:plugin.py:796 Juju error logs:

unit-mysql-k8s-1: 01:30:19 ERROR unit.mysql-k8s/1.juju-log upgrade:0: get_unit_address: unit DNS domain name is not fully propagated yet, trying again
unit-mysql-k8s-1: 01:30:21 ERROR unit.mysql-k8s/1.juju-log upgrade:0: get_unit_address: unit DNS domain name is not fully propagated yet, trying again
unit-mysql-k8s-1: 01:30:23 ERROR unit.mysql-k8s/1.juju-log upgrade:0: get_unit_address: unit DNS domain name is not fully propagated yet, trying again
unit-mysql-k8s-3: 01:32:31 ERROR unit.mysql-k8s/3.juju-log database-peers:2: get_unit_address: unit DNS domain name is not fully propagated yet, trying again
unit-mysql-k8s-3: 01:32:33 ERROR unit.mysql-k8s/3.juju-log database-peers:2: get_unit_address: unit DNS domain name is not fully propagated yet, trying again
unit-mysql-k8s-2: 01:32:35 ERROR unit.mysql-k8s/2.juju-log get_unit_address: unit DNS domain name is not fully propagated yet, trying again
unit-mysql-k8s-3: 01:32:35 ERROR unit.mysql-k8s/3.juju-log database-peers:2: get_unit_address: unit DNS domain name is not fully propagated yet, trying again
unit-mysql-k8s-0: 01:32:36 ERROR unit.mysql-k8s/0.juju-log get_unit_address: unit DNS domain name is not fully propagated yet, trying again
unit-mysql-k8s-2: 01:32:37 ERROR unit.mysql-k8s/2.juju-log get_unit_address: unit DNS domain name is not fully propagated yet, trying again
unit-mysql-k8s-3: 01:32:37 ERROR unit.mysql-k8s/3.juju-log database-peers:2: get_unit_address: unit DNS domain name is not fully propagated yet, trying again
unit-mysql-k8s-0: 01:32:38 ERROR unit.mysql-k8s/0.juju-log get_unit_address: unit DNS domain name is not fully propagated yet, trying again
unit-mysql-k8s-2: 01:32:39 ERROR unit.mysql-k8s/2.juju-log get_unit_address: unit DNS domain name is not fully propagated yet, trying again
unit-mysql-k8s-3: 01:32:39 ERROR unit.mysql-k8s/3.juju-log database-peers:2: get_unit_address: unit DNS domain name is not fully propagated yet, trying again
unit-mysql-k8s-0: 01:32:40 ERROR unit.mysql-k8s/0.juju-log get_unit_address: unit DNS domain name is not fully propagated yet, trying again
unit-mysql-k8s-2: 01:32:41 ERROR unit.mysql-k8s/2.juju-log get_unit_address: unit DNS domain name is not fully propagated yet, trying again
unit-mysql-k8s-3: 01:32:41 ERROR unit.mysql-k8s/3.juju-log database-peers:2: get_unit_address: unit DNS domain name is not fully propagated yet, trying again
unit-mysql-k8s-4: 01:33:06 ERROR unit.mysql-k8s/4.juju-log upgrade:0: get_unit_address: unit DNS domain name is not fully propagated yet, trying again
unit-mysql-k8s-4: 01:33:08 ERROR unit.mysql-k8s/4.juju-log upgrade:0: get_unit_address: unit DNS domain name is not fully propagated yet, trying again
unit-mysql-k8s-3: 01:33:10 ERROR unit.mysql-k8s/3.juju-log upgrade:0: get_unit_address: unit DNS domain name is not fully propagated yet, trying again
unit-mysql-k8s-4: 01:33:10 ERROR unit.mysql-k8s/4.juju-log upgrade:0: get_unit_address: unit DNS domain name is not fully propagated yet, trying again
unit-mysql-k8s-3: 01:33:24 ERROR unit.mysql-k8s/3.juju-log upgrade:0: get_unit_address: unit DNS domain name is not fully propagated yet, trying again
unit-mysql-k8s-3: 01:33:26 ERROR unit.mysql-k8s/3.juju-log upgrade:0: get_unit_address: unit DNS domain name is not fully propagated yet, trying again
unit-mysql-k8s-3: 01:33:28 ERROR unit.mysql-k8s/3.juju-log upgrade:0: get_unit_address: unit DNS domain name is not fully propagated yet, trying again
unit-mysql-k8s-3: 01:33:41 ERROR unit.mysql-k8s/3.juju-log upgrade:0: get_unit_address: unit DNS domain name is not fully propagated yet, trying again
unit-mysql-k8s-3: 01:33:43 ERROR unit.mysql-k8s/3.juju-log upgrade:0: get_unit_address: unit DNS domain name is not fully propagated yet, trying again
unit-mysql-k8s-3: 01:33:45 ERROR unit.mysql-k8s/3.juju-log upgrade:0: get_unit_address: unit DNS domain name is not fully propagated yet, trying again
unit-mysql-k8s-4: 01:34:08 ERROR unit.mysql-k8s/4.juju-log Failed to execute mysql-shell command
Traceback (most recent call last):
  File "/var/lib/juju/agents/unit-mysql-k8s-4/charm/src/mysql_k8s_helpers.py", line 723, in _run_mysqlsh_script
    stdout, _ = process.wait_output()
  File "/var/lib/juju/agents/unit-mysql-k8s-4/charm/venv/lib/python3.10/site-packages/ops/pebble.py", line 1771, in wait_output
    raise ExecError[AnyStr](self._command, exit_code, out_value, err_value)
ops.pebble.ExecError: non-zero exit code 1 executing ['/usr/bin/mysqlsh', '--passwords-from-stdin', '--uri=serverconfig@mysql-k8s-1.mysql-k8s-endpoints.testing.svc.cluster.local:33062', '--python', '--verbose=0', '-c', 'shell.options.set(\'useWizards\', False)\nprint(\'###\')\nsession.run_sql("UPDATE mysql.juju_units_operations SET executor=\'mysql-k8s-4\', status=\'in-progress\' WHERE task=\'unit-teardown\' AND executor=\'\';")\nacquired_lock = session.run_sql("SELECT count(*) FROM mysql.juju_units_operations WHERE task=\'unit-teardown\' AND executor=\'mysql-k8s-4\';").fetch_one()[0]\nprint(f\'<ACQUIRED_LOCK>{acquired_lock}</ACQUIRED_LOCK>\')'], stdout="\x1b[1mPlease provide the password for 'serverconfig@mysql-k8s-1.mysql-k8s-endpoints.testing.svc.cluster.local:33062': \x1b[0m###\n", stderr='Cannot set LC_ALL to locale en_US.UTF-8: No such file or directory\nTraceback (most recent call last):\n  File "<string>", line 3, in <module>\nmysqlsh.DBError: MySQL Error (1290): ClassicSession.run_sql: The MySQL server is running with the --super-read-only option so it cannot execute this statement\n'

[32mINFO    [0m pytest_operator.plugin:plugin.py:862 Forgetting main...