{"uid":"2b6181f03379db7f","name":"test_build_and_deploy","fullName":"tests.integration.relations.test_database#test_build_and_deploy","historyId":"bdfc2af63e333d3ba27ec17869a51075","time":{"start":1711934867783,"stop":1711934883222,"duration":15439},"description":"Build the charm and deploy 3 units to ensure a cluster is formed.","descriptionHtml":"<p>Build the charm and deploy 3 units to ensure a cluster is formed.</p>\n","status":"broken","statusMessage":"juju.errors.JujuUnitError: Unit in error: mysql-test-app/1","statusTrace":"Traceback (most recent call last):\n  File \"/home/runner/work/mysql-k8s-operator/mysql-k8s-operator/.tox/integration/lib/python3.10/site-packages/_pytest/runner.py\", line 341, in from_call\n    result: Optional[TResult] = func()\n  File \"/home/runner/work/mysql-k8s-operator/mysql-k8s-operator/.tox/integration/lib/python3.10/site-packages/_pytest/runner.py\", line 262, in <lambda>\n    lambda: ihook(item=item, **kwds), when=when, reraise=reraise\n  File \"/home/runner/work/mysql-k8s-operator/mysql-k8s-operator/.tox/integration/lib/python3.10/site-packages/pluggy/_hooks.py\", line 433, in __call__\n    return self._hookexec(self.name, self._hookimpls, kwargs, firstresult)\n  File \"/home/runner/work/mysql-k8s-operator/mysql-k8s-operator/.tox/integration/lib/python3.10/site-packages/pluggy/_manager.py\", line 112, in _hookexec\n    return self._inner_hookexec(hook_name, methods, kwargs, firstresult)\n  File \"/home/runner/work/mysql-k8s-operator/mysql-k8s-operator/.tox/integration/lib/python3.10/site-packages/pluggy/_callers.py\", line 155, in _multicall\n    return outcome.get_result()\n  File \"/home/runner/work/mysql-k8s-operator/mysql-k8s-operator/.tox/integration/lib/python3.10/site-packages/pluggy/_result.py\", line 108, in get_result\n    raise exc.with_traceback(exc.__traceback__)\n  File \"/home/runner/work/mysql-k8s-operator/mysql-k8s-operator/.tox/integration/lib/python3.10/site-packages/pluggy/_callers.py\", line 80, in _multicall\n    res = hook_impl.function(*args)\n  File \"/home/runner/work/mysql-k8s-operator/mysql-k8s-operator/.tox/integration/lib/python3.10/site-packages/_pytest/runner.py\", line 177, in pytest_runtest_call\n    raise e\n  File \"/home/runner/work/mysql-k8s-operator/mysql-k8s-operator/.tox/integration/lib/python3.10/site-packages/_pytest/runner.py\", line 169, in pytest_runtest_call\n    item.runtest()\n  File \"/home/runner/work/mysql-k8s-operator/mysql-k8s-operator/.tox/integration/lib/python3.10/site-packages/_pytest/python.py\", line 1792, in runtest\n    self.ihook.pytest_pyfunc_call(pyfuncitem=self)\n  File \"/home/runner/work/mysql-k8s-operator/mysql-k8s-operator/.tox/integration/lib/python3.10/site-packages/pluggy/_hooks.py\", line 433, in __call__\n    return self._hookexec(self.name, self._hookimpls, kwargs, firstresult)\n  File \"/home/runner/work/mysql-k8s-operator/mysql-k8s-operator/.tox/integration/lib/python3.10/site-packages/pluggy/_manager.py\", line 112, in _hookexec\n    return self._inner_hookexec(hook_name, methods, kwargs, firstresult)\n  File \"/home/runner/work/mysql-k8s-operator/mysql-k8s-operator/.tox/integration/lib/python3.10/site-packages/pluggy/_callers.py\", line 155, in _multicall\n    return outcome.get_result()\n  File \"/home/runner/work/mysql-k8s-operator/mysql-k8s-operator/.tox/integration/lib/python3.10/site-packages/pluggy/_result.py\", line 108, in get_result\n    raise exc.with_traceback(exc.__traceback__)\n  File \"/home/runner/work/mysql-k8s-operator/mysql-k8s-operator/.tox/integration/lib/python3.10/site-packages/pluggy/_callers.py\", line 80, in _multicall\n    res = hook_impl.function(*args)\n  File \"/home/runner/work/mysql-k8s-operator/mysql-k8s-operator/.tox/integration/lib/python3.10/site-packages/_pytest/python.py\", line 194, in pytest_pyfunc_call\n    result = testfunction(**testargs)\n  File \"/home/runner/work/mysql-k8s-operator/mysql-k8s-operator/.tox/integration/lib/python3.10/site-packages/pytest_asyncio/plugin.py\", line 532, in inner\n    _loop.run_until_complete(task)\n  File \"/usr/lib/python3.10/asyncio/base_events.py\", line 649, in run_until_complete\n    return future.result()\n  File \"/home/runner/work/mysql-k8s-operator/mysql-k8s-operator/tests/integration/relations/test_database.py\", line 68, in test_build_and_deploy\n    await asyncio.gather(\n  File \"/home/runner/work/mysql-k8s-operator/mysql-k8s-operator/.tox/integration/lib/python3.10/site-packages/juju/model.py\", line 2751, in wait_for_idle\n    _raise_for_status(errors, \"error\")\n  File \"/home/runner/work/mysql-k8s-operator/mysql-k8s-operator/.tox/integration/lib/python3.10/site-packages/juju/model.py\", line 2657, in _raise_for_status\n    raise error_type(\"{}{} in {}: {}\".format(\njuju.errors.JujuUnitError: Unit in error: mysql-test-app/1","flaky":false,"newFailed":false,"newBroken":true,"newPassed":false,"retriesCount":0,"retriesStatusChange":false,"beforeStages":[{"name":"event_loop","time":{"start":1711934867554,"stop":1711934867554,"duration":0},"status":"passed","steps":[],"attachments":[],"parameters":[],"stepsCount":0,"shouldDisplayMessage":false,"attachmentsCount":0,"hasContent":false,"attachmentStep":false},{"name":"ops_test","time":{"start":1711934867554,"stop":1711934867783,"duration":229},"status":"passed","steps":[],"attachments":[],"parameters":[],"stepsCount":0,"shouldDisplayMessage":false,"attachmentsCount":0,"hasContent":false,"attachmentStep":false},{"name":"tmp_path_factory","time":{"start":1711934867554,"stop":1711934867554,"duration":0},"status":"passed","steps":[],"attachments":[],"parameters":[],"stepsCount":0,"shouldDisplayMessage":false,"attachmentsCount":0,"hasContent":false,"attachmentStep":false},{"name":"abort_on_fail","time":{"start":1711934867783,"stop":1711934867783,"duration":0},"status":"passed","steps":[],"attachments":[],"parameters":[],"stepsCount":0,"shouldDisplayMessage":false,"attachmentsCount":0,"hasContent":false,"attachmentStep":false}],"testStage":{"description":"Build the charm and deploy 3 units to ensure a cluster is formed.","status":"broken","statusMessage":"juju.errors.JujuUnitError: Unit in error: mysql-test-app/1","statusTrace":"Traceback (most recent call last):\n  File \"/home/runner/work/mysql-k8s-operator/mysql-k8s-operator/.tox/integration/lib/python3.10/site-packages/_pytest/runner.py\", line 341, in from_call\n    result: Optional[TResult] = func()\n  File \"/home/runner/work/mysql-k8s-operator/mysql-k8s-operator/.tox/integration/lib/python3.10/site-packages/_pytest/runner.py\", line 262, in <lambda>\n    lambda: ihook(item=item, **kwds), when=when, reraise=reraise\n  File \"/home/runner/work/mysql-k8s-operator/mysql-k8s-operator/.tox/integration/lib/python3.10/site-packages/pluggy/_hooks.py\", line 433, in __call__\n    return self._hookexec(self.name, self._hookimpls, kwargs, firstresult)\n  File \"/home/runner/work/mysql-k8s-operator/mysql-k8s-operator/.tox/integration/lib/python3.10/site-packages/pluggy/_manager.py\", line 112, in _hookexec\n    return self._inner_hookexec(hook_name, methods, kwargs, firstresult)\n  File \"/home/runner/work/mysql-k8s-operator/mysql-k8s-operator/.tox/integration/lib/python3.10/site-packages/pluggy/_callers.py\", line 155, in _multicall\n    return outcome.get_result()\n  File \"/home/runner/work/mysql-k8s-operator/mysql-k8s-operator/.tox/integration/lib/python3.10/site-packages/pluggy/_result.py\", line 108, in get_result\n    raise exc.with_traceback(exc.__traceback__)\n  File \"/home/runner/work/mysql-k8s-operator/mysql-k8s-operator/.tox/integration/lib/python3.10/site-packages/pluggy/_callers.py\", line 80, in _multicall\n    res = hook_impl.function(*args)\n  File \"/home/runner/work/mysql-k8s-operator/mysql-k8s-operator/.tox/integration/lib/python3.10/site-packages/_pytest/runner.py\", line 177, in pytest_runtest_call\n    raise e\n  File \"/home/runner/work/mysql-k8s-operator/mysql-k8s-operator/.tox/integration/lib/python3.10/site-packages/_pytest/runner.py\", line 169, in pytest_runtest_call\n    item.runtest()\n  File \"/home/runner/work/mysql-k8s-operator/mysql-k8s-operator/.tox/integration/lib/python3.10/site-packages/_pytest/python.py\", line 1792, in runtest\n    self.ihook.pytest_pyfunc_call(pyfuncitem=self)\n  File \"/home/runner/work/mysql-k8s-operator/mysql-k8s-operator/.tox/integration/lib/python3.10/site-packages/pluggy/_hooks.py\", line 433, in __call__\n    return self._hookexec(self.name, self._hookimpls, kwargs, firstresult)\n  File \"/home/runner/work/mysql-k8s-operator/mysql-k8s-operator/.tox/integration/lib/python3.10/site-packages/pluggy/_manager.py\", line 112, in _hookexec\n    return self._inner_hookexec(hook_name, methods, kwargs, firstresult)\n  File \"/home/runner/work/mysql-k8s-operator/mysql-k8s-operator/.tox/integration/lib/python3.10/site-packages/pluggy/_callers.py\", line 155, in _multicall\n    return outcome.get_result()\n  File \"/home/runner/work/mysql-k8s-operator/mysql-k8s-operator/.tox/integration/lib/python3.10/site-packages/pluggy/_result.py\", line 108, in get_result\n    raise exc.with_traceback(exc.__traceback__)\n  File \"/home/runner/work/mysql-k8s-operator/mysql-k8s-operator/.tox/integration/lib/python3.10/site-packages/pluggy/_callers.py\", line 80, in _multicall\n    res = hook_impl.function(*args)\n  File \"/home/runner/work/mysql-k8s-operator/mysql-k8s-operator/.tox/integration/lib/python3.10/site-packages/_pytest/python.py\", line 194, in pytest_pyfunc_call\n    result = testfunction(**testargs)\n  File \"/home/runner/work/mysql-k8s-operator/mysql-k8s-operator/.tox/integration/lib/python3.10/site-packages/pytest_asyncio/plugin.py\", line 532, in inner\n    _loop.run_until_complete(task)\n  File \"/usr/lib/python3.10/asyncio/base_events.py\", line 649, in run_until_complete\n    return future.result()\n  File \"/home/runner/work/mysql-k8s-operator/mysql-k8s-operator/tests/integration/relations/test_database.py\", line 68, in test_build_and_deploy\n    await asyncio.gather(\n  File \"/home/runner/work/mysql-k8s-operator/mysql-k8s-operator/.tox/integration/lib/python3.10/site-packages/juju/model.py\", line 2751, in wait_for_idle\n    _raise_for_status(errors, \"error\")\n  File \"/home/runner/work/mysql-k8s-operator/mysql-k8s-operator/.tox/integration/lib/python3.10/site-packages/juju/model.py\", line 2657, in _raise_for_status\n    raise error_type(\"{}{} in {}: {}\".format(\njuju.errors.JujuUnitError: Unit in error: mysql-test-app/1","steps":[],"attachments":[{"uid":"a7276821163b30d2","name":"log","source":"a7276821163b30d2.txt","type":"text/plain","size":690}],"parameters":[],"stepsCount":0,"shouldDisplayMessage":true,"attachmentsCount":1,"hasContent":true,"attachmentStep":false},"afterStages":[{"name":"abort_on_fail::0","time":{"start":1711934883225,"stop":1711934883225,"duration":0},"status":"passed","steps":[],"attachments":[],"parameters":[],"stepsCount":0,"shouldDisplayMessage":false,"attachmentsCount":0,"hasContent":false,"attachmentStep":false},{"name":"ops_test::finalizer","time":{"start":1711934883231,"stop":1711934887764,"duration":4533},"status":"passed","steps":[],"attachments":[],"parameters":[],"stepsCount":0,"shouldDisplayMessage":false,"attachmentsCount":0,"hasContent":false,"attachmentStep":false},{"name":"event_loop::2","time":{"start":1711934887764,"stop":1711934887764,"duration":0},"status":"passed","steps":[],"attachments":[],"parameters":[],"stepsCount":0,"shouldDisplayMessage":false,"attachmentsCount":0,"hasContent":false,"attachmentStep":false},{"name":"event_loop::_close_event_loop","time":{"start":1711934887764,"stop":1711934887764,"duration":0},"status":"passed","steps":[],"attachments":[],"parameters":[],"stepsCount":0,"shouldDisplayMessage":false,"attachmentsCount":0,"hasContent":false,"attachmentStep":false},{"name":"event_loop::_provide_clean_event_loop","time":{"start":1711934887764,"stop":1711934887765,"duration":1},"status":"passed","steps":[],"attachments":[],"parameters":[],"stepsCount":0,"shouldDisplayMessage":false,"attachmentsCount":0,"hasContent":false,"attachmentStep":false}],"labels":[{"name":"tag","value":"skip_if_deployed"},{"name":"tag","value":"abort_on_fail"},{"name":"tag","value":"group(1)"},{"name":"tag","value":"asyncio"},{"name":"parentSuite","value":"tests.integration.relations"},{"name":"suite","value":"test_database"},{"name":"host","value":"fv-az1055-61"},{"name":"thread","value":"12471-MainThread"},{"name":"framework","value":"pytest"},{"name":"language","value":"cpython3"},{"name":"package","value":"tests.integration.relations.test_database"},{"name":"resultFormat","value":"allure2"}],"parameters":[],"links":[],"hidden":false,"retry":false,"extra":{"severity":"normal","retries":[],"categories":[{"name":"Test defects","matchedStatuses":[],"flaky":false}],"history":{"statistic":{"failed":0,"broken":7,"skipped":0,"passed":52,"unknown":0,"total":59},"items":[{"uid":"80aee776f6879591","reportUrl":"../1770//#testresult/80aee776f6879591","status":"passed","time":{"start":1711848485066,"stop":1711848616883,"duration":131817}},{"uid":"dc62db5ddf20ca39","reportUrl":"../1769//#testresult/dc62db5ddf20ca39","status":"broken","statusDetails":"juju.errors.JujuAppError: App in error: mysql-k8s","time":{"start":1711761976989,"stop":1711762000948,"duration":23959}},{"uid":"5c3b613e02cc3475","reportUrl":"../1767//#testresult/5c3b613e02cc3475","status":"broken","statusDetails":"juju.errors.JujuAppError: App in error: mysql-k8s","time":{"start":1711675657102,"stop":1711675684772,"duration":27670}},{"uid":"4aa5d2823abb14f0","reportUrl":"../1763//#testresult/4aa5d2823abb14f0","status":"broken","statusDetails":"juju.errors.JujuAppError: App in error: mysql-k8s","time":{"start":1711589282862,"stop":1711589306033,"duration":23171}},{"uid":"af0eb44ea04c9832","reportUrl":"../1759//#testresult/af0eb44ea04c9832","status":"passed","time":{"start":1711502829677,"stop":1711502956919,"duration":127242}},{"uid":"ff2fd237d2320687","reportUrl":"../1756//#testresult/ff2fd237d2320687","status":"passed","time":{"start":1711416435182,"stop":1711416559269,"duration":124087}},{"uid":"2d846a8444c1d17e","reportUrl":"../1750//#testresult/2d846a8444c1d17e","status":"passed","time":{"start":1711330104929,"stop":1711330224306,"duration":119377}},{"uid":"561409279317e162","reportUrl":"../1749//#testresult/561409279317e162","status":"passed","time":{"start":1711243643726,"stop":1711243764616,"duration":120890}},{"uid":"52cf3605fb871c13","reportUrl":"../1748//#testresult/52cf3605fb871c13","status":"broken","statusDetails":"juju.errors.JujuAppError: App in error: mysql-k8s","time":{"start":1711157197373,"stop":1711157220165,"duration":22792}},{"uid":"527fbc196f2b41d6","reportUrl":"../1745//#testresult/527fbc196f2b41d6","status":"passed","time":{"start":1711070837444,"stop":1711070958854,"duration":121410}},{"uid":"3075493c751ff534","reportUrl":"../1740//#testresult/3075493c751ff534","status":"passed","time":{"start":1710984431136,"stop":1710984556949,"duration":125813}},{"uid":"2021c466fc905b11","reportUrl":"../1736//#testresult/2021c466fc905b11","status":"passed","time":{"start":1710898050127,"stop":1710898170763,"duration":120636}},{"uid":"176ce0d8a27f1289","reportUrl":"../1730//#testresult/176ce0d8a27f1289","status":"passed","time":{"start":1710811608616,"stop":1710811729934,"duration":121318}},{"uid":"871b277d6475e5f0","reportUrl":"../1725//#testresult/871b277d6475e5f0","status":"passed","time":{"start":1710725253060,"stop":1710725378232,"duration":125172}},{"uid":"b0d493ecba00b5e","reportUrl":"../1724//#testresult/b0d493ecba00b5e","status":"passed","time":{"start":1710638887353,"stop":1710639016947,"duration":129594}},{"uid":"74adffe2376a6a2a","reportUrl":"../1723//#testresult/74adffe2376a6a2a","status":"passed","time":{"start":1710552359420,"stop":1710552496713,"duration":137293}},{"uid":"8686fe32ac21ca75","reportUrl":"../1720//#testresult/8686fe32ac21ca75","status":"passed","time":{"start":1710466029477,"stop":1710466156677,"duration":127200}},{"uid":"8a7ed40231f4255","reportUrl":"../1714//#testresult/8a7ed40231f4255","status":"passed","time":{"start":1710379622246,"stop":1710379756650,"duration":134404}},{"uid":"a0206a7e51e794f5","reportUrl":"../1710//#testresult/a0206a7e51e794f5","status":"passed","time":{"start":1710293250766,"stop":1710293377081,"duration":126315}},{"uid":"cc7588d27d00105a","reportUrl":"../1705//#testresult/cc7588d27d00105a","status":"passed","time":{"start":1710206793174,"stop":1710206913783,"duration":120609}}]},"tags":["skip_if_deployed","asyncio","abort_on_fail","group(1)"]},"source":"2b6181f03379db7f.json","parameterValues":[]}