{"uid":"7e6d4144c7218801","name":"test_labeling_of_k8s_endpoints","fullName":"tests.integration.integration.high_availability.test_replication_unit_endpoints#test_labeling_of_k8s_endpoints","historyId":"88881c8f2210ee7a8585c9ff9fa39ad5","time":{"start":1768788403389,"stop":1768788404904,"duration":1515},"description":"Test the labeling of k8s endpoints when apps with same cluster-name deployed.","descriptionHtml":"<p>Test the labeling of k8s endpoints when apps with same cluster-name deployed.</p>\n","status":"failed","statusMessage":"AssertionError: assert {'10.1.60.13', '10.1.60.14'} == {'10.1.60.13'... '10.1.60.15'}\n  Extra items in the right set:\n  '10.1.60.15'\n  Full diff:\n  - {'10.1.60.14', '10.1.60.15', '10.1.60.13'}\n  ?                --------------\n  + {'10.1.60.14', '10.1.60.13'}","statusTrace":"Traceback (most recent call last):\n  File \"/root/spread_project/.tox/integration/lib/python3.12/site-packages/_pytest/runner.py\", line 341, in from_call\n    result: Optional[TResult] = func()\n                                ^^^^^^\n  File \"/root/spread_project/.tox/integration/lib/python3.12/site-packages/_pytest/runner.py\", line 262, in <lambda>\n    lambda: ihook(item=item, **kwds), when=when, reraise=reraise\n            ^^^^^^^^^^^^^^^^^^^^^^^^\n  File \"/root/spread_project/.tox/integration/lib/python3.12/site-packages/pluggy/_hooks.py\", line 513, in __call__\n    return self._hookexec(self.name, self._hookimpls.copy(), kwargs, firstresult)\n           ^^^^^^^^^^^^^^^^^^^^^^^^^^^^^^^^^^^^^^^^^^^^^^^^^^^^^^^^^^^^^^^^^^^^^^\n  File \"/root/spread_project/.tox/integration/lib/python3.12/site-packages/pluggy/_manager.py\", line 120, in _hookexec\n    return self._inner_hookexec(hook_name, methods, kwargs, firstresult)\n           ^^^^^^^^^^^^^^^^^^^^^^^^^^^^^^^^^^^^^^^^^^^^^^^^^^^^^^^^^^^^^\n  File \"/root/spread_project/.tox/integration/lib/python3.12/site-packages/pluggy/_callers.py\", line 182, in _multicall\n    return outcome.get_result()\n           ^^^^^^^^^^^^^^^^^^^^\n  File \"/root/spread_project/.tox/integration/lib/python3.12/site-packages/pluggy/_result.py\", line 100, in get_result\n    raise exc.with_traceback(exc.__traceback__)\n  File \"/root/spread_project/.tox/integration/lib/python3.12/site-packages/pluggy/_callers.py\", line 103, in _multicall\n    res = hook_impl.function(*args)\n          ^^^^^^^^^^^^^^^^^^^^^^^^^\n  File \"/root/spread_project/.tox/integration/lib/python3.12/site-packages/_pytest/runner.py\", line 177, in pytest_runtest_call\n    raise e\n  File \"/root/spread_project/.tox/integration/lib/python3.12/site-packages/_pytest/runner.py\", line 169, in pytest_runtest_call\n    item.runtest()\n  File \"/root/spread_project/.tox/integration/lib/python3.12/site-packages/_pytest/python.py\", line 1792, in runtest\n    self.ihook.pytest_pyfunc_call(pyfuncitem=self)\n  File \"/root/spread_project/.tox/integration/lib/python3.12/site-packages/pluggy/_hooks.py\", line 513, in __call__\n    return self._hookexec(self.name, self._hookimpls.copy(), kwargs, firstresult)\n           ^^^^^^^^^^^^^^^^^^^^^^^^^^^^^^^^^^^^^^^^^^^^^^^^^^^^^^^^^^^^^^^^^^^^^^\n  File \"/root/spread_project/.tox/integration/lib/python3.12/site-packages/pluggy/_manager.py\", line 120, in _hookexec\n    return self._inner_hookexec(hook_name, methods, kwargs, firstresult)\n           ^^^^^^^^^^^^^^^^^^^^^^^^^^^^^^^^^^^^^^^^^^^^^^^^^^^^^^^^^^^^^\n  File \"/root/spread_project/.tox/integration/lib/python3.12/site-packages/pluggy/_callers.py\", line 182, in _multicall\n    return outcome.get_result()\n           ^^^^^^^^^^^^^^^^^^^^\n  File \"/root/spread_project/.tox/integration/lib/python3.12/site-packages/pluggy/_result.py\", line 100, in get_result\n    raise exc.with_traceback(exc.__traceback__)\n  File \"/root/spread_project/.tox/integration/lib/python3.12/site-packages/pluggy/_callers.py\", line 103, in _multicall\n    res = hook_impl.function(*args)\n          ^^^^^^^^^^^^^^^^^^^^^^^^^\n  File \"/root/spread_project/.tox/integration/lib/python3.12/site-packages/_pytest/python.py\", line 194, in pytest_pyfunc_call\n    result = testfunction(**testargs)\n             ^^^^^^^^^^^^^^^^^^^^^^^^\n  File \"/root/spread_project/tests/integration/integration/high_availability/test_replication_unit_endpoints.py\", line 115, in test_labeling_of_k8s_endpoints\n    check_endpoint_addresses(juju, MYSQL_APP_NAME_1)\n  File \"/root/spread_project/tests/integration/integration/high_availability/test_replication_unit_endpoints.py\", line 132, in check_endpoint_addresses\n    assert set(cluster_primary_addresses + cluster_replica_addresses) == set(cluster_ips)\nAssertionError: assert {'10.1.60.13', '10.1.60.14'} == {'10.1.60.13'... '10.1.60.15'}\n  Extra items in the right set:\n  '10.1.60.15'\n  Full diff:\n  - {'10.1.60.14', '10.1.60.15', '10.1.60.13'}\n  ?                --------------\n  + {'10.1.60.14', '10.1.60.13'}","flaky":true,"newFailed":true,"newBroken":false,"newPassed":false,"retriesCount":1,"retriesStatusChange":true,"beforeStages":[{"name":"juju","time":{"start":1768787027988,"stop":1768787028278,"duration":290},"status":"passed","steps":[],"attachments":[],"parameters":[],"shouldDisplayMessage":false,"stepsCount":0,"attachmentsCount":0,"hasContent":false,"attachmentStep":false},{"name":"abort_on_fail","time":{"start":1768788403389,"stop":1768788403389,"duration":0},"status":"passed","steps":[],"attachments":[],"parameters":[],"shouldDisplayMessage":false,"stepsCount":0,"attachmentsCount":0,"hasContent":false,"attachmentStep":false}],"testStage":{"description":"Test the labeling of k8s endpoints when apps with same cluster-name deployed.","status":"failed","statusMessage":"AssertionError: assert {'10.1.60.13', '10.1.60.14'} == {'10.1.60.13'... '10.1.60.15'}\n  Extra items in the right set:\n  '10.1.60.15'\n  Full diff:\n  - {'10.1.60.14', '10.1.60.15', '10.1.60.13'}\n  ?                --------------\n  + {'10.1.60.14', '10.1.60.13'}","statusTrace":"Traceback (most recent call last):\n  File \"/root/spread_project/.tox/integration/lib/python3.12/site-packages/_pytest/runner.py\", line 341, in from_call\n    result: Optional[TResult] = func()\n                                ^^^^^^\n  File \"/root/spread_project/.tox/integration/lib/python3.12/site-packages/_pytest/runner.py\", line 262, in <lambda>\n    lambda: ihook(item=item, **kwds), when=when, reraise=reraise\n            ^^^^^^^^^^^^^^^^^^^^^^^^\n  File \"/root/spread_project/.tox/integration/lib/python3.12/site-packages/pluggy/_hooks.py\", line 513, in __call__\n    return self._hookexec(self.name, self._hookimpls.copy(), kwargs, firstresult)\n           ^^^^^^^^^^^^^^^^^^^^^^^^^^^^^^^^^^^^^^^^^^^^^^^^^^^^^^^^^^^^^^^^^^^^^^\n  File \"/root/spread_project/.tox/integration/lib/python3.12/site-packages/pluggy/_manager.py\", line 120, in _hookexec\n    return self._inner_hookexec(hook_name, methods, kwargs, firstresult)\n           ^^^^^^^^^^^^^^^^^^^^^^^^^^^^^^^^^^^^^^^^^^^^^^^^^^^^^^^^^^^^^\n  File \"/root/spread_project/.tox/integration/lib/python3.12/site-packages/pluggy/_callers.py\", line 182, in _multicall\n    return outcome.get_result()\n           ^^^^^^^^^^^^^^^^^^^^\n  File \"/root/spread_project/.tox/integration/lib/python3.12/site-packages/pluggy/_result.py\", line 100, in get_result\n    raise exc.with_traceback(exc.__traceback__)\n  File \"/root/spread_project/.tox/integration/lib/python3.12/site-packages/pluggy/_callers.py\", line 103, in _multicall\n    res = hook_impl.function(*args)\n          ^^^^^^^^^^^^^^^^^^^^^^^^^\n  File \"/root/spread_project/.tox/integration/lib/python3.12/site-packages/_pytest/runner.py\", line 177, in pytest_runtest_call\n    raise e\n  File \"/root/spread_project/.tox/integration/lib/python3.12/site-packages/_pytest/runner.py\", line 169, in pytest_runtest_call\n    item.runtest()\n  File \"/root/spread_project/.tox/integration/lib/python3.12/site-packages/_pytest/python.py\", line 1792, in runtest\n    self.ihook.pytest_pyfunc_call(pyfuncitem=self)\n  File \"/root/spread_project/.tox/integration/lib/python3.12/site-packages/pluggy/_hooks.py\", line 513, in __call__\n    return self._hookexec(self.name, self._hookimpls.copy(), kwargs, firstresult)\n           ^^^^^^^^^^^^^^^^^^^^^^^^^^^^^^^^^^^^^^^^^^^^^^^^^^^^^^^^^^^^^^^^^^^^^^\n  File \"/root/spread_project/.tox/integration/lib/python3.12/site-packages/pluggy/_manager.py\", line 120, in _hookexec\n    return self._inner_hookexec(hook_name, methods, kwargs, firstresult)\n           ^^^^^^^^^^^^^^^^^^^^^^^^^^^^^^^^^^^^^^^^^^^^^^^^^^^^^^^^^^^^^\n  File \"/root/spread_project/.tox/integration/lib/python3.12/site-packages/pluggy/_callers.py\", line 182, in _multicall\n    return outcome.get_result()\n           ^^^^^^^^^^^^^^^^^^^^\n  File \"/root/spread_project/.tox/integration/lib/python3.12/site-packages/pluggy/_result.py\", line 100, in get_result\n    raise exc.with_traceback(exc.__traceback__)\n  File \"/root/spread_project/.tox/integration/lib/python3.12/site-packages/pluggy/_callers.py\", line 103, in _multicall\n    res = hook_impl.function(*args)\n          ^^^^^^^^^^^^^^^^^^^^^^^^^\n  File \"/root/spread_project/.tox/integration/lib/python3.12/site-packages/_pytest/python.py\", line 194, in pytest_pyfunc_call\n    result = testfunction(**testargs)\n             ^^^^^^^^^^^^^^^^^^^^^^^^\n  File \"/root/spread_project/tests/integration/integration/high_availability/test_replication_unit_endpoints.py\", line 115, in test_labeling_of_k8s_endpoints\n    check_endpoint_addresses(juju, MYSQL_APP_NAME_1)\n  File \"/root/spread_project/tests/integration/integration/high_availability/test_replication_unit_endpoints.py\", line 132, in check_endpoint_addresses\n    assert set(cluster_primary_addresses + cluster_replica_addresses) == set(cluster_ips)\nAssertionError: assert {'10.1.60.13', '10.1.60.14'} == {'10.1.60.13'... '10.1.60.15'}\n  Extra items in the right set:\n  '10.1.60.15'\n  Full diff:\n  - {'10.1.60.14', '10.1.60.15', '10.1.60.13'}\n  ?                --------------\n  + {'10.1.60.14', '10.1.60.13'}","steps":[],"attachments":[{"uid":"7820f75115e0654","name":"log","source":"7820f75115e0654.txt","type":"text/plain","size":874}],"parameters":[],"shouldDisplayMessage":true,"stepsCount":0,"attachmentsCount":1,"hasContent":true,"attachmentStep":false},"afterStages":[{"name":"juju::0","time":{"start":1768788404905,"stop":1768788405198,"duration":293},"status":"passed","steps":[],"attachments":[],"parameters":[],"shouldDisplayMessage":false,"stepsCount":0,"attachmentsCount":0,"hasContent":false,"attachmentStep":false},{"name":"abort_on_fail::0","time":{"start":1768788404905,"stop":1768788404905,"duration":0},"status":"passed","steps":[],"attachments":[],"parameters":[],"shouldDisplayMessage":false,"stepsCount":0,"attachmentsCount":0,"hasContent":false,"attachmentStep":false}],"labels":[{"name":"tag","value":"abort_on_fail"},{"name":"parentSuite","value":"tests.integration.integration.high_availability"},{"name":"suite","value":"test_replication_unit_endpoints"},{"name":"host","value":"runnervmmtnos"},{"name":"thread","value":"18343-MainThread"},{"name":"framework","value":"pytest"},{"name":"language","value":"cpython3"},{"name":"package","value":"tests.integration.integration.high_availability.test_replication_unit_endpoints"},{"name":"resultFormat","value":"allure2"}],"parameters":[],"links":[],"hidden":false,"retry":false,"extra":{"severity":"normal","retries":[{"uid":"51973a8364130946","status":"unknown","time":{}}],"categories":[{"name":"Product defects","matchedStatuses":[]}],"history":{"statistic":{"failed":5,"broken":8,"skipped":0,"passed":26,"unknown":1,"total":40},"items":[{"uid":"980fb2a11b21123e","reportUrl":"../67//#testresult/980fb2a11b21123e","status":"passed","time":{"start":1768700751041,"stop":1768700754244,"duration":3203}},{"uid":"f6e27d268f1afa32","reportUrl":"../65//#testresult/f6e27d268f1afa32","status":"passed","time":{"start":1768528256611,"stop":1768528259999,"duration":3388}},{"uid":"7ea8217d53068259","reportUrl":"../64//#testresult/7ea8217d53068259","status":"failed","statusDetails":"AssertionError: assert {'10.1.141.14...10.1.141.149'} == {'10.1.141.14...10.1.141.149'}\n  Extra items in the right set:\n  '10.1.141.147'\n  Full diff:\n  - {'10.1.141.149', '10.1.141.147', '10.1.141.148'}\n  ?                  ----------------\n  + {'10.1.141.149', '10.1.141.148'}","time":{"start":1768443845460,"stop":1768443849814,"duration":4354}},{"uid":"e9cb6c9d81b8374d","reportUrl":"../63//#testresult/e9cb6c9d81b8374d","status":"failed","statusDetails":"AssertionError: assert {'10.1.141.14...10.1.141.150'} == {'10.1.141.14...10.1.141.150'}\n  Extra items in the right set:\n  '10.1.141.149'\n  Full diff:\n  - {'10.1.141.150', '10.1.141.148', '10.1.141.149'}\n  ?                                ----------------\n  + {'10.1.141.150', '10.1.141.148'}","time":{"start":1768357904765,"stop":1768357909869,"duration":5104}},{"uid":"bb9211412fa2700","reportUrl":"../61//#testresult/bb9211412fa2700","status":"broken","statusDetails":"lightkube.core.exceptions.ApiError: endpoints \"mysql-k8s2-primary\" not found","time":{"start":1768182644469,"stop":1768182649467,"duration":4998}},{"uid":"a1df4bfac80cdbee","reportUrl":"../60//#testresult/a1df4bfac80cdbee","status":"passed","time":{"start":1768096252917,"stop":1768096256016,"duration":3099}},{"uid":"7a093458f18c9d56","reportUrl":"../59//#testresult/7a093458f18c9d56","status":"broken","statusDetails":"lightkube.core.exceptions.ApiError: endpoints \"mysql-k8s2-primary\" not found","time":{"start":1768010656272,"stop":1768010659952,"duration":3680}},{"uid":"bd00f7d66b9bb79a","reportUrl":"../58//#testresult/bd00f7d66b9bb79a","status":"passed","time":{"start":1767923988716,"stop":1767923990909,"duration":2193}},{"uid":"b7f4d67470f0d83b","reportUrl":"../56//#testresult/b7f4d67470f0d83b","status":"passed","time":{"start":1767751124455,"stop":1767751128085,"duration":3630}},{"uid":"1ed035a00fa72777","reportUrl":"../55//#testresult/1ed035a00fa72777","status":"failed","statusDetails":"AssertionError: assert {'10.1.206.82', '10.1.206.84'} == {'10.1.206.82...'10.1.206.84'}\n  Extra items in the right set:\n  '10.1.206.83'\n  Full diff:\n  - {'10.1.206.84', '10.1.206.83', '10.1.206.82'}\n  ?                 ---------------\n  + {'10.1.206.84', '10.1.206.82'}","time":{"start":1767664912004,"stop":1767664916522,"duration":4518}},{"uid":"f84d0ccd06c83933","reportUrl":"../54//#testresult/f84d0ccd06c83933","status":"broken","statusDetails":"TypeError: 'NoneType' object is not iterable","time":{"start":1767578585073,"stop":1767578589799,"duration":4726}},{"uid":"75b9c5bff3e34396","reportUrl":"../53//#testresult/75b9c5bff3e34396","status":"passed","time":{"start":1767493330840,"stop":1767493332977,"duration":2137}},{"uid":"a2e036ece6f4e52c","reportUrl":"../52//#testresult/a2e036ece6f4e52c","status":"passed","time":{"start":1767404701486,"stop":1767404707009,"duration":5523}},{"uid":"4587c1e113e9379d","reportUrl":"../51//#testresult/4587c1e113e9379d","status":"passed","time":{"start":1767318769286,"stop":1767318771682,"duration":2396}},{"uid":"ac20f829addb853c","reportUrl":"../50//#testresult/ac20f829addb853c","status":"passed","time":{"start":1767232161999,"stop":1767232166036,"duration":4037}},{"uid":"ab3694e888439fd6","reportUrl":"../49//#testresult/ab3694e888439fd6","status":"passed","time":{"start":1767145741228,"stop":1767145744507,"duration":3279}},{"uid":"5fcd89f4891228e1","reportUrl":"../48//#testresult/5fcd89f4891228e1","status":"passed","time":{"start":1767059446408,"stop":1767059451325,"duration":4917}},{"uid":"ca48f29b974039aa","reportUrl":"../47//#testresult/ca48f29b974039aa","status":"broken","statusDetails":"lightkube.core.exceptions.ApiError: endpoints \"mysql-k8s2-primary\" not found","time":{"start":1766973036581,"stop":1766973041804,"duration":5223}},{"uid":"d674de5bbeb6b6c3","reportUrl":"../46//#testresult/d674de5bbeb6b6c3","status":"broken","statusDetails":"lightkube.core.exceptions.ApiError: endpoints \"mysql-k8s2-primary\" not found","time":{"start":1766886495192,"stop":1766886500562,"duration":5370}},{"uid":"6947b6e92e63be28","reportUrl":"../45//#testresult/6947b6e92e63be28","status":"unknown","time":{}}]},"tags":["abort_on_fail"]},"source":"7e6d4144c7218801.json","parameterValues":[]}