{"uid":"374a7405cc943475","name":"test_consistent_data_replication_across_cluster","fullName":"tests.integration.integration.high_availability.test_replication_data_consistency#test_consistent_data_replication_across_cluster","historyId":"48f8f5ba972dbf5a7943fb068df7df34","time":{"start":1768527752404,"stop":1768527752603,"duration":199},"description":"Confirm that data is replicated from the primary node to all the replicas.","descriptionHtml":"<p>Confirm that data is replicated from the primary node to all the replicas.</p>\n","status":"broken","statusMessage":"Exception: No leader unit found","statusTrace":"Traceback (most recent call last):\n  File \"/root/spread_project/.tox/integration/lib/python3.12/site-packages/_pytest/runner.py\", line 341, in from_call\n    result: Optional[TResult] = func()\n                                ^^^^^^\n  File \"/root/spread_project/.tox/integration/lib/python3.12/site-packages/_pytest/runner.py\", line 262, in <lambda>\n    lambda: ihook(item=item, **kwds), when=when, reraise=reraise\n            ^^^^^^^^^^^^^^^^^^^^^^^^\n  File \"/root/spread_project/.tox/integration/lib/python3.12/site-packages/pluggy/_hooks.py\", line 513, in __call__\n    return self._hookexec(self.name, self._hookimpls.copy(), kwargs, firstresult)\n           ^^^^^^^^^^^^^^^^^^^^^^^^^^^^^^^^^^^^^^^^^^^^^^^^^^^^^^^^^^^^^^^^^^^^^^\n  File \"/root/spread_project/.tox/integration/lib/python3.12/site-packages/pluggy/_manager.py\", line 120, in _hookexec\n    return self._inner_hookexec(hook_name, methods, kwargs, firstresult)\n           ^^^^^^^^^^^^^^^^^^^^^^^^^^^^^^^^^^^^^^^^^^^^^^^^^^^^^^^^^^^^^\n  File \"/root/spread_project/.tox/integration/lib/python3.12/site-packages/pluggy/_callers.py\", line 182, in _multicall\n    return outcome.get_result()\n           ^^^^^^^^^^^^^^^^^^^^\n  File \"/root/spread_project/.tox/integration/lib/python3.12/site-packages/pluggy/_result.py\", line 100, in get_result\n    raise exc.with_traceback(exc.__traceback__)\n  File \"/root/spread_project/.tox/integration/lib/python3.12/site-packages/pluggy/_callers.py\", line 103, in _multicall\n    res = hook_impl.function(*args)\n          ^^^^^^^^^^^^^^^^^^^^^^^^^\n  File \"/root/spread_project/.tox/integration/lib/python3.12/site-packages/_pytest/runner.py\", line 177, in pytest_runtest_call\n    raise e\n  File \"/root/spread_project/.tox/integration/lib/python3.12/site-packages/_pytest/runner.py\", line 169, in pytest_runtest_call\n    item.runtest()\n  File \"/root/spread_project/.tox/integration/lib/python3.12/site-packages/_pytest/python.py\", line 1792, in runtest\n    self.ihook.pytest_pyfunc_call(pyfuncitem=self)\n  File \"/root/spread_project/.tox/integration/lib/python3.12/site-packages/pluggy/_hooks.py\", line 513, in __call__\n    return self._hookexec(self.name, self._hookimpls.copy(), kwargs, firstresult)\n           ^^^^^^^^^^^^^^^^^^^^^^^^^^^^^^^^^^^^^^^^^^^^^^^^^^^^^^^^^^^^^^^^^^^^^^\n  File \"/root/spread_project/.tox/integration/lib/python3.12/site-packages/pluggy/_manager.py\", line 120, in _hookexec\n    return self._inner_hookexec(hook_name, methods, kwargs, firstresult)\n           ^^^^^^^^^^^^^^^^^^^^^^^^^^^^^^^^^^^^^^^^^^^^^^^^^^^^^^^^^^^^^\n  File \"/root/spread_project/.tox/integration/lib/python3.12/site-packages/pluggy/_callers.py\", line 182, in _multicall\n    return outcome.get_result()\n           ^^^^^^^^^^^^^^^^^^^^\n  File \"/root/spread_project/.tox/integration/lib/python3.12/site-packages/pluggy/_result.py\", line 100, in get_result\n    raise exc.with_traceback(exc.__traceback__)\n  File \"/root/spread_project/.tox/integration/lib/python3.12/site-packages/pluggy/_callers.py\", line 103, in _multicall\n    res = hook_impl.function(*args)\n          ^^^^^^^^^^^^^^^^^^^^^^^^^\n  File \"/root/spread_project/.tox/integration/lib/python3.12/site-packages/_pytest/python.py\", line 194, in pytest_pyfunc_call\n    result = testfunction(**testargs)\n             ^^^^^^^^^^^^^^^^^^^^^^^^\n  File \"/root/spread_project/tests/integration/integration/high_availability/test_replication_data_consistency.py\", line 70, in test_consistent_data_replication_across_cluster\n    insert_mysql_test_data(juju, MYSQL_APP_NAME, table_name, table_value)\n  File \"/root/spread_project/tests/integration/helpers_ha.py\", line 529, in insert_mysql_test_data\n    mysql_leader = get_app_leader(juju, app_name)\n                   ^^^^^^^^^^^^^^^^^^^^^^^^^^^^^^\n  File \"/root/spread_project/tests/integration/helpers_ha.py\", line 232, in get_app_leader\n    raise Exception(\"No leader unit found\")\nException: No leader unit found","flaky":false,"newFailed":false,"newBroken":true,"newPassed":false,"retriesCount":1,"retriesStatusChange":true,"beforeStages":[{"name":"juju","time":{"start":1768527734898,"stop":1768527735189,"duration":291},"status":"passed","steps":[],"attachments":[],"parameters":[],"shouldDisplayMessage":false,"stepsCount":0,"attachmentsCount":0,"hasContent":false,"attachmentStep":false},{"name":"abort_on_fail","time":{"start":1768527752404,"stop":1768527752404,"duration":0},"status":"passed","steps":[],"attachments":[],"parameters":[],"shouldDisplayMessage":false,"stepsCount":0,"attachmentsCount":0,"hasContent":false,"attachmentStep":false}],"testStage":{"description":"Confirm that data is replicated from the primary node to all the replicas.","status":"broken","statusMessage":"Exception: No leader unit found","statusTrace":"Traceback (most recent call last):\n  File \"/root/spread_project/.tox/integration/lib/python3.12/site-packages/_pytest/runner.py\", line 341, in from_call\n    result: Optional[TResult] = func()\n                                ^^^^^^\n  File \"/root/spread_project/.tox/integration/lib/python3.12/site-packages/_pytest/runner.py\", line 262, in <lambda>\n    lambda: ihook(item=item, **kwds), when=when, reraise=reraise\n            ^^^^^^^^^^^^^^^^^^^^^^^^\n  File \"/root/spread_project/.tox/integration/lib/python3.12/site-packages/pluggy/_hooks.py\", line 513, in __call__\n    return self._hookexec(self.name, self._hookimpls.copy(), kwargs, firstresult)\n           ^^^^^^^^^^^^^^^^^^^^^^^^^^^^^^^^^^^^^^^^^^^^^^^^^^^^^^^^^^^^^^^^^^^^^^\n  File \"/root/spread_project/.tox/integration/lib/python3.12/site-packages/pluggy/_manager.py\", line 120, in _hookexec\n    return self._inner_hookexec(hook_name, methods, kwargs, firstresult)\n           ^^^^^^^^^^^^^^^^^^^^^^^^^^^^^^^^^^^^^^^^^^^^^^^^^^^^^^^^^^^^^\n  File \"/root/spread_project/.tox/integration/lib/python3.12/site-packages/pluggy/_callers.py\", line 182, in _multicall\n    return outcome.get_result()\n           ^^^^^^^^^^^^^^^^^^^^\n  File \"/root/spread_project/.tox/integration/lib/python3.12/site-packages/pluggy/_result.py\", line 100, in get_result\n    raise exc.with_traceback(exc.__traceback__)\n  File \"/root/spread_project/.tox/integration/lib/python3.12/site-packages/pluggy/_callers.py\", line 103, in _multicall\n    res = hook_impl.function(*args)\n          ^^^^^^^^^^^^^^^^^^^^^^^^^\n  File \"/root/spread_project/.tox/integration/lib/python3.12/site-packages/_pytest/runner.py\", line 177, in pytest_runtest_call\n    raise e\n  File \"/root/spread_project/.tox/integration/lib/python3.12/site-packages/_pytest/runner.py\", line 169, in pytest_runtest_call\n    item.runtest()\n  File \"/root/spread_project/.tox/integration/lib/python3.12/site-packages/_pytest/python.py\", line 1792, in runtest\n    self.ihook.pytest_pyfunc_call(pyfuncitem=self)\n  File \"/root/spread_project/.tox/integration/lib/python3.12/site-packages/pluggy/_hooks.py\", line 513, in __call__\n    return self._hookexec(self.name, self._hookimpls.copy(), kwargs, firstresult)\n           ^^^^^^^^^^^^^^^^^^^^^^^^^^^^^^^^^^^^^^^^^^^^^^^^^^^^^^^^^^^^^^^^^^^^^^\n  File \"/root/spread_project/.tox/integration/lib/python3.12/site-packages/pluggy/_manager.py\", line 120, in _hookexec\n    return self._inner_hookexec(hook_name, methods, kwargs, firstresult)\n           ^^^^^^^^^^^^^^^^^^^^^^^^^^^^^^^^^^^^^^^^^^^^^^^^^^^^^^^^^^^^^\n  File \"/root/spread_project/.tox/integration/lib/python3.12/site-packages/pluggy/_callers.py\", line 182, in _multicall\n    return outcome.get_result()\n           ^^^^^^^^^^^^^^^^^^^^\n  File \"/root/spread_project/.tox/integration/lib/python3.12/site-packages/pluggy/_result.py\", line 100, in get_result\n    raise exc.with_traceback(exc.__traceback__)\n  File \"/root/spread_project/.tox/integration/lib/python3.12/site-packages/pluggy/_callers.py\", line 103, in _multicall\n    res = hook_impl.function(*args)\n          ^^^^^^^^^^^^^^^^^^^^^^^^^\n  File \"/root/spread_project/.tox/integration/lib/python3.12/site-packages/_pytest/python.py\", line 194, in pytest_pyfunc_call\n    result = testfunction(**testargs)\n             ^^^^^^^^^^^^^^^^^^^^^^^^\n  File \"/root/spread_project/tests/integration/integration/high_availability/test_replication_data_consistency.py\", line 70, in test_consistent_data_replication_across_cluster\n    insert_mysql_test_data(juju, MYSQL_APP_NAME, table_name, table_value)\n  File \"/root/spread_project/tests/integration/helpers_ha.py\", line 529, in insert_mysql_test_data\n    mysql_leader = get_app_leader(juju, app_name)\n                   ^^^^^^^^^^^^^^^^^^^^^^^^^^^^^^\n  File \"/root/spread_project/tests/integration/helpers_ha.py\", line 232, in get_app_leader\n    raise Exception(\"No leader unit found\")\nException: No leader unit found","steps":[],"attachments":[{"uid":"59abcd2040570a3f","name":"log","source":"59abcd2040570a3f.txt","type":"text/plain","size":175}],"parameters":[],"shouldDisplayMessage":true,"stepsCount":0,"attachmentsCount":1,"hasContent":true,"attachmentStep":false},"afterStages":[{"name":"abort_on_fail::0","time":{"start":1768527752605,"stop":1768527752605,"duration":0},"status":"passed","steps":[],"attachments":[],"parameters":[],"shouldDisplayMessage":false,"stepsCount":0,"attachmentsCount":0,"hasContent":false,"attachmentStep":false},{"name":"juju::0","time":{"start":1768527752605,"stop":1768527752805,"duration":200},"status":"passed","steps":[],"attachments":[],"parameters":[],"shouldDisplayMessage":false,"stepsCount":0,"attachmentsCount":0,"hasContent":false,"attachmentStep":false}],"labels":[{"name":"tag","value":"abort_on_fail"},{"name":"parentSuite","value":"tests.integration.integration.high_availability"},{"name":"suite","value":"test_replication_data_consistency"},{"name":"host","value":"runnervmmtnos"},{"name":"thread","value":"18453-MainThread"},{"name":"framework","value":"pytest"},{"name":"language","value":"cpython3"},{"name":"package","value":"tests.integration.integration.high_availability.test_replication_data_consistency"},{"name":"resultFormat","value":"allure2"}],"parameters":[],"links":[],"hidden":false,"retry":false,"extra":{"severity":"normal","retries":[{"uid":"eaf3203330b09a21","status":"unknown","time":{}}],"categories":[{"name":"Test defects","matchedStatuses":[]}],"history":{"statistic":{"failed":0,"broken":1,"skipped":0,"passed":37,"unknown":0,"total":38},"items":[{"uid":"fd719bcaefdf6553","reportUrl":"../64//#testresult/fd719bcaefdf6553","status":"passed","time":{"start":1768443650171,"stop":1768443673941,"duration":23770}},{"uid":"dcb9c384ff1caed2","reportUrl":"../63//#testresult/dcb9c384ff1caed2","status":"passed","time":{"start":1768356706381,"stop":1768356730126,"duration":23745}},{"uid":"52cd07a8c748775b","reportUrl":"../61//#testresult/52cd07a8c748775b","status":"passed","time":{"start":1768182441418,"stop":1768182463565,"duration":22147}},{"uid":"e243efeefac14873","reportUrl":"../60//#testresult/e243efeefac14873","status":"passed","time":{"start":1768096063864,"stop":1768096085143,"duration":21279}},{"uid":"50bfddef83f89e2","reportUrl":"../59//#testresult/50bfddef83f89e2","status":"passed","time":{"start":1768010605295,"stop":1768010628176,"duration":22881}},{"uid":"a5f71e0f47b5bc1f","reportUrl":"../58//#testresult/a5f71e0f47b5bc1f","status":"passed","time":{"start":1767923776651,"stop":1767923799629,"duration":22978}},{"uid":"40ef3ca7917bf8f7","reportUrl":"../56//#testresult/40ef3ca7917bf8f7","status":"passed","time":{"start":1767751027632,"stop":1767751047769,"duration":20137}},{"uid":"76016c3c3dd9b0bf","reportUrl":"../55//#testresult/76016c3c3dd9b0bf","status":"passed","time":{"start":1767663799967,"stop":1767663820708,"duration":20741}},{"uid":"324b514712a689ca","reportUrl":"../54//#testresult/324b514712a689ca","status":"passed","time":{"start":1767578381890,"stop":1767578406077,"duration":24187}},{"uid":"6ad44811afffcd7f","reportUrl":"../53//#testresult/6ad44811afffcd7f","status":"passed","time":{"start":1767492151991,"stop":1767492174924,"duration":22933}},{"uid":"5a23fc2712b515cc","reportUrl":"../52//#testresult/5a23fc2712b515cc","status":"passed","time":{"start":1767404615427,"stop":1767404635635,"duration":20208}},{"uid":"40cc8be3bb46023e","reportUrl":"../51//#testresult/40cc8be3bb46023e","status":"passed","time":{"start":1767318344543,"stop":1767318368335,"duration":23792}},{"uid":"d4e88885db40bed6","reportUrl":"../50//#testresult/d4e88885db40bed6","status":"passed","time":{"start":1767232050680,"stop":1767232072815,"duration":22135}},{"uid":"f26b4f3c363bdf66","reportUrl":"../49//#testresult/f26b4f3c363bdf66","status":"passed","time":{"start":1767145806155,"stop":1767145829249,"duration":23094}},{"uid":"66588c50ceca849d","reportUrl":"../48//#testresult/66588c50ceca849d","status":"passed","time":{"start":1767059153144,"stop":1767059177492,"duration":24348}},{"uid":"3ccb25b3065ee2d","reportUrl":"../47//#testresult/3ccb25b3065ee2d","status":"passed","time":{"start":1766972898850,"stop":1766972921864,"duration":23014}},{"uid":"84b9e143ad2dc883","reportUrl":"../46//#testresult/84b9e143ad2dc883","status":"passed","time":{"start":1766886265933,"stop":1766886287262,"duration":21329}},{"uid":"1ab2164734dc1795","reportUrl":"../45//#testresult/1ab2164734dc1795","status":"passed","time":{"start":1766800312679,"stop":1766800336545,"duration":23866}},{"uid":"2a035a064886cb6a","reportUrl":"../44//#testresult/2a035a064886cb6a","status":"passed","time":{"start":1766713490938,"stop":1766713514267,"duration":23329}},{"uid":"7a3d851f1fe5935e","reportUrl":"../43//#testresult/7a3d851f1fe5935e","status":"passed","time":{"start":1766627476771,"stop":1766627499996,"duration":23225}}]},"tags":["abort_on_fail"]},"source":"374a7405cc943475.json","parameterValues":[]}