{"uid":"e5e4015d488157c4","name":"test_standby_promotion","fullName":"tests.integration.integration.high_availability.test_async_replication#test_standby_promotion","historyId":"6b2525361b84247afa8e039e3c831e0f","time":{"start":1768528101488,"stop":1768528140267,"duration":38779},"description":"Test graceful promotion of a standby cluster to primary.","descriptionHtml":"<p>Test graceful promotion of a standby cluster to primary.</p>\n","status":"broken","statusMessage":"jubilant_backports._juju.CLIError: Command '['juju', 'run', '--model', 'testing', '--format', 'json', 'mysql-test-app/0', 'clear-continuous-writes']' returned non-zero exit status 1.\nStdout:\n{}\n\nStderr:\nERROR connection is shut down","statusTrace":"Traceback (most recent call last):\n  File \"/root/spread_project/.tox/integration/lib/python3.12/site-packages/_pytest/runner.py\", line 341, in from_call\n    result: Optional[TResult] = func()\n                                ^^^^^^\n  File \"/root/spread_project/.tox/integration/lib/python3.12/site-packages/_pytest/runner.py\", line 262, in <lambda>\n    lambda: ihook(item=item, **kwds), when=when, reraise=reraise\n            ^^^^^^^^^^^^^^^^^^^^^^^^\n  File \"/root/spread_project/.tox/integration/lib/python3.12/site-packages/pluggy/_hooks.py\", line 513, in __call__\n    return self._hookexec(self.name, self._hookimpls.copy(), kwargs, firstresult)\n           ^^^^^^^^^^^^^^^^^^^^^^^^^^^^^^^^^^^^^^^^^^^^^^^^^^^^^^^^^^^^^^^^^^^^^^\n  File \"/root/spread_project/.tox/integration/lib/python3.12/site-packages/pluggy/_manager.py\", line 120, in _hookexec\n    return self._inner_hookexec(hook_name, methods, kwargs, firstresult)\n           ^^^^^^^^^^^^^^^^^^^^^^^^^^^^^^^^^^^^^^^^^^^^^^^^^^^^^^^^^^^^^\n  File \"/root/spread_project/.tox/integration/lib/python3.12/site-packages/pluggy/_callers.py\", line 182, in _multicall\n    return outcome.get_result()\n           ^^^^^^^^^^^^^^^^^^^^\n  File \"/root/spread_project/.tox/integration/lib/python3.12/site-packages/pluggy/_result.py\", line 100, in get_result\n    raise exc.with_traceback(exc.__traceback__)\n  File \"/root/spread_project/.tox/integration/lib/python3.12/site-packages/pluggy/_callers.py\", line 103, in _multicall\n    res = hook_impl.function(*args)\n          ^^^^^^^^^^^^^^^^^^^^^^^^^\n  File \"/root/spread_project/.tox/integration/lib/python3.12/site-packages/_pytest/runner.py\", line 182, in pytest_runtest_teardown\n    item.session._setupstate.teardown_exact(nextitem)\n  File \"/root/spread_project/.tox/integration/lib/python3.12/site-packages/_pytest/runner.py\", line 537, in teardown_exact\n    raise exceptions[0]\n  File \"/root/spread_project/.tox/integration/lib/python3.12/site-packages/_pytest/runner.py\", line 526, in teardown_exact\n    fin()\n  File \"/root/spread_project/.tox/integration/lib/python3.12/site-packages/_pytest/fixtures.py\", line 701, in <lambda>\n    subrequest.node.addfinalizer(lambda: fixturedef.finish(request=subrequest))\n                                         ^^^^^^^^^^^^^^^^^^^^^^^^^^^^^^^^^^^^^\n  File \"/root/spread_project/.tox/integration/lib/python3.12/site-packages/_pytest/fixtures.py\", line 1031, in finish\n    raise exc\n  File \"/root/spread_project/.tox/integration/lib/python3.12/site-packages/_pytest/fixtures.py\", line 1024, in finish\n    func()\n  File \"/root/spread_project/.tox/integration/lib/python3.12/site-packages/allure_commons/_allure.py\", line 221, in __call__\n    return self._fixture_function(*args, **kwargs)\n           ^^^^^^^^^^^^^^^^^^^^^^^^^^^^^^^^^^^^^^^\n  File \"/root/spread_project/.tox/integration/lib/python3.12/site-packages/_pytest/fixtures.py\", line 911, in _teardown_yield_fixture\n    next(it)\n  File \"/root/spread_project/tests/integration/integration/high_availability/test_async_replication.py\", line 73, in continuous_writes\n    model_1.run(model_1_test_app_leader, \"clear-continuous-writes\")\n  File \"/root/spread_project/.tox/integration/lib/python3.12/site-packages/jubilant_backports/_juju.py\", line 1008, in run\n    stdout, stderr = self._cli(*args)\n                     ^^^^^^^^^^^^^^^^\n  File \"/root/spread_project/.tox/integration/lib/python3.12/site-packages/jubilant_backports/_juju.py\", line 326, in _cli\n    raise CLIError(e.returncode, e.cmd, e.stdout, e.stderr) from None\njubilant_backports._juju.CLIError: Command '['juju', 'run', '--model', 'testing', '--format', 'json', 'mysql-test-app/0', 'clear-continuous-writes']' returned non-zero exit status 1.\nStdout:\n{}\n\nStderr:\nERROR connection is shut down","flaky":false,"newFailed":false,"newBroken":true,"newPassed":false,"retriesCount":1,"retriesStatusChange":true,"beforeStages":[{"name":"juju","time":{"start":1768527679102,"stop":1768527679384,"duration":282},"status":"passed","steps":[],"attachments":[],"parameters":[],"shouldDisplayMessage":false,"stepsCount":0,"attachmentsCount":0,"hasContent":false,"attachmentStep":false},{"name":"first_model","time":{"start":1768527679384,"stop":1768527679384,"duration":0},"status":"passed","steps":[],"attachments":[],"parameters":[],"shouldDisplayMessage":false,"stepsCount":0,"attachmentsCount":0,"hasContent":false,"attachmentStep":false},{"name":"second_model","time":{"start":1768527679384,"stop":1768527679612,"duration":228},"status":"passed","steps":[],"attachments":[],"parameters":[],"shouldDisplayMessage":false,"stepsCount":0,"attachmentsCount":0,"hasContent":false,"attachmentStep":false},{"name":"abort_on_fail","time":{"start":1768528097520,"stop":1768528097520,"duration":0},"status":"passed","steps":[],"attachments":[],"parameters":[],"shouldDisplayMessage":false,"stepsCount":0,"attachmentsCount":0,"hasContent":false,"attachmentStep":false},{"name":"continuous_writes","time":{"start":1768528097521,"stop":1768528101488,"duration":3967},"status":"passed","steps":[],"attachments":[],"parameters":[],"shouldDisplayMessage":false,"stepsCount":0,"attachmentsCount":0,"hasContent":false,"attachmentStep":false}],"testStage":{"description":"Test graceful promotion of a standby cluster to primary.","status":"broken","statusMessage":"jubilant_backports._juju.CLIError: Command '['juju', 'run', '--model', 'testing', '--format', 'json', 'mysql-test-app/0', 'clear-continuous-writes']' returned non-zero exit status 1.\nStdout:\n{}\n\nStderr:\nERROR connection is shut down","statusTrace":"Traceback (most recent call last):\n  File \"/root/spread_project/.tox/integration/lib/python3.12/site-packages/_pytest/runner.py\", line 341, in from_call\n    result: Optional[TResult] = func()\n                                ^^^^^^\n  File \"/root/spread_project/.tox/integration/lib/python3.12/site-packages/_pytest/runner.py\", line 262, in <lambda>\n    lambda: ihook(item=item, **kwds), when=when, reraise=reraise\n            ^^^^^^^^^^^^^^^^^^^^^^^^\n  File \"/root/spread_project/.tox/integration/lib/python3.12/site-packages/pluggy/_hooks.py\", line 513, in __call__\n    return self._hookexec(self.name, self._hookimpls.copy(), kwargs, firstresult)\n           ^^^^^^^^^^^^^^^^^^^^^^^^^^^^^^^^^^^^^^^^^^^^^^^^^^^^^^^^^^^^^^^^^^^^^^\n  File \"/root/spread_project/.tox/integration/lib/python3.12/site-packages/pluggy/_manager.py\", line 120, in _hookexec\n    return self._inner_hookexec(hook_name, methods, kwargs, firstresult)\n           ^^^^^^^^^^^^^^^^^^^^^^^^^^^^^^^^^^^^^^^^^^^^^^^^^^^^^^^^^^^^^\n  File \"/root/spread_project/.tox/integration/lib/python3.12/site-packages/pluggy/_callers.py\", line 182, in _multicall\n    return outcome.get_result()\n           ^^^^^^^^^^^^^^^^^^^^\n  File \"/root/spread_project/.tox/integration/lib/python3.12/site-packages/pluggy/_result.py\", line 100, in get_result\n    raise exc.with_traceback(exc.__traceback__)\n  File \"/root/spread_project/.tox/integration/lib/python3.12/site-packages/pluggy/_callers.py\", line 103, in _multicall\n    res = hook_impl.function(*args)\n          ^^^^^^^^^^^^^^^^^^^^^^^^^\n  File \"/root/spread_project/.tox/integration/lib/python3.12/site-packages/_pytest/runner.py\", line 182, in pytest_runtest_teardown\n    item.session._setupstate.teardown_exact(nextitem)\n  File \"/root/spread_project/.tox/integration/lib/python3.12/site-packages/_pytest/runner.py\", line 537, in teardown_exact\n    raise exceptions[0]\n  File \"/root/spread_project/.tox/integration/lib/python3.12/site-packages/_pytest/runner.py\", line 526, in teardown_exact\n    fin()\n  File \"/root/spread_project/.tox/integration/lib/python3.12/site-packages/_pytest/fixtures.py\", line 701, in <lambda>\n    subrequest.node.addfinalizer(lambda: fixturedef.finish(request=subrequest))\n                                         ^^^^^^^^^^^^^^^^^^^^^^^^^^^^^^^^^^^^^\n  File \"/root/spread_project/.tox/integration/lib/python3.12/site-packages/_pytest/fixtures.py\", line 1031, in finish\n    raise exc\n  File \"/root/spread_project/.tox/integration/lib/python3.12/site-packages/_pytest/fixtures.py\", line 1024, in finish\n    func()\n  File \"/root/spread_project/.tox/integration/lib/python3.12/site-packages/allure_commons/_allure.py\", line 221, in __call__\n    return self._fixture_function(*args, **kwargs)\n           ^^^^^^^^^^^^^^^^^^^^^^^^^^^^^^^^^^^^^^^\n  File \"/root/spread_project/.tox/integration/lib/python3.12/site-packages/_pytest/fixtures.py\", line 911, in _teardown_yield_fixture\n    next(it)\n  File \"/root/spread_project/tests/integration/integration/high_availability/test_async_replication.py\", line 73, in continuous_writes\n    model_1.run(model_1_test_app_leader, \"clear-continuous-writes\")\n  File \"/root/spread_project/.tox/integration/lib/python3.12/site-packages/jubilant_backports/_juju.py\", line 1008, in run\n    stdout, stderr = self._cli(*args)\n                     ^^^^^^^^^^^^^^^^\n  File \"/root/spread_project/.tox/integration/lib/python3.12/site-packages/jubilant_backports/_juju.py\", line 326, in _cli\n    raise CLIError(e.returncode, e.cmd, e.stdout, e.stderr) from None\njubilant_backports._juju.CLIError: Command '['juju', 'run', '--model', 'testing', '--format', 'json', 'mysql-test-app/0', 'clear-continuous-writes']' returned non-zero exit status 1.\nStdout:\n{}\n\nStderr:\nERROR connection is shut down","steps":[],"attachments":[{"uid":"c578d24e13ad0e43","name":"log","source":"c578d24e13ad0e43.txt","type":"text/plain","size":3632}],"parameters":[],"shouldDisplayMessage":true,"stepsCount":0,"attachmentsCount":1,"hasContent":true,"attachmentStep":false},"afterStages":[{"name":"continuous_writes::0","time":{"start":1768528140267,"stop":1768528140753,"duration":486},"status":"broken","statusMessage":"jubilant_backports._juju.CLIError: Command '['juju', 'run', '--model', 'testing', '--format', 'json', 'mysql-test-app/0', 'clear-continuous-writes']' returned non-zero exit status 1.\nStdout:\n{}\n\nStderr:\nERROR connection is shut down\n\n","statusTrace":"  File \"/root/spread_project/.tox/integration/lib/python3.12/site-packages/allure_commons/_allure.py\", line 221, in __call__\n    return self._fixture_function(*args, **kwargs)\n           ^^^^^^^^^^^^^^^^^^^^^^^^^^^^^^^^^^^^^^^\n  File \"/root/spread_project/.tox/integration/lib/python3.12/site-packages/_pytest/fixtures.py\", line 911, in _teardown_yield_fixture\n    next(it)\n  File \"/root/spread_project/tests/integration/integration/high_availability/test_async_replication.py\", line 73, in continuous_writes\n    model_1.run(model_1_test_app_leader, \"clear-continuous-writes\")\n  File \"/root/spread_project/.tox/integration/lib/python3.12/site-packages/jubilant_backports/_juju.py\", line 1008, in run\n    stdout, stderr = self._cli(*args)\n                     ^^^^^^^^^^^^^^^^\n  File \"/root/spread_project/.tox/integration/lib/python3.12/site-packages/jubilant_backports/_juju.py\", line 326, in _cli\n    raise CLIError(e.returncode, e.cmd, e.stdout, e.stderr) from None\n","steps":[],"attachments":[],"parameters":[],"shouldDisplayMessage":true,"stepsCount":0,"attachmentsCount":0,"hasContent":true,"attachmentStep":false},{"name":"abort_on_fail::0","time":{"start":1768528140753,"stop":1768528140753,"duration":0},"status":"passed","steps":[],"attachments":[],"parameters":[],"shouldDisplayMessage":false,"stepsCount":0,"attachmentsCount":0,"hasContent":false,"attachmentStep":false},{"name":"second_model::0","time":{"start":1768528491810,"stop":1768528571798,"duration":79988},"status":"passed","steps":[],"attachments":[],"parameters":[],"shouldDisplayMessage":false,"stepsCount":0,"attachmentsCount":0,"hasContent":false,"attachmentStep":false},{"name":"first_model::0","time":{"start":1768528571799,"stop":1768528571799,"duration":0},"status":"passed","steps":[],"attachments":[],"parameters":[],"shouldDisplayMessage":false,"stepsCount":0,"attachmentsCount":0,"hasContent":false,"attachmentStep":false},{"name":"juju::0","time":{"start":1768528571799,"stop":1768528572044,"duration":245},"status":"passed","steps":[],"attachments":[],"parameters":[],"shouldDisplayMessage":false,"stepsCount":0,"attachmentsCount":0,"hasContent":false,"attachmentStep":false}],"labels":[{"name":"tag","value":"abort_on_fail"},{"name":"tag","value":"@pytest.mark.skipif(False, reason='Requires juju 3+')"},{"name":"parentSuite","value":"tests.integration.integration.high_availability"},{"name":"suite","value":"test_async_replication"},{"name":"host","value":"runnervmmtnos"},{"name":"thread","value":"18623-MainThread"},{"name":"framework","value":"pytest"},{"name":"language","value":"cpython3"},{"name":"package","value":"tests.integration.integration.high_availability.test_async_replication"},{"name":"resultFormat","value":"allure2"}],"parameters":[],"links":[],"hidden":false,"retry":false,"extra":{"severity":"normal","retries":[{"uid":"38ec465d8b15dbbf","status":"unknown","time":{}}],"categories":[{"name":"Test defects","matchedStatuses":[]}],"history":{"statistic":{"failed":0,"broken":7,"skipped":0,"passed":31,"unknown":0,"total":38},"items":[{"uid":"dd56c1431f360078","reportUrl":"../64//#testresult/dd56c1431f360078","status":"passed","time":{"start":1768443939284,"stop":1768443974252,"duration":34968}},{"uid":"c3982cea5c308286","reportUrl":"../63//#testresult/c3982cea5c308286","status":"passed","time":{"start":1768357058071,"stop":1768357095255,"duration":37184}},{"uid":"866d8f6e50f389f2","reportUrl":"../61//#testresult/866d8f6e50f389f2","status":"passed","time":{"start":1768182919692,"stop":1768182952575,"duration":32883}},{"uid":"308e001e056feb4e","reportUrl":"../60//#testresult/308e001e056feb4e","status":"broken","statusDetails":"jubilant_backports._task.TaskError: task error: Task 4: status 'failed', return code 1, details:\nStderr:\nUncaught KeyError in charm code: 'cluster-name'\nUse `juju debug-log` to see the full traceback.\n\nMessage: exit status 1","time":{"start":1768096379359,"stop":1768096382603,"duration":3244}},{"uid":"fa11825776aa0238","reportUrl":"../59//#testresult/fa11825776aa0238","status":"passed","time":{"start":1768010900145,"stop":1768010946607,"duration":46462}},{"uid":"a1b16d365a5c2d6e","reportUrl":"../58//#testresult/a1b16d365a5c2d6e","status":"passed","time":{"start":1767923971057,"stop":1767924006306,"duration":35249}},{"uid":"f5768269f495e605","reportUrl":"../56//#testresult/f5768269f495e605","status":"broken","statusDetails":"jubilant_backports._task.TaskError: task error: Task 4: status 'failed', return code 0, details:\nMessage: Only a standby cluster can be promoted","time":{"start":1767751153709,"stop":1767751156843,"duration":3134}},{"uid":"5931b340bb28705d","reportUrl":"../55//#testresult/5931b340bb28705d","status":"broken","statusDetails":"TimeoutError: timed out waiting for action, stderr:\nRunning operation 27 with 1 task\n  - task 28 on unit-db1-2\n\nWaiting for task 28...\nERROR timed out waiting for results from: unit db1/2","time":{"start":1767665029469,"stop":1767665119328,"duration":89859}},{"uid":"d5e4b7a2a570eb64","reportUrl":"../54//#testresult/d5e4b7a2a570eb64","status":"passed","time":{"start":1767578733023,"stop":1767578773882,"duration":40859}},{"uid":"1e32ff557d617626","reportUrl":"../53//#testresult/1e32ff557d617626","status":"broken","statusDetails":"TimeoutError: timed out waiting for action, stderr:\nRunning operation 19 with 1 task\n  - task 20 on unit-db1-0\n\nWaiting for task 20...\nERROR timed out waiting for results from: unit db1/0","time":{"start":1767493356831,"stop":1767493434745,"duration":77914}},{"uid":"e6c66b2fcb46169a","reportUrl":"../52//#testresult/e6c66b2fcb46169a","status":"passed","time":{"start":1767405021078,"stop":1767405052884,"duration":31806}},{"uid":"f336858efeb2b8d8","reportUrl":"../51//#testresult/f336858efeb2b8d8","status":"passed","time":{"start":1767318907753,"stop":1767318942597,"duration":34844}},{"uid":"83b2b819c8cdc298","reportUrl":"../50//#testresult/83b2b819c8cdc298","status":"passed","time":{"start":1767232270336,"stop":1767232303194,"duration":32858}},{"uid":"295953afb2ab29b","reportUrl":"../49//#testresult/295953afb2ab29b","status":"passed","time":{"start":1767146105728,"stop":1767146165320,"duration":59592}},{"uid":"9a4471db5b0ad199","reportUrl":"../48//#testresult/9a4471db5b0ad199","status":"broken","statusDetails":"jubilant_backports._task.TaskError: task error: Task 4: status 'failed', return code 1, details:\nStderr:\nUncaught KeyError in charm code: 'cluster-name'\nUse `juju debug-log` to see the full traceback.\n\nMessage: exit status 1","time":{"start":1767059494077,"stop":1767059496394,"duration":2317}},{"uid":"b18e9b4af54e9e0f","reportUrl":"../47//#testresult/b18e9b4af54e9e0f","status":"passed","time":{"start":1766973188751,"stop":1766973221119,"duration":32368}},{"uid":"37031288aae6c3b7","reportUrl":"../46//#testresult/37031288aae6c3b7","status":"passed","time":{"start":1766886572357,"stop":1766886613664,"duration":41307}},{"uid":"f4d144eec894ef00","reportUrl":"../45//#testresult/f4d144eec894ef00","status":"passed","time":{"start":1766800678381,"stop":1766800718041,"duration":39660}},{"uid":"b296a2180bfee3b","reportUrl":"../44//#testresult/b296a2180bfee3b","status":"passed","time":{"start":1766713572256,"stop":1766713610787,"duration":38531}},{"uid":"2d8b723b563b45db","reportUrl":"../43//#testresult/2d8b723b563b45db","status":"passed","time":{"start":1766627719801,"stop":1766627752683,"duration":32882}}]},"tags":["abort_on_fail","@pytest.mark.skipif(False, reason='Requires juju 3+')"]},"source":"e5e4015d488157c4.json","parameterValues":[]}