{"uid":"3a7615a45f13741c","name":"test_backup","fullName":"tests.integration.integration.test_backup_gcp#test_backup","historyId":"0862154f9204e2f35eef43dc10f290c4","time":{"start":1767923666359,"stop":1767923861316,"duration":194957},"description":"Test to create a backup and list backups.","descriptionHtml":"<p>Test to create a backup and list backups.</p>\n","status":"broken","statusMessage":"jubilant_backports._juju.CLIError: Command '['juju', 'config', '--model', 'testing', 's3-integrator', 'endpoint=https://storage.googleapis.com', 'bucket=data-charms-testing', 'path=mysql-k8s/945ad0a0-d4a7-4a67-b5c2-8b7ae5268438', 'region=us-east-1']' returned non-zero exit status 1.\nStdout:\n{}\n\nStderr:\nERROR application \"s3-integrator\" not found","statusTrace":"Traceback (most recent call last):\n  File \"/root/spread_project/.tox/integration/lib/python3.12/site-packages/_pytest/runner.py\", line 341, in from_call\n    result: Optional[TResult] = func()\n                                ^^^^^^\n  File \"/root/spread_project/.tox/integration/lib/python3.12/site-packages/_pytest/runner.py\", line 262, in <lambda>\n    lambda: ihook(item=item, **kwds), when=when, reraise=reraise\n            ^^^^^^^^^^^^^^^^^^^^^^^^\n  File \"/root/spread_project/.tox/integration/lib/python3.12/site-packages/pluggy/_hooks.py\", line 513, in __call__\n    return self._hookexec(self.name, self._hookimpls.copy(), kwargs, firstresult)\n           ^^^^^^^^^^^^^^^^^^^^^^^^^^^^^^^^^^^^^^^^^^^^^^^^^^^^^^^^^^^^^^^^^^^^^^\n  File \"/root/spread_project/.tox/integration/lib/python3.12/site-packages/pluggy/_manager.py\", line 120, in _hookexec\n    return self._inner_hookexec(hook_name, methods, kwargs, firstresult)\n           ^^^^^^^^^^^^^^^^^^^^^^^^^^^^^^^^^^^^^^^^^^^^^^^^^^^^^^^^^^^^^\n  File \"/root/spread_project/.tox/integration/lib/python3.12/site-packages/pluggy/_callers.py\", line 182, in _multicall\n    return outcome.get_result()\n           ^^^^^^^^^^^^^^^^^^^^\n  File \"/root/spread_project/.tox/integration/lib/python3.12/site-packages/pluggy/_result.py\", line 100, in get_result\n    raise exc.with_traceback(exc.__traceback__)\n  File \"/root/spread_project/.tox/integration/lib/python3.12/site-packages/pluggy/_callers.py\", line 103, in _multicall\n    res = hook_impl.function(*args)\n          ^^^^^^^^^^^^^^^^^^^^^^^^^\n  File \"/root/spread_project/.tox/integration/lib/python3.12/site-packages/_pytest/runner.py\", line 177, in pytest_runtest_call\n    raise e\n  File \"/root/spread_project/.tox/integration/lib/python3.12/site-packages/_pytest/runner.py\", line 169, in pytest_runtest_call\n    item.runtest()\n  File \"/root/spread_project/.tox/integration/lib/python3.12/site-packages/_pytest/python.py\", line 1792, in runtest\n    self.ihook.pytest_pyfunc_call(pyfuncitem=self)\n  File \"/root/spread_project/.tox/integration/lib/python3.12/site-packages/pluggy/_hooks.py\", line 513, in __call__\n    return self._hookexec(self.name, self._hookimpls.copy(), kwargs, firstresult)\n           ^^^^^^^^^^^^^^^^^^^^^^^^^^^^^^^^^^^^^^^^^^^^^^^^^^^^^^^^^^^^^^^^^^^^^^\n  File \"/root/spread_project/.tox/integration/lib/python3.12/site-packages/pluggy/_manager.py\", line 120, in _hookexec\n    return self._inner_hookexec(hook_name, methods, kwargs, firstresult)\n           ^^^^^^^^^^^^^^^^^^^^^^^^^^^^^^^^^^^^^^^^^^^^^^^^^^^^^^^^^^^^^\n  File \"/root/spread_project/.tox/integration/lib/python3.12/site-packages/pluggy/_callers.py\", line 182, in _multicall\n    return outcome.get_result()\n           ^^^^^^^^^^^^^^^^^^^^\n  File \"/root/spread_project/.tox/integration/lib/python3.12/site-packages/pluggy/_result.py\", line 100, in get_result\n    raise exc.with_traceback(exc.__traceback__)\n  File \"/root/spread_project/.tox/integration/lib/python3.12/site-packages/pluggy/_callers.py\", line 103, in _multicall\n    res = hook_impl.function(*args)\n          ^^^^^^^^^^^^^^^^^^^^^^^^^\n  File \"/root/spread_project/.tox/integration/lib/python3.12/site-packages/_pytest/python.py\", line 194, in pytest_pyfunc_call\n    result = testfunction(**testargs)\n             ^^^^^^^^^^^^^^^^^^^^^^^^\n  File \"/root/spread_project/tests/integration/integration/test_backup_gcp.py\", line 156, in test_backup\n    juju.config(S3_INTEGRATOR, cloud_configs)\n  File \"/root/spread_project/.tox/integration/lib/python3.12/site-packages/jubilant_backports/_juju.py\", line 385, in config\n    self.cli(*args)\n  File \"/root/spread_project/.tox/integration/lib/python3.12/site-packages/jubilant_backports/_juju.py\", line 306, in cli\n    stdout, _ = self._cli(*args, include_model=include_model, stdin=stdin)\n                ^^^^^^^^^^^^^^^^^^^^^^^^^^^^^^^^^^^^^^^^^^^^^^^^^^^^^^^^^^\n  File \"/root/spread_project/.tox/integration/lib/python3.12/site-packages/jubilant_backports/_juju.py\", line 326, in _cli\n    raise CLIError(e.returncode, e.cmd, e.stdout, e.stderr) from None\njubilant_backports._juju.CLIError: Command '['juju', 'config', '--model', 'testing', 's3-integrator', 'endpoint=https://storage.googleapis.com', 'bucket=data-charms-testing', 'path=mysql-k8s/945ad0a0-d4a7-4a67-b5c2-8b7ae5268438', 'region=us-east-1']' returned non-zero exit status 1.\nStdout:\n{}\n\nStderr:\nERROR application \"s3-integrator\" not found","flaky":false,"newFailed":false,"newBroken":true,"newPassed":false,"retriesCount":1,"retriesStatusChange":true,"beforeStages":[{"name":"cloud_configs_gcp","time":{"start":1767923602484,"stop":1767923602484,"duration":0},"status":"passed","steps":[],"attachments":[],"parameters":[],"shouldDisplayMessage":false,"stepsCount":0,"attachmentsCount":0,"hasContent":false,"attachmentStep":false},{"name":"clean_backups_from_buckets","time":{"start":1767923602484,"stop":1767923602484,"duration":0},"status":"passed","steps":[],"attachments":[],"parameters":[],"shouldDisplayMessage":false,"stepsCount":0,"attachmentsCount":0,"hasContent":false,"attachmentStep":false},{"name":"juju","time":{"start":1767923602485,"stop":1767923602768,"duration":283},"status":"passed","steps":[],"attachments":[],"parameters":[],"shouldDisplayMessage":false,"stepsCount":0,"attachmentsCount":0,"hasContent":false,"attachmentStep":false},{"name":"abort_on_fail","time":{"start":1767923666358,"stop":1767923666359,"duration":1},"status":"passed","steps":[],"attachments":[],"parameters":[],"shouldDisplayMessage":false,"stepsCount":0,"attachmentsCount":0,"hasContent":false,"attachmentStep":false}],"testStage":{"description":"Test to create a backup and list backups.","status":"broken","statusMessage":"jubilant_backports._juju.CLIError: Command '['juju', 'config', '--model', 'testing', 's3-integrator', 'endpoint=https://storage.googleapis.com', 'bucket=data-charms-testing', 'path=mysql-k8s/945ad0a0-d4a7-4a67-b5c2-8b7ae5268438', 'region=us-east-1']' returned non-zero exit status 1.\nStdout:\n{}\n\nStderr:\nERROR application \"s3-integrator\" not found","statusTrace":"Traceback (most recent call last):\n  File \"/root/spread_project/.tox/integration/lib/python3.12/site-packages/_pytest/runner.py\", line 341, in from_call\n    result: Optional[TResult] = func()\n                                ^^^^^^\n  File \"/root/spread_project/.tox/integration/lib/python3.12/site-packages/_pytest/runner.py\", line 262, in <lambda>\n    lambda: ihook(item=item, **kwds), when=when, reraise=reraise\n            ^^^^^^^^^^^^^^^^^^^^^^^^\n  File \"/root/spread_project/.tox/integration/lib/python3.12/site-packages/pluggy/_hooks.py\", line 513, in __call__\n    return self._hookexec(self.name, self._hookimpls.copy(), kwargs, firstresult)\n           ^^^^^^^^^^^^^^^^^^^^^^^^^^^^^^^^^^^^^^^^^^^^^^^^^^^^^^^^^^^^^^^^^^^^^^\n  File \"/root/spread_project/.tox/integration/lib/python3.12/site-packages/pluggy/_manager.py\", line 120, in _hookexec\n    return self._inner_hookexec(hook_name, methods, kwargs, firstresult)\n           ^^^^^^^^^^^^^^^^^^^^^^^^^^^^^^^^^^^^^^^^^^^^^^^^^^^^^^^^^^^^^\n  File \"/root/spread_project/.tox/integration/lib/python3.12/site-packages/pluggy/_callers.py\", line 182, in _multicall\n    return outcome.get_result()\n           ^^^^^^^^^^^^^^^^^^^^\n  File \"/root/spread_project/.tox/integration/lib/python3.12/site-packages/pluggy/_result.py\", line 100, in get_result\n    raise exc.with_traceback(exc.__traceback__)\n  File \"/root/spread_project/.tox/integration/lib/python3.12/site-packages/pluggy/_callers.py\", line 103, in _multicall\n    res = hook_impl.function(*args)\n          ^^^^^^^^^^^^^^^^^^^^^^^^^\n  File \"/root/spread_project/.tox/integration/lib/python3.12/site-packages/_pytest/runner.py\", line 177, in pytest_runtest_call\n    raise e\n  File \"/root/spread_project/.tox/integration/lib/python3.12/site-packages/_pytest/runner.py\", line 169, in pytest_runtest_call\n    item.runtest()\n  File \"/root/spread_project/.tox/integration/lib/python3.12/site-packages/_pytest/python.py\", line 1792, in runtest\n    self.ihook.pytest_pyfunc_call(pyfuncitem=self)\n  File \"/root/spread_project/.tox/integration/lib/python3.12/site-packages/pluggy/_hooks.py\", line 513, in __call__\n    return self._hookexec(self.name, self._hookimpls.copy(), kwargs, firstresult)\n           ^^^^^^^^^^^^^^^^^^^^^^^^^^^^^^^^^^^^^^^^^^^^^^^^^^^^^^^^^^^^^^^^^^^^^^\n  File \"/root/spread_project/.tox/integration/lib/python3.12/site-packages/pluggy/_manager.py\", line 120, in _hookexec\n    return self._inner_hookexec(hook_name, methods, kwargs, firstresult)\n           ^^^^^^^^^^^^^^^^^^^^^^^^^^^^^^^^^^^^^^^^^^^^^^^^^^^^^^^^^^^^^\n  File \"/root/spread_project/.tox/integration/lib/python3.12/site-packages/pluggy/_callers.py\", line 182, in _multicall\n    return outcome.get_result()\n           ^^^^^^^^^^^^^^^^^^^^\n  File \"/root/spread_project/.tox/integration/lib/python3.12/site-packages/pluggy/_result.py\", line 100, in get_result\n    raise exc.with_traceback(exc.__traceback__)\n  File \"/root/spread_project/.tox/integration/lib/python3.12/site-packages/pluggy/_callers.py\", line 103, in _multicall\n    res = hook_impl.function(*args)\n          ^^^^^^^^^^^^^^^^^^^^^^^^^\n  File \"/root/spread_project/.tox/integration/lib/python3.12/site-packages/_pytest/python.py\", line 194, in pytest_pyfunc_call\n    result = testfunction(**testargs)\n             ^^^^^^^^^^^^^^^^^^^^^^^^\n  File \"/root/spread_project/tests/integration/integration/test_backup_gcp.py\", line 156, in test_backup\n    juju.config(S3_INTEGRATOR, cloud_configs)\n  File \"/root/spread_project/.tox/integration/lib/python3.12/site-packages/jubilant_backports/_juju.py\", line 385, in config\n    self.cli(*args)\n  File \"/root/spread_project/.tox/integration/lib/python3.12/site-packages/jubilant_backports/_juju.py\", line 306, in cli\n    stdout, _ = self._cli(*args, include_model=include_model, stdin=stdin)\n                ^^^^^^^^^^^^^^^^^^^^^^^^^^^^^^^^^^^^^^^^^^^^^^^^^^^^^^^^^^\n  File \"/root/spread_project/.tox/integration/lib/python3.12/site-packages/jubilant_backports/_juju.py\", line 326, in _cli\n    raise CLIError(e.returncode, e.cmd, e.stdout, e.stderr) from None\njubilant_backports._juju.CLIError: Command '['juju', 'config', '--model', 'testing', 's3-integrator', 'endpoint=https://storage.googleapis.com', 'bucket=data-charms-testing', 'path=mysql-k8s/945ad0a0-d4a7-4a67-b5c2-8b7ae5268438', 'region=us-east-1']' returned non-zero exit status 1.\nStdout:\n{}\n\nStderr:\nERROR application \"s3-integrator\" not found","steps":[],"attachments":[{"uid":"c2d637fbc2c4f065","name":"log","source":"c2d637fbc2c4f065.txt","type":"text/plain","size":3429}],"parameters":[],"shouldDisplayMessage":true,"stepsCount":0,"attachmentsCount":1,"hasContent":true,"attachmentStep":false},"afterStages":[{"name":"abort_on_fail::0","time":{"start":1767923861318,"stop":1767923861318,"duration":0},"status":"passed","steps":[],"attachments":[],"parameters":[],"shouldDisplayMessage":false,"stepsCount":0,"attachmentsCount":0,"hasContent":false,"attachmentStep":false},{"name":"juju::0","time":{"start":1767923971015,"stop":1767923971283,"duration":268},"status":"passed","steps":[],"attachments":[],"parameters":[],"shouldDisplayMessage":false,"stepsCount":0,"attachmentsCount":0,"hasContent":false,"attachmentStep":false},{"name":"clean_backups_from_buckets::0","time":{"start":1767923971284,"stop":1767923971847,"duration":563},"status":"passed","steps":[],"attachments":[],"parameters":[],"shouldDisplayMessage":false,"stepsCount":0,"attachmentsCount":0,"hasContent":false,"attachmentStep":false}],"labels":[{"name":"tag","value":"abort_on_fail"},{"name":"parentSuite","value":"tests.integration.integration"},{"name":"suite","value":"test_backup_gcp"},{"name":"host","value":"runnervmi13qx"},{"name":"thread","value":"18343-MainThread"},{"name":"framework","value":"pytest"},{"name":"language","value":"cpython3"},{"name":"package","value":"tests.integration.integration.test_backup_gcp"},{"name":"resultFormat","value":"allure2"}],"parameters":[],"links":[],"hidden":false,"retry":false,"extra":{"severity":"normal","retries":[{"uid":"3e5f43d02af0aa13","status":"unknown","time":{}}],"categories":[{"name":"Test defects","matchedStatuses":[]}],"history":{"statistic":{"failed":0,"broken":1,"skipped":0,"passed":29,"unknown":2,"total":32},"items":[{"uid":"770fb0e8eb11a0cb","reportUrl":"../56//#testresult/770fb0e8eb11a0cb","status":"passed","time":{"start":1767751084669,"stop":1767751144820,"duration":60151}},{"uid":"4eae08870416e5d0","reportUrl":"../55//#testresult/4eae08870416e5d0","status":"passed","time":{"start":1767663861881,"stop":1767663914580,"duration":52699}},{"uid":"84d6918ce6a7a1ea","reportUrl":"../54//#testresult/84d6918ce6a7a1ea","status":"passed","time":{"start":1767578443828,"stop":1767578507413,"duration":63585}},{"uid":"b8c06422e1442a1a","reportUrl":"../53//#testresult/b8c06422e1442a1a","status":"passed","time":{"start":1767492183775,"stop":1767492240046,"duration":56271}},{"uid":"1de0a74be2f1163a","reportUrl":"../52//#testresult/1de0a74be2f1163a","status":"passed","time":{"start":1767404525231,"stop":1767404584710,"duration":59479}},{"uid":"c44e7da82d9ae483","reportUrl":"../51//#testresult/c44e7da82d9ae483","status":"unknown","time":{}},{"uid":"96f74a8e57df15c1","reportUrl":"../50//#testresult/96f74a8e57df15c1","status":"passed","time":{"start":1767232103955,"stop":1767232148922,"duration":44967}},{"uid":"cd752b0e26876b82","reportUrl":"../49//#testresult/cd752b0e26876b82","status":"passed","time":{"start":1767145685923,"stop":1767145735943,"duration":50020}},{"uid":"42bbf71282ab57b9","reportUrl":"../48//#testresult/42bbf71282ab57b9","status":"passed","time":{"start":1767059112311,"stop":1767059156879,"duration":44568}},{"uid":"f447def8dbf874ce","reportUrl":"../47//#testresult/f447def8dbf874ce","status":"unknown","time":{}},{"uid":"81ee66303171de8a","reportUrl":"../46//#testresult/81ee66303171de8a","status":"passed","time":{"start":1766886344544,"stop":1766886392506,"duration":47962}},{"uid":"23c8dfd0a6e8381a","reportUrl":"../45//#testresult/23c8dfd0a6e8381a","status":"passed","time":{"start":1766799939238,"stop":1766799993767,"duration":54529}},{"uid":"b6663c2e4ec93a85","reportUrl":"../44//#testresult/b6663c2e4ec93a85","status":"passed","time":{"start":1766713383404,"stop":1766713435009,"duration":51605}},{"uid":"f422f6a216911d82","reportUrl":"../43//#testresult/f422f6a216911d82","status":"passed","time":{"start":1766627405566,"stop":1766627464325,"duration":58759}},{"uid":"8b5751250b99644","reportUrl":"../42//#testresult/8b5751250b99644","status":"passed","time":{"start":1766540823953,"stop":1766540869461,"duration":45508}},{"uid":"afa15f1b4fed8f3f","reportUrl":"../41//#testresult/afa15f1b4fed8f3f","status":"passed","time":{"start":1766454155057,"stop":1766454213545,"duration":58488}},{"uid":"bf704dda688811e5","reportUrl":"../40//#testresult/bf704dda688811e5","status":"passed","time":{"start":1766368113152,"stop":1766368174697,"duration":61545}},{"uid":"718c8732ebdcceaa","reportUrl":"../39//#testresult/718c8732ebdcceaa","status":"passed","time":{"start":1766281623413,"stop":1766281667424,"duration":44011}},{"uid":"45d9cc8196ae0b71","reportUrl":"../38//#testresult/45d9cc8196ae0b71","status":"passed","time":{"start":1766195137323,"stop":1766195195567,"duration":58244}},{"uid":"f02c66c0c6d363aa","reportUrl":"../37//#testresult/f02c66c0c6d363aa","status":"passed","time":{"start":1766110172914,"stop":1766110214812,"duration":41898}}]},"tags":["abort_on_fail"]},"source":"3a7615a45f13741c.json","parameterValues":[]}