{"uid":"4c86e44242f60ff4","name":"test_restore_on_new_cluster","fullName":"tests.integration.integration.test_backup_gcp#test_restore_on_new_cluster","historyId":"28adc2d9492306a69d162887e83eca1f","time":{"start":1767923910528,"stop":1767923971013,"duration":60485},"description":"Test to restore a backup on a new mysql cluster.","descriptionHtml":"<p>Test to restore a backup on a new mysql cluster.</p>\n","status":"broken","statusMessage":"jubilant_backports._juju.CLIError: Command '['juju', 'integrate', '--model', 'testing', 'another-mysql-k8s', 's3-integrator']' returned non-zero exit status 1.\nStderr:\nERROR application \"s3-integrator\" not found (not found)","statusTrace":"Traceback (most recent call last):\n  File \"/root/spread_project/.tox/integration/lib/python3.12/site-packages/_pytest/runner.py\", line 341, in from_call\n    result: Optional[TResult] = func()\n                                ^^^^^^\n  File \"/root/spread_project/.tox/integration/lib/python3.12/site-packages/_pytest/runner.py\", line 262, in <lambda>\n    lambda: ihook(item=item, **kwds), when=when, reraise=reraise\n            ^^^^^^^^^^^^^^^^^^^^^^^^\n  File \"/root/spread_project/.tox/integration/lib/python3.12/site-packages/pluggy/_hooks.py\", line 513, in __call__\n    return self._hookexec(self.name, self._hookimpls.copy(), kwargs, firstresult)\n           ^^^^^^^^^^^^^^^^^^^^^^^^^^^^^^^^^^^^^^^^^^^^^^^^^^^^^^^^^^^^^^^^^^^^^^\n  File \"/root/spread_project/.tox/integration/lib/python3.12/site-packages/pluggy/_manager.py\", line 120, in _hookexec\n    return self._inner_hookexec(hook_name, methods, kwargs, firstresult)\n           ^^^^^^^^^^^^^^^^^^^^^^^^^^^^^^^^^^^^^^^^^^^^^^^^^^^^^^^^^^^^^\n  File \"/root/spread_project/.tox/integration/lib/python3.12/site-packages/pluggy/_callers.py\", line 182, in _multicall\n    return outcome.get_result()\n           ^^^^^^^^^^^^^^^^^^^^\n  File \"/root/spread_project/.tox/integration/lib/python3.12/site-packages/pluggy/_result.py\", line 100, in get_result\n    raise exc.with_traceback(exc.__traceback__)\n  File \"/root/spread_project/.tox/integration/lib/python3.12/site-packages/pluggy/_callers.py\", line 103, in _multicall\n    res = hook_impl.function(*args)\n          ^^^^^^^^^^^^^^^^^^^^^^^^^\n  File \"/root/spread_project/.tox/integration/lib/python3.12/site-packages/_pytest/runner.py\", line 177, in pytest_runtest_call\n    raise e\n  File \"/root/spread_project/.tox/integration/lib/python3.12/site-packages/_pytest/runner.py\", line 169, in pytest_runtest_call\n    item.runtest()\n  File \"/root/spread_project/.tox/integration/lib/python3.12/site-packages/_pytest/python.py\", line 1792, in runtest\n    self.ihook.pytest_pyfunc_call(pyfuncitem=self)\n  File \"/root/spread_project/.tox/integration/lib/python3.12/site-packages/pluggy/_hooks.py\", line 513, in __call__\n    return self._hookexec(self.name, self._hookimpls.copy(), kwargs, firstresult)\n           ^^^^^^^^^^^^^^^^^^^^^^^^^^^^^^^^^^^^^^^^^^^^^^^^^^^^^^^^^^^^^^^^^^^^^^\n  File \"/root/spread_project/.tox/integration/lib/python3.12/site-packages/pluggy/_manager.py\", line 120, in _hookexec\n    return self._inner_hookexec(hook_name, methods, kwargs, firstresult)\n           ^^^^^^^^^^^^^^^^^^^^^^^^^^^^^^^^^^^^^^^^^^^^^^^^^^^^^^^^^^^^^\n  File \"/root/spread_project/.tox/integration/lib/python3.12/site-packages/pluggy/_callers.py\", line 182, in _multicall\n    return outcome.get_result()\n           ^^^^^^^^^^^^^^^^^^^^\n  File \"/root/spread_project/.tox/integration/lib/python3.12/site-packages/pluggy/_result.py\", line 100, in get_result\n    raise exc.with_traceback(exc.__traceback__)\n  File \"/root/spread_project/.tox/integration/lib/python3.12/site-packages/pluggy/_callers.py\", line 103, in _multicall\n    res = hook_impl.function(*args)\n          ^^^^^^^^^^^^^^^^^^^^^^^^^\n  File \"/root/spread_project/.tox/integration/lib/python3.12/site-packages/_pytest/python.py\", line 194, in pytest_pyfunc_call\n    result = testfunction(**testargs)\n             ^^^^^^^^^^^^^^^^^^^^^^^^\n  File \"/root/spread_project/tests/integration/integration/test_backup_gcp.py\", line 347, in test_restore_on_new_cluster\n    juju.integrate(new_mysql_application_name, S3_INTEGRATOR)\n  File \"/root/spread_project/.tox/integration/lib/python3.12/site-packages/jubilant_backports/_juju.py\", line 712, in integrate\n    self.cli(*args)\n  File \"/root/spread_project/.tox/integration/lib/python3.12/site-packages/jubilant_backports/_juju.py\", line 306, in cli\n    stdout, _ = self._cli(*args, include_model=include_model, stdin=stdin)\n                ^^^^^^^^^^^^^^^^^^^^^^^^^^^^^^^^^^^^^^^^^^^^^^^^^^^^^^^^^^\n  File \"/root/spread_project/.tox/integration/lib/python3.12/site-packages/jubilant_backports/_juju.py\", line 326, in _cli\n    raise CLIError(e.returncode, e.cmd, e.stdout, e.stderr) from None\njubilant_backports._juju.CLIError: Command '['juju', 'integrate', '--model', 'testing', 'another-mysql-k8s', 's3-integrator']' returned non-zero exit status 1.\nStderr:\nERROR application \"s3-integrator\" not found (not found)","flaky":false,"newFailed":false,"newBroken":true,"newPassed":false,"retriesCount":1,"retriesStatusChange":true,"beforeStages":[{"name":"cloud_configs_gcp","time":{"start":1767923602484,"stop":1767923602484,"duration":0},"status":"passed","steps":[],"attachments":[],"parameters":[],"shouldDisplayMessage":false,"stepsCount":0,"attachmentsCount":0,"hasContent":false,"attachmentStep":false},{"name":"charm","time":{"start":1767923602484,"stop":1767923602485,"duration":1},"status":"passed","steps":[],"attachments":[],"parameters":[],"shouldDisplayMessage":false,"stepsCount":0,"attachmentsCount":0,"hasContent":false,"attachmentStep":false},{"name":"clean_backups_from_buckets","time":{"start":1767923602484,"stop":1767923602484,"duration":0},"status":"passed","steps":[],"attachments":[],"parameters":[],"shouldDisplayMessage":false,"stepsCount":0,"attachmentsCount":0,"hasContent":false,"attachmentStep":false},{"name":"juju","time":{"start":1767923602485,"stop":1767923602768,"duration":283},"status":"passed","steps":[],"attachments":[],"parameters":[],"shouldDisplayMessage":false,"stepsCount":0,"attachmentsCount":0,"hasContent":false,"attachmentStep":false},{"name":"abort_on_fail","time":{"start":1767923910527,"stop":1767923910527,"duration":0},"status":"passed","steps":[],"attachments":[],"parameters":[],"shouldDisplayMessage":false,"stepsCount":0,"attachmentsCount":0,"hasContent":false,"attachmentStep":false}],"testStage":{"description":"Test to restore a backup on a new mysql cluster.","status":"broken","statusMessage":"jubilant_backports._juju.CLIError: Command '['juju', 'integrate', '--model', 'testing', 'another-mysql-k8s', 's3-integrator']' returned non-zero exit status 1.\nStderr:\nERROR application \"s3-integrator\" not found (not found)","statusTrace":"Traceback (most recent call last):\n  File \"/root/spread_project/.tox/integration/lib/python3.12/site-packages/_pytest/runner.py\", line 341, in from_call\n    result: Optional[TResult] = func()\n                                ^^^^^^\n  File \"/root/spread_project/.tox/integration/lib/python3.12/site-packages/_pytest/runner.py\", line 262, in <lambda>\n    lambda: ihook(item=item, **kwds), when=when, reraise=reraise\n            ^^^^^^^^^^^^^^^^^^^^^^^^\n  File \"/root/spread_project/.tox/integration/lib/python3.12/site-packages/pluggy/_hooks.py\", line 513, in __call__\n    return self._hookexec(self.name, self._hookimpls.copy(), kwargs, firstresult)\n           ^^^^^^^^^^^^^^^^^^^^^^^^^^^^^^^^^^^^^^^^^^^^^^^^^^^^^^^^^^^^^^^^^^^^^^\n  File \"/root/spread_project/.tox/integration/lib/python3.12/site-packages/pluggy/_manager.py\", line 120, in _hookexec\n    return self._inner_hookexec(hook_name, methods, kwargs, firstresult)\n           ^^^^^^^^^^^^^^^^^^^^^^^^^^^^^^^^^^^^^^^^^^^^^^^^^^^^^^^^^^^^^\n  File \"/root/spread_project/.tox/integration/lib/python3.12/site-packages/pluggy/_callers.py\", line 182, in _multicall\n    return outcome.get_result()\n           ^^^^^^^^^^^^^^^^^^^^\n  File \"/root/spread_project/.tox/integration/lib/python3.12/site-packages/pluggy/_result.py\", line 100, in get_result\n    raise exc.with_traceback(exc.__traceback__)\n  File \"/root/spread_project/.tox/integration/lib/python3.12/site-packages/pluggy/_callers.py\", line 103, in _multicall\n    res = hook_impl.function(*args)\n          ^^^^^^^^^^^^^^^^^^^^^^^^^\n  File \"/root/spread_project/.tox/integration/lib/python3.12/site-packages/_pytest/runner.py\", line 177, in pytest_runtest_call\n    raise e\n  File \"/root/spread_project/.tox/integration/lib/python3.12/site-packages/_pytest/runner.py\", line 169, in pytest_runtest_call\n    item.runtest()\n  File \"/root/spread_project/.tox/integration/lib/python3.12/site-packages/_pytest/python.py\", line 1792, in runtest\n    self.ihook.pytest_pyfunc_call(pyfuncitem=self)\n  File \"/root/spread_project/.tox/integration/lib/python3.12/site-packages/pluggy/_hooks.py\", line 513, in __call__\n    return self._hookexec(self.name, self._hookimpls.copy(), kwargs, firstresult)\n           ^^^^^^^^^^^^^^^^^^^^^^^^^^^^^^^^^^^^^^^^^^^^^^^^^^^^^^^^^^^^^^^^^^^^^^\n  File \"/root/spread_project/.tox/integration/lib/python3.12/site-packages/pluggy/_manager.py\", line 120, in _hookexec\n    return self._inner_hookexec(hook_name, methods, kwargs, firstresult)\n           ^^^^^^^^^^^^^^^^^^^^^^^^^^^^^^^^^^^^^^^^^^^^^^^^^^^^^^^^^^^^^\n  File \"/root/spread_project/.tox/integration/lib/python3.12/site-packages/pluggy/_callers.py\", line 182, in _multicall\n    return outcome.get_result()\n           ^^^^^^^^^^^^^^^^^^^^\n  File \"/root/spread_project/.tox/integration/lib/python3.12/site-packages/pluggy/_result.py\", line 100, in get_result\n    raise exc.with_traceback(exc.__traceback__)\n  File \"/root/spread_project/.tox/integration/lib/python3.12/site-packages/pluggy/_callers.py\", line 103, in _multicall\n    res = hook_impl.function(*args)\n          ^^^^^^^^^^^^^^^^^^^^^^^^^\n  File \"/root/spread_project/.tox/integration/lib/python3.12/site-packages/_pytest/python.py\", line 194, in pytest_pyfunc_call\n    result = testfunction(**testargs)\n             ^^^^^^^^^^^^^^^^^^^^^^^^\n  File \"/root/spread_project/tests/integration/integration/test_backup_gcp.py\", line 347, in test_restore_on_new_cluster\n    juju.integrate(new_mysql_application_name, S3_INTEGRATOR)\n  File \"/root/spread_project/.tox/integration/lib/python3.12/site-packages/jubilant_backports/_juju.py\", line 712, in integrate\n    self.cli(*args)\n  File \"/root/spread_project/.tox/integration/lib/python3.12/site-packages/jubilant_backports/_juju.py\", line 306, in cli\n    stdout, _ = self._cli(*args, include_model=include_model, stdin=stdin)\n                ^^^^^^^^^^^^^^^^^^^^^^^^^^^^^^^^^^^^^^^^^^^^^^^^^^^^^^^^^^\n  File \"/root/spread_project/.tox/integration/lib/python3.12/site-packages/jubilant_backports/_juju.py\", line 326, in _cli\n    raise CLIError(e.returncode, e.cmd, e.stdout, e.stderr) from None\njubilant_backports._juju.CLIError: Command '['juju', 'integrate', '--model', 'testing', 'another-mysql-k8s', 's3-integrator']' returned non-zero exit status 1.\nStderr:\nERROR application \"s3-integrator\" not found (not found)","steps":[],"attachments":[{"uid":"f817f0a043e4c15a","name":"log","source":"f817f0a043e4c15a.txt","type":"text/plain","size":760}],"parameters":[],"shouldDisplayMessage":true,"stepsCount":0,"attachmentsCount":1,"hasContent":true,"attachmentStep":false},"afterStages":[{"name":"juju::0","time":{"start":1767923971015,"stop":1767923971283,"duration":268},"status":"passed","steps":[],"attachments":[],"parameters":[],"shouldDisplayMessage":false,"stepsCount":0,"attachmentsCount":0,"hasContent":false,"attachmentStep":false},{"name":"abort_on_fail::0","time":{"start":1767923971015,"stop":1767923971015,"duration":0},"status":"passed","steps":[],"attachments":[],"parameters":[],"shouldDisplayMessage":false,"stepsCount":0,"attachmentsCount":0,"hasContent":false,"attachmentStep":false},{"name":"clean_backups_from_buckets::0","time":{"start":1767923971284,"stop":1767923971847,"duration":563},"status":"passed","steps":[],"attachments":[],"parameters":[],"shouldDisplayMessage":false,"stepsCount":0,"attachmentsCount":0,"hasContent":false,"attachmentStep":false}],"labels":[{"name":"tag","value":"abort_on_fail"},{"name":"parentSuite","value":"tests.integration.integration"},{"name":"suite","value":"test_backup_gcp"},{"name":"host","value":"runnervmi13qx"},{"name":"thread","value":"18343-MainThread"},{"name":"framework","value":"pytest"},{"name":"language","value":"cpython3"},{"name":"package","value":"tests.integration.integration.test_backup_gcp"},{"name":"resultFormat","value":"allure2"}],"parameters":[],"links":[],"hidden":false,"retry":false,"extra":{"severity":"normal","retries":[{"uid":"b9b42c28212a3dd9","status":"unknown","time":{}}],"categories":[{"name":"Test defects","matchedStatuses":[]}],"history":{"statistic":{"failed":0,"broken":1,"skipped":0,"passed":29,"unknown":2,"total":32},"items":[{"uid":"bf8ede4831ef0eb0","reportUrl":"../56//#testresult/bf8ede4831ef0eb0","status":"passed","time":{"start":1767751366095,"stop":1767751904064,"duration":537969}},{"uid":"9b05566d23fef74c","reportUrl":"../55//#testresult/9b05566d23fef74c","status":"passed","time":{"start":1767664129193,"stop":1767664639473,"duration":510280}},{"uid":"db6cf11d82ecd8c9","reportUrl":"../54//#testresult/db6cf11d82ecd8c9","status":"passed","time":{"start":1767578747373,"stop":1767579319305,"duration":571932}},{"uid":"6f00348a9c6eab30","reportUrl":"../53//#testresult/6f00348a9c6eab30","status":"passed","time":{"start":1767492497316,"stop":1767492959865,"duration":462549}},{"uid":"d1c48667938a54dd","reportUrl":"../52//#testresult/d1c48667938a54dd","status":"passed","time":{"start":1767404805716,"stop":1767405341858,"duration":536142}},{"uid":"18a36859133f1e61","reportUrl":"../51//#testresult/18a36859133f1e61","status":"unknown","time":{}},{"uid":"3b062df8d4fe7961","reportUrl":"../50//#testresult/3b062df8d4fe7961","status":"passed","time":{"start":1767232373101,"stop":1767232901815,"duration":528714}},{"uid":"720a5f27e0e619d0","reportUrl":"../49//#testresult/720a5f27e0e619d0","status":"passed","time":{"start":1767145967991,"stop":1767146438564,"duration":470573}},{"uid":"25821c0b5159316d","reportUrl":"../48//#testresult/25821c0b5159316d","status":"passed","time":{"start":1767059365955,"stop":1767059930996,"duration":565041}},{"uid":"71b1b4ea1e85a398","reportUrl":"../47//#testresult/71b1b4ea1e85a398","status":"unknown","time":{}},{"uid":"54ffd5e2625bc8a6","reportUrl":"../46//#testresult/54ffd5e2625bc8a6","status":"passed","time":{"start":1766886598750,"stop":1766887139180,"duration":540430}},{"uid":"606452a46c5d4598","reportUrl":"../45//#testresult/606452a46c5d4598","status":"passed","time":{"start":1766800217660,"stop":1766800722226,"duration":504566}},{"uid":"6bb07aaf9fba2f4d","reportUrl":"../44//#testresult/6bb07aaf9fba2f4d","status":"passed","time":{"start":1766713650693,"stop":1766714179182,"duration":528489}},{"uid":"193e30d1a25a67f6","reportUrl":"../43//#testresult/193e30d1a25a67f6","status":"passed","time":{"start":1766627684525,"stop":1766628172628,"duration":488103}},{"uid":"2fa4d0bf556270c9","reportUrl":"../42//#testresult/2fa4d0bf556270c9","status":"passed","time":{"start":1766541105210,"stop":1766541679066,"duration":573856}},{"uid":"ebd76d0528133114","reportUrl":"../41//#testresult/ebd76d0528133114","status":"passed","time":{"start":1766454437781,"stop":1766454979485,"duration":541704}},{"uid":"138ebd240489226d","reportUrl":"../40//#testresult/138ebd240489226d","status":"passed","time":{"start":1766368425948,"stop":1766368969012,"duration":543064}},{"uid":"bdd3248d3a2a2013","reportUrl":"../39//#testresult/bdd3248d3a2a2013","status":"passed","time":{"start":1766281890038,"stop":1766282368537,"duration":478499}},{"uid":"63f12825f921b94e","reportUrl":"../38//#testresult/63f12825f921b94e","status":"passed","time":{"start":1766195417587,"stop":1766195922926,"duration":505339}},{"uid":"e55a658a6dc23b19","reportUrl":"../37//#testresult/e55a658a6dc23b19","status":"passed","time":{"start":1766110416392,"stop":1766110878510,"duration":462118}}]},"tags":["abort_on_fail"]},"source":"4c86e44242f60ff4.json","parameterValues":[]}