{"uid":"cff5571aa35024ee","name":"test_restore_on_same_cluster","fullName":"tests.integration.integration.test_backup_gcp#test_restore_on_same_cluster","historyId":"b9465579ec78650b228305af769f36a3","time":{"start":1767923861320,"stop":1767923910524,"duration":49204},"description":"Test to restore a backup to the same mysql cluster.","descriptionHtml":"<p>Test to restore a backup to the same mysql cluster.</p>\n","status":"broken","statusMessage":"jubilant_backports._juju.CLIError: Command '['juju', 'config', '--model', 'testing', 's3-integrator', 'endpoint=https://storage.googleapis.com', 'bucket=data-charms-testing', 'path=mysql-k8s/945ad0a0-d4a7-4a67-b5c2-8b7ae5268438', 'region=us-east-1']' returned non-zero exit status 1.\nStdout:\n{}\n\nStderr:\nERROR application \"s3-integrator\" not found","statusTrace":"Traceback (most recent call last):\n  File \"/root/spread_project/.tox/integration/lib/python3.12/site-packages/_pytest/runner.py\", line 341, in from_call\n    result: Optional[TResult] = func()\n                                ^^^^^^\n  File \"/root/spread_project/.tox/integration/lib/python3.12/site-packages/_pytest/runner.py\", line 262, in <lambda>\n    lambda: ihook(item=item, **kwds), when=when, reraise=reraise\n            ^^^^^^^^^^^^^^^^^^^^^^^^\n  File \"/root/spread_project/.tox/integration/lib/python3.12/site-packages/pluggy/_hooks.py\", line 513, in __call__\n    return self._hookexec(self.name, self._hookimpls.copy(), kwargs, firstresult)\n           ^^^^^^^^^^^^^^^^^^^^^^^^^^^^^^^^^^^^^^^^^^^^^^^^^^^^^^^^^^^^^^^^^^^^^^\n  File \"/root/spread_project/.tox/integration/lib/python3.12/site-packages/pluggy/_manager.py\", line 120, in _hookexec\n    return self._inner_hookexec(hook_name, methods, kwargs, firstresult)\n           ^^^^^^^^^^^^^^^^^^^^^^^^^^^^^^^^^^^^^^^^^^^^^^^^^^^^^^^^^^^^^\n  File \"/root/spread_project/.tox/integration/lib/python3.12/site-packages/pluggy/_callers.py\", line 182, in _multicall\n    return outcome.get_result()\n           ^^^^^^^^^^^^^^^^^^^^\n  File \"/root/spread_project/.tox/integration/lib/python3.12/site-packages/pluggy/_result.py\", line 100, in get_result\n    raise exc.with_traceback(exc.__traceback__)\n  File \"/root/spread_project/.tox/integration/lib/python3.12/site-packages/pluggy/_callers.py\", line 103, in _multicall\n    res = hook_impl.function(*args)\n          ^^^^^^^^^^^^^^^^^^^^^^^^^\n  File \"/root/spread_project/.tox/integration/lib/python3.12/site-packages/_pytest/runner.py\", line 177, in pytest_runtest_call\n    raise e\n  File \"/root/spread_project/.tox/integration/lib/python3.12/site-packages/_pytest/runner.py\", line 169, in pytest_runtest_call\n    item.runtest()\n  File \"/root/spread_project/.tox/integration/lib/python3.12/site-packages/_pytest/python.py\", line 1792, in runtest\n    self.ihook.pytest_pyfunc_call(pyfuncitem=self)\n  File \"/root/spread_project/.tox/integration/lib/python3.12/site-packages/pluggy/_hooks.py\", line 513, in __call__\n    return self._hookexec(self.name, self._hookimpls.copy(), kwargs, firstresult)\n           ^^^^^^^^^^^^^^^^^^^^^^^^^^^^^^^^^^^^^^^^^^^^^^^^^^^^^^^^^^^^^^^^^^^^^^\n  File \"/root/spread_project/.tox/integration/lib/python3.12/site-packages/pluggy/_manager.py\", line 120, in _hookexec\n    return self._inner_hookexec(hook_name, methods, kwargs, firstresult)\n           ^^^^^^^^^^^^^^^^^^^^^^^^^^^^^^^^^^^^^^^^^^^^^^^^^^^^^^^^^^^^^\n  File \"/root/spread_project/.tox/integration/lib/python3.12/site-packages/pluggy/_callers.py\", line 182, in _multicall\n    return outcome.get_result()\n           ^^^^^^^^^^^^^^^^^^^^\n  File \"/root/spread_project/.tox/integration/lib/python3.12/site-packages/pluggy/_result.py\", line 100, in get_result\n    raise exc.with_traceback(exc.__traceback__)\n  File \"/root/spread_project/.tox/integration/lib/python3.12/site-packages/pluggy/_callers.py\", line 103, in _multicall\n    res = hook_impl.function(*args)\n          ^^^^^^^^^^^^^^^^^^^^^^^^^\n  File \"/root/spread_project/.tox/integration/lib/python3.12/site-packages/_pytest/python.py\", line 194, in pytest_pyfunc_call\n    result = testfunction(**testargs)\n             ^^^^^^^^^^^^^^^^^^^^^^^^\n  File \"/root/spread_project/tests/integration/integration/test_backup_gcp.py\", line 225, in test_restore_on_same_cluster\n    juju.config(S3_INTEGRATOR, cloud_configs)\n  File \"/root/spread_project/.tox/integration/lib/python3.12/site-packages/jubilant_backports/_juju.py\", line 385, in config\n    self.cli(*args)\n  File \"/root/spread_project/.tox/integration/lib/python3.12/site-packages/jubilant_backports/_juju.py\", line 306, in cli\n    stdout, _ = self._cli(*args, include_model=include_model, stdin=stdin)\n                ^^^^^^^^^^^^^^^^^^^^^^^^^^^^^^^^^^^^^^^^^^^^^^^^^^^^^^^^^^\n  File \"/root/spread_project/.tox/integration/lib/python3.12/site-packages/jubilant_backports/_juju.py\", line 326, in _cli\n    raise CLIError(e.returncode, e.cmd, e.stdout, e.stderr) from None\njubilant_backports._juju.CLIError: Command '['juju', 'config', '--model', 'testing', 's3-integrator', 'endpoint=https://storage.googleapis.com', 'bucket=data-charms-testing', 'path=mysql-k8s/945ad0a0-d4a7-4a67-b5c2-8b7ae5268438', 'region=us-east-1']' returned non-zero exit status 1.\nStdout:\n{}\n\nStderr:\nERROR application \"s3-integrator\" not found","flaky":false,"newFailed":false,"newBroken":true,"newPassed":false,"retriesCount":1,"retriesStatusChange":true,"beforeStages":[{"name":"cloud_configs_gcp","time":{"start":1767923602484,"stop":1767923602484,"duration":0},"status":"passed","steps":[],"attachments":[],"parameters":[],"shouldDisplayMessage":false,"stepsCount":0,"attachmentsCount":0,"hasContent":false,"attachmentStep":false},{"name":"clean_backups_from_buckets","time":{"start":1767923602484,"stop":1767923602484,"duration":0},"status":"passed","steps":[],"attachments":[],"parameters":[],"shouldDisplayMessage":false,"stepsCount":0,"attachmentsCount":0,"hasContent":false,"attachmentStep":false},{"name":"juju","time":{"start":1767923602485,"stop":1767923602768,"duration":283},"status":"passed","steps":[],"attachments":[],"parameters":[],"shouldDisplayMessage":false,"stepsCount":0,"attachmentsCount":0,"hasContent":false,"attachmentStep":false},{"name":"abort_on_fail","time":{"start":1767923861320,"stop":1767923861320,"duration":0},"status":"passed","steps":[],"attachments":[],"parameters":[],"shouldDisplayMessage":false,"stepsCount":0,"attachmentsCount":0,"hasContent":false,"attachmentStep":false}],"testStage":{"description":"Test to restore a backup to the same mysql cluster.","status":"broken","statusMessage":"jubilant_backports._juju.CLIError: Command '['juju', 'config', '--model', 'testing', 's3-integrator', 'endpoint=https://storage.googleapis.com', 'bucket=data-charms-testing', 'path=mysql-k8s/945ad0a0-d4a7-4a67-b5c2-8b7ae5268438', 'region=us-east-1']' returned non-zero exit status 1.\nStdout:\n{}\n\nStderr:\nERROR application \"s3-integrator\" not found","statusTrace":"Traceback (most recent call last):\n  File \"/root/spread_project/.tox/integration/lib/python3.12/site-packages/_pytest/runner.py\", line 341, in from_call\n    result: Optional[TResult] = func()\n                                ^^^^^^\n  File \"/root/spread_project/.tox/integration/lib/python3.12/site-packages/_pytest/runner.py\", line 262, in <lambda>\n    lambda: ihook(item=item, **kwds), when=when, reraise=reraise\n            ^^^^^^^^^^^^^^^^^^^^^^^^\n  File \"/root/spread_project/.tox/integration/lib/python3.12/site-packages/pluggy/_hooks.py\", line 513, in __call__\n    return self._hookexec(self.name, self._hookimpls.copy(), kwargs, firstresult)\n           ^^^^^^^^^^^^^^^^^^^^^^^^^^^^^^^^^^^^^^^^^^^^^^^^^^^^^^^^^^^^^^^^^^^^^^\n  File \"/root/spread_project/.tox/integration/lib/python3.12/site-packages/pluggy/_manager.py\", line 120, in _hookexec\n    return self._inner_hookexec(hook_name, methods, kwargs, firstresult)\n           ^^^^^^^^^^^^^^^^^^^^^^^^^^^^^^^^^^^^^^^^^^^^^^^^^^^^^^^^^^^^^\n  File \"/root/spread_project/.tox/integration/lib/python3.12/site-packages/pluggy/_callers.py\", line 182, in _multicall\n    return outcome.get_result()\n           ^^^^^^^^^^^^^^^^^^^^\n  File \"/root/spread_project/.tox/integration/lib/python3.12/site-packages/pluggy/_result.py\", line 100, in get_result\n    raise exc.with_traceback(exc.__traceback__)\n  File \"/root/spread_project/.tox/integration/lib/python3.12/site-packages/pluggy/_callers.py\", line 103, in _multicall\n    res = hook_impl.function(*args)\n          ^^^^^^^^^^^^^^^^^^^^^^^^^\n  File \"/root/spread_project/.tox/integration/lib/python3.12/site-packages/_pytest/runner.py\", line 177, in pytest_runtest_call\n    raise e\n  File \"/root/spread_project/.tox/integration/lib/python3.12/site-packages/_pytest/runner.py\", line 169, in pytest_runtest_call\n    item.runtest()\n  File \"/root/spread_project/.tox/integration/lib/python3.12/site-packages/_pytest/python.py\", line 1792, in runtest\n    self.ihook.pytest_pyfunc_call(pyfuncitem=self)\n  File \"/root/spread_project/.tox/integration/lib/python3.12/site-packages/pluggy/_hooks.py\", line 513, in __call__\n    return self._hookexec(self.name, self._hookimpls.copy(), kwargs, firstresult)\n           ^^^^^^^^^^^^^^^^^^^^^^^^^^^^^^^^^^^^^^^^^^^^^^^^^^^^^^^^^^^^^^^^^^^^^^\n  File \"/root/spread_project/.tox/integration/lib/python3.12/site-packages/pluggy/_manager.py\", line 120, in _hookexec\n    return self._inner_hookexec(hook_name, methods, kwargs, firstresult)\n           ^^^^^^^^^^^^^^^^^^^^^^^^^^^^^^^^^^^^^^^^^^^^^^^^^^^^^^^^^^^^^\n  File \"/root/spread_project/.tox/integration/lib/python3.12/site-packages/pluggy/_callers.py\", line 182, in _multicall\n    return outcome.get_result()\n           ^^^^^^^^^^^^^^^^^^^^\n  File \"/root/spread_project/.tox/integration/lib/python3.12/site-packages/pluggy/_result.py\", line 100, in get_result\n    raise exc.with_traceback(exc.__traceback__)\n  File \"/root/spread_project/.tox/integration/lib/python3.12/site-packages/pluggy/_callers.py\", line 103, in _multicall\n    res = hook_impl.function(*args)\n          ^^^^^^^^^^^^^^^^^^^^^^^^^\n  File \"/root/spread_project/.tox/integration/lib/python3.12/site-packages/_pytest/python.py\", line 194, in pytest_pyfunc_call\n    result = testfunction(**testargs)\n             ^^^^^^^^^^^^^^^^^^^^^^^^\n  File \"/root/spread_project/tests/integration/integration/test_backup_gcp.py\", line 225, in test_restore_on_same_cluster\n    juju.config(S3_INTEGRATOR, cloud_configs)\n  File \"/root/spread_project/.tox/integration/lib/python3.12/site-packages/jubilant_backports/_juju.py\", line 385, in config\n    self.cli(*args)\n  File \"/root/spread_project/.tox/integration/lib/python3.12/site-packages/jubilant_backports/_juju.py\", line 306, in cli\n    stdout, _ = self._cli(*args, include_model=include_model, stdin=stdin)\n                ^^^^^^^^^^^^^^^^^^^^^^^^^^^^^^^^^^^^^^^^^^^^^^^^^^^^^^^^^^\n  File \"/root/spread_project/.tox/integration/lib/python3.12/site-packages/jubilant_backports/_juju.py\", line 326, in _cli\n    raise CLIError(e.returncode, e.cmd, e.stdout, e.stderr) from None\njubilant_backports._juju.CLIError: Command '['juju', 'config', '--model', 'testing', 's3-integrator', 'endpoint=https://storage.googleapis.com', 'bucket=data-charms-testing', 'path=mysql-k8s/945ad0a0-d4a7-4a67-b5c2-8b7ae5268438', 'region=us-east-1']' returned non-zero exit status 1.\nStdout:\n{}\n\nStderr:\nERROR application \"s3-integrator\" not found","steps":[],"attachments":[{"uid":"d85f261a240fd95d","name":"log","source":"d85f261a240fd95d.txt","type":"text/plain","size":815}],"parameters":[],"shouldDisplayMessage":true,"stepsCount":0,"attachmentsCount":1,"hasContent":true,"attachmentStep":false},"afterStages":[{"name":"abort_on_fail::0","time":{"start":1767923910526,"stop":1767923910526,"duration":0},"status":"passed","steps":[],"attachments":[],"parameters":[],"shouldDisplayMessage":false,"stepsCount":0,"attachmentsCount":0,"hasContent":false,"attachmentStep":false},{"name":"juju::0","time":{"start":1767923971015,"stop":1767923971283,"duration":268},"status":"passed","steps":[],"attachments":[],"parameters":[],"shouldDisplayMessage":false,"stepsCount":0,"attachmentsCount":0,"hasContent":false,"attachmentStep":false},{"name":"clean_backups_from_buckets::0","time":{"start":1767923971284,"stop":1767923971847,"duration":563},"status":"passed","steps":[],"attachments":[],"parameters":[],"shouldDisplayMessage":false,"stepsCount":0,"attachmentsCount":0,"hasContent":false,"attachmentStep":false}],"labels":[{"name":"tag","value":"abort_on_fail"},{"name":"parentSuite","value":"tests.integration.integration"},{"name":"suite","value":"test_backup_gcp"},{"name":"host","value":"runnervmi13qx"},{"name":"thread","value":"18343-MainThread"},{"name":"framework","value":"pytest"},{"name":"language","value":"cpython3"},{"name":"package","value":"tests.integration.integration.test_backup_gcp"},{"name":"resultFormat","value":"allure2"}],"parameters":[],"links":[],"hidden":false,"retry":false,"extra":{"severity":"normal","retries":[{"uid":"a312be140692e387","status":"unknown","time":{}}],"categories":[{"name":"Test defects","matchedStatuses":[]}],"history":{"statistic":{"failed":0,"broken":1,"skipped":0,"passed":29,"unknown":2,"total":32},"items":[{"uid":"fc520930b4031f66","reportUrl":"../56//#testresult/fc520930b4031f66","status":"passed","time":{"start":1767751146847,"stop":1767751366092,"duration":219245}},{"uid":"1ffd27ce9e8afa37","reportUrl":"../55//#testresult/1ffd27ce9e8afa37","status":"passed","time":{"start":1767663916613,"stop":1767664129189,"duration":212576}},{"uid":"52acc7952be8d1c8","reportUrl":"../54//#testresult/52acc7952be8d1c8","status":"passed","time":{"start":1767578509442,"stop":1767578747371,"duration":237929}},{"uid":"c18c6d2711fde017","reportUrl":"../53//#testresult/c18c6d2711fde017","status":"passed","time":{"start":1767492242076,"stop":1767492497314,"duration":255238}},{"uid":"6e63e834353bd4c1","reportUrl":"../52//#testresult/6e63e834353bd4c1","status":"passed","time":{"start":1767404586737,"stop":1767404805714,"duration":218977}},{"uid":"e5fd8aca463f53c4","reportUrl":"../51//#testresult/e5fd8aca463f53c4","status":"unknown","time":{}},{"uid":"c3ce57283402ff3","reportUrl":"../50//#testresult/c3ce57283402ff3","status":"passed","time":{"start":1767232150948,"stop":1767232373098,"duration":222150}},{"uid":"9a175f28cdb82c1e","reportUrl":"../49//#testresult/9a175f28cdb82c1e","status":"passed","time":{"start":1767145737971,"stop":1767145967988,"duration":230017}},{"uid":"c6fbad449149ada0","reportUrl":"../48//#testresult/c6fbad449149ada0","status":"passed","time":{"start":1767059158907,"stop":1767059365953,"duration":207046}},{"uid":"6082fd60c0a8bd53","reportUrl":"../47//#testresult/6082fd60c0a8bd53","status":"unknown","time":{}},{"uid":"55e7e225fbd1e733","reportUrl":"../46//#testresult/55e7e225fbd1e733","status":"passed","time":{"start":1766886394533,"stop":1766886598747,"duration":204214}},{"uid":"e402d58a7fb73cb6","reportUrl":"../45//#testresult/e402d58a7fb73cb6","status":"passed","time":{"start":1766799995794,"stop":1766800217658,"duration":221864}},{"uid":"a8f3fb02538858d3","reportUrl":"../44//#testresult/a8f3fb02538858d3","status":"passed","time":{"start":1766713437040,"stop":1766713650690,"duration":213650}},{"uid":"350641add91d501e","reportUrl":"../43//#testresult/350641add91d501e","status":"passed","time":{"start":1766627466356,"stop":1766627684522,"duration":218166}},{"uid":"38e153ba37a0a619","reportUrl":"../42//#testresult/38e153ba37a0a619","status":"passed","time":{"start":1766540871488,"stop":1766541105207,"duration":233719}},{"uid":"5a5703dbde3fe424","reportUrl":"../41//#testresult/5a5703dbde3fe424","status":"passed","time":{"start":1766454215574,"stop":1766454437778,"duration":222204}},{"uid":"609564cbb5399051","reportUrl":"../40//#testresult/609564cbb5399051","status":"passed","time":{"start":1766368176723,"stop":1766368425945,"duration":249222}},{"uid":"a18ed476d693147d","reportUrl":"../39//#testresult/a18ed476d693147d","status":"passed","time":{"start":1766281669453,"stop":1766281890035,"duration":220582}},{"uid":"b89831a895cf443","reportUrl":"../38//#testresult/b89831a895cf443","status":"passed","time":{"start":1766195197594,"stop":1766195417584,"duration":219990}},{"uid":"8ad5aeb7ba0fbd7e","reportUrl":"../37//#testresult/8ad5aeb7ba0fbd7e","status":"passed","time":{"start":1766110216839,"stop":1766110416389,"duration":199550}}]},"tags":["abort_on_fail"]},"source":"cff5571aa35024ee.json","parameterValues":[]}