[32mINFO    [0m jubilant:_juju.py:316 cli: juju status --model testing --format json
[32mINFO    [0m jubilant:_juju.py:316 cli: juju status --model testing --format json
[32mINFO    [0m jubilant:_juju.py:316 cli: juju status --model testing --format json
[32mINFO    [0m jubilant:_juju.py:316 cli: juju run --model testing --format json mysql-k8s/2 get-cluster-status --wait 300s --params /root/snap/juju/common/tmp1zva2r25
[32mINFO    [0m root:test_primary_switchover.py:60 Current primary unit: mysql-k8s/1
[32mINFO    [0m root:test_primary_switchover.py:66 Unit selected for promotion: mysql-k8s/2
[32mINFO    [0m root:test_primary_switchover.py:68 Simulate quorum loss
[32mINFO    [0m jubilant:_juju.py:316 cli: juju model-config --model testing update-status-hook-interval=45s
[32mINFO    [0m root:test_primary_switchover.py:73 Waiting to settle in error state
[32mINFO    [0m root:test_primary_switchover.py:84 Attempting to promote a unit to primary after quorum loss...
[32mINFO    [0m jubilant:_juju.py:316 cli: juju run --model testing --format json mysql-k8s/2 promote-to-primary --wait 600s --params /root/snap/juju/common/tmppfnqhz9w
[32mINFO    [0m jubilant:_juju.py:316 cli: juju model-config --model testing update-status-hook-interval=15s
[32mINFO    [0m root:test_primary_switchover.py:95 Waiting for all units to become active after switchover...
[32mINFO    [0m jubilant:_juju.py:316 cli: juju status --model testing --format json
[32mINFO    [0m jubilant:_juju.py:316 cli: juju run --model testing --format json mysql-k8s/2 get-cluster-status --wait 300s --params /root/snap/juju/common/tmpn48o946j
[32mINFO    [0m pytest_operator.plugin:plugin.py:790 Model status:

Model    Controller          Cloud/Region        Version  SLA          Timestamp
testing  concierge-microk8s  microk8s/localhost  3.6.12   unsupported  02:00:42Z

App             Version                  Status  Scale  Charm           Channel      Rev  Address        Exposed  Message
mysql-k8s       8.0.44-0ubuntu0.22.04.1  active      3  mysql-k8s                      0  10.152.183.56  no       
mysql-test-app  0.0.2                    active      1  mysql-test-app  latest/edge   85  10.152.183.53  no       Last written value=354

Unit               Workload  Agent      Address      Ports  Message
mysql-k8s/0        active    idle       10.1.206.80         
mysql-k8s/1        active    idle       10.1.206.81         
mysql-k8s/2*       active    executing  10.1.206.78         (get-cluster-status) Primary
mysql-test-app/0*  active    idle       10.1.206.79         Last written value=354

[32mINFO    [0m pytest_operator.plugin:plugin.py:796 Juju error logs:

unit-mysql-k8s-1: 01:56:41 ERROR unit.mysql-k8s/1.juju-log Cluster upgrade failed, ensure pre-upgrade checks are ran first.
unit-mysql-k8s-0: 01:56:41 ERROR unit.mysql-k8s/0.juju-log Cluster upgrade failed, ensure pre-upgrade checks are ran first.
unit-mysql-k8s-2: 01:57:14 ERROR unit.mysql-k8s/2.juju-log Failed to execute mysql-shell command
Traceback (most recent call last):
  File "/var/lib/juju/agents/unit-mysql-k8s-2/charm/src/mysql_k8s_helpers.py", line 719, in _run_mysqlsh_script
    stdout, _ = process.wait_output()
  File "/var/lib/juju/agents/unit-mysql-k8s-2/charm/venv/lib/python3.10/site-packages/ops/pebble.py", line 1771, in wait_output
    raise ExecError[AnyStr](self._command, exit_code, out_value, err_value)
ops.pebble.ExecError: non-zero exit code 1 executing ['/usr/bin/mysqlsh', '--passwords-from-stdin', '--uri=serverconfig@mysql-k8s-2.mysql-k8s-endpoints.testing.svc.cluster.local.:33062', '--python', '--verbose=0', '-c', "shell.options.set('useWizards', False)\nprint('###')\nshell.connect_to_primary()\nprimary_address = shell.parse_uri(session.uri)['host']\nprint(f'<PRIMARY_ADDRESS>{primary_address}</PRIMARY_ADDRESS>')"], stdout="\x1b[1mPlease provide the password for 'serverconfig@mysql-k8s-2.mysql-k8s-endpoints.testing.svc.cluster.local.:33062': \x1b[0m###\n", stderr='Cannot set LC_ALL to locale en_US.UTF-8: No such file or directory\nTraceback (most recent call last):\n  File "<string>", line 3, in <module>\nmysqlsh.Error: Shell Error (51011): Shell.connect_to_primary: The InnoDB cluster appears to be under a partial or total outage and an ONLINE PRIMARY cannot be selected. (Group has no quorum)\n'

[32mINFO    [0m pytest_operator.plugin:plugin.py:862 Forgetting main...
[32mINFO    [0m jubilant:_juju.py:316 cli: juju debug-log --model testing --limit 1000