{"uid":"9fe50873990ca315","name":"test_saturate_max_connections","fullName":"tests.integration.test_saturate_max_connections#test_saturate_max_connections","historyId":"d26db47924cdcac8cef09121b26fd9a9","time":{"start":1762655245544,"stop":1762655247027,"duration":1483},"status":"broken","statusMessage":"mysql.connector.errors.OperationalError: 1040 (08004): Too many connections","statusTrace":"Traceback (most recent call last):\n  File \"/root/spread_project/.tox/integration/lib/python3.12/site-packages/_pytest/runner.py\", line 341, in from_call\n    result: Optional[TResult] = func()\n                                ^^^^^^\n  File \"/root/spread_project/.tox/integration/lib/python3.12/site-packages/_pytest/runner.py\", line 262, in <lambda>\n    lambda: ihook(item=item, **kwds), when=when, reraise=reraise\n            ^^^^^^^^^^^^^^^^^^^^^^^^\n  File \"/root/spread_project/.tox/integration/lib/python3.12/site-packages/pluggy/_hooks.py\", line 513, in __call__\n    return self._hookexec(self.name, self._hookimpls.copy(), kwargs, firstresult)\n           ^^^^^^^^^^^^^^^^^^^^^^^^^^^^^^^^^^^^^^^^^^^^^^^^^^^^^^^^^^^^^^^^^^^^^^\n  File \"/root/spread_project/.tox/integration/lib/python3.12/site-packages/pluggy/_manager.py\", line 120, in _hookexec\n    return self._inner_hookexec(hook_name, methods, kwargs, firstresult)\n           ^^^^^^^^^^^^^^^^^^^^^^^^^^^^^^^^^^^^^^^^^^^^^^^^^^^^^^^^^^^^^\n  File \"/root/spread_project/.tox/integration/lib/python3.12/site-packages/pluggy/_callers.py\", line 182, in _multicall\n    return outcome.get_result()\n           ^^^^^^^^^^^^^^^^^^^^\n  File \"/root/spread_project/.tox/integration/lib/python3.12/site-packages/pluggy/_result.py\", line 100, in get_result\n    raise exc.with_traceback(exc.__traceback__)\n  File \"/root/spread_project/.tox/integration/lib/python3.12/site-packages/pluggy/_callers.py\", line 103, in _multicall\n    res = hook_impl.function(*args)\n          ^^^^^^^^^^^^^^^^^^^^^^^^^\n  File \"/root/spread_project/.tox/integration/lib/python3.12/site-packages/_pytest/runner.py\", line 177, in pytest_runtest_call\n    raise e\n  File \"/root/spread_project/.tox/integration/lib/python3.12/site-packages/_pytest/runner.py\", line 169, in pytest_runtest_call\n    item.runtest()\n  File \"/root/spread_project/.tox/integration/lib/python3.12/site-packages/_pytest/python.py\", line 1792, in runtest\n    self.ihook.pytest_pyfunc_call(pyfuncitem=self)\n  File \"/root/spread_project/.tox/integration/lib/python3.12/site-packages/pluggy/_hooks.py\", line 513, in __call__\n    return self._hookexec(self.name, self._hookimpls.copy(), kwargs, firstresult)\n           ^^^^^^^^^^^^^^^^^^^^^^^^^^^^^^^^^^^^^^^^^^^^^^^^^^^^^^^^^^^^^^^^^^^^^^\n  File \"/root/spread_project/.tox/integration/lib/python3.12/site-packages/pluggy/_manager.py\", line 120, in _hookexec\n    return self._inner_hookexec(hook_name, methods, kwargs, firstresult)\n           ^^^^^^^^^^^^^^^^^^^^^^^^^^^^^^^^^^^^^^^^^^^^^^^^^^^^^^^^^^^^^\n  File \"/root/spread_project/.tox/integration/lib/python3.12/site-packages/pluggy/_callers.py\", line 182, in _multicall\n    return outcome.get_result()\n           ^^^^^^^^^^^^^^^^^^^^\n  File \"/root/spread_project/.tox/integration/lib/python3.12/site-packages/pluggy/_result.py\", line 100, in get_result\n    raise exc.with_traceback(exc.__traceback__)\n  File \"/root/spread_project/.tox/integration/lib/python3.12/site-packages/pluggy/_callers.py\", line 103, in _multicall\n    res = hook_impl.function(*args)\n          ^^^^^^^^^^^^^^^^^^^^^^^^^\n  File \"/root/spread_project/.tox/integration/lib/python3.12/site-packages/_pytest/python.py\", line 194, in pytest_pyfunc_call\n    result = testfunction(**testargs)\n             ^^^^^^^^^^^^^^^^^^^^^^^^\n  File \"/root/spread_project/.tox/integration/lib/python3.12/site-packages/pytest_asyncio/plugin.py\", line 529, in inner\n    _loop.run_until_complete(task)\n  File \"/usr/lib/python3.12/asyncio/base_events.py\", line 687, in run_until_complete\n    return future.result()\n           ^^^^^^^^^^^^^^^\n  File \"/root/spread_project/tests/integration/test_saturate_max_connections.py\", line 81, in test_saturate_max_connections\n    connections = create_db_connections(CONNECTIONS, **credentials)\n                  ^^^^^^^^^^^^^^^^^^^^^^^^^^^^^^^^^^^^^^^^^^^^^^^^^\n  File \"/root/spread_project/tests/integration/connector.py\", line 56, in create_db_connections\n    conn = mysql.connector.connect(\n           ^^^^^^^^^^^^^^^^^^^^^^^^\n  File \"/root/spread_project/.tox/integration/lib/python3.12/site-packages/mysql/connector/pooling.py\", line 323, in connect\n    return MySQLConnection(*args, **kwargs)\n           ^^^^^^^^^^^^^^^^^^^^^^^^^^^^^^^^\n  File \"/root/spread_project/.tox/integration/lib/python3.12/site-packages/mysql/connector/connection.py\", line 179, in __init__\n    self.connect(**kwargs)\n  File \"/root/spread_project/.tox/integration/lib/python3.12/site-packages/mysql/connector/abstracts.py\", line 1426, in connect\n    self._open_connection()\n  File \"/root/spread_project/.tox/integration/lib/python3.12/site-packages/mysql/connector/connection.py\", line 376, in _open_connection\n    self._do_auth(\n  File \"/root/spread_project/.tox/integration/lib/python3.12/site-packages/mysql/connector/connection.py\", line 314, in _do_auth\n    ok_pkt = self._authenticator.authenticate(\n             ^^^^^^^^^^^^^^^^^^^^^^^^^^^^^^^^^\n  File \"/root/spread_project/.tox/integration/lib/python3.12/site-packages/mysql/connector/authentication.py\", line 368, in authenticate\n    ok_pkt = self._handle_server_response(sock, pkt)\n             ^^^^^^^^^^^^^^^^^^^^^^^^^^^^^^^^^^^^^^^\n  File \"/root/spread_project/.tox/integration/lib/python3.12/site-packages/mysql/connector/authentication.py\", line 287, in _handle_server_response\n    raise get_exception(pkt)\nmysql.connector.errors.OperationalError: 1040 (08004): Too many connections","flaky":false,"newFailed":false,"newBroken":true,"newPassed":false,"retriesCount":1,"retriesStatusChange":true,"beforeStages":[{"name":"event_loop","time":{"start":1762655170323,"stop":1762655170323,"duration":0},"status":"passed","steps":[],"attachments":[],"parameters":[],"shouldDisplayMessage":false,"stepsCount":0,"attachmentsCount":0,"hasContent":false,"attachmentStep":false},{"name":"tmp_path_factory","time":{"start":1762655170323,"stop":1762655170323,"duration":0},"status":"passed","steps":[],"attachments":[],"parameters":[],"shouldDisplayMessage":false,"stepsCount":0,"attachmentsCount":0,"hasContent":false,"attachmentStep":false},{"name":"ops_test","time":{"start":1762655170324,"stop":1762655170544,"duration":220},"status":"passed","steps":[],"attachments":[],"parameters":[],"shouldDisplayMessage":false,"stepsCount":0,"attachmentsCount":0,"hasContent":false,"attachmentStep":false},{"name":"abort_on_fail","time":{"start":1762655245544,"stop":1762655245544,"duration":0},"status":"passed","steps":[],"attachments":[],"parameters":[],"shouldDisplayMessage":false,"stepsCount":0,"attachmentsCount":0,"hasContent":false,"attachmentStep":false}],"testStage":{"status":"broken","statusMessage":"mysql.connector.errors.OperationalError: 1040 (08004): Too many connections","statusTrace":"Traceback (most recent call last):\n  File \"/root/spread_project/.tox/integration/lib/python3.12/site-packages/_pytest/runner.py\", line 341, in from_call\n    result: Optional[TResult] = func()\n                                ^^^^^^\n  File \"/root/spread_project/.tox/integration/lib/python3.12/site-packages/_pytest/runner.py\", line 262, in <lambda>\n    lambda: ihook(item=item, **kwds), when=when, reraise=reraise\n            ^^^^^^^^^^^^^^^^^^^^^^^^\n  File \"/root/spread_project/.tox/integration/lib/python3.12/site-packages/pluggy/_hooks.py\", line 513, in __call__\n    return self._hookexec(self.name, self._hookimpls.copy(), kwargs, firstresult)\n           ^^^^^^^^^^^^^^^^^^^^^^^^^^^^^^^^^^^^^^^^^^^^^^^^^^^^^^^^^^^^^^^^^^^^^^\n  File \"/root/spread_project/.tox/integration/lib/python3.12/site-packages/pluggy/_manager.py\", line 120, in _hookexec\n    return self._inner_hookexec(hook_name, methods, kwargs, firstresult)\n           ^^^^^^^^^^^^^^^^^^^^^^^^^^^^^^^^^^^^^^^^^^^^^^^^^^^^^^^^^^^^^\n  File \"/root/spread_project/.tox/integration/lib/python3.12/site-packages/pluggy/_callers.py\", line 182, in _multicall\n    return outcome.get_result()\n           ^^^^^^^^^^^^^^^^^^^^\n  File \"/root/spread_project/.tox/integration/lib/python3.12/site-packages/pluggy/_result.py\", line 100, in get_result\n    raise exc.with_traceback(exc.__traceback__)\n  File \"/root/spread_project/.tox/integration/lib/python3.12/site-packages/pluggy/_callers.py\", line 103, in _multicall\n    res = hook_impl.function(*args)\n          ^^^^^^^^^^^^^^^^^^^^^^^^^\n  File \"/root/spread_project/.tox/integration/lib/python3.12/site-packages/_pytest/runner.py\", line 177, in pytest_runtest_call\n    raise e\n  File \"/root/spread_project/.tox/integration/lib/python3.12/site-packages/_pytest/runner.py\", line 169, in pytest_runtest_call\n    item.runtest()\n  File \"/root/spread_project/.tox/integration/lib/python3.12/site-packages/_pytest/python.py\", line 1792, in runtest\n    self.ihook.pytest_pyfunc_call(pyfuncitem=self)\n  File \"/root/spread_project/.tox/integration/lib/python3.12/site-packages/pluggy/_hooks.py\", line 513, in __call__\n    return self._hookexec(self.name, self._hookimpls.copy(), kwargs, firstresult)\n           ^^^^^^^^^^^^^^^^^^^^^^^^^^^^^^^^^^^^^^^^^^^^^^^^^^^^^^^^^^^^^^^^^^^^^^\n  File \"/root/spread_project/.tox/integration/lib/python3.12/site-packages/pluggy/_manager.py\", line 120, in _hookexec\n    return self._inner_hookexec(hook_name, methods, kwargs, firstresult)\n           ^^^^^^^^^^^^^^^^^^^^^^^^^^^^^^^^^^^^^^^^^^^^^^^^^^^^^^^^^^^^^\n  File \"/root/spread_project/.tox/integration/lib/python3.12/site-packages/pluggy/_callers.py\", line 182, in _multicall\n    return outcome.get_result()\n           ^^^^^^^^^^^^^^^^^^^^\n  File \"/root/spread_project/.tox/integration/lib/python3.12/site-packages/pluggy/_result.py\", line 100, in get_result\n    raise exc.with_traceback(exc.__traceback__)\n  File \"/root/spread_project/.tox/integration/lib/python3.12/site-packages/pluggy/_callers.py\", line 103, in _multicall\n    res = hook_impl.function(*args)\n          ^^^^^^^^^^^^^^^^^^^^^^^^^\n  File \"/root/spread_project/.tox/integration/lib/python3.12/site-packages/_pytest/python.py\", line 194, in pytest_pyfunc_call\n    result = testfunction(**testargs)\n             ^^^^^^^^^^^^^^^^^^^^^^^^\n  File \"/root/spread_project/.tox/integration/lib/python3.12/site-packages/pytest_asyncio/plugin.py\", line 529, in inner\n    _loop.run_until_complete(task)\n  File \"/usr/lib/python3.12/asyncio/base_events.py\", line 687, in run_until_complete\n    return future.result()\n           ^^^^^^^^^^^^^^^\n  File \"/root/spread_project/tests/integration/test_saturate_max_connections.py\", line 81, in test_saturate_max_connections\n    connections = create_db_connections(CONNECTIONS, **credentials)\n                  ^^^^^^^^^^^^^^^^^^^^^^^^^^^^^^^^^^^^^^^^^^^^^^^^^\n  File \"/root/spread_project/tests/integration/connector.py\", line 56, in create_db_connections\n    conn = mysql.connector.connect(\n           ^^^^^^^^^^^^^^^^^^^^^^^^\n  File \"/root/spread_project/.tox/integration/lib/python3.12/site-packages/mysql/connector/pooling.py\", line 323, in connect\n    return MySQLConnection(*args, **kwargs)\n           ^^^^^^^^^^^^^^^^^^^^^^^^^^^^^^^^\n  File \"/root/spread_project/.tox/integration/lib/python3.12/site-packages/mysql/connector/connection.py\", line 179, in __init__\n    self.connect(**kwargs)\n  File \"/root/spread_project/.tox/integration/lib/python3.12/site-packages/mysql/connector/abstracts.py\", line 1426, in connect\n    self._open_connection()\n  File \"/root/spread_project/.tox/integration/lib/python3.12/site-packages/mysql/connector/connection.py\", line 376, in _open_connection\n    self._do_auth(\n  File \"/root/spread_project/.tox/integration/lib/python3.12/site-packages/mysql/connector/connection.py\", line 314, in _do_auth\n    ok_pkt = self._authenticator.authenticate(\n             ^^^^^^^^^^^^^^^^^^^^^^^^^^^^^^^^^\n  File \"/root/spread_project/.tox/integration/lib/python3.12/site-packages/mysql/connector/authentication.py\", line 368, in authenticate\n    ok_pkt = self._handle_server_response(sock, pkt)\n             ^^^^^^^^^^^^^^^^^^^^^^^^^^^^^^^^^^^^^^^\n  File \"/root/spread_project/.tox/integration/lib/python3.12/site-packages/mysql/connector/authentication.py\", line 287, in _handle_server_response\n    raise get_exception(pkt)\nmysql.connector.errors.OperationalError: 1040 (08004): Too many connections","steps":[],"attachments":[{"uid":"a8fe1f2489ef6a4c","name":"log","source":"a8fe1f2489ef6a4c.txt","type":"text/plain","size":1427}],"parameters":[],"shouldDisplayMessage":true,"stepsCount":0,"attachmentsCount":1,"hasContent":true,"attachmentStep":false},"afterStages":[{"name":"ops_test::finalizer","time":{"start":1762655247076,"stop":1762655247529,"duration":453},"status":"passed","steps":[],"attachments":[],"parameters":[],"shouldDisplayMessage":false,"stepsCount":0,"attachmentsCount":0,"hasContent":false,"attachmentStep":false},{"name":"abort_on_fail::0","time":{"start":1762655247076,"stop":1762655247076,"duration":0},"status":"passed","steps":[],"attachments":[],"parameters":[],"shouldDisplayMessage":false,"stepsCount":0,"attachmentsCount":0,"hasContent":false,"attachmentStep":false},{"name":"event_loop::2","time":{"start":1762655247530,"stop":1762655247530,"duration":0},"status":"passed","steps":[],"attachments":[],"parameters":[],"shouldDisplayMessage":false,"stepsCount":0,"attachmentsCount":0,"hasContent":false,"attachmentStep":false},{"name":"event_loop::_close_event_loop","time":{"start":1762655247530,"stop":1762655247530,"duration":0},"status":"passed","steps":[],"attachments":[],"parameters":[],"shouldDisplayMessage":false,"stepsCount":0,"attachmentsCount":0,"hasContent":false,"attachmentStep":false},{"name":"event_loop::_provide_clean_event_loop","time":{"start":1762655247530,"stop":1762655247531,"duration":1},"status":"passed","steps":[],"attachments":[],"parameters":[],"shouldDisplayMessage":false,"stepsCount":0,"attachmentsCount":0,"hasContent":false,"attachmentStep":false}],"labels":[{"name":"tag","value":"abort_on_fail"},{"name":"tag","value":"asyncio"},{"name":"parentSuite","value":"tests.integration"},{"name":"suite","value":"test_saturate_max_connections"},{"name":"host","value":"runnervmw9dnm"},{"name":"thread","value":"20082-MainThread"},{"name":"framework","value":"pytest"},{"name":"language","value":"cpython3"},{"name":"package","value":"tests.integration.test_saturate_max_connections"},{"name":"resultFormat","value":"allure2"}],"parameters":[],"links":[],"hidden":false,"retry":false,"extra":{"severity":"normal","retries":[{"uid":"da2f3f9c76cd6b94","status":"unknown","time":{}}],"categories":[{"name":"Test defects","matchedStatuses":[]}],"history":{"statistic":{"failed":0,"broken":29,"skipped":2,"passed":349,"unknown":15,"total":395},"items":[{"uid":"d3e54d446d00b721","reportUrl":"../3422//#testresult/d3e54d446d00b721","status":"passed","time":{"start":1762569856826,"stop":1762569871529,"duration":14703}},{"uid":"8ea6287807b1b225","reportUrl":"../3421//#testresult/8ea6287807b1b225","status":"passed","time":{"start":1762480770628,"stop":1762480777388,"duration":6760}},{"uid":"247e57b3128680a3","reportUrl":"../3417//#testresult/247e57b3128680a3","status":"passed","time":{"start":1762307513327,"stop":1762307528003,"duration":14676}},{"uid":"5df49b9325a7f12d","reportUrl":"../3413//#testresult/5df49b9325a7f12d","status":"broken","statusDetails":"mysql.connector.errors.OperationalError: 1040 (08004): Too many connections","time":{"start":1762238418188,"stop":1762238419492,"duration":1304}},{"uid":"ca033cccb4b57208","reportUrl":"../3412//#testresult/ca033cccb4b57208","status":"passed","time":{"start":1762134011757,"stop":1762134016473,"duration":4716}},{"uid":"1b7461139c307a73","reportUrl":"../3411//#testresult/1b7461139c307a73","status":"passed","time":{"start":1762048718456,"stop":1762048732134,"duration":13678}},{"uid":"a21625cfc6ffd57b","reportUrl":"../3410//#testresult/a21625cfc6ffd57b","status":"passed","time":{"start":1761963156856,"stop":1761963161613,"duration":4757}},{"uid":"c178c46aa8eceeea","reportUrl":"../3409//#testresult/c178c46aa8eceeea","status":"passed","time":{"start":1761875144606,"stop":1761875148253,"duration":3647}},{"uid":"4e7c12a8842cbc6a","reportUrl":"../3404//#testresult/4e7c12a8842cbc6a","status":"passed","time":{"start":1761828572177,"stop":1761828575907,"duration":3730}},{"uid":"bc21da3f564b4a5d","reportUrl":"../3393//#testresult/bc21da3f564b4a5d","status":"passed","time":{"start":1761702526079,"stop":1761702529850,"duration":3771}},{"uid":"51bbc4f1511deb9a","reportUrl":"../3382//#testresult/51bbc4f1511deb9a","status":"passed","time":{"start":1761616286443,"stop":1761616299135,"duration":12692}},{"uid":"c9ae2fff61cb1376","reportUrl":"../3374//#testresult/c9ae2fff61cb1376","status":"passed","time":{"start":1761530818682,"stop":1761530823453,"duration":4771}},{"uid":"f9c8a7ec05dacb83","reportUrl":"../3373//#testresult/f9c8a7ec05dacb83","status":"passed","time":{"start":1761443983350,"stop":1761443987315,"duration":3965}},{"uid":"948acd4c7fae268e","reportUrl":"../3372//#testresult/948acd4c7fae268e","status":"passed","time":{"start":1761356995976,"stop":1761357008689,"duration":12713}},{"uid":"663f6aa33077b455","reportUrl":"../3364//#testresult/663f6aa33077b455","status":"passed","time":{"start":1761270927892,"stop":1761270932597,"duration":4705}},{"uid":"72ab94cfab91d0c8","reportUrl":"../3358//#testresult/72ab94cfab91d0c8","status":"broken","statusDetails":"mysql.connector.errors.OperationalError: 1040 (08004): Too many connections","time":{"start":1761183875907,"stop":1761183877400,"duration":1493}},{"uid":"c03e501322fb3bf2","reportUrl":"../3355//#testresult/c03e501322fb3bf2","status":"passed","time":{"start":1761103877216,"stop":1761103881065,"duration":3849}},{"uid":"c64c08a2d1d12de0","reportUrl":"../3351//#testresult/c64c08a2d1d12de0","status":"passed","time":{"start":1761011830567,"stop":1761011836327,"duration":5760}},{"uid":"aa87ff6bf953600f","reportUrl":"../3344//#testresult/aa87ff6bf953600f","status":"passed","time":{"start":1760925919121,"stop":1760925924828,"duration":5707}},{"uid":"10548331b8c94701","reportUrl":"../3343//#testresult/10548331b8c94701","status":"passed","time":{"start":1760838518840,"stop":1760838522581,"duration":3741}}]},"tags":["asyncio","abort_on_fail"]},"source":"9fe50873990ca315.json","parameterValues":[]}