[33mWARNING [0m juju.client.connection:connection.py:858 unexpected facade SSHServer received from the controller
[32mINFO    [0m pytest_operator.plugin:plugin.py:675 Connecting to existing model concierge-microk8s:testing on unspecified cloud
[33mWARNING [0m juju.client.connection:connection.py:858 unexpected facade SSHServer received from the controller
[33mWARNING [0m juju.client.connection:connection.py:858 unexpected facade SSHSession received from the controller
[33mWARNING [0m juju.client.connection:connection.py:858 unexpected facade SSHTunneler received from the controller
[33mWARNING [0m juju.client.connection:connection.py:858 unexpected facade SSHServer received from the controller
[32mINFO    [0m integration.high_availability.conftest:conftest.py:27 Clearing continuous writes
[32mINFO    [0m integration.high_availability.conftest:conftest.py:29 Starting continuous writes
[32mINFO    [0m root:test_upgrade_from_stable.py:95 Ensure continuous writes are incrementing
[32mINFO    [0m jubilant:_juju.py:316 cli: juju status --model testing --format json
[32mINFO    [0m jubilant:_juju.py:316 cli: juju status --model testing --format json
[32mINFO    [0m jubilant:_juju.py:316 cli: juju run --model testing --format json mysql-k8s/1 get-cluster-status --wait 300s --params /root/snap/juju/common/tmpbg5fs3wq
[32mINFO    [0m jubilant:_juju.py:316 cli: juju run --model testing --format json mysql-k8s/0 get-password --params /root/snap/juju/common/tmp5ob2osnt
[32mINFO    [0m jubilant:_juju.py:316 cli: juju status --model testing --format json
[32mINFO    [0m jubilant:_juju.py:316 cli: juju model-config --model testing update-status-hook-interval=15s
[32mINFO    [0m jubilant:_juju.py:316 cli: juju run --model testing --format json mysql-k8s/0 get-password --params /root/snap/juju/common/tmpobtxvwx1
[32mINFO    [0m jubilant:_juju.py:316 cli: juju status --model testing --format json
[32mINFO    [0m jubilant:_juju.py:316 cli: juju run --model testing --format json mysql-k8s/1 get-password --params /root/snap/juju/common/tmp52o79k08
[32mINFO    [0m jubilant:_juju.py:316 cli: juju status --model testing --format json
[32mINFO    [0m jubilant:_juju.py:316 cli: juju run --model testing --format json mysql-k8s/2 get-password --params /root/snap/juju/common/tmp6q7pmks7
[32mINFO    [0m jubilant:_juju.py:316 cli: juju status --model testing --format json
[32mINFO    [0m root:test_upgrade_from_stable.py:98 Refresh the charm
[32mINFO    [0m jubilant:_juju.py:316 cli: juju refresh --model testing mysql-k8s --path ./mysql-k8s_ubuntu@22.04-amd64.charm --resource mysql-image=ghcr.io/canonical/charmed-mysql@sha256:e78bdba30923ec87d67879a284d9162dfbb7600b34cbf3f84c9b4cce08648715
[32mINFO    [0m jubilant:_juju.py:316 cli: juju status --model testing --format json
[32mINFO    [0m jubilant:_juju.py:316 cli: juju status --model testing --format json
[32mINFO    [0m root:test_upgrade_from_stable.py:108 Wait for upgrade to complete on first upgrading unit
[32mINFO    [0m root:test_upgrade_from_stable.py:114 Resume upgrade
[32mINFO    [0m httpx:_client.py:1026 HTTP Request: GET https://10.1.0.55:16443/apis/apps/v1/namespaces/testing/statefulsets/mysql-k8s "HTTP/1.1 200 OK"
[32mINFO    [0m jubilant:_juju.py:316 cli: juju run --model testing --format json mysql-k8s/1 resume-upgrade
[32mINFO    [0m httpx:_client.py:1026 HTTP Request: GET https://10.1.0.55:16443/apis/apps/v1/namespaces/testing/statefulsets/mysql-k8s "HTTP/1.1 200 OK"
[32mINFO    [0m root:test_upgrade_from_stable.py:124 Wait for upgrade to complete
[32mINFO    [0m root:test_upgrade_from_stable.py:130 Ensure continuous writes are incrementing
[32mINFO    [0m jubilant:_juju.py:316 cli: juju status --model testing --format json
[32mINFO    [0m jubilant:_juju.py:316 cli: juju status --model testing --format json
[32mINFO    [0m jubilant:_juju.py:316 cli: juju run --model testing --format json mysql-k8s/1 get-cluster-status --wait 300s --params /root/snap/juju/common/tmphehgqt2c
[32mINFO    [0m jubilant:_juju.py:316 cli: juju run --model testing --format json mysql-k8s/2 get-password --params /root/snap/juju/common/tmp7lc_n210
[32mINFO    [0m jubilant:_juju.py:316 cli: juju status --model testing --format json
[32mINFO    [0m jubilant:_juju.py:316 cli: juju model-config --model testing update-status-hook-interval=15s
[32mINFO    [0m jubilant:_juju.py:316 cli: juju run --model testing --format json mysql-k8s/0 get-password --params /root/snap/juju/common/tmpelhxsbxl
[32mINFO    [0m jubilant:_juju.py:316 cli: juju status --model testing --format json
[32mINFO    [0m jubilant:_juju.py:316 cli: juju run --model testing --format json mysql-k8s/1 get-password --params /root/snap/juju/common/tmpp9lur1aa
[32mINFO    [0m jubilant:_juju.py:316 cli: juju status --model testing --format json
[32mINFO    [0m jubilant:_juju.py:316 cli: juju run --model testing --format json mysql-k8s/2 get-password --params /root/snap/juju/common/tmp_cq6l5oh
[32mINFO    [0m jubilant:_juju.py:316 cli: juju status --model testing --format json
[32mINFO    [0m integration.high_availability.conftest:conftest.py:34 Clearing continuous writes
[32mINFO    [0m pytest_operator.plugin:plugin.py:790 Model status:

Model    Controller          Cloud/Region        Version  SLA          Timestamp
testing  concierge-microk8s  microk8s/localhost  3.6.11   unsupported  01:56:44Z

App             Version                  Status  Scale  Charm           Channel      Rev  Address         Exposed  Message
mysql-k8s       8.0.42-0ubuntu0.22.04.2  active      3  mysql-k8s                      0  10.152.183.49   no       
mysql-test-app  0.0.2                    active      1  mysql-test-app  latest/edge   85  10.152.183.193  no       Last written value=25602

Unit               Workload  Agent  Address       Ports  Message
mysql-k8s/0        active    idle   10.1.113.145         
mysql-k8s/1*       active    idle   10.1.113.144         
mysql-k8s/2        active    idle   10.1.113.143         Primary
mysql-test-app/0*  active    idle   10.1.113.136         Last written value=25602

[32mINFO    [0m pytest_operator.plugin:plugin.py:796 Juju error logs:

unit-mysql-k8s-2: 01:52:00 ERROR unit.mysql-k8s/2.juju-log Failed to execute MySQL cli command
Traceback (most recent call last):
  File "/var/lib/juju/agents/unit-mysql-k8s-2/charm/src/mysql_k8s_helpers.py", line 772, in _run_mysqlcli_script
    stdout, _ = process.wait_output()
  File "/var/lib/juju/agents/unit-mysql-k8s-2/charm/venv/lib/python3.10/site-packages/ops/pebble.py", line 1771, in wait_output
    raise ExecError[AnyStr](self._command, exit_code, out_value, err_value)
ops.pebble.ExecError: non-zero exit code 1 executing ['/usr/bin/mysql', '-u', 'clusteradmin', '-p', '-N', '--socket=/var/run/mysqld/mysqld.sock', '-e', 'SELECT MEMBER_STATE, MEMBER_ROLE, MEMBER_ID, @@server_uuid FROM performance_schema.replication_group_members'], stdout='', stderr="Enter password: ERROR 2002 (HY000): Can't connect to local MySQL server through socket '/var/run/mysqld/mysqld.sock' (2)\n"
unit-mysql-k8s-2: 01:52:00 ERROR unit.mysql-k8s/2.juju-log Failed to get member state: mysqld daemon is down
unit-mysql-k8s-2: 01:52:20 ERROR unit.mysql-k8s/2.juju-log Uncaught exception while in charm code:
Traceback (most recent call last):
  File "/var/lib/juju/agents/unit-mysql-k8s-2/charm/src/charm.py", line 1105, in <module>
    main(MySQLOperatorCharm)
  File "/var/lib/juju/agents/unit-mysql-k8s-2/charm/venv/lib/python3.10/site-packages/ops/main.py", line 551, in main
    manager.run()
  File "/var/lib/juju/agents/unit-mysql-k8s-2/charm/venv/lib/python3.10/site-packages/ops/main.py", line 530, in run
    self._emit()
  File "/var/lib/juju/agents/unit-mysql-k8s-2/charm/venv/lib/python3.10/site-packages/ops/main.py", line 519, in _emit
    _emit_charm_event(self.charm, self.dispatcher.event_name)
  File "/var/lib/juju/agents/unit-mysql-k8s-2/charm/venv/lib/python3.10/site-packages/ops/main.py", line 147, in _emit_charm_event
    event_to_emit.emit(*args, **kwargs)
  File "/var/lib/juju/agents/unit-mysql-k8s-2/charm/venv/lib/python3.10/site-packages/ops/framework.py", line 348, in emit
    framework._emit(event)
  File "/var/lib/juju/agents/unit-mysql-k8s-2/charm/venv/lib/python3.10/site-packages/ops/framework.py", line 860, in _emit
    self._reemit(event_path)
  File "/var/lib/juju/agents/unit-mysql-k8s-2/charm/venv/lib/python3.10/site-packages/ops/framework.py", line 950, in _reemit
    custom_handler(event)
  File "/var/lib/juju/agents/unit-mysql-k8s-2/charm/lib/charms/tempo_coordinator_k8s/v0/charm_tracing.py", line 1065, in wrapped_function
    return callable(*args, **kwargs)  # type: ignore
  File "/var/lib/juju/agents/unit-mysql-k8s-2/charm/src/charm.py", line 1008, in _on_update_status
    if self._is_cluster_blocked():
  File "/var/lib/juju/agents/unit-mysql-k8s-2/charm/lib/charms/tempo_coordinator_k8s/v0/charm_tracing.py", line 1065, in wrapped_function
    return callable(*args, **kwargs)  # type: ignore
  File "/var/lib/juju/agents/unit-mysql-k8s-2/charm/src/charm.py", line 979, in _is_cluster_blocked
    member_state, _ = self._mysql.get_member_state()
  File "/var/lib/juju/agents/unit-mysql-k8s-2/charm/lib/charms/tempo_coordinator_k8s/v0/charm_tracing.py", line 1065, in wrapped_function
    return callable(*args, **kwargs)  # type: ignore
  File "/var/lib/juju/agents/unit-mysql-k8s-2/charm/venv/lib/python3.10/site-packages/tenacity/__init__.py", line 330, in wrapped_f
    return self(f, *args, **kw)
  File "/var/lib/juju/agents/unit-mysql-k8s-2/charm/venv/lib/python3.10/site-packages/tenacity/__init__.py", line 467, in __call__
    do = self.iter(retry_state=retry_state)
  File "/var/lib/juju/agents/unit-mysql-k8s-2/charm/venv/lib/python3.10/site-packages/tenacity/__init__.py", line 368, in iter
    result = action(retry_state)
  File "/var/lib/juju/agents/unit-mysql-k8s-2/charm/venv/lib/python3.10/site-packages/tenacity/__init__.py", line 410, in exc_check
    raise retry_exc.reraise()
  File "/var/lib/juju/agents/unit-mysql-k8s-2/charm/venv/lib/python3.10/site-packages/tenacity/__init__.py", line 183, in reraise
    raise self.last_attempt.result()
  File "/usr/lib/python3.10/concurrent/futures/_base.py", line 451, in result
    return self.__get_result()
  File "/usr/lib/python3.10/concurrent/futures/_base.py", line 403, in __get_result
    raise self._exception
  File "/var/lib/juju/agents/unit-mysql-k8s-2/charm/venv/lib/python3.10/site-packages/tenacity/__init__.py", line 470, in __call__
    result = fn(*args, **kwargs)
  File "/var/lib/juju/agents/unit-mysql-k8s-2/charm/lib/charms/mysql/v0/mysql.py", line 2633, in get_member_state
    output = self._run_mysqlcli_script(
  File "/var/lib/juju/agents/unit-mysql-k8s-2/charm/lib/charms/tempo_coordinator_k8s/v0/charm_tracing.py", line 1065, in wrapped_function
    return callable(*args, **kwargs)  # type: ignore
  File "/var/lib/juju/agents/unit-mysql-k8s-2/charm/src/mysql_k8s_helpers.py", line 768, in _run_mysqlcli_script
    process = self.container.exec(command, timeout=timeout, stdin=password)
  File "/var/lib/juju/agents/unit-mysql-k8s-2/charm/venv/lib/python3.10/site-packages/ops/model.py", line 2872, in exec
    return self._pebble.exec(
  File "/var/lib/juju/agents/unit-mysql-k8s-2/charm/venv/lib/python3.10/site-packages/ops/pebble.py", line 2884, in exec
    resp = self._request('POST', '/v1/exec', body=body)
  File "/var/lib/juju/agents/unit-mysql-k8s-2/charm/venv/lib/python3.10/site-packages/ops/pebble.py", line 1995, in _request
    response = self._request_raw(method, path, query, headers, data)
  File "/var/lib/juju/agents/unit-mysql-k8s-2/charm/venv/lib/python3.10/site-packages/ops/pebble.py", line 2048, in _request_raw
    raise ConnectionError(
ops.pebble.ConnectionError: Could not connect to Pebble: socket not found at '/charm/containers/mysql/pebble.socket' (container restarted?)
unit-mysql-k8s-2: 01:52:20 ERROR juju.worker.uniter.operation hook "update-status" (via hook dispatching script: dispatch) failed: exit status 1

[32mINFO    [0m pytest_operator.plugin:plugin.py:862 Forgetting main...
[32mINFO    [0m jubilant:_juju.py:316 cli: juju debug-log --model testing --limit 1000