[32mINFO    [0m integration.high_availability.conftest:conftest.py:26 Clearing continuous writes
[32mINFO    [0m integration.high_availability.conftest:conftest.py:28 Starting continuous writes
[32mINFO    [0m integration.high_availability.test_async_replication:test_async_replication.py:291 Stopping continuous writes after 5s
[32mINFO    [0m integration.high_availability.test_async_replication:test_async_replication.py:299 Remove async relation
[32mINFO    [0m integration.high_availability.test_async_replication:test_async_replication.py:305 waiting for units to be blocked
[32mINFO    [0m integration.high_availability.test_async_replication:test_async_replication.py:311 Waiting for the applications to settle
[32mINFO    [0m juju.model:model.py:2759 Waiting for model:
  db2/0 [executing] blocked: Standalone read-only unit.
  db2/1 [executing] blocked: Standalone read-only unit.
  db2/2 [executing] blocked: Standalone read-only unit.
[32mINFO    [0m juju.model:model.py:2759 Waiting for model:
  db1/0 [executing] maintenance: Removing replica cluster
  db1/1 [idle] active: 
  db1/2 [idle] active: 
[32mINFO    [0m integration.high_availability.test_async_replication:test_async_replication.py:325 Re relating the two mysql clusters
[32mINFO    [0m integration.high_availability.test_async_replication:test_async_replication.py:328 Waiting for the applications to settle
[32mINFO    [0m juju.model:model.py:2759 Waiting for model:
  db2/0 [idle] blocked: Standalone read-only unit.
  db2/1 [idle] blocked: Standalone read-only unit.
  db2/2 [idle] blocked: Standalone read-only unit.
[32mINFO    [0m juju.model:model.py:2759 Waiting for model:
  db1/0 [idle] active: Primary
  db1/1 [idle] active: 
  db1/2 [idle] active: 
[32mINFO    [0m juju.model:model.py:2759 Waiting for model:
  db1/0 [idle] active: Primary
  db1/1 [idle] active: 
  db1/2 [idle] active: 
[32mINFO    [0m juju.model:model.py:2759 Waiting for model:
  db2/0 [idle] active: 
  db2/1 [executing] maintenance: Dissolving replica cluster
  db2/2 [idle] active: 
[32mINFO    [0m juju.model:model.py:2759 Waiting for model:
  db1/0 [idle] active: Primary
  db1/1 [idle] active: 
  db1/2 [idle] active: 
[32mINFO    [0m juju.model:model.py:2759 Waiting for model:
  db2/0 [idle] waiting: waiting to join the cluster
  db2/1 [idle] waiting: Waiting for recovery to complete on other units
  db2/2 [executing] maintenance: joining the cluster
[32mINFO    [0m juju.model:model.py:2759 Waiting for model:
  db2/0 [executing] maintenance: joining the cluster
  db2/1 [idle] waiting: Waiting for recovery to complete on other units
  db2/2 [idle] active: 
[32mINFO    [0m integration.high_availability.test_async_replication:test_async_replication.py:354 Testing data replication
[32mINFO    [0m integration.high_availability.test_async_replication:test_async_replication.py:361 Stopping continuous writes and wait (5s) for replication
[32mINFO    [0m integration.high_availability.test_async_replication:test_async_replication.py:368 Querying max value on all units
[32mINFO    [0m integration.high_availability.conftest:conftest.py:33 Clearing continuous writes
[32mINFO    [0m integration.high_availability.test_async_replication:test_async_replication.py:65 Destroying second model
[32mINFO    [0m pytest_operator.plugin:plugin.py:790 Model status:

Model  Controller          Cloud/Region        Version  SLA          Timestamp
test   microk8s-localhost  microk8s/localhost  3.1.7    unsupported  01:44:31Z

App               Version                  Status  Scale  Charm             Channel        Rev  Address         Exposed  Message
db1               8.0.36-0ubuntu0.22.04.1  active      3  mysql-k8s                          0  10.152.183.135  no       
mysql-router-k8s  8.0.35-0ubuntu0.22.04.1  active      1  mysql-router-k8s  8.0/stable      96  10.152.183.164  no       
mysql-test-app    0.0.2                    active      1  mysql-test-app    latest/stable   37  10.152.183.151  no       

Unit                 Workload  Agent      Address     Ports  Message
db1/0*               active    executing  10.1.3.204         Primary
db1/1                active    executing  10.1.3.206         
db1/2                active    executing  10.1.3.205         
mysql-router-k8s/0*  active    idle       10.1.3.213         
mysql-test-app/0*    active    idle       10.1.3.214         

Offer  Application  Charm      Rev  Connected  Endpoint       Interface          Role
db1    db1          mysql-k8s  0    1/1        async-primary  async_replication  provider

[32mINFO    [0m pytest_operator.plugin:plugin.py:796 Juju error logs:

unit-mysql-test-app-0: 01:36:23 ERROR unit.mysql-test-app/0.juju-log Unable to query the database
Traceback (most recent call last):
  File "/var/lib/juju/agents/unit-mysql-test-app-0/charm/venv/mysql/connector/connection_cext.py", line 611, in cmd_query
    self._cmysql.query(
_mysql_connector.MySQLInterfaceError: Table 'continuous_writes_database.data' doesn't exist

The above exception was the direct cause of the following exception:

Traceback (most recent call last):
  File "/var/lib/juju/agents/unit-mysql-test-app-0/charm/./src/charm.py", line 219, in _stop_continuous_writes
    last_written_value = self._max_written_value()
  File "/var/lib/juju/agents/unit-mysql-test-app-0/charm/./src/charm.py", line 231, in _max_written_value
    cursor.execute(
  File "/var/lib/juju/agents/unit-mysql-test-app-0/charm/venv/mysql/connector/cursor_cext.py", line 330, in execute
    result = self._cnx.cmd_query(
  File "/var/lib/juju/agents/unit-mysql-test-app-0/charm/venv/mysql/connector/connection_cext.py", line 619, in cmd_query
    raise get_mysql_exception(
mysql.connector.errors.ProgrammingError: 1146 (42S02): Table 'continuous_writes_database.data' doesn't exist

The above exception was the direct cause of the following exception:

Traceback (most recent call last):
  File "/var/lib/juju/agents/unit-mysql-test-app-0/charm/./src/charm.py", line 217, in _stop_continuous_writes
    for attempt in Retrying(stop=stop_after_delay(60), wait=wait_fixed(5)):
  File "/var/lib/juju/agents/unit-mysql-test-app-0/charm/venv/tenacity/__init__.py", line 384, in __iter__
    do = self.iter(retry_state=retry_state)
  File "/var/lib/juju/agents/unit-mysql-test-app-0/charm/venv/tenacity/__init__.py", line 363, in iter
    raise retry_exc from fut.exception()
tenacity.RetryError: RetryError[<Future at 0x7f95615a1c60 state=finished raised ProgrammingError>]

[32mINFO    [0m pytest_operator.plugin:plugin.py:862 Forgetting main...