[32mINFO    [0m pytest_operator.plugin:plugin.py:790 Model status:

Model    Controller          Cloud/Region        Version  SLA          Timestamp
testing  concierge-microk8s  microk8s/localhost  3.6.8    unsupported  01:46:53Z

App      Version                  Status       Scale  Charm             Channel      Rev  Address         Exposed  Message
app0     0.0.2                    active           1  mysql-test-app    latest/edge   82  10.152.183.27   no       Last written value=268
app1     0.0.2                    active           1  mysql-test-app    latest/edge   82  10.152.183.18   no       Last written value=274
app2     0.0.2                    active           1  mysql-test-app    latest/edge   82  10.152.183.115  no       Last written value=213
app3     0.0.2                    active           1  mysql-test-app    latest/edge   82  10.152.183.19   no       Last written value=221
app4     0.0.2                    active           1  mysql-test-app    latest/edge   82  10.152.183.193  no       Last written value=234
app5     0.0.2                    active           1  mysql-test-app    latest/edge   82  10.152.183.154  no       Last written value=110
app6     0.0.2                    active           1  mysql-test-app    latest/edge   82  10.152.183.75   no       Last written value=216
mysql    8.0.42-0ubuntu0.22.04.2  active           1  mysql-k8s                        0  10.152.183.157  no       
router0  8.0.42-0ubuntu0.22.04.2  maintenance      1  mysql-router-k8s  8.0/edge     771  10.152.183.236  no       Waiting for K8s service connectivity
router1  8.0.42-0ubuntu0.22.04.2  maintenance      1  mysql-router-k8s  8.0/edge     771  10.152.183.122  no       Waiting for K8s service connectivity
router2  8.0.42-0ubuntu0.22.04.2  active           1  mysql-router-k8s  8.0/edge     771  10.152.183.223  no       
router3  8.0.42-0ubuntu0.22.04.2  maintenance      1  mysql-router-k8s  8.0/edge     771  10.152.183.240  no       Waiting for K8s service connectivity
router4  8.0.42-0ubuntu0.22.04.2  maintenance      1  mysql-router-k8s  8.0/edge     771  10.152.183.129  no       Waiting for K8s service connectivity
router5  8.0.42-0ubuntu0.22.04.2  maintenance      1  mysql-router-k8s  8.0/edge     771  10.152.183.58   no       Waiting for K8s service connectivity
router6  8.0.42-0ubuntu0.22.04.2  maintenance      1  mysql-router-k8s  8.0/edge     771  10.152.183.181  no       Waiting for K8s service connectivity

Unit        Workload  Agent  Address       Ports  Message
app0/0*     active    idle   10.1.130.138         Last written value=268
app1/0*     active    idle   10.1.130.139         Last written value=274
app2/0*     active    idle   10.1.130.141         Last written value=213
app3/0*     active    idle   10.1.130.143         Last written value=221
app4/0*     active    idle   10.1.130.144         Last written value=234
app5/0*     active    idle   10.1.130.146         Last written value=110
app6/0*     active    idle   10.1.130.148         Last written value=216
mysql/0*    active    idle   10.1.130.137         Primary
router0/0*  active    idle   10.1.130.140         
router1/0*  active    idle   10.1.130.142         
router2/0*  active    idle   10.1.130.145         
router3/0*  active    idle   10.1.130.147         
router4/0*  active    idle   10.1.130.149         
router5/0*  active    idle   10.1.130.150         
router6/0*  active    idle   10.1.130.151         

[32mINFO    [0m pytest_operator.plugin:plugin.py:796 Juju error logs:

unit-router3-2: 01:39:33 ERROR unit.router3/2.juju-log backend-database:37: Unable to connect to MySQL Router
Traceback (most recent call last):
  File "/var/lib/juju/agents/unit-router3-2/charm/src/charm.py", line 293, in wait_until_mysql_router_ready
    for attempt in tenacity.Retrying(
  File "/var/lib/juju/agents/unit-router3-2/charm/venv/lib/python3.10/site-packages/tenacity/__init__.py", line 445, in __iter__
    do = self.iter(retry_state=retry_state)
  File "/var/lib/juju/agents/unit-router3-2/charm/venv/lib/python3.10/site-packages/tenacity/__init__.py", line 378, in iter
    result = action(retry_state)
  File "/var/lib/juju/agents/unit-router3-2/charm/venv/lib/python3.10/site-packages/tenacity/__init__.py", line 420, in exc_check
    raise retry_exc.reraise()
  File "/var/lib/juju/agents/unit-router3-2/charm/venv/lib/python3.10/site-packages/tenacity/__init__.py", line 187, in reraise
    raise self.last_attempt.result()
  File "/usr/lib/python3.10/concurrent/futures/_base.py", line 451, in result
    return self.__get_result()
  File "/usr/lib/python3.10/concurrent/futures/_base.py", line 403, in __get_result
    raise self._exception
  File "/var/lib/juju/agents/unit-router3-2/charm/src/charm.py", line 306, in wait_until_mysql_router_ready
    assert s.connect_ex(("localhost", port)) == 0
AssertionError
unit-router3-2: 01:39:33 ERROR unit.router3/2.juju-log backend-database:37: Uncaught exception while in charm code:
Traceback (most recent call last):
  File "/var/lib/juju/agents/unit-router3-2/charm/src/charm.py", line 454, in <module>
    ops.main.main(KubernetesRouterCharm)
  File "/var/lib/juju/agents/unit-router3-2/charm/venv/lib/python3.10/site-packages/ops/main.py", line 436, in main
    _emit_charm_event(charm, dispatcher.event_name)
  File "/var/lib/juju/agents/unit-router3-2/charm/venv/lib/python3.10/site-packages/ops/main.py", line 144, in _emit_charm_event
    event_to_emit.emit(*args, **kwargs)
  File "/var/lib/juju/agents/unit-router3-2/charm/venv/lib/python3.10/site-packages/ops/framework.py", line 351, in emit
    framework._emit(event)
  File "/var/lib/juju/agents/unit-router3-2/charm/venv/lib/python3.10/site-packages/ops/framework.py", line 853, in _emit
    self._reemit(event_path)
  File "/var/lib/juju/agents/unit-router3-2/charm/venv/lib/python3.10/site-packages/ops/framework.py", line 942, in _reemit
    custom_handler(event)
  File "/var/lib/juju/agents/unit-router3-2/charm/lib/charms/data_platform_libs/v0/data_interfaces.py", line 3141, in _on_relation_changed_event
    getattr(self.on, "database_created").emit(
  File "/var/lib/juju/agents/unit-router3-2/charm/venv/lib/python3.10/site-packages/ops/framework.py", line 351, in emit
    framework._emit(event)
  File "/var/lib/juju/agents/unit-router3-2/charm/venv/lib/python3.10/site-packages/ops/framework.py", line 853, in _emit
    self._reemit(event_path)
  File "/var/lib/juju/agents/unit-router3-2/charm/venv/lib/python3.10/site-packages/ops/framework.py", line 942, in _reemit
    custom_handler(event)
  File "/var/lib/juju/agents/unit-router3-2/charm/lib/charms/tempo_coordinator_k8s/v0/charm_tracing.py", line 735, in wrapped_function
    return callable(*args, **kwargs)  # type: ignore
  File "/var/lib/juju/agents/unit-router3-2/charm/src/abstract_charm.py", line 355, in reconcile
    workload_.reconcile(
  File "/var/lib/juju/agents/unit-router3-2/charm/lib/charms/tempo_coordinator_k8s/v0/charm_tracing.py", line 735, in wrapped_function
    return callable(*args, **kwargs)  # type: ignore
  File "/var/lib/juju/agents/unit-router3-2/charm/src/workload.py", line 408, in reconcile
    self._enable_router(event=event, tls=tls, unit_name=unit_name)
  File "/var/lib/juju/agents/unit-router3-2/charm/lib/charms/tempo_coordinator_k8s/v0/charm_tracing.py", line 735, in wrapped_function
    return callable(*args, **kwargs)  # type: ignore
  File "/var/lib/juju/agents/unit-router3-2/charm/src/workload.py", line 350, in _enable_router
    self._charm.wait_until_mysql_router_ready(event=event)
  File "/var/lib/juju/agents/unit-router3-2/charm/lib/charms/tempo_coordinator_k8s/v0/charm_tracing.py", line 735, in wrapped_function
    return callable(*args, **kwargs)  # type: ignore
  File "/var/lib/juju/agents/unit-router3-2/charm/src/charm.py", line 293, in wait_until_mysql_router_ready
    for attempt in tenacity.Retrying(
  File "/var/lib/juju/agents/unit-router3-2/charm/venv/lib/python3.10/site-packages/tenacity/__init__.py", line 445, in __iter__
    do = self.iter(retry_state=retry_state)
  File "/var/lib/juju/agents/unit-router3-2/charm/venv/lib/python3.10/site-packages/tenacity/__init__.py", line 378, in iter
    result = action(retry_state)
  File "/var/lib/juju/agents/unit-router3-2/charm/venv/lib/python3.10/site-packages/tenacity/__init__.py", line 420, in exc_check
    raise retry_exc.reraise()
  File "/var/lib/juju/agents/unit-router3-2/charm/venv/lib/python3.10/site-packages/tenacity/__init__.py", line 187, in reraise
    raise self.last_attempt.result()
  File "/usr/lib/python3.10/concurrent/futures/_base.py", line 451, in result
    return self.__get_result()
  File "/usr/lib/python3.10/concurrent/futures/_base.py", line 403, in __get_result
    raise self._exception
  File "/var/lib/juju/agents/unit-router3-2/charm/src/charm.py", line 306, in wait_until_mysql_router_ready
    assert s.connect_ex(("localhost", port)) == 0
AssertionError
unit-router3-2: 01:39:34 ERROR juju.worker.uniter.operation hook "backend-database-relation-changed" (via hook dispatching script: dispatch) failed: exit status 1

[32mINFO    [0m pytest_operator.plugin:plugin.py:862 Forgetting main...