[32mINFO    [0m pytest_operator.plugin:plugin.py:675 Connecting to existing model concierge-microk8s:testing on unspecified cloud
[32mINFO    [0m integration.high_availability.conftest:conftest.py:57 Deploying mysql-k8s and scaling to 3 units
[32mINFO    [0m juju.model:model.py:2284 Deploying local:mysql-k8s-0
[32mINFO    [0m juju.model:model.py:3211 Waiting for model:
  mysql-k8s/0 [allocating] waiting: installing agent
  mysql-k8s/1 [allocating] waiting: installing agent
[32mINFO    [0m juju.model:model.py:3211 Waiting for model:
  mysql-k8s/0 [executing] maintenance: installing charm software
  mysql-k8s/1 [executing] maintenance: installing charm software
  mysql-k8s/2 [executing] maintenance: installing charm software
[32mINFO    [0m juju.model:model.py:3211 Waiting for model:
  mysql-k8s/0 [idle] maintenance: Initialising mysqld
  mysql-k8s/1 [executing] active: Primary
  mysql-k8s/2 [executing] waiting: waiting to get cluster primary from peers
[32mINFO    [0m juju.model:model.py:3211 Waiting for model:
  mysql-k8s/0 [idle] waiting: waiting to join the cluster
  mysql-k8s/1 [idle] active: Primary
  mysql-k8s/2 [idle] maintenance: joining the cluster
[32mINFO    [0m juju.model:model.py:3211 Waiting for model:
  mysql-k8s/0 [executing] active: 
  mysql-k8s/1 [idle] active: Primary
  mysql-k8s/2 [idle] active: 
[32mINFO    [0m integration.high_availability.conftest:conftest.py:60 Deploying mysql-test-app
[32mINFO    [0m juju.model:model.py:2284 Deploying ch:amd64/jammy/mysql-test-app-73
[32mINFO    [0m juju.model:model.py:3211 Waiting for model:
  mysql-test-app/0 [allocating] waiting: installing agent
[32mINFO    [0m juju.model:model.py:3211 Waiting for model:
  mysql-test-app/0 [idle] waiting: 
[32mINFO    [0m integration.high_availability.conftest:conftest.py:63 Relating mysql-k8s with mysql-test-app
[33mWARNING [0m juju.model:model.py:1666 relate is deprecated and will be removed. Use integrate instead.
[32mINFO    [0m juju.model:model.py:3211 Waiting for model:
  mysql-k8s/0 [idle] active: 
  mysql-k8s/1 [idle] active: Primary
  mysql-k8s/2 [idle] active: 
  mysql-test-app/0 [idle] waiting: 
[32mINFO    [0m juju.model:model.py:3211 Waiting for model:
  mysql-k8s/0 [idle] active: 
  mysql-k8s/1 [idle] active: Primary
  mysql-k8s/2 [idle] active: 
[32mINFO    [0m integration.conftest:conftest.py:28 Getting credentials for the MySQL cluster
[32mINFO    [0m integration.high_availability.test_self_healing_pod:test_self_healing_pod.py:33 Scale mysql application to 1 unit that is active
[32mINFO    [0m juju.model:model.py:3211 Waiting for model:
  mysql-k8s (waiting for exactly 1 units, current : 3)
[32mINFO    [0m juju.model:model.py:3211 Waiting for model:
  mysql-k8s (waiting for exactly 1 units, current : 3)
[32mINFO    [0m juju.model:model.py:3211 Waiting for model:
  mysql-k8s (waiting for exactly 1 units, current : 3)
[32mINFO    [0m integration.high_availability.test_self_healing_pod:test_self_healing_pod.py:39 Delete pod for the the mysql unit
[32mINFO    [0m httpx:_client.py:1026 HTTP Request: DELETE https://10.1.0.89:16443/api/v1/namespaces/testing/pods/mysql-k8s-0 "HTTP/1.1 200 OK"
[32mINFO    [0m integration.high_availability.test_self_healing_pod:test_self_healing_pod.py:43 Wait for a new pod to be created by k8s
[32mINFO    [0m juju.model:model.py:3211 Waiting for model:
  mysql-k8s/0 [idle] active: Primary
[32mINFO    [0m juju.model:model.py:3211 Waiting for model:
  mysql-k8s/0 [executing] maintenance: 
[32mINFO    [0m juju.model:model.py:3211 Waiting for model:
  mysql-k8s/0 [idle] maintenance: Starting mysqld
[32mINFO    [0m juju.model:model.py:3211 Waiting for model:
  mysql-k8s/0 [idle] maintenance: Starting mysqld
[32mINFO    [0m juju.model:model.py:3211 Waiting for model:
  mysql-k8s/0 [idle] maintenance: offline
[32mINFO    [0m juju.model:model.py:3211 Waiting for model:
  mysql-k8s/0 [idle] maintenance: offline
[32mINFO    [0m juju.model:model.py:3211 Waiting for model:
  mysql-k8s/0 [idle] active: Primary
[32mINFO    [0m integration.high_availability.test_self_healing_pod:test_self_healing_pod.py:53 Write data to unit and verify that data was written
[32mINFO    [0m mysql.connector:authentication.py:66 package: mysql.connector.plugins
[32mINFO    [0m mysql.connector:authentication.py:67 plugin_name: caching_sha2_password
[32mINFO    [0m mysql.connector:authentication.py:71 AUTHENTICATION_PLUGIN_CLASS: MySQLCachingSHA2PasswordAuthPlugin
[32mINFO    [0m pytest_operator.plugin:plugin.py:790 Model status:

Model    Controller          Cloud/Region        Version  SLA          Timestamp
testing  concierge-microk8s  microk8s/localhost  3.6.3    unsupported  01:36:58Z

App             Version                  Status  Scale  Charm           Channel      Rev  Address         Exposed  Message
mysql-k8s       8.0.41-0ubuntu0.22.04.1  active      1  mysql-k8s                      0  10.152.183.48   no       
mysql-test-app  0.0.2                    active      1  mysql-test-app  latest/edge   73  10.152.183.103  no       Last written value=617

Unit               Workload  Agent  Address       Ports  Message
mysql-k8s/0*       active    idle   10.1.100.143         Primary
mysql-test-app/0*  active    idle   10.1.100.142         Last written value=617

[32mINFO    [0m pytest_operator.plugin:plugin.py:796 Juju error logs:

unit-mysql-k8s-0: 01:29:24 ERROR unit.mysql-k8s/0.juju-log Failed to execute MySQL cli command
Traceback (most recent call last):
  File "/var/lib/juju/agents/unit-mysql-k8s-0/charm/src/mysql_k8s_helpers.py", line 770, in _run_mysqlcli_script
    stdout, _ = process.wait_output()
  File "/var/lib/juju/agents/unit-mysql-k8s-0/charm/venv/lib/python3.10/site-packages/ops/pebble.py", line 1771, in wait_output
    raise ExecError[AnyStr](self._command, exit_code, out_value, err_value)
ops.pebble.ExecError: non-zero exit code 1 executing ['/usr/bin/mysql', '-u', 'root', '-p', '-N', '--socket=/var/run/mysqld/mysqld.sock', '-e', "CREATE USER 'serverconfig'@'%' IDENTIFIED BY '*****';GRANT ALL ON *.* TO 'serverconfig'@'%' WITH GRANT OPTION;CREATE USER 'monitoring'@'%' IDENTIFIED BY '*****' WITH MAX_USER_CONNECTIONS 3;GRANT SYSTEM_USER, SELECT, PROCESS, SUPER, REPLICATION CLIENT, RELOAD ON *.* TO 'monitoring'@'%';CREATE USER 'backups'@'%' IDENTIFIED BY '*****';GRANT CONNECTION_ADMIN, BACKUP_ADMIN, PROCESS, RELOAD, LOCK TABLES, REPLICATION CLIENT ON *.* TO 'backups'@'%';GRANT SELECT ON performance_schema.log_status TO 'backups'@'%';GRANT SELECT ON performance_schema.keyring_component_status TO 'backups'@'%';GRANT SELECT ON performance_schema.replication_group_members TO 'backups'@'%';UPDATE mysql.user SET authentication_string=null WHERE User='root' and Host='localhost';ALTER USER 'root'@'localhost' IDENTIFIED BY '*****';REVOKE SYSTEM_USER, SYSTEM_VARIABLES_ADMIN, SUPER, REPLICATION_SLAVE_ADMIN, GROUP_REPLICATION_ADMIN, BINLOG_ADMIN, SET_USER_ID, ENCRYPTION_KEY_ADMIN, VERSION_TOKEN_ADMIN, CONNECTION_ADMIN ON *.* FROM 'root'@'localhost';FLUSH PRIVILEGES"], stdout='', stderr="Enter password: ERROR 2002 (HY000): Can't connect to local MySQL server through socket '/var/run/mysqld/mysqld.sock' (2)\n"
unit-mysql-k8s-0: 01:29:24 ERROR unit.mysql-k8s/0.juju-log Failed to configure users for: mysql-k8s-0.mysql-k8s-endpoints.testing.svc.cluster.local
unit-mysql-k8s-0: 01:29:24 ERROR unit.mysql-k8s/0.juju-log Uncaught exception while in charm code:
Traceback (most recent call last):
  File "/var/lib/juju/agents/unit-mysql-k8s-0/charm/src/mysql_k8s_helpers.py", line 770, in _run_mysqlcli_script
    stdout, _ = process.wait_output()
  File "/var/lib/juju/agents/unit-mysql-k8s-0/charm/venv/lib/python3.10/site-packages/ops/pebble.py", line 1771, in wait_output
    raise ExecError[AnyStr](self._command, exit_code, out_value, err_value)
ops.pebble.ExecError: non-zero exit code 1 executing ['/usr/bin/mysql', '-u', 'root', '-p', '-N', '--socket=/var/run/mysqld/mysqld.sock', '-e', "CREATE USER 'serverconfig'@'%' IDENTIFIED BY '*****';GRANT ALL ON *.* TO 'serverconfig'@'%' WITH GRANT OPTION;CREATE USER 'monitoring'@'%' IDENTIFIED BY '*****' WITH MAX_USER_CONNECTIONS 3;GRANT SYSTEM_USER, SELECT, PROCESS, SUPER, REPLICATION CLIENT, RELOAD ON *.* TO 'monitoring'@'%';CREATE USER 'backups'@'%' IDENTIFIED BY '*****';GRANT CONNECTION_ADMIN, BACKUP_ADMIN, PROCESS, RELOAD, LOCK TABLES, REPLICATION CLIENT ON *.* TO 'backups'@'%';GRANT SELECT ON performance_schema.log_status TO 'backups'@'%';GRANT SELECT ON performance_schema.keyring_component_status TO 'backups'@'%';GRANT SELECT ON performance_schema.replication_group_members TO 'backups'@'%';UPDATE mysql.user SET authentication_string=null WHERE User='root' and Host='localhost';ALTER USER 'root'@'localhost' IDENTIFIED BY '*****';REVOKE SYSTEM_USER, SYSTEM_VARIABLES_ADMIN, SUPER, REPLICATION_SLAVE_ADMIN, GROUP_REPLICATION_ADMIN, BINLOG_ADMIN, SET_USER_ID, ENCRYPTION_KEY_ADMIN, VERSION_TOKEN_ADMIN, CONNECTION_ADMIN ON *.* FROM 'root'@'localhost';FLUSH PRIVILEGES"], stdout='', stderr="Enter password: ERROR 2002 (HY000): Can't connect to local MySQL server through socket '/var/run/mysqld/mysqld.sock' (2)\n"

During handling of the above exception, another exception occurred:

Traceback (most recent call last):
  File "/var/lib/juju/agents/unit-mysql-k8s-0/charm/lib/charms/mysql/v0/mysql.py", line 1068, in configure_mysql_users
    self._run_mysqlcli_script(
  File "/var/lib/juju/agents/unit-mysql-k8s-0/charm/lib/charms/tempo_coordinator_k8s/v0/charm_tracing.py", line 1065, in wrapped_function
    return callable(*args, **kwargs)  # type: ignore
  File "/var/lib/juju/agents/unit-mysql-k8s-0/charm/src/mysql_k8s_helpers.py", line 778, in _run_mysqlcli_script
    raise MySQLClientError
charms.mysql.v0.mysql.MySQLClientError

During handling of the above exception, another exception occurred:

Traceback (most recent call last):
  File "/var/lib/juju/agents/unit-mysql-k8s-0/charm/src/charm.py", line 1056, in <module>
    main(MySQLOperatorCharm)
  File "/var/lib/juju/agents/unit-mysql-k8s-0/charm/venv/lib/python3.10/site-packages/ops/main.py", line 551, in main
    manager.run()
  File "/var/lib/juju/agents/unit-mysql-k8s-0/charm/venv/lib/python3.10/site-packages/ops/main.py", line 530, in run
    self._emit()
  File "/var/lib/juju/agents/unit-mysql-k8s-0/charm/venv/lib/python3.10/site-packages/ops/main.py", line 519, in _emit
    _emit_charm_event(self.charm, self.dispatcher.event_name)
  File "/var/lib/juju/agents/unit-mysql-k8s-0/charm/venv/lib/python3.10/site-packages/ops/main.py", line 147, in _emit_charm_event
    event_to_emit.emit(*args, **kwargs)
  File "/var/lib/juju/agents/unit-mysql-k8s-0/charm/venv/lib/python3.10/site-packages/ops/framework.py", line 348, in emit
    framework._emit(event)
  File "/var/lib/juju/agents/unit-mysql-k8s-0/charm/venv/lib/python3.10/site-packages/ops/framework.py", line 860, in _emit
    self._reemit(event_path)
  File "/var/lib/juju/agents/unit-mysql-k8s-0/charm/venv/lib/python3.10/site-packages/ops/framework.py", line 950, in _reemit
    custom_handler(event)
  File "/var/lib/juju/agents/unit-mysql-k8s-0/charm/lib/charms/tempo_coordinator_k8s/v0/charm_tracing.py", line 1065, in wrapped_function
    return callable(*args, **kwargs)  # type: ignore
  File "/var/lib/juju/agents/unit-mysql-k8s-0/charm/src/charm.py", line 796, in _on_mysql_pebble_ready
    self._configure_instance(container)
  File "/var/lib/juju/agents/unit-mysql-k8s-0/charm/lib/charms/tempo_coordinator_k8s/v0/charm_tracing.py", line 1065, in wrapped_function
    return callable(*args, **kwargs)  # type: ignore
  File "/var/lib/juju/agents/unit-mysql-k8s-0/charm/src/charm.py", line 696, in _configure_instance
    self._mysql.configure_mysql_users()
  File "/var/lib/juju/agents/unit-mysql-k8s-0/charm/lib/charms/tempo_coordinator_k8s/v0/charm_tracing.py", line 1065, in wrapped_function
    return callable(*args, **kwargs)  # type: ignore
  File "/var/lib/juju/agents/unit-mysql-k8s-0/charm/lib/charms/mysql/v0/mysql.py", line 1074, in configure_mysql_users
    raise MySQLConfigureMySQLUsersError
charms.mysql.v0.mysql.MySQLConfigureMySQLUsersError
unit-mysql-k8s-0: 01:29:25 ERROR juju.worker.uniter.operation hook "mysql-pebble-ready" (via hook dispatching script: dispatch) failed: exit status 1
unit-mysql-k8s-0: 01:29:25 ERROR juju.worker.uniter pebble poll failed for container "mysql": failed to send pebble-ready event: hook failed
unit-mysql-k8s-0: 01:29:26 ERROR unit.mysql-k8s/0.juju-log Failed to initialise MySQL data directory
Traceback (most recent call last):
  File "/var/lib/juju/agents/unit-mysql-k8s-0/charm/src/mysql_k8s_helpers.py", line 226, in initialise_mysqld
    process.wait()
  File "/var/lib/juju/agents/unit-mysql-k8s-0/charm/venv/lib/python3.10/site-packages/ops/pebble.py", line 1697, in wait
    raise ExecError(self._command, exit_code, None, None)
ops.pebble.ExecError: non-zero exit code 1 executing ['/usr/sbin/mysqld', '--initialize', '-u', 'mysql']
unit-mysql-k8s-0: 01:29:31 ERROR unit.mysql-k8s/0.juju-log Failed to initialise MySQL data directory
Traceback (most recent call last):
  File "/var/lib/juju/agents/unit-mysql-k8s-0/charm/src/mysql_k8s_helpers.py", line 226, in initialise_mysqld
    process.wait()
  File "/var/lib/juju/agents/unit-mysql-k8s-0/charm/venv/lib/python3.10/site-packages/ops/pebble.py", line 1697, in wait
    raise ExecError(self._command, exit_code, None, None)
ops.pebble.ExecError: non-zero exit code 1 executing ['/usr/sbin/mysqld', '--initialize', '-u', 'mysql']
unit-mysql-k8s-0: 01:29:36 ERROR unit.mysql-k8s/0.juju-log Failed to initialise MySQL data directory
Traceback (most recent call last):
  File "/var/lib/juju/agents/unit-mysql-k8s-0/charm/src/mysql_k8s_helpers.py", line 226, in initialise_mysqld
    process.wait()
  File "/var/lib/juju/agents/unit-mysql-k8s-0/charm/venv/lib/python3.10/site-packages/ops/pebble.py", line 1697, in wait
    raise ExecError(self._command, exit_code, None, None)
ops.pebble.ExecError: non-zero exit code 1 executing ['/usr/sbin/mysqld', '--initialize', '-u', 'mysql']
unit-mysql-k8s-0: 01:34:33 ERROR unit.mysql-k8s/0.juju-log Cluster upgrade failed, ensure pre-upgrade checks are ran first.

[32mINFO    [0m pytest_operator.plugin:plugin.py:862 Forgetting main...