[32mINFO    [0m integration.conftest:conftest.py:20 Getting credentials for the MySQL cluster
[32mINFO    [0m integration.high_availability.test_upgrade_from_stable:test_upgrade_from_stable.py:100 Build charm locally
[32mINFO    [0m integration.high_availability.test_upgrade_from_stable:test_upgrade_from_stable.py:106 Build charm locally
[32mINFO    [0m integration.high_availability.test_upgrade_from_stable:test_upgrade_from_stable.py:109 Refresh the charm
[32mINFO    [0m integration.high_availability.test_upgrade_from_stable:test_upgrade_from_stable.py:112 Wait for upgrade to complete on first upgrading unit
[32mINFO    [0m integration.high_availability.test_upgrade_from_stable:test_upgrade_from_stable.py:123 Resume upgrade
[32mINFO    [0m httpx:_client.py:1026 HTTP Request: GET https://10.1.0.24:16443/apis/apps/v1/namespaces/test/statefulsets/mysql-k8s "HTTP/1.1 200 OK"
[32mINFO    [0m httpx:_client.py:1026 HTTP Request: GET https://10.1.0.24:16443/apis/apps/v1/namespaces/test/statefulsets/mysql-k8s "HTTP/1.1 200 OK"
[32mINFO    [0m httpx:_client.py:1026 HTTP Request: GET https://10.1.0.24:16443/apis/apps/v1/namespaces/test/statefulsets/mysql-k8s "HTTP/1.1 200 OK"
[32mINFO    [0m integration.high_availability.test_upgrade_from_stable:test_upgrade_from_stable.py:136 Wait for upgrade to complete
[32mINFO    [0m integration.high_availability.test_upgrade_from_stable:test_upgrade_from_stable.py:142 Ensure continuous_writes
[32mINFO    [0m integration.high_availability.high_availability_helpers:high_availability_helpers.py:505 max_written_value=21531 on unit mysql-k8s/0
[32mINFO    [0m integration.high_availability.high_availability_helpers:high_availability_helpers.py:505 max_written_value=21623 on unit mysql-k8s/0
[32mINFO    [0m integration.high_availability.high_availability_helpers:high_availability_helpers.py:505 max_written_value=21632 on unit mysql-k8s/1
[32mINFO    [0m integration.high_availability.high_availability_helpers:high_availability_helpers.py:505 max_written_value=21641 on unit mysql-k8s/2
[32mINFO    [0m pytest_operator.plugin:plugin.py:790 Model status:

Model  Controller          Cloud/Region        Version  SLA          Timestamp
test   microk8s-localhost  microk8s/localhost  3.6.2    unsupported  01:40:12Z

App        Version                  Status  Scale  Charm           Channel      Rev  Address         Exposed  Message
mysql-k8s  8.0.40-0ubuntu0.22.04.1  active      3  mysql-k8s                      0  10.152.183.238  no       
test-app   0.0.2                    active      1  mysql-test-app  latest/edge   63  10.152.183.237  no       

Unit          Workload  Agent  Address     Ports  Message
mysql-k8s/0   active    idle   10.1.33.17         
mysql-k8s/1*  active    idle   10.1.33.16         Primary
mysql-k8s/2   active    idle   10.1.33.15         
test-app/0*   active    idle   10.1.33.8          

[32mINFO    [0m pytest_operator.plugin:plugin.py:796 Juju error logs:

controller-0: 01:28:54 ERROR juju.worker.caasapplicationprovisioner.runner exited "test-app": more than 20 retries ensuring trust: updating application "test-app" to desired trust false: getting service account role "test-app": k8s: roles.rbac.authorization.k8s.io "test-app" not found
controller-0: 01:28:55 ERROR juju.worker.caasapplicationprovisioner.runner exited "mysql-k8s": more than 20 retries ensuring scale: setting scale to 3 for "mysql-k8s": statefulset "mysql-k8s" not found
controller-0: 01:29:58 ERROR juju.worker.caasapplicationprovisioner.runner exited "test-app": more than 20 retries ensuring scale: setting scale to 1 for "test-app": statefulset "test-app" not found
controller-0: 01:29:58 ERROR juju.worker.caasapplicationprovisioner.runner exited "mysql-k8s": more than 20 retries ensuring trust: updating application "mysql-k8s" to desired trust true: getting service account role "mysql-k8s": k8s: roles.rbac.authorization.k8s.io "mysql-k8s" not found
controller-0: 01:31:01 ERROR juju.worker.caasapplicationprovisioner.runner exited "test-app": more than 20 retries ensuring scale: setting scale to 1 for "test-app": statefulset "test-app" not found
controller-0: 01:31:02 ERROR juju.worker.caasapplicationprovisioner.runner exited "mysql-k8s": more than 20 retries ensuring trust: updating application "mysql-k8s" to desired trust true: getting service account role "mysql-k8s": k8s: roles.rbac.authorization.k8s.io "mysql-k8s" not found
controller-0: 01:32:03 ERROR juju.worker.caasapplicationprovisioner.runner exited "mysql-k8s": more than 20 retries ensuring scale: setting scale to 3 for "mysql-k8s": statefulset "mysql-k8s" not found
controller-0: 01:32:04 ERROR juju.worker.caasapplicationprovisioner.runner exited "test-app": more than 20 retries ensuring scale: setting scale to 1 for "test-app": statefulset "test-app" not found
controller-0: 01:33:06 ERROR juju.worker.caasapplicationprovisioner.runner exited "mysql-k8s": more than 20 retries ensuring scale: setting scale to 3 for "mysql-k8s": statefulset "mysql-k8s" not found
controller-0: 01:33:07 ERROR juju.worker.caasapplicationprovisioner.runner exited "test-app": more than 20 retries ensuring trust: updating application "test-app" to desired trust false: getting service account role "test-app": k8s: roles.rbac.authorization.k8s.io "test-app" not found
unit-mysql-k8s-2: 01:37:47 ERROR unit.mysql-k8s/2.juju-log Failed to execute mysql-shell command
Traceback (most recent call last):
  File "/var/lib/juju/agents/unit-mysql-k8s-2/charm/src/mysql_k8s_helpers.py", line 644, in _run_mysqlsh_script
    stdout, _ = process.wait_output()
  File "/var/lib/juju/agents/unit-mysql-k8s-2/charm/venv/lib/python3.10/site-packages/ops/pebble.py", line 1771, in wait_output
    raise ExecError[AnyStr](self._command, exit_code, out_value, err_value)
ops.pebble.ExecError: non-zero exit code 1 executing ['/usr/bin/mysqlsh', '--passwords-from-stdin', '--uri=serverconfig@mysql-k8s-2.mysql-k8s-endpoints.test.svc.cluster.local:33062', '--python', '--verbose=0', '-c', "shell.options.set('useWizards', False)\nprint('###')\ncluster = dba.get_cluster('cluster-4da62d0a5ee39d167062645c79abfccd')\nprint(cluster.status()['defaultReplicaSet']['topology'].get('mysql-k8s-2', {}).get('status', 'NOT_A_MEMBER'))"], stdout="\x1b[1mPlease provide the password for 'serverconfig@mysql-k8s-2.mysql-k8s-endpoints.test.svc.cluster.local:33062': \x1b[0m###\n", stderr='Cannot set LC_ALL to locale en_US.UTF-8: No such file or directory\nTraceback (most recent call last):\n  File "<string>", line 3, in <module>\nmysqlsh.Error: Shell Error (51314): Dba.get_cluster: This function is not available through a session to an InnoDB Cluster that belongs to an InnoDB ClusterSet but is not ONLINE\n'
unit-mysql-k8s-1: 01:38:43 ERROR unit.mysql-k8s/1.juju-log Failed to execute mysql-shell command
Traceback (most recent call last):
  File "/var/lib/juju/agents/unit-mysql-k8s-1/charm/src/mysql_k8s_helpers.py", line 644, in _run_mysqlsh_script
    stdout, _ = process.wait_output()
  File "/var/lib/juju/agents/unit-mysql-k8s-1/charm/venv/lib/python3.10/site-packages/ops/pebble.py", line 1771, in wait_output
    raise ExecError[AnyStr](self._command, exit_code, out_value, err_value)
ops.pebble.ExecError: non-zero exit code 1 executing ['/usr/bin/mysqlsh', '--passwords-from-stdin', '--uri=serverconfig@mysql-k8s-1.mysql-k8s-endpoints.test.svc.cluster.local:33062', '--python', '--verbose=0', '-c', "shell.options.set('useWizards', False)\nprint('###')\ncluster = dba.get_cluster('cluster-4da62d0a5ee39d167062645c79abfccd')\nprint(cluster.status()['defaultReplicaSet']['topology'].get('mysql-k8s-1', {}).get('status', 'NOT_A_MEMBER'))"], stdout="\x1b[1mPlease provide the password for 'serverconfig@mysql-k8s-1.mysql-k8s-endpoints.test.svc.cluster.local:33062': \x1b[0m###\n", stderr='Cannot set LC_ALL to locale en_US.UTF-8: No such file or directory\nTraceback (most recent call last):\n  File "<string>", line 3, in <module>\nmysqlsh.Error: Shell Error (51314): Dba.get_cluster: This function is not available through a session to an InnoDB Cluster that belongs to an InnoDB ClusterSet but is not ONLINE\n'

[32mINFO    [0m pytest_operator.plugin:plugin.py:862 Forgetting main...