{"uid":"29e1e8355eaff169","name":"test_pitr_aws","fullName":"tests.integration.integration.test_backup_pitr_aws#test_pitr_aws","historyId":"a80f5b9fbdbc202efaa627fc03266a9e","time":{"start":1768961421522,"stop":1768961454231,"duration":32709},"description":"Pitr tests.","descriptionHtml":"<p>Pitr tests.</p>\n","status":"broken","statusMessage":"jubilant_backports._task.TaskError: task error: Task 4: status 'failed', return code 0, details:\nMessage: Missing relation with S3 integrator charm","statusTrace":"Traceback (most recent call last):\n  File \"/root/spread_project/.tox/integration/lib/python3.12/site-packages/_pytest/runner.py\", line 341, in from_call\n    result: Optional[TResult] = func()\n                                ^^^^^^\n  File \"/root/spread_project/.tox/integration/lib/python3.12/site-packages/_pytest/runner.py\", line 262, in <lambda>\n    lambda: ihook(item=item, **kwds), when=when, reraise=reraise\n            ^^^^^^^^^^^^^^^^^^^^^^^^\n  File \"/root/spread_project/.tox/integration/lib/python3.12/site-packages/pluggy/_hooks.py\", line 513, in __call__\n    return self._hookexec(self.name, self._hookimpls.copy(), kwargs, firstresult)\n           ^^^^^^^^^^^^^^^^^^^^^^^^^^^^^^^^^^^^^^^^^^^^^^^^^^^^^^^^^^^^^^^^^^^^^^\n  File \"/root/spread_project/.tox/integration/lib/python3.12/site-packages/pluggy/_manager.py\", line 120, in _hookexec\n    return self._inner_hookexec(hook_name, methods, kwargs, firstresult)\n           ^^^^^^^^^^^^^^^^^^^^^^^^^^^^^^^^^^^^^^^^^^^^^^^^^^^^^^^^^^^^^\n  File \"/root/spread_project/.tox/integration/lib/python3.12/site-packages/pluggy/_callers.py\", line 182, in _multicall\n    return outcome.get_result()\n           ^^^^^^^^^^^^^^^^^^^^\n  File \"/root/spread_project/.tox/integration/lib/python3.12/site-packages/pluggy/_result.py\", line 100, in get_result\n    raise exc.with_traceback(exc.__traceback__)\n  File \"/root/spread_project/.tox/integration/lib/python3.12/site-packages/pluggy/_callers.py\", line 103, in _multicall\n    res = hook_impl.function(*args)\n          ^^^^^^^^^^^^^^^^^^^^^^^^^\n  File \"/root/spread_project/.tox/integration/lib/python3.12/site-packages/_pytest/runner.py\", line 177, in pytest_runtest_call\n    raise e\n  File \"/root/spread_project/.tox/integration/lib/python3.12/site-packages/_pytest/runner.py\", line 169, in pytest_runtest_call\n    item.runtest()\n  File \"/root/spread_project/.tox/integration/lib/python3.12/site-packages/_pytest/python.py\", line 1792, in runtest\n    self.ihook.pytest_pyfunc_call(pyfuncitem=self)\n  File \"/root/spread_project/.tox/integration/lib/python3.12/site-packages/pluggy/_hooks.py\", line 513, in __call__\n    return self._hookexec(self.name, self._hookimpls.copy(), kwargs, firstresult)\n           ^^^^^^^^^^^^^^^^^^^^^^^^^^^^^^^^^^^^^^^^^^^^^^^^^^^^^^^^^^^^^^^^^^^^^^\n  File \"/root/spread_project/.tox/integration/lib/python3.12/site-packages/pluggy/_manager.py\", line 120, in _hookexec\n    return self._inner_hookexec(hook_name, methods, kwargs, firstresult)\n           ^^^^^^^^^^^^^^^^^^^^^^^^^^^^^^^^^^^^^^^^^^^^^^^^^^^^^^^^^^^^^\n  File \"/root/spread_project/.tox/integration/lib/python3.12/site-packages/pluggy/_callers.py\", line 182, in _multicall\n    return outcome.get_result()\n           ^^^^^^^^^^^^^^^^^^^^\n  File \"/root/spread_project/.tox/integration/lib/python3.12/site-packages/pluggy/_result.py\", line 100, in get_result\n    raise exc.with_traceback(exc.__traceback__)\n  File \"/root/spread_project/.tox/integration/lib/python3.12/site-packages/pluggy/_callers.py\", line 103, in _multicall\n    res = hook_impl.function(*args)\n          ^^^^^^^^^^^^^^^^^^^^^^^^^\n  File \"/root/spread_project/.tox/integration/lib/python3.12/site-packages/_pytest/python.py\", line 194, in pytest_pyfunc_call\n    result = testfunction(**testargs)\n             ^^^^^^^^^^^^^^^^^^^^^^^^\n  File \"/root/spread_project/tests/integration/integration/test_backup_pitr_aws.py\", line 21, in test_pitr_aws\n    pitr_operations(juju, cloud_configs_aws[0], cloud_configs_aws[1])\n  File \"/root/spread_project/tests/integration/integration/helpers_backups.py\", line 143, in pitr_operations\n    results = juju.run(\n              ^^^^^^^^^\n  File \"/root/spread_project/.tox/integration/lib/python3.12/site-packages/jubilant_backports/_juju.py\", line 1026, in run\n    task.raise_on_failure()\n  File \"/root/spread_project/.tox/integration/lib/python3.12/site-packages/jubilant_backports/_task.py\", line 120, in raise_on_failure\n    raise TaskError(self)\njubilant_backports._task.TaskError: task error: Task 4: status 'failed', return code 0, details:\nMessage: Missing relation with S3 integrator charm","flaky":false,"newFailed":false,"newBroken":true,"newPassed":false,"retriesCount":1,"retriesStatusChange":true,"beforeStages":[{"name":"juju","time":{"start":1768961380598,"stop":1768961380891,"duration":293},"status":"passed","steps":[],"attachments":[],"parameters":[],"shouldDisplayMessage":false,"stepsCount":0,"attachmentsCount":0,"hasContent":false,"attachmentStep":false},{"name":"cloud_configs_aws","time":{"start":1768961380598,"stop":1768961380598,"duration":0},"status":"passed","steps":[],"attachments":[],"parameters":[],"shouldDisplayMessage":false,"stepsCount":0,"attachmentsCount":0,"hasContent":false,"attachmentStep":false},{"name":"abort_on_fail","time":{"start":1768961421522,"stop":1768961421522,"duration":0},"status":"passed","steps":[],"attachments":[],"parameters":[],"shouldDisplayMessage":false,"stepsCount":0,"attachmentsCount":0,"hasContent":false,"attachmentStep":false}],"testStage":{"description":"Pitr tests.","status":"broken","statusMessage":"jubilant_backports._task.TaskError: task error: Task 4: status 'failed', return code 0, details:\nMessage: Missing relation with S3 integrator charm","statusTrace":"Traceback (most recent call last):\n  File \"/root/spread_project/.tox/integration/lib/python3.12/site-packages/_pytest/runner.py\", line 341, in from_call\n    result: Optional[TResult] = func()\n                                ^^^^^^\n  File \"/root/spread_project/.tox/integration/lib/python3.12/site-packages/_pytest/runner.py\", line 262, in <lambda>\n    lambda: ihook(item=item, **kwds), when=when, reraise=reraise\n            ^^^^^^^^^^^^^^^^^^^^^^^^\n  File \"/root/spread_project/.tox/integration/lib/python3.12/site-packages/pluggy/_hooks.py\", line 513, in __call__\n    return self._hookexec(self.name, self._hookimpls.copy(), kwargs, firstresult)\n           ^^^^^^^^^^^^^^^^^^^^^^^^^^^^^^^^^^^^^^^^^^^^^^^^^^^^^^^^^^^^^^^^^^^^^^\n  File \"/root/spread_project/.tox/integration/lib/python3.12/site-packages/pluggy/_manager.py\", line 120, in _hookexec\n    return self._inner_hookexec(hook_name, methods, kwargs, firstresult)\n           ^^^^^^^^^^^^^^^^^^^^^^^^^^^^^^^^^^^^^^^^^^^^^^^^^^^^^^^^^^^^^\n  File \"/root/spread_project/.tox/integration/lib/python3.12/site-packages/pluggy/_callers.py\", line 182, in _multicall\n    return outcome.get_result()\n           ^^^^^^^^^^^^^^^^^^^^\n  File \"/root/spread_project/.tox/integration/lib/python3.12/site-packages/pluggy/_result.py\", line 100, in get_result\n    raise exc.with_traceback(exc.__traceback__)\n  File \"/root/spread_project/.tox/integration/lib/python3.12/site-packages/pluggy/_callers.py\", line 103, in _multicall\n    res = hook_impl.function(*args)\n          ^^^^^^^^^^^^^^^^^^^^^^^^^\n  File \"/root/spread_project/.tox/integration/lib/python3.12/site-packages/_pytest/runner.py\", line 177, in pytest_runtest_call\n    raise e\n  File \"/root/spread_project/.tox/integration/lib/python3.12/site-packages/_pytest/runner.py\", line 169, in pytest_runtest_call\n    item.runtest()\n  File \"/root/spread_project/.tox/integration/lib/python3.12/site-packages/_pytest/python.py\", line 1792, in runtest\n    self.ihook.pytest_pyfunc_call(pyfuncitem=self)\n  File \"/root/spread_project/.tox/integration/lib/python3.12/site-packages/pluggy/_hooks.py\", line 513, in __call__\n    return self._hookexec(self.name, self._hookimpls.copy(), kwargs, firstresult)\n           ^^^^^^^^^^^^^^^^^^^^^^^^^^^^^^^^^^^^^^^^^^^^^^^^^^^^^^^^^^^^^^^^^^^^^^\n  File \"/root/spread_project/.tox/integration/lib/python3.12/site-packages/pluggy/_manager.py\", line 120, in _hookexec\n    return self._inner_hookexec(hook_name, methods, kwargs, firstresult)\n           ^^^^^^^^^^^^^^^^^^^^^^^^^^^^^^^^^^^^^^^^^^^^^^^^^^^^^^^^^^^^^\n  File \"/root/spread_project/.tox/integration/lib/python3.12/site-packages/pluggy/_callers.py\", line 182, in _multicall\n    return outcome.get_result()\n           ^^^^^^^^^^^^^^^^^^^^\n  File \"/root/spread_project/.tox/integration/lib/python3.12/site-packages/pluggy/_result.py\", line 100, in get_result\n    raise exc.with_traceback(exc.__traceback__)\n  File \"/root/spread_project/.tox/integration/lib/python3.12/site-packages/pluggy/_callers.py\", line 103, in _multicall\n    res = hook_impl.function(*args)\n          ^^^^^^^^^^^^^^^^^^^^^^^^^\n  File \"/root/spread_project/.tox/integration/lib/python3.12/site-packages/_pytest/python.py\", line 194, in pytest_pyfunc_call\n    result = testfunction(**testargs)\n             ^^^^^^^^^^^^^^^^^^^^^^^^\n  File \"/root/spread_project/tests/integration/integration/test_backup_pitr_aws.py\", line 21, in test_pitr_aws\n    pitr_operations(juju, cloud_configs_aws[0], cloud_configs_aws[1])\n  File \"/root/spread_project/tests/integration/integration/helpers_backups.py\", line 143, in pitr_operations\n    results = juju.run(\n              ^^^^^^^^^\n  File \"/root/spread_project/.tox/integration/lib/python3.12/site-packages/jubilant_backports/_juju.py\", line 1026, in run\n    task.raise_on_failure()\n  File \"/root/spread_project/.tox/integration/lib/python3.12/site-packages/jubilant_backports/_task.py\", line 120, in raise_on_failure\n    raise TaskError(self)\njubilant_backports._task.TaskError: task error: Task 4: status 'failed', return code 0, details:\nMessage: Missing relation with S3 integrator charm","steps":[],"attachments":[{"uid":"ce5f98668785f85e","name":"log","source":"ce5f98668785f85e.txt","type":"text/plain","size":826}],"parameters":[],"shouldDisplayMessage":true,"stepsCount":0,"attachmentsCount":1,"hasContent":true,"attachmentStep":false},"afterStages":[{"name":"abort_on_fail::0","time":{"start":1768961454235,"stop":1768961454235,"duration":0},"status":"passed","steps":[],"attachments":[],"parameters":[],"shouldDisplayMessage":false,"stepsCount":0,"attachmentsCount":0,"hasContent":false,"attachmentStep":false},{"name":"juju::0","time":{"start":1768961454235,"stop":1768961454588,"duration":353},"status":"passed","steps":[],"attachments":[],"parameters":[],"shouldDisplayMessage":false,"stepsCount":0,"attachmentsCount":0,"hasContent":false,"attachmentStep":false}],"labels":[{"name":"tag","value":"abort_on_fail"},{"name":"parentSuite","value":"tests.integration.integration"},{"name":"suite","value":"test_backup_pitr_aws"},{"name":"host","value":"runnervmmtnos"},{"name":"thread","value":"19224-MainThread"},{"name":"framework","value":"pytest"},{"name":"language","value":"cpython3"},{"name":"package","value":"tests.integration.integration.test_backup_pitr_aws"},{"name":"resultFormat","value":"allure2"}],"parameters":[],"links":[],"hidden":false,"retry":false,"extra":{"severity":"normal","retries":[{"uid":"e84871e472754cb","status":"unknown","time":{}}],"categories":[{"name":"Test defects","matchedStatuses":[]}],"history":{"statistic":{"failed":0,"broken":1,"skipped":0,"passed":41,"unknown":0,"total":42},"items":[{"uid":"1184b7048397340d","reportUrl":"../69//#testresult/1184b7048397340d","status":"passed","time":{"start":1768874420391,"stop":1768874658570,"duration":238179}},{"uid":"2f581af6022fe270","reportUrl":"../68//#testresult/2f581af6022fe270","status":"passed","time":{"start":1768786910334,"stop":1768787148589,"duration":238255}},{"uid":"cd2597522b0609a9","reportUrl":"../67//#testresult/cd2597522b0609a9","status":"passed","time":{"start":1768700593449,"stop":1768700820658,"duration":227209}},{"uid":"ab36349281775271","reportUrl":"../65//#testresult/ab36349281775271","status":"passed","time":{"start":1768528206301,"stop":1768528441392,"duration":235091}},{"uid":"755a816c798a1ce1","reportUrl":"../64//#testresult/755a816c798a1ce1","status":"passed","time":{"start":1768443681712,"stop":1768443915009,"duration":233297}},{"uid":"339769bead17a4b2","reportUrl":"../63//#testresult/339769bead17a4b2","status":"passed","time":{"start":1768356740991,"stop":1768356945726,"duration":204735}},{"uid":"e3af4cc716635ef6","reportUrl":"../61//#testresult/e3af4cc716635ef6","status":"passed","time":{"start":1768182305025,"stop":1768182551390,"duration":246365}},{"uid":"4c2ca570292455b0","reportUrl":"../60//#testresult/4c2ca570292455b0","status":"passed","time":{"start":1768096012721,"stop":1768096252023,"duration":239302}},{"uid":"1e028592ce4c6ec4","reportUrl":"../59//#testresult/1e028592ce4c6ec4","status":"passed","time":{"start":1768010632508,"stop":1768010837448,"duration":204940}},{"uid":"e93ad876c52712af","reportUrl":"../58//#testresult/e93ad876c52712af","status":"passed","time":{"start":1767923672287,"stop":1767923895080,"duration":222793}},{"uid":"57e9cbb0c88f1490","reportUrl":"../56//#testresult/57e9cbb0c88f1490","status":"passed","time":{"start":1767751136839,"stop":1767751410287,"duration":273448}},{"uid":"28c0cfc4b2c60ddd","reportUrl":"../55//#testresult/28c0cfc4b2c60ddd","status":"passed","time":{"start":1767663884293,"stop":1767664166212,"duration":281919}},{"uid":"ea979c678f77ef75","reportUrl":"../54//#testresult/ea979c678f77ef75","status":"passed","time":{"start":1767578503532,"stop":1767578785780,"duration":282248}},{"uid":"f8ba16d9ee09e785","reportUrl":"../53//#testresult/f8ba16d9ee09e785","status":"passed","time":{"start":1767492223049,"stop":1767492480402,"duration":257353}},{"uid":"5a1d909517b04da0","reportUrl":"../52//#testresult/5a1d909517b04da0","status":"passed","time":{"start":1767404696113,"stop":1767404981112,"duration":284999}},{"uid":"62e79c8e4e2c4f32","reportUrl":"../51//#testresult/62e79c8e4e2c4f32","status":"passed","time":{"start":1767318377083,"stop":1767318646325,"duration":269242}},{"uid":"525558db6e9dc36a","reportUrl":"../50//#testresult/525558db6e9dc36a","status":"passed","time":{"start":1767232097259,"stop":1767232369328,"duration":272069}},{"uid":"147e2d1c91f42e9","reportUrl":"../49//#testresult/147e2d1c91f42e9","status":"passed","time":{"start":1767145603518,"stop":1767145895839,"duration":292321}},{"uid":"4c21cf8c6db6743d","reportUrl":"../48//#testresult/4c21cf8c6db6743d","status":"passed","time":{"start":1767059117352,"stop":1767059424854,"duration":307502}},{"uid":"3e013912bcd0dfb4","reportUrl":"../47//#testresult/3e013912bcd0dfb4","status":"passed","time":{"start":1766972864802,"stop":1766973152569,"duration":287767}}]},"tags":["abort_on_fail"]},"source":"29e1e8355eaff169.json","parameterValues":[]}