{"uid":"58e0cac7dd25be05","name":"test_backup","fullName":"tests.integration.integration.test_backup_aws#test_backup","historyId":"5a16f7af7424d062a46129a591496c1b","time":{"start":1768961441910,"stop":1768961535242,"duration":93332},"description":"Test to create a backup and list backups.","descriptionHtml":"<p>Test to create a backup and list backups.</p>\n","status":"broken","statusMessage":"jubilant_backports._juju.CLIError: Command '['juju', 'config', '--model', 'testing', 's3-integrator', 'endpoint=https://s3.amazonaws.com', 'bucket=data-charms-testing', 'path=mysql-k8s/a9ea3cac-6321-4164-956a-c6408fac574b', 'region=us-east-1']' returned non-zero exit status 1.\nStdout:\n{}\n\nStderr:\nERROR application \"s3-integrator\" not found","statusTrace":"Traceback (most recent call last):\n  File \"/root/spread_project/.tox/integration/lib/python3.12/site-packages/_pytest/runner.py\", line 341, in from_call\n    result: Optional[TResult] = func()\n                                ^^^^^^\n  File \"/root/spread_project/.tox/integration/lib/python3.12/site-packages/_pytest/runner.py\", line 262, in <lambda>\n    lambda: ihook(item=item, **kwds), when=when, reraise=reraise\n            ^^^^^^^^^^^^^^^^^^^^^^^^\n  File \"/root/spread_project/.tox/integration/lib/python3.12/site-packages/pluggy/_hooks.py\", line 513, in __call__\n    return self._hookexec(self.name, self._hookimpls.copy(), kwargs, firstresult)\n           ^^^^^^^^^^^^^^^^^^^^^^^^^^^^^^^^^^^^^^^^^^^^^^^^^^^^^^^^^^^^^^^^^^^^^^\n  File \"/root/spread_project/.tox/integration/lib/python3.12/site-packages/pluggy/_manager.py\", line 120, in _hookexec\n    return self._inner_hookexec(hook_name, methods, kwargs, firstresult)\n           ^^^^^^^^^^^^^^^^^^^^^^^^^^^^^^^^^^^^^^^^^^^^^^^^^^^^^^^^^^^^^\n  File \"/root/spread_project/.tox/integration/lib/python3.12/site-packages/pluggy/_callers.py\", line 182, in _multicall\n    return outcome.get_result()\n           ^^^^^^^^^^^^^^^^^^^^\n  File \"/root/spread_project/.tox/integration/lib/python3.12/site-packages/pluggy/_result.py\", line 100, in get_result\n    raise exc.with_traceback(exc.__traceback__)\n  File \"/root/spread_project/.tox/integration/lib/python3.12/site-packages/pluggy/_callers.py\", line 103, in _multicall\n    res = hook_impl.function(*args)\n          ^^^^^^^^^^^^^^^^^^^^^^^^^\n  File \"/root/spread_project/.tox/integration/lib/python3.12/site-packages/_pytest/runner.py\", line 177, in pytest_runtest_call\n    raise e\n  File \"/root/spread_project/.tox/integration/lib/python3.12/site-packages/_pytest/runner.py\", line 169, in pytest_runtest_call\n    item.runtest()\n  File \"/root/spread_project/.tox/integration/lib/python3.12/site-packages/_pytest/python.py\", line 1792, in runtest\n    self.ihook.pytest_pyfunc_call(pyfuncitem=self)\n  File \"/root/spread_project/.tox/integration/lib/python3.12/site-packages/pluggy/_hooks.py\", line 513, in __call__\n    return self._hookexec(self.name, self._hookimpls.copy(), kwargs, firstresult)\n           ^^^^^^^^^^^^^^^^^^^^^^^^^^^^^^^^^^^^^^^^^^^^^^^^^^^^^^^^^^^^^^^^^^^^^^\n  File \"/root/spread_project/.tox/integration/lib/python3.12/site-packages/pluggy/_manager.py\", line 120, in _hookexec\n    return self._inner_hookexec(hook_name, methods, kwargs, firstresult)\n           ^^^^^^^^^^^^^^^^^^^^^^^^^^^^^^^^^^^^^^^^^^^^^^^^^^^^^^^^^^^^^\n  File \"/root/spread_project/.tox/integration/lib/python3.12/site-packages/pluggy/_callers.py\", line 182, in _multicall\n    return outcome.get_result()\n           ^^^^^^^^^^^^^^^^^^^^\n  File \"/root/spread_project/.tox/integration/lib/python3.12/site-packages/pluggy/_result.py\", line 100, in get_result\n    raise exc.with_traceback(exc.__traceback__)\n  File \"/root/spread_project/.tox/integration/lib/python3.12/site-packages/pluggy/_callers.py\", line 103, in _multicall\n    res = hook_impl.function(*args)\n          ^^^^^^^^^^^^^^^^^^^^^^^^^\n  File \"/root/spread_project/.tox/integration/lib/python3.12/site-packages/_pytest/python.py\", line 194, in pytest_pyfunc_call\n    result = testfunction(**testargs)\n             ^^^^^^^^^^^^^^^^^^^^^^^^\n  File \"/root/spread_project/tests/integration/integration/test_backup_aws.py\", line 155, in test_backup\n    juju.config(S3_INTEGRATOR, cloud_configs)\n  File \"/root/spread_project/.tox/integration/lib/python3.12/site-packages/jubilant_backports/_juju.py\", line 385, in config\n    self.cli(*args)\n  File \"/root/spread_project/.tox/integration/lib/python3.12/site-packages/jubilant_backports/_juju.py\", line 306, in cli\n    stdout, _ = self._cli(*args, include_model=include_model, stdin=stdin)\n                ^^^^^^^^^^^^^^^^^^^^^^^^^^^^^^^^^^^^^^^^^^^^^^^^^^^^^^^^^^\n  File \"/root/spread_project/.tox/integration/lib/python3.12/site-packages/jubilant_backports/_juju.py\", line 326, in _cli\n    raise CLIError(e.returncode, e.cmd, e.stdout, e.stderr) from None\njubilant_backports._juju.CLIError: Command '['juju', 'config', '--model', 'testing', 's3-integrator', 'endpoint=https://s3.amazonaws.com', 'bucket=data-charms-testing', 'path=mysql-k8s/a9ea3cac-6321-4164-956a-c6408fac574b', 'region=us-east-1']' returned non-zero exit status 1.\nStdout:\n{}\n\nStderr:\nERROR application \"s3-integrator\" not found","flaky":false,"newFailed":false,"newBroken":true,"newPassed":false,"retriesCount":1,"retriesStatusChange":true,"beforeStages":[{"name":"cloud_configs_aws","time":{"start":1768961410347,"stop":1768961410347,"duration":0},"status":"passed","steps":[],"attachments":[],"parameters":[],"shouldDisplayMessage":false,"stepsCount":0,"attachmentsCount":0,"hasContent":false,"attachmentStep":false},{"name":"clean_backups_from_buckets","time":{"start":1768961410348,"stop":1768961410348,"duration":0},"status":"passed","steps":[],"attachments":[],"parameters":[],"shouldDisplayMessage":false,"stepsCount":0,"attachmentsCount":0,"hasContent":false,"attachmentStep":false},{"name":"juju","time":{"start":1768961410348,"stop":1768961410648,"duration":300},"status":"passed","steps":[],"attachments":[],"parameters":[],"shouldDisplayMessage":false,"stepsCount":0,"attachmentsCount":0,"hasContent":false,"attachmentStep":false},{"name":"abort_on_fail","time":{"start":1768961441909,"stop":1768961441909,"duration":0},"status":"passed","steps":[],"attachments":[],"parameters":[],"shouldDisplayMessage":false,"stepsCount":0,"attachmentsCount":0,"hasContent":false,"attachmentStep":false}],"testStage":{"description":"Test to create a backup and list backups.","status":"broken","statusMessage":"jubilant_backports._juju.CLIError: Command '['juju', 'config', '--model', 'testing', 's3-integrator', 'endpoint=https://s3.amazonaws.com', 'bucket=data-charms-testing', 'path=mysql-k8s/a9ea3cac-6321-4164-956a-c6408fac574b', 'region=us-east-1']' returned non-zero exit status 1.\nStdout:\n{}\n\nStderr:\nERROR application \"s3-integrator\" not found","statusTrace":"Traceback (most recent call last):\n  File \"/root/spread_project/.tox/integration/lib/python3.12/site-packages/_pytest/runner.py\", line 341, in from_call\n    result: Optional[TResult] = func()\n                                ^^^^^^\n  File \"/root/spread_project/.tox/integration/lib/python3.12/site-packages/_pytest/runner.py\", line 262, in <lambda>\n    lambda: ihook(item=item, **kwds), when=when, reraise=reraise\n            ^^^^^^^^^^^^^^^^^^^^^^^^\n  File \"/root/spread_project/.tox/integration/lib/python3.12/site-packages/pluggy/_hooks.py\", line 513, in __call__\n    return self._hookexec(self.name, self._hookimpls.copy(), kwargs, firstresult)\n           ^^^^^^^^^^^^^^^^^^^^^^^^^^^^^^^^^^^^^^^^^^^^^^^^^^^^^^^^^^^^^^^^^^^^^^\n  File \"/root/spread_project/.tox/integration/lib/python3.12/site-packages/pluggy/_manager.py\", line 120, in _hookexec\n    return self._inner_hookexec(hook_name, methods, kwargs, firstresult)\n           ^^^^^^^^^^^^^^^^^^^^^^^^^^^^^^^^^^^^^^^^^^^^^^^^^^^^^^^^^^^^^\n  File \"/root/spread_project/.tox/integration/lib/python3.12/site-packages/pluggy/_callers.py\", line 182, in _multicall\n    return outcome.get_result()\n           ^^^^^^^^^^^^^^^^^^^^\n  File \"/root/spread_project/.tox/integration/lib/python3.12/site-packages/pluggy/_result.py\", line 100, in get_result\n    raise exc.with_traceback(exc.__traceback__)\n  File \"/root/spread_project/.tox/integration/lib/python3.12/site-packages/pluggy/_callers.py\", line 103, in _multicall\n    res = hook_impl.function(*args)\n          ^^^^^^^^^^^^^^^^^^^^^^^^^\n  File \"/root/spread_project/.tox/integration/lib/python3.12/site-packages/_pytest/runner.py\", line 177, in pytest_runtest_call\n    raise e\n  File \"/root/spread_project/.tox/integration/lib/python3.12/site-packages/_pytest/runner.py\", line 169, in pytest_runtest_call\n    item.runtest()\n  File \"/root/spread_project/.tox/integration/lib/python3.12/site-packages/_pytest/python.py\", line 1792, in runtest\n    self.ihook.pytest_pyfunc_call(pyfuncitem=self)\n  File \"/root/spread_project/.tox/integration/lib/python3.12/site-packages/pluggy/_hooks.py\", line 513, in __call__\n    return self._hookexec(self.name, self._hookimpls.copy(), kwargs, firstresult)\n           ^^^^^^^^^^^^^^^^^^^^^^^^^^^^^^^^^^^^^^^^^^^^^^^^^^^^^^^^^^^^^^^^^^^^^^\n  File \"/root/spread_project/.tox/integration/lib/python3.12/site-packages/pluggy/_manager.py\", line 120, in _hookexec\n    return self._inner_hookexec(hook_name, methods, kwargs, firstresult)\n           ^^^^^^^^^^^^^^^^^^^^^^^^^^^^^^^^^^^^^^^^^^^^^^^^^^^^^^^^^^^^^\n  File \"/root/spread_project/.tox/integration/lib/python3.12/site-packages/pluggy/_callers.py\", line 182, in _multicall\n    return outcome.get_result()\n           ^^^^^^^^^^^^^^^^^^^^\n  File \"/root/spread_project/.tox/integration/lib/python3.12/site-packages/pluggy/_result.py\", line 100, in get_result\n    raise exc.with_traceback(exc.__traceback__)\n  File \"/root/spread_project/.tox/integration/lib/python3.12/site-packages/pluggy/_callers.py\", line 103, in _multicall\n    res = hook_impl.function(*args)\n          ^^^^^^^^^^^^^^^^^^^^^^^^^\n  File \"/root/spread_project/.tox/integration/lib/python3.12/site-packages/_pytest/python.py\", line 194, in pytest_pyfunc_call\n    result = testfunction(**testargs)\n             ^^^^^^^^^^^^^^^^^^^^^^^^\n  File \"/root/spread_project/tests/integration/integration/test_backup_aws.py\", line 155, in test_backup\n    juju.config(S3_INTEGRATOR, cloud_configs)\n  File \"/root/spread_project/.tox/integration/lib/python3.12/site-packages/jubilant_backports/_juju.py\", line 385, in config\n    self.cli(*args)\n  File \"/root/spread_project/.tox/integration/lib/python3.12/site-packages/jubilant_backports/_juju.py\", line 306, in cli\n    stdout, _ = self._cli(*args, include_model=include_model, stdin=stdin)\n                ^^^^^^^^^^^^^^^^^^^^^^^^^^^^^^^^^^^^^^^^^^^^^^^^^^^^^^^^^^\n  File \"/root/spread_project/.tox/integration/lib/python3.12/site-packages/jubilant_backports/_juju.py\", line 326, in _cli\n    raise CLIError(e.returncode, e.cmd, e.stdout, e.stderr) from None\njubilant_backports._juju.CLIError: Command '['juju', 'config', '--model', 'testing', 's3-integrator', 'endpoint=https://s3.amazonaws.com', 'bucket=data-charms-testing', 'path=mysql-k8s/a9ea3cac-6321-4164-956a-c6408fac574b', 'region=us-east-1']' returned non-zero exit status 1.\nStdout:\n{}\n\nStderr:\nERROR application \"s3-integrator\" not found","steps":[],"attachments":[{"uid":"c65796e4d91800ea","name":"log","source":"c65796e4d91800ea.txt","type":"text/plain","size":2205}],"parameters":[],"shouldDisplayMessage":true,"stepsCount":0,"attachmentsCount":1,"hasContent":true,"attachmentStep":false},"afterStages":[{"name":"abort_on_fail::0","time":{"start":1768961535244,"stop":1768961535244,"duration":0},"status":"passed","steps":[],"attachments":[],"parameters":[],"shouldDisplayMessage":false,"stepsCount":0,"attachmentsCount":0,"hasContent":false,"attachmentStep":false},{"name":"juju::0","time":{"start":1768961683107,"stop":1768961683336,"duration":229},"status":"passed","steps":[],"attachments":[],"parameters":[],"shouldDisplayMessage":false,"stepsCount":0,"attachmentsCount":0,"hasContent":false,"attachmentStep":false},{"name":"clean_backups_from_buckets::0","time":{"start":1768961683338,"stop":1768961683810,"duration":472},"status":"passed","steps":[],"attachments":[],"parameters":[],"shouldDisplayMessage":false,"stepsCount":0,"attachmentsCount":0,"hasContent":false,"attachmentStep":false}],"labels":[{"name":"tag","value":"abort_on_fail"},{"name":"parentSuite","value":"tests.integration.integration"},{"name":"suite","value":"test_backup_aws"},{"name":"host","value":"runnervmmtnos"},{"name":"thread","value":"18902-MainThread"},{"name":"framework","value":"pytest"},{"name":"language","value":"cpython3"},{"name":"package","value":"tests.integration.integration.test_backup_aws"},{"name":"resultFormat","value":"allure2"}],"parameters":[],"links":[],"hidden":false,"retry":false,"extra":{"severity":"normal","retries":[{"uid":"31b7e9a68433c4c1","status":"unknown","time":{}}],"categories":[{"name":"Test defects","matchedStatuses":[]}],"history":{"statistic":{"failed":0,"broken":1,"skipped":0,"passed":41,"unknown":0,"total":42},"items":[{"uid":"1f268d2b43f2522a","reportUrl":"../69//#testresult/1f268d2b43f2522a","status":"passed","time":{"start":1768874386257,"stop":1768874437358,"duration":51101}},{"uid":"5cc115419079e90c","reportUrl":"../68//#testresult/5cc115419079e90c","status":"passed","time":{"start":1768786960587,"stop":1768787014852,"duration":54265}},{"uid":"9d1e8e33677e2112","reportUrl":"../67//#testresult/9d1e8e33677e2112","status":"passed","time":{"start":1768700558069,"stop":1768700608423,"duration":50354}},{"uid":"9cb1a9e07a889044","reportUrl":"../65//#testresult/9cb1a9e07a889044","status":"passed","time":{"start":1768527872823,"stop":1768527920474,"duration":47651}},{"uid":"b4facfb7eddab7aa","reportUrl":"../64//#testresult/b4facfb7eddab7aa","status":"passed","time":{"start":1768443703776,"stop":1768443788440,"duration":84664}},{"uid":"f8c722bc61bf0e82","reportUrl":"../63//#testresult/f8c722bc61bf0e82","status":"passed","time":{"start":1768356710422,"stop":1768356756879,"duration":46457}},{"uid":"ee6113a6a7f9ad18","reportUrl":"../61//#testresult/ee6113a6a7f9ad18","status":"passed","time":{"start":1768182478009,"stop":1768182519536,"duration":41527}},{"uid":"9a064683374d4a81","reportUrl":"../60//#testresult/9a064683374d4a81","status":"passed","time":{"start":1768096083834,"stop":1768096124607,"duration":40773}},{"uid":"9ff023b4084af2d2","reportUrl":"../59//#testresult/9ff023b4084af2d2","status":"passed","time":{"start":1768010605849,"stop":1768010665217,"duration":59368}},{"uid":"b6946e3dab1c10ac","reportUrl":"../58//#testresult/b6946e3dab1c10ac","status":"passed","time":{"start":1767923654679,"stop":1767923700761,"duration":46082}},{"uid":"aa01e2be246a66bf","reportUrl":"../56//#testresult/aa01e2be246a66bf","status":"passed","time":{"start":1767751086800,"stop":1767751130967,"duration":44167}},{"uid":"68be2cdf25363a5c","reportUrl":"../55//#testresult/68be2cdf25363a5c","status":"passed","time":{"start":1767663825348,"stop":1767663872084,"duration":46736}},{"uid":"73cba0e5d709747d","reportUrl":"../54//#testresult/73cba0e5d709747d","status":"passed","time":{"start":1767578466056,"stop":1767578510060,"duration":44004}},{"uid":"c0d05e0312f2e29c","reportUrl":"../53//#testresult/c0d05e0312f2e29c","status":"passed","time":{"start":1767492207641,"stop":1767492253323,"duration":45682}},{"uid":"fabc6beea25487f7","reportUrl":"../52//#testresult/fabc6beea25487f7","status":"passed","time":{"start":1767404708038,"stop":1767404752346,"duration":44308}},{"uid":"164100bc8ac49a17","reportUrl":"../51//#testresult/164100bc8ac49a17","status":"passed","time":{"start":1767318434847,"stop":1767318479043,"duration":44196}},{"uid":"2ddc84188a3b25ad","reportUrl":"../50//#testresult/2ddc84188a3b25ad","status":"passed","time":{"start":1767231966905,"stop":1767232016993,"duration":50088}},{"uid":"f5cf32ad85cc3c14","reportUrl":"../49//#testresult/f5cf32ad85cc3c14","status":"passed","time":{"start":1767145602077,"stop":1767145658244,"duration":56167}},{"uid":"7b437d02b6b10858","reportUrl":"../48//#testresult/7b437d02b6b10858","status":"passed","time":{"start":1767059144219,"stop":1767059195990,"duration":51771}},{"uid":"d99b53b7d096a71a","reportUrl":"../47//#testresult/d99b53b7d096a71a","status":"passed","time":{"start":1766973014379,"stop":1766973058976,"duration":44597}}]},"tags":["abort_on_fail"]},"source":"58e0cac7dd25be05.json","parameterValues":[]}