{"uid":"5a9fb99c108c39a","name":"test_graceful_crash_of_primary","fullName":"tests.integration.high_availability.test_self_healing_stop_primary#test_graceful_crash_of_primary","historyId":"4fb7e1b218f25777bfb277d1e637c673","time":{"start":1750296512803,"stop":1750296512803,"duration":0},"description":"Test to send SIGTERM to primary instance and then verify recovery.","descriptionHtml":"<p>Test to send SIGTERM to primary instance and then verify recovery.</p>\n","status":"broken","statusMessage":"TimeoutError: Timed out waiting for model:\nmysql-k8s/0 [idle] error: unknown container reason \"ImagePullBackOff\": Back-off pulling image \"docker.io/jujusolutions/charm-base:ubuntu-22.04\": ErrImagePull: rpc error: code = FailedPrecondition desc = failed to pull and unpack image \"docker.io/jujusolutions/charm-base:ubuntu-22.04\": failed commit on ref \"index-sha256:5ff8ce2dd5000378cdcc12998cf5b8b6b10d7193e47acb2945f61ae1ebd1a448\": \"index-sha256:5ff8ce2dd5000378cdcc12998cf5b8b6b10d7193e47acb2945f61ae1ebd1a448\" failed size validation: 288806 != 3117: failed precondition\n  mysql-k8s/1 [idle] error: unknown container reason \"ImagePullBackOff\": Back-off pulling image \"docker.io/jujusolutions/charm-base:ubuntu-22.04\": ErrImagePull: rpc error: code = FailedPrecondition desc = failed to pull and unpack image \"docker.io/jujusolutions/charm-base:ubuntu-22.04\": failed commit on ref \"index-sha256:5ff8ce2dd5000378cdcc12998cf5b8b6b10d7193e47acb2945f61ae1ebd1a448\": \"index-sha256:5ff8ce2dd5000378cdcc12998cf5b8b6b10d7193e47acb2945f61ae1ebd1a448\" failed size validation: 288806 != 3117: failed precondition\n  mysql-k8s/2 [idle] error: unknown container reason \"ImagePullBackOff\": Back-off pulling image \"docker.io/jujusolutions/charm-base:ubuntu-22.04\": ErrImagePull: rpc error: code = FailedPrecondition desc = failed to pull and unpack image \"docker.io/jujusolutions/charm-base:ubuntu-22.04\": failed commit on ref \"index-sha256:5ff8ce2dd5000378cdcc12998cf5b8b6b10d7193e47acb2945f61ae1ebd1a448\": \"index-sha256:5ff8ce2dd5000378cdcc12998cf5b8b6b10d7193e47acb2945f61ae1ebd1a448\" failed size validation: 288806 != 3117: failed precondition","statusTrace":"Traceback (most recent call last):\n  File \"/root/spread_project/.tox/integration/lib/python3.12/site-packages/_pytest/runner.py\", line 341, in from_call\n    result: Optional[TResult] = func()\n                                ^^^^^^\n  File \"/root/spread_project/.tox/integration/lib/python3.12/site-packages/_pytest/runner.py\", line 262, in <lambda>\n    lambda: ihook(item=item, **kwds), when=when, reraise=reraise\n            ^^^^^^^^^^^^^^^^^^^^^^^^\n  File \"/root/spread_project/.tox/integration/lib/python3.12/site-packages/pluggy/_hooks.py\", line 513, in __call__\n    return self._hookexec(self.name, self._hookimpls.copy(), kwargs, firstresult)\n           ^^^^^^^^^^^^^^^^^^^^^^^^^^^^^^^^^^^^^^^^^^^^^^^^^^^^^^^^^^^^^^^^^^^^^^\n  File \"/root/spread_project/.tox/integration/lib/python3.12/site-packages/pluggy/_manager.py\", line 120, in _hookexec\n    return self._inner_hookexec(hook_name, methods, kwargs, firstresult)\n           ^^^^^^^^^^^^^^^^^^^^^^^^^^^^^^^^^^^^^^^^^^^^^^^^^^^^^^^^^^^^^\n  File \"/root/spread_project/.tox/integration/lib/python3.12/site-packages/pluggy/_callers.py\", line 182, in _multicall\n    return outcome.get_result()\n           ^^^^^^^^^^^^^^^^^^^^\n  File \"/root/spread_project/.tox/integration/lib/python3.12/site-packages/pluggy/_result.py\", line 100, in get_result\n    raise exc.with_traceback(exc.__traceback__)\n  File \"/root/spread_project/.tox/integration/lib/python3.12/site-packages/pluggy/_callers.py\", line 103, in _multicall\n    res = hook_impl.function(*args)\n          ^^^^^^^^^^^^^^^^^^^^^^^^^\n  File \"/root/spread_project/.tox/integration/lib/python3.12/site-packages/_pytest/runner.py\", line 157, in pytest_runtest_setup\n    item.session._setupstate.setup(item)\n  File \"/root/spread_project/.tox/integration/lib/python3.12/site-packages/_pytest/runner.py\", line 497, in setup\n    raise exc\n  File \"/root/spread_project/.tox/integration/lib/python3.12/site-packages/_pytest/runner.py\", line 494, in setup\n    col.setup()\n  File \"/root/spread_project/.tox/integration/lib/python3.12/site-packages/_pytest/python.py\", line 1795, in setup\n    self._request._fillfixtures()\n  File \"/root/spread_project/.tox/integration/lib/python3.12/site-packages/_pytest/fixtures.py\", line 566, in _fillfixtures\n    item.funcargs[argname] = self.getfixturevalue(argname)\n                             ^^^^^^^^^^^^^^^^^^^^^^^^^^^^^\n  File \"/root/spread_project/.tox/integration/lib/python3.12/site-packages/_pytest/fixtures.py\", line 585, in getfixturevalue\n    fixturedef = self._get_active_fixturedef(argname)\n                 ^^^^^^^^^^^^^^^^^^^^^^^^^^^^^^^^^^^^\n  File \"/root/spread_project/.tox/integration/lib/python3.12/site-packages/_pytest/fixtures.py\", line 607, in _get_active_fixturedef\n    self._compute_fixture_value(fixturedef)\n  File \"/root/spread_project/.tox/integration/lib/python3.12/site-packages/_pytest/fixtures.py\", line 693, in _compute_fixture_value\n    fixturedef.execute(request=subrequest)\n  File \"/root/spread_project/.tox/integration/lib/python3.12/site-packages/_pytest/fixtures.py\", line 1069, in execute\n    result = ihook.pytest_fixture_setup(fixturedef=self, request=request)\n             ^^^^^^^^^^^^^^^^^^^^^^^^^^^^^^^^^^^^^^^^^^^^^^^^^^^^^^^^^^^^\n  File \"/root/spread_project/.tox/integration/lib/python3.12/site-packages/pluggy/_hooks.py\", line 513, in __call__\n    return self._hookexec(self.name, self._hookimpls.copy(), kwargs, firstresult)\n           ^^^^^^^^^^^^^^^^^^^^^^^^^^^^^^^^^^^^^^^^^^^^^^^^^^^^^^^^^^^^^^^^^^^^^^\n  File \"/root/spread_project/.tox/integration/lib/python3.12/site-packages/pluggy/_manager.py\", line 120, in _hookexec\n    return self._inner_hookexec(hook_name, methods, kwargs, firstresult)\n           ^^^^^^^^^^^^^^^^^^^^^^^^^^^^^^^^^^^^^^^^^^^^^^^^^^^^^^^^^^^^^\n  File \"/root/spread_project/.tox/integration/lib/python3.12/site-packages/pluggy/_callers.py\", line 182, in _multicall\n    return outcome.get_result()\n           ^^^^^^^^^^^^^^^^^^^^\n  File \"/root/spread_project/.tox/integration/lib/python3.12/site-packages/pluggy/_result.py\", line 100, in get_result\n    raise exc.with_traceback(exc.__traceback__)\n  File \"/root/spread_project/.tox/integration/lib/python3.12/site-packages/pluggy/_callers.py\", line 103, in _multicall\n    res = hook_impl.function(*args)\n          ^^^^^^^^^^^^^^^^^^^^^^^^^\n  File \"/root/spread_project/.tox/integration/lib/python3.12/site-packages/_pytest/fixtures.py\", line 1123, in pytest_fixture_setup\n    result = call_fixture_func(fixturefunc, request, kwargs)\n             ^^^^^^^^^^^^^^^^^^^^^^^^^^^^^^^^^^^^^^^^^^^^^^^\n  File \"/root/spread_project/.tox/integration/lib/python3.12/site-packages/_pytest/fixtures.py\", line 902, in call_fixture_func\n    fixture_result = fixturefunc(**kwargs)\n                     ^^^^^^^^^^^^^^^^^^^^^\n  File \"/root/spread_project/.tox/integration/lib/python3.12/site-packages/pytest_asyncio/plugin.py\", line 302, in _asyncgen_fixture_wrapper\n    result = event_loop.run_until_complete(setup())\n             ^^^^^^^^^^^^^^^^^^^^^^^^^^^^^^^^^^^^^^\n  File \"/usr/lib/python3.12/asyncio/base_events.py\", line 687, in run_until_complete\n    return future.result()\n           ^^^^^^^^^^^^^^^\n  File \"/root/spread_project/.tox/integration/lib/python3.12/site-packages/pytest_asyncio/plugin.py\", line 284, in setup\n    res = await gen_obj.__anext__()\n          ^^^^^^^^^^^^^^^^^^^^^^^^^\n  File \"/root/spread_project/tests/integration/high_availability/conftest.py\", line 58, in highly_available_cluster\n    mysql_application_name = await deploy_and_scale_mysql(ops_test, charm)\n                             ^^^^^^^^^^^^^^^^^^^^^^^^^^^^^^^^^^^^^^^^^^^^^\n  File \"/root/spread_project/tests/integration/high_availability/high_availability_helpers.py\", line 163, in deploy_and_scale_mysql\n    await ops_test.model.wait_for_idle(\n  File \"/root/spread_project/.tox/integration/lib/python3.12/site-packages/juju/model.py\", line 3209, in wait_for_idle\n    raise jasyncio.TimeoutError(\"Timed out waiting for model:\\n\" + busy)\nTimeoutError: Timed out waiting for model:\nmysql-k8s/0 [idle] error: unknown container reason \"ImagePullBackOff\": Back-off pulling image \"docker.io/jujusolutions/charm-base:ubuntu-22.04\": ErrImagePull: rpc error: code = FailedPrecondition desc = failed to pull and unpack image \"docker.io/jujusolutions/charm-base:ubuntu-22.04\": failed commit on ref \"index-sha256:5ff8ce2dd5000378cdcc12998cf5b8b6b10d7193e47acb2945f61ae1ebd1a448\": \"index-sha256:5ff8ce2dd5000378cdcc12998cf5b8b6b10d7193e47acb2945f61ae1ebd1a448\" failed size validation: 288806 != 3117: failed precondition\n  mysql-k8s/1 [idle] error: unknown container reason \"ImagePullBackOff\": Back-off pulling image \"docker.io/jujusolutions/charm-base:ubuntu-22.04\": ErrImagePull: rpc error: code = FailedPrecondition desc = failed to pull and unpack image \"docker.io/jujusolutions/charm-base:ubuntu-22.04\": failed commit on ref \"index-sha256:5ff8ce2dd5000378cdcc12998cf5b8b6b10d7193e47acb2945f61ae1ebd1a448\": \"index-sha256:5ff8ce2dd5000378cdcc12998cf5b8b6b10d7193e47acb2945f61ae1ebd1a448\" failed size validation: 288806 != 3117: failed precondition\n  mysql-k8s/2 [idle] error: unknown container reason \"ImagePullBackOff\": Back-off pulling image \"docker.io/jujusolutions/charm-base:ubuntu-22.04\": ErrImagePull: rpc error: code = FailedPrecondition desc = failed to pull and unpack image \"docker.io/jujusolutions/charm-base:ubuntu-22.04\": failed commit on ref \"index-sha256:5ff8ce2dd5000378cdcc12998cf5b8b6b10d7193e47acb2945f61ae1ebd1a448\": \"index-sha256:5ff8ce2dd5000378cdcc12998cf5b8b6b10d7193e47acb2945f61ae1ebd1a448\" failed size validation: 288806 != 3117: failed precondition","flaky":false,"newFailed":false,"newBroken":true,"newPassed":false,"retriesCount":1,"retriesStatusChange":true,"beforeStages":[{"name":"event_loop","time":{"start":1750296512804,"stop":1750296512805,"duration":1},"status":"passed","steps":[],"attachments":[],"parameters":[],"shouldDisplayMessage":false,"stepsCount":0,"attachmentsCount":0,"hasContent":false,"attachmentStep":false},{"name":"charm","time":{"start":1750296512805,"stop":1750296512805,"duration":0},"status":"passed","steps":[],"attachments":[],"parameters":[],"shouldDisplayMessage":false,"stepsCount":0,"attachmentsCount":0,"hasContent":false,"attachmentStep":false},{"name":"tmp_path_factory","time":{"start":1750296512805,"stop":1750296512805,"duration":0},"status":"passed","steps":[],"attachments":[],"parameters":[],"shouldDisplayMessage":false,"stepsCount":0,"attachmentsCount":0,"hasContent":false,"attachmentStep":false},{"name":"ops_test","time":{"start":1750296512805,"stop":1750296513056,"duration":251},"status":"passed","steps":[],"attachments":[],"parameters":[],"shouldDisplayMessage":false,"stepsCount":0,"attachmentsCount":0,"hasContent":false,"attachmentStep":false},{"name":"highly_available_cluster","time":{"start":1750296513057,"stop":1750297420371,"duration":907314},"status":"broken","statusMessage":"TimeoutError: Timed out waiting for model:\nmysql-k8s/0 [idle] error: unknown container reason \"ImagePullBackOff\": Back-off pulling image \"docker.io/jujusolutions/charm-base:ubuntu-22.04\": ErrImagePull: rpc error: code = FailedPrecondition desc = failed to pull and unpack image \"docker.io/jujusolutions/charm-base:ubuntu-22.04\": failed commit on ref \"index-sha256:5ff8ce2dd5000378cdcc12998cf5b8b6b10d7193e47acb2945f61ae1ebd1a448\": \"index-sha256:5ff8ce2dd5000378cdcc12998cf5b8b6b10d7193e47acb2945f61ae1ebd1a448\" failed size validation: 288806 != 3117: failed precondition\n  mysql-k8s/1 [idle] error: unknown container reason \"ImagePullBackOff\": Back-off pulling image \"docker.io/jujusolutions/charm-base:ubuntu-22.04\": ErrImagePull: rpc error: code = FailedPrecondition desc = failed to pull and unpack image \"docker.io/jujusolutions/charm-base:ubuntu-22.04\": failed commit on ref \"index-sha256:5ff8ce2dd5000378cdcc12998cf5b8b6b10d7193e47acb2945f61ae1ebd1a448\": \"index-sha256:5ff8ce2dd5000378cdcc12998cf5b8b6b10d7193e47acb2945f61ae1ebd1a448\" failed size validation: 288806 != 3117: failed precondition\n  mysql-k8s/2 [idle] error: unknown container reason \"ImagePullBackOff\": Back-off pulling image \"docker.io/jujusolutions/charm-base:ubuntu-22.04\": ErrImagePull: rpc error: code = FailedPrecondition desc = failed to pull and unpack image \"docker.io/jujusolutions/charm-base:ubuntu-22.04\": failed commit on ref \"index-sha256:5ff8ce2dd5000378cdcc12998cf5b8b6b10d7193e47acb2945f61ae1ebd1a448\": \"index-sha256:5ff8ce2dd5000378cdcc12998cf5b8b6b10d7193e47acb2945f61ae1ebd1a448\" failed size validation: 288806 != 3117: failed precondition\n","statusTrace":"  File \"/root/spread_project/.tox/integration/lib/python3.12/site-packages/pluggy/_callers.py\", line 103, in _multicall\n    res = hook_impl.function(*args)\n          ^^^^^^^^^^^^^^^^^^^^^^^^^\n  File \"/root/spread_project/.tox/integration/lib/python3.12/site-packages/_pytest/fixtures.py\", line 1123, in pytest_fixture_setup\n    result = call_fixture_func(fixturefunc, request, kwargs)\n             ^^^^^^^^^^^^^^^^^^^^^^^^^^^^^^^^^^^^^^^^^^^^^^^\n  File \"/root/spread_project/.tox/integration/lib/python3.12/site-packages/_pytest/fixtures.py\", line 902, in call_fixture_func\n    fixture_result = fixturefunc(**kwargs)\n                     ^^^^^^^^^^^^^^^^^^^^^\n  File \"/root/spread_project/.tox/integration/lib/python3.12/site-packages/pytest_asyncio/plugin.py\", line 302, in _asyncgen_fixture_wrapper\n    result = event_loop.run_until_complete(setup())\n             ^^^^^^^^^^^^^^^^^^^^^^^^^^^^^^^^^^^^^^\n  File \"/usr/lib/python3.12/asyncio/base_events.py\", line 687, in run_until_complete\n    return future.result()\n           ^^^^^^^^^^^^^^^\n  File \"/root/spread_project/.tox/integration/lib/python3.12/site-packages/pytest_asyncio/plugin.py\", line 284, in setup\n    res = await gen_obj.__anext__()\n          ^^^^^^^^^^^^^^^^^^^^^^^^^\n  File \"/root/spread_project/tests/integration/high_availability/conftest.py\", line 58, in highly_available_cluster\n    mysql_application_name = await deploy_and_scale_mysql(ops_test, charm)\n                             ^^^^^^^^^^^^^^^^^^^^^^^^^^^^^^^^^^^^^^^^^^^^^\n  File \"/root/spread_project/tests/integration/high_availability/high_availability_helpers.py\", line 163, in deploy_and_scale_mysql\n    await ops_test.model.wait_for_idle(\n  File \"/root/spread_project/.tox/integration/lib/python3.12/site-packages/juju/model.py\", line 3209, in wait_for_idle\n    raise jasyncio.TimeoutError(\"Timed out waiting for model:\\n\" + busy)\n","steps":[],"attachments":[],"parameters":[],"shouldDisplayMessage":true,"stepsCount":0,"attachmentsCount":0,"hasContent":true,"attachmentStep":false}],"testStage":{"description":"Test to send SIGTERM to primary instance and then verify recovery.","status":"broken","statusMessage":"TimeoutError: Timed out waiting for model:\nmysql-k8s/0 [idle] error: unknown container reason \"ImagePullBackOff\": Back-off pulling image \"docker.io/jujusolutions/charm-base:ubuntu-22.04\": ErrImagePull: rpc error: code = FailedPrecondition desc = failed to pull and unpack image \"docker.io/jujusolutions/charm-base:ubuntu-22.04\": failed commit on ref \"index-sha256:5ff8ce2dd5000378cdcc12998cf5b8b6b10d7193e47acb2945f61ae1ebd1a448\": \"index-sha256:5ff8ce2dd5000378cdcc12998cf5b8b6b10d7193e47acb2945f61ae1ebd1a448\" failed size validation: 288806 != 3117: failed precondition\n  mysql-k8s/1 [idle] error: unknown container reason \"ImagePullBackOff\": Back-off pulling image \"docker.io/jujusolutions/charm-base:ubuntu-22.04\": ErrImagePull: rpc error: code = FailedPrecondition desc = failed to pull and unpack image \"docker.io/jujusolutions/charm-base:ubuntu-22.04\": failed commit on ref \"index-sha256:5ff8ce2dd5000378cdcc12998cf5b8b6b10d7193e47acb2945f61ae1ebd1a448\": \"index-sha256:5ff8ce2dd5000378cdcc12998cf5b8b6b10d7193e47acb2945f61ae1ebd1a448\" failed size validation: 288806 != 3117: failed precondition\n  mysql-k8s/2 [idle] error: unknown container reason \"ImagePullBackOff\": Back-off pulling image \"docker.io/jujusolutions/charm-base:ubuntu-22.04\": ErrImagePull: rpc error: code = FailedPrecondition desc = failed to pull and unpack image \"docker.io/jujusolutions/charm-base:ubuntu-22.04\": failed commit on ref \"index-sha256:5ff8ce2dd5000378cdcc12998cf5b8b6b10d7193e47acb2945f61ae1ebd1a448\": \"index-sha256:5ff8ce2dd5000378cdcc12998cf5b8b6b10d7193e47acb2945f61ae1ebd1a448\" failed size validation: 288806 != 3117: failed precondition","statusTrace":"Traceback (most recent call last):\n  File \"/root/spread_project/.tox/integration/lib/python3.12/site-packages/_pytest/runner.py\", line 341, in from_call\n    result: Optional[TResult] = func()\n                                ^^^^^^\n  File \"/root/spread_project/.tox/integration/lib/python3.12/site-packages/_pytest/runner.py\", line 262, in <lambda>\n    lambda: ihook(item=item, **kwds), when=when, reraise=reraise\n            ^^^^^^^^^^^^^^^^^^^^^^^^\n  File \"/root/spread_project/.tox/integration/lib/python3.12/site-packages/pluggy/_hooks.py\", line 513, in __call__\n    return self._hookexec(self.name, self._hookimpls.copy(), kwargs, firstresult)\n           ^^^^^^^^^^^^^^^^^^^^^^^^^^^^^^^^^^^^^^^^^^^^^^^^^^^^^^^^^^^^^^^^^^^^^^\n  File \"/root/spread_project/.tox/integration/lib/python3.12/site-packages/pluggy/_manager.py\", line 120, in _hookexec\n    return self._inner_hookexec(hook_name, methods, kwargs, firstresult)\n           ^^^^^^^^^^^^^^^^^^^^^^^^^^^^^^^^^^^^^^^^^^^^^^^^^^^^^^^^^^^^^\n  File \"/root/spread_project/.tox/integration/lib/python3.12/site-packages/pluggy/_callers.py\", line 182, in _multicall\n    return outcome.get_result()\n           ^^^^^^^^^^^^^^^^^^^^\n  File \"/root/spread_project/.tox/integration/lib/python3.12/site-packages/pluggy/_result.py\", line 100, in get_result\n    raise exc.with_traceback(exc.__traceback__)\n  File \"/root/spread_project/.tox/integration/lib/python3.12/site-packages/pluggy/_callers.py\", line 103, in _multicall\n    res = hook_impl.function(*args)\n          ^^^^^^^^^^^^^^^^^^^^^^^^^\n  File \"/root/spread_project/.tox/integration/lib/python3.12/site-packages/_pytest/runner.py\", line 157, in pytest_runtest_setup\n    item.session._setupstate.setup(item)\n  File \"/root/spread_project/.tox/integration/lib/python3.12/site-packages/_pytest/runner.py\", line 497, in setup\n    raise exc\n  File \"/root/spread_project/.tox/integration/lib/python3.12/site-packages/_pytest/runner.py\", line 494, in setup\n    col.setup()\n  File \"/root/spread_project/.tox/integration/lib/python3.12/site-packages/_pytest/python.py\", line 1795, in setup\n    self._request._fillfixtures()\n  File \"/root/spread_project/.tox/integration/lib/python3.12/site-packages/_pytest/fixtures.py\", line 566, in _fillfixtures\n    item.funcargs[argname] = self.getfixturevalue(argname)\n                             ^^^^^^^^^^^^^^^^^^^^^^^^^^^^^\n  File \"/root/spread_project/.tox/integration/lib/python3.12/site-packages/_pytest/fixtures.py\", line 585, in getfixturevalue\n    fixturedef = self._get_active_fixturedef(argname)\n                 ^^^^^^^^^^^^^^^^^^^^^^^^^^^^^^^^^^^^\n  File \"/root/spread_project/.tox/integration/lib/python3.12/site-packages/_pytest/fixtures.py\", line 607, in _get_active_fixturedef\n    self._compute_fixture_value(fixturedef)\n  File \"/root/spread_project/.tox/integration/lib/python3.12/site-packages/_pytest/fixtures.py\", line 693, in _compute_fixture_value\n    fixturedef.execute(request=subrequest)\n  File \"/root/spread_project/.tox/integration/lib/python3.12/site-packages/_pytest/fixtures.py\", line 1069, in execute\n    result = ihook.pytest_fixture_setup(fixturedef=self, request=request)\n             ^^^^^^^^^^^^^^^^^^^^^^^^^^^^^^^^^^^^^^^^^^^^^^^^^^^^^^^^^^^^\n  File \"/root/spread_project/.tox/integration/lib/python3.12/site-packages/pluggy/_hooks.py\", line 513, in __call__\n    return self._hookexec(self.name, self._hookimpls.copy(), kwargs, firstresult)\n           ^^^^^^^^^^^^^^^^^^^^^^^^^^^^^^^^^^^^^^^^^^^^^^^^^^^^^^^^^^^^^^^^^^^^^^\n  File \"/root/spread_project/.tox/integration/lib/python3.12/site-packages/pluggy/_manager.py\", line 120, in _hookexec\n    return self._inner_hookexec(hook_name, methods, kwargs, firstresult)\n           ^^^^^^^^^^^^^^^^^^^^^^^^^^^^^^^^^^^^^^^^^^^^^^^^^^^^^^^^^^^^^\n  File \"/root/spread_project/.tox/integration/lib/python3.12/site-packages/pluggy/_callers.py\", line 182, in _multicall\n    return outcome.get_result()\n           ^^^^^^^^^^^^^^^^^^^^\n  File \"/root/spread_project/.tox/integration/lib/python3.12/site-packages/pluggy/_result.py\", line 100, in get_result\n    raise exc.with_traceback(exc.__traceback__)\n  File \"/root/spread_project/.tox/integration/lib/python3.12/site-packages/pluggy/_callers.py\", line 103, in _multicall\n    res = hook_impl.function(*args)\n          ^^^^^^^^^^^^^^^^^^^^^^^^^\n  File \"/root/spread_project/.tox/integration/lib/python3.12/site-packages/_pytest/fixtures.py\", line 1123, in pytest_fixture_setup\n    result = call_fixture_func(fixturefunc, request, kwargs)\n             ^^^^^^^^^^^^^^^^^^^^^^^^^^^^^^^^^^^^^^^^^^^^^^^\n  File \"/root/spread_project/.tox/integration/lib/python3.12/site-packages/_pytest/fixtures.py\", line 902, in call_fixture_func\n    fixture_result = fixturefunc(**kwargs)\n                     ^^^^^^^^^^^^^^^^^^^^^\n  File \"/root/spread_project/.tox/integration/lib/python3.12/site-packages/pytest_asyncio/plugin.py\", line 302, in _asyncgen_fixture_wrapper\n    result = event_loop.run_until_complete(setup())\n             ^^^^^^^^^^^^^^^^^^^^^^^^^^^^^^^^^^^^^^\n  File \"/usr/lib/python3.12/asyncio/base_events.py\", line 687, in run_until_complete\n    return future.result()\n           ^^^^^^^^^^^^^^^\n  File \"/root/spread_project/.tox/integration/lib/python3.12/site-packages/pytest_asyncio/plugin.py\", line 284, in setup\n    res = await gen_obj.__anext__()\n          ^^^^^^^^^^^^^^^^^^^^^^^^^\n  File \"/root/spread_project/tests/integration/high_availability/conftest.py\", line 58, in highly_available_cluster\n    mysql_application_name = await deploy_and_scale_mysql(ops_test, charm)\n                             ^^^^^^^^^^^^^^^^^^^^^^^^^^^^^^^^^^^^^^^^^^^^^\n  File \"/root/spread_project/tests/integration/high_availability/high_availability_helpers.py\", line 163, in deploy_and_scale_mysql\n    await ops_test.model.wait_for_idle(\n  File \"/root/spread_project/.tox/integration/lib/python3.12/site-packages/juju/model.py\", line 3209, in wait_for_idle\n    raise jasyncio.TimeoutError(\"Timed out waiting for model:\\n\" + busy)\nTimeoutError: Timed out waiting for model:\nmysql-k8s/0 [idle] error: unknown container reason \"ImagePullBackOff\": Back-off pulling image \"docker.io/jujusolutions/charm-base:ubuntu-22.04\": ErrImagePull: rpc error: code = FailedPrecondition desc = failed to pull and unpack image \"docker.io/jujusolutions/charm-base:ubuntu-22.04\": failed commit on ref \"index-sha256:5ff8ce2dd5000378cdcc12998cf5b8b6b10d7193e47acb2945f61ae1ebd1a448\": \"index-sha256:5ff8ce2dd5000378cdcc12998cf5b8b6b10d7193e47acb2945f61ae1ebd1a448\" failed size validation: 288806 != 3117: failed precondition\n  mysql-k8s/1 [idle] error: unknown container reason \"ImagePullBackOff\": Back-off pulling image \"docker.io/jujusolutions/charm-base:ubuntu-22.04\": ErrImagePull: rpc error: code = FailedPrecondition desc = failed to pull and unpack image \"docker.io/jujusolutions/charm-base:ubuntu-22.04\": failed commit on ref \"index-sha256:5ff8ce2dd5000378cdcc12998cf5b8b6b10d7193e47acb2945f61ae1ebd1a448\": \"index-sha256:5ff8ce2dd5000378cdcc12998cf5b8b6b10d7193e47acb2945f61ae1ebd1a448\" failed size validation: 288806 != 3117: failed precondition\n  mysql-k8s/2 [idle] error: unknown container reason \"ImagePullBackOff\": Back-off pulling image \"docker.io/jujusolutions/charm-base:ubuntu-22.04\": ErrImagePull: rpc error: code = FailedPrecondition desc = failed to pull and unpack image \"docker.io/jujusolutions/charm-base:ubuntu-22.04\": failed commit on ref \"index-sha256:5ff8ce2dd5000378cdcc12998cf5b8b6b10d7193e47acb2945f61ae1ebd1a448\": \"index-sha256:5ff8ce2dd5000378cdcc12998cf5b8b6b10d7193e47acb2945f61ae1ebd1a448\" failed size validation: 288806 != 3117: failed precondition","steps":[],"attachments":[{"uid":"be037c67bf59c659","name":"log","source":"be037c67bf59c659.txt","type":"text/plain","size":49951}],"parameters":[],"shouldDisplayMessage":true,"stepsCount":0,"attachmentsCount":1,"hasContent":true,"attachmentStep":false},"afterStages":[{"name":"ops_test::finalizer","time":{"start":1750297420387,"stop":1750297420726,"duration":339},"status":"passed","steps":[],"attachments":[],"parameters":[],"shouldDisplayMessage":false,"stepsCount":0,"attachmentsCount":0,"hasContent":false,"attachmentStep":false},{"name":"event_loop::2","time":{"start":1750297420726,"stop":1750297420727,"duration":1},"status":"passed","steps":[],"attachments":[],"parameters":[],"shouldDisplayMessage":false,"stepsCount":0,"attachmentsCount":0,"hasContent":false,"attachmentStep":false},{"name":"event_loop::_close_event_loop","time":{"start":1750297420727,"stop":1750297420727,"duration":0},"status":"passed","steps":[],"attachments":[],"parameters":[],"shouldDisplayMessage":false,"stepsCount":0,"attachmentsCount":0,"hasContent":false,"attachmentStep":false},{"name":"event_loop::_provide_clean_event_loop","time":{"start":1750297420727,"stop":1750297420727,"duration":0},"status":"passed","steps":[],"attachments":[],"parameters":[],"shouldDisplayMessage":false,"stepsCount":0,"attachmentsCount":0,"hasContent":false,"attachmentStep":false}],"labels":[{"name":"tag","value":"asyncio"},{"name":"parentSuite","value":"tests.integration.high_availability"},{"name":"suite","value":"test_self_healing_stop_primary"},{"name":"host","value":"fv-az1721-323"},{"name":"thread","value":"17840-MainThread"},{"name":"framework","value":"pytest"},{"name":"language","value":"cpython3"},{"name":"package","value":"tests.integration.high_availability.test_self_healing_stop_primary"},{"name":"resultFormat","value":"allure2"}],"parameters":[],"links":[],"hidden":false,"retry":false,"extra":{"severity":"normal","retries":[{"uid":"5c0b13a8f61333d1","status":"unknown","time":{}}],"categories":[{"name":"Test defects","matchedStatuses":[]}],"history":{"statistic":{"failed":0,"broken":4,"skipped":0,"passed":105,"unknown":1,"total":110},"items":[{"uid":"a17f0254fd730a40","reportUrl":"../3007//#testresult/a17f0254fd730a40","status":"passed","time":{"start":1750210314974,"stop":1750210413317,"duration":98343}},{"uid":"2fe60b1f43b585f5","reportUrl":"../3002//#testresult/2fe60b1f43b585f5","status":"passed","time":{"start":1750123948449,"stop":1750124006381,"duration":57932}},{"uid":"e57b65058dc88fde","reportUrl":"../3001//#testresult/e57b65058dc88fde","status":"passed","time":{"start":1750037541216,"stop":1750037629421,"duration":88205}},{"uid":"4804fb990f29375b","reportUrl":"../3000//#testresult/4804fb990f29375b","status":"passed","time":{"start":1749951141263,"stop":1749951219256,"duration":77993}},{"uid":"c1466ac92284926c","reportUrl":"../2999//#testresult/c1466ac92284926c","status":"passed","time":{"start":1749864691702,"stop":1749864835929,"duration":144227}},{"uid":"fdf744ffea927bbd","reportUrl":"../2998//#testresult/fdf744ffea927bbd","status":"passed","time":{"start":1749778341664,"stop":1749778419935,"duration":78271}},{"uid":"d0513aab42746ce2","reportUrl":"../2995//#testresult/d0513aab42746ce2","status":"passed","time":{"start":1749691941250,"stop":1749692019398,"duration":78148}},{"uid":"f6fa4dd99e2bed7a","reportUrl":"../2993//#testresult/f6fa4dd99e2bed7a","status":"passed","time":{"start":1749605485169,"stop":1749605575432,"duration":90263}},{"uid":"866e5431fd99a380","reportUrl":"../2990//#testresult/866e5431fd99a380","status":"passed","time":{"start":1749519123112,"stop":1749519227529,"duration":104417}},{"uid":"9ac7c2207ce9c812","reportUrl":"../2989//#testresult/9ac7c2207ce9c812","status":"passed","time":{"start":1749432700241,"stop":1749432759289,"duration":59048}},{"uid":"da6bc945e8db090f","reportUrl":"../2988//#testresult/da6bc945e8db090f","status":"passed","time":{"start":1749346341234,"stop":1749346444521,"duration":103287}},{"uid":"591cbeea0658d3fe","reportUrl":"../2987//#testresult/591cbeea0658d3fe","status":"passed","time":{"start":1749259948493,"stop":1749260027828,"duration":79335}},{"uid":"6cbf923f1ed61825","reportUrl":"../2986//#testresult/6cbf923f1ed61825","status":"passed","time":{"start":1749173557217,"stop":1749173635188,"duration":77971}},{"uid":"2d8fc77f59d4c58b","reportUrl":"../2985//#testresult/2d8fc77f59d4c58b","status":"passed","time":{"start":1749087141509,"stop":1749087224749,"duration":83240}},{"uid":"685ed0017e46ad00","reportUrl":"../2983//#testresult/685ed0017e46ad00","status":"passed","time":{"start":1749000741285,"stop":1749000819267,"duration":77982}},{"uid":"605f8369651a27ed","reportUrl":"../2979//#testresult/605f8369651a27ed","status":"passed","time":{"start":1748914341089,"stop":1748914429290,"duration":88201}},{"uid":"bf7d2f8f4d86b94f","reportUrl":"../2978//#testresult/bf7d2f8f4d86b94f","status":"passed","time":{"start":1748827921381,"stop":1748828009761,"duration":88380}},{"uid":"e40006ae86a26226","reportUrl":"../2977//#testresult/e40006ae86a26226","status":"passed","time":{"start":1748741572311,"stop":1748741650526,"duration":78215}},{"uid":"e3b2617034456bcf","reportUrl":"../2976//#testresult/e3b2617034456bcf","status":"passed","time":{"start":1748655114260,"stop":1748655193337,"duration":79077}},{"uid":"fdf282d88953f998","reportUrl":"../2975//#testresult/fdf282d88953f998","status":"passed","time":{"start":1748568702338,"stop":1748568801809,"duration":99471}}]},"tags":["asyncio"]},"source":"5a9fb99c108c39a.json","parameterValues":[]}