[32mINFO    [0m pytest_operator.plugin:plugin.py:675 Connecting to existing model microk8s-localhost:test on unspecified cloud
[32mINFO    [0m integration.high_availability.conftest:conftest.py:68 Deploying mysql-k8s and scaling to 3 units
[32mINFO    [0m juju.model:model.py:2098 Deploying local:mysql-k8s-0
[32mINFO    [0m juju.model:model.py:2972 Waiting for model:
  mysql-k8s/0 [allocating] waiting: installing agent
  mysql-k8s/1 [allocating] waiting: installing agent
  mysql-k8s/2 [allocating] waiting: installing agent
[32mINFO    [0m juju.model:model.py:2972 Waiting for model:
  mysql-k8s/0 [executing] maintenance: installing charm software
  mysql-k8s/1 [executing] maintenance: installing charm software
  mysql-k8s/2 [executing] maintenance: Initialising mysqld
[32mINFO    [0m juju.model:model.py:2972 Waiting for model:
  mysql-k8s/0 [executing] waiting: waiting to get cluster primary from peers
  mysql-k8s/1 [executing] waiting: waiting to get cluster primary from peers
  mysql-k8s/2 [executing] active: Primary
[32mINFO    [0m juju.model:model.py:2972 Waiting for model:
  mysql-k8s/0 [executing] waiting: waiting to join the cluster
  mysql-k8s/1 [executing] active: 
  mysql-k8s/2 [idle] active: Primary
[32mINFO    [0m juju.model:model.py:2972 Waiting for model:
  mysql-k8s/0 [idle] active: 
  mysql-k8s/1 [idle] active: 
  mysql-k8s/2 [idle] active: Primary
[32mINFO    [0m integration.high_availability.conftest:conftest.py:71 Deploying mysql-test-app
[32mINFO    [0m juju.model:model.py:2098 Deploying ch:amd64/jammy/mysql-test-app-51
[32mINFO    [0m juju.model:model.py:2972 Waiting for model:
  mysql-test-app/0 [allocating] waiting: installing agent
[32mINFO    [0m integration.high_availability.conftest:conftest.py:74 Relating mysql-k8s with mysql-test-app
[33mWARNING [0m juju.model:model.py:1564 relate is deprecated and will be removed. Use integrate instead.
[32mINFO    [0m juju.model:model.py:2972 Waiting for model:
  mysql-k8s/0 [idle] active: 
  mysql-k8s/1 [idle] active: 
  mysql-k8s/2 [idle] active: Primary
  mysql-test-app/0 [idle] waiting: 
[32mINFO    [0m integration.conftest:conftest.py:20 Getting credentials for the MySQL cluster
[32mINFO    [0m integration.high_availability.test_self_healing:test_self_healing.py:472 Scale mysql application to 1 unit that is active
[32mINFO    [0m juju.model:model.py:2972 Waiting for model:
  mysql-k8s (waiting for exactly 1 units, current : 3)
[32mINFO    [0m juju.model:model.py:2972 Waiting for model:
  mysql-k8s (waiting for exactly 1 units, current : 3)
[32mINFO    [0m juju.model:model.py:2972 Waiting for model:
  mysql-k8s/0 [idle] active: Primary
[32mINFO    [0m integration.high_availability.test_self_healing:test_self_healing.py:478 Delete pod for the the mysql unit
[32mINFO    [0m httpx:_client.py:1026 HTTP Request: DELETE https://10.1.0.101:16443/api/v1/namespaces/test/pods/mysql-k8s-0 "HTTP/1.1 200 OK"
[32mINFO    [0m integration.high_availability.test_self_healing:test_self_healing.py:482 Wait for a new pod to be created by k8s
[32mINFO    [0m juju.model:model.py:2972 Waiting for model:
  mysql-k8s/0 [idle] active: Primary
[32mINFO    [0m juju.model:model.py:2972 Waiting for model:
  mysql-k8s/0 [idle] maintenance: offline
[32mINFO    [0m juju.model:model.py:2972 Waiting for model:
  mysql-k8s/0 [idle] maintenance: offline
[32mINFO    [0m juju.model:model.py:2972 Waiting for model:
  mysql-k8s/0 [idle] active: Primary
[32mINFO    [0m integration.high_availability.test_self_healing:test_self_healing.py:492 Write data to unit and verify that data was written
[32mINFO    [0m pytest_operator.plugin:plugin.py:790 Model status:

Model  Controller          Cloud/Region        Version  SLA          Timestamp
test   microk8s-localhost  microk8s/localhost  3.4.5    unsupported  01:37:19Z

App             Version                  Status  Scale  Charm           Channel      Rev  Address        Exposed  Message
mysql-k8s       8.0.37-0ubuntu0.22.04.3  active      1  mysql-k8s                      0  10.152.183.84  no       
mysql-test-app  0.0.2                    active      1  mysql-test-app  latest/edge   51  10.152.183.41  no       Last written value=3528

Unit               Workload  Agent  Address       Ports  Message
mysql-k8s/0*       active    idle   10.1.141.207         Primary
mysql-test-app/0*  active    idle   10.1.141.206         Last written value=3528

[32mINFO    [0m pytest_operator.plugin:plugin.py:796 Juju error logs:

unit-mysql-k8s-2: 01:34:06 ERROR unit.mysql-k8s/2.juju-log Failed to set cluster primary
Traceback (most recent call last):
  File "/var/lib/juju/agents/unit-mysql-k8s-2/charm/src/mysql_k8s_helpers.py", line 622, in _run_mysqlsh_script
    stdout, _ = process.wait_output()
  File "/var/lib/juju/agents/unit-mysql-k8s-2/charm/venv/ops/pebble.py", line 1771, in wait_output
    raise ExecError[AnyStr](self._command, exit_code, out_value, err_value)
ops.pebble.ExecError: non-zero exit code 1 executing ['/usr/bin/mysqlsh', '--no-wizard', '--python', '--verbose=0', '-f', '/tmp/script.py', ';', 'rm', '/tmp/script.py'], stdout='Reconnecting to the PRIMARY instance of an InnoDB cluster (mysql-k8s-2.mysql-k8s-endpoints.test.svc.cluster.local:33060)...\n', stderr='Cannot set LC_ALL to locale en_US.UTF-8: No such file or directory\n\x1b[31mERROR: \x1b[0mThe operation cannot be executed because it failed to acquire the Cluster lock through primary member \'mysql-k8s-2.mysql-k8s-endpoints.test.svc.cluster.local:3306\'. Another operation requiring access to the member is still in progress, please wait for it to finish and try again.\nTraceback (most recent call last):\n  File "<string>", line 3, in <module>\nmysqlsh.Error: Shell Error (51500): Cluster.set_primary_instance: Failed to acquire Cluster lock through primary member \'mysql-k8s-2.mysql-k8s-endpoints.test.svc.cluster.local:3306\'\n'

During handling of the above exception, another exception occurred:

Traceback (most recent call last):
  File "/var/lib/juju/agents/unit-mysql-k8s-2/charm/lib/charms/mysql/v0/mysql.py", line 2183, in set_cluster_primary
    self._run_mysqlsh_script("\n".join(set_cluster_primary_commands))
  File "/var/lib/juju/agents/unit-mysql-k8s-2/charm/lib/charms/tempo_k8s/v1/charm_tracing.py", line 735, in wrapped_function
    return callable(*args, **kwargs)  # type: ignore
  File "/var/lib/juju/agents/unit-mysql-k8s-2/charm/src/mysql_k8s_helpers.py", line 625, in _run_mysqlsh_script
    raise MySQLClientError
charms.mysql.v0.mysql.MySQLClientError
unit-mysql-k8s-0: 01:35:36 ERROR unit.mysql-k8s/0.juju-log Cluster upgrade failed, ensure pre-upgrade checks are ran first.

[32mINFO    [0m pytest_operator.plugin:plugin.py:862 Forgetting main...