{"uid":"308e001e056feb4e","name":"test_standby_promotion","fullName":"tests.integration.integration.high_availability.test_async_replication#test_standby_promotion","historyId":"6b2525361b84247afa8e039e3c831e0f","time":{"start":1768096379359,"stop":1768096382603,"duration":3244},"description":"Test graceful promotion of a standby cluster to primary.","descriptionHtml":"<p>Test graceful promotion of a standby cluster to primary.</p>\n","status":"broken","statusMessage":"jubilant_backports._task.TaskError: task error: Task 4: status 'failed', return code 1, details:\nStderr:\nUncaught KeyError in charm code: 'cluster-name'\nUse `juju debug-log` to see the full traceback.\n\nMessage: exit status 1","statusTrace":"Traceback (most recent call last):\n  File \"/root/spread_project/.tox/integration/lib/python3.12/site-packages/_pytest/runner.py\", line 341, in from_call\n    result: Optional[TResult] = func()\n                                ^^^^^^\n  File \"/root/spread_project/.tox/integration/lib/python3.12/site-packages/_pytest/runner.py\", line 262, in <lambda>\n    lambda: ihook(item=item, **kwds), when=when, reraise=reraise\n            ^^^^^^^^^^^^^^^^^^^^^^^^\n  File \"/root/spread_project/.tox/integration/lib/python3.12/site-packages/pluggy/_hooks.py\", line 513, in __call__\n    return self._hookexec(self.name, self._hookimpls.copy(), kwargs, firstresult)\n           ^^^^^^^^^^^^^^^^^^^^^^^^^^^^^^^^^^^^^^^^^^^^^^^^^^^^^^^^^^^^^^^^^^^^^^\n  File \"/root/spread_project/.tox/integration/lib/python3.12/site-packages/pluggy/_manager.py\", line 120, in _hookexec\n    return self._inner_hookexec(hook_name, methods, kwargs, firstresult)\n           ^^^^^^^^^^^^^^^^^^^^^^^^^^^^^^^^^^^^^^^^^^^^^^^^^^^^^^^^^^^^^\n  File \"/root/spread_project/.tox/integration/lib/python3.12/site-packages/pluggy/_callers.py\", line 182, in _multicall\n    return outcome.get_result()\n           ^^^^^^^^^^^^^^^^^^^^\n  File \"/root/spread_project/.tox/integration/lib/python3.12/site-packages/pluggy/_result.py\", line 100, in get_result\n    raise exc.with_traceback(exc.__traceback__)\n  File \"/root/spread_project/.tox/integration/lib/python3.12/site-packages/pluggy/_callers.py\", line 103, in _multicall\n    res = hook_impl.function(*args)\n          ^^^^^^^^^^^^^^^^^^^^^^^^^\n  File \"/root/spread_project/.tox/integration/lib/python3.12/site-packages/_pytest/runner.py\", line 177, in pytest_runtest_call\n    raise e\n  File \"/root/spread_project/.tox/integration/lib/python3.12/site-packages/_pytest/runner.py\", line 169, in pytest_runtest_call\n    item.runtest()\n  File \"/root/spread_project/.tox/integration/lib/python3.12/site-packages/_pytest/python.py\", line 1792, in runtest\n    self.ihook.pytest_pyfunc_call(pyfuncitem=self)\n  File \"/root/spread_project/.tox/integration/lib/python3.12/site-packages/pluggy/_hooks.py\", line 513, in __call__\n    return self._hookexec(self.name, self._hookimpls.copy(), kwargs, firstresult)\n           ^^^^^^^^^^^^^^^^^^^^^^^^^^^^^^^^^^^^^^^^^^^^^^^^^^^^^^^^^^^^^^^^^^^^^^\n  File \"/root/spread_project/.tox/integration/lib/python3.12/site-packages/pluggy/_manager.py\", line 120, in _hookexec\n    return self._inner_hookexec(hook_name, methods, kwargs, firstresult)\n           ^^^^^^^^^^^^^^^^^^^^^^^^^^^^^^^^^^^^^^^^^^^^^^^^^^^^^^^^^^^^^\n  File \"/root/spread_project/.tox/integration/lib/python3.12/site-packages/pluggy/_callers.py\", line 182, in _multicall\n    return outcome.get_result()\n           ^^^^^^^^^^^^^^^^^^^^\n  File \"/root/spread_project/.tox/integration/lib/python3.12/site-packages/pluggy/_result.py\", line 100, in get_result\n    raise exc.with_traceback(exc.__traceback__)\n  File \"/root/spread_project/.tox/integration/lib/python3.12/site-packages/pluggy/_callers.py\", line 103, in _multicall\n    res = hook_impl.function(*args)\n          ^^^^^^^^^^^^^^^^^^^^^^^^^\n  File \"/root/spread_project/.tox/integration/lib/python3.12/site-packages/_pytest/python.py\", line 194, in pytest_pyfunc_call\n    result = testfunction(**testargs)\n             ^^^^^^^^^^^^^^^^^^^^^^^^\n  File \"/root/spread_project/tests/integration/integration/high_availability/test_async_replication.py\", line 231, in test_standby_promotion\n    promotion_task = model_2.run(\n                     ^^^^^^^^^^^^\n  File \"/root/spread_project/.tox/integration/lib/python3.12/site-packages/jubilant_backports/_juju.py\", line 1026, in run\n    task.raise_on_failure()\n  File \"/root/spread_project/.tox/integration/lib/python3.12/site-packages/jubilant_backports/_task.py\", line 120, in raise_on_failure\n    raise TaskError(self)\njubilant_backports._task.TaskError: task error: Task 4: status 'failed', return code 1, details:\nStderr:\nUncaught KeyError in charm code: 'cluster-name'\nUse `juju debug-log` to see the full traceback.\n\nMessage: exit status 1","flaky":false,"newFailed":false,"newBroken":true,"newPassed":false,"retriesCount":1,"retriesStatusChange":true,"beforeStages":[{"name":"juju","time":{"start":1768095834869,"stop":1768095835154,"duration":285},"status":"passed","steps":[],"attachments":[],"parameters":[],"shouldDisplayMessage":false,"stepsCount":0,"attachmentsCount":0,"hasContent":false,"attachmentStep":false},{"name":"second_model","time":{"start":1768095835154,"stop":1768095835388,"duration":234},"status":"passed","steps":[],"attachments":[],"parameters":[],"shouldDisplayMessage":false,"stepsCount":0,"attachmentsCount":0,"hasContent":false,"attachmentStep":false},{"name":"first_model","time":{"start":1768095835154,"stop":1768095835154,"duration":0},"status":"passed","steps":[],"attachments":[],"parameters":[],"shouldDisplayMessage":false,"stepsCount":0,"attachmentsCount":0,"hasContent":false,"attachmentStep":false},{"name":"abort_on_fail","time":{"start":1768096377171,"stop":1768096377171,"duration":0},"status":"passed","steps":[],"attachments":[],"parameters":[],"shouldDisplayMessage":false,"stepsCount":0,"attachmentsCount":0,"hasContent":false,"attachmentStep":false},{"name":"continuous_writes","time":{"start":1768096377171,"stop":1768096379358,"duration":2187},"status":"passed","steps":[],"attachments":[],"parameters":[],"shouldDisplayMessage":false,"stepsCount":0,"attachmentsCount":0,"hasContent":false,"attachmentStep":false}],"testStage":{"description":"Test graceful promotion of a standby cluster to primary.","status":"broken","statusMessage":"jubilant_backports._task.TaskError: task error: Task 4: status 'failed', return code 1, details:\nStderr:\nUncaught KeyError in charm code: 'cluster-name'\nUse `juju debug-log` to see the full traceback.\n\nMessage: exit status 1","statusTrace":"Traceback (most recent call last):\n  File \"/root/spread_project/.tox/integration/lib/python3.12/site-packages/_pytest/runner.py\", line 341, in from_call\n    result: Optional[TResult] = func()\n                                ^^^^^^\n  File \"/root/spread_project/.tox/integration/lib/python3.12/site-packages/_pytest/runner.py\", line 262, in <lambda>\n    lambda: ihook(item=item, **kwds), when=when, reraise=reraise\n            ^^^^^^^^^^^^^^^^^^^^^^^^\n  File \"/root/spread_project/.tox/integration/lib/python3.12/site-packages/pluggy/_hooks.py\", line 513, in __call__\n    return self._hookexec(self.name, self._hookimpls.copy(), kwargs, firstresult)\n           ^^^^^^^^^^^^^^^^^^^^^^^^^^^^^^^^^^^^^^^^^^^^^^^^^^^^^^^^^^^^^^^^^^^^^^\n  File \"/root/spread_project/.tox/integration/lib/python3.12/site-packages/pluggy/_manager.py\", line 120, in _hookexec\n    return self._inner_hookexec(hook_name, methods, kwargs, firstresult)\n           ^^^^^^^^^^^^^^^^^^^^^^^^^^^^^^^^^^^^^^^^^^^^^^^^^^^^^^^^^^^^^\n  File \"/root/spread_project/.tox/integration/lib/python3.12/site-packages/pluggy/_callers.py\", line 182, in _multicall\n    return outcome.get_result()\n           ^^^^^^^^^^^^^^^^^^^^\n  File \"/root/spread_project/.tox/integration/lib/python3.12/site-packages/pluggy/_result.py\", line 100, in get_result\n    raise exc.with_traceback(exc.__traceback__)\n  File \"/root/spread_project/.tox/integration/lib/python3.12/site-packages/pluggy/_callers.py\", line 103, in _multicall\n    res = hook_impl.function(*args)\n          ^^^^^^^^^^^^^^^^^^^^^^^^^\n  File \"/root/spread_project/.tox/integration/lib/python3.12/site-packages/_pytest/runner.py\", line 177, in pytest_runtest_call\n    raise e\n  File \"/root/spread_project/.tox/integration/lib/python3.12/site-packages/_pytest/runner.py\", line 169, in pytest_runtest_call\n    item.runtest()\n  File \"/root/spread_project/.tox/integration/lib/python3.12/site-packages/_pytest/python.py\", line 1792, in runtest\n    self.ihook.pytest_pyfunc_call(pyfuncitem=self)\n  File \"/root/spread_project/.tox/integration/lib/python3.12/site-packages/pluggy/_hooks.py\", line 513, in __call__\n    return self._hookexec(self.name, self._hookimpls.copy(), kwargs, firstresult)\n           ^^^^^^^^^^^^^^^^^^^^^^^^^^^^^^^^^^^^^^^^^^^^^^^^^^^^^^^^^^^^^^^^^^^^^^\n  File \"/root/spread_project/.tox/integration/lib/python3.12/site-packages/pluggy/_manager.py\", line 120, in _hookexec\n    return self._inner_hookexec(hook_name, methods, kwargs, firstresult)\n           ^^^^^^^^^^^^^^^^^^^^^^^^^^^^^^^^^^^^^^^^^^^^^^^^^^^^^^^^^^^^^\n  File \"/root/spread_project/.tox/integration/lib/python3.12/site-packages/pluggy/_callers.py\", line 182, in _multicall\n    return outcome.get_result()\n           ^^^^^^^^^^^^^^^^^^^^\n  File \"/root/spread_project/.tox/integration/lib/python3.12/site-packages/pluggy/_result.py\", line 100, in get_result\n    raise exc.with_traceback(exc.__traceback__)\n  File \"/root/spread_project/.tox/integration/lib/python3.12/site-packages/pluggy/_callers.py\", line 103, in _multicall\n    res = hook_impl.function(*args)\n          ^^^^^^^^^^^^^^^^^^^^^^^^^\n  File \"/root/spread_project/.tox/integration/lib/python3.12/site-packages/_pytest/python.py\", line 194, in pytest_pyfunc_call\n    result = testfunction(**testargs)\n             ^^^^^^^^^^^^^^^^^^^^^^^^\n  File \"/root/spread_project/tests/integration/integration/high_availability/test_async_replication.py\", line 231, in test_standby_promotion\n    promotion_task = model_2.run(\n                     ^^^^^^^^^^^^\n  File \"/root/spread_project/.tox/integration/lib/python3.12/site-packages/jubilant_backports/_juju.py\", line 1026, in run\n    task.raise_on_failure()\n  File \"/root/spread_project/.tox/integration/lib/python3.12/site-packages/jubilant_backports/_task.py\", line 120, in raise_on_failure\n    raise TaskError(self)\njubilant_backports._task.TaskError: task error: Task 4: status 'failed', return code 1, details:\nStderr:\nUncaught KeyError in charm code: 'cluster-name'\nUse `juju debug-log` to see the full traceback.\n\nMessage: exit status 1","steps":[],"attachments":[{"uid":"5c5d07499d0792c3","name":"log","source":"5c5d07499d0792c3.txt","type":"text/plain","size":1184}],"parameters":[],"shouldDisplayMessage":true,"stepsCount":0,"attachmentsCount":1,"hasContent":true,"attachmentStep":false},"afterStages":[{"name":"continuous_writes::0","time":{"start":1768096382606,"stop":1768096383896,"duration":1290},"status":"passed","steps":[],"attachments":[],"parameters":[],"shouldDisplayMessage":false,"stepsCount":0,"attachmentsCount":0,"hasContent":false,"attachmentStep":false},{"name":"abort_on_fail::0","time":{"start":1768096383896,"stop":1768096383896,"duration":0},"status":"passed","steps":[],"attachments":[],"parameters":[],"shouldDisplayMessage":false,"stepsCount":0,"attachmentsCount":0,"hasContent":false,"attachmentStep":false},{"name":"second_model::0","time":{"start":1768097028028,"stop":1768097121110,"duration":93082},"status":"passed","steps":[],"attachments":[],"parameters":[],"shouldDisplayMessage":false,"stepsCount":0,"attachmentsCount":0,"hasContent":false,"attachmentStep":false},{"name":"first_model::0","time":{"start":1768097121110,"stop":1768097121110,"duration":0},"status":"passed","steps":[],"attachments":[],"parameters":[],"shouldDisplayMessage":false,"stepsCount":0,"attachmentsCount":0,"hasContent":false,"attachmentStep":false},{"name":"juju::0","time":{"start":1768097121111,"stop":1768097121351,"duration":240},"status":"passed","steps":[],"attachments":[],"parameters":[],"shouldDisplayMessage":false,"stepsCount":0,"attachmentsCount":0,"hasContent":false,"attachmentStep":false}],"labels":[{"name":"tag","value":"abort_on_fail"},{"name":"tag","value":"@pytest.mark.skipif(False, reason='Requires juju 3+')"},{"name":"parentSuite","value":"tests.integration.integration.high_availability"},{"name":"suite","value":"test_async_replication"},{"name":"host","value":"runnervmi13qx"},{"name":"thread","value":"18474-MainThread"},{"name":"framework","value":"pytest"},{"name":"language","value":"cpython3"},{"name":"package","value":"tests.integration.integration.high_availability.test_async_replication"},{"name":"resultFormat","value":"allure2"}],"parameters":[],"links":[],"hidden":false,"retry":false,"extra":{"severity":"normal","retries":[{"uid":"904be16f59dcf036","status":"unknown","time":{}}],"categories":[{"name":"Test defects","matchedStatuses":[]}],"history":{"statistic":{"failed":0,"broken":6,"skipped":0,"passed":28,"unknown":0,"total":34},"items":[{"uid":"fa11825776aa0238","reportUrl":"../59//#testresult/fa11825776aa0238","status":"passed","time":{"start":1768010900145,"stop":1768010946607,"duration":46462}},{"uid":"a1b16d365a5c2d6e","reportUrl":"../58//#testresult/a1b16d365a5c2d6e","status":"passed","time":{"start":1767923971057,"stop":1767924006306,"duration":35249}},{"uid":"f5768269f495e605","reportUrl":"../56//#testresult/f5768269f495e605","status":"broken","statusDetails":"jubilant_backports._task.TaskError: task error: Task 4: status 'failed', return code 0, details:\nMessage: Only a standby cluster can be promoted","time":{"start":1767751153709,"stop":1767751156843,"duration":3134}},{"uid":"5931b340bb28705d","reportUrl":"../55//#testresult/5931b340bb28705d","status":"broken","statusDetails":"TimeoutError: timed out waiting for action, stderr:\nRunning operation 27 with 1 task\n  - task 28 on unit-db1-2\n\nWaiting for task 28...\nERROR timed out waiting for results from: unit db1/2","time":{"start":1767665029469,"stop":1767665119328,"duration":89859}},{"uid":"d5e4b7a2a570eb64","reportUrl":"../54//#testresult/d5e4b7a2a570eb64","status":"passed","time":{"start":1767578733023,"stop":1767578773882,"duration":40859}},{"uid":"1e32ff557d617626","reportUrl":"../53//#testresult/1e32ff557d617626","status":"broken","statusDetails":"TimeoutError: timed out waiting for action, stderr:\nRunning operation 19 with 1 task\n  - task 20 on unit-db1-0\n\nWaiting for task 20...\nERROR timed out waiting for results from: unit db1/0","time":{"start":1767493356831,"stop":1767493434745,"duration":77914}},{"uid":"e6c66b2fcb46169a","reportUrl":"../52//#testresult/e6c66b2fcb46169a","status":"passed","time":{"start":1767405021078,"stop":1767405052884,"duration":31806}},{"uid":"f336858efeb2b8d8","reportUrl":"../51//#testresult/f336858efeb2b8d8","status":"passed","time":{"start":1767318907753,"stop":1767318942597,"duration":34844}},{"uid":"83b2b819c8cdc298","reportUrl":"../50//#testresult/83b2b819c8cdc298","status":"passed","time":{"start":1767232270336,"stop":1767232303194,"duration":32858}},{"uid":"295953afb2ab29b","reportUrl":"../49//#testresult/295953afb2ab29b","status":"passed","time":{"start":1767146105728,"stop":1767146165320,"duration":59592}},{"uid":"9a4471db5b0ad199","reportUrl":"../48//#testresult/9a4471db5b0ad199","status":"broken","statusDetails":"jubilant_backports._task.TaskError: task error: Task 4: status 'failed', return code 1, details:\nStderr:\nUncaught KeyError in charm code: 'cluster-name'\nUse `juju debug-log` to see the full traceback.\n\nMessage: exit status 1","time":{"start":1767059494077,"stop":1767059496394,"duration":2317}},{"uid":"b18e9b4af54e9e0f","reportUrl":"../47//#testresult/b18e9b4af54e9e0f","status":"passed","time":{"start":1766973188751,"stop":1766973221119,"duration":32368}},{"uid":"37031288aae6c3b7","reportUrl":"../46//#testresult/37031288aae6c3b7","status":"passed","time":{"start":1766886572357,"stop":1766886613664,"duration":41307}},{"uid":"f4d144eec894ef00","reportUrl":"../45//#testresult/f4d144eec894ef00","status":"passed","time":{"start":1766800678381,"stop":1766800718041,"duration":39660}},{"uid":"b296a2180bfee3b","reportUrl":"../44//#testresult/b296a2180bfee3b","status":"passed","time":{"start":1766713572256,"stop":1766713610787,"duration":38531}},{"uid":"2d8b723b563b45db","reportUrl":"../43//#testresult/2d8b723b563b45db","status":"passed","time":{"start":1766627719801,"stop":1766627752683,"duration":32882}},{"uid":"723a55e8156e8842","reportUrl":"../42//#testresult/723a55e8156e8842","status":"passed","time":{"start":1766541026885,"stop":1766541069694,"duration":42809}},{"uid":"986037ea14fe1cb5","reportUrl":"../41//#testresult/986037ea14fe1cb5","status":"passed","time":{"start":1766454533543,"stop":1766454576326,"duration":42783}},{"uid":"344b1a29da89173d","reportUrl":"../40//#testresult/344b1a29da89173d","status":"passed","time":{"start":1766368038985,"stop":1766368071540,"duration":32555}},{"uid":"a14a5b7b277981aa","reportUrl":"../39//#testresult/a14a5b7b277981aa","status":"passed","time":{"start":1766281994444,"stop":1766282023688,"duration":29244}}]},"tags":["abort_on_fail","@pytest.mark.skipif(False, reason='Requires juju 3+')"]},"source":"308e001e056feb4e.json","parameterValues":[]}