{"uid":"ceaf1d2cc7b2957e","name":"test_failover","fullName":"tests.integration.integration.high_availability.test_async_replication#test_failover","historyId":"7872f4547a4656fc49e635680e9846dd","time":{"start":1768701492886,"stop":1768701494275,"duration":1389},"description":"Test switchover on primary cluster fail.","descriptionHtml":"<p>Test switchover on primary cluster fail.</p>\n","status":"broken","statusMessage":"RuntimeError: Failed to execute command","statusTrace":"Traceback (most recent call last):\n  File \"/root/spread_project/.tox/integration/lib/python3.12/site-packages/_pytest/runner.py\", line 341, in from_call\n    result: Optional[TResult] = func()\n                                ^^^^^^\n  File \"/root/spread_project/.tox/integration/lib/python3.12/site-packages/_pytest/runner.py\", line 262, in <lambda>\n    lambda: ihook(item=item, **kwds), when=when, reraise=reraise\n            ^^^^^^^^^^^^^^^^^^^^^^^^\n  File \"/root/spread_project/.tox/integration/lib/python3.12/site-packages/pluggy/_hooks.py\", line 513, in __call__\n    return self._hookexec(self.name, self._hookimpls.copy(), kwargs, firstresult)\n           ^^^^^^^^^^^^^^^^^^^^^^^^^^^^^^^^^^^^^^^^^^^^^^^^^^^^^^^^^^^^^^^^^^^^^^\n  File \"/root/spread_project/.tox/integration/lib/python3.12/site-packages/pluggy/_manager.py\", line 120, in _hookexec\n    return self._inner_hookexec(hook_name, methods, kwargs, firstresult)\n           ^^^^^^^^^^^^^^^^^^^^^^^^^^^^^^^^^^^^^^^^^^^^^^^^^^^^^^^^^^^^^\n  File \"/root/spread_project/.tox/integration/lib/python3.12/site-packages/pluggy/_callers.py\", line 182, in _multicall\n    return outcome.get_result()\n           ^^^^^^^^^^^^^^^^^^^^\n  File \"/root/spread_project/.tox/integration/lib/python3.12/site-packages/pluggy/_result.py\", line 100, in get_result\n    raise exc.with_traceback(exc.__traceback__)\n  File \"/root/spread_project/.tox/integration/lib/python3.12/site-packages/pluggy/_callers.py\", line 103, in _multicall\n    res = hook_impl.function(*args)\n          ^^^^^^^^^^^^^^^^^^^^^^^^^\n  File \"/root/spread_project/.tox/integration/lib/python3.12/site-packages/_pytest/runner.py\", line 177, in pytest_runtest_call\n    raise e\n  File \"/root/spread_project/.tox/integration/lib/python3.12/site-packages/_pytest/runner.py\", line 169, in pytest_runtest_call\n    item.runtest()\n  File \"/root/spread_project/.tox/integration/lib/python3.12/site-packages/_pytest/python.py\", line 1792, in runtest\n    self.ihook.pytest_pyfunc_call(pyfuncitem=self)\n  File \"/root/spread_project/.tox/integration/lib/python3.12/site-packages/pluggy/_hooks.py\", line 513, in __call__\n    return self._hookexec(self.name, self._hookimpls.copy(), kwargs, firstresult)\n           ^^^^^^^^^^^^^^^^^^^^^^^^^^^^^^^^^^^^^^^^^^^^^^^^^^^^^^^^^^^^^^^^^^^^^^\n  File \"/root/spread_project/.tox/integration/lib/python3.12/site-packages/pluggy/_manager.py\", line 120, in _hookexec\n    return self._inner_hookexec(hook_name, methods, kwargs, firstresult)\n           ^^^^^^^^^^^^^^^^^^^^^^^^^^^^^^^^^^^^^^^^^^^^^^^^^^^^^^^^^^^^^\n  File \"/root/spread_project/.tox/integration/lib/python3.12/site-packages/pluggy/_callers.py\", line 182, in _multicall\n    return outcome.get_result()\n           ^^^^^^^^^^^^^^^^^^^^\n  File \"/root/spread_project/.tox/integration/lib/python3.12/site-packages/pluggy/_result.py\", line 100, in get_result\n    raise exc.with_traceback(exc.__traceback__)\n  File \"/root/spread_project/.tox/integration/lib/python3.12/site-packages/pluggy/_callers.py\", line 103, in _multicall\n    res = hook_impl.function(*args)\n          ^^^^^^^^^^^^^^^^^^^^^^^^^\n  File \"/root/spread_project/.tox/integration/lib/python3.12/site-packages/_pytest/python.py\", line 194, in pytest_pyfunc_call\n    result = testfunction(**testargs)\n             ^^^^^^^^^^^^^^^^^^^^^^^^\n  File \"/root/spread_project/tests/integration/integration/high_availability/test_async_replication.py\", line 264, in test_failover\n    exec_k8s_container_command(\n  File \"/root/spread_project/tests/integration/helpers_ha.py\", line 138, in exec_k8s_container_command\n    raise RuntimeError(\"Failed to execute command\")\nRuntimeError: Failed to execute command","flaky":false,"newFailed":false,"newBroken":true,"newPassed":false,"retriesCount":1,"retriesStatusChange":true,"beforeStages":[{"name":"juju","time":{"start":1768700626605,"stop":1768700626921,"duration":316},"status":"passed","steps":[],"attachments":[],"parameters":[],"shouldDisplayMessage":false,"stepsCount":0,"attachmentsCount":0,"hasContent":false,"attachmentStep":false},{"name":"first_model","time":{"start":1768700626921,"stop":1768700626921,"duration":0},"status":"passed","steps":[],"attachments":[],"parameters":[],"shouldDisplayMessage":false,"stepsCount":0,"attachmentsCount":0,"hasContent":false,"attachmentStep":false},{"name":"second_model","time":{"start":1768700626921,"stop":1768700627167,"duration":246},"status":"passed","steps":[],"attachments":[],"parameters":[],"shouldDisplayMessage":false,"stepsCount":0,"attachmentsCount":0,"hasContent":false,"attachmentStep":false},{"name":"abort_on_fail","time":{"start":1768701492886,"stop":1768701492886,"duration":0},"status":"passed","steps":[],"attachments":[],"parameters":[],"shouldDisplayMessage":false,"stepsCount":0,"attachmentsCount":0,"hasContent":false,"attachmentStep":false}],"testStage":{"description":"Test switchover on primary cluster fail.","status":"broken","statusMessage":"RuntimeError: Failed to execute command","statusTrace":"Traceback (most recent call last):\n  File \"/root/spread_project/.tox/integration/lib/python3.12/site-packages/_pytest/runner.py\", line 341, in from_call\n    result: Optional[TResult] = func()\n                                ^^^^^^\n  File \"/root/spread_project/.tox/integration/lib/python3.12/site-packages/_pytest/runner.py\", line 262, in <lambda>\n    lambda: ihook(item=item, **kwds), when=when, reraise=reraise\n            ^^^^^^^^^^^^^^^^^^^^^^^^\n  File \"/root/spread_project/.tox/integration/lib/python3.12/site-packages/pluggy/_hooks.py\", line 513, in __call__\n    return self._hookexec(self.name, self._hookimpls.copy(), kwargs, firstresult)\n           ^^^^^^^^^^^^^^^^^^^^^^^^^^^^^^^^^^^^^^^^^^^^^^^^^^^^^^^^^^^^^^^^^^^^^^\n  File \"/root/spread_project/.tox/integration/lib/python3.12/site-packages/pluggy/_manager.py\", line 120, in _hookexec\n    return self._inner_hookexec(hook_name, methods, kwargs, firstresult)\n           ^^^^^^^^^^^^^^^^^^^^^^^^^^^^^^^^^^^^^^^^^^^^^^^^^^^^^^^^^^^^^\n  File \"/root/spread_project/.tox/integration/lib/python3.12/site-packages/pluggy/_callers.py\", line 182, in _multicall\n    return outcome.get_result()\n           ^^^^^^^^^^^^^^^^^^^^\n  File \"/root/spread_project/.tox/integration/lib/python3.12/site-packages/pluggy/_result.py\", line 100, in get_result\n    raise exc.with_traceback(exc.__traceback__)\n  File \"/root/spread_project/.tox/integration/lib/python3.12/site-packages/pluggy/_callers.py\", line 103, in _multicall\n    res = hook_impl.function(*args)\n          ^^^^^^^^^^^^^^^^^^^^^^^^^\n  File \"/root/spread_project/.tox/integration/lib/python3.12/site-packages/_pytest/runner.py\", line 177, in pytest_runtest_call\n    raise e\n  File \"/root/spread_project/.tox/integration/lib/python3.12/site-packages/_pytest/runner.py\", line 169, in pytest_runtest_call\n    item.runtest()\n  File \"/root/spread_project/.tox/integration/lib/python3.12/site-packages/_pytest/python.py\", line 1792, in runtest\n    self.ihook.pytest_pyfunc_call(pyfuncitem=self)\n  File \"/root/spread_project/.tox/integration/lib/python3.12/site-packages/pluggy/_hooks.py\", line 513, in __call__\n    return self._hookexec(self.name, self._hookimpls.copy(), kwargs, firstresult)\n           ^^^^^^^^^^^^^^^^^^^^^^^^^^^^^^^^^^^^^^^^^^^^^^^^^^^^^^^^^^^^^^^^^^^^^^\n  File \"/root/spread_project/.tox/integration/lib/python3.12/site-packages/pluggy/_manager.py\", line 120, in _hookexec\n    return self._inner_hookexec(hook_name, methods, kwargs, firstresult)\n           ^^^^^^^^^^^^^^^^^^^^^^^^^^^^^^^^^^^^^^^^^^^^^^^^^^^^^^^^^^^^^\n  File \"/root/spread_project/.tox/integration/lib/python3.12/site-packages/pluggy/_callers.py\", line 182, in _multicall\n    return outcome.get_result()\n           ^^^^^^^^^^^^^^^^^^^^\n  File \"/root/spread_project/.tox/integration/lib/python3.12/site-packages/pluggy/_result.py\", line 100, in get_result\n    raise exc.with_traceback(exc.__traceback__)\n  File \"/root/spread_project/.tox/integration/lib/python3.12/site-packages/pluggy/_callers.py\", line 103, in _multicall\n    res = hook_impl.function(*args)\n          ^^^^^^^^^^^^^^^^^^^^^^^^^\n  File \"/root/spread_project/.tox/integration/lib/python3.12/site-packages/_pytest/python.py\", line 194, in pytest_pyfunc_call\n    result = testfunction(**testargs)\n             ^^^^^^^^^^^^^^^^^^^^^^^^\n  File \"/root/spread_project/tests/integration/integration/high_availability/test_async_replication.py\", line 264, in test_failover\n    exec_k8s_container_command(\n  File \"/root/spread_project/tests/integration/helpers_ha.py\", line 138, in exec_k8s_container_command\n    raise RuntimeError(\"Failed to execute command\")\nRuntimeError: Failed to execute command","steps":[],"attachments":[{"uid":"c7c421c862610c46","name":"log","source":"c7c421c862610c46.txt","type":"text/plain","size":258}],"parameters":[],"shouldDisplayMessage":true,"stepsCount":0,"attachmentsCount":1,"hasContent":true,"attachmentStep":false},"afterStages":[{"name":"abort_on_fail::0","time":{"start":1768701494277,"stop":1768701494277,"duration":0},"status":"passed","steps":[],"attachments":[],"parameters":[],"shouldDisplayMessage":false,"stepsCount":0,"attachmentsCount":0,"hasContent":false,"attachmentStep":false},{"name":"second_model::0","time":{"start":1768702132094,"stop":1768702225174,"duration":93080},"status":"passed","steps":[],"attachments":[],"parameters":[],"shouldDisplayMessage":false,"stepsCount":0,"attachmentsCount":0,"hasContent":false,"attachmentStep":false},{"name":"first_model::0","time":{"start":1768702225175,"stop":1768702225175,"duration":0},"status":"passed","steps":[],"attachments":[],"parameters":[],"shouldDisplayMessage":false,"stepsCount":0,"attachmentsCount":0,"hasContent":false,"attachmentStep":false},{"name":"juju::0","time":{"start":1768702225175,"stop":1768702225429,"duration":254},"status":"passed","steps":[],"attachments":[],"parameters":[],"shouldDisplayMessage":false,"stepsCount":0,"attachmentsCount":0,"hasContent":false,"attachmentStep":false}],"labels":[{"name":"tag","value":"abort_on_fail"},{"name":"tag","value":"@pytest.mark.skipif(False, reason='Requires juju 3+')"},{"name":"parentSuite","value":"tests.integration.integration.high_availability"},{"name":"suite","value":"test_async_replication"},{"name":"host","value":"runnervmmtnos"},{"name":"thread","value":"18275-MainThread"},{"name":"framework","value":"pytest"},{"name":"language","value":"cpython3"},{"name":"package","value":"tests.integration.integration.high_availability.test_async_replication"},{"name":"resultFormat","value":"allure2"}],"parameters":[],"links":[],"hidden":false,"retry":false,"extra":{"severity":"normal","retries":[{"uid":"79bd61496280466c","status":"unknown","time":{}}],"categories":[{"name":"Test defects","matchedStatuses":[]}],"history":{"statistic":{"failed":0,"broken":6,"skipped":0,"passed":33,"unknown":0,"total":39},"items":[{"uid":"b36b688510cbe25d","reportUrl":"../65//#testresult/b36b688510cbe25d","status":"passed","time":{"start":1768528140762,"stop":1768528441339,"duration":300577}},{"uid":"a9d39e09e70369a2","reportUrl":"../64//#testresult/a9d39e09e70369a2","status":"passed","time":{"start":1768443975087,"stop":1768444268866,"duration":293779}},{"uid":"d6debcf8ee5d9ba8","reportUrl":"../63//#testresult/d6debcf8ee5d9ba8","status":"passed","time":{"start":1768357096462,"stop":1768357388709,"duration":292247}},{"uid":"38bb017a4587e2ef","reportUrl":"../61//#testresult/38bb017a4587e2ef","status":"passed","time":{"start":1768182953420,"stop":1768183255691,"duration":302271}},{"uid":"5fcf5a206763128f","reportUrl":"../60//#testresult/5fcf5a206763128f","status":"broken","statusDetails":"RuntimeError: Failed to execute command","time":{"start":1768096383898,"stop":1768096384435,"duration":537}},{"uid":"f18f7b9943b09df6","reportUrl":"../59//#testresult/f18f7b9943b09df6","status":"passed","time":{"start":1768010947425,"stop":1768011249735,"duration":302310}},{"uid":"9a52a0d1d8f42e12","reportUrl":"../58//#testresult/9a52a0d1d8f42e12","status":"passed","time":{"start":1767924007158,"stop":1767924300536,"duration":293378}},{"uid":"455f13d026aa6e17","reportUrl":"../56//#testresult/455f13d026aa6e17","status":"broken","statusDetails":"jubilant_backports._task.TaskError: task error: Task 24: status 'failed', return code 0, details:\nMessage: Only a standby cluster can be promoted","time":{"start":1767751158066,"stop":1767751160901,"duration":2835}},{"uid":"20ee7d6159724de3","reportUrl":"../55//#testresult/20ee7d6159724de3","status":"broken","statusDetails":"TimeoutError: timed out waiting for action, stderr:\nRunning operation 31 with 1 task\n  - task 32 on unit-db1-0\n\nWaiting for task 32...\nERROR timed out waiting for results from: unit db1/0","time":{"start":1767665120177,"stop":1767665424499,"duration":304322}},{"uid":"62e05e7dc97e12f6","reportUrl":"../54//#testresult/62e05e7dc97e12f6","status":"passed","time":{"start":1767578774720,"stop":1767579192716,"duration":417996}},{"uid":"4df0374a6122eb45","reportUrl":"../53//#testresult/4df0374a6122eb45","status":"passed","time":{"start":1767493435575,"stop":1767493862018,"duration":426443}},{"uid":"768ea339eaf9502b","reportUrl":"../52//#testresult/768ea339eaf9502b","status":"passed","time":{"start":1767405053706,"stop":1767405473901,"duration":420195}},{"uid":"14ed0f0a758dbc4d","reportUrl":"../51//#testresult/14ed0f0a758dbc4d","status":"passed","time":{"start":1767318943792,"stop":1767319238113,"duration":294321}},{"uid":"de7cfac1ac939f3e","reportUrl":"../50//#testresult/de7cfac1ac939f3e","status":"passed","time":{"start":1767232304053,"stop":1767232606330,"duration":302277}},{"uid":"517297202135027d","reportUrl":"../49//#testresult/517297202135027d","status":"passed","time":{"start":1767146166166,"stop":1767146461100,"duration":294934}},{"uid":"792a3aada00fcbf6","reportUrl":"../48//#testresult/792a3aada00fcbf6","status":"broken","statusDetails":"RuntimeError: Failed to execute command","time":{"start":1767059497628,"stop":1767059498159,"duration":531}},{"uid":"1f03b549e274eb61","reportUrl":"../47//#testresult/1f03b549e274eb61","status":"passed","time":{"start":1766973221973,"stop":1766973638441,"duration":416468}},{"uid":"15281f72cda1b0b9","reportUrl":"../46//#testresult/15281f72cda1b0b9","status":"passed","time":{"start":1766886614512,"stop":1766887048683,"duration":434171}},{"uid":"b9dbf7207271e0f5","reportUrl":"../45//#testresult/b9dbf7207271e0f5","status":"passed","time":{"start":1766800718878,"stop":1766801011070,"duration":292192}},{"uid":"55884b6ac6e405bb","reportUrl":"../44//#testresult/55884b6ac6e405bb","status":"passed","time":{"start":1766713611624,"stop":1766714031901,"duration":420277}}]},"tags":["abort_on_fail","@pytest.mark.skipif(False, reason='Requires juju 3+')"]},"source":"ceaf1d2cc7b2957e.json","parameterValues":[]}