{"uid":"e70ed84c8749d132","name":"test_data_replication","fullName":"tests.integration.integration.high_availability.test_async_replication#test_data_replication","historyId":"6396c2f90d43e7f6c1e0aa98f3404932","time":{"start":1768701467625,"stop":1768701483751,"duration":16126},"description":"Test to write to primary, and read the same data back from replicas.","descriptionHtml":"<p>Test to write to primary, and read the same data back from replicas.</p>\n","status":"broken","statusMessage":"mysql.connector.errors.DatabaseError: 2003 (HY000): Can't connect to MySQL server on '10.1.60.21:3306' (111)","statusTrace":"Traceback (most recent call last):\n  File \"/root/spread_project/.tox/integration/lib/python3.12/site-packages/mysql/connector/connection_cext.py\", line 335, in _open_connection\n    self._cmysql.connect(**cnx_kwargs)\n_mysql_connector.MySQLInterfaceError: Can't connect to MySQL server on '10.1.60.21:3306' (111)\n\nThe above exception was the direct cause of the following exception:\n\nTraceback (most recent call last):\n  File \"/root/spread_project/.tox/integration/lib/python3.12/site-packages/_pytest/runner.py\", line 341, in from_call\n    result: Optional[TResult] = func()\n                                ^^^^^^\n  File \"/root/spread_project/.tox/integration/lib/python3.12/site-packages/_pytest/runner.py\", line 262, in <lambda>\n    lambda: ihook(item=item, **kwds), when=when, reraise=reraise\n            ^^^^^^^^^^^^^^^^^^^^^^^^\n  File \"/root/spread_project/.tox/integration/lib/python3.12/site-packages/pluggy/_hooks.py\", line 513, in __call__\n    return self._hookexec(self.name, self._hookimpls.copy(), kwargs, firstresult)\n           ^^^^^^^^^^^^^^^^^^^^^^^^^^^^^^^^^^^^^^^^^^^^^^^^^^^^^^^^^^^^^^^^^^^^^^\n  File \"/root/spread_project/.tox/integration/lib/python3.12/site-packages/pluggy/_manager.py\", line 120, in _hookexec\n    return self._inner_hookexec(hook_name, methods, kwargs, firstresult)\n           ^^^^^^^^^^^^^^^^^^^^^^^^^^^^^^^^^^^^^^^^^^^^^^^^^^^^^^^^^^^^^\n  File \"/root/spread_project/.tox/integration/lib/python3.12/site-packages/pluggy/_callers.py\", line 182, in _multicall\n    return outcome.get_result()\n           ^^^^^^^^^^^^^^^^^^^^\n  File \"/root/spread_project/.tox/integration/lib/python3.12/site-packages/pluggy/_result.py\", line 100, in get_result\n    raise exc.with_traceback(exc.__traceback__)\n  File \"/root/spread_project/.tox/integration/lib/python3.12/site-packages/pluggy/_callers.py\", line 103, in _multicall\n    res = hook_impl.function(*args)\n          ^^^^^^^^^^^^^^^^^^^^^^^^^\n  File \"/root/spread_project/.tox/integration/lib/python3.12/site-packages/_pytest/runner.py\", line 177, in pytest_runtest_call\n    raise e\n  File \"/root/spread_project/.tox/integration/lib/python3.12/site-packages/_pytest/runner.py\", line 169, in pytest_runtest_call\n    item.runtest()\n  File \"/root/spread_project/.tox/integration/lib/python3.12/site-packages/_pytest/python.py\", line 1792, in runtest\n    self.ihook.pytest_pyfunc_call(pyfuncitem=self)\n  File \"/root/spread_project/.tox/integration/lib/python3.12/site-packages/pluggy/_hooks.py\", line 513, in __call__\n    return self._hookexec(self.name, self._hookimpls.copy(), kwargs, firstresult)\n           ^^^^^^^^^^^^^^^^^^^^^^^^^^^^^^^^^^^^^^^^^^^^^^^^^^^^^^^^^^^^^^^^^^^^^^\n  File \"/root/spread_project/.tox/integration/lib/python3.12/site-packages/pluggy/_manager.py\", line 120, in _hookexec\n    return self._inner_hookexec(hook_name, methods, kwargs, firstresult)\n           ^^^^^^^^^^^^^^^^^^^^^^^^^^^^^^^^^^^^^^^^^^^^^^^^^^^^^^^^^^^^^\n  File \"/root/spread_project/.tox/integration/lib/python3.12/site-packages/pluggy/_callers.py\", line 182, in _multicall\n    return outcome.get_result()\n           ^^^^^^^^^^^^^^^^^^^^\n  File \"/root/spread_project/.tox/integration/lib/python3.12/site-packages/pluggy/_result.py\", line 100, in get_result\n    raise exc.with_traceback(exc.__traceback__)\n  File \"/root/spread_project/.tox/integration/lib/python3.12/site-packages/pluggy/_callers.py\", line 103, in _multicall\n    res = hook_impl.function(*args)\n          ^^^^^^^^^^^^^^^^^^^^^^^^^\n  File \"/root/spread_project/.tox/integration/lib/python3.12/site-packages/_pytest/python.py\", line 194, in pytest_pyfunc_call\n    result = testfunction(**testargs)\n             ^^^^^^^^^^^^^^^^^^^^^^^^\n  File \"/root/spread_project/tests/integration/integration/high_availability/test_async_replication.py\", line 216, in test_data_replication\n    results = get_mysql_max_written_values(first_model, second_model)\n              ^^^^^^^^^^^^^^^^^^^^^^^^^^^^^^^^^^^^^^^^^^^^^^^^^^^^^^^\n  File \"/root/spread_project/tests/integration/integration/high_availability/test_async_replication.py\", line 411, in get_mysql_max_written_values\n    unit_max_value = get_mysql_max_written_value(model_2, MYSQL_APP_2, unit_name)\n                     ^^^^^^^^^^^^^^^^^^^^^^^^^^^^^^^^^^^^^^^^^^^^^^^^^^^^^^^^^^^^\n  File \"/root/spread_project/tests/integration/helpers_ha.py\", line 478, in get_mysql_max_written_value\n    output = execute_queries_on_unit(\n             ^^^^^^^^^^^^^^^^^^^^^^^^\n  File \"/root/spread_project/tests/integration/helpers.py\", line 175, in execute_queries_on_unit\n    with MySQLConnector(config, commit) as cursor:\n  File \"/root/spread_project/tests/integration/connector.py\", line 30, in __enter__\n    self.connection = mysql.connector.connect(**self.config)\n                      ^^^^^^^^^^^^^^^^^^^^^^^^^^^^^^^^^^^^^^\n  File \"/root/spread_project/.tox/integration/lib/python3.12/site-packages/mysql/connector/pooling.py\", line 322, in connect\n    return CMySQLConnection(*args, **kwargs)\n           ^^^^^^^^^^^^^^^^^^^^^^^^^^^^^^^^^\n  File \"/root/spread_project/.tox/integration/lib/python3.12/site-packages/mysql/connector/connection_cext.py\", line 151, in __init__\n    self.connect(**kwargs)\n  File \"/root/spread_project/.tox/integration/lib/python3.12/site-packages/mysql/connector/abstracts.py\", line 1426, in connect\n    self._open_connection()\n  File \"/root/spread_project/.tox/integration/lib/python3.12/site-packages/mysql/connector/connection_cext.py\", line 340, in _open_connection\n    raise get_mysql_exception(\nmysql.connector.errors.DatabaseError: 2003 (HY000): Can't connect to MySQL server on '10.1.60.21:3306' (111)","flaky":false,"newFailed":false,"newBroken":true,"newPassed":false,"retriesCount":1,"retriesStatusChange":true,"beforeStages":[{"name":"juju","time":{"start":1768700626605,"stop":1768700626921,"duration":316},"status":"passed","steps":[],"attachments":[],"parameters":[],"shouldDisplayMessage":false,"stepsCount":0,"attachmentsCount":0,"hasContent":false,"attachmentStep":false},{"name":"first_model","time":{"start":1768700626921,"stop":1768700626921,"duration":0},"status":"passed","steps":[],"attachments":[],"parameters":[],"shouldDisplayMessage":false,"stepsCount":0,"attachmentsCount":0,"hasContent":false,"attachmentStep":false},{"name":"second_model","time":{"start":1768700626921,"stop":1768700627167,"duration":246},"status":"passed","steps":[],"attachments":[],"parameters":[],"shouldDisplayMessage":false,"stepsCount":0,"attachmentsCount":0,"hasContent":false,"attachmentStep":false},{"name":"continuous_writes","time":{"start":1768701459797,"stop":1768701467624,"duration":7827},"status":"passed","steps":[],"attachments":[],"parameters":[],"shouldDisplayMessage":false,"stepsCount":0,"attachmentsCount":0,"hasContent":false,"attachmentStep":false},{"name":"abort_on_fail","time":{"start":1768701459797,"stop":1768701459797,"duration":0},"status":"passed","steps":[],"attachments":[],"parameters":[],"shouldDisplayMessage":false,"stepsCount":0,"attachmentsCount":0,"hasContent":false,"attachmentStep":false}],"testStage":{"description":"Test to write to primary, and read the same data back from replicas.","status":"broken","statusMessage":"mysql.connector.errors.DatabaseError: 2003 (HY000): Can't connect to MySQL server on '10.1.60.21:3306' (111)","statusTrace":"Traceback (most recent call last):\n  File \"/root/spread_project/.tox/integration/lib/python3.12/site-packages/mysql/connector/connection_cext.py\", line 335, in _open_connection\n    self._cmysql.connect(**cnx_kwargs)\n_mysql_connector.MySQLInterfaceError: Can't connect to MySQL server on '10.1.60.21:3306' (111)\n\nThe above exception was the direct cause of the following exception:\n\nTraceback (most recent call last):\n  File \"/root/spread_project/.tox/integration/lib/python3.12/site-packages/_pytest/runner.py\", line 341, in from_call\n    result: Optional[TResult] = func()\n                                ^^^^^^\n  File \"/root/spread_project/.tox/integration/lib/python3.12/site-packages/_pytest/runner.py\", line 262, in <lambda>\n    lambda: ihook(item=item, **kwds), when=when, reraise=reraise\n            ^^^^^^^^^^^^^^^^^^^^^^^^\n  File \"/root/spread_project/.tox/integration/lib/python3.12/site-packages/pluggy/_hooks.py\", line 513, in __call__\n    return self._hookexec(self.name, self._hookimpls.copy(), kwargs, firstresult)\n           ^^^^^^^^^^^^^^^^^^^^^^^^^^^^^^^^^^^^^^^^^^^^^^^^^^^^^^^^^^^^^^^^^^^^^^\n  File \"/root/spread_project/.tox/integration/lib/python3.12/site-packages/pluggy/_manager.py\", line 120, in _hookexec\n    return self._inner_hookexec(hook_name, methods, kwargs, firstresult)\n           ^^^^^^^^^^^^^^^^^^^^^^^^^^^^^^^^^^^^^^^^^^^^^^^^^^^^^^^^^^^^^\n  File \"/root/spread_project/.tox/integration/lib/python3.12/site-packages/pluggy/_callers.py\", line 182, in _multicall\n    return outcome.get_result()\n           ^^^^^^^^^^^^^^^^^^^^\n  File \"/root/spread_project/.tox/integration/lib/python3.12/site-packages/pluggy/_result.py\", line 100, in get_result\n    raise exc.with_traceback(exc.__traceback__)\n  File \"/root/spread_project/.tox/integration/lib/python3.12/site-packages/pluggy/_callers.py\", line 103, in _multicall\n    res = hook_impl.function(*args)\n          ^^^^^^^^^^^^^^^^^^^^^^^^^\n  File \"/root/spread_project/.tox/integration/lib/python3.12/site-packages/_pytest/runner.py\", line 177, in pytest_runtest_call\n    raise e\n  File \"/root/spread_project/.tox/integration/lib/python3.12/site-packages/_pytest/runner.py\", line 169, in pytest_runtest_call\n    item.runtest()\n  File \"/root/spread_project/.tox/integration/lib/python3.12/site-packages/_pytest/python.py\", line 1792, in runtest\n    self.ihook.pytest_pyfunc_call(pyfuncitem=self)\n  File \"/root/spread_project/.tox/integration/lib/python3.12/site-packages/pluggy/_hooks.py\", line 513, in __call__\n    return self._hookexec(self.name, self._hookimpls.copy(), kwargs, firstresult)\n           ^^^^^^^^^^^^^^^^^^^^^^^^^^^^^^^^^^^^^^^^^^^^^^^^^^^^^^^^^^^^^^^^^^^^^^\n  File \"/root/spread_project/.tox/integration/lib/python3.12/site-packages/pluggy/_manager.py\", line 120, in _hookexec\n    return self._inner_hookexec(hook_name, methods, kwargs, firstresult)\n           ^^^^^^^^^^^^^^^^^^^^^^^^^^^^^^^^^^^^^^^^^^^^^^^^^^^^^^^^^^^^^\n  File \"/root/spread_project/.tox/integration/lib/python3.12/site-packages/pluggy/_callers.py\", line 182, in _multicall\n    return outcome.get_result()\n           ^^^^^^^^^^^^^^^^^^^^\n  File \"/root/spread_project/.tox/integration/lib/python3.12/site-packages/pluggy/_result.py\", line 100, in get_result\n    raise exc.with_traceback(exc.__traceback__)\n  File \"/root/spread_project/.tox/integration/lib/python3.12/site-packages/pluggy/_callers.py\", line 103, in _multicall\n    res = hook_impl.function(*args)\n          ^^^^^^^^^^^^^^^^^^^^^^^^^\n  File \"/root/spread_project/.tox/integration/lib/python3.12/site-packages/_pytest/python.py\", line 194, in pytest_pyfunc_call\n    result = testfunction(**testargs)\n             ^^^^^^^^^^^^^^^^^^^^^^^^\n  File \"/root/spread_project/tests/integration/integration/high_availability/test_async_replication.py\", line 216, in test_data_replication\n    results = get_mysql_max_written_values(first_model, second_model)\n              ^^^^^^^^^^^^^^^^^^^^^^^^^^^^^^^^^^^^^^^^^^^^^^^^^^^^^^^\n  File \"/root/spread_project/tests/integration/integration/high_availability/test_async_replication.py\", line 411, in get_mysql_max_written_values\n    unit_max_value = get_mysql_max_written_value(model_2, MYSQL_APP_2, unit_name)\n                     ^^^^^^^^^^^^^^^^^^^^^^^^^^^^^^^^^^^^^^^^^^^^^^^^^^^^^^^^^^^^\n  File \"/root/spread_project/tests/integration/helpers_ha.py\", line 478, in get_mysql_max_written_value\n    output = execute_queries_on_unit(\n             ^^^^^^^^^^^^^^^^^^^^^^^^\n  File \"/root/spread_project/tests/integration/helpers.py\", line 175, in execute_queries_on_unit\n    with MySQLConnector(config, commit) as cursor:\n  File \"/root/spread_project/tests/integration/connector.py\", line 30, in __enter__\n    self.connection = mysql.connector.connect(**self.config)\n                      ^^^^^^^^^^^^^^^^^^^^^^^^^^^^^^^^^^^^^^\n  File \"/root/spread_project/.tox/integration/lib/python3.12/site-packages/mysql/connector/pooling.py\", line 322, in connect\n    return CMySQLConnection(*args, **kwargs)\n           ^^^^^^^^^^^^^^^^^^^^^^^^^^^^^^^^^\n  File \"/root/spread_project/.tox/integration/lib/python3.12/site-packages/mysql/connector/connection_cext.py\", line 151, in __init__\n    self.connect(**kwargs)\n  File \"/root/spread_project/.tox/integration/lib/python3.12/site-packages/mysql/connector/abstracts.py\", line 1426, in connect\n    self._open_connection()\n  File \"/root/spread_project/.tox/integration/lib/python3.12/site-packages/mysql/connector/connection_cext.py\", line 340, in _open_connection\n    raise get_mysql_exception(\nmysql.connector.errors.DatabaseError: 2003 (HY000): Can't connect to MySQL server on '10.1.60.21:3306' (111)","steps":[],"attachments":[{"uid":"2b9459d3c992d8b4","name":"log","source":"2b9459d3c992d8b4.txt","type":"text/plain","size":2633}],"parameters":[],"shouldDisplayMessage":true,"stepsCount":0,"attachmentsCount":1,"hasContent":true,"attachmentStep":false},"afterStages":[{"name":"continuous_writes::0","time":{"start":1768701483758,"stop":1768701485092,"duration":1334},"status":"passed","steps":[],"attachments":[],"parameters":[],"shouldDisplayMessage":false,"stepsCount":0,"attachmentsCount":0,"hasContent":false,"attachmentStep":false},{"name":"abort_on_fail::0","time":{"start":1768701485093,"stop":1768701485093,"duration":0},"status":"passed","steps":[],"attachments":[],"parameters":[],"shouldDisplayMessage":false,"stepsCount":0,"attachmentsCount":0,"hasContent":false,"attachmentStep":false},{"name":"second_model::0","time":{"start":1768702132094,"stop":1768702225174,"duration":93080},"status":"passed","steps":[],"attachments":[],"parameters":[],"shouldDisplayMessage":false,"stepsCount":0,"attachmentsCount":0,"hasContent":false,"attachmentStep":false},{"name":"first_model::0","time":{"start":1768702225175,"stop":1768702225175,"duration":0},"status":"passed","steps":[],"attachments":[],"parameters":[],"shouldDisplayMessage":false,"stepsCount":0,"attachmentsCount":0,"hasContent":false,"attachmentStep":false},{"name":"juju::0","time":{"start":1768702225175,"stop":1768702225429,"duration":254},"status":"passed","steps":[],"attachments":[],"parameters":[],"shouldDisplayMessage":false,"stepsCount":0,"attachmentsCount":0,"hasContent":false,"attachmentStep":false}],"labels":[{"name":"tag","value":"abort_on_fail"},{"name":"tag","value":"@pytest.mark.skipif(False, reason='Requires juju 3+')"},{"name":"parentSuite","value":"tests.integration.integration.high_availability"},{"name":"suite","value":"test_async_replication"},{"name":"host","value":"runnervmmtnos"},{"name":"thread","value":"18275-MainThread"},{"name":"framework","value":"pytest"},{"name":"language","value":"cpython3"},{"name":"package","value":"tests.integration.integration.high_availability.test_async_replication"},{"name":"resultFormat","value":"allure2"}],"parameters":[],"links":[],"hidden":false,"retry":false,"extra":{"severity":"normal","retries":[{"uid":"7ed55561b03f6dde","status":"unknown","time":{}}],"categories":[{"name":"Test defects","matchedStatuses":[]}],"history":{"statistic":{"failed":0,"broken":7,"skipped":0,"passed":32,"unknown":0,"total":39},"items":[{"uid":"7018a503214f102","reportUrl":"../65//#testresult/7018a503214f102","status":"passed","time":{"start":1768528072635,"stop":1768528096344,"duration":23709}},{"uid":"6f6808b4b81dee0b","reportUrl":"../64//#testresult/6f6808b4b81dee0b","status":"passed","time":{"start":1768443916714,"stop":1768443936241,"duration":19527}},{"uid":"101416b635a508d7","reportUrl":"../63//#testresult/101416b635a508d7","status":"passed","time":{"start":1768357027997,"stop":1768357054175,"duration":26178}},{"uid":"66dbfd14c5caf04f","reportUrl":"../61//#testresult/66dbfd14c5caf04f","status":"passed","time":{"start":1768182891823,"stop":1768182913720,"duration":21897}},{"uid":"2e01af88a3b618dc","reportUrl":"../60//#testresult/2e01af88a3b618dc","status":"broken","statusDetails":"mysql.connector.errors.DatabaseError: 2003 (HY000): Can't connect to MySQL server on '10.1.141.148:3306' (111)","time":{"start":1768096361003,"stop":1768096376333,"duration":15330}},{"uid":"e88263cf8d639f9b","reportUrl":"../59//#testresult/e88263cf8d639f9b","status":"passed","time":{"start":1768010875305,"stop":1768010894667,"duration":19362}},{"uid":"5e5fbe159017c3c2","reportUrl":"../58//#testresult/5e5fbe159017c3c2","status":"passed","time":{"start":1767923947662,"stop":1767923968013,"duration":20351}},{"uid":"75d784b2c2965947","reportUrl":"../56//#testresult/75d784b2c2965947","status":"broken","statusDetails":"mysql.connector.errors.ProgrammingError: 1049 (42000): Unknown database 'continuous_writes'","time":{"start":1767751120160,"stop":1767751147190,"duration":27030}},{"uid":"ef8b8113a0874a20","reportUrl":"../55//#testresult/ef8b8113a0874a20","status":"broken","statusDetails":"TimeoutError: timed out waiting for action, stderr:\nRunning operation 13 with 1 task\n  - task 14 on unit-db1-2\n\nWaiting for task 14...\nERROR timed out waiting for results from: unit db1/2","time":{"start":1767664952526,"stop":1767665024459,"duration":71933}},{"uid":"cb68a8e2576e07f1","reportUrl":"../54//#testresult/cb68a8e2576e07f1","status":"passed","time":{"start":1767578707661,"stop":1767578729601,"duration":21940}},{"uid":"6fb62f17ea38fe51","reportUrl":"../53//#testresult/6fb62f17ea38fe51","status":"broken","statusDetails":"TimeoutError: timed out waiting for action, stderr:\nRunning operation 9 with 1 task\n  - task 10 on unit-db1-0\n\nWaiting for task 10...\nERROR timed out waiting for results from: unit db1/0","time":{"start":1767493282886,"stop":1767493350679,"duration":67793}},{"uid":"dddc4e696351f317","reportUrl":"../52//#testresult/dddc4e696351f317","status":"passed","time":{"start":1767404992809,"stop":1767405014655,"duration":21846}},{"uid":"204211c068887b40","reportUrl":"../51//#testresult/204211c068887b40","status":"passed","time":{"start":1767318875594,"stop":1767318900258,"duration":24664}},{"uid":"e30267876394f01d","reportUrl":"../50//#testresult/e30267876394f01d","status":"passed","time":{"start":1767232240861,"stop":1767232261061,"duration":20200}},{"uid":"451b212e9147d8bd","reportUrl":"../49//#testresult/451b212e9147d8bd","status":"passed","time":{"start":1767146080298,"stop":1767146099752,"duration":19454}},{"uid":"824cc75ba737bf68","reportUrl":"../48//#testresult/824cc75ba737bf68","status":"broken","statusDetails":"mysql.connector.errors.DatabaseError: 2003 (HY000): Can't connect to MySQL server on '10.1.206.84:3306' (111)","time":{"start":1767059475394,"stop":1767059490729,"duration":15335}},{"uid":"bc8dccd05ee4549d","reportUrl":"../47//#testresult/bc8dccd05ee4549d","status":"passed","time":{"start":1766973160312,"stop":1766973179812,"duration":19500}},{"uid":"b4949c4214175fa0","reportUrl":"../46//#testresult/b4949c4214175fa0","status":"passed","time":{"start":1766886548857,"stop":1766886568620,"duration":19763}},{"uid":"6476627c93aa7c0","reportUrl":"../45//#testresult/6476627c93aa7c0","status":"passed","time":{"start":1766800655566,"stop":1766800674977,"duration":19411}},{"uid":"cbe5149d0b5da157","reportUrl":"../44//#testresult/cbe5149d0b5da157","status":"passed","time":{"start":1766713545936,"stop":1766713567433,"duration":21497}}]},"tags":["abort_on_fail","@pytest.mark.skipif(False, reason='Requires juju 3+')"]},"source":"e70ed84c8749d132.json","parameterValues":[]}