{"uid":"d061e223238c7a59","name":"test_create_replication","fullName":"tests.integration.high_availability.test_async_replication#test_create_replication","historyId":"581ebb01823861b11b1ec6ccbecf1fb4","time":{"start":1757901467452,"stop":1757901607596,"duration":140144},"description":"Run the create replication and wait for the applications to settle.","descriptionHtml":"<p>Run the create replication and wait for the applications to settle.</p>\n","status":"broken","statusMessage":"juju.errors.JujuUnitError: Unit in error: db2/1","statusTrace":"Traceback (most recent call last):\n  File \"/root/spread_project/.tox/integration/lib/python3.12/site-packages/_pytest/runner.py\", line 341, in from_call\n    result: Optional[TResult] = func()\n                                ^^^^^^\n  File \"/root/spread_project/.tox/integration/lib/python3.12/site-packages/_pytest/runner.py\", line 262, in <lambda>\n    lambda: ihook(item=item, **kwds), when=when, reraise=reraise\n            ^^^^^^^^^^^^^^^^^^^^^^^^\n  File \"/root/spread_project/.tox/integration/lib/python3.12/site-packages/pluggy/_hooks.py\", line 513, in __call__\n    return self._hookexec(self.name, self._hookimpls.copy(), kwargs, firstresult)\n           ^^^^^^^^^^^^^^^^^^^^^^^^^^^^^^^^^^^^^^^^^^^^^^^^^^^^^^^^^^^^^^^^^^^^^^\n  File \"/root/spread_project/.tox/integration/lib/python3.12/site-packages/pluggy/_manager.py\", line 120, in _hookexec\n    return self._inner_hookexec(hook_name, methods, kwargs, firstresult)\n           ^^^^^^^^^^^^^^^^^^^^^^^^^^^^^^^^^^^^^^^^^^^^^^^^^^^^^^^^^^^^^\n  File \"/root/spread_project/.tox/integration/lib/python3.12/site-packages/pluggy/_callers.py\", line 182, in _multicall\n    return outcome.get_result()\n           ^^^^^^^^^^^^^^^^^^^^\n  File \"/root/spread_project/.tox/integration/lib/python3.12/site-packages/pluggy/_result.py\", line 100, in get_result\n    raise exc.with_traceback(exc.__traceback__)\n  File \"/root/spread_project/.tox/integration/lib/python3.12/site-packages/pluggy/_callers.py\", line 103, in _multicall\n    res = hook_impl.function(*args)\n          ^^^^^^^^^^^^^^^^^^^^^^^^^\n  File \"/root/spread_project/.tox/integration/lib/python3.12/site-packages/_pytest/runner.py\", line 177, in pytest_runtest_call\n    raise e\n  File \"/root/spread_project/.tox/integration/lib/python3.12/site-packages/_pytest/runner.py\", line 169, in pytest_runtest_call\n    item.runtest()\n  File \"/root/spread_project/.tox/integration/lib/python3.12/site-packages/_pytest/python.py\", line 1792, in runtest\n    self.ihook.pytest_pyfunc_call(pyfuncitem=self)\n  File \"/root/spread_project/.tox/integration/lib/python3.12/site-packages/pluggy/_hooks.py\", line 513, in __call__\n    return self._hookexec(self.name, self._hookimpls.copy(), kwargs, firstresult)\n           ^^^^^^^^^^^^^^^^^^^^^^^^^^^^^^^^^^^^^^^^^^^^^^^^^^^^^^^^^^^^^^^^^^^^^^\n  File \"/root/spread_project/.tox/integration/lib/python3.12/site-packages/pluggy/_manager.py\", line 120, in _hookexec\n    return self._inner_hookexec(hook_name, methods, kwargs, firstresult)\n           ^^^^^^^^^^^^^^^^^^^^^^^^^^^^^^^^^^^^^^^^^^^^^^^^^^^^^^^^^^^^^\n  File \"/root/spread_project/.tox/integration/lib/python3.12/site-packages/pluggy/_callers.py\", line 182, in _multicall\n    return outcome.get_result()\n           ^^^^^^^^^^^^^^^^^^^^\n  File \"/root/spread_project/.tox/integration/lib/python3.12/site-packages/pluggy/_result.py\", line 100, in get_result\n    raise exc.with_traceback(exc.__traceback__)\n  File \"/root/spread_project/.tox/integration/lib/python3.12/site-packages/pluggy/_callers.py\", line 103, in _multicall\n    res = hook_impl.function(*args)\n          ^^^^^^^^^^^^^^^^^^^^^^^^^\n  File \"/root/spread_project/.tox/integration/lib/python3.12/site-packages/_pytest/python.py\", line 194, in pytest_pyfunc_call\n    result = testfunction(**testargs)\n             ^^^^^^^^^^^^^^^^^^^^^^^^\n  File \"/root/spread_project/.tox/integration/lib/python3.12/site-packages/pytest_asyncio/plugin.py\", line 529, in inner\n    _loop.run_until_complete(task)\n  File \"/usr/lib/python3.12/asyncio/base_events.py\", line 687, in run_until_complete\n    return future.result()\n           ^^^^^^^^^^^^^^^\n  File \"/root/spread_project/tests/integration/high_availability/test_async_replication.py\", line 205, in test_create_replication\n    await gather(\n  File \"/root/spread_project/.tox/integration/lib/python3.12/site-packages/juju/model.py\", line 3203, in wait_for_idle\n    _raise_for_status(errors, \"error\")\n  File \"/root/spread_project/.tox/integration/lib/python3.12/site-packages/juju/model.py\", line 3094, in _raise_for_status\n    raise error_type(\njuju.errors.JujuUnitError: Unit in error: db2/1","flaky":false,"newFailed":false,"newBroken":true,"newPassed":false,"retriesCount":1,"retriesStatusChange":true,"beforeStages":[{"name":"event_loop","time":{"start":1757901184969,"stop":1757901184969,"duration":0},"status":"passed","steps":[],"attachments":[],"parameters":[],"shouldDisplayMessage":false,"stepsCount":0,"attachmentsCount":0,"hasContent":false,"attachmentStep":false},{"name":"ops_test","time":{"start":1757901184969,"stop":1757901185164,"duration":195},"status":"passed","steps":[],"attachments":[],"parameters":[],"shouldDisplayMessage":false,"stepsCount":0,"attachmentsCount":0,"hasContent":false,"attachmentStep":false},{"name":"tmp_path_factory","time":{"start":1757901184969,"stop":1757901184969,"duration":0},"status":"passed","steps":[],"attachments":[],"parameters":[],"shouldDisplayMessage":false,"stepsCount":0,"attachmentsCount":0,"hasContent":false,"attachmentStep":false},{"name":"second_model","time":{"start":1757901185164,"stop":1757901185954,"duration":790},"status":"passed","steps":[],"attachments":[],"parameters":[],"shouldDisplayMessage":false,"stepsCount":0,"attachmentsCount":0,"hasContent":false,"attachmentStep":false},{"name":"first_model","time":{"start":1757901185164,"stop":1757901185164,"duration":0},"status":"passed","steps":[],"attachments":[],"parameters":[],"shouldDisplayMessage":false,"stepsCount":0,"attachmentsCount":0,"hasContent":false,"attachmentStep":false},{"name":"abort_on_fail","time":{"start":1757901467452,"stop":1757901467452,"duration":0},"status":"passed","steps":[],"attachments":[],"parameters":[],"shouldDisplayMessage":false,"stepsCount":0,"attachmentsCount":0,"hasContent":false,"attachmentStep":false}],"testStage":{"description":"Run the create replication and wait for the applications to settle.","status":"broken","statusMessage":"juju.errors.JujuUnitError: Unit in error: db2/1","statusTrace":"Traceback (most recent call last):\n  File \"/root/spread_project/.tox/integration/lib/python3.12/site-packages/_pytest/runner.py\", line 341, in from_call\n    result: Optional[TResult] = func()\n                                ^^^^^^\n  File \"/root/spread_project/.tox/integration/lib/python3.12/site-packages/_pytest/runner.py\", line 262, in <lambda>\n    lambda: ihook(item=item, **kwds), when=when, reraise=reraise\n            ^^^^^^^^^^^^^^^^^^^^^^^^\n  File \"/root/spread_project/.tox/integration/lib/python3.12/site-packages/pluggy/_hooks.py\", line 513, in __call__\n    return self._hookexec(self.name, self._hookimpls.copy(), kwargs, firstresult)\n           ^^^^^^^^^^^^^^^^^^^^^^^^^^^^^^^^^^^^^^^^^^^^^^^^^^^^^^^^^^^^^^^^^^^^^^\n  File \"/root/spread_project/.tox/integration/lib/python3.12/site-packages/pluggy/_manager.py\", line 120, in _hookexec\n    return self._inner_hookexec(hook_name, methods, kwargs, firstresult)\n           ^^^^^^^^^^^^^^^^^^^^^^^^^^^^^^^^^^^^^^^^^^^^^^^^^^^^^^^^^^^^^\n  File \"/root/spread_project/.tox/integration/lib/python3.12/site-packages/pluggy/_callers.py\", line 182, in _multicall\n    return outcome.get_result()\n           ^^^^^^^^^^^^^^^^^^^^\n  File \"/root/spread_project/.tox/integration/lib/python3.12/site-packages/pluggy/_result.py\", line 100, in get_result\n    raise exc.with_traceback(exc.__traceback__)\n  File \"/root/spread_project/.tox/integration/lib/python3.12/site-packages/pluggy/_callers.py\", line 103, in _multicall\n    res = hook_impl.function(*args)\n          ^^^^^^^^^^^^^^^^^^^^^^^^^\n  File \"/root/spread_project/.tox/integration/lib/python3.12/site-packages/_pytest/runner.py\", line 177, in pytest_runtest_call\n    raise e\n  File \"/root/spread_project/.tox/integration/lib/python3.12/site-packages/_pytest/runner.py\", line 169, in pytest_runtest_call\n    item.runtest()\n  File \"/root/spread_project/.tox/integration/lib/python3.12/site-packages/_pytest/python.py\", line 1792, in runtest\n    self.ihook.pytest_pyfunc_call(pyfuncitem=self)\n  File \"/root/spread_project/.tox/integration/lib/python3.12/site-packages/pluggy/_hooks.py\", line 513, in __call__\n    return self._hookexec(self.name, self._hookimpls.copy(), kwargs, firstresult)\n           ^^^^^^^^^^^^^^^^^^^^^^^^^^^^^^^^^^^^^^^^^^^^^^^^^^^^^^^^^^^^^^^^^^^^^^\n  File \"/root/spread_project/.tox/integration/lib/python3.12/site-packages/pluggy/_manager.py\", line 120, in _hookexec\n    return self._inner_hookexec(hook_name, methods, kwargs, firstresult)\n           ^^^^^^^^^^^^^^^^^^^^^^^^^^^^^^^^^^^^^^^^^^^^^^^^^^^^^^^^^^^^^\n  File \"/root/spread_project/.tox/integration/lib/python3.12/site-packages/pluggy/_callers.py\", line 182, in _multicall\n    return outcome.get_result()\n           ^^^^^^^^^^^^^^^^^^^^\n  File \"/root/spread_project/.tox/integration/lib/python3.12/site-packages/pluggy/_result.py\", line 100, in get_result\n    raise exc.with_traceback(exc.__traceback__)\n  File \"/root/spread_project/.tox/integration/lib/python3.12/site-packages/pluggy/_callers.py\", line 103, in _multicall\n    res = hook_impl.function(*args)\n          ^^^^^^^^^^^^^^^^^^^^^^^^^\n  File \"/root/spread_project/.tox/integration/lib/python3.12/site-packages/_pytest/python.py\", line 194, in pytest_pyfunc_call\n    result = testfunction(**testargs)\n             ^^^^^^^^^^^^^^^^^^^^^^^^\n  File \"/root/spread_project/.tox/integration/lib/python3.12/site-packages/pytest_asyncio/plugin.py\", line 529, in inner\n    _loop.run_until_complete(task)\n  File \"/usr/lib/python3.12/asyncio/base_events.py\", line 687, in run_until_complete\n    return future.result()\n           ^^^^^^^^^^^^^^^\n  File \"/root/spread_project/tests/integration/high_availability/test_async_replication.py\", line 205, in test_create_replication\n    await gather(\n  File \"/root/spread_project/.tox/integration/lib/python3.12/site-packages/juju/model.py\", line 3203, in wait_for_idle\n    _raise_for_status(errors, \"error\")\n  File \"/root/spread_project/.tox/integration/lib/python3.12/site-packages/juju/model.py\", line 3094, in _raise_for_status\n    raise error_type(\njuju.errors.JujuUnitError: Unit in error: db2/1","steps":[],"attachments":[{"uid":"2a8f0d838c3cb67f","name":"log","source":"2a8f0d838c3cb67f.txt","type":"text/plain","size":1782}],"parameters":[],"shouldDisplayMessage":true,"stepsCount":0,"attachmentsCount":1,"hasContent":true,"attachmentStep":false},"afterStages":[{"name":"abort_on_fail::0","time":{"start":1757901607616,"stop":1757901607616,"duration":0},"status":"passed","steps":[],"attachments":[],"parameters":[],"shouldDisplayMessage":false,"stepsCount":0,"attachmentsCount":0,"hasContent":false,"attachmentStep":false},{"name":"second_model::finalizer","time":{"start":1757901607640,"stop":1757901607664,"duration":24},"status":"passed","steps":[],"attachments":[],"parameters":[],"shouldDisplayMessage":false,"stepsCount":0,"attachmentsCount":0,"hasContent":false,"attachmentStep":false},{"name":"ops_test::finalizer","time":{"start":1757901607665,"stop":1757901609297,"duration":1632},"status":"passed","steps":[],"attachments":[],"parameters":[],"shouldDisplayMessage":false,"stepsCount":0,"attachmentsCount":0,"hasContent":false,"attachmentStep":false},{"name":"event_loop::2","time":{"start":1757901609300,"stop":1757901609301,"duration":1},"status":"passed","steps":[],"attachments":[],"parameters":[],"shouldDisplayMessage":false,"stepsCount":0,"attachmentsCount":0,"hasContent":false,"attachmentStep":false},{"name":"event_loop::_close_event_loop","time":{"start":1757901609301,"stop":1757901609304,"duration":3},"status":"passed","steps":[],"attachments":[],"parameters":[],"shouldDisplayMessage":false,"stepsCount":0,"attachmentsCount":0,"hasContent":false,"attachmentStep":false},{"name":"event_loop::_provide_clean_event_loop","time":{"start":1757901609304,"stop":1757901609304,"duration":0},"status":"passed","steps":[],"attachments":[],"parameters":[],"shouldDisplayMessage":false,"stepsCount":0,"attachmentsCount":0,"hasContent":false,"attachmentStep":false}],"labels":[{"name":"tag","value":"abort_on_fail"},{"name":"tag","value":"@pytest.mark.skipif(False, reason='Requires juju 3+')"},{"name":"tag","value":"asyncio"},{"name":"parentSuite","value":"tests.integration.high_availability"},{"name":"suite","value":"test_async_replication"},{"name":"host","value":"runnervmf4ws1"},{"name":"thread","value":"19166-MainThread"},{"name":"framework","value":"pytest"},{"name":"language","value":"cpython3"},{"name":"package","value":"tests.integration.high_availability.test_async_replication"},{"name":"resultFormat","value":"allure2"}],"parameters":[],"links":[],"hidden":false,"retry":false,"extra":{"severity":"normal","retries":[{"uid":"a13b518fe5b249d8","status":"unknown","time":{}}],"categories":[{"name":"Test defects","matchedStatuses":[]}],"history":{"statistic":{"failed":0,"broken":25,"skipped":33,"passed":354,"unknown":19,"total":431},"items":[{"uid":"4424307417caffea","reportUrl":"../3238//#testresult/4424307417caffea","status":"passed","time":{"start":1757815113256,"stop":1757815255947,"duration":142691}},{"uid":"70c0cde5118269de","reportUrl":"../3237//#testresult/70c0cde5118269de","status":"passed","time":{"start":1757729009107,"stop":1757729180280,"duration":171173}},{"uid":"3fe479a4961dada2","reportUrl":"../3233//#testresult/3fe479a4961dada2","status":"broken","statusDetails":"juju.errors.JujuUnitError: Unit in error: db2/2","time":{"start":1757641407949,"stop":1757641544446,"duration":136497}},{"uid":"6cb9b60621401cd8","reportUrl":"../3232//#testresult/6cb9b60621401cd8","status":"passed","time":{"start":1757555943318,"stop":1757556106175,"duration":162857}},{"uid":"84e6f36f13187f6f","reportUrl":"../3231//#testresult/84e6f36f13187f6f","status":"broken","statusDetails":"TimeoutError: Timed out waiting for model:\ndb2/0 [idle] waiting: waiting to join the cluster\n  db2/1 [idle] waiting: waiting to join the cluster\n  db2/2 [idle] waiting: Waiting for recovery to complete on other units","time":{"start":1757469034998,"stop":1757469344323,"duration":309325}},{"uid":"45064d1a5f715c83","reportUrl":"../3225//#testresult/45064d1a5f715c83","status":"broken","statusDetails":"TimeoutError: Timed out waiting for model:\ndb2/0 [idle] waiting: waiting to join the cluster\n  db2/1 [idle] waiting: Waiting for recovery to complete on other units\n  db2/2 [idle] waiting: waiting to join the cluster","time":{"start":1757384222137,"stop":1757384526909,"duration":304772}},{"uid":"c751ab35e8df3851","reportUrl":"../3223//#testresult/c751ab35e8df3851","status":"unknown","time":{}},{"uid":"61c76fcff9f617af","reportUrl":"../3221//#testresult/61c76fcff9f617af","status":"passed","time":{"start":1757123892408,"stop":1757124019307,"duration":126899}},{"uid":"cd40bbae81989bb4","reportUrl":"../3212//#testresult/cd40bbae81989bb4","status":"unknown","time":{}},{"uid":"55bb2d26e637d2d8","reportUrl":"../3206//#testresult/55bb2d26e637d2d8","status":"passed","time":{"start":1756863620808,"stop":1756863766199,"duration":145391}},{"uid":"ca807270dd13c68e","reportUrl":"../3195//#testresult/ca807270dd13c68e","status":"passed","time":{"start":1756778050087,"stop":1756778199137,"duration":149050}},{"uid":"15bb5a567d067e4d","reportUrl":"../3193//#testresult/15bb5a567d067e4d","status":"broken","statusDetails":"TimeoutError: Timed out waiting for model:\ndb2/0 [idle] waiting: waiting to join the cluster\n  db2/1 [idle] waiting: Waiting for recovery to complete on other units\n  db2/2 [idle] waiting: waiting to join the cluster","time":{"start":1756690843616,"stop":1756691146743,"duration":303127}},{"uid":"91f5d021d7545010","reportUrl":"../3192//#testresult/91f5d021d7545010","status":"passed","time":{"start":1756604136277,"stop":1756604316704,"duration":180427}},{"uid":"f348991c4a0a8baf","reportUrl":"../3190//#testresult/f348991c4a0a8baf","status":"broken","statusDetails":"TimeoutError: Timed out waiting for model:\ndb2/0 [idle] waiting: waiting to join the cluster\n  db2/1 [idle] waiting: waiting to join the cluster\n  db2/2 [idle] waiting: Waiting for recovery to complete on other units","time":{"start":1756519691012,"stop":1756519994288,"duration":303276}},{"uid":"1484428ab002eefa","reportUrl":"../3189//#testresult/1484428ab002eefa","status":"unknown","time":{}},{"uid":"a46231883f47b332","reportUrl":"../3188//#testresult/a46231883f47b332","status":"passed","time":{"start":1756346688781,"stop":1756346866295,"duration":177514}},{"uid":"ec39efcee503f78b","reportUrl":"../3184//#testresult/ec39efcee503f78b","status":"broken","statusDetails":"TimeoutError: Timed out waiting for model:\ndb2/0 [idle] waiting: Waiting for recovery to complete on other units\n  db2/1 [idle] waiting: waiting to join the cluster\n  db2/2 [idle] waiting: waiting to join the cluster","time":{"start":1756259814961,"stop":1756260118371,"duration":303410}},{"uid":"e6e455ef4767a9f3","reportUrl":"../3175//#testresult/e6e455ef4767a9f3","status":"unknown","time":{}},{"uid":"ca371016ba34ddd3","reportUrl":"../3171//#testresult/ca371016ba34ddd3","status":"passed","time":{"start":1756085891407,"stop":1756086107453,"duration":216046}},{"uid":"40d577605c501f4c","reportUrl":"../3170//#testresult/40d577605c501f4c","status":"passed","time":{"start":1756000691334,"stop":1756000880013,"duration":188679}}]},"tags":["asyncio","abort_on_fail","@pytest.mark.skipif(False, reason='Requires juju 3+')"]},"source":"d061e223238c7a59.json","parameterValues":[]}