[32mINFO    [0m pytest_operator.plugin:plugin.py:675 Connecting to existing model concierge-microk8s:testing on unspecified cloud
[33mWARNING [0m juju.client.connection:connection.py:858 unexpected facade SSHServer received from the controller
[32mINFO    [0m integration.high_availability.conftest:conftest.py:57 Deploying mysql-k8s and scaling to 3 units
[32mINFO    [0m juju.model:model.py:2284 Deploying local:mysql-k8s-0
[32mINFO    [0m juju.model:model.py:3211 Waiting for model:
  mysql-k8s/0 [allocating] waiting: installing agent
  mysql-k8s/1 [allocating] waiting: installing agent
  mysql-k8s/2 [allocating] waiting: installing agent
[32mINFO    [0m juju.model:model.py:3211 Waiting for model:
  mysql-k8s/0 [idle] maintenance: installing charm software
  mysql-k8s/1 [idle] maintenance: installing charm software
  mysql-k8s/2 [executing] maintenance: installing charm software
[32mINFO    [0m juju.model:model.py:3211 Waiting for model:
  mysql-k8s/0 [executing] waiting: waiting to get cluster primary from peers
  mysql-k8s/1 [executing] active: Primary
  mysql-k8s/2 [executing] waiting: waiting to get cluster primary from peers
[32mINFO    [0m juju.model:model.py:3211 Waiting for model:
  mysql-k8s/0 [executing] maintenance: joining the cluster
  mysql-k8s/1 [idle] active: Primary
  mysql-k8s/2 [executing] active: 
[32mINFO    [0m juju.model:model.py:3211 Waiting for model:
  mysql-k8s/0 [idle] active: 
  mysql-k8s/1 [idle] active: Primary
  mysql-k8s/2 [idle] active: 
[32mINFO    [0m integration.high_availability.conftest:conftest.py:60 Deploying mysql-test-app
[32mINFO    [0m juju.model:model.py:2284 Deploying ch:amd64/jammy/mysql-test-app-73
[32mINFO    [0m juju.model:model.py:3211 Waiting for model:
  mysql-test-app/0 [allocating] waiting: installing agent
[32mINFO    [0m integration.high_availability.conftest:conftest.py:63 Relating mysql-k8s with mysql-test-app
[33mWARNING [0m juju.model:model.py:1666 relate is deprecated and will be removed. Use integrate instead.
[32mINFO    [0m juju.model:model.py:3211 Waiting for model:
  mysql-k8s/0 [idle] active: 
  mysql-k8s/1 [idle] active: Primary
  mysql-k8s/2 [idle] active: 
  mysql-test-app/0 [idle] waiting: 
[32mINFO    [0m integration.high_availability.conftest:conftest.py:27 Clearing continuous writes
[32mINFO    [0m integration.high_availability.conftest:conftest.py:29 Starting continuous writes
[32mINFO    [0m integration.conftest:conftest.py:28 Getting credentials for the MySQL cluster
[32mINFO    [0m integration.high_availability.test_self_healing_process_killed:test_self_healing_process_killed.py:35 Waiting until 3 mysql instances are online
[32mINFO    [0m integration.high_availability.test_self_healing_process_killed:test_self_healing_process_killed.py:41 Ensuring all units have continuous writes incrementing
[32mINFO    [0m mysql.connector:authentication.py:66 package: mysql.connector.plugins
[32mINFO    [0m mysql.connector:authentication.py:67 plugin_name: caching_sha2_password
[32mINFO    [0m mysql.connector:authentication.py:71 AUTHENTICATION_PLUGIN_CLASS: MySQLCachingSHA2PasswordAuthPlugin
[32mINFO    [0m integration.high_availability.high_availability_helpers:high_availability_helpers.py:500 max_written_value=22 on unit mysql-k8s/0
[32mINFO    [0m integration.high_availability.high_availability_helpers:high_availability_helpers.py:500 max_written_value=55 on unit mysql-k8s/0
[32mINFO    [0m integration.high_availability.high_availability_helpers:high_availability_helpers.py:500 max_written_value=55 on unit mysql-k8s/1
[32mINFO    [0m integration.high_availability.high_availability_helpers:high_availability_helpers.py:500 max_written_value=88 on unit mysql-k8s/1
[32mINFO    [0m integration.high_availability.high_availability_helpers:high_availability_helpers.py:500 max_written_value=88 on unit mysql-k8s/2
[32mINFO    [0m integration.high_availability.high_availability_helpers:high_availability_helpers.py:500 max_written_value=120 on unit mysql-k8s/2
[32mINFO    [0m integration.high_availability.test_self_healing_process_killed:test_self_healing_process_killed.py:51 Sending SIGKILL to unit mysql-k8s/1
[32mINFO    [0m integration.high_availability.test_self_healing_process_killed:test_self_healing_process_killed.py:63 Waiting until 3 mysql instances are online
[32mINFO    [0m integration.high_availability.test_self_healing_process_killed:test_self_healing_process_killed.py:81 Ensuring all units have continuous writes incrementing
[32mINFO    [0m integration.high_availability.high_availability_helpers:high_availability_helpers.py:500 max_written_value=128 on unit mysql-k8s/0
[32mINFO    [0m integration.high_availability.high_availability_helpers:high_availability_helpers.py:500 max_written_value=128 on unit mysql-k8s/0
[32mINFO    [0m integration.high_availability.high_availability_helpers:high_availability_helpers.py:500 max_written_value=132 on unit mysql-k8s/0
[32mINFO    [0m integration.high_availability.high_availability_helpers:high_availability_helpers.py:500 max_written_value=132 on unit mysql-k8s/1
[32mINFO    [0m integration.high_availability.high_availability_helpers:high_availability_helpers.py:500 max_written_value=164 on unit mysql-k8s/1
[32mINFO    [0m integration.high_availability.high_availability_helpers:high_availability_helpers.py:500 max_written_value=164 on unit mysql-k8s/2
[32mINFO    [0m integration.high_availability.high_availability_helpers:high_availability_helpers.py:500 max_written_value=197 on unit mysql-k8s/2
[32mINFO    [0m integration.high_availability.conftest:conftest.py:34 Clearing continuous writes
[32mINFO    [0m pytest_operator.plugin:plugin.py:790 Model status:

Model    Controller          Cloud/Region        Version  SLA          Timestamp
testing  concierge-microk8s  microk8s/localhost  3.6.4    unsupported  01:36:33Z

App             Version                  Status  Scale  Charm           Channel      Rev  Address         Exposed  Message
mysql-k8s       8.0.41-0ubuntu0.22.04.1  active      3  mysql-k8s                      0  10.152.183.254  no       
mysql-test-app  0.0.2                    active      1  mysql-test-app  latest/edge   73  10.152.183.28   no       Last written value=165

Unit               Workload  Agent  Address      Ports  Message
mysql-k8s/0        active    idle   10.1.142.75         
mysql-k8s/1*       active    idle   10.1.142.76         
mysql-k8s/2        active    idle   10.1.142.77         Primary
mysql-test-app/0*  active    idle   10.1.142.78         Last written value=165

[32mINFO    [0m pytest_operator.plugin:plugin.py:796 Juju error logs:

unit-mysql-k8s-0: 01:32:25 ERROR unit.mysql-k8s/0.juju-log database-peers:2: Failed to execute mysql-shell command
Traceback (most recent call last):
  File "/var/lib/juju/agents/unit-mysql-k8s-0/charm/venv/lib/python3.10/site-packages/websocket/_socket.py", line 118, in recv
    bytes_ = _recv()
  File "/var/lib/juju/agents/unit-mysql-k8s-0/charm/venv/lib/python3.10/site-packages/websocket/_socket.py", line 97, in _recv
    return sock.recv(bufsize)
TimeoutError: timed out

During handling of the above exception, another exception occurred:

Traceback (most recent call last):
  File "/var/lib/juju/agents/unit-mysql-k8s-0/charm/venv/lib/python3.10/site-packages/ops/pebble.py", line 2890, in exec
    control_ws = self._connect_websocket(task_id, 'control')
  File "/var/lib/juju/agents/unit-mysql-k8s-0/charm/venv/lib/python3.10/site-packages/ops/pebble.py", line 2978, in _connect_websocket
    ws.connect(url, socket=sock)
  File "/var/lib/juju/agents/unit-mysql-k8s-0/charm/venv/lib/python3.10/site-packages/websocket/_core.py", line 261, in connect
    self.handshake_response = handshake(self.sock, url, *addrs, **options)
  File "/var/lib/juju/agents/unit-mysql-k8s-0/charm/venv/lib/python3.10/site-packages/websocket/_handshake.py", line 65, in handshake
    status, resp = _get_resp_headers(sock)
  File "/var/lib/juju/agents/unit-mysql-k8s-0/charm/venv/lib/python3.10/site-packages/websocket/_handshake.py", line 141, in _get_resp_headers
    status, resp_headers, status_message = read_headers(sock)
  File "/var/lib/juju/agents/unit-mysql-k8s-0/charm/venv/lib/python3.10/site-packages/websocket/_http.py", line 351, in read_headers
    line = recv_line(sock)
  File "/var/lib/juju/agents/unit-mysql-k8s-0/charm/venv/lib/python3.10/site-packages/websocket/_socket.py", line 140, in recv_line
    c = recv(sock, 1)
  File "/var/lib/juju/agents/unit-mysql-k8s-0/charm/venv/lib/python3.10/site-packages/websocket/_socket.py", line 120, in recv
    raise WebSocketTimeoutException("Connection timed out")
websocket._exceptions.WebSocketTimeoutException: Connection timed out

The above exception was the direct cause of the following exception:

Traceback (most recent call last):
  File "/var/lib/juju/agents/unit-mysql-k8s-0/charm/src/mysql_k8s_helpers.py", line 721, in _run_mysqlsh_script
    process = self.container.exec(cmd, stdin=password)
  File "/var/lib/juju/agents/unit-mysql-k8s-0/charm/venv/lib/python3.10/site-packages/ops/model.py", line 2872, in exec
    return self._pebble.exec(
  File "/var/lib/juju/agents/unit-mysql-k8s-0/charm/venv/lib/python3.10/site-packages/ops/pebble.py", line 2899, in exec
    raise ChangeError(change.err, change) from e
ops.pebble.ChangeError: cannot perform the following tasks:
- Execute command "/usr/bin/mysqlsh" (exec 32: timeout waiting for websocket connections: context deadline exceeded)
----- Logs from task 0 -----
2025-03-18T01:32:25Z ERROR exec 32: timeout waiting for websocket connections: context deadline exceeded
-----
unit-mysql-k8s-0: 01:35:16 ERROR unit.mysql-k8s/0.juju-log Failed to execute mysql-shell command
Traceback (most recent call last):
  File "/var/lib/juju/agents/unit-mysql-k8s-0/charm/src/mysql_k8s_helpers.py", line 722, in _run_mysqlsh_script
    stdout, _ = process.wait_output()
  File "/var/lib/juju/agents/unit-mysql-k8s-0/charm/venv/lib/python3.10/site-packages/ops/pebble.py", line 1771, in wait_output
    raise ExecError[AnyStr](self._command, exit_code, out_value, err_value)
ops.pebble.ExecError: non-zero exit code 1 executing ['timeout', '30', '/usr/bin/mysqlsh', '--passwords-from-stdin', '--uri=serverconfig@mysql-k8s-0.mysql-k8s-endpoints.testing.svc.cluster.local:33062', '--python', '--verbose=0', '-c', "shell.options.set('useWizards', False)\nprint('###')\ncluster = dba.get_cluster('test_cluster')\nprint(cluster.status({'extended': False}))"], stdout="\x1b[1mPlease provide the password for 'serverconfig@mysql-k8s-0.mysql-k8s-endpoints.testing.svc.cluster.local:33062': \x1b[0m###\n", stderr='Cannot set LC_ALL to locale en_US.UTF-8: No such file or directory\n\x1b[33mWARNING: \x1b[0mError connecting to Cluster: MYSQLSH 51004: Unable to find a primary member in the Cluster\nRetrying getCluster() using a secondary member\nNo PRIMARY member found for cluster \'test_cluster\'\nNo PRIMARY member found for cluster \'test_cluster\'\nTraceback (most recent call last):\n  File "<string>", line 4, in <module>\nmysqlsh.Error: Shell Error (51603): Cluster.status: Could not connect to PRIMARY of Primary Cluster \'test_cluster\'\n'
unit-mysql-k8s-0: 01:35:16 ERROR unit.mysql-k8s/0.juju-log Failed to get cluster status for test_cluster
unit-mysql-k8s-0: 01:35:28 ERROR unit.mysql-k8s/0.juju-log Failed to execute mysql-shell command
Traceback (most recent call last):
  File "/var/lib/juju/agents/unit-mysql-k8s-0/charm/src/mysql_k8s_helpers.py", line 722, in _run_mysqlsh_script
    stdout, _ = process.wait_output()
  File "/var/lib/juju/agents/unit-mysql-k8s-0/charm/venv/lib/python3.10/site-packages/ops/pebble.py", line 1771, in wait_output
    raise ExecError[AnyStr](self._command, exit_code, out_value, err_value)
ops.pebble.ExecError: non-zero exit code 1 executing ['timeout', '30', '/usr/bin/mysqlsh', '--passwords-from-stdin', '--uri=serverconfig@mysql-k8s-0.mysql-k8s-endpoints.testing.svc.cluster.local:33062', '--python', '--verbose=0', '-c', "shell.options.set('useWizards', False)\nprint('###')\ncluster = dba.get_cluster('test_cluster')\nprint(cluster.status({'extended': False}))"], stdout="\x1b[1mPlease provide the password for 'serverconfig@mysql-k8s-0.mysql-k8s-endpoints.testing.svc.cluster.local:33062': \x1b[0m###\n", stderr='Cannot set LC_ALL to locale en_US.UTF-8: No such file or directory\n\x1b[33mWARNING: \x1b[0mError connecting to Cluster: MYSQLSH 51004: Unable to find a primary member in the Cluster\nRetrying getCluster() using a secondary member\nNo PRIMARY member found for cluster \'test_cluster\'\nNo PRIMARY member found for cluster \'test_cluster\'\nTraceback (most recent call last):\n  File "<string>", line 4, in <module>\nmysqlsh.Error: Shell Error (51603): Cluster.status: Could not connect to PRIMARY of Primary Cluster \'test_cluster\'\n'
unit-mysql-k8s-0: 01:35:28 ERROR unit.mysql-k8s/0.juju-log Failed to get cluster status for test_cluster

[32mINFO    [0m pytest_operator.plugin:plugin.py:862 Forgetting main...