[32mINFO    [0m pytest_operator.plugin:plugin.py:790 Model status:

Model  Controller          Cloud/Region        Version  SLA          Timestamp
test   microk8s-localhost  microk8s/localhost  3.5.4    unsupported  01:46:16Z

App      Version                  Status  Scale  Charm             Channel      Rev  Address         Exposed  Message
app0     0.0.2                    active      1  mysql-test-app    latest/edge   63  10.152.183.198  no       
app1     0.0.2                    active      1  mysql-test-app    latest/edge   63  10.152.183.179  no       Last written value=243
app2     0.0.2                    active      1  mysql-test-app    latest/edge   63  10.152.183.252  no       Last written value=90
app3     0.0.2                    active      1  mysql-test-app    latest/edge   63  10.152.183.213  no       Last written value=95
app4     0.0.2                    active      1  mysql-test-app    latest/edge   63  10.152.183.25   no       Last written value=262
app5     0.0.2                    active      1  mysql-test-app    latest/edge   63  10.152.183.147  no       Last written value=219
app6     0.0.2                    active      1  mysql-test-app    latest/edge   63  10.152.183.212  no       Last written value=85
mysql    8.0.37-0ubuntu0.22.04.3  active      1  mysql-k8s                        0  10.152.183.17   no       
router0  8.0.37-0ubuntu0.22.04.3  active      1  mysql-router-k8s  8.0/edge     167  10.152.183.44   no       
router1  8.0.37-0ubuntu0.22.04.3  active      1  mysql-router-k8s  8.0/edge     167  10.152.183.113  no       
router2  8.0.37-0ubuntu0.22.04.3  active      1  mysql-router-k8s  8.0/edge     167  10.152.183.189  no       
router3  8.0.37-0ubuntu0.22.04.3  active      1  mysql-router-k8s  8.0/edge     167  10.152.183.132  no       
router4  8.0.37-0ubuntu0.22.04.3  active      1  mysql-router-k8s  8.0/edge     167  10.152.183.214  no       
router5  8.0.37-0ubuntu0.22.04.3  active      1  mysql-router-k8s  8.0/edge     167  10.152.183.215  no       
router6  8.0.37-0ubuntu0.22.04.3  active      1  mysql-router-k8s  8.0/edge     167  10.152.183.204  no       

Unit        Workload  Agent  Address       Ports  Message
app0/0*     active    idle   10.1.245.138         
app1/0*     active    idle   10.1.245.139         Last written value=243
app2/0*     active    idle   10.1.245.141         Last written value=90
app3/0*     active    idle   10.1.245.143         Last written value=95
app4/0*     active    idle   10.1.245.145         Last written value=262
app5/0*     active    idle   10.1.245.147         Last written value=219
app6/0*     active    idle   10.1.245.148         Last written value=85
mysql/0*    active    idle   10.1.245.137         Primary
router0/0*  active    idle   10.1.245.140         
router1/0*  active    idle   10.1.245.142         
router2/0*  active    idle   10.1.245.144         
router3/0*  active    idle   10.1.245.146         
router4/0*  active    idle   10.1.245.149         
router5/0*  active    idle   10.1.245.150         
router6/0*  active    idle   10.1.245.151         

[32mINFO    [0m pytest_operator.plugin:plugin.py:796 Juju error logs:

unit-router0-2: 01:38:48 ERROR unit.router0/2.juju-log backend-database:31: Unable to connect to MySQL Router
Traceback (most recent call last):
  File "/var/lib/juju/agents/unit-router0-2/charm/./src/kubernetes_charm.py", line 96, in wait_until_mysql_router_ready
    for attempt in tenacity.Retrying(
  File "/var/lib/juju/agents/unit-router0-2/charm/venv/tenacity/__init__.py", line 443, in __iter__
    do = self.iter(retry_state=retry_state)
  File "/var/lib/juju/agents/unit-router0-2/charm/venv/tenacity/__init__.py", line 376, in iter
    result = action(retry_state)
  File "/var/lib/juju/agents/unit-router0-2/charm/venv/tenacity/__init__.py", line 418, in exc_check
    raise retry_exc.reraise()
  File "/var/lib/juju/agents/unit-router0-2/charm/venv/tenacity/__init__.py", line 185, in reraise
    raise self.last_attempt.result()
  File "/usr/lib/python3.10/concurrent/futures/_base.py", line 451, in result
    return self.__get_result()
  File "/usr/lib/python3.10/concurrent/futures/_base.py", line 403, in __get_result
    raise self._exception
  File "/var/lib/juju/agents/unit-router0-2/charm/./src/kubernetes_charm.py", line 109, in wait_until_mysql_router_ready
    assert s.connect_ex(("localhost", port)) == 0
AssertionError
unit-router0-2: 01:38:48 ERROR unit.router0/2.juju-log backend-database:31: Uncaught exception while in charm code:
Traceback (most recent call last):
  File "/var/lib/juju/agents/unit-router0-2/charm/./src/kubernetes_charm.py", line 312, in <module>
    ops.main.main(KubernetesRouterCharm)
  File "/var/lib/juju/agents/unit-router0-2/charm/venv/ops/main.py", line 436, in main
    _emit_charm_event(charm, dispatcher.event_name)
  File "/var/lib/juju/agents/unit-router0-2/charm/venv/ops/main.py", line 144, in _emit_charm_event
    event_to_emit.emit(*args, **kwargs)
  File "/var/lib/juju/agents/unit-router0-2/charm/venv/ops/framework.py", line 351, in emit
    framework._emit(event)
  File "/var/lib/juju/agents/unit-router0-2/charm/venv/ops/framework.py", line 853, in _emit
    self._reemit(event_path)
  File "/var/lib/juju/agents/unit-router0-2/charm/venv/ops/framework.py", line 942, in _reemit
    custom_handler(event)
  File "/var/lib/juju/agents/unit-router0-2/charm/lib/charms/data_platform_libs/v0/data_interfaces.py", line 3127, in _on_relation_changed_event
    getattr(self.on, "database_created").emit(
  File "/var/lib/juju/agents/unit-router0-2/charm/venv/ops/framework.py", line 351, in emit
    framework._emit(event)
  File "/var/lib/juju/agents/unit-router0-2/charm/venv/ops/framework.py", line 853, in _emit
    self._reemit(event_path)
  File "/var/lib/juju/agents/unit-router0-2/charm/venv/ops/framework.py", line 942, in _reemit
    custom_handler(event)
  File "/var/lib/juju/agents/unit-router0-2/charm/lib/charms/tempo_k8s/v1/charm_tracing.py", line 735, in wrapped_function
    return callable(*args, **kwargs)  # type: ignore
  File "/var/lib/juju/agents/unit-router0-2/charm/src/abstract_charm.py", line 337, in reconcile
    workload_.reconcile(
  File "/var/lib/juju/agents/unit-router0-2/charm/lib/charms/tempo_k8s/v1/charm_tracing.py", line 735, in wrapped_function
    return callable(*args, **kwargs)  # type: ignore
  File "/var/lib/juju/agents/unit-router0-2/charm/src/workload.py", line 399, in reconcile
    self._enable_router(event=event, tls=tls, unit_name=unit_name)
  File "/var/lib/juju/agents/unit-router0-2/charm/lib/charms/tempo_k8s/v1/charm_tracing.py", line 735, in wrapped_function
    return callable(*args, **kwargs)  # type: ignore
  File "/var/lib/juju/agents/unit-router0-2/charm/src/workload.py", line 341, in _enable_router
    self._charm.wait_until_mysql_router_ready(event=event)
  File "/var/lib/juju/agents/unit-router0-2/charm/lib/charms/tempo_k8s/v1/charm_tracing.py", line 735, in wrapped_function
    return callable(*args, **kwargs)  # type: ignore
  File "/var/lib/juju/agents/unit-router0-2/charm/./src/kubernetes_charm.py", line 96, in wait_until_mysql_router_ready
    for attempt in tenacity.Retrying(
  File "/var/lib/juju/agents/unit-router0-2/charm/venv/tenacity/__init__.py", line 443, in __iter__
    do = self.iter(retry_state=retry_state)
  File "/var/lib/juju/agents/unit-router0-2/charm/venv/tenacity/__init__.py", line 376, in iter
    result = action(retry_state)
  File "/var/lib/juju/agents/unit-router0-2/charm/venv/tenacity/__init__.py", line 418, in exc_check
    raise retry_exc.reraise()
  File "/var/lib/juju/agents/unit-router0-2/charm/venv/tenacity/__init__.py", line 185, in reraise
    raise self.last_attempt.result()
  File "/usr/lib/python3.10/concurrent/futures/_base.py", line 451, in result
    return self.__get_result()
  File "/usr/lib/python3.10/concurrent/futures/_base.py", line 403, in __get_result
    raise self._exception
  File "/var/lib/juju/agents/unit-router0-2/charm/./src/kubernetes_charm.py", line 109, in wait_until_mysql_router_ready
    assert s.connect_ex(("localhost", port)) == 0
AssertionError
unit-router0-2: 01:38:48 ERROR juju.worker.uniter.operation hook "backend-database-relation-changed" (via hook dispatching script: dispatch) failed: exit status 1

[32mINFO    [0m pytest_operator.plugin:plugin.py:862 Forgetting main...