[32mINFO    [0m integration.high_availability.conftest:conftest.py:29 Clearing continuous writes
[32mINFO    [0m integration.high_availability.conftest:conftest.py:31 Starting continuous writes
[32mINFO    [0m integration.conftest:conftest.py:20 Getting credentials for the MySQL cluster
[32mINFO    [0m integration.high_availability.test_upgrade:test_upgrade.py:148 Get leader unit
[32mINFO    [0m integration.high_availability.test_upgrade:test_upgrade.py:152 Run pre-upgrade-check action
[32mINFO    [0m integration.high_availability.test_upgrade:test_upgrade.py:165 Inject dependency fault
[32mINFO    [0m integration.high_availability.test_upgrade:test_upgrade.py:170 Refresh the charm
[32mINFO    [0m integration.high_availability.test_upgrade:test_upgrade.py:173 Get first upgrading unit
[32mINFO    [0m integration.high_availability.test_upgrade:test_upgrade.py:177 Wait for upgrade to fail on first upgrading unit
[32mINFO    [0m integration.high_availability.conftest:conftest.py:36 Clearing continuous writes
[32mINFO    [0m pytest_operator.plugin:plugin.py:790 Model status:

Model  Controller          Cloud/Region        Version  SLA          Timestamp
test   microk8s-localhost  microk8s/localhost  3.5.4    unsupported  01:53:02Z

App             Version                  Status  Scale  Charm           Channel      Rev  Address         Exposed  Message
mysql-k8s       8.0.37-0ubuntu0.22.04.3  active      3  mysql-k8s                      1  10.152.183.154  no       
mysql-test-app  0.0.2                    active      1  mysql-test-app  latest/edge   63  10.152.183.168  no       Last written value=83886

Unit               Workload  Agent      Address      Ports  Message
mysql-k8s/0        active    executing  10.1.239.20         
mysql-k8s/1        active    executing  10.1.239.19         Primary
mysql-k8s/2*       active    executing  10.1.239.18         
mysql-test-app/0*  active    idle       10.1.239.14         Last written value=83886

[32mINFO    [0m pytest_operator.plugin:plugin.py:796 Juju error logs:

unit-mysql-k8s-2: 01:37:47 ERROR unit.mysql-k8s/2.juju-log Failed to set variable='innodb_fast_shutdown' to value='0'
Traceback (most recent call last):
  File "/var/lib/juju/agents/unit-mysql-k8s-2/charm/src/mysql_k8s_helpers.py", line 622, in _run_mysqlsh_script
    stdout, _ = process.wait_output()
  File "/var/lib/juju/agents/unit-mysql-k8s-2/charm/venv/ops/pebble.py", line 1771, in wait_output
    raise ExecError[AnyStr](self._command, exit_code, out_value, err_value)
ops.pebble.ExecError: non-zero exit code 1 executing ['/usr/bin/mysqlsh', '--no-wizard', '--python', '--verbose=0', '-f', '/tmp/script.py', ';', 'rm', '/tmp/script.py'], stdout='', stderr='Cannot set LC_ALL to locale en_US.UTF-8: No such file or directory\nTraceback (most recent call last):\n  File "<string>", line 1, in <module>\nmysqlsh.DBError: MySQL Error (2005): Shell.connect: No such host is known \'10-1-239-16.mysql-k8s-primary.test.svc.cluster.local\'\n'

During handling of the above exception, another exception occurred:

Traceback (most recent call last):
  File "/var/lib/juju/agents/unit-mysql-k8s-2/charm/lib/charms/mysql/v0/mysql.py", line 1412, in set_dynamic_variable
    self._run_mysqlsh_script("\n".join(set_var_command))
  File "/var/lib/juju/agents/unit-mysql-k8s-2/charm/lib/charms/tempo_coordinator_k8s/v0/charm_tracing.py", line 734, in wrapped_function
    return callable(*args, **kwargs)  # type: ignore
  File "/var/lib/juju/agents/unit-mysql-k8s-2/charm/src/mysql_k8s_helpers.py", line 625, in _run_mysqlsh_script
    raise MySQLClientError
charms.mysql.v0.mysql.MySQLClientError
unit-mysql-k8s-2: 01:37:47 ERROR unit.mysql-k8s/2.juju-log charms.data_platform_libs.v0.upgrade.ClusterNotReadyError - {'message': 'Pre-upgrade check failed. Cannot upgrade.', 'cause': 'Failed to set slow shutdown', 'resolution': 'Check the cluster status'}
unit-mysql-k8s-2: 01:38:27 ERROR unit.mysql-k8s/2.juju-log Cluster upgrade failed, ensure pre-upgrade checks are ran first.
unit-mysql-k8s-1: 01:39:21 ERROR unit.mysql-k8s/1.juju-log Cluster upgrade failed, ensure pre-upgrade checks are ran first.
unit-mysql-k8s-0: 01:40:10 ERROR unit.mysql-k8s/0.juju-log Cluster upgrade failed, ensure pre-upgrade checks are ran first.

[32mINFO    [0m pytest_operator.plugin:plugin.py:862 Forgetting main...