{"uid":"5f7dab3f7851b7a","name":"test_charmed_dml_role","fullName":"tests.integration.integration.roles.test_instance_roles#test_charmed_dml_role","historyId":"9735efe8ce93e2f0b4da0c2634f0d714","time":{"start":1766800309022,"stop":1766800344856,"duration":35834},"description":"Test the charmed_dml role.","descriptionHtml":"<p>Test the charmed_dml role.</p>\n","status":"broken","statusMessage":"jubilant_backports._juju.CLIError: Command '['juju', 'remove-relation', '--model', 'testing', 'mysql-k8s:database', 'data-integrator2:mysql']' returned non-zero exit status 1.\nStderr:\nERROR connection is shut down","statusTrace":"Traceback (most recent call last):\n  File \"/root/spread_project/.tox/integration/lib/python3.12/site-packages/_pytest/runner.py\", line 341, in from_call\n    result: Optional[TResult] = func()\n                                ^^^^^^\n  File \"/root/spread_project/.tox/integration/lib/python3.12/site-packages/_pytest/runner.py\", line 262, in <lambda>\n    lambda: ihook(item=item, **kwds), when=when, reraise=reraise\n            ^^^^^^^^^^^^^^^^^^^^^^^^\n  File \"/root/spread_project/.tox/integration/lib/python3.12/site-packages/pluggy/_hooks.py\", line 513, in __call__\n    return self._hookexec(self.name, self._hookimpls.copy(), kwargs, firstresult)\n           ^^^^^^^^^^^^^^^^^^^^^^^^^^^^^^^^^^^^^^^^^^^^^^^^^^^^^^^^^^^^^^^^^^^^^^\n  File \"/root/spread_project/.tox/integration/lib/python3.12/site-packages/pluggy/_manager.py\", line 120, in _hookexec\n    return self._inner_hookexec(hook_name, methods, kwargs, firstresult)\n           ^^^^^^^^^^^^^^^^^^^^^^^^^^^^^^^^^^^^^^^^^^^^^^^^^^^^^^^^^^^^^\n  File \"/root/spread_project/.tox/integration/lib/python3.12/site-packages/pluggy/_callers.py\", line 182, in _multicall\n    return outcome.get_result()\n           ^^^^^^^^^^^^^^^^^^^^\n  File \"/root/spread_project/.tox/integration/lib/python3.12/site-packages/pluggy/_result.py\", line 100, in get_result\n    raise exc.with_traceback(exc.__traceback__)\n  File \"/root/spread_project/.tox/integration/lib/python3.12/site-packages/pluggy/_callers.py\", line 103, in _multicall\n    res = hook_impl.function(*args)\n          ^^^^^^^^^^^^^^^^^^^^^^^^^\n  File \"/root/spread_project/.tox/integration/lib/python3.12/site-packages/_pytest/runner.py\", line 177, in pytest_runtest_call\n    raise e\n  File \"/root/spread_project/.tox/integration/lib/python3.12/site-packages/_pytest/runner.py\", line 169, in pytest_runtest_call\n    item.runtest()\n  File \"/root/spread_project/.tox/integration/lib/python3.12/site-packages/_pytest/python.py\", line 1792, in runtest\n    self.ihook.pytest_pyfunc_call(pyfuncitem=self)\n  File \"/root/spread_project/.tox/integration/lib/python3.12/site-packages/pluggy/_hooks.py\", line 513, in __call__\n    return self._hookexec(self.name, self._hookimpls.copy(), kwargs, firstresult)\n           ^^^^^^^^^^^^^^^^^^^^^^^^^^^^^^^^^^^^^^^^^^^^^^^^^^^^^^^^^^^^^^^^^^^^^^\n  File \"/root/spread_project/.tox/integration/lib/python3.12/site-packages/pluggy/_manager.py\", line 120, in _hookexec\n    return self._inner_hookexec(hook_name, methods, kwargs, firstresult)\n           ^^^^^^^^^^^^^^^^^^^^^^^^^^^^^^^^^^^^^^^^^^^^^^^^^^^^^^^^^^^^^\n  File \"/root/spread_project/.tox/integration/lib/python3.12/site-packages/pluggy/_callers.py\", line 182, in _multicall\n    return outcome.get_result()\n           ^^^^^^^^^^^^^^^^^^^^\n  File \"/root/spread_project/.tox/integration/lib/python3.12/site-packages/pluggy/_result.py\", line 100, in get_result\n    raise exc.with_traceback(exc.__traceback__)\n  File \"/root/spread_project/.tox/integration/lib/python3.12/site-packages/pluggy/_callers.py\", line 103, in _multicall\n    res = hook_impl.function(*args)\n          ^^^^^^^^^^^^^^^^^^^^^^^^^\n  File \"/root/spread_project/.tox/integration/lib/python3.12/site-packages/_pytest/python.py\", line 194, in pytest_pyfunc_call\n    result = testfunction(**testargs)\n             ^^^^^^^^^^^^^^^^^^^^^^^^\n  File \"/root/spread_project/tests/integration/integration/roles/test_instance_roles.py\", line 252, in test_charmed_dml_role\n    juju.remove_relation(\n  File \"/root/spread_project/.tox/integration/lib/python3.12/site-packages/jubilant_backports/_juju.py\", line 900, in remove_relation\n    self.cli(*args)\n  File \"/root/spread_project/.tox/integration/lib/python3.12/site-packages/jubilant_backports/_juju.py\", line 306, in cli\n    stdout, _ = self._cli(*args, include_model=include_model, stdin=stdin)\n                ^^^^^^^^^^^^^^^^^^^^^^^^^^^^^^^^^^^^^^^^^^^^^^^^^^^^^^^^^^\n  File \"/root/spread_project/.tox/integration/lib/python3.12/site-packages/jubilant_backports/_juju.py\", line 326, in _cli\n    raise CLIError(e.returncode, e.cmd, e.stdout, e.stderr) from None\njubilant_backports._juju.CLIError: Command '['juju', 'remove-relation', '--model', 'testing', 'mysql-k8s:database', 'data-integrator2:mysql']' returned non-zero exit status 1.\nStderr:\nERROR connection is shut down","flaky":false,"newFailed":false,"newBroken":true,"newPassed":false,"retriesCount":1,"retriesStatusChange":true,"beforeStages":[{"name":"juju","time":{"start":1766800149548,"stop":1766800149851,"duration":303},"status":"passed","steps":[],"attachments":[],"parameters":[],"shouldDisplayMessage":false,"stepsCount":0,"attachmentsCount":0,"hasContent":false,"attachmentStep":false},{"name":"abort_on_fail","time":{"start":1766800309022,"stop":1766800309022,"duration":0},"status":"passed","steps":[],"attachments":[],"parameters":[],"shouldDisplayMessage":false,"stepsCount":0,"attachmentsCount":0,"hasContent":false,"attachmentStep":false}],"testStage":{"description":"Test the charmed_dml role.","status":"broken","statusMessage":"jubilant_backports._juju.CLIError: Command '['juju', 'remove-relation', '--model', 'testing', 'mysql-k8s:database', 'data-integrator2:mysql']' returned non-zero exit status 1.\nStderr:\nERROR connection is shut down","statusTrace":"Traceback (most recent call last):\n  File \"/root/spread_project/.tox/integration/lib/python3.12/site-packages/_pytest/runner.py\", line 341, in from_call\n    result: Optional[TResult] = func()\n                                ^^^^^^\n  File \"/root/spread_project/.tox/integration/lib/python3.12/site-packages/_pytest/runner.py\", line 262, in <lambda>\n    lambda: ihook(item=item, **kwds), when=when, reraise=reraise\n            ^^^^^^^^^^^^^^^^^^^^^^^^\n  File \"/root/spread_project/.tox/integration/lib/python3.12/site-packages/pluggy/_hooks.py\", line 513, in __call__\n    return self._hookexec(self.name, self._hookimpls.copy(), kwargs, firstresult)\n           ^^^^^^^^^^^^^^^^^^^^^^^^^^^^^^^^^^^^^^^^^^^^^^^^^^^^^^^^^^^^^^^^^^^^^^\n  File \"/root/spread_project/.tox/integration/lib/python3.12/site-packages/pluggy/_manager.py\", line 120, in _hookexec\n    return self._inner_hookexec(hook_name, methods, kwargs, firstresult)\n           ^^^^^^^^^^^^^^^^^^^^^^^^^^^^^^^^^^^^^^^^^^^^^^^^^^^^^^^^^^^^^\n  File \"/root/spread_project/.tox/integration/lib/python3.12/site-packages/pluggy/_callers.py\", line 182, in _multicall\n    return outcome.get_result()\n           ^^^^^^^^^^^^^^^^^^^^\n  File \"/root/spread_project/.tox/integration/lib/python3.12/site-packages/pluggy/_result.py\", line 100, in get_result\n    raise exc.with_traceback(exc.__traceback__)\n  File \"/root/spread_project/.tox/integration/lib/python3.12/site-packages/pluggy/_callers.py\", line 103, in _multicall\n    res = hook_impl.function(*args)\n          ^^^^^^^^^^^^^^^^^^^^^^^^^\n  File \"/root/spread_project/.tox/integration/lib/python3.12/site-packages/_pytest/runner.py\", line 177, in pytest_runtest_call\n    raise e\n  File \"/root/spread_project/.tox/integration/lib/python3.12/site-packages/_pytest/runner.py\", line 169, in pytest_runtest_call\n    item.runtest()\n  File \"/root/spread_project/.tox/integration/lib/python3.12/site-packages/_pytest/python.py\", line 1792, in runtest\n    self.ihook.pytest_pyfunc_call(pyfuncitem=self)\n  File \"/root/spread_project/.tox/integration/lib/python3.12/site-packages/pluggy/_hooks.py\", line 513, in __call__\n    return self._hookexec(self.name, self._hookimpls.copy(), kwargs, firstresult)\n           ^^^^^^^^^^^^^^^^^^^^^^^^^^^^^^^^^^^^^^^^^^^^^^^^^^^^^^^^^^^^^^^^^^^^^^\n  File \"/root/spread_project/.tox/integration/lib/python3.12/site-packages/pluggy/_manager.py\", line 120, in _hookexec\n    return self._inner_hookexec(hook_name, methods, kwargs, firstresult)\n           ^^^^^^^^^^^^^^^^^^^^^^^^^^^^^^^^^^^^^^^^^^^^^^^^^^^^^^^^^^^^^\n  File \"/root/spread_project/.tox/integration/lib/python3.12/site-packages/pluggy/_callers.py\", line 182, in _multicall\n    return outcome.get_result()\n           ^^^^^^^^^^^^^^^^^^^^\n  File \"/root/spread_project/.tox/integration/lib/python3.12/site-packages/pluggy/_result.py\", line 100, in get_result\n    raise exc.with_traceback(exc.__traceback__)\n  File \"/root/spread_project/.tox/integration/lib/python3.12/site-packages/pluggy/_callers.py\", line 103, in _multicall\n    res = hook_impl.function(*args)\n          ^^^^^^^^^^^^^^^^^^^^^^^^^\n  File \"/root/spread_project/.tox/integration/lib/python3.12/site-packages/_pytest/python.py\", line 194, in pytest_pyfunc_call\n    result = testfunction(**testargs)\n             ^^^^^^^^^^^^^^^^^^^^^^^^\n  File \"/root/spread_project/tests/integration/integration/roles/test_instance_roles.py\", line 252, in test_charmed_dml_role\n    juju.remove_relation(\n  File \"/root/spread_project/.tox/integration/lib/python3.12/site-packages/jubilant_backports/_juju.py\", line 900, in remove_relation\n    self.cli(*args)\n  File \"/root/spread_project/.tox/integration/lib/python3.12/site-packages/jubilant_backports/_juju.py\", line 306, in cli\n    stdout, _ = self._cli(*args, include_model=include_model, stdin=stdin)\n                ^^^^^^^^^^^^^^^^^^^^^^^^^^^^^^^^^^^^^^^^^^^^^^^^^^^^^^^^^^\n  File \"/root/spread_project/.tox/integration/lib/python3.12/site-packages/jubilant_backports/_juju.py\", line 326, in _cli\n    raise CLIError(e.returncode, e.cmd, e.stdout, e.stderr) from None\njubilant_backports._juju.CLIError: Command '['juju', 'remove-relation', '--model', 'testing', 'mysql-k8s:database', 'data-integrator2:mysql']' returned non-zero exit status 1.\nStderr:\nERROR connection is shut down","steps":[],"attachments":[{"uid":"989978a1a46c8459","name":"log","source":"989978a1a46c8459.txt","type":"text/plain","size":2050}],"parameters":[],"shouldDisplayMessage":true,"stepsCount":0,"attachmentsCount":1,"hasContent":true,"attachmentStep":false},"afterStages":[{"name":"abort_on_fail::0","time":{"start":1766800344861,"stop":1766800344861,"duration":0},"status":"passed","steps":[],"attachments":[],"parameters":[],"shouldDisplayMessage":false,"stepsCount":0,"attachmentsCount":0,"hasContent":false,"attachmentStep":false},{"name":"juju::0","time":{"start":1766800344862,"stop":1766800345546,"duration":684},"status":"passed","steps":[],"attachments":[],"parameters":[],"shouldDisplayMessage":false,"stepsCount":0,"attachmentsCount":0,"hasContent":false,"attachmentStep":false}],"labels":[{"name":"tag","value":"abort_on_fail"},{"name":"parentSuite","value":"tests.integration.integration.roles"},{"name":"suite","value":"test_instance_roles"},{"name":"host","value":"runnervmh13bl"},{"name":"thread","value":"18131-MainThread"},{"name":"framework","value":"pytest"},{"name":"language","value":"cpython3"},{"name":"package","value":"tests.integration.integration.roles.test_instance_roles"},{"name":"resultFormat","value":"allure2"}],"parameters":[],"links":[],"hidden":false,"retry":false,"extra":{"severity":"normal","retries":[{"uid":"604a77249ae579de","status":"unknown","time":{}}],"categories":[{"name":"Test defects","matchedStatuses":[]}],"history":{"statistic":{"failed":0,"broken":1,"skipped":0,"passed":19,"unknown":0,"total":20},"items":[{"uid":"6496bbed64c75b34","reportUrl":"../44//#testresult/6496bbed64c75b34","status":"passed","time":{"start":1766713494902,"stop":1766713531359,"duration":36457}},{"uid":"38a59e55ce498904","reportUrl":"../43//#testresult/38a59e55ce498904","status":"passed","time":{"start":1766627470499,"stop":1766627519006,"duration":48507}},{"uid":"3156d569548f8f6","reportUrl":"../42//#testresult/3156d569548f8f6","status":"passed","time":{"start":1766540986503,"stop":1766541042051,"duration":55548}},{"uid":"1af44ed4f923837","reportUrl":"../41//#testresult/1af44ed4f923837","status":"passed","time":{"start":1766454105404,"stop":1766454150302,"duration":44898}},{"uid":"340262a92add1050","reportUrl":"../40//#testresult/340262a92add1050","status":"passed","time":{"start":1766367938918,"stop":1766367976462,"duration":37544}},{"uid":"4ceed949d0e02edd","reportUrl":"../39//#testresult/4ceed949d0e02edd","status":"passed","time":{"start":1766281623359,"stop":1766281670093,"duration":46734}},{"uid":"ec9c3c185841cf75","reportUrl":"../38//#testresult/ec9c3c185841cf75","status":"passed","time":{"start":1766195214342,"stop":1766195261599,"duration":47257}},{"uid":"c56fd739e19acc55","reportUrl":"../37//#testresult/c56fd739e19acc55","status":"passed","time":{"start":1766110158111,"stop":1766110196406,"duration":38295}},{"uid":"4e254c77271cc03c","reportUrl":"../36//#testresult/4e254c77271cc03c","status":"passed","time":{"start":1766022888045,"stop":1766022945306,"duration":57261}},{"uid":"2e7ee7c4c1e620a1","reportUrl":"../35//#testresult/2e7ee7c4c1e620a1","status":"passed","time":{"start":1765936524258,"stop":1765936561584,"duration":37326}},{"uid":"d74297a018c2ff65","reportUrl":"../34//#testresult/d74297a018c2ff65","status":"passed","time":{"start":1765850422957,"stop":1765850458535,"duration":35578}},{"uid":"9d8313b574021884","reportUrl":"../33//#testresult/9d8313b574021884","status":"passed","time":{"start":1765785522100,"stop":1765785560041,"duration":37941}},{"uid":"de7e1634bf42b38b","reportUrl":"../31//#testresult/de7e1634bf42b38b","status":"passed","time":{"start":1765590527990,"stop":1765590584667,"duration":56677}},{"uid":"df88d8ca176783dd","reportUrl":"../30//#testresult/df88d8ca176783dd","status":"passed","time":{"start":1765504054832,"stop":1765504103130,"duration":48298}},{"uid":"9281b616f4007b9c","reportUrl":"../29//#testresult/9281b616f4007b9c","status":"passed","time":{"start":1765419148403,"stop":1765419196851,"duration":48448}},{"uid":"c0f88e28fb1f108e","reportUrl":"../26//#testresult/c0f88e28fb1f108e","status":"passed","time":{"start":1765161281545,"stop":1765161341829,"duration":60284}},{"uid":"3c52f17b0baa4a61","reportUrl":"../25//#testresult/3c52f17b0baa4a61","status":"passed","time":{"start":1765073181297,"stop":1765073242595,"duration":61298}},{"uid":"65dfdf2ad4f395ba","reportUrl":"../24//#testresult/65dfdf2ad4f395ba","status":"passed","time":{"start":1764986641038,"stop":1764986693896,"duration":52858}},{"uid":"63182aed47a52f9d","reportUrl":"../3498//#testresult/63182aed47a52f9d","status":"passed","time":{"start":1764618984913,"stop":1764619037040,"duration":52127}}]},"tags":["abort_on_fail"]},"source":"5f7dab3f7851b7a.json","parameterValues":[]}