{"uid":"8c9b280c465ad71b","name":"test_build_and_deploy","fullName":"tests.integration.integration.high_availability.test_upgrade_rollback_incompat#test_build_and_deploy","historyId":"303cdb16ff00182eea76bb12cf362b3c","time":{"start":1766800480326,"stop":1766800545541,"duration":65215},"description":"Simple test to ensure that the MySQL and application charms get deployed.","descriptionHtml":"<p>Simple test to ensure that the MySQL and application charms get deployed.</p>\n","status":"broken","statusMessage":"jubilant_backports._juju.CLIError: Command '['juju', 'status', '--model', 'testing', '--format', 'json']' returned non-zero exit status 1.\nStdout:\n{}\n\nStderr:\nERROR connection is shut down","statusTrace":"Traceback (most recent call last):\n  File \"/root/spread_project/.tox/integration/lib/python3.12/site-packages/_pytest/runner.py\", line 341, in from_call\n    result: Optional[TResult] = func()\n                                ^^^^^^\n  File \"/root/spread_project/.tox/integration/lib/python3.12/site-packages/_pytest/runner.py\", line 262, in <lambda>\n    lambda: ihook(item=item, **kwds), when=when, reraise=reraise\n            ^^^^^^^^^^^^^^^^^^^^^^^^\n  File \"/root/spread_project/.tox/integration/lib/python3.12/site-packages/pluggy/_hooks.py\", line 513, in __call__\n    return self._hookexec(self.name, self._hookimpls.copy(), kwargs, firstresult)\n           ^^^^^^^^^^^^^^^^^^^^^^^^^^^^^^^^^^^^^^^^^^^^^^^^^^^^^^^^^^^^^^^^^^^^^^\n  File \"/root/spread_project/.tox/integration/lib/python3.12/site-packages/pluggy/_manager.py\", line 120, in _hookexec\n    return self._inner_hookexec(hook_name, methods, kwargs, firstresult)\n           ^^^^^^^^^^^^^^^^^^^^^^^^^^^^^^^^^^^^^^^^^^^^^^^^^^^^^^^^^^^^^\n  File \"/root/spread_project/.tox/integration/lib/python3.12/site-packages/pluggy/_callers.py\", line 182, in _multicall\n    return outcome.get_result()\n           ^^^^^^^^^^^^^^^^^^^^\n  File \"/root/spread_project/.tox/integration/lib/python3.12/site-packages/pluggy/_result.py\", line 100, in get_result\n    raise exc.with_traceback(exc.__traceback__)\n  File \"/root/spread_project/.tox/integration/lib/python3.12/site-packages/pluggy/_callers.py\", line 103, in _multicall\n    res = hook_impl.function(*args)\n          ^^^^^^^^^^^^^^^^^^^^^^^^^\n  File \"/root/spread_project/.tox/integration/lib/python3.12/site-packages/_pytest/runner.py\", line 177, in pytest_runtest_call\n    raise e\n  File \"/root/spread_project/.tox/integration/lib/python3.12/site-packages/_pytest/runner.py\", line 169, in pytest_runtest_call\n    item.runtest()\n  File \"/root/spread_project/.tox/integration/lib/python3.12/site-packages/_pytest/python.py\", line 1792, in runtest\n    self.ihook.pytest_pyfunc_call(pyfuncitem=self)\n  File \"/root/spread_project/.tox/integration/lib/python3.12/site-packages/pluggy/_hooks.py\", line 513, in __call__\n    return self._hookexec(self.name, self._hookimpls.copy(), kwargs, firstresult)\n           ^^^^^^^^^^^^^^^^^^^^^^^^^^^^^^^^^^^^^^^^^^^^^^^^^^^^^^^^^^^^^^^^^^^^^^\n  File \"/root/spread_project/.tox/integration/lib/python3.12/site-packages/pluggy/_manager.py\", line 120, in _hookexec\n    return self._inner_hookexec(hook_name, methods, kwargs, firstresult)\n           ^^^^^^^^^^^^^^^^^^^^^^^^^^^^^^^^^^^^^^^^^^^^^^^^^^^^^^^^^^^^^\n  File \"/root/spread_project/.tox/integration/lib/python3.12/site-packages/pluggy/_callers.py\", line 182, in _multicall\n    return outcome.get_result()\n           ^^^^^^^^^^^^^^^^^^^^\n  File \"/root/spread_project/.tox/integration/lib/python3.12/site-packages/pluggy/_result.py\", line 100, in get_result\n    raise exc.with_traceback(exc.__traceback__)\n  File \"/root/spread_project/.tox/integration/lib/python3.12/site-packages/pluggy/_callers.py\", line 103, in _multicall\n    res = hook_impl.function(*args)\n          ^^^^^^^^^^^^^^^^^^^^^^^^^\n  File \"/root/spread_project/.tox/integration/lib/python3.12/site-packages/_pytest/python.py\", line 194, in pytest_pyfunc_call\n    result = testfunction(**testargs)\n             ^^^^^^^^^^^^^^^^^^^^^^^^\n  File \"/root/spread_project/tests/integration/integration/high_availability/test_upgrade_rollback_incompat.py\", line 54, in test_build_and_deploy\n    juju.wait(\n  File \"/root/spread_project/.tox/integration/lib/python3.12/site-packages/jubilant_backports/_juju.py\", line 1356, in wait\n    stdout, _ = self._cli('status', '--format', 'json', log=False)\n                ^^^^^^^^^^^^^^^^^^^^^^^^^^^^^^^^^^^^^^^^^^^^^^^^^^\n  File \"/root/spread_project/.tox/integration/lib/python3.12/site-packages/jubilant_backports/_juju.py\", line 326, in _cli\n    raise CLIError(e.returncode, e.cmd, e.stdout, e.stderr) from None\njubilant_backports._juju.CLIError: Command '['juju', 'status', '--model', 'testing', '--format', 'json']' returned non-zero exit status 1.\nStdout:\n{}\n\nStderr:\nERROR connection is shut down","flaky":false,"newFailed":false,"newBroken":true,"newPassed":false,"retriesCount":1,"retriesStatusChange":true,"beforeStages":[{"name":"juju","time":{"start":1766800480037,"stop":1766800480326,"duration":289},"status":"passed","steps":[],"attachments":[],"parameters":[],"shouldDisplayMessage":false,"stepsCount":0,"attachmentsCount":0,"hasContent":false,"attachmentStep":false},{"name":"charm","time":{"start":1766800480037,"stop":1766800480037,"duration":0},"status":"passed","steps":[],"attachments":[],"parameters":[],"shouldDisplayMessage":false,"stepsCount":0,"attachmentsCount":0,"hasContent":false,"attachmentStep":false},{"name":"abort_on_fail","time":{"start":1766800480326,"stop":1766800480326,"duration":0},"status":"passed","steps":[],"attachments":[],"parameters":[],"shouldDisplayMessage":false,"stepsCount":0,"attachmentsCount":0,"hasContent":false,"attachmentStep":false}],"testStage":{"description":"Simple test to ensure that the MySQL and application charms get deployed.","status":"broken","statusMessage":"jubilant_backports._juju.CLIError: Command '['juju', 'status', '--model', 'testing', '--format', 'json']' returned non-zero exit status 1.\nStdout:\n{}\n\nStderr:\nERROR connection is shut down","statusTrace":"Traceback (most recent call last):\n  File \"/root/spread_project/.tox/integration/lib/python3.12/site-packages/_pytest/runner.py\", line 341, in from_call\n    result: Optional[TResult] = func()\n                                ^^^^^^\n  File \"/root/spread_project/.tox/integration/lib/python3.12/site-packages/_pytest/runner.py\", line 262, in <lambda>\n    lambda: ihook(item=item, **kwds), when=when, reraise=reraise\n            ^^^^^^^^^^^^^^^^^^^^^^^^\n  File \"/root/spread_project/.tox/integration/lib/python3.12/site-packages/pluggy/_hooks.py\", line 513, in __call__\n    return self._hookexec(self.name, self._hookimpls.copy(), kwargs, firstresult)\n           ^^^^^^^^^^^^^^^^^^^^^^^^^^^^^^^^^^^^^^^^^^^^^^^^^^^^^^^^^^^^^^^^^^^^^^\n  File \"/root/spread_project/.tox/integration/lib/python3.12/site-packages/pluggy/_manager.py\", line 120, in _hookexec\n    return self._inner_hookexec(hook_name, methods, kwargs, firstresult)\n           ^^^^^^^^^^^^^^^^^^^^^^^^^^^^^^^^^^^^^^^^^^^^^^^^^^^^^^^^^^^^^\n  File \"/root/spread_project/.tox/integration/lib/python3.12/site-packages/pluggy/_callers.py\", line 182, in _multicall\n    return outcome.get_result()\n           ^^^^^^^^^^^^^^^^^^^^\n  File \"/root/spread_project/.tox/integration/lib/python3.12/site-packages/pluggy/_result.py\", line 100, in get_result\n    raise exc.with_traceback(exc.__traceback__)\n  File \"/root/spread_project/.tox/integration/lib/python3.12/site-packages/pluggy/_callers.py\", line 103, in _multicall\n    res = hook_impl.function(*args)\n          ^^^^^^^^^^^^^^^^^^^^^^^^^\n  File \"/root/spread_project/.tox/integration/lib/python3.12/site-packages/_pytest/runner.py\", line 177, in pytest_runtest_call\n    raise e\n  File \"/root/spread_project/.tox/integration/lib/python3.12/site-packages/_pytest/runner.py\", line 169, in pytest_runtest_call\n    item.runtest()\n  File \"/root/spread_project/.tox/integration/lib/python3.12/site-packages/_pytest/python.py\", line 1792, in runtest\n    self.ihook.pytest_pyfunc_call(pyfuncitem=self)\n  File \"/root/spread_project/.tox/integration/lib/python3.12/site-packages/pluggy/_hooks.py\", line 513, in __call__\n    return self._hookexec(self.name, self._hookimpls.copy(), kwargs, firstresult)\n           ^^^^^^^^^^^^^^^^^^^^^^^^^^^^^^^^^^^^^^^^^^^^^^^^^^^^^^^^^^^^^^^^^^^^^^\n  File \"/root/spread_project/.tox/integration/lib/python3.12/site-packages/pluggy/_manager.py\", line 120, in _hookexec\n    return self._inner_hookexec(hook_name, methods, kwargs, firstresult)\n           ^^^^^^^^^^^^^^^^^^^^^^^^^^^^^^^^^^^^^^^^^^^^^^^^^^^^^^^^^^^^^\n  File \"/root/spread_project/.tox/integration/lib/python3.12/site-packages/pluggy/_callers.py\", line 182, in _multicall\n    return outcome.get_result()\n           ^^^^^^^^^^^^^^^^^^^^\n  File \"/root/spread_project/.tox/integration/lib/python3.12/site-packages/pluggy/_result.py\", line 100, in get_result\n    raise exc.with_traceback(exc.__traceback__)\n  File \"/root/spread_project/.tox/integration/lib/python3.12/site-packages/pluggy/_callers.py\", line 103, in _multicall\n    res = hook_impl.function(*args)\n          ^^^^^^^^^^^^^^^^^^^^^^^^^\n  File \"/root/spread_project/.tox/integration/lib/python3.12/site-packages/_pytest/python.py\", line 194, in pytest_pyfunc_call\n    result = testfunction(**testargs)\n             ^^^^^^^^^^^^^^^^^^^^^^^^\n  File \"/root/spread_project/tests/integration/integration/high_availability/test_upgrade_rollback_incompat.py\", line 54, in test_build_and_deploy\n    juju.wait(\n  File \"/root/spread_project/.tox/integration/lib/python3.12/site-packages/jubilant_backports/_juju.py\", line 1356, in wait\n    stdout, _ = self._cli('status', '--format', 'json', log=False)\n                ^^^^^^^^^^^^^^^^^^^^^^^^^^^^^^^^^^^^^^^^^^^^^^^^^^\n  File \"/root/spread_project/.tox/integration/lib/python3.12/site-packages/jubilant_backports/_juju.py\", line 326, in _cli\n    raise CLIError(e.returncode, e.cmd, e.stdout, e.stderr) from None\njubilant_backports._juju.CLIError: Command '['juju', 'status', '--model', 'testing', '--format', 'json']' returned non-zero exit status 1.\nStdout:\n{}\n\nStderr:\nERROR connection is shut down","steps":[],"attachments":[{"uid":"bd3cf486fde935aa","name":"log","source":"bd3cf486fde935aa.txt","type":"text/plain","size":520}],"parameters":[],"shouldDisplayMessage":true,"stepsCount":0,"attachmentsCount":1,"hasContent":true,"attachmentStep":false},"afterStages":[{"name":"abort_on_fail::0","time":{"start":1766800545547,"stop":1766800545547,"duration":0},"status":"passed","steps":[],"attachments":[],"parameters":[],"shouldDisplayMessage":false,"stepsCount":0,"attachmentsCount":0,"hasContent":false,"attachmentStep":false},{"name":"juju::0","time":{"start":1766801175050,"stop":1766801175283,"duration":233},"status":"passed","steps":[],"attachments":[],"parameters":[],"shouldDisplayMessage":false,"stepsCount":0,"attachmentsCount":0,"hasContent":false,"attachmentStep":false}],"labels":[{"name":"tag","value":"abort_on_fail"},{"name":"tag","value":"@pytest.mark.skipif(False, reason='Requires amd64 architecture')"},{"name":"parentSuite","value":"tests.integration.integration.high_availability"},{"name":"suite","value":"test_upgrade_rollback_incompat"},{"name":"host","value":"runnervmh13bl"},{"name":"thread","value":"32055-MainThread"},{"name":"framework","value":"pytest"},{"name":"language","value":"cpython3"},{"name":"package","value":"tests.integration.integration.high_availability.test_upgrade_rollback_incompat"},{"name":"resultFormat","value":"allure2"}],"parameters":[],"links":[],"hidden":false,"retry":false,"extra":{"severity":"normal","retries":[{"uid":"8d7c64cda3d9403c","status":"unknown","time":{}}],"categories":[{"name":"Test defects","matchedStatuses":[]}],"history":{"statistic":{"failed":0,"broken":1,"skipped":0,"passed":19,"unknown":0,"total":20},"items":[{"uid":"928616f28ce4e430","reportUrl":"../44//#testresult/928616f28ce4e430","status":"passed","time":{"start":1766713511911,"stop":1766713628723,"duration":116812}},{"uid":"8787ca0159ff7291","reportUrl":"../43//#testresult/8787ca0159ff7291","status":"passed","time":{"start":1766627367638,"stop":1766627486511,"duration":118873}},{"uid":"52963836f229803b","reportUrl":"../42//#testresult/52963836f229803b","status":"passed","time":{"start":1766540758364,"stop":1766540871712,"duration":113348}},{"uid":"8d1708be50235c11","reportUrl":"../41//#testresult/8d1708be50235c11","status":"passed","time":{"start":1766454150008,"stop":1766454265225,"duration":115217}},{"uid":"75e20e3fe454ddd1","reportUrl":"../40//#testresult/75e20e3fe454ddd1","status":"passed","time":{"start":1766368079256,"stop":1766368205210,"duration":125954}},{"uid":"1ac0b7151fbe693c","reportUrl":"../39//#testresult/1ac0b7151fbe693c","status":"passed","time":{"start":1766281612236,"stop":1766281744460,"duration":132224}},{"uid":"ae5adbe73d6fa761","reportUrl":"../38//#testresult/ae5adbe73d6fa761","status":"passed","time":{"start":1766195071428,"stop":1766195187760,"duration":116332}},{"uid":"ec3b88fe780bcd34","reportUrl":"../37//#testresult/ec3b88fe780bcd34","status":"passed","time":{"start":1766110001438,"stop":1766110117113,"duration":115675}},{"uid":"52817b835cbb9a4e","reportUrl":"../36//#testresult/52817b835cbb9a4e","status":"passed","time":{"start":1766022731632,"stop":1766022858920,"duration":127288}},{"uid":"33c3dd721ae019b1","reportUrl":"../35//#testresult/33c3dd721ae019b1","status":"passed","time":{"start":1765936478567,"stop":1765936603635,"duration":125068}},{"uid":"45d17aa709f206e8","reportUrl":"../34//#testresult/45d17aa709f206e8","status":"passed","time":{"start":1765850288199,"stop":1765850399443,"duration":111244}},{"uid":"ea4e6dc373259cca","reportUrl":"../33//#testresult/ea4e6dc373259cca","status":"passed","time":{"start":1765785344192,"stop":1765785460980,"duration":116788}},{"uid":"47bb8fc42aacbb05","reportUrl":"../31//#testresult/47bb8fc42aacbb05","status":"passed","time":{"start":1765590571075,"stop":1765590688051,"duration":116976}},{"uid":"62115825ecd7a2b7","reportUrl":"../30//#testresult/62115825ecd7a2b7","status":"passed","time":{"start":1765503879712,"stop":1765503992274,"duration":112562}},{"uid":"430aff053c101234","reportUrl":"../29//#testresult/430aff053c101234","status":"passed","time":{"start":1765418987920,"stop":1765419104731,"duration":116811}},{"uid":"36e4cb41f511ecab","reportUrl":"../26//#testresult/36e4cb41f511ecab","status":"passed","time":{"start":1765161057724,"stop":1765161184721,"duration":126997}},{"uid":"b8092b53a21bff8a","reportUrl":"../25//#testresult/b8092b53a21bff8a","status":"passed","time":{"start":1765072871379,"stop":1765072984815,"duration":113436}},{"uid":"b844f6106fbd5c04","reportUrl":"../24//#testresult/b844f6106fbd5c04","status":"passed","time":{"start":1764986465038,"stop":1764986578709,"duration":113671}},{"uid":"77be3b67d97dbf8b","reportUrl":"../3498//#testresult/77be3b67d97dbf8b","status":"passed","time":{"start":1764618809606,"stop":1764618933640,"duration":124034}}]},"tags":["abort_on_fail","@pytest.mark.skipif(False, reason='Requires amd64 architecture')"]},"source":"8c9b280c465ad71b.json","parameterValues":[]}