{"uid":"df706f916e18c77e","name":"test_log_rotation","fullName":"tests.integration.integration.high_availability.test_replication_logs_rotation#test_log_rotation","historyId":"6994229431ad534df2aabaff1402dd70","time":{"start":1766800458023,"stop":1766800461419,"duration":3396},"description":"Test the log rotation of text files.","descriptionHtml":"<p>Test the log rotation of text files.</p>\n","status":"broken","statusMessage":"jubilant_backports._task.TaskError: task error: Task 2: status 'completed', return code 1","statusTrace":"Traceback (most recent call last):\n  File \"/root/spread_project/.tox/integration/lib/python3.12/site-packages/_pytest/runner.py\", line 341, in from_call\n    result: Optional[TResult] = func()\n                                ^^^^^^\n  File \"/root/spread_project/.tox/integration/lib/python3.12/site-packages/_pytest/runner.py\", line 262, in <lambda>\n    lambda: ihook(item=item, **kwds), when=when, reraise=reraise\n            ^^^^^^^^^^^^^^^^^^^^^^^^\n  File \"/root/spread_project/.tox/integration/lib/python3.12/site-packages/pluggy/_hooks.py\", line 513, in __call__\n    return self._hookexec(self.name, self._hookimpls.copy(), kwargs, firstresult)\n           ^^^^^^^^^^^^^^^^^^^^^^^^^^^^^^^^^^^^^^^^^^^^^^^^^^^^^^^^^^^^^^^^^^^^^^\n  File \"/root/spread_project/.tox/integration/lib/python3.12/site-packages/pluggy/_manager.py\", line 120, in _hookexec\n    return self._inner_hookexec(hook_name, methods, kwargs, firstresult)\n           ^^^^^^^^^^^^^^^^^^^^^^^^^^^^^^^^^^^^^^^^^^^^^^^^^^^^^^^^^^^^^\n  File \"/root/spread_project/.tox/integration/lib/python3.12/site-packages/pluggy/_callers.py\", line 182, in _multicall\n    return outcome.get_result()\n           ^^^^^^^^^^^^^^^^^^^^\n  File \"/root/spread_project/.tox/integration/lib/python3.12/site-packages/pluggy/_result.py\", line 100, in get_result\n    raise exc.with_traceback(exc.__traceback__)\n  File \"/root/spread_project/.tox/integration/lib/python3.12/site-packages/pluggy/_callers.py\", line 103, in _multicall\n    res = hook_impl.function(*args)\n          ^^^^^^^^^^^^^^^^^^^^^^^^^\n  File \"/root/spread_project/.tox/integration/lib/python3.12/site-packages/_pytest/runner.py\", line 177, in pytest_runtest_call\n    raise e\n  File \"/root/spread_project/.tox/integration/lib/python3.12/site-packages/_pytest/runner.py\", line 169, in pytest_runtest_call\n    item.runtest()\n  File \"/root/spread_project/.tox/integration/lib/python3.12/site-packages/_pytest/python.py\", line 1792, in runtest\n    self.ihook.pytest_pyfunc_call(pyfuncitem=self)\n  File \"/root/spread_project/.tox/integration/lib/python3.12/site-packages/pluggy/_hooks.py\", line 513, in __call__\n    return self._hookexec(self.name, self._hookimpls.copy(), kwargs, firstresult)\n           ^^^^^^^^^^^^^^^^^^^^^^^^^^^^^^^^^^^^^^^^^^^^^^^^^^^^^^^^^^^^^^^^^^^^^^\n  File \"/root/spread_project/.tox/integration/lib/python3.12/site-packages/pluggy/_manager.py\", line 120, in _hookexec\n    return self._inner_hookexec(hook_name, methods, kwargs, firstresult)\n           ^^^^^^^^^^^^^^^^^^^^^^^^^^^^^^^^^^^^^^^^^^^^^^^^^^^^^^^^^^^^^\n  File \"/root/spread_project/.tox/integration/lib/python3.12/site-packages/pluggy/_callers.py\", line 182, in _multicall\n    return outcome.get_result()\n           ^^^^^^^^^^^^^^^^^^^^\n  File \"/root/spread_project/.tox/integration/lib/python3.12/site-packages/pluggy/_result.py\", line 100, in get_result\n    raise exc.with_traceback(exc.__traceback__)\n  File \"/root/spread_project/.tox/integration/lib/python3.12/site-packages/pluggy/_callers.py\", line 103, in _multicall\n    res = hook_impl.function(*args)\n          ^^^^^^^^^^^^^^^^^^^^^^^^^\n  File \"/root/spread_project/.tox/integration/lib/python3.12/site-packages/_pytest/python.py\", line 194, in pytest_pyfunc_call\n    result = testfunction(**testargs)\n             ^^^^^^^^^^^^^^^^^^^^^^^^\n  File \"/root/spread_project/tests/integration/integration/high_availability/test_replication_logs_rotation.py\", line 91, in test_log_rotation\n    stop_log_rotate_dispatcher(juju, mysql_app_leader)\n  File \"/root/spread_project/tests/integration/integration/high_availability/test_replication_logs_rotation.py\", line 255, in stop_log_rotate_dispatcher\n    juju.exec(\n  File \"/root/spread_project/.tox/integration/lib/python3.12/site-packages/jubilant_backports/_juju.py\", line 650, in exec\n    task.raise_on_failure()\n  File \"/root/spread_project/.tox/integration/lib/python3.12/site-packages/jubilant_backports/_task.py\", line 120, in raise_on_failure\n    raise TaskError(self)\njubilant_backports._task.TaskError: task error: Task 2: status 'completed', return code 1","flaky":false,"newFailed":false,"newBroken":true,"newPassed":false,"retriesCount":1,"retriesStatusChange":true,"beforeStages":[{"name":"juju","time":{"start":1766800388781,"stop":1766800389080,"duration":299},"status":"passed","steps":[],"attachments":[],"parameters":[],"shouldDisplayMessage":false,"stepsCount":0,"attachmentsCount":0,"hasContent":false,"attachmentStep":false},{"name":"abort_on_fail","time":{"start":1766800458022,"stop":1766800458022,"duration":0},"status":"passed","steps":[],"attachments":[],"parameters":[],"shouldDisplayMessage":false,"stepsCount":0,"attachmentsCount":0,"hasContent":false,"attachmentStep":false}],"testStage":{"description":"Test the log rotation of text files.","status":"broken","statusMessage":"jubilant_backports._task.TaskError: task error: Task 2: status 'completed', return code 1","statusTrace":"Traceback (most recent call last):\n  File \"/root/spread_project/.tox/integration/lib/python3.12/site-packages/_pytest/runner.py\", line 341, in from_call\n    result: Optional[TResult] = func()\n                                ^^^^^^\n  File \"/root/spread_project/.tox/integration/lib/python3.12/site-packages/_pytest/runner.py\", line 262, in <lambda>\n    lambda: ihook(item=item, **kwds), when=when, reraise=reraise\n            ^^^^^^^^^^^^^^^^^^^^^^^^\n  File \"/root/spread_project/.tox/integration/lib/python3.12/site-packages/pluggy/_hooks.py\", line 513, in __call__\n    return self._hookexec(self.name, self._hookimpls.copy(), kwargs, firstresult)\n           ^^^^^^^^^^^^^^^^^^^^^^^^^^^^^^^^^^^^^^^^^^^^^^^^^^^^^^^^^^^^^^^^^^^^^^\n  File \"/root/spread_project/.tox/integration/lib/python3.12/site-packages/pluggy/_manager.py\", line 120, in _hookexec\n    return self._inner_hookexec(hook_name, methods, kwargs, firstresult)\n           ^^^^^^^^^^^^^^^^^^^^^^^^^^^^^^^^^^^^^^^^^^^^^^^^^^^^^^^^^^^^^\n  File \"/root/spread_project/.tox/integration/lib/python3.12/site-packages/pluggy/_callers.py\", line 182, in _multicall\n    return outcome.get_result()\n           ^^^^^^^^^^^^^^^^^^^^\n  File \"/root/spread_project/.tox/integration/lib/python3.12/site-packages/pluggy/_result.py\", line 100, in get_result\n    raise exc.with_traceback(exc.__traceback__)\n  File \"/root/spread_project/.tox/integration/lib/python3.12/site-packages/pluggy/_callers.py\", line 103, in _multicall\n    res = hook_impl.function(*args)\n          ^^^^^^^^^^^^^^^^^^^^^^^^^\n  File \"/root/spread_project/.tox/integration/lib/python3.12/site-packages/_pytest/runner.py\", line 177, in pytest_runtest_call\n    raise e\n  File \"/root/spread_project/.tox/integration/lib/python3.12/site-packages/_pytest/runner.py\", line 169, in pytest_runtest_call\n    item.runtest()\n  File \"/root/spread_project/.tox/integration/lib/python3.12/site-packages/_pytest/python.py\", line 1792, in runtest\n    self.ihook.pytest_pyfunc_call(pyfuncitem=self)\n  File \"/root/spread_project/.tox/integration/lib/python3.12/site-packages/pluggy/_hooks.py\", line 513, in __call__\n    return self._hookexec(self.name, self._hookimpls.copy(), kwargs, firstresult)\n           ^^^^^^^^^^^^^^^^^^^^^^^^^^^^^^^^^^^^^^^^^^^^^^^^^^^^^^^^^^^^^^^^^^^^^^\n  File \"/root/spread_project/.tox/integration/lib/python3.12/site-packages/pluggy/_manager.py\", line 120, in _hookexec\n    return self._inner_hookexec(hook_name, methods, kwargs, firstresult)\n           ^^^^^^^^^^^^^^^^^^^^^^^^^^^^^^^^^^^^^^^^^^^^^^^^^^^^^^^^^^^^^\n  File \"/root/spread_project/.tox/integration/lib/python3.12/site-packages/pluggy/_callers.py\", line 182, in _multicall\n    return outcome.get_result()\n           ^^^^^^^^^^^^^^^^^^^^\n  File \"/root/spread_project/.tox/integration/lib/python3.12/site-packages/pluggy/_result.py\", line 100, in get_result\n    raise exc.with_traceback(exc.__traceback__)\n  File \"/root/spread_project/.tox/integration/lib/python3.12/site-packages/pluggy/_callers.py\", line 103, in _multicall\n    res = hook_impl.function(*args)\n          ^^^^^^^^^^^^^^^^^^^^^^^^^\n  File \"/root/spread_project/.tox/integration/lib/python3.12/site-packages/_pytest/python.py\", line 194, in pytest_pyfunc_call\n    result = testfunction(**testargs)\n             ^^^^^^^^^^^^^^^^^^^^^^^^\n  File \"/root/spread_project/tests/integration/integration/high_availability/test_replication_logs_rotation.py\", line 91, in test_log_rotation\n    stop_log_rotate_dispatcher(juju, mysql_app_leader)\n  File \"/root/spread_project/tests/integration/integration/high_availability/test_replication_logs_rotation.py\", line 255, in stop_log_rotate_dispatcher\n    juju.exec(\n  File \"/root/spread_project/.tox/integration/lib/python3.12/site-packages/jubilant_backports/_juju.py\", line 650, in exec\n    task.raise_on_failure()\n  File \"/root/spread_project/.tox/integration/lib/python3.12/site-packages/jubilant_backports/_task.py\", line 120, in raise_on_failure\n    raise TaskError(self)\njubilant_backports._task.TaskError: task error: Task 2: status 'completed', return code 1","steps":[],"attachments":[{"uid":"f44d5cf03e64ef1c","name":"log","source":"f44d5cf03e64ef1c.txt","type":"text/plain","size":535}],"parameters":[],"shouldDisplayMessage":true,"stepsCount":0,"attachmentsCount":1,"hasContent":true,"attachmentStep":false},"afterStages":[{"name":"abort_on_fail::0","time":{"start":1766800461422,"stop":1766800461422,"duration":0},"status":"passed","steps":[],"attachments":[],"parameters":[],"shouldDisplayMessage":false,"stepsCount":0,"attachmentsCount":0,"hasContent":false,"attachmentStep":false},{"name":"juju::0","time":{"start":1766800461422,"stop":1766800461744,"duration":322},"status":"passed","steps":[],"attachments":[],"parameters":[],"shouldDisplayMessage":false,"stepsCount":0,"attachmentsCount":0,"hasContent":false,"attachmentStep":false}],"labels":[{"name":"tag","value":"abort_on_fail"},{"name":"parentSuite","value":"tests.integration.integration.high_availability"},{"name":"suite","value":"test_replication_logs_rotation"},{"name":"host","value":"runnervmh13bl"},{"name":"thread","value":"26568-MainThread"},{"name":"framework","value":"pytest"},{"name":"language","value":"cpython3"},{"name":"package","value":"tests.integration.integration.high_availability.test_replication_logs_rotation"},{"name":"resultFormat","value":"allure2"}],"parameters":[],"links":[],"hidden":false,"retry":false,"extra":{"severity":"normal","retries":[{"uid":"2c5da7f4adce39e0","status":"unknown","time":{}}],"categories":[{"name":"Test defects","matchedStatuses":[]}],"history":{"statistic":{"failed":0,"broken":1,"skipped":0,"passed":19,"unknown":0,"total":20},"items":[{"uid":"480854797763e8fa","reportUrl":"../44//#testresult/480854797763e8fa","status":"passed","time":{"start":1766713400493,"stop":1766713405603,"duration":5110}},{"uid":"ea7a5bb369eb8af1","reportUrl":"../43//#testresult/ea7a5bb369eb8af1","status":"passed","time":{"start":1766627372063,"stop":1766627377076,"duration":5013}},{"uid":"38e1ff34ef73ebe4","reportUrl":"../42//#testresult/38e1ff34ef73ebe4","status":"passed","time":{"start":1766540748827,"stop":1766540753842,"duration":5015}},{"uid":"fc19eb5c65a3325d","reportUrl":"../41//#testresult/fc19eb5c65a3325d","status":"passed","time":{"start":1766454454224,"stop":1766454459297,"duration":5073}},{"uid":"af92912d0cff834a","reportUrl":"../40//#testresult/af92912d0cff834a","status":"passed","time":{"start":1766368171399,"stop":1766368176517,"duration":5118}},{"uid":"9a52a1705965d62f","reportUrl":"../39//#testresult/9a52a1705965d62f","status":"passed","time":{"start":1766281670628,"stop":1766281675940,"duration":5312}},{"uid":"dd0eaecaf911124f","reportUrl":"../38//#testresult/dd0eaecaf911124f","status":"passed","time":{"start":1766195105025,"stop":1766195110244,"duration":5219}},{"uid":"90980d52dfa0c617","reportUrl":"../37//#testresult/90980d52dfa0c617","status":"passed","time":{"start":1766110090562,"stop":1766110095591,"duration":5029}},{"uid":"a18f44a7a97650e8","reportUrl":"../36//#testresult/a18f44a7a97650e8","status":"passed","time":{"start":1766022837516,"stop":1766022843478,"duration":5962}},{"uid":"8730ea93bf8bb91a","reportUrl":"../35//#testresult/8730ea93bf8bb91a","status":"passed","time":{"start":1765936610069,"stop":1765936614920,"duration":4851}},{"uid":"a0293fdae8379ebb","reportUrl":"../34//#testresult/a0293fdae8379ebb","status":"passed","time":{"start":1765850394163,"stop":1765850399119,"duration":4956}},{"uid":"cc553f20304d2310","reportUrl":"../33//#testresult/cc553f20304d2310","status":"passed","time":{"start":1765785510191,"stop":1765785515386,"duration":5195}},{"uid":"3b9a62af27b0815a","reportUrl":"../31//#testresult/3b9a62af27b0815a","status":"passed","time":{"start":1765590365664,"stop":1765590371118,"duration":5454}},{"uid":"909e90a7efded033","reportUrl":"../30//#testresult/909e90a7efded033","status":"passed","time":{"start":1765504000999,"stop":1765504006063,"duration":5064}},{"uid":"e628c498341094d8","reportUrl":"../29//#testresult/e628c498341094d8","status":"passed","time":{"start":1765419148449,"stop":1765419152909,"duration":4460}},{"uid":"c71956161f5795fd","reportUrl":"../26//#testresult/c71956161f5795fd","status":"passed","time":{"start":1765161215069,"stop":1765161220101,"duration":5032}},{"uid":"780e1f87cc8bd09a","reportUrl":"../25//#testresult/780e1f87cc8bd09a","status":"passed","time":{"start":1765073020500,"stop":1765073025584,"duration":5084}},{"uid":"357296d839ce13a2","reportUrl":"../24//#testresult/357296d839ce13a2","status":"passed","time":{"start":1764986563006,"stop":1764986567992,"duration":4986}},{"uid":"38b1c656b644e229","reportUrl":"../3498//#testresult/38b1c656b644e229","status":"passed","time":{"start":1764618966948,"stop":1764618972057,"duration":5109}}]},"tags":["abort_on_fail"]},"source":"df706f916e18c77e.json","parameterValues":[]}