[32mINFO    [0m pytest_operator.plugin:plugin.py:790 Model status:

Model    Controller          Cloud/Region        Version  SLA          Timestamp
testing  concierge-microk8s  microk8s/localhost  3.6.3    unsupported  01:43:56Z

App      Version                  Status       Scale  Charm             Channel      Rev  Address         Exposed  Message
app0     0.0.2                    active           1  mysql-test-app    latest/edge   73  10.152.183.200  no       Last written value=269
app1     0.0.2                    active           1  mysql-test-app    latest/edge   73  10.152.183.34   no       Last written value=226
app2     0.0.2                    active           1  mysql-test-app    latest/edge   73  10.152.183.211  no       Last written value=250
app3     0.0.2                    active           1  mysql-test-app    latest/edge   73  10.152.183.91   no       Last written value=114
app4     0.0.2                    active           1  mysql-test-app    latest/edge   73  10.152.183.85   no       Last written value=220
app5     0.0.2                    active           1  mysql-test-app    latest/edge   73  10.152.183.32   no       Last written value=195
app6     0.0.2                    active           1  mysql-test-app    latest/edge   73  10.152.183.177  no       Last written value=239
mysql    8.0.41-0ubuntu0.22.04.1  active           1  mysql-k8s                        0  10.152.183.215  no       
router0  8.0.41-0ubuntu0.22.04.1  maintenance      1  mysql-router-k8s  8.0/edge     599  10.152.183.252  no       Waiting for K8s service connectivity
router1  8.0.41-0ubuntu0.22.04.1  maintenance      1  mysql-router-k8s  8.0/edge     599  10.152.183.81   no       Waiting for K8s service connectivity
router2  8.0.41-0ubuntu0.22.04.1  maintenance      1  mysql-router-k8s  8.0/edge     599  10.152.183.39   no       Waiting for K8s service connectivity
router3  8.0.41-0ubuntu0.22.04.1  maintenance      1  mysql-router-k8s  8.0/edge     599  10.152.183.19   no       Waiting for K8s service connectivity
router4  8.0.41-0ubuntu0.22.04.1  active           1  mysql-router-k8s  8.0/edge     599  10.152.183.50   no       
router5  8.0.41-0ubuntu0.22.04.1  maintenance      1  mysql-router-k8s  8.0/edge     599  10.152.183.28   no       Waiting for K8s service connectivity
router6  8.0.41-0ubuntu0.22.04.1  maintenance      1  mysql-router-k8s  8.0/edge     599  10.152.183.150  no       Waiting for K8s service connectivity

Unit        Workload  Agent  Address      Ports  Message
app0/0*     active    idle   10.1.15.202         Last written value=269
app1/0*     active    idle   10.1.15.203         Last written value=226
app2/0*     active    idle   10.1.15.205         Last written value=250
app3/0*     active    idle   10.1.15.207         Last written value=114
app4/0*     active    idle   10.1.15.209         Last written value=220
app5/0*     active    idle   10.1.15.210         Last written value=195
app6/0*     active    idle   10.1.15.214         Last written value=239
mysql/0*    active    idle   10.1.15.201         Primary
router0/0*  active    idle   10.1.15.204         
router1/0*  active    idle   10.1.15.206         
router2/0*  active    idle   10.1.15.208         
router3/0*  active    idle   10.1.15.211         
router4/0*  active    idle   10.1.15.212         
router5/0*  active    idle   10.1.15.213         
router6/0*  active    idle   10.1.15.215         

[32mINFO    [0m pytest_operator.plugin:plugin.py:796 Juju error logs:

unit-mysql-2: 01:35:56 ERROR unit.mysql/2.juju-log Failed to execute MySQL cli command
Traceback (most recent call last):
  File "/var/lib/juju/agents/unit-mysql-2/charm/src/mysql_k8s_helpers.py", line 770, in _run_mysqlcli_script
    stdout, _ = process.wait_output()
  File "/var/lib/juju/agents/unit-mysql-2/charm/venv/lib/python3.10/site-packages/ops/pebble.py", line 1771, in wait_output
    raise ExecError[AnyStr](self._command, exit_code, out_value, err_value)
ops.pebble.ExecError: non-zero exit code 1 executing ['/usr/bin/mysql', '-u', 'root', '-p', '-N', '--socket=/var/run/mysqld/mysqld.sock', '-e', "CREATE USER 'serverconfig'@'%' IDENTIFIED BY '*****';GRANT ALL ON *.* TO 'serverconfig'@'%' WITH GRANT OPTION;CREATE USER 'monitoring'@'%' IDENTIFIED BY '*****' WITH MAX_USER_CONNECTIONS 3;GRANT SYSTEM_USER, SELECT, PROCESS, SUPER, REPLICATION CLIENT, RELOAD ON *.* TO 'monitoring'@'%';CREATE USER 'backups'@'%' IDENTIFIED BY '*****';GRANT CONNECTION_ADMIN, BACKUP_ADMIN, PROCESS, RELOAD, LOCK TABLES, REPLICATION CLIENT ON *.* TO 'backups'@'%';GRANT SELECT ON performance_schema.log_status TO 'backups'@'%';GRANT SELECT ON performance_schema.keyring_component_status TO 'backups'@'%';GRANT SELECT ON performance_schema.replication_group_members TO 'backups'@'%';UPDATE mysql.user SET authentication_string=null WHERE User='root' and Host='localhost';ALTER USER 'root'@'localhost' IDENTIFIED BY '*****';REVOKE SYSTEM_USER, SYSTEM_VARIABLES_ADMIN, SUPER, REPLICATION_SLAVE_ADMIN, GROUP_REPLICATION_ADMIN, BINLOG_ADMIN, SET_USER_ID, ENCRYPTION_KEY_ADMIN, VERSION_TOKEN_ADMIN, CONNECTION_ADMIN ON *.* FROM 'root'@'localhost';FLUSH PRIVILEGES"], stdout='', stderr="Enter password: ERROR 2002 (HY000): Can't connect to local MySQL server through socket '/var/run/mysqld/mysqld.sock' (2)\n"
unit-mysql-2: 01:35:56 ERROR unit.mysql/2.juju-log Failed to configure users for: mysql-2.mysql-endpoints.testing.svc.cluster.local
unit-mysql-2: 01:35:57 ERROR unit.mysql/2.juju-log Uncaught exception while in charm code:
Traceback (most recent call last):
  File "/var/lib/juju/agents/unit-mysql-2/charm/src/mysql_k8s_helpers.py", line 770, in _run_mysqlcli_script
    stdout, _ = process.wait_output()
  File "/var/lib/juju/agents/unit-mysql-2/charm/venv/lib/python3.10/site-packages/ops/pebble.py", line 1771, in wait_output
    raise ExecError[AnyStr](self._command, exit_code, out_value, err_value)
ops.pebble.ExecError: non-zero exit code 1 executing ['/usr/bin/mysql', '-u', 'root', '-p', '-N', '--socket=/var/run/mysqld/mysqld.sock', '-e', "CREATE USER 'serverconfig'@'%' IDENTIFIED BY '*****';GRANT ALL ON *.* TO 'serverconfig'@'%' WITH GRANT OPTION;CREATE USER 'monitoring'@'%' IDENTIFIED BY '*****' WITH MAX_USER_CONNECTIONS 3;GRANT SYSTEM_USER, SELECT, PROCESS, SUPER, REPLICATION CLIENT, RELOAD ON *.* TO 'monitoring'@'%';CREATE USER 'backups'@'%' IDENTIFIED BY '*****';GRANT CONNECTION_ADMIN, BACKUP_ADMIN, PROCESS, RELOAD, LOCK TABLES, REPLICATION CLIENT ON *.* TO 'backups'@'%';GRANT SELECT ON performance_schema.log_status TO 'backups'@'%';GRANT SELECT ON performance_schema.keyring_component_status TO 'backups'@'%';GRANT SELECT ON performance_schema.replication_group_members TO 'backups'@'%';UPDATE mysql.user SET authentication_string=null WHERE User='root' and Host='localhost';ALTER USER 'root'@'localhost' IDENTIFIED BY '*****';REVOKE SYSTEM_USER, SYSTEM_VARIABLES_ADMIN, SUPER, REPLICATION_SLAVE_ADMIN, GROUP_REPLICATION_ADMIN, BINLOG_ADMIN, SET_USER_ID, ENCRYPTION_KEY_ADMIN, VERSION_TOKEN_ADMIN, CONNECTION_ADMIN ON *.* FROM 'root'@'localhost';FLUSH PRIVILEGES"], stdout='', stderr="Enter password: ERROR 2002 (HY000): Can't connect to local MySQL server through socket '/var/run/mysqld/mysqld.sock' (2)\n"

During handling of the above exception, another exception occurred:

Traceback (most recent call last):
  File "/var/lib/juju/agents/unit-mysql-2/charm/lib/charms/mysql/v0/mysql.py", line 1068, in configure_mysql_users
    self._run_mysqlcli_script(
  File "/var/lib/juju/agents/unit-mysql-2/charm/lib/charms/tempo_coordinator_k8s/v0/charm_tracing.py", line 1065, in wrapped_function
    return callable(*args, **kwargs)  # type: ignore
  File "/var/lib/juju/agents/unit-mysql-2/charm/src/mysql_k8s_helpers.py", line 778, in _run_mysqlcli_script
    raise MySQLClientError
charms.mysql.v0.mysql.MySQLClientError

During handling of the above exception, another exception occurred:

Traceback (most recent call last):
  File "/var/lib/juju/agents/unit-mysql-2/charm/src/charm.py", line 1056, in <module>
    main(MySQLOperatorCharm)
  File "/var/lib/juju/agents/unit-mysql-2/charm/venv/lib/python3.10/site-packages/ops/main.py", line 551, in main
    manager.run()
  File "/var/lib/juju/agents/unit-mysql-2/charm/venv/lib/python3.10/site-packages/ops/main.py", line 530, in run
    self._emit()
  File "/var/lib/juju/agents/unit-mysql-2/charm/venv/lib/python3.10/site-packages/ops/main.py", line 519, in _emit
    _emit_charm_event(self.charm, self.dispatcher.event_name)
  File "/var/lib/juju/agents/unit-mysql-2/charm/venv/lib/python3.10/site-packages/ops/main.py", line 147, in _emit_charm_event
    event_to_emit.emit(*args, **kwargs)
  File "/var/lib/juju/agents/unit-mysql-2/charm/venv/lib/python3.10/site-packages/ops/framework.py", line 348, in emit
    framework._emit(event)
  File "/var/lib/juju/agents/unit-mysql-2/charm/venv/lib/python3.10/site-packages/ops/framework.py", line 860, in _emit
    self._reemit(event_path)
  File "/var/lib/juju/agents/unit-mysql-2/charm/venv/lib/python3.10/site-packages/ops/framework.py", line 950, in _reemit
    custom_handler(event)
  File "/var/lib/juju/agents/unit-mysql-2/charm/lib/charms/tempo_coordinator_k8s/v0/charm_tracing.py", line 1065, in wrapped_function
    return callable(*args, **kwargs)  # type: ignore
  File "/var/lib/juju/agents/unit-mysql-2/charm/src/charm.py", line 796, in _on_mysql_pebble_ready
    self._configure_instance(container)
  File "/var/lib/juju/agents/unit-mysql-2/charm/lib/charms/tempo_coordinator_k8s/v0/charm_tracing.py", line 1065, in wrapped_function
    return callable(*args, **kwargs)  # type: ignore
  File "/var/lib/juju/agents/unit-mysql-2/charm/src/charm.py", line 696, in _configure_instance
    self._mysql.configure_mysql_users()
  File "/var/lib/juju/agents/unit-mysql-2/charm/lib/charms/tempo_coordinator_k8s/v0/charm_tracing.py", line 1065, in wrapped_function
    return callable(*args, **kwargs)  # type: ignore
  File "/var/lib/juju/agents/unit-mysql-2/charm/lib/charms/mysql/v0/mysql.py", line 1074, in configure_mysql_users
    raise MySQLConfigureMySQLUsersError
charms.mysql.v0.mysql.MySQLConfigureMySQLUsersError
unit-mysql-2: 01:35:59 ERROR juju.worker.uniter.operation hook "mysql-pebble-ready" (via hook dispatching script: dispatch) failed: exit status 1
unit-mysql-2: 01:35:59 ERROR juju.worker.uniter pebble poll failed for container "mysql": failed to send pebble-ready event: hook failed
unit-mysql-2: 01:36:08 ERROR unit.mysql/2.juju-log Failed to initialise MySQL data directory
Traceback (most recent call last):
  File "/var/lib/juju/agents/unit-mysql-2/charm/src/mysql_k8s_helpers.py", line 226, in initialise_mysqld
    process.wait()
  File "/var/lib/juju/agents/unit-mysql-2/charm/venv/lib/python3.10/site-packages/ops/pebble.py", line 1697, in wait
    raise ExecError(self._command, exit_code, None, None)
ops.pebble.ExecError: non-zero exit code 1 executing ['/usr/sbin/mysqld', '--initialize', '-u', 'mysql']
unit-mysql-2: 01:36:13 ERROR unit.mysql/2.juju-log Failed to initialise MySQL data directory
Traceback (most recent call last):
  File "/var/lib/juju/agents/unit-mysql-2/charm/src/mysql_k8s_helpers.py", line 226, in initialise_mysqld
    process.wait()
  File "/var/lib/juju/agents/unit-mysql-2/charm/venv/lib/python3.10/site-packages/ops/pebble.py", line 1697, in wait
    raise ExecError(self._command, exit_code, None, None)
ops.pebble.ExecError: non-zero exit code 1 executing ['/usr/sbin/mysqld', '--initialize', '-u', 'mysql']

[32mINFO    [0m pytest_operator.plugin:plugin.py:862 Forgetting main...