[32mINFO    [0m pytest_operator.plugin:plugin.py:790 Model status:

Model    Controller          Cloud/Region        Version  SLA          Timestamp
testing  concierge-microk8s  microk8s/localhost  3.6.4    unsupported  01:44:38Z

App      Version                  Status       Scale  Charm             Channel      Rev  Address         Exposed  Message
app0     0.0.2                    active           1  mysql-test-app    latest/edge   73  10.152.183.62   no       Last written value=285
app1     0.0.2                    active           1  mysql-test-app    latest/edge   73  10.152.183.148  no       Last written value=134
app2     0.0.2                    active           1  mysql-test-app    latest/edge   73  10.152.183.65   no       Last written value=252
app3     0.0.2                    active           1  mysql-test-app    latest/edge   73  10.152.183.230  no       Last written value=225
app4     0.0.2                    active           1  mysql-test-app    latest/edge   73  10.152.183.226  no       Last written value=120
app5     0.0.2                    active           1  mysql-test-app    latest/edge   73  10.152.183.85   no       Last written value=267
app6     0.0.2                    active           1  mysql-test-app    latest/edge   73  10.152.183.61   no       Last written value=236
mysql    8.0.41-0ubuntu0.22.04.1  active           1  mysql-k8s                        0  10.152.183.96   no       
router0  8.0.41-0ubuntu0.22.04.1  active           1  mysql-router-k8s  8.0/edge     600  10.152.183.80   no       
router1  8.0.41-0ubuntu0.22.04.1  active           1  mysql-router-k8s  8.0/edge     600  10.152.183.200  no       
router2  8.0.41-0ubuntu0.22.04.1  maintenance      1  mysql-router-k8s  8.0/edge     600  10.152.183.20   no       Waiting for K8s service connectivity
router3  8.0.41-0ubuntu0.22.04.1  active           1  mysql-router-k8s  8.0/edge     600  10.152.183.51   no       
router4  8.0.41-0ubuntu0.22.04.1  maintenance      1  mysql-router-k8s  8.0/edge     600  10.152.183.64   no       Waiting for K8s service connectivity
router5  8.0.41-0ubuntu0.22.04.1  active           1  mysql-router-k8s  8.0/edge     600  10.152.183.84   no       
router6  8.0.41-0ubuntu0.22.04.1  maintenance      1  mysql-router-k8s  8.0/edge     600  10.152.183.119  no       Waiting for K8s service connectivity

Unit        Workload  Agent  Address       Ports  Message
app0/0*     active    idle   10.1.166.138         Last written value=285
app1/0*     active    idle   10.1.166.139         Last written value=134
app2/0*     active    idle   10.1.166.141         Last written value=252
app3/0*     active    idle   10.1.166.143         Last written value=225
app4/0*     active    idle   10.1.166.145         Last written value=120
app5/0*     active    idle   10.1.166.147         Last written value=267
app6/0*     active    idle   10.1.166.149         Last written value=236
mysql/0*    active    idle   10.1.166.137         Primary
router0/0*  active    idle   10.1.166.140         
router1/0*  active    idle   10.1.166.142         
router2/0*  active    idle   10.1.166.144         
router3/0*  active    idle   10.1.166.146         
router4/0*  active    idle   10.1.166.148         
router5/0*  active    idle   10.1.166.150         
router6/0*  active    idle   10.1.166.151         

[32mINFO    [0m pytest_operator.plugin:plugin.py:796 Juju error logs:

controller-0: 01:32:01 ERROR juju.worker.caasapplicationprovisioner.runner exited "app3": retrieving application state for "app3": secret resource check: rpc error: code = Unavailable desc = error reading from server: read unix @->/var/snap/microk8s/7750/var/kubernetes/backend/kine.sock:12379: read: connection reset by peer
controller-0: 01:32:01 ERROR juju.worker.caasapplicationprovisioner.runner exited "app4": refreshing application status for "app4": rpc error: code = Unavailable desc = error reading from server: read unix @->/var/snap/microk8s/7750/var/kubernetes/backend/kine.sock:12379: read: connection reset by peer
controller-0: 01:32:01 ERROR juju.worker.caasapplicationprovisioner.runner exited "router3": refreshing application status for "router3": rpc error: code = Unavailable desc = error reading from server: read unix @->/var/snap/microk8s/7750/var/kubernetes/backend/kine.sock:12379: read: connection reset by peer
controller-0: 01:32:01 ERROR juju.worker.caasapplicationprovisioner.runner exited "router2": rpc error: code = Unavailable desc = error reading from server: read unix @->/var/snap/microk8s/7750/var/kubernetes/backend/kine.sock:12379: read: connection reset by peer
controller-0: 01:32:01 ERROR juju.worker.caasapplicationprovisioner.runner exited "app2": refreshing application status for "app2": rpc error: code = Unavailable desc = error reading from server: read unix @->/var/snap/microk8s/7750/var/kubernetes/backend/kine.sock:12379: read: connection reset by peer
unit-router6-0: 01:32:01 ERROR unit.router6/0.juju-log Uncaught exception while in charm code:
Traceback (most recent call last):
  File "/var/lib/juju/agents/unit-router6-0/charm/venv/lib/python3.10/site-packages/lightkube/core/generic_client.py", line 235, in raise_for_status
    resp.raise_for_status()
  File "/var/lib/juju/agents/unit-router6-0/charm/venv/lib/python3.10/site-packages/httpx/_models.py", line 761, in raise_for_status
    raise HTTPStatusError(message, request=request, response=self)
httpx.HTTPStatusError: Server error '500 Internal Server Error' for url 'https://10.152.183.1/apis/apps/v1/namespaces/testing/statefulsets/router6'
For more information check: https://developer.mozilla.org/en-US/docs/Web/HTTP/Status/500

During handling of the above exception, another exception occurred:

Traceback (most recent call last):
  File "/var/lib/juju/agents/unit-router6-0/charm/src/charm.py", line 448, in <module>
    ops.main.main(KubernetesRouterCharm)
  File "/var/lib/juju/agents/unit-router6-0/charm/venv/lib/python3.10/site-packages/ops/main.py", line 436, in main
    _emit_charm_event(charm, dispatcher.event_name)
  File "/var/lib/juju/agents/unit-router6-0/charm/venv/lib/python3.10/site-packages/ops/main.py", line 144, in _emit_charm_event
    event_to_emit.emit(*args, **kwargs)
  File "/var/lib/juju/agents/unit-router6-0/charm/venv/lib/python3.10/site-packages/ops/framework.py", line 351, in emit
    framework._emit(event)
  File "/var/lib/juju/agents/unit-router6-0/charm/venv/lib/python3.10/site-packages/ops/framework.py", line 853, in _emit
    self._reemit(event_path)
  File "/var/lib/juju/agents/unit-router6-0/charm/venv/lib/python3.10/site-packages/ops/framework.py", line 942, in _reemit
    custom_handler(event)
  File "/var/lib/juju/agents/unit-router6-0/charm/lib/charms/tempo_coordinator_k8s/v0/charm_tracing.py", line 735, in wrapped_function
    return callable(*args, **kwargs)  # type: ignore
  File "/var/lib/juju/agents/unit-router6-0/charm/src/abstract_charm.py", line 375, in reconcile
    self.set_status(event=event)
  File "/var/lib/juju/agents/unit-router6-0/charm/lib/charms/tempo_coordinator_k8s/v0/charm_tracing.py", line 735, in wrapped_function
    return callable(*args, **kwargs)  # type: ignore
  File "/var/lib/juju/agents/unit-router6-0/charm/src/abstract_charm.py", line 229, in set_status
    self.app.status = self._determine_app_status(event=event)
  File "/var/lib/juju/agents/unit-router6-0/charm/lib/charms/tempo_coordinator_k8s/v0/charm_tracing.py", line 735, in wrapped_function
    return callable(*args, **kwargs)  # type: ignore
  File "/var/lib/juju/agents/unit-router6-0/charm/src/abstract_charm.py", line 201, in _determine_app_status
    if self._upgrade and (upgrade_status := self._upgrade.app_status):
  File "/var/lib/juju/agents/unit-router6-0/charm/src/charm.py", line 110, in _upgrade
    return kubernetes_upgrade.Upgrade(self)
  File "/var/lib/juju/agents/unit-router6-0/charm/src/kubernetes_upgrade.py", line 74, in __init__
    partition.get(app_name=charm_.app.name)
  File "/var/lib/juju/agents/unit-router6-0/charm/src/kubernetes_upgrade.py", line 55, in get
    lightkube.Client()
  File "/var/lib/juju/agents/unit-router6-0/charm/venv/lib/python3.10/site-packages/lightkube/core/client.py", line 230, in get
    return self._client.request("get", res=res, name=name, namespace=namespace)
  File "/var/lib/juju/agents/unit-router6-0/charm/venv/lib/python3.10/site-packages/lightkube/core/generic_client.py", line 311, in request
    return self.handle_response(method, resp, br)
  File "/var/lib/juju/agents/unit-router6-0/charm/venv/lib/python3.10/site-packages/lightkube/core/generic_client.py", line 251, in handle_response
    self.raise_for_status(resp)
  File "/var/lib/juju/agents/unit-router6-0/charm/venv/lib/python3.10/site-packages/lightkube/core/generic_client.py", line 237, in raise_for_status
    raise transform_exception(e)
lightkube.core.exceptions.ApiError: rpc error: code = Unavailable desc = error reading from server: read unix @->/var/snap/microk8s/7750/var/kubernetes/backend/kine.sock:12379: read: connection reset by peer
unit-router4-0: 01:32:01 ERROR unit.router4/0.juju-log database:40: Uncaught exception while in charm code:
Traceback (most recent call last):
  File "/var/lib/juju/agents/unit-router4-0/charm/venv/lib/python3.10/site-packages/lightkube/core/generic_client.py", line 235, in raise_for_status
    resp.raise_for_status()
  File "/var/lib/juju/agents/unit-router4-0/charm/venv/lib/python3.10/site-packages/httpx/_models.py", line 761, in raise_for_status
    raise HTTPStatusError(message, request=request, response=self)
httpx.HTTPStatusError: Server error '500 Internal Server Error' for url 'https://10.152.183.1/apis/apps/v1/namespaces/testing/statefulsets/router4'
For more information check: https://developer.mozilla.org/en-US/docs/Web/HTTP/Status/500

During handling of the above exception, another exception occurred:

Traceback (most recent call last):
  File "/var/lib/juju/agents/unit-router4-0/charm/src/charm.py", line 448, in <module>
    ops.main.main(KubernetesRouterCharm)
  File "/var/lib/juju/agents/unit-router4-0/charm/venv/lib/python3.10/site-packages/ops/main.py", line 436, in main
    _emit_charm_event(charm, dispatcher.event_name)
  File "/var/lib/juju/agents/unit-router4-0/charm/venv/lib/python3.10/site-packages/ops/main.py", line 144, in _emit_charm_event
    event_to_emit.emit(*args, **kwargs)
  File "/var/lib/juju/agents/unit-router4-0/charm/venv/lib/python3.10/site-packages/ops/framework.py", line 351, in emit
    framework._emit(event)
  File "/var/lib/juju/agents/unit-router4-0/charm/venv/lib/python3.10/site-packages/ops/framework.py", line 853, in _emit
    self._reemit(event_path)
  File "/var/lib/juju/agents/unit-router4-0/charm/venv/lib/python3.10/site-packages/ops/framework.py", line 942, in _reemit
    custom_handler(event)
  File "/var/lib/juju/agents/unit-router4-0/charm/lib/charms/data_platform_libs/v0/data_interfaces.py", line 2900, in _on_relation_changed_event
    getattr(self.on, "database_requested").emit(
  File "/var/lib/juju/agents/unit-router4-0/charm/venv/lib/python3.10/site-packages/ops/framework.py", line 351, in emit
    framework._emit(event)
  File "/var/lib/juju/agents/unit-router4-0/charm/venv/lib/python3.10/site-packages/ops/framework.py", line 853, in _emit
    self._reemit(event_path)
  File "/var/lib/juju/agents/unit-router4-0/charm/venv/lib/python3.10/site-packages/ops/framework.py", line 942, in _reemit
    custom_handler(event)
  File "/var/lib/juju/agents/unit-router4-0/charm/lib/charms/tempo_coordinator_k8s/v0/charm_tracing.py", line 735, in wrapped_function
    return callable(*args, **kwargs)  # type: ignore
  File "/var/lib/juju/agents/unit-router4-0/charm/src/abstract_charm.py", line 272, in reconcile
    if not self._upgrade:
  File "/var/lib/juju/agents/unit-router4-0/charm/src/charm.py", line 110, in _upgrade
    return kubernetes_upgrade.Upgrade(self)
  File "/var/lib/juju/agents/unit-router4-0/charm/src/kubernetes_upgrade.py", line 74, in __init__
    partition.get(app_name=charm_.app.name)
  File "/var/lib/juju/agents/unit-router4-0/charm/src/kubernetes_upgrade.py", line 55, in get
    lightkube.Client()
  File "/var/lib/juju/agents/unit-router4-0/charm/venv/lib/python3.10/site-packages/lightkube/core/client.py", line 230, in get
    return self._client.request("get", res=res, name=name, namespace=namespace)
  File "/var/lib/juju/agents/unit-router4-0/charm/venv/lib/python3.10/site-packages/lightkube/core/generic_client.py", line 311, in request
    return self.handle_response(method, resp, br)
  File "/var/lib/juju/agents/unit-router4-0/charm/venv/lib/python3.10/site-packages/lightkube/core/generic_client.py", line 251, in handle_response
    self.raise_for_status(resp)
  File "/var/lib/juju/agents/unit-router4-0/charm/venv/lib/python3.10/site-packages/lightkube/core/generic_client.py", line 237, in raise_for_status
    raise transform_exception(e)
lightkube.core.exceptions.ApiError: rpc error: code = Unavailable desc = error reading from server: read unix @->/var/snap/microk8s/7750/var/kubernetes/backend/kine.sock:12379: read: connection reset by peer
unit-router5-0: 01:32:01 ERROR unit.router5/0.juju-log Uncaught exception while in charm code:
Traceback (most recent call last):
  File "/var/lib/juju/agents/unit-router5-0/charm/venv/lib/python3.10/site-packages/lightkube/core/generic_client.py", line 235, in raise_for_status
    resp.raise_for_status()
  File "/var/lib/juju/agents/unit-router5-0/charm/venv/lib/python3.10/site-packages/httpx/_models.py", line 761, in raise_for_status
    raise HTTPStatusError(message, request=request, response=self)
httpx.HTTPStatusError: Server error '500 Internal Server Error' for url 'https://10.152.183.1/apis/apps/v1/namespaces/testing/statefulsets/router5'
For more information check: https://developer.mozilla.org/en-US/docs/Web/HTTP/Status/500

During handling of the above exception, another exception occurred:

Traceback (most recent call last):
  File "/var/lib/juju/agents/unit-router5-0/charm/src/charm.py", line 448, in <module>
    ops.main.main(KubernetesRouterCharm)
  File "/var/lib/juju/agents/unit-router5-0/charm/venv/lib/python3.10/site-packages/ops/main.py", line 436, in main
    _emit_charm_event(charm, dispatcher.event_name)
  File "/var/lib/juju/agents/unit-router5-0/charm/venv/lib/python3.10/site-packages/ops/main.py", line 144, in _emit_charm_event
    event_to_emit.emit(*args, **kwargs)
  File "/var/lib/juju/agents/unit-router5-0/charm/venv/lib/python3.10/site-packages/ops/framework.py", line 351, in emit
    framework._emit(event)
  File "/var/lib/juju/agents/unit-router5-0/charm/venv/lib/python3.10/site-packages/ops/framework.py", line 853, in _emit
    self._reemit(event_path)
  File "/var/lib/juju/agents/unit-router5-0/charm/venv/lib/python3.10/site-packages/ops/framework.py", line 942, in _reemit
    custom_handler(event)
  File "/var/lib/juju/agents/unit-router5-0/charm/lib/charms/tempo_coordinator_k8s/v0/charm_tracing.py", line 735, in wrapped_function
    return callable(*args, **kwargs)  # type: ignore
  File "/var/lib/juju/agents/unit-router5-0/charm/src/abstract_charm.py", line 279, in reconcile
    if self._unit_lifecycle.authorized_leader and not self._upgrade.in_progress:
  File "/var/lib/juju/agents/unit-router5-0/charm/src/charm.py", line 110, in _upgrade
    return kubernetes_upgrade.Upgrade(self)
  File "/var/lib/juju/agents/unit-router5-0/charm/src/kubernetes_upgrade.py", line 74, in __init__
    partition.get(app_name=charm_.app.name)
  File "/var/lib/juju/agents/unit-router5-0/charm/src/kubernetes_upgrade.py", line 55, in get
    lightkube.Client()
  File "/var/lib/juju/agents/unit-router5-0/charm/venv/lib/python3.10/site-packages/lightkube/core/client.py", line 230, in get
    return self._client.request("get", res=res, name=name, namespace=namespace)
  File "/var/lib/juju/agents/unit-router5-0/charm/venv/lib/python3.10/site-packages/lightkube/core/generic_client.py", line 311, in request
    return self.handle_response(method, resp, br)
  File "/var/lib/juju/agents/unit-router5-0/charm/venv/lib/python3.10/site-packages/lightkube/core/generic_client.py", line 251, in handle_response
    self.raise_for_status(resp)
  File "/var/lib/juju/agents/unit-router5-0/charm/venv/lib/python3.10/site-packages/lightkube/core/generic_client.py", line 237, in raise_for_status
    raise transform_exception(e)
lightkube.core.exceptions.ApiError: rpc error: code = Unavailable desc = error reading from server: read unix @->/var/snap/microk8s/7750/var/kubernetes/backend/kine.sock:12379: read: connection reset by peer
unit-router3-0: 01:32:01 ERROR unit.router3/0.juju-log backend-database:37: Uncaught exception while in charm code:
Traceback (most recent call last):
  File "/var/lib/juju/agents/unit-router3-0/charm/venv/lib/python3.10/site-packages/lightkube/core/generic_client.py", line 235, in raise_for_status
    resp.raise_for_status()
  File "/var/lib/juju/agents/unit-router3-0/charm/venv/lib/python3.10/site-packages/httpx/_models.py", line 761, in raise_for_status
    raise HTTPStatusError(message, request=request, response=self)
httpx.HTTPStatusError: Server error '500 Internal Server Error' for url 'https://10.152.183.1/apis/apps/v1/namespaces/testing/statefulsets/router3'
For more information check: https://developer.mozilla.org/en-US/docs/Web/HTTP/Status/500

During handling of the above exception, another exception occurred:

Traceback (most recent call last):
  File "/var/lib/juju/agents/unit-router3-0/charm/src/charm.py", line 448, in <module>
    ops.main.main(KubernetesRouterCharm)
  File "/var/lib/juju/agents/unit-router3-0/charm/venv/lib/python3.10/site-packages/ops/main.py", line 436, in main
    _emit_charm_event(charm, dispatcher.event_name)
  File "/var/lib/juju/agents/unit-router3-0/charm/venv/lib/python3.10/site-packages/ops/main.py", line 144, in _emit_charm_event
    event_to_emit.emit(*args, **kwargs)
  File "/var/lib/juju/agents/unit-router3-0/charm/venv/lib/python3.10/site-packages/ops/framework.py", line 351, in emit
    framework._emit(event)
  File "/var/lib/juju/agents/unit-router3-0/charm/venv/lib/python3.10/site-packages/ops/framework.py", line 853, in _emit
    self._reemit(event_path)
  File "/var/lib/juju/agents/unit-router3-0/charm/venv/lib/python3.10/site-packages/ops/framework.py", line 942, in _reemit
    custom_handler(event)
  File "/var/lib/juju/agents/unit-router3-0/charm/lib/charms/data_platform_libs/v0/data_interfaces.py", line 3141, in _on_relation_changed_event
    getattr(self.on, "database_created").emit(
  File "/var/lib/juju/agents/unit-router3-0/charm/venv/lib/python3.10/site-packages/ops/framework.py", line 351, in emit
    framework._emit(event)
  File "/var/lib/juju/agents/unit-router3-0/charm/venv/lib/python3.10/site-packages/ops/framework.py", line 853, in _emit
    self._reemit(event_path)
  File "/var/lib/juju/agents/unit-router3-0/charm/venv/lib/python3.10/site-packages/ops/framework.py", line 942, in _reemit
    custom_handler(event)
  File "/var/lib/juju/agents/unit-router3-0/charm/lib/charms/tempo_coordinator_k8s/v0/charm_tracing.py", line 735, in wrapped_function
    return callable(*args, **kwargs)  # type: ignore
  File "/var/lib/juju/agents/unit-router3-0/charm/src/abstract_charm.py", line 372, in reconcile
    self._upgrade.unit_state = upgrade.UnitState.HEALTHY
  File "/var/lib/juju/agents/unit-router3-0/charm/src/charm.py", line 110, in _upgrade
    return kubernetes_upgrade.Upgrade(self)
  File "/var/lib/juju/agents/unit-router3-0/charm/src/kubernetes_upgrade.py", line 74, in __init__
    partition.get(app_name=charm_.app.name)
  File "/var/lib/juju/agents/unit-router3-0/charm/src/kubernetes_upgrade.py", line 55, in get
    lightkube.Client()
  File "/var/lib/juju/agents/unit-router3-0/charm/venv/lib/python3.10/site-packages/lightkube/core/client.py", line 230, in get
    return self._client.request("get", res=res, name=name, namespace=namespace)
  File "/var/lib/juju/agents/unit-router3-0/charm/venv/lib/python3.10/site-packages/lightkube/core/generic_client.py", line 311, in request
    return self.handle_response(method, resp, br)
  File "/var/lib/juju/agents/unit-router3-0/charm/venv/lib/python3.10/site-packages/lightkube/core/generic_client.py", line 251, in handle_response
    self.raise_for_status(resp)
  File "/var/lib/juju/agents/unit-router3-0/charm/venv/lib/python3.10/site-packages/lightkube/core/generic_client.py", line 237, in raise_for_status
    raise transform_exception(e)
lightkube.core.exceptions.ApiError: rpc error: code = Unavailable desc = error reading from server: read unix @->/var/snap/microk8s/7750/var/kubernetes/backend/kine.sock:12379: read: connection reset by peer
unit-mysql-0: 01:32:01 ERROR unit.mysql/0.juju-log database:37: Uncaught exception while in charm code:
Traceback (most recent call last):
  File "/var/lib/juju/agents/unit-mysql-0/charm/venv/lib/python3.10/site-packages/ops/model.py", line 3187, in _run
    result = subprocess.run(args, **kwargs)  # type: ignore
  File "/usr/lib/python3.10/subprocess.py", line 526, in run
    raise CalledProcessError(retcode, process.args,
subprocess.CalledProcessError: Command '('/var/lib/juju/tools/unit-mysql-0/secret-get', '--label', 'database-peers.mysql.app', '--format=json')' returned non-zero exit status 1.

The above exception was the direct cause of the following exception:

Traceback (most recent call last):
  File "/var/lib/juju/agents/unit-mysql-0/charm/src/charm.py", line 1056, in <module>
    main(MySQLOperatorCharm)
  File "/var/lib/juju/agents/unit-mysql-0/charm/venv/lib/python3.10/site-packages/ops/main.py", line 549, in main
    manager = _Manager(charm_class, use_juju_for_storage=use_juju_for_storage)
  File "/var/lib/juju/agents/unit-mysql-0/charm/venv/lib/python3.10/site-packages/ops/main.py", line 432, in __init__
    self.charm = self._make_charm(self.framework, self.dispatcher)
  File "/var/lib/juju/agents/unit-mysql-0/charm/venv/lib/python3.10/site-packages/ops/main.py", line 435, in _make_charm
    charm = self._charm_class(framework)
  File "/var/lib/juju/agents/unit-mysql-0/charm/lib/charms/tempo_coordinator_k8s/v0/charm_tracing.py", line 688, in wrap_init
    original_init(self, framework, *args, **kwargs)
  File "/var/lib/juju/agents/unit-mysql-0/charm/src/charm.py", line 189, in __init__
    self.log_rotate_manager.start_log_rotate_manager()
  File "/var/lib/juju/agents/unit-mysql-0/charm/lib/charms/tempo_coordinator_k8s/v0/charm_tracing.py", line 1065, in wrapped_function
    return callable(*args, **kwargs)  # type: ignore
  File "/var/lib/juju/agents/unit-mysql-0/charm/src/log_rotate_manager.py", line 41, in start_log_rotate_manager
    or not self.charm.unit_initialized
  File "/var/lib/juju/agents/unit-mysql-0/charm/src/charm.py", line 313, in unit_initialized
    return super().unit_initialized
  File "/var/lib/juju/agents/unit-mysql-0/charm/lib/charms/mysql/v0/mysql.py", line 666, in unit_initialized
    return self._mysql.cluster_metadata_exists(self.get_unit_address(self.unit))
  File "/var/lib/juju/agents/unit-mysql-0/charm/src/charm.py", line 213, in _mysql
    self.get_secret("app", ROOT_PASSWORD_KEY),  # pyright: ignore [reportArgumentType]
  File "/var/lib/juju/agents/unit-mysql-0/charm/lib/charms/tempo_coordinator_k8s/v0/charm_tracing.py", line 1065, in wrapped_function
    return callable(*args, **kwargs)  # type: ignore
  File "/var/lib/juju/agents/unit-mysql-0/charm/lib/charms/mysql/v0/mysql.py", line 773, in get_secret
    if not (value := self.peer_relation_data(scope).fetch_my_relation_field(peers.id, key)):
  File "/var/lib/juju/agents/unit-mysql-0/charm/lib/charms/data_platform_libs/v0/data_interfaces.py", line 1397, in fetch_my_relation_field
    if relation_data := self.fetch_my_relation_data([relation_id], [field], relation_name):
  File "/var/lib/juju/agents/unit-mysql-0/charm/lib/charms/data_platform_libs/v0/data_interfaces.py", line 1386, in fetch_my_relation_data
    data[relation.id] = self._fetch_my_specific_relation_data(relation, fields)
  File "/var/lib/juju/agents/unit-mysql-0/charm/lib/charms/data_platform_libs/v0/data_interfaces.py", line 536, in wrapper
    return f(self, *args, **kwargs)
  File "/var/lib/juju/agents/unit-mysql-0/charm/lib/charms/data_platform_libs/v0/data_interfaces.py", line 2344, in _fetch_my_specific_relation_data
    self.component, self.secret_fields, relation, fields
  File "/var/lib/juju/agents/unit-mysql-0/charm/lib/charms/data_platform_libs/v0/data_interfaces.py", line 1981, in secret_fields
    self.static_secret_fields if self.static_secret_fields else self.current_secret_fields
  File "/var/lib/juju/agents/unit-mysql-0/charm/lib/charms/data_platform_libs/v0/data_interfaces.py", line 2000, in current_secret_fields
    if content := self._get_group_secret_contents(relation, group):
  File "/var/lib/juju/agents/unit-mysql-0/charm/lib/charms/data_platform_libs/v0/data_interfaces.py", line 2331, in _get_group_secret_contents
    result = super()._get_group_secret_contents(relation, group, secret_fields)
  File "/var/lib/juju/agents/unit-mysql-0/charm/lib/charms/data_platform_libs/v0/data_interfaces.py", line 1123, in _get_group_secret_contents
    if (secret := self._get_relation_secret(relation.id, group)) and (
  File "/var/lib/juju/agents/unit-mysql-0/charm/lib/charms/data_platform_libs/v0/data_interfaces.py", line 508, in wrapper
    return f(self, *args, **kwargs)
  File "/var/lib/juju/agents/unit-mysql-0/charm/lib/charms/data_platform_libs/v0/data_interfaces.py", line 2318, in _get_relation_secret
    return self.secrets.get(
  File "/var/lib/juju/agents/unit-mysql-0/charm/lib/charms/data_platform_libs/v0/data_interfaces.py", line 812, in get
    if secret.meta:
  File "/var/lib/juju/agents/unit-mysql-0/charm/lib/charms/data_platform_libs/v0/data_interfaces.py", line 642, in meta
    self._secret_meta = self._model.get_secret(label=self.label)
  File "/var/lib/juju/agents/unit-mysql-0/charm/venv/lib/python3.10/site-packages/ops/model.py", line 291, in get_secret
    content = self._backend.secret_get(id=id, label=label)
  File "/var/lib/juju/agents/unit-mysql-0/charm/venv/lib/python3.10/site-packages/ops/model.py", line 3552, in secret_get
    result = self._run('secret-get', *args, return_output=True, use_json=True)
  File "/var/lib/juju/agents/unit-mysql-0/charm/venv/lib/python3.10/site-packages/ops/model.py", line 3189, in _run
    raise ModelError(e.stderr) from e
ops.model.ModelError: ERROR rpc error: code = Unavailable desc = error reading from server: read unix @->/var/snap/microk8s/7750/var/kubernetes/backend/kine.sock:12379: read: connection reset by peer

unit-app2-0: 01:32:01 ERROR unit.app2/0.juju-log application-peers:11: Uncaught exception while in charm code:
Traceback (most recent call last):
  File "/var/lib/juju/agents/unit-app2-0/charm/venv/lib/python3.10/site-packages/ops/model.py", line 3320, in _run
    result = subprocess.run(args, **kwargs)  # type: ignore
  File "/usr/lib/python3.10/subprocess.py", line 526, in run
    raise CalledProcessError(retcode, process.args,
subprocess.CalledProcessError: Command '('/var/lib/juju/tools/unit-app2-0/secret-get', '--label', 'database.36.user.secret', '--format=json')' returned non-zero exit status 1.

The above exception was the direct cause of the following exception:

Traceback (most recent call last):
  File "/var/lib/juju/agents/unit-app2-0/charm/src/charm.py", line 485, in <module>
    main(MySQLTestApplication)
  File "/var/lib/juju/agents/unit-app2-0/charm/venv/lib/python3.10/site-packages/ops/main.py", line 40, in main
    return _main.main(charm_class=charm_class, use_juju_for_storage=use_juju_for_storage)
  File "/var/lib/juju/agents/unit-app2-0/charm/venv/lib/python3.10/site-packages/ops/_main.py", line 558, in main
    manager.run()
  File "/var/lib/juju/agents/unit-app2-0/charm/venv/lib/python3.10/site-packages/ops/_main.py", line 543, in run
    self._emit()
  File "/var/lib/juju/agents/unit-app2-0/charm/venv/lib/python3.10/site-packages/ops/_main.py", line 502, in _emit
    self._emit_charm_event(self.dispatcher.event_name)
  File "/var/lib/juju/agents/unit-app2-0/charm/venv/lib/python3.10/site-packages/ops/_main.py", line 530, in _emit_charm_event
    event_to_emit.emit(*args, **kwargs)
  File "/var/lib/juju/agents/unit-app2-0/charm/venv/lib/python3.10/site-packages/ops/framework.py", line 347, in emit
    framework._emit(event)
  File "/var/lib/juju/agents/unit-app2-0/charm/venv/lib/python3.10/site-packages/ops/framework.py", line 906, in _emit
    self._reemit(event_path)
  File "/var/lib/juju/agents/unit-app2-0/charm/venv/lib/python3.10/site-packages/ops/framework.py", line 996, in _reemit
    custom_handler(event)
  File "/var/lib/juju/agents/unit-app2-0/charm/src/charm.py", line 367, in _on_peer_relation_changed
    self._start_continuous_writes(1)
  File "/var/lib/juju/agents/unit-app2-0/charm/src/charm.py", line 181, in _start_continuous_writes
    if not self._database_config:
  File "/var/lib/juju/agents/unit-app2-0/charm/src/charm.py", line 139, in _database_config
    data = list(self.database.fetch_relation_data().values())[0]
  File "/var/lib/juju/agents/unit-app2-0/charm/lib/charms/data_platform_libs/v0/data_interfaces.py", line 1342, in fetch_relation_data
    data[relation.id] = self._fetch_specific_relation_data(relation, fields)
  File "/var/lib/juju/agents/unit-app2-0/charm/lib/charms/data_platform_libs/v0/data_interfaces.py", line 1818, in _fetch_specific_relation_data
    return self._fetch_relation_data_with_secrets(
  File "/var/lib/juju/agents/unit-app2-0/charm/lib/charms/data_platform_libs/v0/data_interfaces.py", line 1242, in _fetch_relation_data_with_secrets
    result, normal_fields = self._process_secret_fields(
  File "/var/lib/juju/agents/unit-app2-0/charm/lib/charms/data_platform_libs/v0/data_interfaces.py", line 1186, in _process_secret_fields
    if group_result := operation(relation, group, secret_fields, *args, **kwargs):
  File "/var/lib/juju/agents/unit-app2-0/charm/lib/charms/data_platform_libs/v0/data_interfaces.py", line 1119, in _get_group_secret_contents
    if (secret := self._get_relation_secret(relation.id, group)) and (
  File "/var/lib/juju/agents/unit-app2-0/charm/lib/charms/data_platform_libs/v0/data_interfaces.py", line 504, in wrapper
    return f(self, *args, **kwargs)
  File "/var/lib/juju/agents/unit-app2-0/charm/lib/charms/data_platform_libs/v0/data_interfaces.py", line 1810, in _get_relation_secret
    return self.secrets.get(label)
  File "/var/lib/juju/agents/unit-app2-0/charm/lib/charms/data_platform_libs/v0/data_interfaces.py", line 808, in get
    if secret.meta:
  File "/var/lib/juju/agents/unit-app2-0/charm/lib/charms/data_platform_libs/v0/data_interfaces.py", line 638, in meta
    self._secret_meta = self._model.get_secret(label=self.label)
  File "/var/lib/juju/agents/unit-app2-0/charm/venv/lib/python3.10/site-packages/ops/model.py", line 308, in get_secret
    content = self._backend.secret_get(id=id, label=label)
  File "/var/lib/juju/agents/unit-app2-0/charm/venv/lib/python3.10/site-packages/ops/model.py", line 3692, in secret_get
    result = self._run('secret-get', *args, return_output=True, use_json=True)
  File "/var/lib/juju/agents/unit-app2-0/charm/venv/lib/python3.10/site-packages/ops/model.py", line 3322, in _run
    raise ModelError(e.stderr) from e
ops.model.ModelError: ERROR rpc error: code = Unavailable desc = error reading from server: read unix @->/var/snap/microk8s/7750/var/kubernetes/backend/kine.sock:12379: read: connection reset by peer

unit-app2-0: 01:32:01 ERROR juju.worker.uniter.operation hook "application-peers-relation-changed" (via hook dispatching script: dispatch) failed: exit status 1
unit-router4-0: 01:32:01 ERROR juju.worker.uniter.operation hook "database-relation-changed" (via hook dispatching script: dispatch) failed: exit status 1
unit-router5-0: 01:32:01 ERROR juju.worker.uniter.operation hook "start" (via hook dispatching script: dispatch) failed: exit status 1
unit-mysql-0: 01:32:01 ERROR juju.worker.uniter.operation hook "database-relation-changed" (via hook dispatching script: dispatch) failed: exit status 1
unit-router6-0: 01:32:01 ERROR juju.worker.uniter.operation hook "leader-elected" (via hook dispatching script: dispatch) failed: exit status 1
unit-router3-0: 01:32:01 ERROR juju.worker.uniter.operation hook "backend-database-relation-changed" (via hook dispatching script: dispatch) failed: exit status 1
unit-mysql-1: 01:36:26 ERROR unit.mysql/1.juju-log Failed to execute MySQL cli command
Traceback (most recent call last):
  File "/var/lib/juju/agents/unit-mysql-1/charm/src/mysql_k8s_helpers.py", line 770, in _run_mysqlcli_script
    stdout, _ = process.wait_output()
  File "/var/lib/juju/agents/unit-mysql-1/charm/venv/lib/python3.10/site-packages/ops/pebble.py", line 1771, in wait_output
    raise ExecError[AnyStr](self._command, exit_code, out_value, err_value)
ops.pebble.ExecError: non-zero exit code 1 executing ['/usr/bin/mysql', '-u', 'root', '-p', '-N', '--socket=/var/run/mysqld/mysqld.sock', '-e', "CREATE USER 'serverconfig'@'%' IDENTIFIED BY '*****';GRANT ALL ON *.* TO 'serverconfig'@'%' WITH GRANT OPTION;CREATE USER 'monitoring'@'%' IDENTIFIED BY '*****' WITH MAX_USER_CONNECTIONS 3;GRANT SYSTEM_USER, SELECT, PROCESS, SUPER, REPLICATION CLIENT, RELOAD ON *.* TO 'monitoring'@'%';CREATE USER 'backups'@'%' IDENTIFIED BY '*****';GRANT CONNECTION_ADMIN, BACKUP_ADMIN, PROCESS, RELOAD, LOCK TABLES, REPLICATION CLIENT ON *.* TO 'backups'@'%';GRANT SELECT ON performance_schema.log_status TO 'backups'@'%';GRANT SELECT ON performance_schema.keyring_component_status TO 'backups'@'%';GRANT SELECT ON performance_schema.replication_group_members TO 'backups'@'%';UPDATE mysql.user SET authentication_string=null WHERE User='root' and Host='localhost';ALTER USER 'root'@'localhost' IDENTIFIED BY '*****';REVOKE SYSTEM_USER, SYSTEM_VARIABLES_ADMIN, SUPER, REPLICATION_SLAVE_ADMIN, GROUP_REPLICATION_ADMIN, BINLOG_ADMIN, SET_USER_ID, ENCRYPTION_KEY_ADMIN, VERSION_TOKEN_ADMIN, CONNECTION_ADMIN ON *.* FROM 'root'@'localhost';FLUSH PRIVILEGES"], stdout='', stderr="Enter password: ERROR 2002 (HY000): Can't connect to local MySQL server through socket '/var/run/mysqld/mysqld.sock' (2)\n"
unit-mysql-1: 01:36:26 ERROR unit.mysql/1.juju-log Failed to configure users for: mysql-1.mysql-endpoints.testing.svc.cluster.local
unit-mysql-1: 01:36:26 ERROR unit.mysql/1.juju-log Uncaught exception while in charm code:
Traceback (most recent call last):
  File "/var/lib/juju/agents/unit-mysql-1/charm/src/mysql_k8s_helpers.py", line 770, in _run_mysqlcli_script
    stdout, _ = process.wait_output()
  File "/var/lib/juju/agents/unit-mysql-1/charm/venv/lib/python3.10/site-packages/ops/pebble.py", line 1771, in wait_output
    raise ExecError[AnyStr](self._command, exit_code, out_value, err_value)
ops.pebble.ExecError: non-zero exit code 1 executing ['/usr/bin/mysql', '-u', 'root', '-p', '-N', '--socket=/var/run/mysqld/mysqld.sock', '-e', "CREATE USER 'serverconfig'@'%' IDENTIFIED BY '*****';GRANT ALL ON *.* TO 'serverconfig'@'%' WITH GRANT OPTION;CREATE USER 'monitoring'@'%' IDENTIFIED BY '*****' WITH MAX_USER_CONNECTIONS 3;GRANT SYSTEM_USER, SELECT, PROCESS, SUPER, REPLICATION CLIENT, RELOAD ON *.* TO 'monitoring'@'%';CREATE USER 'backups'@'%' IDENTIFIED BY '*****';GRANT CONNECTION_ADMIN, BACKUP_ADMIN, PROCESS, RELOAD, LOCK TABLES, REPLICATION CLIENT ON *.* TO 'backups'@'%';GRANT SELECT ON performance_schema.log_status TO 'backups'@'%';GRANT SELECT ON performance_schema.keyring_component_status TO 'backups'@'%';GRANT SELECT ON performance_schema.replication_group_members TO 'backups'@'%';UPDATE mysql.user SET authentication_string=null WHERE User='root' and Host='localhost';ALTER USER 'root'@'localhost' IDENTIFIED BY '*****';REVOKE SYSTEM_USER, SYSTEM_VARIABLES_ADMIN, SUPER, REPLICATION_SLAVE_ADMIN, GROUP_REPLICATION_ADMIN, BINLOG_ADMIN, SET_USER_ID, ENCRYPTION_KEY_ADMIN, VERSION_TOKEN_ADMIN, CONNECTION_ADMIN ON *.* FROM 'root'@'localhost';FLUSH PRIVILEGES"], stdout='', stderr="Enter password: ERROR 2002 (HY000): Can't connect to local MySQL server through socket '/var/run/mysqld/mysqld.sock' (2)\n"

During handling of the above exception, another exception occurred:

Traceback (most recent call last):
  File "/var/lib/juju/agents/unit-mysql-1/charm/lib/charms/mysql/v0/mysql.py", line 1068, in configure_mysql_users
    self._run_mysqlcli_script(
  File "/var/lib/juju/agents/unit-mysql-1/charm/lib/charms/tempo_coordinator_k8s/v0/charm_tracing.py", line 1065, in wrapped_function
    return callable(*args, **kwargs)  # type: ignore
  File "/var/lib/juju/agents/unit-mysql-1/charm/src/mysql_k8s_helpers.py", line 778, in _run_mysqlcli_script
    raise MySQLClientError
charms.mysql.v0.mysql.MySQLClientError

During handling of the above exception, another exception occurred:

Traceback (most recent call last):
  File "/var/lib/juju/agents/unit-mysql-1/charm/src/charm.py", line 1056, in <module>
    main(MySQLOperatorCharm)
  File "/var/lib/juju/agents/unit-mysql-1/charm/venv/lib/python3.10/site-packages/ops/main.py", line 551, in main
    manager.run()
  File "/var/lib/juju/agents/unit-mysql-1/charm/venv/lib/python3.10/site-packages/ops/main.py", line 530, in run
    self._emit()
  File "/var/lib/juju/agents/unit-mysql-1/charm/venv/lib/python3.10/site-packages/ops/main.py", line 519, in _emit
    _emit_charm_event(self.charm, self.dispatcher.event_name)
  File "/var/lib/juju/agents/unit-mysql-1/charm/venv/lib/python3.10/site-packages/ops/main.py", line 147, in _emit_charm_event
    event_to_emit.emit(*args, **kwargs)
  File "/var/lib/juju/agents/unit-mysql-1/charm/venv/lib/python3.10/site-packages/ops/framework.py", line 348, in emit
    framework._emit(event)
  File "/var/lib/juju/agents/unit-mysql-1/charm/venv/lib/python3.10/site-packages/ops/framework.py", line 860, in _emit
    self._reemit(event_path)
  File "/var/lib/juju/agents/unit-mysql-1/charm/venv/lib/python3.10/site-packages/ops/framework.py", line 950, in _reemit
    custom_handler(event)
  File "/var/lib/juju/agents/unit-mysql-1/charm/lib/charms/tempo_coordinator_k8s/v0/charm_tracing.py", line 1065, in wrapped_function
    return callable(*args, **kwargs)  # type: ignore
  File "/var/lib/juju/agents/unit-mysql-1/charm/src/charm.py", line 796, in _on_mysql_pebble_ready
    self._configure_instance(container)
  File "/var/lib/juju/agents/unit-mysql-1/charm/lib/charms/tempo_coordinator_k8s/v0/charm_tracing.py", line 1065, in wrapped_function
    return callable(*args, **kwargs)  # type: ignore
  File "/var/lib/juju/agents/unit-mysql-1/charm/src/charm.py", line 696, in _configure_instance
    self._mysql.configure_mysql_users()
  File "/var/lib/juju/agents/unit-mysql-1/charm/lib/charms/tempo_coordinator_k8s/v0/charm_tracing.py", line 1065, in wrapped_function
    return callable(*args, **kwargs)  # type: ignore
  File "/var/lib/juju/agents/unit-mysql-1/charm/lib/charms/mysql/v0/mysql.py", line 1074, in configure_mysql_users
    raise MySQLConfigureMySQLUsersError
charms.mysql.v0.mysql.MySQLConfigureMySQLUsersError
unit-mysql-1: 01:36:29 ERROR juju.worker.uniter.operation hook "mysql-pebble-ready" (via hook dispatching script: dispatch) failed: exit status 1
unit-mysql-1: 01:36:29 ERROR juju.worker.uniter pebble poll failed for container "mysql": failed to send pebble-ready event: hook failed
unit-mysql-1: 01:36:41 ERROR unit.mysql/1.juju-log Failed to initialise MySQL data directory
Traceback (most recent call last):
  File "/var/lib/juju/agents/unit-mysql-1/charm/src/mysql_k8s_helpers.py", line 226, in initialise_mysqld
    process.wait()
  File "/var/lib/juju/agents/unit-mysql-1/charm/venv/lib/python3.10/site-packages/ops/pebble.py", line 1697, in wait
    raise ExecError(self._command, exit_code, None, None)
ops.pebble.ExecError: non-zero exit code 1 executing ['/usr/sbin/mysqld', '--initialize', '-u', 'mysql']
unit-mysql-1: 01:37:30 ERROR unit.mysql/1.juju-log Failed to initialise MySQL data directory
Traceback (most recent call last):
  File "/var/lib/juju/agents/unit-mysql-1/charm/src/mysql_k8s_helpers.py", line 226, in initialise_mysqld
    process.wait()
  File "/var/lib/juju/agents/unit-mysql-1/charm/venv/lib/python3.10/site-packages/ops/pebble.py", line 1697, in wait
    raise ExecError(self._command, exit_code, None, None)
ops.pebble.ExecError: non-zero exit code 2 executing ['/usr/sbin/mysqld', '--initialize', '-u', 'mysql']
unit-mysql-1: 01:37:31 ERROR unit.mysql/1.juju-log Uncaught exception while in charm code:
Traceback (most recent call last):
  File "/var/lib/juju/agents/unit-mysql-1/charm/src/mysql_k8s_helpers.py", line 226, in initialise_mysqld
    process.wait()
  File "/var/lib/juju/agents/unit-mysql-1/charm/venv/lib/python3.10/site-packages/ops/pebble.py", line 1697, in wait
    raise ExecError(self._command, exit_code, None, None)
ops.pebble.ExecError: non-zero exit code 2 executing ['/usr/sbin/mysqld', '--initialize', '-u', 'mysql']

During handling of the above exception, another exception occurred:

Traceback (most recent call last):
  File "/var/lib/juju/agents/unit-mysql-1/charm/src/charm.py", line 1056, in <module>
    main(MySQLOperatorCharm)
  File "/var/lib/juju/agents/unit-mysql-1/charm/venv/lib/python3.10/site-packages/ops/main.py", line 551, in main
    manager.run()
  File "/var/lib/juju/agents/unit-mysql-1/charm/venv/lib/python3.10/site-packages/ops/main.py", line 530, in run
    self._emit()
  File "/var/lib/juju/agents/unit-mysql-1/charm/venv/lib/python3.10/site-packages/ops/main.py", line 519, in _emit
    _emit_charm_event(self.charm, self.dispatcher.event_name)
  File "/var/lib/juju/agents/unit-mysql-1/charm/venv/lib/python3.10/site-packages/ops/main.py", line 147, in _emit_charm_event
    event_to_emit.emit(*args, **kwargs)
  File "/var/lib/juju/agents/unit-mysql-1/charm/venv/lib/python3.10/site-packages/ops/framework.py", line 348, in emit
    framework._emit(event)
  File "/var/lib/juju/agents/unit-mysql-1/charm/venv/lib/python3.10/site-packages/ops/framework.py", line 860, in _emit
    self._reemit(event_path)
  File "/var/lib/juju/agents/unit-mysql-1/charm/venv/lib/python3.10/site-packages/ops/framework.py", line 950, in _reemit
    custom_handler(event)
  File "/var/lib/juju/agents/unit-mysql-1/charm/lib/charms/tempo_coordinator_k8s/v0/charm_tracing.py", line 1065, in wrapped_function
    return callable(*args, **kwargs)  # type: ignore
  File "/var/lib/juju/agents/unit-mysql-1/charm/src/charm.py", line 796, in _on_mysql_pebble_ready
    self._configure_instance(container)
  File "/var/lib/juju/agents/unit-mysql-1/charm/lib/charms/tempo_coordinator_k8s/v0/charm_tracing.py", line 1065, in wrapped_function
    return callable(*args, **kwargs)  # type: ignore
  File "/var/lib/juju/agents/unit-mysql-1/charm/src/charm.py", line 681, in _configure_instance
    self._mysql.initialise_mysqld()
  File "/var/lib/juju/agents/unit-mysql-1/charm/lib/charms/tempo_coordinator_k8s/v0/charm_tracing.py", line 1065, in wrapped_function
    return callable(*args, **kwargs)  # type: ignore
  File "/var/lib/juju/agents/unit-mysql-1/charm/venv/lib/python3.10/site-packages/tenacity/__init__.py", line 330, in wrapped_f
    return self(f, *args, **kw)
  File "/var/lib/juju/agents/unit-mysql-1/charm/venv/lib/python3.10/site-packages/tenacity/__init__.py", line 467, in __call__
    do = self.iter(retry_state=retry_state)
  File "/var/lib/juju/agents/unit-mysql-1/charm/venv/lib/python3.10/site-packages/tenacity/__init__.py", line 368, in iter
    result = action(retry_state)
  File "/var/lib/juju/agents/unit-mysql-1/charm/venv/lib/python3.10/site-packages/tenacity/__init__.py", line 410, in exc_check
    raise retry_exc.reraise()
  File "/var/lib/juju/agents/unit-mysql-1/charm/venv/lib/python3.10/site-packages/tenacity/__init__.py", line 183, in reraise
    raise self.last_attempt.result()
  File "/usr/lib/python3.10/concurrent/futures/_base.py", line 451, in result
    return self.__get_result()
  File "/usr/lib/python3.10/concurrent/futures/_base.py", line 403, in __get_result
    raise self._exception
  File "/var/lib/juju/agents/unit-mysql-1/charm/venv/lib/python3.10/site-packages/tenacity/__init__.py", line 470, in __call__
    result = fn(*args, **kwargs)
  File "/var/lib/juju/agents/unit-mysql-1/charm/src/mysql_k8s_helpers.py", line 230, in initialise_mysqld
    raise MySQLInitialiseMySQLDError
mysql_k8s_helpers.MySQLInitialiseMySQLDError
unit-mysql-1: 01:37:34 ERROR juju.worker.uniter.operation hook "mysql-pebble-ready" (via hook dispatching script: dispatch) failed: exit status 1
unit-mysql-1: 01:37:34 ERROR juju.worker.uniter pebble poll failed for container "mysql": failed to send pebble-ready event: hook failed
unit-mysql-1: 01:37:41 ERROR unit.mysql/1.juju-log Failed to initialise MySQL data directory
Traceback (most recent call last):
  File "/var/lib/juju/agents/unit-mysql-1/charm/src/mysql_k8s_helpers.py", line 226, in initialise_mysqld
    process.wait()
  File "/var/lib/juju/agents/unit-mysql-1/charm/venv/lib/python3.10/site-packages/ops/pebble.py", line 1697, in wait
    raise ExecError(self._command, exit_code, None, None)
ops.pebble.ExecError: non-zero exit code 1 executing ['/usr/sbin/mysqld', '--initialize', '-u', 'mysql']
unit-mysql-1: 01:37:46 ERROR unit.mysql/1.juju-log Failed to initialise MySQL data directory
Traceback (most recent call last):
  File "/var/lib/juju/agents/unit-mysql-1/charm/src/mysql_k8s_helpers.py", line 226, in initialise_mysqld
    process.wait()
  File "/var/lib/juju/agents/unit-mysql-1/charm/venv/lib/python3.10/site-packages/ops/pebble.py", line 1697, in wait
    raise ExecError(self._command, exit_code, None, None)
ops.pebble.ExecError: non-zero exit code 1 executing ['/usr/sbin/mysqld', '--initialize', '-u', 'mysql']

[32mINFO    [0m pytest_operator.plugin:plugin.py:862 Forgetting main...