{"uid":"1fb8a4988a950825","name":"test_build_and_deploy","fullName":"tests.integration.test_charm#test_build_and_deploy","historyId":"6e6e907ed99cb080c4e76760513358b7","time":{"start":1741570112735,"stop":1741571019677,"duration":906942},"description":"Build the mysql charm and deploy it.","descriptionHtml":"<p>Build the mysql charm and deploy it.</p>\n","status":"broken","statusMessage":"TimeoutError: Timed out waiting for model:\nmysql-k8s/0 [idle] waiting: waiting to get cluster primary from peers\n  mysql-k8s/1 [idle] waiting: waiting to get cluster primary from peers\n  mysql-k8s/2 [idle] maintenance: Initialising mysqld","statusTrace":"Traceback (most recent call last):\n  File \"/root/spread_project/.tox/integration/lib/python3.12/site-packages/_pytest/runner.py\", line 341, in from_call\n    result: Optional[TResult] = func()\n                                ^^^^^^\n  File \"/root/spread_project/.tox/integration/lib/python3.12/site-packages/_pytest/runner.py\", line 262, in <lambda>\n    lambda: ihook(item=item, **kwds), when=when, reraise=reraise\n            ^^^^^^^^^^^^^^^^^^^^^^^^\n  File \"/root/spread_project/.tox/integration/lib/python3.12/site-packages/pluggy/_hooks.py\", line 513, in __call__\n    return self._hookexec(self.name, self._hookimpls.copy(), kwargs, firstresult)\n           ^^^^^^^^^^^^^^^^^^^^^^^^^^^^^^^^^^^^^^^^^^^^^^^^^^^^^^^^^^^^^^^^^^^^^^\n  File \"/root/spread_project/.tox/integration/lib/python3.12/site-packages/pluggy/_manager.py\", line 120, in _hookexec\n    return self._inner_hookexec(hook_name, methods, kwargs, firstresult)\n           ^^^^^^^^^^^^^^^^^^^^^^^^^^^^^^^^^^^^^^^^^^^^^^^^^^^^^^^^^^^^^\n  File \"/root/spread_project/.tox/integration/lib/python3.12/site-packages/pluggy/_callers.py\", line 182, in _multicall\n    return outcome.get_result()\n           ^^^^^^^^^^^^^^^^^^^^\n  File \"/root/spread_project/.tox/integration/lib/python3.12/site-packages/pluggy/_result.py\", line 100, in get_result\n    raise exc.with_traceback(exc.__traceback__)\n  File \"/root/spread_project/.tox/integration/lib/python3.12/site-packages/pluggy/_callers.py\", line 103, in _multicall\n    res = hook_impl.function(*args)\n          ^^^^^^^^^^^^^^^^^^^^^^^^^\n  File \"/root/spread_project/.tox/integration/lib/python3.12/site-packages/_pytest/runner.py\", line 177, in pytest_runtest_call\n    raise e\n  File \"/root/spread_project/.tox/integration/lib/python3.12/site-packages/_pytest/runner.py\", line 169, in pytest_runtest_call\n    item.runtest()\n  File \"/root/spread_project/.tox/integration/lib/python3.12/site-packages/_pytest/python.py\", line 1792, in runtest\n    self.ihook.pytest_pyfunc_call(pyfuncitem=self)\n  File \"/root/spread_project/.tox/integration/lib/python3.12/site-packages/pluggy/_hooks.py\", line 513, in __call__\n    return self._hookexec(self.name, self._hookimpls.copy(), kwargs, firstresult)\n           ^^^^^^^^^^^^^^^^^^^^^^^^^^^^^^^^^^^^^^^^^^^^^^^^^^^^^^^^^^^^^^^^^^^^^^\n  File \"/root/spread_project/.tox/integration/lib/python3.12/site-packages/pluggy/_manager.py\", line 120, in _hookexec\n    return self._inner_hookexec(hook_name, methods, kwargs, firstresult)\n           ^^^^^^^^^^^^^^^^^^^^^^^^^^^^^^^^^^^^^^^^^^^^^^^^^^^^^^^^^^^^^\n  File \"/root/spread_project/.tox/integration/lib/python3.12/site-packages/pluggy/_callers.py\", line 182, in _multicall\n    return outcome.get_result()\n           ^^^^^^^^^^^^^^^^^^^^\n  File \"/root/spread_project/.tox/integration/lib/python3.12/site-packages/pluggy/_result.py\", line 100, in get_result\n    raise exc.with_traceback(exc.__traceback__)\n  File \"/root/spread_project/.tox/integration/lib/python3.12/site-packages/pluggy/_callers.py\", line 103, in _multicall\n    res = hook_impl.function(*args)\n          ^^^^^^^^^^^^^^^^^^^^^^^^^\n  File \"/root/spread_project/.tox/integration/lib/python3.12/site-packages/_pytest/python.py\", line 194, in pytest_pyfunc_call\n    result = testfunction(**testargs)\n             ^^^^^^^^^^^^^^^^^^^^^^^^\n  File \"/root/spread_project/.tox/integration/lib/python3.12/site-packages/pytest_asyncio/plugin.py\", line 529, in inner\n    _loop.run_until_complete(task)\n  File \"/usr/lib/python3.12/asyncio/base_events.py\", line 687, in run_until_complete\n    return future.result()\n           ^^^^^^^^^^^^^^^\n  File \"/root/spread_project/tests/integration/test_charm.py\", line 56, in test_build_and_deploy\n    await ops_test.model.wait_for_idle(\n  File \"/root/spread_project/.tox/integration/lib/python3.12/site-packages/juju/model.py\", line 3209, in wait_for_idle\n    raise jasyncio.TimeoutError(\"Timed out waiting for model:\\n\" + busy)\nTimeoutError: Timed out waiting for model:\nmysql-k8s/0 [idle] waiting: waiting to get cluster primary from peers\n  mysql-k8s/1 [idle] waiting: waiting to get cluster primary from peers\n  mysql-k8s/2 [idle] maintenance: Initialising mysqld","flaky":false,"newFailed":false,"newBroken":true,"newPassed":false,"retriesCount":1,"retriesStatusChange":true,"beforeStages":[{"name":"charm","time":{"start":1741570112540,"stop":1741570112541,"duration":1},"status":"passed","steps":[],"attachments":[],"parameters":[],"shouldDisplayMessage":false,"stepsCount":0,"attachmentsCount":0,"hasContent":false,"attachmentStep":false},{"name":"event_loop","time":{"start":1741570112540,"stop":1741570112540,"duration":0},"status":"passed","steps":[],"attachments":[],"parameters":[],"shouldDisplayMessage":false,"stepsCount":0,"attachmentsCount":0,"hasContent":false,"attachmentStep":false},{"name":"ops_test","time":{"start":1741570112541,"stop":1741570112734,"duration":193},"status":"passed","steps":[],"attachments":[],"parameters":[],"shouldDisplayMessage":false,"stepsCount":0,"attachmentsCount":0,"hasContent":false,"attachmentStep":false},{"name":"tmp_path_factory","time":{"start":1741570112541,"stop":1741570112541,"duration":0},"status":"passed","steps":[],"attachments":[],"parameters":[],"shouldDisplayMessage":false,"stepsCount":0,"attachmentsCount":0,"hasContent":false,"attachmentStep":false},{"name":"abort_on_fail","time":{"start":1741570112735,"stop":1741570112735,"duration":0},"status":"passed","steps":[],"attachments":[],"parameters":[],"shouldDisplayMessage":false,"stepsCount":0,"attachmentsCount":0,"hasContent":false,"attachmentStep":false}],"testStage":{"description":"Build the mysql charm and deploy it.","status":"broken","statusMessage":"TimeoutError: Timed out waiting for model:\nmysql-k8s/0 [idle] waiting: waiting to get cluster primary from peers\n  mysql-k8s/1 [idle] waiting: waiting to get cluster primary from peers\n  mysql-k8s/2 [idle] maintenance: Initialising mysqld","statusTrace":"Traceback (most recent call last):\n  File \"/root/spread_project/.tox/integration/lib/python3.12/site-packages/_pytest/runner.py\", line 341, in from_call\n    result: Optional[TResult] = func()\n                                ^^^^^^\n  File \"/root/spread_project/.tox/integration/lib/python3.12/site-packages/_pytest/runner.py\", line 262, in <lambda>\n    lambda: ihook(item=item, **kwds), when=when, reraise=reraise\n            ^^^^^^^^^^^^^^^^^^^^^^^^\n  File \"/root/spread_project/.tox/integration/lib/python3.12/site-packages/pluggy/_hooks.py\", line 513, in __call__\n    return self._hookexec(self.name, self._hookimpls.copy(), kwargs, firstresult)\n           ^^^^^^^^^^^^^^^^^^^^^^^^^^^^^^^^^^^^^^^^^^^^^^^^^^^^^^^^^^^^^^^^^^^^^^\n  File \"/root/spread_project/.tox/integration/lib/python3.12/site-packages/pluggy/_manager.py\", line 120, in _hookexec\n    return self._inner_hookexec(hook_name, methods, kwargs, firstresult)\n           ^^^^^^^^^^^^^^^^^^^^^^^^^^^^^^^^^^^^^^^^^^^^^^^^^^^^^^^^^^^^^\n  File \"/root/spread_project/.tox/integration/lib/python3.12/site-packages/pluggy/_callers.py\", line 182, in _multicall\n    return outcome.get_result()\n           ^^^^^^^^^^^^^^^^^^^^\n  File \"/root/spread_project/.tox/integration/lib/python3.12/site-packages/pluggy/_result.py\", line 100, in get_result\n    raise exc.with_traceback(exc.__traceback__)\n  File \"/root/spread_project/.tox/integration/lib/python3.12/site-packages/pluggy/_callers.py\", line 103, in _multicall\n    res = hook_impl.function(*args)\n          ^^^^^^^^^^^^^^^^^^^^^^^^^\n  File \"/root/spread_project/.tox/integration/lib/python3.12/site-packages/_pytest/runner.py\", line 177, in pytest_runtest_call\n    raise e\n  File \"/root/spread_project/.tox/integration/lib/python3.12/site-packages/_pytest/runner.py\", line 169, in pytest_runtest_call\n    item.runtest()\n  File \"/root/spread_project/.tox/integration/lib/python3.12/site-packages/_pytest/python.py\", line 1792, in runtest\n    self.ihook.pytest_pyfunc_call(pyfuncitem=self)\n  File \"/root/spread_project/.tox/integration/lib/python3.12/site-packages/pluggy/_hooks.py\", line 513, in __call__\n    return self._hookexec(self.name, self._hookimpls.copy(), kwargs, firstresult)\n           ^^^^^^^^^^^^^^^^^^^^^^^^^^^^^^^^^^^^^^^^^^^^^^^^^^^^^^^^^^^^^^^^^^^^^^\n  File \"/root/spread_project/.tox/integration/lib/python3.12/site-packages/pluggy/_manager.py\", line 120, in _hookexec\n    return self._inner_hookexec(hook_name, methods, kwargs, firstresult)\n           ^^^^^^^^^^^^^^^^^^^^^^^^^^^^^^^^^^^^^^^^^^^^^^^^^^^^^^^^^^^^^\n  File \"/root/spread_project/.tox/integration/lib/python3.12/site-packages/pluggy/_callers.py\", line 182, in _multicall\n    return outcome.get_result()\n           ^^^^^^^^^^^^^^^^^^^^\n  File \"/root/spread_project/.tox/integration/lib/python3.12/site-packages/pluggy/_result.py\", line 100, in get_result\n    raise exc.with_traceback(exc.__traceback__)\n  File \"/root/spread_project/.tox/integration/lib/python3.12/site-packages/pluggy/_callers.py\", line 103, in _multicall\n    res = hook_impl.function(*args)\n          ^^^^^^^^^^^^^^^^^^^^^^^^^\n  File \"/root/spread_project/.tox/integration/lib/python3.12/site-packages/_pytest/python.py\", line 194, in pytest_pyfunc_call\n    result = testfunction(**testargs)\n             ^^^^^^^^^^^^^^^^^^^^^^^^\n  File \"/root/spread_project/.tox/integration/lib/python3.12/site-packages/pytest_asyncio/plugin.py\", line 529, in inner\n    _loop.run_until_complete(task)\n  File \"/usr/lib/python3.12/asyncio/base_events.py\", line 687, in run_until_complete\n    return future.result()\n           ^^^^^^^^^^^^^^^\n  File \"/root/spread_project/tests/integration/test_charm.py\", line 56, in test_build_and_deploy\n    await ops_test.model.wait_for_idle(\n  File \"/root/spread_project/.tox/integration/lib/python3.12/site-packages/juju/model.py\", line 3209, in wait_for_idle\n    raise jasyncio.TimeoutError(\"Timed out waiting for model:\\n\" + busy)\nTimeoutError: Timed out waiting for model:\nmysql-k8s/0 [idle] waiting: waiting to get cluster primary from peers\n  mysql-k8s/1 [idle] waiting: waiting to get cluster primary from peers\n  mysql-k8s/2 [idle] maintenance: Initialising mysqld","steps":[],"attachments":[{"uid":"112fd7a53983db4b","name":"log","source":"112fd7a53983db4b.txt","type":"text/plain","size":7970}],"parameters":[],"shouldDisplayMessage":true,"stepsCount":0,"attachmentsCount":1,"hasContent":true,"attachmentStep":false},"afterStages":[{"name":"abort_on_fail::0","time":{"start":1741571019682,"stop":1741571019682,"duration":0},"status":"passed","steps":[],"attachments":[],"parameters":[],"shouldDisplayMessage":false,"stepsCount":0,"attachmentsCount":0,"hasContent":false,"attachmentStep":false},{"name":"ops_test::finalizer","time":{"start":1741571019711,"stop":1741571020067,"duration":356},"status":"passed","steps":[],"attachments":[],"parameters":[],"shouldDisplayMessage":false,"stepsCount":0,"attachmentsCount":0,"hasContent":false,"attachmentStep":false},{"name":"event_loop::2","time":{"start":1741571020067,"stop":1741571020067,"duration":0},"status":"passed","steps":[],"attachments":[],"parameters":[],"shouldDisplayMessage":false,"stepsCount":0,"attachmentsCount":0,"hasContent":false,"attachmentStep":false},{"name":"event_loop::_close_event_loop","time":{"start":1741571020067,"stop":1741571020067,"duration":0},"status":"passed","steps":[],"attachments":[],"parameters":[],"shouldDisplayMessage":false,"stepsCount":0,"attachmentsCount":0,"hasContent":false,"attachmentStep":false},{"name":"event_loop::_provide_clean_event_loop","time":{"start":1741571020068,"stop":1741571020068,"duration":0},"status":"passed","steps":[],"attachments":[],"parameters":[],"shouldDisplayMessage":false,"stepsCount":0,"attachmentsCount":0,"hasContent":false,"attachmentStep":false}],"labels":[{"name":"tag","value":"abort_on_fail"},{"name":"tag","value":"skip_if_deployed"},{"name":"tag","value":"asyncio"},{"name":"parentSuite","value":"tests.integration"},{"name":"suite","value":"test_charm"},{"name":"host","value":"fv-az1336-867"},{"name":"thread","value":"18400-MainThread"},{"name":"framework","value":"pytest"},{"name":"language","value":"cpython3"},{"name":"package","value":"tests.integration.test_charm"},{"name":"resultFormat","value":"allure2"}],"parameters":[],"links":[],"hidden":false,"retry":false,"extra":{"severity":"normal","retries":[{"uid":"ceb4024568f213a8","status":"unknown","time":{}}],"categories":[{"name":"Test defects","matchedStatuses":[]}],"history":{"statistic":{"failed":0,"broken":12,"skipped":6,"passed":355,"unknown":4,"total":377},"items":[{"uid":"249bf39f5fca08ef","reportUrl":"../2837//#testresult/249bf39f5fca08ef","status":"passed","time":{"start":1741483662207,"stop":1741483797013,"duration":134806}},{"uid":"9dc22c3e1cc78a76","reportUrl":"../2836//#testresult/9dc22c3e1cc78a76","status":"passed","time":{"start":1741397254074,"stop":1741397381003,"duration":126929}},{"uid":"f881709f75a48852","reportUrl":"../2834//#testresult/f881709f75a48852","status":"passed","time":{"start":1741310932890,"stop":1741311083775,"duration":150885}},{"uid":"4d7c24be5e833171","reportUrl":"../2832//#testresult/4d7c24be5e833171","status":"passed","time":{"start":1741224529056,"stop":1741224688157,"duration":159101}},{"uid":"9824618ab0b12767","reportUrl":"../2831//#testresult/9824618ab0b12767","status":"passed","time":{"start":1741138164608,"stop":1741138303310,"duration":138702}},{"uid":"5ef763aa8c00d624","reportUrl":"../2827//#testresult/5ef763aa8c00d624","status":"passed","time":{"start":1741051790578,"stop":1741051920019,"duration":129441}},{"uid":"dbe2eacf74835d48","reportUrl":"../2824//#testresult/dbe2eacf74835d48","status":"passed","time":{"start":1740965332536,"stop":1740965458369,"duration":125833}},{"uid":"335321c1b5a1dffb","reportUrl":"../2823//#testresult/335321c1b5a1dffb","status":"passed","time":{"start":1740879004755,"stop":1740879144738,"duration":139983}},{"uid":"f165bb83166ea699","reportUrl":"../2822//#testresult/f165bb83166ea699","status":"passed","time":{"start":1740792520581,"stop":1740792654772,"duration":134191}},{"uid":"122ca8c51a0a64af","reportUrl":"../2820//#testresult/122ca8c51a0a64af","status":"passed","time":{"start":1740706160743,"stop":1740706290489,"duration":129746}},{"uid":"7d4ebf3fb8bacf38","reportUrl":"../2816//#testresult/7d4ebf3fb8bacf38","status":"passed","time":{"start":1740619761968,"stop":1740619896637,"duration":134669}},{"uid":"faa3b17b6467a6c9","reportUrl":"../2814//#testresult/faa3b17b6467a6c9","status":"passed","time":{"start":1740533319816,"stop":1740533447654,"duration":127838}},{"uid":"fa49b1dbc522db5c","reportUrl":"../2809//#testresult/fa49b1dbc522db5c","status":"passed","time":{"start":1740446937886,"stop":1740447080489,"duration":142603}},{"uid":"31cf2110f0b542cb","reportUrl":"../2805//#testresult/31cf2110f0b542cb","status":"passed","time":{"start":1740360548033,"stop":1740360680403,"duration":132370}},{"uid":"82ce20de7c4828df","reportUrl":"../2804//#testresult/82ce20de7c4828df","status":"passed","time":{"start":1740274187938,"stop":1740274318853,"duration":130915}},{"uid":"d635fa11f033a7b5","reportUrl":"../2803//#testresult/d635fa11f033a7b5","status":"passed","time":{"start":1740187685260,"stop":1740187820035,"duration":134775}},{"uid":"25f1445db40dd92b","reportUrl":"../2799//#testresult/25f1445db40dd92b","status":"passed","time":{"start":1740101326006,"stop":1740101453952,"duration":127946}},{"uid":"b66618135c70e50f","reportUrl":"../2792//#testresult/b66618135c70e50f","status":"passed","time":{"start":1740015276890,"stop":1740015405111,"duration":128221}},{"uid":"b35e25cae7ff2065","reportUrl":"../2787//#testresult/b35e25cae7ff2065","status":"passed","time":{"start":1739928796215,"stop":1739928930045,"duration":133830}},{"uid":"9260ad1da29fcf50","reportUrl":"../2779//#testresult/9260ad1da29fcf50","status":"passed","time":{"start":1739842231505,"stop":1739842359736,"duration":128231}}]},"tags":["skip_if_deployed","asyncio","abort_on_fail"]},"source":"1fb8a4988a950825.json","parameterValues":[]}