{"uid":"3238971755820fcc","name":"test_data_replication","fullName":"tests.integration.high_availability.test_async_replication_upgrade#test_data_replication","historyId":"b1ce174744ee731802a00b24718d75d6","time":{"start":1761876826590,"stop":1761876893674,"duration":67084},"description":"Test to write to primary, and read the same data back from replicas.","descriptionHtml":"<p>Test to write to primary, and read the same data back from replicas.</p>\n","status":"broken","statusMessage":"TimeoutError: timed out waiting for action, stderr:\nRunning operation 17 with 1 task\n  - task 18 on unit-db1-0\n\nWaiting for task 18...\nERROR timed out waiting for results from: unit db1/0","statusTrace":"Traceback (most recent call last):\n  File \"/root/spread_project/.tox/integration/lib/python3.12/site-packages/_pytest/runner.py\", line 341, in from_call\n    result: Optional[TResult] = func()\n                                ^^^^^^\n  File \"/root/spread_project/.tox/integration/lib/python3.12/site-packages/_pytest/runner.py\", line 262, in <lambda>\n    lambda: ihook(item=item, **kwds), when=when, reraise=reraise\n            ^^^^^^^^^^^^^^^^^^^^^^^^\n  File \"/root/spread_project/.tox/integration/lib/python3.12/site-packages/pluggy/_hooks.py\", line 513, in __call__\n    return self._hookexec(self.name, self._hookimpls.copy(), kwargs, firstresult)\n           ^^^^^^^^^^^^^^^^^^^^^^^^^^^^^^^^^^^^^^^^^^^^^^^^^^^^^^^^^^^^^^^^^^^^^^\n  File \"/root/spread_project/.tox/integration/lib/python3.12/site-packages/pluggy/_manager.py\", line 120, in _hookexec\n    return self._inner_hookexec(hook_name, methods, kwargs, firstresult)\n           ^^^^^^^^^^^^^^^^^^^^^^^^^^^^^^^^^^^^^^^^^^^^^^^^^^^^^^^^^^^^^\n  File \"/root/spread_project/.tox/integration/lib/python3.12/site-packages/pluggy/_callers.py\", line 182, in _multicall\n    return outcome.get_result()\n           ^^^^^^^^^^^^^^^^^^^^\n  File \"/root/spread_project/.tox/integration/lib/python3.12/site-packages/pluggy/_result.py\", line 100, in get_result\n    raise exc.with_traceback(exc.__traceback__)\n  File \"/root/spread_project/.tox/integration/lib/python3.12/site-packages/pluggy/_callers.py\", line 103, in _multicall\n    res = hook_impl.function(*args)\n          ^^^^^^^^^^^^^^^^^^^^^^^^^\n  File \"/root/spread_project/.tox/integration/lib/python3.12/site-packages/_pytest/runner.py\", line 177, in pytest_runtest_call\n    raise e\n  File \"/root/spread_project/.tox/integration/lib/python3.12/site-packages/_pytest/runner.py\", line 169, in pytest_runtest_call\n    item.runtest()\n  File \"/root/spread_project/.tox/integration/lib/python3.12/site-packages/_pytest/python.py\", line 1792, in runtest\n    self.ihook.pytest_pyfunc_call(pyfuncitem=self)\n  File \"/root/spread_project/.tox/integration/lib/python3.12/site-packages/pluggy/_hooks.py\", line 513, in __call__\n    return self._hookexec(self.name, self._hookimpls.copy(), kwargs, firstresult)\n           ^^^^^^^^^^^^^^^^^^^^^^^^^^^^^^^^^^^^^^^^^^^^^^^^^^^^^^^^^^^^^^^^^^^^^^\n  File \"/root/spread_project/.tox/integration/lib/python3.12/site-packages/pluggy/_manager.py\", line 120, in _hookexec\n    return self._inner_hookexec(hook_name, methods, kwargs, firstresult)\n           ^^^^^^^^^^^^^^^^^^^^^^^^^^^^^^^^^^^^^^^^^^^^^^^^^^^^^^^^^^^^^\n  File \"/root/spread_project/.tox/integration/lib/python3.12/site-packages/pluggy/_callers.py\", line 182, in _multicall\n    return outcome.get_result()\n           ^^^^^^^^^^^^^^^^^^^^\n  File \"/root/spread_project/.tox/integration/lib/python3.12/site-packages/pluggy/_result.py\", line 100, in get_result\n    raise exc.with_traceback(exc.__traceback__)\n  File \"/root/spread_project/.tox/integration/lib/python3.12/site-packages/pluggy/_callers.py\", line 103, in _multicall\n    res = hook_impl.function(*args)\n          ^^^^^^^^^^^^^^^^^^^^^^^^^\n  File \"/root/spread_project/.tox/integration/lib/python3.12/site-packages/_pytest/python.py\", line 194, in pytest_pyfunc_call\n    result = testfunction(**testargs)\n             ^^^^^^^^^^^^^^^^^^^^^^^^\n  File \"/root/spread_project/tests/integration/high_availability/test_async_replication_upgrade.py\", line 221, in test_data_replication\n    results = get_mysql_max_written_values(first_model, second_model)\n              ^^^^^^^^^^^^^^^^^^^^^^^^^^^^^^^^^^^^^^^^^^^^^^^^^^^^^^^\n  File \"/root/spread_project/tests/integration/high_availability/test_async_replication_upgrade.py\", line 246, in get_mysql_max_written_values\n    unit_max_value = get_mysql_max_written_value(model_1, MYSQL_APP_1, unit_name)\n                     ^^^^^^^^^^^^^^^^^^^^^^^^^^^^^^^^^^^^^^^^^^^^^^^^^^^^^^^^^^^^\n  File \"/root/spread_project/tests/integration/high_availability/high_availability_helpers_new.py\", line 428, in get_mysql_max_written_value\n    credentials_task = juju.run(\n                       ^^^^^^^^^\n  File \"/root/spread_project/.tox/integration/lib/python3.12/site-packages/jubilant_backports/_juju.py\", line 1012, in run\n    raise TimeoutError(msg) from None\nTimeoutError: timed out waiting for action, stderr:\nRunning operation 17 with 1 task\n  - task 18 on unit-db1-0\n\nWaiting for task 18...\nERROR timed out waiting for results from: unit db1/0","flaky":false,"newFailed":false,"newBroken":true,"newPassed":false,"retriesCount":1,"retriesStatusChange":true,"beforeStages":[{"name":"juju","time":{"start":1761874924530,"stop":1761874924823,"duration":293},"status":"passed","steps":[],"attachments":[],"parameters":[],"shouldDisplayMessage":false,"stepsCount":0,"attachmentsCount":0,"hasContent":false,"attachmentStep":false},{"name":"second_model","time":{"start":1761874924823,"stop":1761874925082,"duration":259},"status":"passed","steps":[],"attachments":[],"parameters":[],"shouldDisplayMessage":false,"stepsCount":0,"attachmentsCount":0,"hasContent":false,"attachmentStep":false},{"name":"first_model","time":{"start":1761874924823,"stop":1761874924823,"duration":0},"status":"passed","steps":[],"attachments":[],"parameters":[],"shouldDisplayMessage":false,"stepsCount":0,"attachmentsCount":0,"hasContent":false,"attachmentStep":false},{"name":"continuous_writes","time":{"start":1761876824355,"stop":1761876826589,"duration":2234},"status":"passed","steps":[],"attachments":[],"parameters":[],"shouldDisplayMessage":false,"stepsCount":0,"attachmentsCount":0,"hasContent":false,"attachmentStep":false},{"name":"abort_on_fail","time":{"start":1761876824355,"stop":1761876824355,"duration":0},"status":"passed","steps":[],"attachments":[],"parameters":[],"shouldDisplayMessage":false,"stepsCount":0,"attachmentsCount":0,"hasContent":false,"attachmentStep":false}],"testStage":{"description":"Test to write to primary, and read the same data back from replicas.","status":"broken","statusMessage":"TimeoutError: timed out waiting for action, stderr:\nRunning operation 17 with 1 task\n  - task 18 on unit-db1-0\n\nWaiting for task 18...\nERROR timed out waiting for results from: unit db1/0","statusTrace":"Traceback (most recent call last):\n  File \"/root/spread_project/.tox/integration/lib/python3.12/site-packages/_pytest/runner.py\", line 341, in from_call\n    result: Optional[TResult] = func()\n                                ^^^^^^\n  File \"/root/spread_project/.tox/integration/lib/python3.12/site-packages/_pytest/runner.py\", line 262, in <lambda>\n    lambda: ihook(item=item, **kwds), when=when, reraise=reraise\n            ^^^^^^^^^^^^^^^^^^^^^^^^\n  File \"/root/spread_project/.tox/integration/lib/python3.12/site-packages/pluggy/_hooks.py\", line 513, in __call__\n    return self._hookexec(self.name, self._hookimpls.copy(), kwargs, firstresult)\n           ^^^^^^^^^^^^^^^^^^^^^^^^^^^^^^^^^^^^^^^^^^^^^^^^^^^^^^^^^^^^^^^^^^^^^^\n  File \"/root/spread_project/.tox/integration/lib/python3.12/site-packages/pluggy/_manager.py\", line 120, in _hookexec\n    return self._inner_hookexec(hook_name, methods, kwargs, firstresult)\n           ^^^^^^^^^^^^^^^^^^^^^^^^^^^^^^^^^^^^^^^^^^^^^^^^^^^^^^^^^^^^^\n  File \"/root/spread_project/.tox/integration/lib/python3.12/site-packages/pluggy/_callers.py\", line 182, in _multicall\n    return outcome.get_result()\n           ^^^^^^^^^^^^^^^^^^^^\n  File \"/root/spread_project/.tox/integration/lib/python3.12/site-packages/pluggy/_result.py\", line 100, in get_result\n    raise exc.with_traceback(exc.__traceback__)\n  File \"/root/spread_project/.tox/integration/lib/python3.12/site-packages/pluggy/_callers.py\", line 103, in _multicall\n    res = hook_impl.function(*args)\n          ^^^^^^^^^^^^^^^^^^^^^^^^^\n  File \"/root/spread_project/.tox/integration/lib/python3.12/site-packages/_pytest/runner.py\", line 177, in pytest_runtest_call\n    raise e\n  File \"/root/spread_project/.tox/integration/lib/python3.12/site-packages/_pytest/runner.py\", line 169, in pytest_runtest_call\n    item.runtest()\n  File \"/root/spread_project/.tox/integration/lib/python3.12/site-packages/_pytest/python.py\", line 1792, in runtest\n    self.ihook.pytest_pyfunc_call(pyfuncitem=self)\n  File \"/root/spread_project/.tox/integration/lib/python3.12/site-packages/pluggy/_hooks.py\", line 513, in __call__\n    return self._hookexec(self.name, self._hookimpls.copy(), kwargs, firstresult)\n           ^^^^^^^^^^^^^^^^^^^^^^^^^^^^^^^^^^^^^^^^^^^^^^^^^^^^^^^^^^^^^^^^^^^^^^\n  File \"/root/spread_project/.tox/integration/lib/python3.12/site-packages/pluggy/_manager.py\", line 120, in _hookexec\n    return self._inner_hookexec(hook_name, methods, kwargs, firstresult)\n           ^^^^^^^^^^^^^^^^^^^^^^^^^^^^^^^^^^^^^^^^^^^^^^^^^^^^^^^^^^^^^\n  File \"/root/spread_project/.tox/integration/lib/python3.12/site-packages/pluggy/_callers.py\", line 182, in _multicall\n    return outcome.get_result()\n           ^^^^^^^^^^^^^^^^^^^^\n  File \"/root/spread_project/.tox/integration/lib/python3.12/site-packages/pluggy/_result.py\", line 100, in get_result\n    raise exc.with_traceback(exc.__traceback__)\n  File \"/root/spread_project/.tox/integration/lib/python3.12/site-packages/pluggy/_callers.py\", line 103, in _multicall\n    res = hook_impl.function(*args)\n          ^^^^^^^^^^^^^^^^^^^^^^^^^\n  File \"/root/spread_project/.tox/integration/lib/python3.12/site-packages/_pytest/python.py\", line 194, in pytest_pyfunc_call\n    result = testfunction(**testargs)\n             ^^^^^^^^^^^^^^^^^^^^^^^^\n  File \"/root/spread_project/tests/integration/high_availability/test_async_replication_upgrade.py\", line 221, in test_data_replication\n    results = get_mysql_max_written_values(first_model, second_model)\n              ^^^^^^^^^^^^^^^^^^^^^^^^^^^^^^^^^^^^^^^^^^^^^^^^^^^^^^^\n  File \"/root/spread_project/tests/integration/high_availability/test_async_replication_upgrade.py\", line 246, in get_mysql_max_written_values\n    unit_max_value = get_mysql_max_written_value(model_1, MYSQL_APP_1, unit_name)\n                     ^^^^^^^^^^^^^^^^^^^^^^^^^^^^^^^^^^^^^^^^^^^^^^^^^^^^^^^^^^^^\n  File \"/root/spread_project/tests/integration/high_availability/high_availability_helpers_new.py\", line 428, in get_mysql_max_written_value\n    credentials_task = juju.run(\n                       ^^^^^^^^^\n  File \"/root/spread_project/.tox/integration/lib/python3.12/site-packages/jubilant_backports/_juju.py\", line 1012, in run\n    raise TimeoutError(msg) from None\nTimeoutError: timed out waiting for action, stderr:\nRunning operation 17 with 1 task\n  - task 18 on unit-db1-0\n\nWaiting for task 18...\nERROR timed out waiting for results from: unit db1/0","steps":[],"attachments":[{"uid":"eeda975c9ebfb6c4","name":"log","source":"eeda975c9ebfb6c4.txt","type":"text/plain","size":1979}],"parameters":[],"shouldDisplayMessage":true,"stepsCount":0,"attachmentsCount":1,"hasContent":true,"attachmentStep":false},"afterStages":[{"name":"continuous_writes::0","time":{"start":1761876893676,"stop":1761876894543,"duration":867},"status":"passed","steps":[],"attachments":[],"parameters":[],"shouldDisplayMessage":false,"stepsCount":0,"attachmentsCount":0,"hasContent":false,"attachmentStep":false},{"name":"second_model::0","time":{"start":1761876894544,"stop":1761876999868,"duration":105324},"status":"passed","steps":[],"attachments":[],"parameters":[],"shouldDisplayMessage":false,"stepsCount":0,"attachmentsCount":0,"hasContent":false,"attachmentStep":false},{"name":"abort_on_fail::0","time":{"start":1761876894544,"stop":1761876894544,"duration":0},"status":"passed","steps":[],"attachments":[],"parameters":[],"shouldDisplayMessage":false,"stepsCount":0,"attachmentsCount":0,"hasContent":false,"attachmentStep":false},{"name":"first_model::0","time":{"start":1761876999868,"stop":1761876999868,"duration":0},"status":"passed","steps":[],"attachments":[],"parameters":[],"shouldDisplayMessage":false,"stepsCount":0,"attachmentsCount":0,"hasContent":false,"attachmentStep":false},{"name":"juju::0","time":{"start":1761876999869,"stop":1761877000186,"duration":317},"status":"passed","steps":[],"attachments":[],"parameters":[],"shouldDisplayMessage":false,"stepsCount":0,"attachmentsCount":0,"hasContent":false,"attachmentStep":false}],"labels":[{"name":"tag","value":"abort_on_fail"},{"name":"tag","value":"@pytest.mark.skipif(False, reason='Requires juju 3+')"},{"name":"parentSuite","value":"tests.integration.high_availability"},{"name":"suite","value":"test_async_replication_upgrade"},{"name":"host","value":"runnervmf2e7y"},{"name":"thread","value":"18463-MainThread"},{"name":"framework","value":"pytest"},{"name":"language","value":"cpython3"},{"name":"package","value":"tests.integration.high_availability.test_async_replication_upgrade"},{"name":"resultFormat","value":"allure2"}],"parameters":[],"links":[],"hidden":false,"retry":false,"extra":{"severity":"normal","retries":[{"uid":"f6720ea3848a8776","status":"unknown","time":{}}],"categories":[{"name":"Test defects","matchedStatuses":[]}],"history":{"statistic":{"failed":3,"broken":3,"skipped":0,"passed":30,"unknown":0,"total":36},"items":[{"uid":"8b4fcc453d05c92e","reportUrl":"../3404//#testresult/8b4fcc453d05c92e","status":"passed","time":{"start":1761829607055,"stop":1761829630047,"duration":22992}},{"uid":"271c4310e3672716","reportUrl":"../3393//#testresult/271c4310e3672716","status":"passed","time":{"start":1761703557113,"stop":1761703576555,"duration":19442}},{"uid":"aecfb8761b157d68","reportUrl":"../3382//#testresult/aecfb8761b157d68","status":"passed","time":{"start":1761617313175,"stop":1761617373963,"duration":60788}},{"uid":"afd54b8e51457d87","reportUrl":"../3374//#testresult/afd54b8e51457d87","status":"passed","time":{"start":1761531889764,"stop":1761531987669,"duration":97905}},{"uid":"f47b94f966e8ce36","reportUrl":"../3373//#testresult/f47b94f966e8ce36","status":"passed","time":{"start":1761444808946,"stop":1761444895786,"duration":86840}},{"uid":"3a1d947c53aeec93","reportUrl":"../3372//#testresult/3a1d947c53aeec93","status":"passed","time":{"start":1761358087935,"stop":1761358182915,"duration":94980}},{"uid":"f40d6cdbd363d92b","reportUrl":"../3364//#testresult/f40d6cdbd363d92b","status":"passed","time":{"start":1761271833089,"stop":1761271937318,"duration":104229}},{"uid":"8c75d6f7c691f7ed","reportUrl":"../3358//#testresult/8c75d6f7c691f7ed","status":"passed","time":{"start":1761184867209,"stop":1761184970503,"duration":103294}},{"uid":"651a352608543f8a","reportUrl":"../3355//#testresult/651a352608543f8a","status":"passed","time":{"start":1761104930824,"stop":1761105006283,"duration":75459}},{"uid":"ffa4b147d049ec39","reportUrl":"../3351//#testresult/ffa4b147d049ec39","status":"passed","time":{"start":1761012704122,"stop":1761012786446,"duration":82324}},{"uid":"4e54847d7bc4dc52","reportUrl":"../3344//#testresult/4e54847d7bc4dc52","status":"passed","time":{"start":1760927011057,"stop":1760927089174,"duration":78117}},{"uid":"a8d8cb1fe5c4d9d4","reportUrl":"../3343//#testresult/a8d8cb1fe5c4d9d4","status":"passed","time":{"start":1760839202875,"stop":1760839274062,"duration":71187}},{"uid":"d95cec5b65aa29e3","reportUrl":"../3342//#testresult/d95cec5b65aa29e3","status":"passed","time":{"start":1760778229116,"stop":1760778351189,"duration":122073}},{"uid":"1023457282f9e5c9","reportUrl":"../3338//#testresult/1023457282f9e5c9","status":"passed","time":{"start":1760685532684,"stop":1760685634823,"duration":102139}},{"uid":"44024ca12dd202a","reportUrl":"../3336//#testresult/44024ca12dd202a","status":"passed","time":{"start":1760581019300,"stop":1760581126835,"duration":107535}},{"uid":"e51d029f489365f3","reportUrl":"../3334//#testresult/e51d029f489365f3","status":"passed","time":{"start":1760493976017,"stop":1760494078522,"duration":102505}},{"uid":"d8f9d9ae8ca747cc","reportUrl":"../3327//#testresult/d8f9d9ae8ca747cc","status":"passed","time":{"start":1760408289130,"stop":1760408368709,"duration":79579}},{"uid":"3d298f520fab1d99","reportUrl":"../3326//#testresult/3d298f520fab1d99","status":"passed","time":{"start":1760321901687,"stop":1760321995583,"duration":93896}},{"uid":"3c9bb8b4e4af6f12","reportUrl":"../3325//#testresult/3c9bb8b4e4af6f12","status":"passed","time":{"start":1760237750119,"stop":1760237840459,"duration":90340}},{"uid":"92d4816094024c5b","reportUrl":"../3324//#testresult/92d4816094024c5b","status":"failed","statusDetails":"AssertionError: Data is not consistent across units\nassert False\n +  where False = all(<generator object test_data_replication.<locals>.<genexpr> at 0x7fb821a120c0>)","time":{"start":1760147577937,"stop":1760147607439,"duration":29502}}]},"tags":["abort_on_fail","@pytest.mark.skipif(False, reason='Requires juju 3+')"]},"source":"3238971755820fcc.json","parameterValues":[]}